[1.911s] Invoking command in '/opt/workspace/src/ament/ament_lint/ament_copyright': AMENT_PREFIX_PATH=/opt/workspace/install/ament_pep257:/opt/workspace/install/ament_flake8:/opt/workspace/install/ament_lint:${AMENT_PREFIX_PATH} PATH=/opt/workspace/install/ament_pep257/bin:/opt/workspace/install/ament_flake8/bin:${PATH} PYTHONPATH=/opt/workspace/install/ament_copyright/lib/python3.6/site-packages:/opt/workspace/install/ament_pep257/lib/python3.6/site-packages:/opt/workspace/install/ament_flake8/lib/python3.6/site-packages:/opt/workspace/install/ament_lint/lib/python3.6/site-packages:${PYTHONPATH} /usr/bin/python3 setup.py egg_info --egg-base /opt/workspace/build/ament_copyright build --build-base /opt/workspace/build/ament_copyright/build install --prefix /opt/workspace/install/ament_copyright --record /opt/workspace/build/ament_copyright/install.log --single-version-externally-managed
[2.249s] running egg_info
[2.250s] writing /opt/workspace/build/ament_copyright/ament_copyright.egg-info/PKG-INFO
[2.250s] writing dependency_links to /opt/workspace/build/ament_copyright/ament_copyright.egg-info/dependency_links.txt
[2.251s] writing entry points to /opt/workspace/build/ament_copyright/ament_copyright.egg-info/entry_points.txt
[2.251s] writing requirements to /opt/workspace/build/ament_copyright/ament_copyright.egg-info/requires.txt
[2.251s] writing top-level names to /opt/workspace/build/ament_copyright/ament_copyright.egg-info/top_level.txt
[2.318s] reading manifest file '/opt/workspace/build/ament_copyright/ament_copyright.egg-info/SOURCES.txt'
[2.321s] writing manifest file '/opt/workspace/build/ament_copyright/ament_copyright.egg-info/SOURCES.txt'
[2.321s] running build
[2.321s] running build_py
[2.323s] running install
[2.324s] running install_lib
[2.326s] running install_data
[2.327s] running install_egg_info
[2.335s] removing '/opt/workspace/install/ament_copyright/lib/python3.6/site-packages/ament_copyright-0.8.1-py3.6.egg-info' (and everything under it)
[2.336s] Copying /opt/workspace/build/ament_copyright/ament_copyright.egg-info to /opt/workspace/install/ament_copyright/lib/python3.6/site-packages/ament_copyright-0.8.1-py3.6.egg-info
[2.336s] running install_scripts
[2.368s] Installing ament_copyright script to /opt/workspace/install/ament_copyright/bin
[2.369s] writing list of installed files to '/opt/workspace/build/ament_copyright/install.log'
[2.768s] Invoked command in '/opt/workspace/src/ament/ament_lint/ament_copyright' returned '0': AMENT_PREFIX_PATH=/opt/workspace/install/ament_pep257:/opt/workspace/install/ament_flake8:/opt/workspace/install/ament_lint:${AMENT_PREFIX_PATH} PATH=/opt/workspace/install/ament_pep257/bin:/opt/workspace/install/ament_flake8/bin:${PATH} PYTHONPATH=/opt/workspace/install/ament_copyright/lib/python3.6/site-packages:/opt/workspace/install/ament_pep257/lib/python3.6/site-packages:/opt/workspace/install/ament_flake8/lib/python3.6/site-packages:/opt/workspace/install/ament_lint/lib/python3.6/site-packages:${PYTHONPATH} /usr/bin/python3 setup.py egg_info --egg-base /opt/workspace/build/ament_copyright build --build-base /opt/workspace/build/ament_copyright/build install --prefix /opt/workspace/install/ament_copyright --record /opt/workspace/build/ament_copyright/install.log --single-version-externally-managed
