[1.078s] Invoking command in '/opt/workspace/src/ament/ament_lint/ament_pyflakes': AMENT_PREFIX_PATH=/opt/workspace/install/ament_pep8:${AMENT_PREFIX_PATH} PATH=/opt/workspace/install/ament_pep8/bin:${PATH} PYTHONPATH=/opt/workspace/install/ament_pyflakes/lib/python3.6/site-packages:/opt/workspace/install/ament_pep8/lib/python3.6/site-packages:${PYTHONPATH} /usr/bin/python3 setup.py egg_info --egg-base /opt/workspace/build/ament_pyflakes build --build-base /opt/workspace/build/ament_pyflakes/build install --prefix /opt/workspace/install/ament_pyflakes --record /opt/workspace/build/ament_pyflakes/install.log --single-version-externally-managed
[1.520s] running egg_info
[1.521s] creating /opt/workspace/build/ament_pyflakes/ament_pyflakes.egg-info
[1.521s] writing /opt/workspace/build/ament_pyflakes/ament_pyflakes.egg-info/PKG-INFO
[1.522s] writing dependency_links to /opt/workspace/build/ament_pyflakes/ament_pyflakes.egg-info/dependency_links.txt
[1.522s] writing entry points to /opt/workspace/build/ament_pyflakes/ament_pyflakes.egg-info/entry_points.txt
[1.523s] writing requirements to /opt/workspace/build/ament_pyflakes/ament_pyflakes.egg-info/requires.txt
[1.523s] writing top-level names to /opt/workspace/build/ament_pyflakes/ament_pyflakes.egg-info/top_level.txt
[1.523s] writing manifest file '/opt/workspace/build/ament_pyflakes/ament_pyflakes.egg-info/SOURCES.txt'
[1.606s] reading manifest file '/opt/workspace/build/ament_pyflakes/ament_pyflakes.egg-info/SOURCES.txt'
[1.608s] writing manifest file '/opt/workspace/build/ament_pyflakes/ament_pyflakes.egg-info/SOURCES.txt'
[1.609s] running build
[1.609s] running build_py
[1.609s] creating /opt/workspace/build/ament_pyflakes/build
[1.610s] creating /opt/workspace/build/ament_pyflakes/build/lib
[1.610s] creating /opt/workspace/build/ament_pyflakes/build/lib/ament_pyflakes
[1.610s] copying ament_pyflakes/__init__.py -> /opt/workspace/build/ament_pyflakes/build/lib/ament_pyflakes
[1.611s] copying ament_pyflakes/main.py -> /opt/workspace/build/ament_pyflakes/build/lib/ament_pyflakes
[1.611s] running install
[1.612s] running install_lib
[1.613s] creating /opt/workspace/install/ament_pyflakes/lib/python3.6/site-packages/ament_pyflakes
[1.613s] copying /opt/workspace/build/ament_pyflakes/build/lib/ament_pyflakes/__init__.py -> /opt/workspace/install/ament_pyflakes/lib/python3.6/site-packages/ament_pyflakes
[1.614s] copying /opt/workspace/build/ament_pyflakes/build/lib/ament_pyflakes/main.py -> /opt/workspace/install/ament_pyflakes/lib/python3.6/site-packages/ament_pyflakes
[1.615s] byte-compiling /opt/workspace/install/ament_pyflakes/lib/python3.6/site-packages/ament_pyflakes/__init__.py to __init__.cpython-36.pyc
[1.616s] byte-compiling /opt/workspace/install/ament_pyflakes/lib/python3.6/site-packages/ament_pyflakes/main.py to main.cpython-36.pyc
[1.619s] running install_data
[1.620s] copying package.xml -> /opt/workspace/install/ament_pyflakes/share/ament_pyflakes
[1.620s] creating /opt/workspace/install/ament_pyflakes/share/ament_index
[1.620s] creating /opt/workspace/install/ament_pyflakes/share/ament_index/resource_index
[1.621s] creating /opt/workspace/install/ament_pyflakes/share/ament_index/resource_index/packages
[1.621s] copying resource/ament_pyflakes -> /opt/workspace/install/ament_pyflakes/share/ament_index/resource_index/packages
[1.621s] running install_egg_info
[1.625s] Copying /opt/workspace/build/ament_pyflakes/ament_pyflakes.egg-info to /opt/workspace/install/ament_pyflakes/lib/python3.6/site-packages/ament_pyflakes-0.8.1-py3.6.egg-info
[1.627s] running install_scripts
[1.678s] Installing ament_pyflakes script to /opt/workspace/install/ament_pyflakes/bin
[1.679s] writing list of installed files to '/opt/workspace/build/ament_pyflakes/install.log'
[1.722s] Invoked command in '/opt/workspace/src/ament/ament_lint/ament_pyflakes' returned '0': AMENT_PREFIX_PATH=/opt/workspace/install/ament_pep8:${AMENT_PREFIX_PATH} PATH=/opt/workspace/install/ament_pep8/bin:${PATH} PYTHONPATH=/opt/workspace/install/ament_pyflakes/lib/python3.6/site-packages:/opt/workspace/install/ament_pep8/lib/python3.6/site-packages:${PYTHONPATH} /usr/bin/python3 setup.py egg_info --egg-base /opt/workspace/build/ament_pyflakes build --build-base /opt/workspace/build/ament_pyflakes/build install --prefix /opt/workspace/install/ament_pyflakes --record /opt/workspace/build/ament_pyflakes/install.log --single-version-externally-managed
