[0.293s] -- The C compiler identification is GNU 7.4.0
[0.392s] -- The CXX compiler identification is GNU 7.4.0
[0.399s] -- Check for working C compiler: /usr/bin/cc
[0.511s] -- Check for working C compiler: /usr/bin/cc -- works
[0.512s] -- Detecting C compiler ABI info
[0.617s] -- Detecting C compiler ABI info - done
[0.629s] -- Detecting C compile features
[0.977s] -- Detecting C compile features - done
[0.980s] -- Check for working CXX compiler: /usr/bin/c++
[1.113s] -- Check for working CXX compiler: /usr/bin/c++ -- works
[1.114s] -- Detecting CXX compiler ABI info
[1.262s] -- Detecting CXX compiler ABI info - done
[1.272s] -- Detecting CXX compile features
[1.821s] -- Detecting CXX compile features - done
[1.827s] -- Found ament_cmake: 0.8.2 (/opt/workspace/install/ament_cmake/share/ament_cmake/cmake)
[1.903s] -- Found PythonInterp: /usr/bin/python3 (found suitable version "3.6.9", minimum required is "3") 
[1.903s] -- Using PYTHON_EXECUTABLE: /usr/bin/python3
[2.320s] -- Found builtin_interfaces: 0.8.0 (/opt/workspace/install/builtin_interfaces/share/builtin_interfaces/cmake)
[2.368s] -- Found rosidl_adapter: 0.8.2 (/opt/workspace/install/rosidl_adapter/share/rosidl_adapter/cmake)
[2.405s] -- Found rosidl_default_generators: 0.8.0 (/opt/workspace/install/rosidl_default_generators/share/rosidl_default_generators/cmake)
[2.592s] -- Found OpenSSL: /usr/lib/x86_64-linux-gnu/libcrypto.so (found version "1.1.1") 
[2.638s] -- Found FastRTPS: /opt/workspace/install/fastrtps/include  
[2.765s] -- Found std_msgs: 0.8.1 (/opt/workspace/install/std_msgs/share/std_msgs/cmake)
[2.827s] -- Found PythonInterp: /usr/bin/python3 (found version "3.6.9") 
[3.213s] -- Using all available rosidl_typesupport_cpp: rosidl_typesupport_introspection_cpp;rosidl_typesupport_fastrtps_cpp
[3.250s] -- Found ament_cmake_cppcheck: 0.8.1 (/opt/workspace/install/ament_cmake_cppcheck/share/ament_cmake_cppcheck/cmake)
[3.258s] -- Found ament_cmake_cpplint: 0.8.1 (/opt/workspace/install/ament_cmake_cpplint/share/ament_cmake_cpplint/cmake)
[3.266s] -- Found ament_cmake_uncrustify: 0.8.1 (/opt/workspace/install/ament_cmake_uncrustify/share/ament_cmake_uncrustify/cmake)
[3.321s] -- Using all available rosidl_typesupport_c: rosidl_typesupport_fastrtps_c;rosidl_typesupport_introspection_c
[3.912s] -- Found rmw_implementation_cmake: 0.8.1 (/opt/workspace/install/rmw_implementation_cmake/share/rmw_implementation_cmake/cmake)
[3.963s] -- Found PythonInterp: /usr/bin/python3 (found suitable version "3.6.9", minimum required is "3.5") 
[3.968s] -- Found python_cmake_module: 0.8.0 (/opt/workspace/install/python_cmake_module/share/python_cmake_module/cmake)
[4.034s] -- Found PythonLibs: /usr/lib/x86_64-linux-gnu/libpython3.6m.so (found suitable version "3.6.9", minimum required is "3.5") 
[4.034s] -- Using PYTHON_EXECUTABLE: /usr/bin/python3
[4.034s] -- Using PYTHON_INCLUDE_DIRS: /usr/include/python3.6m
[4.034s] -- Using PYTHON_LIBRARIES: /usr/lib/x86_64-linux-gnu/libpython3.6m.so
[4.102s] -- Found PythonExtra: .so  
[4.622s] -- Found ament_cmake_flake8: 0.8.1 (/opt/workspace/install/ament_cmake_flake8/share/ament_cmake_flake8/cmake)
[4.630s] -- Found ament_cmake_pep257: 0.8.1 (/opt/workspace/install/ament_cmake_pep257/share/ament_cmake_pep257/cmake)
[4.644s] -- Configuring done
[4.835s] -- Generating done
[4.840s] -- Build files have been written to: /opt/workspace/build/actionlib_msgs
[4.934s] [35m[1mScanning dependencies of target actionlib_msgs__cpp[0m
[4.955s] [  2%] [34m[1mGenerating C++ code for ROS interfaces[0m
[6.047s] [  2%] Built target actionlib_msgs__cpp
[6.066s] [  4%] [34m[1mGenerating C code for ROS interfaces[0m
[7.273s] [35m[1mScanning dependencies of target actionlib_msgs__rosidl_generator_c[0m
[7.302s] [  6%] [32mBuilding C object CMakeFiles/actionlib_msgs__rosidl_generator_c.dir/rosidl_generator_c/actionlib_msgs/msg/goal_id__functions.c.o[0m
[7.375s] [  8%] [32mBuilding C object CMakeFiles/actionlib_msgs__rosidl_generator_c.dir/rosidl_generator_c/actionlib_msgs/msg/goal_status_array__functions.c.o[0m
[7.441s] [ 10%] [32mBuilding C object CMakeFiles/actionlib_msgs__rosidl_generator_c.dir/rosidl_generator_c/actionlib_msgs/msg/goal_status__functions.c.o[0m
[7.517s] [ 12%] [32m[1mLinking C shared library libactionlib_msgs__rosidl_generator_c.so[0m
[7.585s] [ 12%] Built target actionlib_msgs__rosidl_generator_c
[7.608s] [ 14%] [34m[1mGenerating C++ type support for eProsima Fast-RTPS[0m
[8.621s] [35m[1mScanning dependencies of target actionlib_msgs__rosidl_typesupport_fastrtps_cpp[0m
[8.661s] [ 17%] [32mBuilding CXX object CMakeFiles/actionlib_msgs__rosidl_typesupport_fastrtps_cpp.dir/rosidl_typesupport_fastrtps_cpp/actionlib_msgs/msg/dds_fastrtps/goal_id__type_support.cpp.o[0m
[9.176s] [ 19%] [32mBuilding CXX object CMakeFiles/actionlib_msgs__rosidl_typesupport_fastrtps_cpp.dir/rosidl_typesupport_fastrtps_cpp/actionlib_msgs/msg/dds_fastrtps/goal_status_array__type_support.cpp.o[0m
[9.721s] [ 21%] [32mBuilding CXX object CMakeFiles/actionlib_msgs__rosidl_typesupport_fastrtps_cpp.dir/rosidl_typesupport_fastrtps_cpp/actionlib_msgs/msg/dds_fastrtps/goal_status__type_support.cpp.o[0m
[10.237s] [ 23%] [32m[1mLinking CXX shared library libactionlib_msgs__rosidl_typesupport_fastrtps_cpp.so[0m
[10.399s] [ 23%] Built target actionlib_msgs__rosidl_typesupport_fastrtps_cpp
[10.423s] [ 25%] [34m[1mGenerating C introspection for ROS interfaces[0m
[11.444s] [35m[1mScanning dependencies of target actionlib_msgs__rosidl_typesupport_introspection_c[0m
[11.477s] [ 27%] [32mBuilding C object CMakeFiles/actionlib_msgs__rosidl_typesupport_introspection_c.dir/rosidl_typesupport_introspection_c/actionlib_msgs/msg/goal_id__type_support.c.o[0m
[11.478s] [ 29%] [32mBuilding C object CMakeFiles/actionlib_msgs__rosidl_typesupport_introspection_c.dir/rosidl_typesupport_introspection_c/actionlib_msgs/msg/goal_status__type_support.c.o[0m
[11.533s] [ 31%] [32mBuilding C object CMakeFiles/actionlib_msgs__rosidl_typesupport_introspection_c.dir/rosidl_typesupport_introspection_c/actionlib_msgs/msg/goal_status_array__type_support.c.o[0m
[11.596s] [ 34%] [32m[1mLinking C shared library libactionlib_msgs__rosidl_typesupport_introspection_c.so[0m
[11.658s] [ 34%] Built target actionlib_msgs__rosidl_typesupport_introspection_c
[11.681s] [ 36%] [34m[1mGenerating C type support for eProsima Fast-RTPS[0m
[11.682s] [ 38%] [34m[1mGenerating C type support dispatch for ROS interfaces[0m
[12.724s] [35m[1mScanning dependencies of target actionlib_msgs__rosidl_typesupport_c[0m
[12.758s] [ 40%] [32mBuilding CXX object CMakeFiles/actionlib_msgs__rosidl_typesupport_c.dir/rosidl_typesupport_c/actionlib_msgs/msg/goal_id__type_support.cpp.o[0m
[12.774s] [ 42%] [32mBuilding CXX object CMakeFiles/actionlib_msgs__rosidl_typesupport_c.dir/rosidl_typesupport_c/actionlib_msgs/msg/goal_status__type_support.cpp.o[0m
[12.845s] [ 44%] [32mBuilding CXX object CMakeFiles/actionlib_msgs__rosidl_typesupport_c.dir/rosidl_typesupport_c/actionlib_msgs/msg/goal_status_array__type_support.cpp.o[0m
[12.909s] [ 46%] [32m[1mLinking CXX shared library libactionlib_msgs__rosidl_typesupport_c.so[0m
[12.976s] [35m[1mScanning dependencies of target actionlib_msgs__rosidl_typesupport_fastrtps_c[0m
[13.036s] [ 48%] [32mBuilding CXX object CMakeFiles/actionlib_msgs__rosidl_typesupport_fastrtps_c.dir/rosidl_typesupport_fastrtps_c/actionlib_msgs/msg/goal_status__type_support_c.cpp.o[0m
[13.037s] [ 51%] [32mBuilding CXX object CMakeFiles/actionlib_msgs__rosidl_typesupport_fastrtps_c.dir/rosidl_typesupport_fastrtps_c/actionlib_msgs/msg/goal_id__type_support_c.cpp.o[0m
[13.055s] [ 51%] Built target actionlib_msgs__rosidl_typesupport_c
[13.088s] [ 53%] [34m[1mGenerating C++ introspection for ROS interfaces[0m
[13.720s] [ 55%] [32mBuilding CXX object CMakeFiles/actionlib_msgs__rosidl_typesupport_fastrtps_c.dir/rosidl_typesupport_fastrtps_c/actionlib_msgs/msg/goal_status_array__type_support_c.cpp.o[0m
[14.386s] [ 57%] [32m[1mLinking CXX shared library libactionlib_msgs__rosidl_typesupport_fastrtps_c.so[0m
[14.572s] [35m[1mScanning dependencies of target actionlib_msgs__rosidl_typesupport_introspection_cpp[0m
[14.632s] [ 59%] [32mBuilding CXX object CMakeFiles/actionlib_msgs__rosidl_typesupport_introspection_cpp.dir/rosidl_typesupport_introspection_cpp/actionlib_msgs/msg/goal_id__type_support.cpp.o[0m
[14.635s] [ 61%] [32mBuilding CXX object CMakeFiles/actionlib_msgs__rosidl_typesupport_introspection_cpp.dir/rosidl_typesupport_introspection_cpp/actionlib_msgs/msg/goal_status__type_support.cpp.o[0m
[14.667s] [ 61%] Built target actionlib_msgs__rosidl_typesupport_fastrtps_c
[14.719s] [ 63%] [34m[1mGenerating C++ type support dispatch for ROS interfaces[0m
[15.280s] [ 65%] [32mBuilding CXX object CMakeFiles/actionlib_msgs__rosidl_typesupport_introspection_cpp.dir/rosidl_typesupport_introspection_cpp/actionlib_msgs/msg/goal_status_array__type_support.cpp.o[0m
[15.957s] [35m[1mScanning dependencies of target actionlib_msgs__rosidl_typesupport_cpp[0m
[16.055s] [ 68%] [32mBuilding CXX object CMakeFiles/actionlib_msgs__rosidl_typesupport_cpp.dir/rosidl_typesupport_cpp/actionlib_msgs/msg/goal_id__type_support.cpp.o[0m
[16.197s] [ 70%] [32m[1mLinking CXX shared library libactionlib_msgs__rosidl_typesupport_introspection_cpp.so[0m
[16.591s] [ 70%] Built target actionlib_msgs__rosidl_typesupport_introspection_cpp
[16.776s] [ 72%] [32mBuilding CXX object CMakeFiles/actionlib_msgs__rosidl_typesupport_cpp.dir/rosidl_typesupport_cpp/actionlib_msgs/msg/goal_status_array__type_support.cpp.o[0m
[17.433s] [ 74%] [32mBuilding CXX object CMakeFiles/actionlib_msgs__rosidl_typesupport_cpp.dir/rosidl_typesupport_cpp/actionlib_msgs/msg/goal_status__type_support.cpp.o[0m
[17.968s] [ 76%] [32m[1mLinking CXX shared library libactionlib_msgs__rosidl_typesupport_cpp.so[0m
[18.076s] [ 76%] Built target actionlib_msgs__rosidl_typesupport_cpp
[18.101s] [35m[1mScanning dependencies of target actionlib_msgs[0m
[18.159s] [ 76%] Built target actionlib_msgs
[18.215s] [35m[1mScanning dependencies of target actionlib_msgs__py[0m
[18.247s] [ 78%] [34m[1mGenerating Python code for ROS interfaces[0m
[20.643s] [ 78%] Built target actionlib_msgs__py
[20.661s] [35m[1mScanning dependencies of target actionlib_msgs__python[0m
[20.705s] [ 80%] [32mBuilding C object CMakeFiles/actionlib_msgs__python.dir/rosidl_generator_py/actionlib_msgs/msg/_goal_id_s.c.o[0m
[20.879s] [ 82%] [32mBuilding C object CMakeFiles/actionlib_msgs__python.dir/rosidl_generator_py/actionlib_msgs/msg/_goal_status_array_s.c.o[0m
[21.016s] [ 85%] [32mBuilding C object CMakeFiles/actionlib_msgs__python.dir/rosidl_generator_py/actionlib_msgs/msg/_goal_status_s.c.o[0m
[21.172s] [ 87%] [32m[1mLinking C shared library rosidl_generator_py/actionlib_msgs/libactionlib_msgs__python.so[0m
[21.256s] [ 87%] Built target actionlib_msgs__python
[21.276s] [35m[1mScanning dependencies of target actionlib_msgs__rosidl_typesupport_introspection_c__pyext[0m
[21.317s] [ 89%] [32mBuilding C object CMakeFiles/actionlib_msgs__rosidl_typesupport_introspection_c__pyext.dir/rosidl_generator_py/actionlib_msgs/_actionlib_msgs_s.ep.rosidl_typesupport_introspection_c.c.o[0m
[21.452s] [ 91%] [32m[1mLinking C shared library rosidl_generator_py/actionlib_msgs/actionlib_msgs_s__rosidl_typesupport_introspection_c.cpython-36m-x86_64-linux-gnu.so[0m
[21.539s] [ 91%] Built target actionlib_msgs__rosidl_typesupport_introspection_c__pyext
[21.558s] [35m[1mScanning dependencies of target actionlib_msgs__rosidl_typesupport_c__pyext[0m
[21.599s] [ 93%] [32mBuilding C object CMakeFiles/actionlib_msgs__rosidl_typesupport_c__pyext.dir/rosidl_generator_py/actionlib_msgs/_actionlib_msgs_s.ep.rosidl_typesupport_c.c.o[0m
[21.757s] [ 95%] [32m[1mLinking C shared library rosidl_generator_py/actionlib_msgs/actionlib_msgs_s__rosidl_typesupport_c.cpython-36m-x86_64-linux-gnu.so[0m
[21.849s] [ 95%] Built target actionlib_msgs__rosidl_typesupport_c__pyext
[21.873s] [35m[1mScanning dependencies of target actionlib_msgs__rosidl_typesupport_fastrtps_c__pyext[0m
[21.926s] [ 97%] [32mBuilding C object CMakeFiles/actionlib_msgs__rosidl_typesupport_fastrtps_c__pyext.dir/rosidl_generator_py/actionlib_msgs/_actionlib_msgs_s.ep.rosidl_typesupport_fastrtps_c.c.o[0m
[22.085s] [100%] [32m[1mLinking CXX shared library rosidl_generator_py/actionlib_msgs/actionlib_msgs_s__rosidl_typesupport_fastrtps_c.cpython-36m-x86_64-linux-gnu.so[0m
[22.231s] [100%] Built target actionlib_msgs__rosidl_typesupport_fastrtps_c__pyext
[22.505s] [  2%] Built target actionlib_msgs__cpp
[22.550s] [ 12%] Built target actionlib_msgs__rosidl_generator_c
[22.596s] [ 23%] Built target actionlib_msgs__rosidl_typesupport_fastrtps_cpp
[22.641s] [ 34%] Built target actionlib_msgs__rosidl_typesupport_introspection_c
[22.692s] [ 44%] Built target actionlib_msgs__rosidl_typesupport_fastrtps_c
[22.737s] [ 55%] Built target actionlib_msgs__rosidl_typesupport_c
[22.781s] [ 65%] Built target actionlib_msgs__rosidl_typesupport_introspection_cpp
[22.827s] [ 76%] Built target actionlib_msgs__rosidl_typesupport_cpp
[22.870s] [ 76%] Built target actionlib_msgs
[22.913s] [ 78%] Built target actionlib_msgs__py
[22.964s] [ 87%] Built target actionlib_msgs__python
[23.008s] [ 91%] Built target actionlib_msgs__rosidl_typesupport_introspection_c__pyext
[23.062s] [ 95%] Built target actionlib_msgs__rosidl_typesupport_c__pyext
[23.117s] [100%] Built target actionlib_msgs__rosidl_typesupport_fastrtps_c__pyext
[23.158s] [36mInstall the project...[0m
[23.179s] -- Install configuration: ""
[23.180s] -- Installing: /opt/workspace/install/actionlib_msgs/share/ament_index/resource_index/rosidl_interfaces/actionlib_msgs
[23.180s] -- Installing: /opt/workspace/install/actionlib_msgs/lib/libactionlib_msgs__rosidl_typesupport_cpp.so
[23.181s] -- Set runtime path of "/opt/workspace/install/actionlib_msgs/lib/libactionlib_msgs__rosidl_typesupport_cpp.so" to ""
[23.181s] -- Installing: /opt/workspace/install/actionlib_msgs/share/actionlib_msgs/environment/library_path.sh
[23.181s] -- Installing: /opt/workspace/install/actionlib_msgs/share/actionlib_msgs/environment/library_path.dsv
[23.182s] -- Installing: /opt/workspace/install/actionlib_msgs/lib/libactionlib_msgs__rosidl_typesupport_c.so
[23.182s] -- Set runtime path of "/opt/workspace/install/actionlib_msgs/lib/libactionlib_msgs__rosidl_typesupport_c.so" to ""
[23.182s] -- Installing: /opt/workspace/install/actionlib_msgs/include/actionlib_msgs
[23.183s] -- Installing: /opt/workspace/install/actionlib_msgs/include/actionlib_msgs/msg
[23.183s] -- Installing: /opt/workspace/install/actionlib_msgs/include/actionlib_msgs/msg/goal_id__rosidl_typesupport_introspection_cpp.hpp
[23.183s] -- Installing: /opt/workspace/install/actionlib_msgs/include/actionlib_msgs/msg/goal_id__type_support.cpp
[23.183s] -- Installing: /opt/workspace/install/actionlib_msgs/include/actionlib_msgs/msg/goal_status_array__type_support.cpp
[23.184s] -- Installing: /opt/workspace/install/actionlib_msgs/include/actionlib_msgs/msg/goal_status__rosidl_typesupport_introspection_cpp.hpp
[23.184s] -- Installing: /opt/workspace/install/actionlib_msgs/include/actionlib_msgs/msg/goal_status__type_support.cpp
[23.184s] -- Installing: /opt/workspace/install/actionlib_msgs/include/actionlib_msgs/msg/goal_status_array__rosidl_typesupport_introspection_cpp.hpp
[23.184s] -- Installing: /opt/workspace/install/actionlib_msgs/lib/libactionlib_msgs__rosidl_typesupport_introspection_cpp.so
[23.184s] -- Set runtime path of "/opt/workspace/install/actionlib_msgs/lib/libactionlib_msgs__rosidl_typesupport_introspection_cpp.so" to ""
[23.186s] -- Up-to-date: /opt/workspace/install/actionlib_msgs/include/actionlib_msgs
[23.186s] -- Up-to-date: /opt/workspace/install/actionlib_msgs/include/actionlib_msgs/msg
[23.186s] -- Installing: /opt/workspace/install/actionlib_msgs/include/actionlib_msgs/msg/goal_status_array__struct.h
[23.186s] -- Installing: /opt/workspace/install/actionlib_msgs/include/actionlib_msgs/msg/goal_id__functions.c
[23.186s] -- Installing: /opt/workspace/install/actionlib_msgs/include/actionlib_msgs/msg/goal_status_array__functions.h
[23.187s] -- Installing: /opt/workspace/install/actionlib_msgs/include/actionlib_msgs/msg/goal_status__type_support.h
[23.187s] -- Installing: /opt/workspace/install/actionlib_msgs/include/actionlib_msgs/msg/goal_id__type_support.h
[23.187s] -- Installing: /opt/workspace/install/actionlib_msgs/include/actionlib_msgs/msg/goal_status_array.h
[23.187s] -- Installing: /opt/workspace/install/actionlib_msgs/include/actionlib_msgs/msg/goal_id__functions.h
[23.187s] -- Installing: /opt/workspace/install/actionlib_msgs/include/actionlib_msgs/msg/goal_status__functions.h
[23.188s] -- Installing: /opt/workspace/install/actionlib_msgs/include/actionlib_msgs/msg/goal_id.h
[23.188s] -- Installing: /opt/workspace/install/actionlib_msgs/include/actionlib_msgs/msg/goal_status_array__type_support.h
[23.188s] -- Installing: /opt/workspace/install/actionlib_msgs/include/actionlib_msgs/msg/goal_status__struct.h
[23.188s] -- Installing: /opt/workspace/install/actionlib_msgs/include/actionlib_msgs/msg/goal_id__struct.h
[23.188s] -- Installing: /opt/workspace/install/actionlib_msgs/include/actionlib_msgs/msg/goal_status.h
[23.189s] -- Installing: /opt/workspace/install/actionlib_msgs/include/actionlib_msgs/msg/goal_status__functions.c
[23.189s] -- Installing: /opt/workspace/install/actionlib_msgs/include/actionlib_msgs/msg/goal_status_array__functions.c
[23.189s] -- Installing: /opt/workspace/install/actionlib_msgs/include/actionlib_msgs/msg/rosidl_generator_c__visibility_control.h
[23.189s] -- Installing: /opt/workspace/install/actionlib_msgs/lib/libactionlib_msgs__rosidl_generator_c.so
[23.190s] -- Set runtime path of "/opt/workspace/install/actionlib_msgs/lib/libactionlib_msgs__rosidl_generator_c.so" to ""
[23.190s] -- Up-to-date: /opt/workspace/install/actionlib_msgs/include/actionlib_msgs
[23.190s] -- Up-to-date: /opt/workspace/install/actionlib_msgs/include/actionlib_msgs/msg
[23.190s] -- Installing: /opt/workspace/install/actionlib_msgs/include/actionlib_msgs/msg/goal_status.hpp
[23.191s] -- Installing: /opt/workspace/install/actionlib_msgs/include/actionlib_msgs/msg/goal_status__traits.hpp
[23.191s] -- Installing: /opt/workspace/install/actionlib_msgs/include/actionlib_msgs/msg/goal_status_array.hpp
[23.191s] -- Installing: /opt/workspace/install/actionlib_msgs/include/actionlib_msgs/msg/goal_id__struct.hpp
[23.191s] -- Installing: /opt/workspace/install/actionlib_msgs/include/actionlib_msgs/msg/goal_id.hpp
[23.192s] -- Installing: /opt/workspace/install/actionlib_msgs/include/actionlib_msgs/msg/goal_status_array__traits.hpp
[23.192s] -- Installing: /opt/workspace/install/actionlib_msgs/include/actionlib_msgs/msg/goal_status__struct.hpp
[23.192s] -- Installing: /opt/workspace/install/actionlib_msgs/include/actionlib_msgs/msg/goal_status_array__struct.hpp
[23.192s] -- Installing: /opt/workspace/install/actionlib_msgs/include/actionlib_msgs/msg/goal_id__traits.hpp
[23.192s] -- Up-to-date: /opt/workspace/install/actionlib_msgs/include/actionlib_msgs
[23.193s] -- Up-to-date: /opt/workspace/install/actionlib_msgs/include/actionlib_msgs/msg
[23.193s] -- Installing: /opt/workspace/install/actionlib_msgs/include/actionlib_msgs/msg/rosidl_typesupport_introspection_c__visibility_control.h
[23.193s] -- Installing: /opt/workspace/install/actionlib_msgs/include/actionlib_msgs/msg/goal_status_array__rosidl_typesupport_introspection_c.h
[23.193s] -- Installing: /opt/workspace/install/actionlib_msgs/include/actionlib_msgs/msg/goal_id__type_support.c
[23.193s] -- Installing: /opt/workspace/install/actionlib_msgs/include/actionlib_msgs/msg/goal_status__type_support.c
[23.194s] -- Installing: /opt/workspace/install/actionlib_msgs/include/actionlib_msgs/msg/goal_status__rosidl_typesupport_introspection_c.h
[23.194s] -- Installing: /opt/workspace/install/actionlib_msgs/include/actionlib_msgs/msg/goal_status_array__type_support.c
[23.194s] -- Installing: /opt/workspace/install/actionlib_msgs/include/actionlib_msgs/msg/goal_id__rosidl_typesupport_introspection_c.h
[23.194s] -- Installing: /opt/workspace/install/actionlib_msgs/lib/libactionlib_msgs__rosidl_typesupport_introspection_c.so
[23.194s] -- Set runtime path of "/opt/workspace/install/actionlib_msgs/lib/libactionlib_msgs__rosidl_typesupport_introspection_c.so" to ""
[23.195s] -- Up-to-date: /opt/workspace/install/actionlib_msgs/include/actionlib_msgs
[23.195s] -- Up-to-date: /opt/workspace/install/actionlib_msgs/include/actionlib_msgs/msg
[23.195s] -- Installing: /opt/workspace/install/actionlib_msgs/include/actionlib_msgs/msg/goal_status__rosidl_typesupport_fastrtps_c.h
[23.195s] -- Installing: /opt/workspace/install/actionlib_msgs/include/actionlib_msgs/msg/goal_status_array__rosidl_typesupport_fastrtps_c.h
[23.195s] -- Installing: /opt/workspace/install/actionlib_msgs/include/actionlib_msgs/msg/rosidl_typesupport_fastrtps_c__visibility_control.h
[23.196s] -- Installing: /opt/workspace/install/actionlib_msgs/include/actionlib_msgs/msg/goal_id__rosidl_typesupport_fastrtps_c.h
[23.196s] -- Installing: /opt/workspace/install/actionlib_msgs/lib/libactionlib_msgs__rosidl_typesupport_fastrtps_c.so
[23.196s] -- Set runtime path of "/opt/workspace/install/actionlib_msgs/lib/libactionlib_msgs__rosidl_typesupport_fastrtps_c.so" to ""
[23.197s] -- Up-to-date: /opt/workspace/install/actionlib_msgs/include/actionlib_msgs
[23.197s] -- Up-to-date: /opt/workspace/install/actionlib_msgs/include/actionlib_msgs/msg
[23.197s] -- Installing: /opt/workspace/install/actionlib_msgs/include/actionlib_msgs/msg/goal_status_array__rosidl_typesupport_fastrtps_cpp.hpp
[23.197s] -- Installing: /opt/workspace/install/actionlib_msgs/include/actionlib_msgs/msg/rosidl_typesupport_fastrtps_cpp__visibility_control.h
[23.197s] -- Installing: /opt/workspace/install/actionlib_msgs/include/actionlib_msgs/msg/goal_status__rosidl_typesupport_fastrtps_cpp.hpp
[23.198s] -- Installing: /opt/workspace/install/actionlib_msgs/include/actionlib_msgs/msg/goal_id__rosidl_typesupport_fastrtps_cpp.hpp
[23.198s] -- Installing: /opt/workspace/install/actionlib_msgs/include/actionlib_msgs/msg/dds_fastrtps
[23.198s] -- Installing: /opt/workspace/install/actionlib_msgs/lib/libactionlib_msgs__rosidl_typesupport_fastrtps_cpp.so
[23.198s] -- Set runtime path of "/opt/workspace/install/actionlib_msgs/lib/libactionlib_msgs__rosidl_typesupport_fastrtps_cpp.so" to ""
[23.198s] -- Installing: /opt/workspace/install/actionlib_msgs/share/actionlib_msgs/environment/pythonpath.sh
[23.198s] -- Installing: /opt/workspace/install/actionlib_msgs/share/actionlib_msgs/environment/pythonpath.dsv
[23.199s] -- Installing: /opt/workspace/install/actionlib_msgs/lib/python3.6/site-packages/actionlib_msgs/__init__.py
[23.275s] Compiling '/opt/workspace/install/actionlib_msgs/lib/python3.6/site-packages/actionlib_msgs/__init__.py'...
[23.281s] -- Installing: /opt/workspace/install/actionlib_msgs/lib/python3.6/site-packages/actionlib_msgs/msg
[23.282s] -- Installing: /opt/workspace/install/actionlib_msgs/lib/python3.6/site-packages/actionlib_msgs/msg/_goal_id.py
[23.282s] -- Installing: /opt/workspace/install/actionlib_msgs/lib/python3.6/site-packages/actionlib_msgs/msg/__init__.py
[23.282s] -- Installing: /opt/workspace/install/actionlib_msgs/lib/python3.6/site-packages/actionlib_msgs/msg/_goal_id_s.c
[23.282s] -- Installing: /opt/workspace/install/actionlib_msgs/lib/python3.6/site-packages/actionlib_msgs/msg/_goal_status_array.py
[23.283s] -- Installing: /opt/workspace/install/actionlib_msgs/lib/python3.6/site-packages/actionlib_msgs/msg/_goal_status.py
[23.283s] -- Installing: /opt/workspace/install/actionlib_msgs/lib/python3.6/site-packages/actionlib_msgs/msg/_goal_status_array_s.c
[23.283s] -- Installing: /opt/workspace/install/actionlib_msgs/lib/python3.6/site-packages/actionlib_msgs/msg/_goal_status_s.c
[23.283s] -- Installing: /opt/workspace/install/actionlib_msgs/lib/python3.6/site-packages/actionlib_msgs/actionlib_msgs_s__rosidl_typesupport_c.cpython-36m-x86_64-linux-gnu.so
[23.283s] -- Set runtime path of "/opt/workspace/install/actionlib_msgs/lib/python3.6/site-packages/actionlib_msgs/actionlib_msgs_s__rosidl_typesupport_c.cpython-36m-x86_64-linux-gnu.so" to ""
[23.284s] -- Installing: /opt/workspace/install/actionlib_msgs/lib/python3.6/site-packages/actionlib_msgs/actionlib_msgs_s__rosidl_typesupport_introspection_c.cpython-36m-x86_64-linux-gnu.so
[23.285s] -- Set runtime path of "/opt/workspace/install/actionlib_msgs/lib/python3.6/site-packages/actionlib_msgs/actionlib_msgs_s__rosidl_typesupport_introspection_c.cpython-36m-x86_64-linux-gnu.so" to ""
[23.285s] -- Installing: /opt/workspace/install/actionlib_msgs/lib/python3.6/site-packages/actionlib_msgs/actionlib_msgs_s__rosidl_typesupport_fastrtps_c.cpython-36m-x86_64-linux-gnu.so
[23.286s] -- Set runtime path of "/opt/workspace/install/actionlib_msgs/lib/python3.6/site-packages/actionlib_msgs/actionlib_msgs_s__rosidl_typesupport_fastrtps_c.cpython-36m-x86_64-linux-gnu.so" to ""
[23.286s] -- Installing: /opt/workspace/install/actionlib_msgs/lib/libactionlib_msgs__python.so
[23.287s] -- Set runtime path of "/opt/workspace/install/actionlib_msgs/lib/libactionlib_msgs__python.so" to ""
[23.287s] -- Installing: /opt/workspace/install/actionlib_msgs/share/actionlib_msgs/msg/GoalID.idl
[23.287s] -- Installing: /opt/workspace/install/actionlib_msgs/share/actionlib_msgs/msg/GoalStatus.idl
[23.288s] -- Installing: /opt/workspace/install/actionlib_msgs/share/actionlib_msgs/msg/GoalStatusArray.idl
[23.288s] -- Installing: /opt/workspace/install/actionlib_msgs/share/actionlib_msgs/msg/GoalID.msg
[23.288s] -- Installing: /opt/workspace/install/actionlib_msgs/share/actionlib_msgs/msg/GoalStatus.msg
[23.288s] -- Installing: /opt/workspace/install/actionlib_msgs/share/actionlib_msgs/msg/GoalStatusArray.msg
[23.288s] -- Installing: /opt/workspace/install/actionlib_msgs/share/ament_index/resource_index/package_run_dependencies/actionlib_msgs
[23.289s] -- Installing: /opt/workspace/install/actionlib_msgs/share/ament_index/resource_index/parent_prefix_path/actionlib_msgs
[23.289s] -- Installing: /opt/workspace/install/actionlib_msgs/share/actionlib_msgs/environment/ament_prefix_path.sh
[23.289s] -- Installing: /opt/workspace/install/actionlib_msgs/share/actionlib_msgs/environment/ament_prefix_path.dsv
[23.290s] -- Installing: /opt/workspace/install/actionlib_msgs/share/actionlib_msgs/environment/path.sh
[23.290s] -- Installing: /opt/workspace/install/actionlib_msgs/share/actionlib_msgs/environment/path.dsv
[23.290s] -- Installing: /opt/workspace/install/actionlib_msgs/share/actionlib_msgs/local_setup.bash
[23.290s] -- Installing: /opt/workspace/install/actionlib_msgs/share/actionlib_msgs/local_setup.sh
[23.290s] -- Installing: /opt/workspace/install/actionlib_msgs/share/actionlib_msgs/local_setup.zsh
[23.291s] -- Installing: /opt/workspace/install/actionlib_msgs/share/actionlib_msgs/local_setup.dsv
[23.291s] -- Installing: /opt/workspace/install/actionlib_msgs/share/actionlib_msgs/package.dsv
[23.291s] -- Installing: /opt/workspace/install/actionlib_msgs/share/ament_index/resource_index/packages/actionlib_msgs
[23.291s] -- Installing: /opt/workspace/install/actionlib_msgs/share/actionlib_msgs/cmake/rosidl_cmake-extras.cmake
[23.291s] -- Installing: /opt/workspace/install/actionlib_msgs/share/actionlib_msgs/cmake/ament_cmake_export_dependencies-extras.cmake
[23.292s] -- Installing: /opt/workspace/install/actionlib_msgs/share/actionlib_msgs/cmake/ament_cmake_export_libraries-extras.cmake
[23.292s] -- Installing: /opt/workspace/install/actionlib_msgs/share/actionlib_msgs/cmake/ament_cmake_export_include_directories-extras.cmake
[23.292s] -- Installing: /opt/workspace/install/actionlib_msgs/share/actionlib_msgs/cmake/actionlib_msgsConfig.cmake
[23.292s] -- Installing: /opt/workspace/install/actionlib_msgs/share/actionlib_msgs/cmake/actionlib_msgsConfig-version.cmake
[23.292s] -- Installing: /opt/workspace/install/actionlib_msgs/share/actionlib_msgs/package.xml
