/opt/workspace/install/ros2topic/lib/python3.6/site-packages/ros2topic/__init__.py
/opt/workspace/install/ros2topic/lib/python3.6/site-packages/ros2topic/api/__init__.py
/opt/workspace/install/ros2topic/lib/python3.6/site-packages/ros2topic/verb/__init__.py
/opt/workspace/install/ros2topic/lib/python3.6/site-packages/ros2topic/verb/bw.py
/opt/workspace/install/ros2topic/lib/python3.6/site-packages/ros2topic/verb/hz.py
/opt/workspace/install/ros2topic/lib/python3.6/site-packages/ros2topic/verb/echo.py
/opt/workspace/install/ros2topic/lib/python3.6/site-packages/ros2topic/verb/delay.py
/opt/workspace/install/ros2topic/lib/python3.6/site-packages/ros2topic/verb/list.py
/opt/workspace/install/ros2topic/lib/python3.6/site-packages/ros2topic/verb/pub.py
/opt/workspace/install/ros2topic/lib/python3.6/site-packages/ros2topic/verb/type.py
/opt/workspace/install/ros2topic/lib/python3.6/site-packages/ros2topic/verb/find.py
/opt/workspace/install/ros2topic/lib/python3.6/site-packages/ros2topic/verb/info.py
/opt/workspace/install/ros2topic/lib/python3.6/site-packages/ros2topic/command/__init__.py
/opt/workspace/install/ros2topic/lib/python3.6/site-packages/ros2topic/command/topic.py
/opt/workspace/install/ros2topic/lib/python3.6/site-packages/ros2topic/__pycache__/__init__.cpython-36.pyc
/opt/workspace/install/ros2topic/lib/python3.6/site-packages/ros2topic/api/__pycache__/__init__.cpython-36.pyc
/opt/workspace/install/ros2topic/lib/python3.6/site-packages/ros2topic/verb/__pycache__/__init__.cpython-36.pyc
/opt/workspace/install/ros2topic/lib/python3.6/site-packages/ros2topic/verb/__pycache__/bw.cpython-36.pyc
/opt/workspace/install/ros2topic/lib/python3.6/site-packages/ros2topic/verb/__pycache__/hz.cpython-36.pyc
/opt/workspace/install/ros2topic/lib/python3.6/site-packages/ros2topic/verb/__pycache__/echo.cpython-36.pyc
/opt/workspace/install/ros2topic/lib/python3.6/site-packages/ros2topic/verb/__pycache__/delay.cpython-36.pyc
/opt/workspace/install/ros2topic/lib/python3.6/site-packages/ros2topic/verb/__pycache__/list.cpython-36.pyc
/opt/workspace/install/ros2topic/lib/python3.6/site-packages/ros2topic/verb/__pycache__/pub.cpython-36.pyc
/opt/workspace/install/ros2topic/lib/python3.6/site-packages/ros2topic/verb/__pycache__/type.cpython-36.pyc
/opt/workspace/install/ros2topic/lib/python3.6/site-packages/ros2topic/verb/__pycache__/find.cpython-36.pyc
/opt/workspace/install/ros2topic/lib/python3.6/site-packages/ros2topic/verb/__pycache__/info.cpython-36.pyc
/opt/workspace/install/ros2topic/lib/python3.6/site-packages/ros2topic/command/__pycache__/__init__.cpython-36.pyc
/opt/workspace/install/ros2topic/lib/python3.6/site-packages/ros2topic/command/__pycache__/topic.cpython-36.pyc
/opt/workspace/install/ros2topic/share/ros2topic/package.xml
/opt/workspace/install/ros2topic/share/ament_index/resource_index/packages/ros2topic
/opt/workspace/install/ros2topic/lib/python3.6/site-packages/ros2topic-0.8.7-py3.6.egg-info/dependency_links.txt
/opt/workspace/install/ros2topic/lib/python3.6/site-packages/ros2topic-0.8.7-py3.6.egg-info/zip-safe
/opt/workspace/install/ros2topic/lib/python3.6/site-packages/ros2topic-0.8.7-py3.6.egg-info/top_level.txt
/opt/workspace/install/ros2topic/lib/python3.6/site-packages/ros2topic-0.8.7-py3.6.egg-info/entry_points.txt
/opt/workspace/install/ros2topic/lib/python3.6/site-packages/ros2topic-0.8.7-py3.6.egg-info/requires.txt
/opt/workspace/install/ros2topic/lib/python3.6/site-packages/ros2topic-0.8.7-py3.6.egg-info/PKG-INFO
/opt/workspace/install/ros2topic/lib/python3.6/site-packages/ros2topic-0.8.7-py3.6.egg-info/SOURCES.txt
