[0.187s] -- Found ament_cmake: 0.8.2 (/opt/workspace/install/ament_cmake/share/ament_cmake/cmake)
[0.240s] -- Found PythonInterp: /usr/bin/python3 (found suitable version "3.6.9", minimum required is "3") 
[0.240s] -- Using PYTHON_EXECUTABLE: /usr/bin/python3
[0.762s] -- Found ament_lint_auto: 0.8.1 (/opt/workspace/install/ament_lint_auto/share/ament_lint_auto/cmake)
[0.929s] -- Added test 'copyright' to check for copyright in CMake / C / C++ / Python code
[0.934s] -- Added test 'flake8' to check Python code syntax and style conventions
[0.936s] -- Added test 'lint_cmake' to check CMake code style
[0.938s] -- Added test 'pep257' to check Python code against some of the style conventions in PEP 257
[0.941s] -- Added test 'xmllint' to check XML markup files
[0.946s] -- Configuring done
[0.950s] -- Generating done
[0.952s] -- Build files have been written to: /opt/workspace/build/rosidl_cmake
[1.219s] [36mInstall the project...[0m
[1.233s] -- Install configuration: ""
[1.234s] -- Installing: /opt/workspace/install/rosidl_cmake/share/rosidl_cmake/environment/pythonpath.sh
[1.234s] -- Installing: /opt/workspace/install/rosidl_cmake/share/rosidl_cmake/environment/pythonpath.dsv
[1.235s] -- Installing: /opt/workspace/install/rosidl_cmake/lib/python3.6/site-packages/rosidl_cmake
[1.235s] -- Installing: /opt/workspace/install/rosidl_cmake/lib/python3.6/site-packages/rosidl_cmake/__init__.py
[1.336s] Listing '/opt/workspace/install/rosidl_cmake/lib/python3.6/site-packages/rosidl_cmake'...
[1.336s] Compiling '/opt/workspace/install/rosidl_cmake/lib/python3.6/site-packages/rosidl_cmake/__init__.py'...
[1.345s] -- Installing: /opt/workspace/install/rosidl_cmake/share/ament_index/resource_index/package_run_dependencies/rosidl_cmake
[1.346s] -- Installing: /opt/workspace/install/rosidl_cmake/share/ament_index/resource_index/parent_prefix_path/rosidl_cmake
[1.347s] -- Installing: /opt/workspace/install/rosidl_cmake/share/rosidl_cmake/environment/ament_prefix_path.sh
[1.347s] -- Installing: /opt/workspace/install/rosidl_cmake/share/rosidl_cmake/environment/ament_prefix_path.dsv
[1.347s] -- Installing: /opt/workspace/install/rosidl_cmake/share/rosidl_cmake/environment/path.sh
[1.347s] -- Installing: /opt/workspace/install/rosidl_cmake/share/rosidl_cmake/environment/path.dsv
[1.348s] -- Installing: /opt/workspace/install/rosidl_cmake/share/rosidl_cmake/local_setup.bash
[1.348s] -- Installing: /opt/workspace/install/rosidl_cmake/share/rosidl_cmake/local_setup.sh
[1.348s] -- Installing: /opt/workspace/install/rosidl_cmake/share/rosidl_cmake/local_setup.zsh
[1.349s] -- Installing: /opt/workspace/install/rosidl_cmake/share/rosidl_cmake/local_setup.dsv
[1.349s] -- Installing: /opt/workspace/install/rosidl_cmake/share/rosidl_cmake/package.dsv
[1.349s] -- Installing: /opt/workspace/install/rosidl_cmake/share/ament_index/resource_index/packages/rosidl_cmake
[1.350s] -- Installing: /opt/workspace/install/rosidl_cmake/share/rosidl_cmake/cmake/rosidl_cmake-extras.cmake
[1.350s] -- Installing: /opt/workspace/install/rosidl_cmake/share/rosidl_cmake/cmake/rosidl_cmakeConfig.cmake
[1.350s] -- Installing: /opt/workspace/install/rosidl_cmake/share/rosidl_cmake/cmake/rosidl_cmakeConfig-version.cmake
[1.350s] -- Installing: /opt/workspace/install/rosidl_cmake/share/rosidl_cmake/package.xml
[1.351s] -- Up-to-date: /opt/workspace/install/rosidl_cmake/share/rosidl_cmake/cmake
[1.351s] -- Installing: /opt/workspace/install/rosidl_cmake/share/rosidl_cmake/cmake/rosidl_target_interfaces.cmake
[1.351s] -- Installing: /opt/workspace/install/rosidl_cmake/share/rosidl_cmake/cmake/rosidl_cmake-extras.cmake.in
[1.351s] -- Installing: /opt/workspace/install/rosidl_cmake/share/rosidl_cmake/cmake/rosidl_cmake_export_typesupport_libraries-extras.cmake.in
[1.352s] -- Installing: /opt/workspace/install/rosidl_cmake/share/rosidl_cmake/cmake/rosidl_export_typesupport_libraries.cmake
[1.352s] -- Installing: /opt/workspace/install/rosidl_cmake/share/rosidl_cmake/cmake/string_camel_case_to_lower_case_underscore.cmake
[1.352s] -- Installing: /opt/workspace/install/rosidl_cmake/share/rosidl_cmake/cmake/rosidl_write_generator_arguments.cmake
[1.352s] -- Installing: /opt/workspace/install/rosidl_cmake/share/rosidl_cmake/cmake/rosidl_cmake_package_hook.cmake
[1.352s] -- Installing: /opt/workspace/install/rosidl_cmake/share/rosidl_cmake/cmake/rosidl_cmake_export_typesupport_libraries_package_hook.cmake
[1.353s] -- Installing: /opt/workspace/install/rosidl_cmake/share/rosidl_cmake/cmake/rosidl_generate_interfaces.cmake
