[0.790s] [36mInstall the project...[0m
[0.795s] -- Install configuration: ""
[0.795s] -- Up-to-date: /opt/workspace/install/rosidl_generator_dds_idl/share/rosidl_generator_dds_idl/environment/pythonpath.sh
[0.795s] -- Up-to-date: /opt/workspace/install/rosidl_generator_dds_idl/share/rosidl_generator_dds_idl/environment/pythonpath.dsv
[0.796s] -- Up-to-date: /opt/workspace/install/rosidl_generator_dds_idl/lib/python3.6/site-packages/rosidl_generator_dds_idl
[0.797s] -- Up-to-date: /opt/workspace/install/rosidl_generator_dds_idl/lib/python3.6/site-packages/rosidl_generator_dds_idl/__init__.py
[0.925s] Listing '/opt/workspace/install/rosidl_generator_dds_idl/lib/python3.6/site-packages/rosidl_generator_dds_idl'...
[0.932s] -- Up-to-date: /opt/workspace/install/rosidl_generator_dds_idl/share/ament_index/resource_index/package_run_dependencies/rosidl_generator_dds_idl
[0.933s] -- Up-to-date: /opt/workspace/install/rosidl_generator_dds_idl/share/ament_index/resource_index/parent_prefix_path/rosidl_generator_dds_idl
[0.933s] -- Up-to-date: /opt/workspace/install/rosidl_generator_dds_idl/share/rosidl_generator_dds_idl/environment/ament_prefix_path.sh
[0.934s] -- Up-to-date: /opt/workspace/install/rosidl_generator_dds_idl/share/rosidl_generator_dds_idl/environment/ament_prefix_path.dsv
[0.946s] -- Up-to-date: /opt/workspace/install/rosidl_generator_dds_idl/share/rosidl_generator_dds_idl/environment/path.sh
[0.946s] -- Up-to-date: /opt/workspace/install/rosidl_generator_dds_idl/share/rosidl_generator_dds_idl/environment/path.dsv
[0.946s] -- Up-to-date: /opt/workspace/install/rosidl_generator_dds_idl/share/rosidl_generator_dds_idl/local_setup.bash
[0.947s] -- Up-to-date: /opt/workspace/install/rosidl_generator_dds_idl/share/rosidl_generator_dds_idl/local_setup.sh
[0.947s] -- Up-to-date: /opt/workspace/install/rosidl_generator_dds_idl/share/rosidl_generator_dds_idl/local_setup.zsh
[0.947s] -- Up-to-date: /opt/workspace/install/rosidl_generator_dds_idl/share/rosidl_generator_dds_idl/local_setup.dsv
[0.947s] -- Up-to-date: /opt/workspace/install/rosidl_generator_dds_idl/share/rosidl_generator_dds_idl/package.dsv
[0.948s] -- Up-to-date: /opt/workspace/install/rosidl_generator_dds_idl/share/ament_index/resource_index/packages/rosidl_generator_dds_idl
[0.948s] -- Up-to-date: /opt/workspace/install/rosidl_generator_dds_idl/share/rosidl_generator_dds_idl/cmake/rosidl_generator_dds_idl-extras.cmake
[0.948s] -- Up-to-date: /opt/workspace/install/rosidl_generator_dds_idl/share/rosidl_generator_dds_idl/cmake/rosidl_generator_dds_idlConfig.cmake
[0.948s] -- Up-to-date: /opt/workspace/install/rosidl_generator_dds_idl/share/rosidl_generator_dds_idl/cmake/rosidl_generator_dds_idlConfig-version.cmake
[0.949s] -- Up-to-date: /opt/workspace/install/rosidl_generator_dds_idl/share/rosidl_generator_dds_idl/package.xml
[0.949s] -- Up-to-date: /opt/workspace/install/rosidl_generator_dds_idl/lib/rosidl_generator_dds_idl/rosidl_generator_dds_idl
[0.949s] -- Up-to-date: /opt/workspace/install/rosidl_generator_dds_idl/share/rosidl_generator_dds_idl/cmake
[0.950s] -- Up-to-date: /opt/workspace/install/rosidl_generator_dds_idl/share/rosidl_generator_dds_idl/cmake/rosidl_generate_dds_interfaces.cmake
[0.950s] -- Up-to-date: /opt/workspace/install/rosidl_generator_dds_idl/share/rosidl_generator_dds_idl/resource
[0.951s] -- Up-to-date: /opt/workspace/install/rosidl_generator_dds_idl/share/rosidl_generator_dds_idl/resource/msg.idl.em
[0.951s] -- Up-to-date: /opt/workspace/install/rosidl_generator_dds_idl/share/rosidl_generator_dds_idl/resource/srv.idl.em
[0.951s] -- Up-to-date: /opt/workspace/install/rosidl_generator_dds_idl/share/rosidl_generator_dds_idl/resource/idl.idl.em
[0.951s] -- Up-to-date: /opt/workspace/install/rosidl_generator_dds_idl/share/rosidl_generator_dds_idl/resource/action.idl.em
