Determining if the pthread_create exist failed with the following output:
Change Dir: /opt/workspace/build/tf2_eigen/CMakeFiles/CMakeTmp

Run Build Command:"/usr/bin/make" "cmTC_ed5df/fast"
/usr/bin/make -f CMakeFiles/cmTC_ed5df.dir/build.make CMakeFiles/cmTC_ed5df.dir/build
make[1]: Entering directory '/opt/workspace/build/tf2_eigen/CMakeFiles/CMakeTmp'
Building C object CMakeFiles/cmTC_ed5df.dir/CheckSymbolExists.c.o
/usr/bin/cc    -o CMakeFiles/cmTC_ed5df.dir/CheckSymbolExists.c.o   -c /opt/workspace/build/tf2_eigen/CMakeFiles/CMakeTmp/CheckSymbolExists.c
Linking C executable cmTC_ed5df
/usr/bin/cmake -E cmake_link_script CMakeFiles/cmTC_ed5df.dir/link.txt --verbose=1
/usr/bin/cc      CMakeFiles/cmTC_ed5df.dir/CheckSymbolExists.c.o  -o cmTC_ed5df 
CMakeFiles/cmTC_ed5df.dir/CheckSymbolExists.c.o: In function `main':
CheckSymbolExists.c:(.text+0x1b): undefined reference to `pthread_create'
collect2: error: ld returned 1 exit status
CMakeFiles/cmTC_ed5df.dir/build.make:97: recipe for target 'cmTC_ed5df' failed
make[1]: *** [cmTC_ed5df] Error 1
make[1]: Leaving directory '/opt/workspace/build/tf2_eigen/CMakeFiles/CMakeTmp'
Makefile:126: recipe for target 'cmTC_ed5df/fast' failed
make: *** [cmTC_ed5df/fast] Error 2

File /opt/workspace/build/tf2_eigen/CMakeFiles/CMakeTmp/CheckSymbolExists.c:
/* */
#include <pthread.h>

int main(int argc, char** argv)
{
  (void)argv;
#ifndef pthread_create
  return ((int*)(&pthread_create))[argc];
#else
  (void)argc;
  return 0;
#endif
}

Determining if the function pthread_create exists in the pthreads failed with the following output:
Change Dir: /opt/workspace/build/tf2_eigen/CMakeFiles/CMakeTmp

Run Build Command:"/usr/bin/make" "cmTC_357fd/fast"
/usr/bin/make -f CMakeFiles/cmTC_357fd.dir/build.make CMakeFiles/cmTC_357fd.dir/build
make[1]: Entering directory '/opt/workspace/build/tf2_eigen/CMakeFiles/CMakeTmp'
Building C object CMakeFiles/cmTC_357fd.dir/CheckFunctionExists.c.o
/usr/bin/cc   -DCHECK_FUNCTION_EXISTS=pthread_create   -o CMakeFiles/cmTC_357fd.dir/CheckFunctionExists.c.o   -c /usr/share/cmake-3.10/Modules/CheckFunctionExists.c
Linking C executable cmTC_357fd
/usr/bin/cmake -E cmake_link_script CMakeFiles/cmTC_357fd.dir/link.txt --verbose=1
/usr/bin/cc  -DCHECK_FUNCTION_EXISTS=pthread_create    CMakeFiles/cmTC_357fd.dir/CheckFunctionExists.c.o  -o cmTC_357fd -lpthreads 
/usr/bin/ld: cannot find -lpthreads
collect2: error: ld returned 1 exit status
CMakeFiles/cmTC_357fd.dir/build.make:97: recipe for target 'cmTC_357fd' failed
make[1]: *** [cmTC_357fd] Error 1
make[1]: Leaving directory '/opt/workspace/build/tf2_eigen/CMakeFiles/CMakeTmp'
Makefile:126: recipe for target 'cmTC_357fd/fast' failed
make: *** [cmTC_357fd/fast] Error 2


