[2.746s] -- The C compiler identification is GNU 7.4.0
[2.892s] -- The CXX compiler identification is GNU 7.4.0
[2.912s] -- Check for working C compiler: /usr/bin/cc
[3.190s] -- Check for working C compiler: /usr/bin/cc -- works
[3.192s] -- Detecting C compiler ABI info
[3.460s] -- Detecting C compiler ABI info - done
[3.473s] -- Detecting C compile features
[4.425s] -- Detecting C compile features - done
[4.430s] -- Check for working CXX compiler: /usr/bin/c++
[4.822s] -- Check for working CXX compiler: /usr/bin/c++ -- works
[4.823s] -- Detecting CXX compiler ABI info
[5.108s] -- Detecting CXX compiler ABI info - done
[5.122s] -- Detecting CXX compile features
[6.627s] -- Detecting CXX compile features - done
[6.645s] -- Found ament_cmake: 0.8.2 (/opt/workspace/install/ament_cmake/share/ament_cmake/cmake)
[6.847s] -- Found PythonInterp: /usr/bin/python3 (found suitable version "3.6.9", minimum required is "3") 
[6.848s] -- Using PYTHON_EXECUTABLE: /usr/bin/python3
[7.570s] -- Found rclcpp: 0.8.4 (/opt/workspace/install/rclcpp/share/rclcpp/cmake)
[7.672s] -- Found rosidl_adapter: 0.8.2 (/opt/workspace/install/rosidl_adapter/share/rosidl_adapter/cmake)
[7.770s] -- Found rmw_implementation_cmake: 0.8.1 (/opt/workspace/install/rmw_implementation_cmake/share/rmw_implementation_cmake/cmake)
[7.787s] -- Using RMW implementation 'rmw_fastrtps_cpp' as default
[7.789s] -- Looking for pthread.h
[8.232s] -- Looking for pthread.h - found
[8.233s] -- Looking for pthread_create
[8.609s] -- Looking for pthread_create - not found
[8.610s] -- Looking for pthread_create in pthreads
[8.995s] -- Looking for pthread_create in pthreads - not found
[8.995s] -- Looking for pthread_create in pthread
[9.357s] -- Looking for pthread_create in pthread - found
[9.360s] -- Found Threads: TRUE  
[9.482s] -- Found sensor_msgs: 0.8.1 (/opt/workspace/install/sensor_msgs/share/sensor_msgs/cmake)
[9.822s] -- Found ament_lint_auto: 0.8.1 (/opt/workspace/install/ament_lint_auto/share/ament_lint_auto/cmake)
[10.223s] -- Added test 'copyright' to check for copyright in CMake / C / C++ / Python code
[10.227s] -- Added test 'cppcheck' to perform static code analysis on C / C++ code
[10.230s] -- Configured cppcheck include dirs: 
[10.233s] -- Added test 'cpplint' to check C / C++ code against the Google style
[10.236s] -- Added test 'lint_cmake' to check CMake code style
[10.240s] -- Added test 'uncrustify' to check C / C++ code style
[10.243s] -- Added test 'xmllint' to check XML markup files
[10.251s] -- Configuring done
[10.327s] -- Generating done
[10.331s] -- Build files have been written to: /opt/workspace/build/dummy_sensors
[10.580s] [35m[1mScanning dependencies of target dummy_laser[0m
[10.683s] [ 25%] [32mBuilding CXX object CMakeFiles/dummy_laser.dir/src/dummy_laser.cpp.o[0m
[15.974s] [ 50%] [32m[1mLinking CXX executable dummy_laser[0m
[16.757s] [ 50%] Built target dummy_laser
[16.811s] [35m[1mScanning dependencies of target dummy_joint_states[0m
[16.902s] [ 75%] [32mBuilding CXX object CMakeFiles/dummy_joint_states.dir/src/dummy_joint_states.cpp.o[0m
[22.324s] [100%] [32m[1mLinking CXX executable dummy_joint_states[0m
[23.030s] [100%] Built target dummy_joint_states
[23.765s] [ 50%] Built target dummy_laser
[23.910s] [100%] Built target dummy_joint_states
[24.034s] [36mInstall the project...[0m
[24.092s] -- Install configuration: ""
[24.093s] -- Installing: /opt/workspace/install/dummy_sensors/lib/dummy_sensors/dummy_joint_states
[24.095s] -- Set runtime path of "/opt/workspace/install/dummy_sensors/lib/dummy_sensors/dummy_joint_states" to ""
[24.095s] -- Installing: /opt/workspace/install/dummy_sensors/lib/dummy_sensors/dummy_laser
[24.097s] -- Set runtime path of "/opt/workspace/install/dummy_sensors/lib/dummy_sensors/dummy_laser" to ""
[24.098s] -- Installing: /opt/workspace/install/dummy_sensors/share/ament_index/resource_index/package_run_dependencies/dummy_sensors
[24.098s] -- Installing: /opt/workspace/install/dummy_sensors/share/ament_index/resource_index/parent_prefix_path/dummy_sensors
[24.098s] -- Installing: /opt/workspace/install/dummy_sensors/share/dummy_sensors/environment/ament_prefix_path.sh
[24.099s] -- Installing: /opt/workspace/install/dummy_sensors/share/dummy_sensors/environment/ament_prefix_path.dsv
[24.099s] -- Installing: /opt/workspace/install/dummy_sensors/share/dummy_sensors/environment/path.sh
[24.099s] -- Installing: /opt/workspace/install/dummy_sensors/share/dummy_sensors/environment/path.dsv
[24.099s] -- Installing: /opt/workspace/install/dummy_sensors/share/dummy_sensors/local_setup.bash
[24.100s] -- Installing: /opt/workspace/install/dummy_sensors/share/dummy_sensors/local_setup.sh
[24.100s] -- Installing: /opt/workspace/install/dummy_sensors/share/dummy_sensors/local_setup.zsh
[24.100s] -- Installing: /opt/workspace/install/dummy_sensors/share/dummy_sensors/local_setup.dsv
[24.101s] -- Installing: /opt/workspace/install/dummy_sensors/share/dummy_sensors/package.dsv
[24.101s] -- Installing: /opt/workspace/install/dummy_sensors/share/ament_index/resource_index/packages/dummy_sensors
[24.101s] -- Installing: /opt/workspace/install/dummy_sensors/share/dummy_sensors/cmake/dummy_sensorsConfig.cmake
[24.101s] -- Installing: /opt/workspace/install/dummy_sensors/share/dummy_sensors/cmake/dummy_sensorsConfig-version.cmake
[24.102s] -- Installing: /opt/workspace/install/dummy_sensors/share/dummy_sensors/package.xml
