[1.783s] running egg_info
[1.783s] creating /opt/workspace/build/ament_lint_cmake/ament_lint_cmake.egg-info
[1.783s] writing /opt/workspace/build/ament_lint_cmake/ament_lint_cmake.egg-info/PKG-INFO
[1.784s] writing dependency_links to /opt/workspace/build/ament_lint_cmake/ament_lint_cmake.egg-info/dependency_links.txt
[1.789s] writing entry points to /opt/workspace/build/ament_lint_cmake/ament_lint_cmake.egg-info/entry_points.txt
[1.789s] writing requirements to /opt/workspace/build/ament_lint_cmake/ament_lint_cmake.egg-info/requires.txt
[1.789s] writing top-level names to /opt/workspace/build/ament_lint_cmake/ament_lint_cmake.egg-info/top_level.txt
[1.790s] writing manifest file '/opt/workspace/build/ament_lint_cmake/ament_lint_cmake.egg-info/SOURCES.txt'
[1.790s] reading manifest file '/opt/workspace/build/ament_lint_cmake/ament_lint_cmake.egg-info/SOURCES.txt'
[1.790s] writing manifest file '/opt/workspace/build/ament_lint_cmake/ament_lint_cmake.egg-info/SOURCES.txt'
[1.790s] running build
[1.790s] running build_py
[1.790s] creating /opt/workspace/build/ament_lint_cmake/build
[1.791s] creating /opt/workspace/build/ament_lint_cmake/build/lib
[1.791s] creating /opt/workspace/build/ament_lint_cmake/build/lib/ament_lint_cmake
[1.791s] copying ament_lint_cmake/__init__.py -> /opt/workspace/build/ament_lint_cmake/build/lib/ament_lint_cmake
[1.791s] copying ament_lint_cmake/cmakelint.py -> /opt/workspace/build/ament_lint_cmake/build/lib/ament_lint_cmake
[1.791s] copying ament_lint_cmake/main.py -> /opt/workspace/build/ament_lint_cmake/build/lib/ament_lint_cmake
[1.791s] running install
[1.791s] running install_lib
[1.791s] creating /opt/workspace/install/ament_lint_cmake/lib/python3.6/site-packages/ament_lint_cmake
[1.792s] copying /opt/workspace/build/ament_lint_cmake/build/lib/ament_lint_cmake/__init__.py -> /opt/workspace/install/ament_lint_cmake/lib/python3.6/site-packages/ament_lint_cmake
[1.792s] copying /opt/workspace/build/ament_lint_cmake/build/lib/ament_lint_cmake/cmakelint.py -> /opt/workspace/install/ament_lint_cmake/lib/python3.6/site-packages/ament_lint_cmake
[1.792s] copying /opt/workspace/build/ament_lint_cmake/build/lib/ament_lint_cmake/main.py -> /opt/workspace/install/ament_lint_cmake/lib/python3.6/site-packages/ament_lint_cmake
[1.792s] byte-compiling /opt/workspace/install/ament_lint_cmake/lib/python3.6/site-packages/ament_lint_cmake/__init__.py to __init__.cpython-36.pyc
[1.792s] byte-compiling /opt/workspace/install/ament_lint_cmake/lib/python3.6/site-packages/ament_lint_cmake/cmakelint.py to cmakelint.cpython-36.pyc
[1.792s] byte-compiling /opt/workspace/install/ament_lint_cmake/lib/python3.6/site-packages/ament_lint_cmake/main.py to main.cpython-36.pyc
[1.792s] running install_data
[1.793s] copying package.xml -> /opt/workspace/install/ament_lint_cmake/share/ament_lint_cmake
[1.793s] creating /opt/workspace/install/ament_lint_cmake/share/ament_index
[1.793s] creating /opt/workspace/install/ament_lint_cmake/share/ament_index/resource_index
[1.793s] creating /opt/workspace/install/ament_lint_cmake/share/ament_index/resource_index/packages
[1.793s] copying resource/ament_lint_cmake -> /opt/workspace/install/ament_lint_cmake/share/ament_index/resource_index/packages
[1.793s] running install_egg_info
[1.793s] Copying /opt/workspace/build/ament_lint_cmake/ament_lint_cmake.egg-info to /opt/workspace/install/ament_lint_cmake/lib/python3.6/site-packages/ament_lint_cmake-0.8.1-py3.6.egg-info
[1.794s] running install_scripts
[1.794s] Installing ament_lint_cmake script to /opt/workspace/install/ament_lint_cmake/bin
[1.794s] writing list of installed files to '/opt/workspace/build/ament_lint_cmake/install.log'
