Determining if the pthread_create exist failed with the following output:
Change Dir: /opt/workspace/build/turtlesim/CMakeFiles/CMakeTmp

Run Build Command:"/usr/bin/make" "cmTC_a746a/fast"
/usr/bin/make -f CMakeFiles/cmTC_a746a.dir/build.make CMakeFiles/cmTC_a746a.dir/build
make[1]: Entering directory '/opt/workspace/build/turtlesim/CMakeFiles/CMakeTmp'
Building C object CMakeFiles/cmTC_a746a.dir/CheckSymbolExists.c.o
/usr/bin/cc    -o CMakeFiles/cmTC_a746a.dir/CheckSymbolExists.c.o   -c /opt/workspace/build/turtlesim/CMakeFiles/CMakeTmp/CheckSymbolExists.c
Linking C executable cmTC_a746a
/usr/bin/cmake -E cmake_link_script CMakeFiles/cmTC_a746a.dir/link.txt --verbose=1
/usr/bin/cc      CMakeFiles/cmTC_a746a.dir/CheckSymbolExists.c.o  -o cmTC_a746a 
CMakeFiles/cmTC_a746a.dir/CheckSymbolExists.c.o: In function `main':
CheckSymbolExists.c:(.text+0x1b): undefined reference to `pthread_create'
collect2: error: ld returned 1 exit status
CMakeFiles/cmTC_a746a.dir/build.make:97: recipe for target 'cmTC_a746a' failed
make[1]: *** [cmTC_a746a] Error 1
make[1]: Leaving directory '/opt/workspace/build/turtlesim/CMakeFiles/CMakeTmp'
Makefile:126: recipe for target 'cmTC_a746a/fast' failed
make: *** [cmTC_a746a/fast] Error 2

File /opt/workspace/build/turtlesim/CMakeFiles/CMakeTmp/CheckSymbolExists.c:
/* */
#include <pthread.h>

int main(int argc, char** argv)
{
  (void)argv;
#ifndef pthread_create
  return ((int*)(&pthread_create))[argc];
#else
  (void)argc;
  return 0;
#endif
}

Determining if the function pthread_create exists in the pthreads failed with the following output:
Change Dir: /opt/workspace/build/turtlesim/CMakeFiles/CMakeTmp

Run Build Command:"/usr/bin/make" "cmTC_672f2/fast"
/usr/bin/make -f CMakeFiles/cmTC_672f2.dir/build.make CMakeFiles/cmTC_672f2.dir/build
make[1]: Entering directory '/opt/workspace/build/turtlesim/CMakeFiles/CMakeTmp'
Building C object CMakeFiles/cmTC_672f2.dir/CheckFunctionExists.c.o
/usr/bin/cc   -DCHECK_FUNCTION_EXISTS=pthread_create   -o CMakeFiles/cmTC_672f2.dir/CheckFunctionExists.c.o   -c /usr/share/cmake-3.10/Modules/CheckFunctionExists.c
Linking C executable cmTC_672f2
/usr/bin/cmake -E cmake_link_script CMakeFiles/cmTC_672f2.dir/link.txt --verbose=1
/usr/bin/cc  -DCHECK_FUNCTION_EXISTS=pthread_create    CMakeFiles/cmTC_672f2.dir/CheckFunctionExists.c.o  -o cmTC_672f2 -lpthreads 
/usr/bin/ld: cannot find -lpthreads
collect2: error: ld returned 1 exit status
CMakeFiles/cmTC_672f2.dir/build.make:97: recipe for target 'cmTC_672f2' failed
make[1]: *** [cmTC_672f2] Error 1
make[1]: Leaving directory '/opt/workspace/build/turtlesim/CMakeFiles/CMakeTmp'
Makefile:126: recipe for target 'cmTC_672f2/fast' failed
make: *** [cmTC_672f2/fast] Error 2


