[2.370s] -- The C compiler identification is GNU 7.4.0
[2.635s] -- The CXX compiler identification is GNU 7.4.0
[2.648s] -- Check for working C compiler: /usr/bin/cc
[3.044s] -- Check for working C compiler: /usr/bin/cc -- works
[3.046s] -- Detecting C compiler ABI info
[3.453s] -- Detecting C compiler ABI info - done
[3.466s] -- Detecting C compile features
[4.477s] -- Detecting C compile features - done
[4.481s] -- Check for working CXX compiler: /usr/bin/c++
[4.996s] -- Check for working CXX compiler: /usr/bin/c++ -- works
[4.998s] -- Detecting CXX compiler ABI info
[5.317s] -- Detecting CXX compiler ABI info - done
[5.335s] -- Detecting CXX compile features
[6.850s] -- Detecting CXX compile features - done
[6.865s] -- Found ament_cmake: 0.8.2 (/opt/workspace/install/ament_cmake/share/ament_cmake/cmake)
[6.980s] -- Found PythonInterp: /usr/bin/python3 (found suitable version "3.6.9", minimum required is "3") 
[6.980s] -- Using PYTHON_EXECUTABLE: /usr/bin/python3
[7.620s] -- Found pluginlib: 2.4.1 (/opt/workspace/install/pluginlib/share/pluginlib/cmake)
[7.633s] -- Found tinyxml2_vendor:  (/opt/workspace/install/tinyxml2_vendor/share/tinyxml2_vendor/cmake)
[7.684s] -- Found TinyXML2: /usr/lib/x86_64-linux-gnu/libtinyxml2.so  
[7.724s] -- Found poco_vendor:  (/opt/workspace/install/poco_vendor/share/poco_vendor/cmake)
[7.792s] -- Found yaml_cpp_vendor: 7.0.0 (/opt/workspace/install/yaml_cpp_vendor/share/yaml_cpp_vendor/cmake)
[7.792s] -- Setting yaml-cpp_DIR to: '/opt/workspace/install/yaml_cpp_vendor/share/yaml_cpp_vendor/cmake/../../../opt/yaml_cpp_vendor/lib/cmake/yaml-cpp'
[7.855s] -- Found ament_lint_auto: 0.8.1 (/opt/workspace/install/ament_lint_auto/share/ament_lint_auto/cmake)
[7.867s] -- Found ament_cmake_gmock: 0.8.2 (/opt/workspace/install/ament_cmake_gmock/share/ament_cmake_gmock/cmake)
[7.869s] -- Found rosbag2_test_common: 0.2.4 (/opt/workspace/install/rosbag2_test_common/share/rosbag2_test_common/cmake)
[7.976s] -- Found rosidl_adapter: 0.8.2 (/opt/workspace/install/rosidl_adapter/share/rosidl_adapter/cmake)
[8.074s] -- Found rmw_implementation_cmake: 0.8.1 (/opt/workspace/install/rmw_implementation_cmake/share/rmw_implementation_cmake/cmake)
[8.091s] -- Using RMW implementation 'rmw_fastrtps_cpp' as default
[8.093s] -- Looking for pthread.h
[8.275s] -- Looking for pthread.h - found
[8.277s] -- Looking for pthread_create
[8.479s] -- Looking for pthread_create - not found
[8.479s] -- Looking for pthread_create in pthreads
[8.639s] -- Looking for pthread_create in pthreads - not found
[8.640s] -- Looking for pthread_create in pthread
[8.834s] -- Looking for pthread_create in pthread - found
[8.834s] -- Found Threads: TRUE  
[9.333s] -- Found gmock sources under '/opt/workspace/install/gmock_vendor/src/gmock_vendor': C++ tests using 'Google Mock' will be built
[9.356s] -- Found gtest sources under '/opt/workspace/install/gtest_vendor/src/gtest_vendor': C++ tests using 'Google Test' will be built
[9.497s] -- Added test 'copyright' to check for copyright in CMake / C / C++ / Python code
[9.505s] -- Added test 'cppcheck' to perform static code analysis on C / C++ code
[9.508s] -- Configured cppcheck include dirs: /opt/workspace/src/ros2/rosbag2/rosbag2_storage/include
[9.516s] -- Added test 'cpplint' to check C / C++ code against the Google style
[9.521s] -- Added test 'lint_cmake' to check CMake code style
[9.531s] -- Added test 'uncrustify' to check C / C++ code style
[9.535s] -- Added test 'xmllint' to check XML markup files
[9.552s] -- Configuring done
[9.651s] -- Generating done
[9.658s] -- Build files have been written to: /opt/workspace/build/rosbag2_storage
[9.849s] [35m[1mScanning dependencies of target gmock[0m
[9.928s] [  4%] [32mBuilding CXX object gmock/CMakeFiles/gmock.dir/opt/workspace/install/gtest_vendor/src/gtest_vendor/src/gtest-all.cc.o[0m
[16.202s] [  9%] [32mBuilding CXX object gmock/CMakeFiles/gmock.dir/src/gmock-all.cc.o[0m
[20.070s] [ 14%] [32m[1mLinking CXX static library libgmock.a[0m
[20.222s] [ 14%] Built target gmock
[20.256s] [35m[1mScanning dependencies of target gmock_main[0m
[20.318s] [ 19%] [32mBuilding CXX object gmock/CMakeFiles/gmock_main.dir/src/gmock_main.cc.o[0m
[22.310s] [ 23%] [32m[1mLinking CXX static library libgmock_main.a[0m
[22.461s] [ 23%] Built target gmock_main
[22.493s] [35m[1mScanning dependencies of target rosbag2_storage[0m
[22.599s] [ 28%] [32mBuilding CXX object CMakeFiles/rosbag2_storage.dir/src/rosbag2_storage/metadata_io.cpp.o[0m
[25.067s] [ 33%] [32mBuilding CXX object CMakeFiles/rosbag2_storage.dir/src/rosbag2_storage/base_io_interface.cpp.o[0m
[25.491s] [ 38%] [32mBuilding CXX object CMakeFiles/rosbag2_storage.dir/src/rosbag2_storage/storage_factory.cpp.o[0m
[32.309s] [ 42%] [32mBuilding CXX object CMakeFiles/rosbag2_storage.dir/src/rosbag2_storage/ros_helper.cpp.o[0m
[33.068s] [ 47%] [32m[1mLinking CXX shared library librosbag2_storage.so[0m
[33.531s] [ 47%] Built target rosbag2_storage
[33.582s] [35m[1mScanning dependencies of target test_filesystem_helper[0m
[33.657s] [ 52%] [32mBuilding CXX object CMakeFiles/test_filesystem_helper.dir/test/rosbag2_storage/test_filesystem_helper.cpp.o[0m
[36.178s] [ 57%] [32m[1mLinking CXX executable test_filesystem_helper[0m
[36.764s] [ 57%] Built target test_filesystem_helper
[36.837s] [35m[1mScanning dependencies of target test_ros_helper[0m
[36.926s] [ 61%] [32mBuilding CXX object CMakeFiles/test_ros_helper.dir/test/rosbag2_storage/test_ros_helper.cpp.o[0m
[39.543s] [ 66%] [32m[1mLinking CXX executable test_ros_helper[0m
[40.152s] [ 66%] Built target test_ros_helper
[40.200s] [35m[1mScanning dependencies of target test_storage_factory[0m
[40.286s] [ 71%] [32mBuilding CXX object CMakeFiles/test_storage_factory.dir/test/rosbag2_storage/test_storage_factory.cpp.o[0m
[42.181s] [ 76%] [32m[1mLinking CXX executable test_storage_factory[0m
[42.857s] [ 76%] Built target test_storage_factory
[42.897s] [35m[1mScanning dependencies of target test_plugin[0m
[42.988s] [ 80%] [32mBuilding CXX object CMakeFiles/test_plugin.dir/test/rosbag2_storage/test_plugin.cpp.o[0m
[44.162s] [ 85%] [32mBuilding CXX object CMakeFiles/test_plugin.dir/test/rosbag2_storage/test_read_only_plugin.cpp.o[0m
[45.428s] [ 90%] [32m[1mLinking CXX shared library libtest_plugin.so[0m
[45.689s] [ 90%] Built target test_plugin
[45.723s] [35m[1mScanning dependencies of target test_metadata_serialization[0m
[45.799s] [ 95%] [32mBuilding CXX object CMakeFiles/test_metadata_serialization.dir/test/rosbag2_storage/test_metadata_serialization.cpp.o[0m
[49.275s] [100%] [32m[1mLinking CXX executable test_metadata_serialization[0m
[49.926s] [100%] Built target test_metadata_serialization
[50.496s] [ 14%] Built target gmock
[50.643s] [ 23%] Built target gmock_main
[50.722s] [ 47%] Built target rosbag2_storage
[50.794s] [ 57%] Built target test_filesystem_helper
[50.866s] [ 66%] Built target test_ros_helper
[50.946s] [ 76%] Built target test_storage_factory
[51.028s] [ 90%] Built target test_plugin
[51.125s] [100%] Built target test_metadata_serialization
[51.183s] [36mInstall the project...[0m
[51.208s] -- Install configuration: ""
[51.208s] -- Installing: /opt/workspace/install/rosbag2_storage/include
[51.208s] -- Installing: /opt/workspace/install/rosbag2_storage/include/rosbag2_storage
[51.208s] -- Installing: /opt/workspace/install/rosbag2_storage/include/rosbag2_storage/storage_factory_interface.hpp
[51.209s] -- Installing: /opt/workspace/install/rosbag2_storage/include/rosbag2_storage/ros_helper.hpp
[51.209s] -- Installing: /opt/workspace/install/rosbag2_storage/include/rosbag2_storage/visibility_control.hpp
[51.209s] -- Installing: /opt/workspace/install/rosbag2_storage/include/rosbag2_storage/filesystem_helper.hpp
[51.210s] -- Installing: /opt/workspace/install/rosbag2_storage/include/rosbag2_storage/storage_interfaces
[51.210s] -- Installing: /opt/workspace/install/rosbag2_storage/include/rosbag2_storage/storage_interfaces/read_write_interface.hpp
[51.210s] -- Installing: /opt/workspace/install/rosbag2_storage/include/rosbag2_storage/storage_interfaces/base_read_interface.hpp
[51.210s] -- Installing: /opt/workspace/install/rosbag2_storage/include/rosbag2_storage/storage_interfaces/base_io_interface.hpp
[51.211s] -- Installing: /opt/workspace/install/rosbag2_storage/include/rosbag2_storage/storage_interfaces/read_only_interface.hpp
[51.211s] -- Installing: /opt/workspace/install/rosbag2_storage/include/rosbag2_storage/storage_interfaces/base_info_interface.hpp
[51.211s] -- Installing: /opt/workspace/install/rosbag2_storage/include/rosbag2_storage/storage_interfaces/base_write_interface.hpp
[51.211s] -- Installing: /opt/workspace/install/rosbag2_storage/include/rosbag2_storage/topic_metadata.hpp
[51.211s] -- Installing: /opt/workspace/install/rosbag2_storage/include/rosbag2_storage/logging.hpp
[51.211s] -- Installing: /opt/workspace/install/rosbag2_storage/include/rosbag2_storage/storage_factory.hpp
[51.212s] -- Installing: /opt/workspace/install/rosbag2_storage/include/rosbag2_storage/serialized_bag_message.hpp
[51.212s] -- Installing: /opt/workspace/install/rosbag2_storage/include/rosbag2_storage/metadata_io.hpp
[51.212s] -- Installing: /opt/workspace/install/rosbag2_storage/include/rosbag2_storage/bag_metadata.hpp
[51.212s] -- Installing: /opt/workspace/install/rosbag2_storage/include/rosbag2_storage/storage_traits.hpp
[51.212s] -- Installing: /opt/workspace/install/rosbag2_storage/lib/librosbag2_storage.so
[51.214s] -- Set runtime path of "/opt/workspace/install/rosbag2_storage/lib/librosbag2_storage.so" to ""
[51.215s] -- Installing: /opt/workspace/install/rosbag2_storage/share/rosbag2_storage/cmake
[51.215s] -- Installing: /opt/workspace/install/rosbag2_storage/share/rosbag2_storage/cmake/rosbag2_storage_register_storage_plugin.cmake
[51.215s] -- Installing: /opt/workspace/install/rosbag2_storage/share/rosbag2_storage/environment/library_path.sh
[51.216s] -- Installing: /opt/workspace/install/rosbag2_storage/share/rosbag2_storage/environment/library_path.dsv
[51.216s] -- Installing: /opt/workspace/install/rosbag2_storage/lib/libtest_plugin.so
[51.216s] -- Set runtime path of "/opt/workspace/install/rosbag2_storage/lib/libtest_plugin.so" to ""
[51.217s] -- Installing: /opt/workspace/install/rosbag2_storage/share/rosbag2_storage/test/rosbag2_storage/test_plugin.xml
[51.217s] -- Installing: /opt/workspace/install/rosbag2_storage/share/ament_index/resource_index/package_run_dependencies/rosbag2_storage
[51.218s] -- Installing: /opt/workspace/install/rosbag2_storage/share/ament_index/resource_index/parent_prefix_path/rosbag2_storage
[51.218s] -- Installing: /opt/workspace/install/rosbag2_storage/share/rosbag2_storage/environment/ament_prefix_path.sh
[51.218s] -- Installing: /opt/workspace/install/rosbag2_storage/share/rosbag2_storage/environment/ament_prefix_path.dsv
[51.218s] -- Installing: /opt/workspace/install/rosbag2_storage/share/rosbag2_storage/environment/path.sh
[51.219s] -- Installing: /opt/workspace/install/rosbag2_storage/share/rosbag2_storage/environment/path.dsv
[51.219s] -- Installing: /opt/workspace/install/rosbag2_storage/share/rosbag2_storage/local_setup.bash
[51.219s] -- Installing: /opt/workspace/install/rosbag2_storage/share/rosbag2_storage/local_setup.sh
[51.220s] -- Installing: /opt/workspace/install/rosbag2_storage/share/rosbag2_storage/local_setup.zsh
[51.220s] -- Installing: /opt/workspace/install/rosbag2_storage/share/rosbag2_storage/local_setup.dsv
[51.221s] -- Installing: /opt/workspace/install/rosbag2_storage/share/rosbag2_storage/package.dsv
[51.221s] -- Installing: /opt/workspace/install/rosbag2_storage/share/ament_index/resource_index/packages/rosbag2_storage
[51.221s] -- Installing: /opt/workspace/install/rosbag2_storage/share/ament_index/resource_index/rosbag2_storage__pluginlib__plugin/rosbag2_storage
[51.222s] -- Up-to-date: /opt/workspace/install/rosbag2_storage/share/rosbag2_storage/cmake/rosbag2_storage_register_storage_plugin.cmake
[51.222s] -- Installing: /opt/workspace/install/rosbag2_storage/share/rosbag2_storage/cmake/ament_cmake_export_include_directories-extras.cmake
[51.222s] -- Installing: /opt/workspace/install/rosbag2_storage/share/rosbag2_storage/cmake/ament_cmake_export_libraries-extras.cmake
[51.222s] -- Installing: /opt/workspace/install/rosbag2_storage/share/rosbag2_storage/cmake/ament_cmake_export_dependencies-extras.cmake
[51.222s] -- Installing: /opt/workspace/install/rosbag2_storage/share/rosbag2_storage/cmake/rosbag2_storageConfig.cmake
[51.223s] -- Installing: /opt/workspace/install/rosbag2_storage/share/rosbag2_storage/cmake/rosbag2_storageConfig-version.cmake
[51.223s] -- Installing: /opt/workspace/install/rosbag2_storage/share/rosbag2_storage/package.xml
