/opt/workspace/install/sros2/lib/python3.6/site-packages/sros2/__init__.py
/opt/workspace/install/sros2/lib/python3.6/site-packages/sros2/api/__init__.py
/opt/workspace/install/sros2/lib/python3.6/site-packages/sros2/verb/generate_policy.py
/opt/workspace/install/sros2/lib/python3.6/site-packages/sros2/verb/create_permission.py
/opt/workspace/install/sros2/lib/python3.6/site-packages/sros2/verb/__init__.py
/opt/workspace/install/sros2/lib/python3.6/site-packages/sros2/verb/list_keys.py
/opt/workspace/install/sros2/lib/python3.6/site-packages/sros2/verb/create_keystore.py
/opt/workspace/install/sros2/lib/python3.6/site-packages/sros2/verb/create_key.py
/opt/workspace/install/sros2/lib/python3.6/site-packages/sros2/verb/generate_artifacts.py
/opt/workspace/install/sros2/lib/python3.6/site-packages/sros2/verb/distribute_key.py
/opt/workspace/install/sros2/lib/python3.6/site-packages/sros2/command/__init__.py
/opt/workspace/install/sros2/lib/python3.6/site-packages/sros2/command/security.py
/opt/workspace/install/sros2/lib/python3.6/site-packages/sros2/policy/__init__.py
/opt/workspace/install/sros2/lib/python3.6/site-packages/sros2/policy/defaults/policy.xml
/opt/workspace/install/sros2/lib/python3.6/site-packages/sros2/policy/defaults/dds/governance.xml
/opt/workspace/install/sros2/lib/python3.6/site-packages/sros2/policy/schemas/policy.xsd
/opt/workspace/install/sros2/lib/python3.6/site-packages/sros2/policy/schemas/dds/governance.xsd
/opt/workspace/install/sros2/lib/python3.6/site-packages/sros2/policy/schemas/dds/permissions.xsd
/opt/workspace/install/sros2/lib/python3.6/site-packages/sros2/policy/templates/policy.xsl
/opt/workspace/install/sros2/lib/python3.6/site-packages/sros2/policy/templates/dds/permissions.xsl
/opt/workspace/install/sros2/lib/python3.6/site-packages/sros2/__pycache__/__init__.cpython-36.pyc
/opt/workspace/install/sros2/lib/python3.6/site-packages/sros2/api/__pycache__/__init__.cpython-36.pyc
/opt/workspace/install/sros2/lib/python3.6/site-packages/sros2/verb/__pycache__/generate_policy.cpython-36.pyc
/opt/workspace/install/sros2/lib/python3.6/site-packages/sros2/verb/__pycache__/create_permission.cpython-36.pyc
/opt/workspace/install/sros2/lib/python3.6/site-packages/sros2/verb/__pycache__/__init__.cpython-36.pyc
/opt/workspace/install/sros2/lib/python3.6/site-packages/sros2/verb/__pycache__/list_keys.cpython-36.pyc
/opt/workspace/install/sros2/lib/python3.6/site-packages/sros2/verb/__pycache__/create_keystore.cpython-36.pyc
/opt/workspace/install/sros2/lib/python3.6/site-packages/sros2/verb/__pycache__/create_key.cpython-36.pyc
/opt/workspace/install/sros2/lib/python3.6/site-packages/sros2/verb/__pycache__/generate_artifacts.cpython-36.pyc
/opt/workspace/install/sros2/lib/python3.6/site-packages/sros2/verb/__pycache__/distribute_key.cpython-36.pyc
/opt/workspace/install/sros2/lib/python3.6/site-packages/sros2/command/__pycache__/__init__.cpython-36.pyc
/opt/workspace/install/sros2/lib/python3.6/site-packages/sros2/command/__pycache__/security.cpython-36.pyc
/opt/workspace/install/sros2/lib/python3.6/site-packages/sros2/policy/__pycache__/__init__.cpython-36.pyc
/opt/workspace/install/sros2/share/sros2/package.xml
/opt/workspace/install/sros2/share/ament_index/resource_index/packages/sros2
/opt/workspace/install/sros2/share/sros2/xml_cache/xml.xsd
/opt/workspace/install/sros2/share/sros2/xml_cache/xhtml-cache.xml
/opt/workspace/install/sros2/share/sros2/xml_cache/README.md
/opt/workspace/install/sros2/lib/python3.6/site-packages/sros2-0.8.1-py3.6.egg-info/dependency_links.txt
/opt/workspace/install/sros2/lib/python3.6/site-packages/sros2-0.8.1-py3.6.egg-info/zip-safe
/opt/workspace/install/sros2/lib/python3.6/site-packages/sros2-0.8.1-py3.6.egg-info/top_level.txt
/opt/workspace/install/sros2/lib/python3.6/site-packages/sros2-0.8.1-py3.6.egg-info/entry_points.txt
/opt/workspace/install/sros2/lib/python3.6/site-packages/sros2-0.8.1-py3.6.egg-info/requires.txt
/opt/workspace/install/sros2/lib/python3.6/site-packages/sros2-0.8.1-py3.6.egg-info/PKG-INFO
/opt/workspace/install/sros2/lib/python3.6/site-packages/sros2-0.8.1-py3.6.egg-info/SOURCES.txt
