[0.803s] -- The C compiler identification is GNU 7.4.0
[0.941s] -- The CXX compiler identification is GNU 7.4.0
[0.950s] -- Check for working C compiler: /usr/bin/cc
[1.173s] -- Check for working C compiler: /usr/bin/cc -- works
[1.174s] -- Detecting C compiler ABI info
[1.438s] -- Detecting C compiler ABI info - done
[1.462s] -- Detecting C compile features
[2.300s] -- Detecting C compile features - done
[2.300s] -- Check for working CXX compiler: /usr/bin/c++
[2.567s] -- Check for working CXX compiler: /usr/bin/c++ -- works
[2.568s] -- Detecting CXX compiler ABI info
[2.805s] -- Detecting CXX compiler ABI info - done
[2.821s] -- Detecting CXX compile features
[3.971s] -- Detecting CXX compile features - done
[3.974s] -- Found ament_cmake_ros: 0.8.0 (/opt/workspace/install/ament_cmake_ros/share/ament_cmake_ros/cmake)
[4.093s] -- Found PythonInterp: /usr/bin/python3 (found suitable version "3.6.9", minimum required is "3") 
[4.094s] -- Using PYTHON_EXECUTABLE: /usr/bin/python3
[4.717s] -- Searching for Log4cxx/logger.h
[4.717s] -- Searching for libLog4cxx
[4.731s] -- Found Log4cxx: /usr/lib/x86_64-linux-gnu/liblog4cxx.so  
[4.732s] -- Found rcutils: 0.8.4 (/opt/workspace/install/rcutils/share/rcutils/cmake)
[4.748s] -- Found ament_lint_auto: 0.8.1 (/opt/workspace/install/ament_lint_auto/share/ament_lint_auto/cmake)
[5.065s] -- Added test 'cppcheck' to perform static code analysis on C / C++ code
[5.066s] -- Configured cppcheck include dirs: /opt/workspace/src/ros2/rcl_logging/rcl_logging_log4cxx/include
[5.070s] -- Added test 'cpplint' to check C / C++ code against the Google style
[5.076s] -- Added test 'uncrustify' to check C / C++ code style
[5.080s] -- Added test 'xmllint' to check XML markup files
[5.105s] -- Configuring done
[5.114s] -- Generating done
[5.129s] -- Build files have been written to: /opt/workspace/build/rcl_logging_log4cxx
[5.377s] [35m[1mScanning dependencies of target rcl_logging_log4cxx[0m
[5.423s] [ 50%] [32mBuilding CXX object CMakeFiles/rcl_logging_log4cxx.dir/src/rcl_logging_log4cxx/rcl_logging_log4cxx.cpp.o[0m
[6.684s] [100%] [32m[1mLinking CXX shared library librcl_logging_log4cxx.so[0m
[6.991s] [100%] Built target rcl_logging_log4cxx
[7.903s] [100%] Built target rcl_logging_log4cxx
[8.058s] [36mInstall the project...[0m
[8.138s] -- Install configuration: ""
[8.139s] -- Installing: /opt/workspace/install/rcl_logging_log4cxx/lib/librcl_logging_log4cxx.so
[8.140s] -- Set runtime path of "/opt/workspace/install/rcl_logging_log4cxx/lib/librcl_logging_log4cxx.so" to ""
[8.141s] -- Installing: /opt/workspace/install/rcl_logging_log4cxx/include/rcl_logging_log4cxx
[8.142s] -- Installing: /opt/workspace/install/rcl_logging_log4cxx/include/rcl_logging_log4cxx/visibility_control.h
[8.142s] -- Installing: /opt/workspace/install/rcl_logging_log4cxx/include/rcl_logging_log4cxx/logging_interface.h
[8.143s] -- Installing: /opt/workspace/install/rcl_logging_log4cxx/share/rcl_logging_log4cxx/environment/library_path.sh
[8.144s] -- Installing: /opt/workspace/install/rcl_logging_log4cxx/share/rcl_logging_log4cxx/environment/library_path.dsv
[8.144s] -- Installing: /opt/workspace/install/rcl_logging_log4cxx/share/ament_index/resource_index/package_run_dependencies/rcl_logging_log4cxx
[8.145s] -- Installing: /opt/workspace/install/rcl_logging_log4cxx/share/ament_index/resource_index/parent_prefix_path/rcl_logging_log4cxx
[8.146s] -- Installing: /opt/workspace/install/rcl_logging_log4cxx/share/rcl_logging_log4cxx/environment/ament_prefix_path.sh
[8.147s] -- Installing: /opt/workspace/install/rcl_logging_log4cxx/share/rcl_logging_log4cxx/environment/ament_prefix_path.dsv
[8.147s] -- Installing: /opt/workspace/install/rcl_logging_log4cxx/share/rcl_logging_log4cxx/environment/path.sh
[8.148s] -- Installing: /opt/workspace/install/rcl_logging_log4cxx/share/rcl_logging_log4cxx/environment/path.dsv
[8.149s] -- Installing: /opt/workspace/install/rcl_logging_log4cxx/share/rcl_logging_log4cxx/local_setup.bash
[8.150s] -- Installing: /opt/workspace/install/rcl_logging_log4cxx/share/rcl_logging_log4cxx/local_setup.sh
[8.151s] -- Installing: /opt/workspace/install/rcl_logging_log4cxx/share/rcl_logging_log4cxx/local_setup.zsh
[8.153s] -- Installing: /opt/workspace/install/rcl_logging_log4cxx/share/rcl_logging_log4cxx/local_setup.dsv
[8.157s] -- Installing: /opt/workspace/install/rcl_logging_log4cxx/share/rcl_logging_log4cxx/package.dsv
[8.158s] -- Installing: /opt/workspace/install/rcl_logging_log4cxx/share/ament_index/resource_index/packages/rcl_logging_log4cxx
[8.159s] -- Installing: /opt/workspace/install/rcl_logging_log4cxx/share/rcl_logging_log4cxx/cmake/ament_cmake_export_include_directories-extras.cmake
[8.159s] -- Installing: /opt/workspace/install/rcl_logging_log4cxx/share/rcl_logging_log4cxx/cmake/ament_cmake_export_dependencies-extras.cmake
[8.160s] -- Installing: /opt/workspace/install/rcl_logging_log4cxx/share/rcl_logging_log4cxx/cmake/ament_cmake_export_libraries-extras.cmake
[8.161s] -- Installing: /opt/workspace/install/rcl_logging_log4cxx/share/rcl_logging_log4cxx/cmake/rcl_logging_log4cxxConfig.cmake
[8.162s] -- Installing: /opt/workspace/install/rcl_logging_log4cxx/share/rcl_logging_log4cxx/cmake/rcl_logging_log4cxxConfig-version.cmake
[8.162s] -- Installing: /opt/workspace/install/rcl_logging_log4cxx/share/rcl_logging_log4cxx/package.xml
