/opt/workspace/install/examples_rclpy_minimal_publisher/lib/python3.6/site-packages/examples_rclpy_minimal_publisher/publisher_old_school.py
/opt/workspace/install/examples_rclpy_minimal_publisher/lib/python3.6/site-packages/examples_rclpy_minimal_publisher/__init__.py
/opt/workspace/install/examples_rclpy_minimal_publisher/lib/python3.6/site-packages/examples_rclpy_minimal_publisher/publisher_local_function.py
/opt/workspace/install/examples_rclpy_minimal_publisher/lib/python3.6/site-packages/examples_rclpy_minimal_publisher/publisher_member_function.py
/opt/workspace/install/examples_rclpy_minimal_publisher/lib/python3.6/site-packages/examples_rclpy_minimal_publisher/__pycache__/publisher_old_school.cpython-36.pyc
/opt/workspace/install/examples_rclpy_minimal_publisher/lib/python3.6/site-packages/examples_rclpy_minimal_publisher/__pycache__/__init__.cpython-36.pyc
/opt/workspace/install/examples_rclpy_minimal_publisher/lib/python3.6/site-packages/examples_rclpy_minimal_publisher/__pycache__/publisher_local_function.cpython-36.pyc
/opt/workspace/install/examples_rclpy_minimal_publisher/lib/python3.6/site-packages/examples_rclpy_minimal_publisher/__pycache__/publisher_member_function.cpython-36.pyc
/opt/workspace/install/examples_rclpy_minimal_publisher/share/ament_index/resource_index/packages/examples_rclpy_minimal_publisher
/opt/workspace/install/examples_rclpy_minimal_publisher/share/examples_rclpy_minimal_publisher/package.xml
/opt/workspace/install/examples_rclpy_minimal_publisher/lib/python3.6/site-packages/examples_rclpy_minimal_publisher-0.8.2-py3.6.egg-info/dependency_links.txt
/opt/workspace/install/examples_rclpy_minimal_publisher/lib/python3.6/site-packages/examples_rclpy_minimal_publisher-0.8.2-py3.6.egg-info/zip-safe
/opt/workspace/install/examples_rclpy_minimal_publisher/lib/python3.6/site-packages/examples_rclpy_minimal_publisher-0.8.2-py3.6.egg-info/top_level.txt
/opt/workspace/install/examples_rclpy_minimal_publisher/lib/python3.6/site-packages/examples_rclpy_minimal_publisher-0.8.2-py3.6.egg-info/entry_points.txt
/opt/workspace/install/examples_rclpy_minimal_publisher/lib/python3.6/site-packages/examples_rclpy_minimal_publisher-0.8.2-py3.6.egg-info/requires.txt
/opt/workspace/install/examples_rclpy_minimal_publisher/lib/python3.6/site-packages/examples_rclpy_minimal_publisher-0.8.2-py3.6.egg-info/PKG-INFO
/opt/workspace/install/examples_rclpy_minimal_publisher/lib/python3.6/site-packages/examples_rclpy_minimal_publisher-0.8.2-py3.6.egg-info/SOURCES.txt
/opt/workspace/install/examples_rclpy_minimal_publisher/lib/examples_rclpy_minimal_publisher/publisher_local_function
/opt/workspace/install/examples_rclpy_minimal_publisher/lib/examples_rclpy_minimal_publisher/publisher_member_function
/opt/workspace/install/examples_rclpy_minimal_publisher/lib/examples_rclpy_minimal_publisher/publisher_old_school
