[1.468s] [36mInstall the project...[0m
[1.489s] -- Install configuration: ""
[1.489s] -- Up-to-date: /opt/workspace/install/rosidl_typesupport_interface/share/ament_index/resource_index/package_run_dependencies/rosidl_typesupport_interface
[1.490s] -- Up-to-date: /opt/workspace/install/rosidl_typesupport_interface/share/ament_index/resource_index/parent_prefix_path/rosidl_typesupport_interface
[1.490s] -- Up-to-date: /opt/workspace/install/rosidl_typesupport_interface/share/rosidl_typesupport_interface/environment/ament_prefix_path.sh
[1.490s] -- Up-to-date: /opt/workspace/install/rosidl_typesupport_interface/share/rosidl_typesupport_interface/environment/ament_prefix_path.dsv
[1.491s] -- Up-to-date: /opt/workspace/install/rosidl_typesupport_interface/share/rosidl_typesupport_interface/environment/path.sh
[1.491s] -- Up-to-date: /opt/workspace/install/rosidl_typesupport_interface/share/rosidl_typesupport_interface/environment/path.dsv
[1.491s] -- Up-to-date: /opt/workspace/install/rosidl_typesupport_interface/share/rosidl_typesupport_interface/local_setup.bash
[1.491s] -- Up-to-date: /opt/workspace/install/rosidl_typesupport_interface/share/rosidl_typesupport_interface/local_setup.sh
[1.492s] -- Up-to-date: /opt/workspace/install/rosidl_typesupport_interface/share/rosidl_typesupport_interface/local_setup.zsh
[1.492s] -- Up-to-date: /opt/workspace/install/rosidl_typesupport_interface/share/rosidl_typesupport_interface/local_setup.dsv
[1.492s] -- Up-to-date: /opt/workspace/install/rosidl_typesupport_interface/share/rosidl_typesupport_interface/package.dsv
[1.492s] -- Up-to-date: /opt/workspace/install/rosidl_typesupport_interface/share/ament_index/resource_index/packages/rosidl_typesupport_interface
[1.492s] -- Up-to-date: /opt/workspace/install/rosidl_typesupport_interface/share/rosidl_typesupport_interface/cmake/ament_cmake_export_include_directories-extras.cmake
[1.492s] -- Up-to-date: /opt/workspace/install/rosidl_typesupport_interface/share/rosidl_typesupport_interface/cmake/rosidl_typesupport_interfaceConfig.cmake
[1.493s] -- Up-to-date: /opt/workspace/install/rosidl_typesupport_interface/share/rosidl_typesupport_interface/cmake/rosidl_typesupport_interfaceConfig-version.cmake
[1.493s] -- Up-to-date: /opt/workspace/install/rosidl_typesupport_interface/share/rosidl_typesupport_interface/package.xml
[1.493s] -- Up-to-date: /opt/workspace/install/rosidl_typesupport_interface/include
[1.493s] -- Up-to-date: /opt/workspace/install/rosidl_typesupport_interface/include/rosidl_typesupport_interface
[1.493s] -- Up-to-date: /opt/workspace/install/rosidl_typesupport_interface/include/rosidl_typesupport_interface/macros.h
