[6.242s] running egg_info
[6.242s] creating /opt/workspace/build/examples_rclpy_minimal_client/examples_rclpy_minimal_client.egg-info
[6.242s] writing /opt/workspace/build/examples_rclpy_minimal_client/examples_rclpy_minimal_client.egg-info/PKG-INFO
[6.243s] writing dependency_links to /opt/workspace/build/examples_rclpy_minimal_client/examples_rclpy_minimal_client.egg-info/dependency_links.txt
[6.243s] writing entry points to /opt/workspace/build/examples_rclpy_minimal_client/examples_rclpy_minimal_client.egg-info/entry_points.txt
[6.243s] writing requirements to /opt/workspace/build/examples_rclpy_minimal_client/examples_rclpy_minimal_client.egg-info/requires.txt
[6.243s] writing top-level names to /opt/workspace/build/examples_rclpy_minimal_client/examples_rclpy_minimal_client.egg-info/top_level.txt
[6.244s] writing manifest file '/opt/workspace/build/examples_rclpy_minimal_client/examples_rclpy_minimal_client.egg-info/SOURCES.txt'
[6.244s] reading manifest file '/opt/workspace/build/examples_rclpy_minimal_client/examples_rclpy_minimal_client.egg-info/SOURCES.txt'
[6.244s] writing manifest file '/opt/workspace/build/examples_rclpy_minimal_client/examples_rclpy_minimal_client.egg-info/SOURCES.txt'
[6.244s] running build
[6.244s] running build_py
[6.245s] creating /opt/workspace/build/examples_rclpy_minimal_client/build
[6.245s] creating /opt/workspace/build/examples_rclpy_minimal_client/build/lib
[6.245s] creating /opt/workspace/build/examples_rclpy_minimal_client/build/lib/examples_rclpy_minimal_client
[6.245s] copying examples_rclpy_minimal_client/client_async_member_function.py -> /opt/workspace/build/examples_rclpy_minimal_client/build/lib/examples_rclpy_minimal_client
[6.245s] copying examples_rclpy_minimal_client/__init__.py -> /opt/workspace/build/examples_rclpy_minimal_client/build/lib/examples_rclpy_minimal_client
[6.246s] copying examples_rclpy_minimal_client/client_async.py -> /opt/workspace/build/examples_rclpy_minimal_client/build/lib/examples_rclpy_minimal_client
[6.246s] copying examples_rclpy_minimal_client/client.py -> /opt/workspace/build/examples_rclpy_minimal_client/build/lib/examples_rclpy_minimal_client
[6.246s] copying examples_rclpy_minimal_client/client_async_callback.py -> /opt/workspace/build/examples_rclpy_minimal_client/build/lib/examples_rclpy_minimal_client
[6.246s] running install
[6.246s] running install_lib
[6.247s] creating /opt/workspace/install/examples_rclpy_minimal_client/lib/python3.6/site-packages/examples_rclpy_minimal_client
[6.247s] copying /opt/workspace/build/examples_rclpy_minimal_client/build/lib/examples_rclpy_minimal_client/client_async_member_function.py -> /opt/workspace/install/examples_rclpy_minimal_client/lib/python3.6/site-packages/examples_rclpy_minimal_client
[6.247s] copying /opt/workspace/build/examples_rclpy_minimal_client/build/lib/examples_rclpy_minimal_client/__init__.py -> /opt/workspace/install/examples_rclpy_minimal_client/lib/python3.6/site-packages/examples_rclpy_minimal_client
[6.247s] copying /opt/workspace/build/examples_rclpy_minimal_client/build/lib/examples_rclpy_minimal_client/client_async.py -> /opt/workspace/install/examples_rclpy_minimal_client/lib/python3.6/site-packages/examples_rclpy_minimal_client
[6.247s] copying /opt/workspace/build/examples_rclpy_minimal_client/build/lib/examples_rclpy_minimal_client/client.py -> /opt/workspace/install/examples_rclpy_minimal_client/lib/python3.6/site-packages/examples_rclpy_minimal_client
[6.248s] copying /opt/workspace/build/examples_rclpy_minimal_client/build/lib/examples_rclpy_minimal_client/client_async_callback.py -> /opt/workspace/install/examples_rclpy_minimal_client/lib/python3.6/site-packages/examples_rclpy_minimal_client
[6.248s] byte-compiling /opt/workspace/install/examples_rclpy_minimal_client/lib/python3.6/site-packages/examples_rclpy_minimal_client/client_async_member_function.py to client_async_member_function.cpython-36.pyc
[6.248s] byte-compiling /opt/workspace/install/examples_rclpy_minimal_client/lib/python3.6/site-packages/examples_rclpy_minimal_client/__init__.py to __init__.cpython-36.pyc
[6.248s] byte-compiling /opt/workspace/install/examples_rclpy_minimal_client/lib/python3.6/site-packages/examples_rclpy_minimal_client/client_async.py to client_async.cpython-36.pyc
[6.248s] byte-compiling /opt/workspace/install/examples_rclpy_minimal_client/lib/python3.6/site-packages/examples_rclpy_minimal_client/client.py to client.cpython-36.pyc
[6.249s] byte-compiling /opt/workspace/install/examples_rclpy_minimal_client/lib/python3.6/site-packages/examples_rclpy_minimal_client/client_async_callback.py to client_async_callback.cpython-36.pyc
[6.249s] running install_data
[6.249s] creating /opt/workspace/install/examples_rclpy_minimal_client/share/ament_index
[6.249s] creating /opt/workspace/install/examples_rclpy_minimal_client/share/ament_index/resource_index
[6.250s] creating /opt/workspace/install/examples_rclpy_minimal_client/share/ament_index/resource_index/packages
[6.250s] copying resource/examples_rclpy_minimal_client -> /opt/workspace/install/examples_rclpy_minimal_client/share/ament_index/resource_index/packages
[6.250s] copying package.xml -> /opt/workspace/install/examples_rclpy_minimal_client/share/examples_rclpy_minimal_client
[6.251s] running install_egg_info
[6.251s] Copying /opt/workspace/build/examples_rclpy_minimal_client/examples_rclpy_minimal_client.egg-info to /opt/workspace/install/examples_rclpy_minimal_client/lib/python3.6/site-packages/examples_rclpy_minimal_client-0.8.2-py3.6.egg-info
[6.251s] running install_scripts
[6.252s] Installing client script to /opt/workspace/install/examples_rclpy_minimal_client/lib/examples_rclpy_minimal_client
[6.252s] Installing client_async script to /opt/workspace/install/examples_rclpy_minimal_client/lib/examples_rclpy_minimal_client
[6.252s] Installing client_async_callback script to /opt/workspace/install/examples_rclpy_minimal_client/lib/examples_rclpy_minimal_client
[6.253s] Installing client_async_member_function script to /opt/workspace/install/examples_rclpy_minimal_client/lib/examples_rclpy_minimal_client
[6.254s] writing list of installed files to '/opt/workspace/build/examples_rclpy_minimal_client/install.log'
