[0.552s] -- The C compiler identification is GNU 7.4.0
[0.689s] -- The CXX compiler identification is GNU 7.4.0
[0.700s] -- Check for working C compiler: /usr/bin/cc
[0.866s] -- Check for working C compiler: /usr/bin/cc -- works
[0.868s] -- Detecting C compiler ABI info
[1.069s] -- Detecting C compiler ABI info - done
[1.082s] -- Detecting C compile features
[1.585s] -- Detecting C compile features - done
[1.591s] -- Check for working CXX compiler: /usr/bin/c++
[1.795s] -- Check for working CXX compiler: /usr/bin/c++ -- works
[1.797s] -- Detecting CXX compiler ABI info
[2.016s] -- Detecting CXX compiler ABI info - done
[2.033s] -- Detecting CXX compile features
[2.943s] -- Detecting CXX compile features - done
[2.957s] -- Found ament_cmake: 0.8.2 (/opt/workspace/install/ament_cmake/share/ament_cmake/cmake)
[3.099s] -- Found PythonInterp: /usr/bin/python3 (found suitable version "3.6.9", minimum required is "3") 
[3.099s] -- Using PYTHON_EXECUTABLE: /usr/bin/python3
[3.759s] -- Found builtin_interfaces: 0.8.0 (/opt/workspace/install/builtin_interfaces/share/builtin_interfaces/cmake)
[3.875s] -- Found rosidl_adapter: 0.8.2 (/opt/workspace/install/rosidl_adapter/share/rosidl_adapter/cmake)
[3.957s] -- Found geometry_msgs: 0.8.1 (/opt/workspace/install/geometry_msgs/share/geometry_msgs/cmake)
[4.010s] -- Found tf2: 0.12.5 (/opt/workspace/install/tf2/share/tf2/cmake)
[4.030s] -- Found tf2_ros: 0.12.5 (/opt/workspace/install/tf2_ros/share/tf2_ros/cmake)
[4.102s] -- Found rmw_implementation_cmake: 0.8.1 (/opt/workspace/install/rmw_implementation_cmake/share/rmw_implementation_cmake/cmake)
[4.117s] -- Using RMW implementation 'rmw_fastrtps_cpp' as default
[4.119s] -- Looking for pthread.h
[4.321s] -- Looking for pthread.h - found
[4.322s] -- Looking for pthread_create
[4.528s] -- Looking for pthread_create - not found
[4.529s] -- Looking for pthread_create in pthreads
[4.698s] -- Looking for pthread_create in pthreads - not found
[4.699s] -- Looking for pthread_create in pthread
[4.894s] -- Looking for pthread_create in pthread - found
[4.896s] -- Found Threads: TRUE  
[5.327s] -- Found ament_cmake_gtest: 0.8.2 (/opt/workspace/install/ament_cmake_gtest/share/ament_cmake_gtest/cmake)
[5.346s] -- Found gtest sources under '/opt/workspace/install/gtest_vendor/src/gtest_vendor': C++ tests using 'Google Test' will be built
[5.352s] -- Check if compiler accepts -pthread
[5.565s] -- Check if compiler accepts -pthread - yes
[6.057s] -- Configuring done
[6.106s] -- Generating done
[6.110s] -- Build files have been written to: /opt/workspace/build/tf2_kdl
[6.243s] [35m[1mScanning dependencies of target gtest[0m
[6.297s] [ 16%] [32mBuilding CXX object gtest/CMakeFiles/gtest.dir/src/gtest-all.cc.o[0m
[12.623s] [ 33%] [32m[1mLinking CXX static library libgtest.a[0m
[12.760s] [ 33%] Built target gtest
[12.791s] [35m[1mScanning dependencies of target gtest_main[0m
[12.839s] [ 50%] [32mBuilding CXX object gtest/CMakeFiles/gtest_main.dir/src/gtest_main.cc.o[0m
[14.243s] [ 66%] [32m[1mLinking CXX static library libgtest_main.a[0m
[14.339s] [ 66%] Built target gtest_main
[14.371s] [35m[1mScanning dependencies of target test_kdl[0m
[14.548s] [ 83%] [32mBuilding CXX object CMakeFiles/test_kdl.dir/test/test_tf2_kdl.cpp.o[0m
[19.865s] [100%] [32m[1mLinking CXX executable test_kdl[0m
[20.897s] [100%] Built target test_kdl
[21.161s] [ 33%] Built target gtest
[21.225s] [ 66%] Built target gtest_main
[21.315s] [100%] Built target test_kdl
[21.367s] [36mInstall the project...[0m
[21.391s] -- Install configuration: ""
[21.391s] -- Installing: /opt/workspace/install/tf2_kdl/share/tf2_kdl/environment/pythonpath.sh
[21.391s] -- Installing: /opt/workspace/install/tf2_kdl/share/tf2_kdl/environment/pythonpath.dsv
[21.392s] -- Installing: /opt/workspace/install/tf2_kdl/lib/python3.6/site-packages/tf2_kdl
[21.392s] -- Installing: /opt/workspace/install/tf2_kdl/lib/python3.6/site-packages/tf2_kdl/__init__.py
[21.392s] -- Installing: /opt/workspace/install/tf2_kdl/lib/python3.6/site-packages/tf2_kdl/tf2_kdl.py
[21.519s] Listing '/opt/workspace/install/tf2_kdl/lib/python3.6/site-packages/tf2_kdl'...
[21.519s] Compiling '/opt/workspace/install/tf2_kdl/lib/python3.6/site-packages/tf2_kdl/__init__.py'...
[21.519s] Compiling '/opt/workspace/install/tf2_kdl/lib/python3.6/site-packages/tf2_kdl/tf2_kdl.py'...
[21.528s] -- Installing: /opt/workspace/install/tf2_kdl/include/tf2_kdl
[21.529s] -- Installing: /opt/workspace/install/tf2_kdl/include/tf2_kdl/tf2_kdl.h
[21.530s] -- Installing: /opt/workspace/install/tf2_kdl/share/ament_index/resource_index/package_run_dependencies/tf2_kdl
[21.531s] -- Installing: /opt/workspace/install/tf2_kdl/share/ament_index/resource_index/parent_prefix_path/tf2_kdl
[21.532s] -- Installing: /opt/workspace/install/tf2_kdl/share/tf2_kdl/environment/ament_prefix_path.sh
[21.532s] -- Installing: /opt/workspace/install/tf2_kdl/share/tf2_kdl/environment/ament_prefix_path.dsv
[21.533s] -- Installing: /opt/workspace/install/tf2_kdl/share/tf2_kdl/environment/path.sh
[21.534s] -- Installing: /opt/workspace/install/tf2_kdl/share/tf2_kdl/environment/path.dsv
[21.534s] -- Installing: /opt/workspace/install/tf2_kdl/share/tf2_kdl/local_setup.bash
[21.535s] -- Installing: /opt/workspace/install/tf2_kdl/share/tf2_kdl/local_setup.sh
[21.535s] -- Installing: /opt/workspace/install/tf2_kdl/share/tf2_kdl/local_setup.zsh
[21.536s] -- Installing: /opt/workspace/install/tf2_kdl/share/tf2_kdl/local_setup.dsv
[21.537s] -- Installing: /opt/workspace/install/tf2_kdl/share/tf2_kdl/package.dsv
[21.537s] -- Installing: /opt/workspace/install/tf2_kdl/share/ament_index/resource_index/packages/tf2_kdl
[21.539s] -- Installing: /opt/workspace/install/tf2_kdl/share/tf2_kdl/cmake/ament_cmake_export_include_directories-extras.cmake
[21.540s] -- Installing: /opt/workspace/install/tf2_kdl/share/tf2_kdl/cmake/ament_cmake_export_dependencies-extras.cmake
[21.541s] -- Installing: /opt/workspace/install/tf2_kdl/share/tf2_kdl/cmake/tf2_kdlConfig.cmake
[21.542s] -- Installing: /opt/workspace/install/tf2_kdl/share/tf2_kdl/cmake/tf2_kdlConfig-version.cmake
[21.543s] -- Installing: /opt/workspace/install/tf2_kdl/share/tf2_kdl/package.xml
