[0.135s] Invoking command in '/opt/workspace/build/ros_environment': AMENT_PREFIX_PATH=/opt/workspace/install/ament_cmake_core:/opt/workspace/install/ament_package:${AMENT_PREFIX_PATH} CMAKE_PREFIX_PATH=/opt/workspace/install/ament_cmake_core:/opt/ros/eloquent PYTHONPATH=/opt/workspace/install/ament_package/lib/python3.6/site-packages:${PYTHONPATH} /usr/bin/cmake /opt/workspace/src/ros/ros_environment -DCMAKE_INSTALL_PREFIX=/opt/workspace/install/ros_environment
[0.263s] -- Found ament_cmake_core: 0.8.2 (/opt/workspace/install/ament_cmake_core/share/ament_cmake_core/cmake)
[0.382s] -- Found PythonInterp: /usr/bin/python3 (found suitable version "3.6.9", minimum required is "3") 
[0.382s] -- Using PYTHON_EXECUTABLE: /usr/bin/python3
[1.067s] -- Configuring done
[1.071s] -- Generating done
[1.073s] -- Build files have been written to: /opt/workspace/build/ros_environment
[1.081s] Invoked command in '/opt/workspace/build/ros_environment' returned '0': AMENT_PREFIX_PATH=/opt/workspace/install/ament_cmake_core:/opt/workspace/install/ament_package:${AMENT_PREFIX_PATH} CMAKE_PREFIX_PATH=/opt/workspace/install/ament_cmake_core:/opt/ros/eloquent PYTHONPATH=/opt/workspace/install/ament_package/lib/python3.6/site-packages:${PYTHONPATH} /usr/bin/cmake /opt/workspace/src/ros/ros_environment -DCMAKE_INSTALL_PREFIX=/opt/workspace/install/ros_environment
[1.083s] Invoking command in '/opt/workspace/build/ros_environment': AMENT_PREFIX_PATH=/opt/workspace/install/ament_cmake_core:/opt/workspace/install/ament_package:${AMENT_PREFIX_PATH} CMAKE_PREFIX_PATH=/opt/workspace/install/ament_cmake_core:/opt/ros/eloquent PYTHONPATH=/opt/workspace/install/ament_package/lib/python3.6/site-packages:${PYTHONPATH} /usr/bin/cmake --build /opt/workspace/build/ros_environment -- -j8 -l8
[1.313s] Invoked command in '/opt/workspace/build/ros_environment' returned '0': AMENT_PREFIX_PATH=/opt/workspace/install/ament_cmake_core:/opt/workspace/install/ament_package:${AMENT_PREFIX_PATH} CMAKE_PREFIX_PATH=/opt/workspace/install/ament_cmake_core:/opt/ros/eloquent PYTHONPATH=/opt/workspace/install/ament_package/lib/python3.6/site-packages:${PYTHONPATH} /usr/bin/cmake --build /opt/workspace/build/ros_environment -- -j8 -l8
[1.533s] Invoking command in '/opt/workspace/build/ros_environment': AMENT_PREFIX_PATH=/opt/workspace/install/ament_cmake_core:/opt/workspace/install/ament_package:${AMENT_PREFIX_PATH} CMAKE_PREFIX_PATH=/opt/workspace/install/ament_cmake_core:/opt/ros/eloquent PYTHONPATH=/opt/workspace/install/ament_package/lib/python3.6/site-packages:${PYTHONPATH} /usr/bin/cmake --build /opt/workspace/build/ros_environment --target install -- -j8 -l8
[1.815s] [36mInstall the project...[0m
[1.852s] -- Install configuration: ""
[1.852s] -- Installing: /opt/workspace/install/ros_environment/share/ros_environment/environment/1.ros_distro.dsv
[1.853s] -- Installing: /opt/workspace/install/ros_environment/share/ros_environment/environment/1.ros_distro.sh
[1.853s] -- Installing: /opt/workspace/install/ros_environment/share/ros_environment/environment/1.ros_localhost_only.dsv
[1.854s] -- Installing: /opt/workspace/install/ros_environment/share/ros_environment/environment/1.ros_localhost_only.sh
[1.854s] -- Installing: /opt/workspace/install/ros_environment/share/ros_environment/environment/1.ros_python_version.dsv
[1.854s] -- Installing: /opt/workspace/install/ros_environment/share/ros_environment/environment/1.ros_python_version.sh
[1.855s] -- Installing: /opt/workspace/install/ros_environment/share/ros_environment/environment/1.ros_version.dsv
[1.855s] -- Installing: /opt/workspace/install/ros_environment/share/ros_environment/environment/1.ros_version.sh
[1.855s] -- Installing: /opt/workspace/install/ros_environment/share/ros_environment/environment/0.ros_distro_check.sh
[1.856s] -- Installing: /opt/workspace/install/ros_environment/share/ament_index/resource_index/package_run_dependencies/ros_environment
[1.856s] -- Installing: /opt/workspace/install/ros_environment/share/ament_index/resource_index/parent_prefix_path/ros_environment
[1.857s] -- Installing: /opt/workspace/install/ros_environment/share/ros_environment/environment/ament_prefix_path.sh
[1.857s] -- Installing: /opt/workspace/install/ros_environment/share/ros_environment/environment/ament_prefix_path.dsv
[1.859s] -- Installing: /opt/workspace/install/ros_environment/share/ros_environment/environment/path.sh
[1.859s] -- Installing: /opt/workspace/install/ros_environment/share/ros_environment/environment/path.dsv
[1.860s] -- Installing: /opt/workspace/install/ros_environment/share/ros_environment/local_setup.bash
[1.861s] -- Installing: /opt/workspace/install/ros_environment/share/ros_environment/local_setup.sh
[1.862s] -- Installing: /opt/workspace/install/ros_environment/share/ros_environment/local_setup.zsh
[1.863s] -- Installing: /opt/workspace/install/ros_environment/share/ros_environment/local_setup.dsv
[1.864s] -- Installing: /opt/workspace/install/ros_environment/share/ros_environment/package.dsv
[1.865s] -- Installing: /opt/workspace/install/ros_environment/share/ament_index/resource_index/packages/ros_environment
[1.866s] -- Installing: /opt/workspace/install/ros_environment/share/ros_environment/cmake/ros_environmentConfig.cmake
[1.866s] -- Installing: /opt/workspace/install/ros_environment/share/ros_environment/cmake/ros_environmentConfig-version.cmake
[1.867s] -- Installing: /opt/workspace/install/ros_environment/share/ros_environment/package.xml
[1.875s] Invoked command in '/opt/workspace/build/ros_environment' returned '0': AMENT_PREFIX_PATH=/opt/workspace/install/ament_cmake_core:/opt/workspace/install/ament_package:${AMENT_PREFIX_PATH} CMAKE_PREFIX_PATH=/opt/workspace/install/ament_cmake_core:/opt/ros/eloquent PYTHONPATH=/opt/workspace/install/ament_package/lib/python3.6/site-packages:${PYTHONPATH} /usr/bin/cmake --build /opt/workspace/build/ros_environment --target install -- -j8 -l8
