Determining if the pthread_create exist failed with the following output:
Change Dir: /opt/workspace/build/intra_process_demo/CMakeFiles/CMakeTmp

Run Build Command:"/usr/bin/make" "cmTC_127f7/fast"
/usr/bin/make -f CMakeFiles/cmTC_127f7.dir/build.make CMakeFiles/cmTC_127f7.dir/build
make[1]: Entering directory '/opt/workspace/build/intra_process_demo/CMakeFiles/CMakeTmp'
Building C object CMakeFiles/cmTC_127f7.dir/CheckSymbolExists.c.o
/usr/bin/cc    -o CMakeFiles/cmTC_127f7.dir/CheckSymbolExists.c.o   -c /opt/workspace/build/intra_process_demo/CMakeFiles/CMakeTmp/CheckSymbolExists.c
Linking C executable cmTC_127f7
/usr/bin/cmake -E cmake_link_script CMakeFiles/cmTC_127f7.dir/link.txt --verbose=1
/usr/bin/cc      CMakeFiles/cmTC_127f7.dir/CheckSymbolExists.c.o  -o cmTC_127f7 
CMakeFiles/cmTC_127f7.dir/CheckSymbolExists.c.o: In function `main':
CheckSymbolExists.c:(.text+0x1b): undefined reference to `pthread_create'
collect2: error: ld returned 1 exit status
CMakeFiles/cmTC_127f7.dir/build.make:97: recipe for target 'cmTC_127f7' failed
make[1]: *** [cmTC_127f7] Error 1
make[1]: Leaving directory '/opt/workspace/build/intra_process_demo/CMakeFiles/CMakeTmp'
Makefile:126: recipe for target 'cmTC_127f7/fast' failed
make: *** [cmTC_127f7/fast] Error 2

File /opt/workspace/build/intra_process_demo/CMakeFiles/CMakeTmp/CheckSymbolExists.c:
/* */
#include <pthread.h>

int main(int argc, char** argv)
{
  (void)argv;
#ifndef pthread_create
  return ((int*)(&pthread_create))[argc];
#else
  (void)argc;
  return 0;
#endif
}

Determining if the function pthread_create exists in the pthreads failed with the following output:
Change Dir: /opt/workspace/build/intra_process_demo/CMakeFiles/CMakeTmp

Run Build Command:"/usr/bin/make" "cmTC_5628a/fast"
/usr/bin/make -f CMakeFiles/cmTC_5628a.dir/build.make CMakeFiles/cmTC_5628a.dir/build
make[1]: Entering directory '/opt/workspace/build/intra_process_demo/CMakeFiles/CMakeTmp'
Building C object CMakeFiles/cmTC_5628a.dir/CheckFunctionExists.c.o
/usr/bin/cc   -DCHECK_FUNCTION_EXISTS=pthread_create   -o CMakeFiles/cmTC_5628a.dir/CheckFunctionExists.c.o   -c /usr/share/cmake-3.10/Modules/CheckFunctionExists.c
Linking C executable cmTC_5628a
/usr/bin/cmake -E cmake_link_script CMakeFiles/cmTC_5628a.dir/link.txt --verbose=1
/usr/bin/cc  -DCHECK_FUNCTION_EXISTS=pthread_create    CMakeFiles/cmTC_5628a.dir/CheckFunctionExists.c.o  -o cmTC_5628a -lpthreads 
/usr/bin/ld: cannot find -lpthreads
collect2: error: ld returned 1 exit status
CMakeFiles/cmTC_5628a.dir/build.make:97: recipe for target 'cmTC_5628a' failed
make[1]: *** [cmTC_5628a] Error 1
make[1]: Leaving directory '/opt/workspace/build/intra_process_demo/CMakeFiles/CMakeTmp'
Makefile:126: recipe for target 'cmTC_5628a/fast' failed
make: *** [cmTC_5628a/fast] Error 2


