[1.183s] -- The C compiler identification is GNU 7.4.0
[1.319s] -- The CXX compiler identification is GNU 7.4.0
[1.332s] -- Check for working C compiler: /usr/bin/cc
[1.505s] -- Check for working C compiler: /usr/bin/cc -- works
[1.506s] -- Detecting C compiler ABI info
[1.691s] -- Detecting C compiler ABI info - done
[1.706s] -- Detecting C compile features
[2.272s] -- Detecting C compile features - done
[2.277s] -- Check for working CXX compiler: /usr/bin/c++
[2.490s] -- Check for working CXX compiler: /usr/bin/c++ -- works
[2.492s] -- Detecting CXX compiler ABI info
[2.709s] -- Detecting CXX compiler ABI info - done
[2.723s] -- Detecting CXX compile features
[3.431s] -- Detecting CXX compile features - done
[3.440s] -- Found ament_cmake: 0.8.2 (/opt/workspace/install/ament_cmake/share/ament_cmake/cmake)
[3.555s] -- Found PythonInterp: /usr/bin/python3 (found suitable version "3.6.9", minimum required is "3") 
[3.556s] -- Using PYTHON_EXECUTABLE: /usr/bin/python3
[4.211s] -- Found ament_cmake_pytest: 0.8.2 (/opt/workspace/install/ament_cmake_pytest/share/ament_cmake_pytest/cmake)
[4.216s] -- Found rmw: 0.8.1 (/opt/workspace/install/rmw/share/rmw/cmake)
[4.249s] -- Found rosidl_adapter: 0.8.2 (/opt/workspace/install/rosidl_adapter/share/rosidl_adapter/cmake)
[4.273s] -- Found ament_lint_auto: 0.8.1 (/opt/workspace/install/ament_lint_auto/share/ament_lint_auto/cmake)
[4.566s] -- Found rmw_implementation_cmake: 0.8.1 (/opt/workspace/install/rmw_implementation_cmake/share/rmw_implementation_cmake/cmake)
[4.578s] -- Using RMW implementation 'rmw_fastrtps_cpp' as default
[4.580s] -- Looking for pthread.h
[4.717s] -- Looking for pthread.h - found
[4.718s] -- Looking for pthread_create
[4.861s] -- Looking for pthread_create - not found
[4.861s] -- Looking for pthread_create in pthreads
[4.982s] -- Looking for pthread_create in pthreads - not found
[4.982s] -- Looking for pthread_create in pthread
[5.119s] -- Looking for pthread_create in pthread - found
[5.120s] -- Found Threads: TRUE  
[5.352s] -- Found OpenSSL: /usr/lib/x86_64-linux-gnu/libcrypto.so (found version "1.1.1") 
[5.411s] -- Found FastRTPS: /opt/workspace/install/fastrtps/include  
[5.907s] -- Found PythonInterp: /usr/bin/python3 (found version "3.6.9") 
[6.297s] -- Using all available rosidl_typesupport_c: rosidl_typesupport_fastrtps_c;rosidl_typesupport_introspection_c
[6.365s] -- Found PythonInterp: /usr/bin/python3 (found suitable version "3.6.9", minimum required is "3.5") 
[6.436s] -- Found PythonLibs: /usr/lib/x86_64-linux-gnu/libpython3.6m.so (found suitable version "3.6.9", minimum required is "3.5") 
[6.437s] -- Using PYTHON_EXECUTABLE: /usr/bin/python3
[6.437s] -- Using PYTHON_INCLUDE_DIRS: /usr/include/python3.6m
[6.437s] -- Using PYTHON_LIBRARIES: /usr/lib/x86_64-linux-gnu/libpython3.6m.so
[6.496s] -- Found PythonExtra: .so  
[7.391s] -- Added test 'copyright' to check for copyright in CMake / C / C++ / Python code
[7.398s] -- Added test 'flake8' to check Python code syntax and style conventions
[7.398s] -- Added test 'lint_cmake' to check CMake code style
[7.400s] -- Added test 'pep257' to check Python code against some of the style conventions in PEP 257
[7.403s] -- Added test 'xmllint' to check XML markup files
[7.412s] -- Configuring done
[7.525s] -- Generating done
[7.531s] -- Build files have been written to: /opt/workspace/build/rosidl_generator_py
[7.636s] [35m[1mScanning dependencies of target rosidl_generator_py_custom__cpp[0m
[7.639s] [  0%] [34m[1mGenerating C code for ROS interfaces[0m
[7.661s] [  1%] [34m[1mGenerating C++ code for ROS interfaces[0m
[14.389s] [35m[1mScanning dependencies of target rosidl_generator_py_custom__rosidl_generator_c[0m
[14.417s] [  2%] [32mBuilding C object CMakeFiles/rosidl_generator_py_custom__rosidl_generator_c.dir/rosidl_generator_c/rosidl_generator_py/msg/arrays__functions.c.o[0m
[14.435s] [  2%] Built target rosidl_generator_py_custom__cpp
[14.484s] [  3%] [32mBuilding C object CMakeFiles/rosidl_generator_py_custom__rosidl_generator_c.dir/rosidl_generator_c/rosidl_generator_py/msg/nested__functions.c.o[0m
[14.541s] [  4%] [32mBuilding C object CMakeFiles/rosidl_generator_py_custom__rosidl_generator_c.dir/rosidl_generator_c/rosidl_generator_py/msg/multi_nested__functions.c.o[0m
[14.606s] [  5%] [32mBuilding C object CMakeFiles/rosidl_generator_py_custom__rosidl_generator_c.dir/rosidl_generator_c/rosidl_generator_py/msg/empty__functions.c.o[0m
[14.661s] [  6%] [32mBuilding C object CMakeFiles/rosidl_generator_py_custom__rosidl_generator_c.dir/rosidl_generator_c/rosidl_generator_py/msg/strings__functions.c.o[0m
[14.719s] [  7%] [32mBuilding C object CMakeFiles/rosidl_generator_py_custom__rosidl_generator_c.dir/rosidl_generator_c/rosidl_generator_py/msg/unbounded_sequences__functions.c.o[0m
[14.784s] [  8%] [32mBuilding C object CMakeFiles/rosidl_generator_py_custom__rosidl_generator_c.dir/rosidl_generator_c/rosidl_generator_py/msg/w_strings__functions.c.o[0m
[14.843s] [  9%] [32mBuilding C object CMakeFiles/rosidl_generator_py_custom__rosidl_generator_c.dir/rosidl_generator_c/rosidl_generator_py/msg/string_arrays__functions.c.o[0m
[14.908s] [ 10%] [32mBuilding C object CMakeFiles/rosidl_generator_py_custom__rosidl_generator_c.dir/rosidl_generator_c/rosidl_generator_py/msg/defaults__functions.c.o[0m
[14.963s] [ 11%] [32mBuilding C object CMakeFiles/rosidl_generator_py_custom__rosidl_generator_c.dir/rosidl_generator_c/rosidl_generator_py/msg/constants__functions.c.o[0m
[15.030s] [ 12%] [32mBuilding C object CMakeFiles/rosidl_generator_py_custom__rosidl_generator_c.dir/rosidl_generator_c/rosidl_generator_py/msg/bounded_sequences__functions.c.o[0m
[15.098s] [ 13%] [32mBuilding C object CMakeFiles/rosidl_generator_py_custom__rosidl_generator_c.dir/rosidl_generator_c/rosidl_generator_py/msg/basic_types__functions.c.o[0m
[15.150s] [ 14%] [32m[1mLinking C shared library librosidl_generator_py_custom__rosidl_generator_c.so[0m
[15.196s] [ 14%] Built target rosidl_generator_py_custom__rosidl_generator_c
[15.216s] [ 14%] [34m[1mGenerating C++ type support for eProsima Fast-RTPS[0m
[15.220s] [ 15%] [34m[1mGenerating C++ introspection for ROS interfaces[0m
[21.588s] [35m[1mScanning dependencies of target rosidl_generator_py_custom__rosidl_typesupport_introspection_cpp[0m
[21.660s] [ 16%] [32mBuilding CXX object CMakeFiles/rosidl_generator_py_custom__rosidl_typesupport_introspection_cpp.dir/rosidl_typesupport_introspection_cpp/rosidl_generator_py/msg/arrays__type_support.cpp.o[0m
[21.992s] [35m[1mScanning dependencies of target rosidl_generator_py_custom__rosidl_typesupport_fastrtps_cpp[0m
[22.117s] [ 17%] [32mBuilding CXX object CMakeFiles/rosidl_generator_py_custom__rosidl_typesupport_fastrtps_cpp.dir/rosidl_typesupport_fastrtps_cpp/rosidl_generator_py/msg/dds_fastrtps/arrays__type_support.cpp.o[0m
[22.604s] [ 18%] [32mBuilding CXX object CMakeFiles/rosidl_generator_py_custom__rosidl_typesupport_introspection_cpp.dir/rosidl_typesupport_introspection_cpp/rosidl_generator_py/msg/defaults__type_support.cpp.o[0m
[23.154s] [ 19%] [32mBuilding CXX object CMakeFiles/rosidl_generator_py_custom__rosidl_typesupport_fastrtps_cpp.dir/rosidl_typesupport_fastrtps_cpp/rosidl_generator_py/msg/dds_fastrtps/basic_types__type_support.cpp.o[0m
[23.199s] [ 20%] [32mBuilding CXX object CMakeFiles/rosidl_generator_py_custom__rosidl_typesupport_introspection_cpp.dir/rosidl_typesupport_introspection_cpp/rosidl_generator_py/msg/empty__type_support.cpp.o[0m
[23.840s] [ 21%] [32mBuilding CXX object CMakeFiles/rosidl_generator_py_custom__rosidl_typesupport_introspection_cpp.dir/rosidl_typesupport_introspection_cpp/rosidl_generator_py/msg/multi_nested__type_support.cpp.o[0m
[24.030s] [ 22%] [32mBuilding CXX object CMakeFiles/rosidl_generator_py_custom__rosidl_typesupport_fastrtps_cpp.dir/rosidl_typesupport_fastrtps_cpp/rosidl_generator_py/msg/dds_fastrtps/bounded_sequences__type_support.cpp.o[0m
[25.907s] [ 23%] [32mBuilding CXX object CMakeFiles/rosidl_generator_py_custom__rosidl_typesupport_fastrtps_cpp.dir/rosidl_typesupport_fastrtps_cpp/rosidl_generator_py/msg/dds_fastrtps/constants__type_support.cpp.o[0m
[26.543s] [ 24%] [32mBuilding CXX object CMakeFiles/rosidl_generator_py_custom__rosidl_typesupport_fastrtps_cpp.dir/rosidl_typesupport_fastrtps_cpp/rosidl_generator_py/msg/dds_fastrtps/defaults__type_support.cpp.o[0m
[26.885s] [ 25%] [32mBuilding CXX object CMakeFiles/rosidl_generator_py_custom__rosidl_typesupport_introspection_cpp.dir/rosidl_typesupport_introspection_cpp/rosidl_generator_py/msg/nested__type_support.cpp.o[0m
[27.076s] [ 26%] [32mBuilding CXX object CMakeFiles/rosidl_generator_py_custom__rosidl_typesupport_fastrtps_cpp.dir/rosidl_typesupport_fastrtps_cpp/rosidl_generator_py/msg/dds_fastrtps/empty__type_support.cpp.o[0m
[27.260s] [ 27%] [32mBuilding CXX object CMakeFiles/rosidl_generator_py_custom__rosidl_typesupport_introspection_cpp.dir/rosidl_typesupport_introspection_cpp/rosidl_generator_py/msg/strings__type_support.cpp.o[0m
[27.605s] [ 28%] [32mBuilding CXX object CMakeFiles/rosidl_generator_py_custom__rosidl_typesupport_fastrtps_cpp.dir/rosidl_typesupport_fastrtps_cpp/rosidl_generator_py/msg/dds_fastrtps/multi_nested__type_support.cpp.o[0m
[27.658s] [ 29%] [32mBuilding CXX object CMakeFiles/rosidl_generator_py_custom__rosidl_typesupport_introspection_cpp.dir/rosidl_typesupport_introspection_cpp/rosidl_generator_py/msg/unbounded_sequences__type_support.cpp.o[0m
[29.092s] [ 30%] [32mBuilding CXX object CMakeFiles/rosidl_generator_py_custom__rosidl_typesupport_introspection_cpp.dir/rosidl_typesupport_introspection_cpp/rosidl_generator_py/msg/constants__type_support.cpp.o[0m
[29.425s] [ 31%] [32mBuilding CXX object CMakeFiles/rosidl_generator_py_custom__rosidl_typesupport_introspection_cpp.dir/rosidl_typesupport_introspection_cpp/rosidl_generator_py/msg/bounded_sequences__type_support.cpp.o[0m
[29.580s] [ 32%] [32mBuilding CXX object CMakeFiles/rosidl_generator_py_custom__rosidl_typesupport_fastrtps_cpp.dir/rosidl_typesupport_fastrtps_cpp/rosidl_generator_py/msg/dds_fastrtps/unbounded_sequences__type_support.cpp.o[0m
[30.727s] [ 33%] [32mBuilding CXX object CMakeFiles/rosidl_generator_py_custom__rosidl_typesupport_fastrtps_cpp.dir/rosidl_typesupport_fastrtps_cpp/rosidl_generator_py/msg/dds_fastrtps/strings__type_support.cpp.o[0m
[30.932s] [ 34%] [32mBuilding CXX object CMakeFiles/rosidl_generator_py_custom__rosidl_typesupport_introspection_cpp.dir/rosidl_typesupport_introspection_cpp/rosidl_generator_py/msg/string_arrays__type_support.cpp.o[0m
[31.243s] [ 35%] [32mBuilding CXX object CMakeFiles/rosidl_generator_py_custom__rosidl_typesupport_fastrtps_cpp.dir/rosidl_typesupport_fastrtps_cpp/rosidl_generator_py/msg/dds_fastrtps/w_strings__type_support.cpp.o[0m
[31.398s] [ 36%] [32mBuilding CXX object CMakeFiles/rosidl_generator_py_custom__rosidl_typesupport_introspection_cpp.dir/rosidl_typesupport_introspection_cpp/rosidl_generator_py/msg/w_strings__type_support.cpp.o[0m
[31.875s] [ 37%] [32mBuilding CXX object CMakeFiles/rosidl_generator_py_custom__rosidl_typesupport_fastrtps_cpp.dir/rosidl_typesupport_fastrtps_cpp/rosidl_generator_py/msg/dds_fastrtps/string_arrays__type_support.cpp.o[0m
[31.883s] [ 38%] [32mBuilding CXX object CMakeFiles/rosidl_generator_py_custom__rosidl_typesupport_introspection_cpp.dir/rosidl_typesupport_introspection_cpp/rosidl_generator_py/msg/basic_types__type_support.cpp.o[0m
[32.281s] [ 39%] [32m[1mLinking CXX shared library librosidl_generator_py_custom__rosidl_typesupport_introspection_cpp.so[0m
[32.527s] [ 39%] Built target rosidl_generator_py_custom__rosidl_typesupport_introspection_cpp
[32.551s] [ 40%] [34m[1mGenerating C introspection for ROS interfaces[0m
[32.571s] [ 41%] [32mBuilding CXX object CMakeFiles/rosidl_generator_py_custom__rosidl_typesupport_fastrtps_cpp.dir/rosidl_typesupport_fastrtps_cpp/rosidl_generator_py/msg/dds_fastrtps/nested__type_support.cpp.o[0m
[33.118s] [ 42%] [32m[1mLinking CXX shared library librosidl_generator_py_custom__rosidl_typesupport_fastrtps_cpp.so[0m
[33.358s] [ 42%] Built target rosidl_generator_py_custom__rosidl_typesupport_fastrtps_cpp
[33.382s] [ 43%] [34m[1mGenerating C type support dispatch for ROS interfaces[0m
[38.457s] [35m[1mScanning dependencies of target rosidl_generator_py_custom__rosidl_typesupport_c[0m
[38.539s] [ 44%] [32mBuilding CXX object CMakeFiles/rosidl_generator_py_custom__rosidl_typesupport_c.dir/rosidl_typesupport_c/rosidl_generator_py/msg/arrays__type_support.cpp.o[0m
[38.666s] [ 45%] [32mBuilding CXX object CMakeFiles/rosidl_generator_py_custom__rosidl_typesupport_c.dir/rosidl_typesupport_c/rosidl_generator_py/msg/bounded_sequences__type_support.cpp.o[0m
[38.675s] [ 46%] [32mBuilding CXX object CMakeFiles/rosidl_generator_py_custom__rosidl_typesupport_c.dir/rosidl_typesupport_c/rosidl_generator_py/msg/basic_types__type_support.cpp.o[0m
[38.822s] [ 46%] [32mBuilding CXX object CMakeFiles/rosidl_generator_py_custom__rosidl_typesupport_c.dir/rosidl_typesupport_c/rosidl_generator_py/msg/multi_nested__type_support.cpp.o[0m
[38.826s] [ 47%] [32mBuilding CXX object CMakeFiles/rosidl_generator_py_custom__rosidl_typesupport_c.dir/rosidl_typesupport_c/rosidl_generator_py/msg/nested__type_support.cpp.o[0m
[38.850s] [35m[1mScanning dependencies of target rosidl_generator_py_custom__rosidl_typesupport_introspection_c[0m
[38.914s] [ 48%] [32mBuilding CXX object CMakeFiles/rosidl_generator_py_custom__rosidl_typesupport_c.dir/rosidl_typesupport_c/rosidl_generator_py/msg/strings__type_support.cpp.o[0m
[38.937s] [ 49%] [32mBuilding C object CMakeFiles/rosidl_generator_py_custom__rosidl_typesupport_introspection_c.dir/rosidl_typesupport_introspection_c/rosidl_generator_py/msg/arrays__type_support.c.o[0m
[38.960s] [ 50%] [32mBuilding CXX object CMakeFiles/rosidl_generator_py_custom__rosidl_typesupport_c.dir/rosidl_typesupport_c/rosidl_generator_py/msg/unbounded_sequences__type_support.cpp.o[0m
[39.038s] [ 51%] [32mBuilding CXX object CMakeFiles/rosidl_generator_py_custom__rosidl_typesupport_c.dir/rosidl_typesupport_c/rosidl_generator_py/msg/w_strings__type_support.cpp.o[0m
[39.087s] [ 52%] [32mBuilding CXX object CMakeFiles/rosidl_generator_py_custom__rosidl_typesupport_c.dir/rosidl_typesupport_c/rosidl_generator_py/msg/string_arrays__type_support.cpp.o[0m
[39.098s] [ 53%] [32mBuilding C object CMakeFiles/rosidl_generator_py_custom__rosidl_typesupport_introspection_c.dir/rosidl_typesupport_introspection_c/rosidl_generator_py/msg/basic_types__type_support.c.o[0m
[39.126s] [ 54%] [32mBuilding C object CMakeFiles/rosidl_generator_py_custom__rosidl_typesupport_introspection_c.dir/rosidl_typesupport_introspection_c/rosidl_generator_py/msg/bounded_sequences__type_support.c.o[0m
[39.197s] [ 55%] [32mBuilding CXX object CMakeFiles/rosidl_generator_py_custom__rosidl_typesupport_c.dir/rosidl_typesupport_c/rosidl_generator_py/msg/empty__type_support.cpp.o[0m
[39.271s] [ 56%] [32mBuilding C object CMakeFiles/rosidl_generator_py_custom__rosidl_typesupport_introspection_c.dir/rosidl_typesupport_introspection_c/rosidl_generator_py/msg/defaults__type_support.c.o[0m
[39.300s] [ 57%] [32mBuilding CXX object CMakeFiles/rosidl_generator_py_custom__rosidl_typesupport_c.dir/rosidl_typesupport_c/rosidl_generator_py/msg/defaults__type_support.cpp.o[0m
[39.340s] [ 58%] [32mBuilding C object CMakeFiles/rosidl_generator_py_custom__rosidl_typesupport_introspection_c.dir/rosidl_typesupport_introspection_c/rosidl_generator_py/msg/empty__type_support.c.o[0m
[39.377s] [ 59%] [32mBuilding CXX object CMakeFiles/rosidl_generator_py_custom__rosidl_typesupport_c.dir/rosidl_typesupport_c/rosidl_generator_py/msg/constants__type_support.cpp.o[0m
[39.485s] [ 60%] [32mBuilding C object CMakeFiles/rosidl_generator_py_custom__rosidl_typesupport_introspection_c.dir/rosidl_typesupport_introspection_c/rosidl_generator_py/msg/strings__type_support.c.o[0m
[39.524s] [ 61%] [32mBuilding C object CMakeFiles/rosidl_generator_py_custom__rosidl_typesupport_introspection_c.dir/rosidl_typesupport_introspection_c/rosidl_generator_py/msg/unbounded_sequences__type_support.c.o[0m
[39.526s] [ 62%] [32m[1mLinking CXX shared library librosidl_generator_py_custom__rosidl_typesupport_c.so[0m
[39.626s] [ 63%] [32mBuilding C object CMakeFiles/rosidl_generator_py_custom__rosidl_typesupport_introspection_c.dir/rosidl_typesupport_introspection_c/rosidl_generator_py/msg/w_strings__type_support.c.o[0m
[39.713s] [ 64%] [32mBuilding C object CMakeFiles/rosidl_generator_py_custom__rosidl_typesupport_introspection_c.dir/rosidl_typesupport_introspection_c/rosidl_generator_py/msg/string_arrays__type_support.c.o[0m
[39.738s] [ 65%] [32mBuilding C object CMakeFiles/rosidl_generator_py_custom__rosidl_typesupport_introspection_c.dir/rosidl_typesupport_introspection_c/rosidl_generator_py/msg/nested__type_support.c.o[0m
[39.785s] [ 65%] Built target rosidl_generator_py_custom__rosidl_typesupport_c
[39.875s] [ 65%] [32mBuilding C object CMakeFiles/rosidl_generator_py_custom__rosidl_typesupport_introspection_c.dir/rosidl_typesupport_introspection_c/rosidl_generator_py/msg/multi_nested__type_support.c.o[0m
[39.886s] [ 66%] [34m[1mGenerating C type support for eProsima Fast-RTPS[0m
[39.891s] [ 67%] [32mBuilding C object CMakeFiles/rosidl_generator_py_custom__rosidl_typesupport_introspection_c.dir/rosidl_typesupport_introspection_c/rosidl_generator_py/msg/constants__type_support.c.o[0m
[40.070s] [ 68%] [32m[1mLinking C shared library librosidl_generator_py_custom__rosidl_typesupport_introspection_c.so[0m
[40.158s] [ 68%] Built target rosidl_generator_py_custom__rosidl_typesupport_introspection_c
[45.734s] [35m[1mScanning dependencies of target rosidl_generator_py_custom__rosidl_typesupport_fastrtps_c[0m
[45.802s] [ 69%] [32mBuilding CXX object CMakeFiles/rosidl_generator_py_custom__rosidl_typesupport_fastrtps_c.dir/rosidl_typesupport_fastrtps_c/rosidl_generator_py/msg/arrays__type_support_c.cpp.o[0m
[46.275s] [ 70%] [32mBuilding CXX object CMakeFiles/rosidl_generator_py_custom__rosidl_typesupport_fastrtps_c.dir/rosidl_typesupport_fastrtps_c/rosidl_generator_py/msg/nested__type_support_c.cpp.o[0m
[46.680s] [ 71%] [32mBuilding CXX object CMakeFiles/rosidl_generator_py_custom__rosidl_typesupport_fastrtps_c.dir/rosidl_typesupport_fastrtps_c/rosidl_generator_py/msg/strings__type_support_c.cpp.o[0m
[47.137s] [ 72%] [32mBuilding CXX object CMakeFiles/rosidl_generator_py_custom__rosidl_typesupport_fastrtps_c.dir/rosidl_typesupport_fastrtps_c/rosidl_generator_py/msg/unbounded_sequences__type_support_c.cpp.o[0m
[47.636s] [ 73%] [32mBuilding CXX object CMakeFiles/rosidl_generator_py_custom__rosidl_typesupport_fastrtps_c.dir/rosidl_typesupport_fastrtps_c/rosidl_generator_py/msg/w_strings__type_support_c.cpp.o[0m
[48.079s] [ 74%] [32mBuilding CXX object CMakeFiles/rosidl_generator_py_custom__rosidl_typesupport_fastrtps_c.dir/rosidl_typesupport_fastrtps_c/rosidl_generator_py/msg/string_arrays__type_support_c.cpp.o[0m
[48.566s] [ 75%] [32mBuilding CXX object CMakeFiles/rosidl_generator_py_custom__rosidl_typesupport_fastrtps_c.dir/rosidl_typesupport_fastrtps_c/rosidl_generator_py/msg/multi_nested__type_support_c.cpp.o[0m
[49.024s] [ 76%] [32mBuilding CXX object CMakeFiles/rosidl_generator_py_custom__rosidl_typesupport_fastrtps_c.dir/rosidl_typesupport_fastrtps_c/rosidl_generator_py/msg/empty__type_support_c.cpp.o[0m
[49.443s] [ 77%] [32mBuilding CXX object CMakeFiles/rosidl_generator_py_custom__rosidl_typesupport_fastrtps_c.dir/rosidl_typesupport_fastrtps_c/rosidl_generator_py/msg/defaults__type_support_c.cpp.o[0m
[49.886s] [ 78%] [32mBuilding CXX object CMakeFiles/rosidl_generator_py_custom__rosidl_typesupport_fastrtps_c.dir/rosidl_typesupport_fastrtps_c/rosidl_generator_py/msg/constants__type_support_c.cpp.o[0m
[50.293s] [ 79%] [32mBuilding CXX object CMakeFiles/rosidl_generator_py_custom__rosidl_typesupport_fastrtps_c.dir/rosidl_typesupport_fastrtps_c/rosidl_generator_py/msg/bounded_sequences__type_support_c.cpp.o[0m
[50.803s] [ 80%] [32mBuilding CXX object CMakeFiles/rosidl_generator_py_custom__rosidl_typesupport_fastrtps_c.dir/rosidl_typesupport_fastrtps_c/rosidl_generator_py/msg/basic_types__type_support_c.cpp.o[0m
[51.234s] [ 81%] [32m[1mLinking CXX shared library librosidl_generator_py_custom__rosidl_typesupport_fastrtps_c.so[0m
[51.356s] [ 81%] Built target rosidl_generator_py_custom__rosidl_typesupport_fastrtps_c
[51.372s] [35m[1mScanning dependencies of target rosidl_generator_py_custom[0m
[51.389s] [ 81%] Built target rosidl_generator_py_custom
[51.406s] [35m[1mScanning dependencies of target rosidl_generator_py_custom__py[0m
[51.423s] [ 82%] [34m[1mGenerating Python code for ROS interfaces[0m
[66.489s] [ 82%] Built target rosidl_generator_py_custom__py
[66.506s] [35m[1mScanning dependencies of target rosidl_generator_py_custom__python[0m
[66.587s] [ 83%] [32mBuilding C object CMakeFiles/rosidl_generator_py_custom__python.dir/rosidl_generator_py/rosidl_generator_py/msg/_arrays_s.c.o[0m
[66.592s] [ 84%] [32mBuilding C object CMakeFiles/rosidl_generator_py_custom__python.dir/rosidl_generator_py/rosidl_generator_py/msg/_basic_types_s.c.o[0m
[66.733s] [ 85%] [32mBuilding C object CMakeFiles/rosidl_generator_py_custom__python.dir/rosidl_generator_py/rosidl_generator_py/msg/_nested_s.c.o[0m
[66.869s] [ 86%] [32mBuilding C object CMakeFiles/rosidl_generator_py_custom__python.dir/rosidl_generator_py/rosidl_generator_py/msg/_strings_s.c.o[0m
[66.873s] [ 87%] [32mBuilding C object CMakeFiles/rosidl_generator_py_custom__python.dir/rosidl_generator_py/rosidl_generator_py/msg/_unbounded_sequences_s.c.o[0m
[67.020s] [ 88%] [32mBuilding C object CMakeFiles/rosidl_generator_py_custom__python.dir/rosidl_generator_py/rosidl_generator_py/msg/_w_strings_s.c.o[0m
[67.188s] [ 89%] [32mBuilding C object CMakeFiles/rosidl_generator_py_custom__python.dir/rosidl_generator_py/rosidl_generator_py/msg/_string_arrays_s.c.o[0m
[67.342s] [ 90%] [32mBuilding C object CMakeFiles/rosidl_generator_py_custom__python.dir/rosidl_generator_py/rosidl_generator_py/msg/_multi_nested_s.c.o[0m
[67.421s] [ 91%] [32mBuilding C object CMakeFiles/rosidl_generator_py_custom__python.dir/rosidl_generator_py/rosidl_generator_py/msg/_empty_s.c.o[0m
[67.528s] [ 92%] [32mBuilding C object CMakeFiles/rosidl_generator_py_custom__python.dir/rosidl_generator_py/rosidl_generator_py/msg/_defaults_s.c.o[0m
[67.541s] [ 93%] [32mBuilding C object CMakeFiles/rosidl_generator_py_custom__python.dir/rosidl_generator_py/rosidl_generator_py/msg/_constants_s.c.o[0m
[67.659s] [ 94%] [32mBuilding C object CMakeFiles/rosidl_generator_py_custom__python.dir/rosidl_generator_py/rosidl_generator_py/msg/_bounded_sequences_s.c.o[0m
[68.138s] [ 95%] [32m[1mLinking C shared library rosidl_generator_py/rosidl_generator_py/librosidl_generator_py_custom__python.so[0m
[68.217s] [ 95%] Built target rosidl_generator_py_custom__python
[68.236s] [35m[1mScanning dependencies of target rosidl_generator_py__rosidl_typesupport_introspection_c__pyext[0m
[68.240s] [35m[1mScanning dependencies of target rosidl_generator_py__rosidl_typesupport_c__pyext[0m
[68.274s] [ 96%] [32mBuilding C object CMakeFiles/rosidl_generator_py__rosidl_typesupport_introspection_c__pyext.dir/rosidl_generator_py/rosidl_generator_py/_rosidl_generator_py_s.ep.rosidl_typesupport_introspection_c.c.o[0m
[68.288s] [ 96%] [32mBuilding C object CMakeFiles/rosidl_generator_py__rosidl_typesupport_c__pyext.dir/rosidl_generator_py/rosidl_generator_py/_rosidl_generator_py_s.ep.rosidl_typesupport_c.c.o[0m
[68.455s] [ 97%] [32m[1mLinking C shared library rosidl_generator_py/rosidl_generator_py/rosidl_generator_py_s__rosidl_typesupport_introspection_c.cpython-36m-x86_64-linux-gnu.so[0m
[68.516s] [ 97%] Built target rosidl_generator_py__rosidl_typesupport_introspection_c__pyext
[68.541s] [35m[1mScanning dependencies of target rosidl_generator_py__rosidl_typesupport_fastrtps_c__pyext[0m
[68.543s] [ 98%] [32m[1mLinking C shared library rosidl_generator_py/rosidl_generator_py/rosidl_generator_py_s__rosidl_typesupport_c.cpython-36m-x86_64-linux-gnu.so[0m
[68.594s] [ 99%] [32mBuilding C object CMakeFiles/rosidl_generator_py__rosidl_typesupport_fastrtps_c__pyext.dir/rosidl_generator_py/rosidl_generator_py/_rosidl_generator_py_s.ep.rosidl_typesupport_fastrtps_c.c.o[0m
[68.606s] [ 99%] Built target rosidl_generator_py__rosidl_typesupport_c__pyext
[68.809s] [100%] [32m[1mLinking CXX shared library rosidl_generator_py/rosidl_generator_py/rosidl_generator_py_s__rosidl_typesupport_fastrtps_c.cpython-36m-x86_64-linux-gnu.so[0m
[68.915s] [100%] Built target rosidl_generator_py__rosidl_typesupport_fastrtps_c__pyext
[69.334s] [  1%] Built target rosidl_generator_py_custom__cpp
[69.347s] [ 14%] Built target rosidl_generator_py_custom__rosidl_generator_c
[69.401s] [ 28%] Built target rosidl_generator_py_custom__rosidl_typesupport_introspection_cpp
[69.404s] [ 41%] Built target rosidl_generator_py_custom__rosidl_typesupport_fastrtps_cpp
[69.457s] [ 54%] Built target rosidl_generator_py_custom__rosidl_typesupport_c
[69.464s] [ 67%] Built target rosidl_generator_py_custom__rosidl_typesupport_introspection_c
[69.527s] [ 81%] Built target rosidl_generator_py_custom__rosidl_typesupport_fastrtps_c
[69.574s] [ 81%] Built target rosidl_generator_py_custom
[69.614s] [ 82%] Built target rosidl_generator_py_custom__py
[69.690s] [ 95%] Built target rosidl_generator_py_custom__python
[69.743s] [ 96%] Built target rosidl_generator_py__rosidl_typesupport_c__pyext
[69.793s] [ 98%] Built target rosidl_generator_py__rosidl_typesupport_fastrtps_c__pyext
[69.846s] [100%] Built target rosidl_generator_py__rosidl_typesupport_introspection_c__pyext
[69.884s] [36mInstall the project...[0m
[69.904s] -- Install configuration: ""
[69.904s] -- Installing: /opt/workspace/install/rosidl_generator_py/share/ament_index/resource_index/rosidl_generator_packages/rosidl_generator_py
[69.904s] -- Installing: /opt/workspace/install/rosidl_generator_py/share/rosidl_generator_py/environment/pythonpath.sh
[69.905s] -- Installing: /opt/workspace/install/rosidl_generator_py/share/rosidl_generator_py/environment/pythonpath.dsv
[69.905s] -- Installing: /opt/workspace/install/rosidl_generator_py/lib/python3.6/site-packages/rosidl_generator_py
[69.905s] -- Installing: /opt/workspace/install/rosidl_generator_py/lib/python3.6/site-packages/rosidl_generator_py/__init__.py
[69.905s] -- Installing: /opt/workspace/install/rosidl_generator_py/lib/python3.6/site-packages/rosidl_generator_py/import_type_support_impl.py
[69.906s] -- Installing: /opt/workspace/install/rosidl_generator_py/lib/python3.6/site-packages/rosidl_generator_py/generate_py_impl.py
[69.999s] Listing '/opt/workspace/install/rosidl_generator_py/lib/python3.6/site-packages/rosidl_generator_py'...
[69.999s] Compiling '/opt/workspace/install/rosidl_generator_py/lib/python3.6/site-packages/rosidl_generator_py/__init__.py'...
[69.999s] Compiling '/opt/workspace/install/rosidl_generator_py/lib/python3.6/site-packages/rosidl_generator_py/generate_py_impl.py'...
[70.000s] Compiling '/opt/workspace/install/rosidl_generator_py/lib/python3.6/site-packages/rosidl_generator_py/import_type_support_impl.py'...
[70.006s] -- Installing: /opt/workspace/install/rosidl_generator_py/share/ament_index/resource_index/package_run_dependencies/rosidl_generator_py
[70.006s] -- Installing: /opt/workspace/install/rosidl_generator_py/share/ament_index/resource_index/parent_prefix_path/rosidl_generator_py
[70.007s] -- Installing: /opt/workspace/install/rosidl_generator_py/share/rosidl_generator_py/environment/ament_prefix_path.sh
[70.007s] -- Installing: /opt/workspace/install/rosidl_generator_py/share/rosidl_generator_py/environment/ament_prefix_path.dsv
[70.007s] -- Installing: /opt/workspace/install/rosidl_generator_py/share/rosidl_generator_py/environment/path.sh
[70.007s] -- Installing: /opt/workspace/install/rosidl_generator_py/share/rosidl_generator_py/environment/path.dsv
[70.008s] -- Installing: /opt/workspace/install/rosidl_generator_py/share/rosidl_generator_py/local_setup.bash
[70.008s] -- Installing: /opt/workspace/install/rosidl_generator_py/share/rosidl_generator_py/local_setup.sh
[70.008s] -- Installing: /opt/workspace/install/rosidl_generator_py/share/rosidl_generator_py/local_setup.zsh
[70.009s] -- Installing: /opt/workspace/install/rosidl_generator_py/share/rosidl_generator_py/local_setup.dsv
[70.009s] -- Installing: /opt/workspace/install/rosidl_generator_py/share/rosidl_generator_py/package.dsv
[70.009s] -- Installing: /opt/workspace/install/rosidl_generator_py/share/ament_index/resource_index/packages/rosidl_generator_py
[70.009s] -- Installing: /opt/workspace/install/rosidl_generator_py/share/rosidl_generator_py/cmake/rosidl_generator_py_get_typesupports.cmake
[70.010s] -- Installing: /opt/workspace/install/rosidl_generator_py/share/rosidl_generator_py/cmake/register_py.cmake
[70.010s] -- Installing: /opt/workspace/install/rosidl_generator_py/share/rosidl_generator_py/cmake/rosidl_generator_py-extras.cmake
[70.010s] -- Installing: /opt/workspace/install/rosidl_generator_py/share/rosidl_generator_py/cmake/ament_cmake_export_dependencies-extras.cmake
[70.011s] -- Installing: /opt/workspace/install/rosidl_generator_py/share/rosidl_generator_py/cmake/rosidl_cmake-extras.cmake
[70.011s] -- Installing: /opt/workspace/install/rosidl_generator_py/share/rosidl_generator_py/cmake/rosidl_generator_pyConfig.cmake
[70.011s] -- Installing: /opt/workspace/install/rosidl_generator_py/share/rosidl_generator_py/cmake/rosidl_generator_pyConfig-version.cmake
[70.011s] -- Installing: /opt/workspace/install/rosidl_generator_py/share/rosidl_generator_py/package.xml
[70.012s] -- Installing: /opt/workspace/install/rosidl_generator_py/lib/rosidl_generator_py/rosidl_generator_py
[70.012s] -- Up-to-date: /opt/workspace/install/rosidl_generator_py/share/rosidl_generator_py/cmake
[70.012s] -- Installing: /opt/workspace/install/rosidl_generator_py/share/rosidl_generator_py/cmake/rosidl_generator_py_generate_interfaces.cmake
[70.012s] -- Up-to-date: /opt/workspace/install/rosidl_generator_py/share/rosidl_generator_py/cmake/register_py.cmake
[70.012s] -- Up-to-date: /opt/workspace/install/rosidl_generator_py/share/rosidl_generator_py/cmake/rosidl_generator_py_get_typesupports.cmake
[70.013s] -- Installing: /opt/workspace/install/rosidl_generator_py/share/rosidl_generator_py/cmake/custom_command.cmake
[70.013s] -- Installing: /opt/workspace/install/rosidl_generator_py/share/rosidl_generator_py/resource
[70.013s] -- Installing: /opt/workspace/install/rosidl_generator_py/share/rosidl_generator_py/resource/_srv.py.em
[70.013s] -- Installing: /opt/workspace/install/rosidl_generator_py/share/rosidl_generator_py/resource/_action_pkg_typesupport_entry_point.c.em
[70.013s] -- Installing: /opt/workspace/install/rosidl_generator_py/share/rosidl_generator_py/resource/_msg_support.c.em
[70.013s] -- Installing: /opt/workspace/install/rosidl_generator_py/share/rosidl_generator_py/resource/_idl_support.c.em
[70.014s] -- Installing: /opt/workspace/install/rosidl_generator_py/share/rosidl_generator_py/resource/_msg.py.em
[70.014s] -- Installing: /opt/workspace/install/rosidl_generator_py/share/rosidl_generator_py/resource/_msg_pkg_typesupport_entry_point.c.em
[70.014s] -- Installing: /opt/workspace/install/rosidl_generator_py/share/rosidl_generator_py/resource/_srv_pkg_typesupport_entry_point.c.em
[70.014s] -- Installing: /opt/workspace/install/rosidl_generator_py/share/rosidl_generator_py/resource/_idl_pkg_typesupport_entry_point.c.em
[70.014s] -- Installing: /opt/workspace/install/rosidl_generator_py/share/rosidl_generator_py/resource/_action.py.em
[70.014s] -- Installing: /opt/workspace/install/rosidl_generator_py/share/rosidl_generator_py/resource/_idl.py.em
