[0.612s] [36mInstall the project...[0m
[0.637s] -- Install configuration: ""
[0.637s] -- Up-to-date: /opt/workspace/install/rosidl_parser/share/rosidl_parser/environment/pythonpath.sh
[0.637s] -- Up-to-date: /opt/workspace/install/rosidl_parser/share/rosidl_parser/environment/pythonpath.dsv
[0.638s] -- Up-to-date: /opt/workspace/install/rosidl_parser/lib/python3.6/site-packages/rosidl_parser
[0.638s] -- Up-to-date: /opt/workspace/install/rosidl_parser/lib/python3.6/site-packages/rosidl_parser/definition.py
[0.638s] -- Up-to-date: /opt/workspace/install/rosidl_parser/lib/python3.6/site-packages/rosidl_parser/__init__.py
[0.638s] -- Up-to-date: /opt/workspace/install/rosidl_parser/lib/python3.6/site-packages/rosidl_parser/grammar.lark
[0.638s] -- Up-to-date: /opt/workspace/install/rosidl_parser/lib/python3.6/site-packages/rosidl_parser/parser.py
[0.730s] Listing '/opt/workspace/install/rosidl_parser/lib/python3.6/site-packages/rosidl_parser'...
[0.741s] -- Up-to-date: /opt/workspace/install/rosidl_parser/share/ament_index/resource_index/package_run_dependencies/rosidl_parser
[0.749s] -- Up-to-date: /opt/workspace/install/rosidl_parser/share/ament_index/resource_index/parent_prefix_path/rosidl_parser
[0.749s] -- Up-to-date: /opt/workspace/install/rosidl_parser/share/rosidl_parser/environment/ament_prefix_path.sh
[0.750s] -- Up-to-date: /opt/workspace/install/rosidl_parser/share/rosidl_parser/environment/ament_prefix_path.dsv
[0.750s] -- Up-to-date: /opt/workspace/install/rosidl_parser/share/rosidl_parser/environment/path.sh
[0.750s] -- Up-to-date: /opt/workspace/install/rosidl_parser/share/rosidl_parser/environment/path.dsv
[0.750s] -- Up-to-date: /opt/workspace/install/rosidl_parser/share/rosidl_parser/local_setup.bash
[0.750s] -- Up-to-date: /opt/workspace/install/rosidl_parser/share/rosidl_parser/local_setup.sh
[0.751s] -- Up-to-date: /opt/workspace/install/rosidl_parser/share/rosidl_parser/local_setup.zsh
[0.751s] -- Up-to-date: /opt/workspace/install/rosidl_parser/share/rosidl_parser/local_setup.dsv
[0.751s] -- Installing: /opt/workspace/install/rosidl_parser/share/rosidl_parser/package.dsv
[0.751s] -- Up-to-date: /opt/workspace/install/rosidl_parser/share/ament_index/resource_index/packages/rosidl_parser
[0.751s] -- Up-to-date: /opt/workspace/install/rosidl_parser/share/rosidl_parser/cmake/rosidl_parserConfig.cmake
[0.752s] -- Up-to-date: /opt/workspace/install/rosidl_parser/share/rosidl_parser/cmake/rosidl_parserConfig-version.cmake
[0.752s] -- Up-to-date: /opt/workspace/install/rosidl_parser/share/rosidl_parser/package.xml
[0.752s] -- Up-to-date: /opt/workspace/install/rosidl_parser/lib/rosidl_parser/idl2png
