[0.222s] -- The C compiler identification is GNU 7.4.0
[0.333s] -- The CXX compiler identification is GNU 7.4.0
[0.343s] -- Check for working C compiler: /usr/bin/cc
[0.481s] -- Check for working C compiler: /usr/bin/cc -- works
[0.483s] -- Detecting C compiler ABI info
[0.641s] -- Detecting C compiler ABI info - done
[0.654s] -- Detecting C compile features
[1.043s] -- Detecting C compile features - done
[1.048s] -- Check for working CXX compiler: /usr/bin/c++
[1.198s] -- Check for working CXX compiler: /usr/bin/c++ -- works
[1.199s] -- Detecting CXX compiler ABI info
[1.354s] -- Detecting CXX compiler ABI info - done
[1.367s] -- Detecting CXX compile features
[2.110s] -- Detecting CXX compile features - done
[2.116s] -- Found ament_cmake: 0.8.2 (/opt/workspace/install/ament_cmake/share/ament_cmake/cmake)
[2.166s] -- Found PythonInterp: /usr/bin/python3 (found suitable version "3.6.9", minimum required is "3") 
[2.166s] -- Using PYTHON_EXECUTABLE: /usr/bin/python3
[2.643s] -- Found ament_cmake_pytest: 0.8.2 (/opt/workspace/install/ament_cmake_pytest/share/ament_cmake_pytest/cmake)
[2.647s] -- Found ament_lint_auto: 0.8.1 (/opt/workspace/install/ament_lint_auto/share/ament_lint_auto/cmake)
[3.451s] -- Added test 'flake8' to check Python code syntax and style conventions
[3.456s] -- Added test 'lint_cmake' to check CMake code style
[3.458s] -- Added test 'pep257' to check Python code against some of the style conventions in PEP 257
[3.462s] -- Added test 'xmllint' to check XML markup files
[3.468s] -- Configuring done
[3.472s] -- Generating done
[3.475s] -- Build files have been written to: /opt/workspace/build/qt_dotgraph
[3.758s] [36mInstall the project...[0m
[3.776s] -- Install configuration: ""
[3.776s] -- Installing: /opt/workspace/install/qt_dotgraph/share/qt_dotgraph/environment/pythonpath.sh
[3.777s] -- Installing: /opt/workspace/install/qt_dotgraph/share/qt_dotgraph/environment/pythonpath.dsv
[3.777s] -- Installing: /opt/workspace/install/qt_dotgraph/lib/python3.6/site-packages/qt_dotgraph
[3.778s] -- Installing: /opt/workspace/install/qt_dotgraph/lib/python3.6/site-packages/qt_dotgraph/pydotfactory.py
[3.779s] -- Installing: /opt/workspace/install/qt_dotgraph/lib/python3.6/site-packages/qt_dotgraph/__init__.py
[3.779s] -- Installing: /opt/workspace/install/qt_dotgraph/lib/python3.6/site-packages/qt_dotgraph/graph_item.py
[3.780s] -- Installing: /opt/workspace/install/qt_dotgraph/lib/python3.6/site-packages/qt_dotgraph/dot_shapes.py
[3.780s] -- Installing: /opt/workspace/install/qt_dotgraph/lib/python3.6/site-packages/qt_dotgraph/node_item.py
[3.780s] -- Installing: /opt/workspace/install/qt_dotgraph/lib/python3.6/site-packages/qt_dotgraph/pygraphvizfactory.py
[3.780s] -- Installing: /opt/workspace/install/qt_dotgraph/lib/python3.6/site-packages/qt_dotgraph/colors.py
[3.781s] -- Installing: /opt/workspace/install/qt_dotgraph/lib/python3.6/site-packages/qt_dotgraph/dot_to_qt.py
[3.781s] -- Installing: /opt/workspace/install/qt_dotgraph/lib/python3.6/site-packages/qt_dotgraph/edge_item.py
[3.885s] Listing '/opt/workspace/install/qt_dotgraph/lib/python3.6/site-packages/qt_dotgraph'...
[3.886s] Compiling '/opt/workspace/install/qt_dotgraph/lib/python3.6/site-packages/qt_dotgraph/__init__.py'...
[3.886s] Compiling '/opt/workspace/install/qt_dotgraph/lib/python3.6/site-packages/qt_dotgraph/colors.py'...
[3.886s] Compiling '/opt/workspace/install/qt_dotgraph/lib/python3.6/site-packages/qt_dotgraph/dot_shapes.py'...
[3.886s] Compiling '/opt/workspace/install/qt_dotgraph/lib/python3.6/site-packages/qt_dotgraph/dot_to_qt.py'...
[3.886s] Compiling '/opt/workspace/install/qt_dotgraph/lib/python3.6/site-packages/qt_dotgraph/edge_item.py'...
[3.886s] Compiling '/opt/workspace/install/qt_dotgraph/lib/python3.6/site-packages/qt_dotgraph/graph_item.py'...
[3.887s] Compiling '/opt/workspace/install/qt_dotgraph/lib/python3.6/site-packages/qt_dotgraph/node_item.py'...
[3.887s] Compiling '/opt/workspace/install/qt_dotgraph/lib/python3.6/site-packages/qt_dotgraph/pydotfactory.py'...
[3.888s] Compiling '/opt/workspace/install/qt_dotgraph/lib/python3.6/site-packages/qt_dotgraph/pygraphvizfactory.py'...
[3.900s] -- Installing: /opt/workspace/install/qt_dotgraph/share/ament_index/resource_index/package_run_dependencies/qt_dotgraph
[3.901s] -- Installing: /opt/workspace/install/qt_dotgraph/share/ament_index/resource_index/parent_prefix_path/qt_dotgraph
[3.901s] -- Installing: /opt/workspace/install/qt_dotgraph/share/qt_dotgraph/environment/ament_prefix_path.sh
[3.901s] -- Installing: /opt/workspace/install/qt_dotgraph/share/qt_dotgraph/environment/ament_prefix_path.dsv
[3.904s] -- Installing: /opt/workspace/install/qt_dotgraph/share/qt_dotgraph/environment/path.sh
[3.905s] -- Installing: /opt/workspace/install/qt_dotgraph/share/qt_dotgraph/environment/path.dsv
[3.905s] -- Installing: /opt/workspace/install/qt_dotgraph/share/qt_dotgraph/local_setup.bash
[3.905s] -- Installing: /opt/workspace/install/qt_dotgraph/share/qt_dotgraph/local_setup.sh
[3.905s] -- Installing: /opt/workspace/install/qt_dotgraph/share/qt_dotgraph/local_setup.zsh
[3.905s] -- Installing: /opt/workspace/install/qt_dotgraph/share/qt_dotgraph/local_setup.dsv
[3.905s] -- Installing: /opt/workspace/install/qt_dotgraph/share/qt_dotgraph/package.dsv
[3.906s] -- Installing: /opt/workspace/install/qt_dotgraph/share/ament_index/resource_index/packages/qt_dotgraph
[3.906s] -- Installing: /opt/workspace/install/qt_dotgraph/share/qt_dotgraph/cmake/qt_dotgraphConfig.cmake
[3.906s] -- Installing: /opt/workspace/install/qt_dotgraph/share/qt_dotgraph/cmake/qt_dotgraphConfig-version.cmake
[3.906s] -- Installing: /opt/workspace/install/qt_dotgraph/share/qt_dotgraph/package.xml
