Determining if the pthread_create exist failed with the following output:
Change Dir: /opt/workspace/build/pendulum_control/CMakeFiles/CMakeTmp

Run Build Command:"/usr/bin/make" "cmTC_76170/fast"
/usr/bin/make -f CMakeFiles/cmTC_76170.dir/build.make CMakeFiles/cmTC_76170.dir/build
make[1]: Entering directory '/opt/workspace/build/pendulum_control/CMakeFiles/CMakeTmp'
Building C object CMakeFiles/cmTC_76170.dir/CheckSymbolExists.c.o
/usr/bin/cc    -o CMakeFiles/cmTC_76170.dir/CheckSymbolExists.c.o   -c /opt/workspace/build/pendulum_control/CMakeFiles/CMakeTmp/CheckSymbolExists.c
Linking C executable cmTC_76170
/usr/bin/cmake -E cmake_link_script CMakeFiles/cmTC_76170.dir/link.txt --verbose=1
/usr/bin/cc      CMakeFiles/cmTC_76170.dir/CheckSymbolExists.c.o  -o cmTC_76170 
CMakeFiles/cmTC_76170.dir/CheckSymbolExists.c.o: In function `main':
CheckSymbolExists.c:(.text+0x1b): undefined reference to `pthread_create'
collect2: error: ld returned 1 exit status
CMakeFiles/cmTC_76170.dir/build.make:97: recipe for target 'cmTC_76170' failed
make[1]: *** [cmTC_76170] Error 1
make[1]: Leaving directory '/opt/workspace/build/pendulum_control/CMakeFiles/CMakeTmp'
Makefile:126: recipe for target 'cmTC_76170/fast' failed
make: *** [cmTC_76170/fast] Error 2

File /opt/workspace/build/pendulum_control/CMakeFiles/CMakeTmp/CheckSymbolExists.c:
/* */
#include <pthread.h>

int main(int argc, char** argv)
{
  (void)argv;
#ifndef pthread_create
  return ((int*)(&pthread_create))[argc];
#else
  (void)argc;
  return 0;
#endif
}

Determining if the function pthread_create exists in the pthreads failed with the following output:
Change Dir: /opt/workspace/build/pendulum_control/CMakeFiles/CMakeTmp

Run Build Command:"/usr/bin/make" "cmTC_4edfe/fast"
/usr/bin/make -f CMakeFiles/cmTC_4edfe.dir/build.make CMakeFiles/cmTC_4edfe.dir/build
make[1]: Entering directory '/opt/workspace/build/pendulum_control/CMakeFiles/CMakeTmp'
Building C object CMakeFiles/cmTC_4edfe.dir/CheckFunctionExists.c.o
/usr/bin/cc   -DCHECK_FUNCTION_EXISTS=pthread_create   -o CMakeFiles/cmTC_4edfe.dir/CheckFunctionExists.c.o   -c /usr/share/cmake-3.10/Modules/CheckFunctionExists.c
Linking C executable cmTC_4edfe
/usr/bin/cmake -E cmake_link_script CMakeFiles/cmTC_4edfe.dir/link.txt --verbose=1
/usr/bin/cc  -DCHECK_FUNCTION_EXISTS=pthread_create    CMakeFiles/cmTC_4edfe.dir/CheckFunctionExists.c.o  -o cmTC_4edfe -lpthreads 
/usr/bin/ld: cannot find -lpthreads
collect2: error: ld returned 1 exit status
CMakeFiles/cmTC_4edfe.dir/build.make:97: recipe for target 'cmTC_4edfe' failed
make[1]: *** [cmTC_4edfe] Error 1
make[1]: Leaving directory '/opt/workspace/build/pendulum_control/CMakeFiles/CMakeTmp'
Makefile:126: recipe for target 'cmTC_4edfe/fast' failed
make: *** [cmTC_4edfe/fast] Error 2


