[2.065s] running egg_info
[2.066s] creating /opt/workspace/build/tracetools_read/tracetools_read.egg-info
[2.066s] writing /opt/workspace/build/tracetools_read/tracetools_read.egg-info/PKG-INFO
[2.067s] writing dependency_links to /opt/workspace/build/tracetools_read/tracetools_read.egg-info/dependency_links.txt
[2.067s] writing requirements to /opt/workspace/build/tracetools_read/tracetools_read.egg-info/requires.txt
[2.068s] writing top-level names to /opt/workspace/build/tracetools_read/tracetools_read.egg-info/top_level.txt
[2.076s] writing manifest file '/opt/workspace/build/tracetools_read/tracetools_read.egg-info/SOURCES.txt'
[2.176s] reading manifest file '/opt/workspace/build/tracetools_read/tracetools_read.egg-info/SOURCES.txt'
[2.179s] writing manifest file '/opt/workspace/build/tracetools_read/tracetools_read.egg-info/SOURCES.txt'
[2.180s] running build
[2.180s] running build_py
[2.180s] creating /opt/workspace/build/tracetools_read/build
[2.181s] creating /opt/workspace/build/tracetools_read/build/lib
[2.181s] creating /opt/workspace/build/tracetools_read/build/lib/tracetools_read
[2.181s] copying tracetools_read/__init__.py -> /opt/workspace/build/tracetools_read/build/lib/tracetools_read
[2.181s] copying tracetools_read/trace.py -> /opt/workspace/build/tracetools_read/build/lib/tracetools_read
[2.182s] running install
[2.182s] running install_lib
[2.183s] creating /opt/workspace/install/tracetools_read/lib/python3.6/site-packages/tracetools_read
[2.183s] copying /opt/workspace/build/tracetools_read/build/lib/tracetools_read/__init__.py -> /opt/workspace/install/tracetools_read/lib/python3.6/site-packages/tracetools_read
[2.183s] copying /opt/workspace/build/tracetools_read/build/lib/tracetools_read/trace.py -> /opt/workspace/install/tracetools_read/lib/python3.6/site-packages/tracetools_read
[2.185s] byte-compiling /opt/workspace/install/tracetools_read/lib/python3.6/site-packages/tracetools_read/__init__.py to __init__.cpython-36.pyc
[2.186s] byte-compiling /opt/workspace/install/tracetools_read/lib/python3.6/site-packages/tracetools_read/trace.py to trace.cpython-36.pyc
[2.187s] running install_data
[2.188s] copying package.xml -> /opt/workspace/install/tracetools_read/share/tracetools_read
[2.188s] running install_egg_info
[2.195s] Copying /opt/workspace/build/tracetools_read/tracetools_read.egg-info to /opt/workspace/install/tracetools_read/lib/python3.6/site-packages/tracetools_read-0.2.10-py3.6.egg-info
[2.197s] running install_scripts
[2.253s] writing list of installed files to '/opt/workspace/build/tracetools_read/install.log'
