[1.549s] Invoking command in '/opt/workspace/src/micro-ROS/ros_tracing/ros2_tracing/tracetools_read': AMENT_PREFIX_PATH=/opt/workspace/install/ament_xmllint:/opt/workspace/install/ament_copyright:/opt/workspace/install/ament_pep257:/opt/workspace/install/ament_flake8:/opt/workspace/install/ament_lint:${AMENT_PREFIX_PATH} PATH=/opt/workspace/install/ament_xmllint/bin:/opt/workspace/install/ament_copyright/bin:/opt/workspace/install/ament_pep257/bin:/opt/workspace/install/ament_flake8/bin:${PATH} PYTHONPATH=/opt/workspace/install/tracetools_read/lib/python3.6/site-packages:/opt/workspace/install/ament_xmllint/lib/python3.6/site-packages:/opt/workspace/install/ament_copyright/lib/python3.6/site-packages:/opt/workspace/install/ament_pep257/lib/python3.6/site-packages:/opt/workspace/install/ament_flake8/lib/python3.6/site-packages:/opt/workspace/install/ament_lint/lib/python3.6/site-packages:${PYTHONPATH} /usr/bin/python3 setup.py egg_info --egg-base /opt/workspace/build/tracetools_read build --build-base /opt/workspace/build/tracetools_read/build install --prefix /opt/workspace/install/tracetools_read --record /opt/workspace/build/tracetools_read/install.log --single-version-externally-managed
[2.065s] running egg_info
[2.066s] creating /opt/workspace/build/tracetools_read/tracetools_read.egg-info
[2.066s] writing /opt/workspace/build/tracetools_read/tracetools_read.egg-info/PKG-INFO
[2.067s] writing dependency_links to /opt/workspace/build/tracetools_read/tracetools_read.egg-info/dependency_links.txt
[2.067s] writing requirements to /opt/workspace/build/tracetools_read/tracetools_read.egg-info/requires.txt
[2.068s] writing top-level names to /opt/workspace/build/tracetools_read/tracetools_read.egg-info/top_level.txt
[2.076s] writing manifest file '/opt/workspace/build/tracetools_read/tracetools_read.egg-info/SOURCES.txt'
[2.176s] reading manifest file '/opt/workspace/build/tracetools_read/tracetools_read.egg-info/SOURCES.txt'
[2.179s] writing manifest file '/opt/workspace/build/tracetools_read/tracetools_read.egg-info/SOURCES.txt'
[2.180s] running build
[2.180s] running build_py
[2.180s] creating /opt/workspace/build/tracetools_read/build
[2.181s] creating /opt/workspace/build/tracetools_read/build/lib
[2.181s] creating /opt/workspace/build/tracetools_read/build/lib/tracetools_read
[2.181s] copying tracetools_read/__init__.py -> /opt/workspace/build/tracetools_read/build/lib/tracetools_read
[2.181s] copying tracetools_read/trace.py -> /opt/workspace/build/tracetools_read/build/lib/tracetools_read
[2.182s] running install
[2.182s] running install_lib
[2.183s] creating /opt/workspace/install/tracetools_read/lib/python3.6/site-packages/tracetools_read
[2.183s] copying /opt/workspace/build/tracetools_read/build/lib/tracetools_read/__init__.py -> /opt/workspace/install/tracetools_read/lib/python3.6/site-packages/tracetools_read
[2.183s] copying /opt/workspace/build/tracetools_read/build/lib/tracetools_read/trace.py -> /opt/workspace/install/tracetools_read/lib/python3.6/site-packages/tracetools_read
[2.185s] byte-compiling /opt/workspace/install/tracetools_read/lib/python3.6/site-packages/tracetools_read/__init__.py to __init__.cpython-36.pyc
[2.186s] byte-compiling /opt/workspace/install/tracetools_read/lib/python3.6/site-packages/tracetools_read/trace.py to trace.cpython-36.pyc
[2.187s] running install_data
[2.188s] copying package.xml -> /opt/workspace/install/tracetools_read/share/tracetools_read
[2.188s] running install_egg_info
[2.195s] Copying /opt/workspace/build/tracetools_read/tracetools_read.egg-info to /opt/workspace/install/tracetools_read/lib/python3.6/site-packages/tracetools_read-0.2.10-py3.6.egg-info
[2.197s] running install_scripts
[2.253s] writing list of installed files to '/opt/workspace/build/tracetools_read/install.log'
[2.299s] Invoked command in '/opt/workspace/src/micro-ROS/ros_tracing/ros2_tracing/tracetools_read' returned '0': AMENT_PREFIX_PATH=/opt/workspace/install/ament_xmllint:/opt/workspace/install/ament_copyright:/opt/workspace/install/ament_pep257:/opt/workspace/install/ament_flake8:/opt/workspace/install/ament_lint:${AMENT_PREFIX_PATH} PATH=/opt/workspace/install/ament_xmllint/bin:/opt/workspace/install/ament_copyright/bin:/opt/workspace/install/ament_pep257/bin:/opt/workspace/install/ament_flake8/bin:${PATH} PYTHONPATH=/opt/workspace/install/tracetools_read/lib/python3.6/site-packages:/opt/workspace/install/ament_xmllint/lib/python3.6/site-packages:/opt/workspace/install/ament_copyright/lib/python3.6/site-packages:/opt/workspace/install/ament_pep257/lib/python3.6/site-packages:/opt/workspace/install/ament_flake8/lib/python3.6/site-packages:/opt/workspace/install/ament_lint/lib/python3.6/site-packages:${PYTHONPATH} /usr/bin/python3 setup.py egg_info --egg-base /opt/workspace/build/tracetools_read build --build-base /opt/workspace/build/tracetools_read/build install --prefix /opt/workspace/install/tracetools_read --record /opt/workspace/build/tracetools_read/install.log --single-version-externally-managed
