[0.564s] [36mInstall the project...[0m
[0.576s] -- Install configuration: ""
[0.576s] -- Up-to-date: /opt/workspace/install/ament_cmake_python/share/ament_index/resource_index/package_run_dependencies/ament_cmake_python
[0.577s] -- Up-to-date: /opt/workspace/install/ament_cmake_python/share/ament_index/resource_index/parent_prefix_path/ament_cmake_python
[0.579s] -- Up-to-date: /opt/workspace/install/ament_cmake_python/share/ament_cmake_python/environment/ament_prefix_path.sh
[0.579s] -- Up-to-date: /opt/workspace/install/ament_cmake_python/share/ament_cmake_python/environment/ament_prefix_path.dsv
[0.580s] -- Up-to-date: /opt/workspace/install/ament_cmake_python/share/ament_cmake_python/environment/path.sh
[0.580s] -- Up-to-date: /opt/workspace/install/ament_cmake_python/share/ament_cmake_python/environment/path.dsv
[0.581s] -- Up-to-date: /opt/workspace/install/ament_cmake_python/share/ament_cmake_python/local_setup.bash
[0.581s] -- Up-to-date: /opt/workspace/install/ament_cmake_python/share/ament_cmake_python/local_setup.sh
[0.581s] -- Up-to-date: /opt/workspace/install/ament_cmake_python/share/ament_cmake_python/local_setup.zsh
[0.581s] -- Up-to-date: /opt/workspace/install/ament_cmake_python/share/ament_cmake_python/local_setup.dsv
[0.582s] -- Up-to-date: /opt/workspace/install/ament_cmake_python/share/ament_cmake_python/package.dsv
[0.582s] -- Up-to-date: /opt/workspace/install/ament_cmake_python/share/ament_index/resource_index/packages/ament_cmake_python
[0.583s] -- Up-to-date: /opt/workspace/install/ament_cmake_python/share/ament_cmake_python/cmake/ament_cmake_python-extras.cmake
[0.583s] -- Up-to-date: /opt/workspace/install/ament_cmake_python/share/ament_cmake_python/cmake/ament_cmake_pythonConfig.cmake
[0.584s] -- Up-to-date: /opt/workspace/install/ament_cmake_python/share/ament_cmake_python/cmake/ament_cmake_pythonConfig-version.cmake
[0.584s] -- Up-to-date: /opt/workspace/install/ament_cmake_python/share/ament_cmake_python/package.xml
[0.584s] -- Up-to-date: /opt/workspace/install/ament_cmake_python/share/ament_cmake_python/cmake
[0.585s] -- Up-to-date: /opt/workspace/install/ament_cmake_python/share/ament_cmake_python/cmake/ament_python_install_module.cmake
[0.585s] -- Up-to-date: /opt/workspace/install/ament_cmake_python/share/ament_cmake_python/cmake/ament_python_install_package.cmake
