[1.188s] -- The C compiler identification is GNU 7.4.0
[1.482s] -- The CXX compiler identification is GNU 7.4.0
[1.519s] -- Check for working C compiler: /usr/bin/cc
[2.031s] -- Check for working C compiler: /usr/bin/cc -- works
[2.031s] -- Detecting C compiler ABI info
[2.517s] -- Detecting C compiler ABI info - done
[2.544s] -- Detecting C compile features
[4.135s] -- Detecting C compile features - done
[4.139s] -- Check for working CXX compiler: /usr/bin/c++
[4.728s] -- Check for working CXX compiler: /usr/bin/c++ -- works
[4.729s] -- Detecting CXX compiler ABI info
[5.243s] -- Detecting CXX compiler ABI info - done
[5.260s] -- Detecting CXX compile features
[7.655s] -- Detecting CXX compile features - done
[7.658s] -- Found ament_cmake_ros: 0.8.0 (/opt/workspace/install/ament_cmake_ros/share/ament_cmake_ros/cmake)
[7.818s] -- Found PythonInterp: /usr/bin/python3 (found suitable version "3.6.9", minimum required is "3") 
[7.819s] -- Using PYTHON_EXECUTABLE: /usr/bin/python3
[9.288s] -- Found rcutils: 0.8.4 (/opt/workspace/install/rcutils/share/rcutils/cmake)
[9.312s] -- Found libyaml_vendor: 1.0.0 (/opt/workspace/install/libyaml_vendor/share/libyaml_vendor/cmake)
[9.335s] -- Found ament_lint_auto: 0.8.1 (/opt/workspace/install/ament_lint_auto/share/ament_lint_auto/cmake)
[9.782s] -- Found gtest sources under '/opt/workspace/install/gtest_vendor/src/gtest_vendor': C++ tests using 'Google Test' will be built
[9.793s] -- Looking for pthread.h
[10.342s] -- Looking for pthread.h - found
[10.343s] -- Looking for pthread_create
[10.843s] -- Looking for pthread_create - not found
[10.843s] -- Check if compiler accepts -pthread
[11.355s] -- Check if compiler accepts -pthread - yes
[11.357s] -- Found Threads: TRUE  
[11.381s] -- Added test 'copyright' to check for copyright in CMake / C / C++ / Python code
[11.398s] -- Added test 'cppcheck' to perform static code analysis on C / C++ code
[11.399s] -- Configured cppcheck include dirs: /opt/workspace/src/ros2/rcl/rcl_yaml_param_parser/include
[11.411s] -- Added test 'cpplint' to check C / C++ code against the Google style
[11.417s] -- Added test 'lint_cmake' to check CMake code style
[11.427s] -- Added test 'uncrustify' to check C / C++ code style
[11.432s] -- Added test 'xmllint' to check XML markup files
[11.454s] -- Configuring done
[11.492s] -- Generating done
[11.500s] -- Build files have been written to: /opt/workspace/build/rcl_yaml_param_parser
[11.839s] [35m[1mScanning dependencies of target rcl_yaml_param_parser[0m
[11.967s] [ 12%] [32mBuilding C object CMakeFiles/rcl_yaml_param_parser.dir/src/parser.c.o[0m
[12.598s] [ 25%] [32m[1mLinking C shared library librcl_yaml_param_parser.so[0m
[12.898s] [ 25%] Built target rcl_yaml_param_parser
[12.982s] [35m[1mScanning dependencies of target gtest[0m
[13.160s] [ 37%] [32mBuilding CXX object gtest/CMakeFiles/gtest.dir/src/gtest-all.cc.o[0m
[20.326s] [ 50%] [32m[1mLinking CXX static library libgtest.a[0m
[20.475s] [ 50%] Built target gtest
[20.519s] [35m[1mScanning dependencies of target gtest_main[0m
[20.570s] [ 62%] [32mBuilding CXX object gtest/CMakeFiles/gtest_main.dir/src/gtest_main.cc.o[0m
[22.083s] [ 75%] [32m[1mLinking CXX static library libgtest_main.a[0m
[22.183s] [ 75%] Built target gtest_main
[22.205s] [35m[1mScanning dependencies of target test_parse_yaml[0m
[22.256s] [ 87%] [32mBuilding CXX object CMakeFiles/test_parse_yaml.dir/test/test_parse_yaml.cpp.o[0m
[24.601s] [100%] [32m[1mLinking CXX executable test_parse_yaml[0m
[24.902s] [100%] Built target test_parse_yaml
[25.189s] [ 25%] Built target rcl_yaml_param_parser
[25.250s] [ 50%] Built target gtest
[25.319s] [ 75%] Built target gtest_main
[25.410s] [100%] Built target test_parse_yaml
[25.473s] [36mInstall the project...[0m
[25.491s] -- Install configuration: ""
[25.492s] -- Installing: /opt/workspace/install/rcl_yaml_param_parser/lib/librcl_yaml_param_parser.so
[25.493s] -- Set runtime path of "/opt/workspace/install/rcl_yaml_param_parser/lib/librcl_yaml_param_parser.so" to ""
[25.494s] -- Installing: /opt/workspace/install/rcl_yaml_param_parser/include
[25.494s] -- Installing: /opt/workspace/install/rcl_yaml_param_parser/include/rcl_yaml_param_parser
[25.495s] -- Installing: /opt/workspace/install/rcl_yaml_param_parser/include/rcl_yaml_param_parser/visibility_control.h
[25.496s] -- Installing: /opt/workspace/install/rcl_yaml_param_parser/include/rcl_yaml_param_parser/parser.h
[25.496s] -- Installing: /opt/workspace/install/rcl_yaml_param_parser/include/rcl_yaml_param_parser/types.h
[25.497s] -- Installing: /opt/workspace/install/rcl_yaml_param_parser/share/rcl_yaml_param_parser/environment/library_path.sh
[25.497s] -- Installing: /opt/workspace/install/rcl_yaml_param_parser/share/rcl_yaml_param_parser/environment/library_path.dsv
[25.499s] -- Installing: /opt/workspace/install/rcl_yaml_param_parser/share/ament_index/resource_index/package_run_dependencies/rcl_yaml_param_parser
[25.499s] -- Installing: /opt/workspace/install/rcl_yaml_param_parser/share/ament_index/resource_index/parent_prefix_path/rcl_yaml_param_parser
[25.500s] -- Installing: /opt/workspace/install/rcl_yaml_param_parser/share/rcl_yaml_param_parser/environment/ament_prefix_path.sh
[25.501s] -- Installing: /opt/workspace/install/rcl_yaml_param_parser/share/rcl_yaml_param_parser/environment/ament_prefix_path.dsv
[25.502s] -- Installing: /opt/workspace/install/rcl_yaml_param_parser/share/rcl_yaml_param_parser/environment/path.sh
[25.502s] -- Installing: /opt/workspace/install/rcl_yaml_param_parser/share/rcl_yaml_param_parser/environment/path.dsv
[25.503s] -- Installing: /opt/workspace/install/rcl_yaml_param_parser/share/rcl_yaml_param_parser/local_setup.bash
[25.504s] -- Installing: /opt/workspace/install/rcl_yaml_param_parser/share/rcl_yaml_param_parser/local_setup.sh
[25.504s] -- Installing: /opt/workspace/install/rcl_yaml_param_parser/share/rcl_yaml_param_parser/local_setup.zsh
[25.505s] -- Installing: /opt/workspace/install/rcl_yaml_param_parser/share/rcl_yaml_param_parser/local_setup.dsv
[25.506s] -- Installing: /opt/workspace/install/rcl_yaml_param_parser/share/rcl_yaml_param_parser/package.dsv
[25.507s] -- Installing: /opt/workspace/install/rcl_yaml_param_parser/share/ament_index/resource_index/packages/rcl_yaml_param_parser
[25.507s] -- Installing: /opt/workspace/install/rcl_yaml_param_parser/share/rcl_yaml_param_parser/cmake/ament_cmake_export_dependencies-extras.cmake
[25.508s] -- Installing: /opt/workspace/install/rcl_yaml_param_parser/share/rcl_yaml_param_parser/cmake/ament_cmake_export_include_directories-extras.cmake
[25.509s] -- Installing: /opt/workspace/install/rcl_yaml_param_parser/share/rcl_yaml_param_parser/cmake/ament_cmake_export_libraries-extras.cmake
[25.509s] -- Installing: /opt/workspace/install/rcl_yaml_param_parser/share/rcl_yaml_param_parser/cmake/rcl_yaml_param_parserConfig.cmake
[25.510s] -- Installing: /opt/workspace/install/rcl_yaml_param_parser/share/rcl_yaml_param_parser/cmake/rcl_yaml_param_parserConfig-version.cmake
[25.511s] -- Installing: /opt/workspace/install/rcl_yaml_param_parser/share/rcl_yaml_param_parser/package.xml
