[2.936s] running egg_info
[2.938s] creating /opt/workspace/build/ros2lifecycle/ros2lifecycle.egg-info
[2.938s] writing /opt/workspace/build/ros2lifecycle/ros2lifecycle.egg-info/PKG-INFO
[2.940s] writing dependency_links to /opt/workspace/build/ros2lifecycle/ros2lifecycle.egg-info/dependency_links.txt
[2.940s] writing entry points to /opt/workspace/build/ros2lifecycle/ros2lifecycle.egg-info/entry_points.txt
[2.941s] writing requirements to /opt/workspace/build/ros2lifecycle/ros2lifecycle.egg-info/requires.txt
[2.941s] writing top-level names to /opt/workspace/build/ros2lifecycle/ros2lifecycle.egg-info/top_level.txt
[2.951s] writing manifest file '/opt/workspace/build/ros2lifecycle/ros2lifecycle.egg-info/SOURCES.txt'
[3.047s] reading manifest file '/opt/workspace/build/ros2lifecycle/ros2lifecycle.egg-info/SOURCES.txt'
[3.050s] writing manifest file '/opt/workspace/build/ros2lifecycle/ros2lifecycle.egg-info/SOURCES.txt'
[3.051s] running build
[3.051s] running build_py
[3.051s] creating /opt/workspace/build/ros2lifecycle/build
[3.052s] creating /opt/workspace/build/ros2lifecycle/build/lib
[3.052s] creating /opt/workspace/build/ros2lifecycle/build/lib/ros2lifecycle
[3.052s] copying ros2lifecycle/__init__.py -> /opt/workspace/build/ros2lifecycle/build/lib/ros2lifecycle
[3.053s] creating /opt/workspace/build/ros2lifecycle/build/lib/ros2lifecycle/api
[3.053s] copying ros2lifecycle/api/__init__.py -> /opt/workspace/build/ros2lifecycle/build/lib/ros2lifecycle/api
[3.054s] creating /opt/workspace/build/ros2lifecycle/build/lib/ros2lifecycle/verb
[3.054s] copying ros2lifecycle/verb/set.py -> /opt/workspace/build/ros2lifecycle/build/lib/ros2lifecycle/verb
[3.054s] copying ros2lifecycle/verb/__init__.py -> /opt/workspace/build/ros2lifecycle/build/lib/ros2lifecycle/verb
[3.055s] copying ros2lifecycle/verb/nodes.py -> /opt/workspace/build/ros2lifecycle/build/lib/ros2lifecycle/verb
[3.055s] copying ros2lifecycle/verb/list.py -> /opt/workspace/build/ros2lifecycle/build/lib/ros2lifecycle/verb
[3.056s] copying ros2lifecycle/verb/get.py -> /opt/workspace/build/ros2lifecycle/build/lib/ros2lifecycle/verb
[3.057s] creating /opt/workspace/build/ros2lifecycle/build/lib/ros2lifecycle/command
[3.057s] copying ros2lifecycle/command/__init__.py -> /opt/workspace/build/ros2lifecycle/build/lib/ros2lifecycle/command
[3.057s] copying ros2lifecycle/command/lifecycle.py -> /opt/workspace/build/ros2lifecycle/build/lib/ros2lifecycle/command
[3.058s] running install
[3.059s] running install_lib
[3.061s] creating /opt/workspace/install/ros2lifecycle/lib/python3.6/site-packages/ros2lifecycle
[3.061s] copying /opt/workspace/build/ros2lifecycle/build/lib/ros2lifecycle/__init__.py -> /opt/workspace/install/ros2lifecycle/lib/python3.6/site-packages/ros2lifecycle
[3.062s] creating /opt/workspace/install/ros2lifecycle/lib/python3.6/site-packages/ros2lifecycle/api
[3.062s] copying /opt/workspace/build/ros2lifecycle/build/lib/ros2lifecycle/api/__init__.py -> /opt/workspace/install/ros2lifecycle/lib/python3.6/site-packages/ros2lifecycle/api
[3.063s] creating /opt/workspace/install/ros2lifecycle/lib/python3.6/site-packages/ros2lifecycle/verb
[3.063s] copying /opt/workspace/build/ros2lifecycle/build/lib/ros2lifecycle/verb/set.py -> /opt/workspace/install/ros2lifecycle/lib/python3.6/site-packages/ros2lifecycle/verb
[3.063s] copying /opt/workspace/build/ros2lifecycle/build/lib/ros2lifecycle/verb/__init__.py -> /opt/workspace/install/ros2lifecycle/lib/python3.6/site-packages/ros2lifecycle/verb
[3.064s] copying /opt/workspace/build/ros2lifecycle/build/lib/ros2lifecycle/verb/nodes.py -> /opt/workspace/install/ros2lifecycle/lib/python3.6/site-packages/ros2lifecycle/verb
[3.064s] copying /opt/workspace/build/ros2lifecycle/build/lib/ros2lifecycle/verb/list.py -> /opt/workspace/install/ros2lifecycle/lib/python3.6/site-packages/ros2lifecycle/verb
[3.064s] copying /opt/workspace/build/ros2lifecycle/build/lib/ros2lifecycle/verb/get.py -> /opt/workspace/install/ros2lifecycle/lib/python3.6/site-packages/ros2lifecycle/verb
[3.065s] creating /opt/workspace/install/ros2lifecycle/lib/python3.6/site-packages/ros2lifecycle/command
[3.065s] copying /opt/workspace/build/ros2lifecycle/build/lib/ros2lifecycle/command/__init__.py -> /opt/workspace/install/ros2lifecycle/lib/python3.6/site-packages/ros2lifecycle/command
[3.065s] copying /opt/workspace/build/ros2lifecycle/build/lib/ros2lifecycle/command/lifecycle.py -> /opt/workspace/install/ros2lifecycle/lib/python3.6/site-packages/ros2lifecycle/command
[3.068s] byte-compiling /opt/workspace/install/ros2lifecycle/lib/python3.6/site-packages/ros2lifecycle/__init__.py to __init__.cpython-36.pyc
[3.068s] byte-compiling /opt/workspace/install/ros2lifecycle/lib/python3.6/site-packages/ros2lifecycle/api/__init__.py to __init__.cpython-36.pyc
[3.070s] byte-compiling /opt/workspace/install/ros2lifecycle/lib/python3.6/site-packages/ros2lifecycle/verb/set.py to set.cpython-36.pyc
[3.072s] byte-compiling /opt/workspace/install/ros2lifecycle/lib/python3.6/site-packages/ros2lifecycle/verb/__init__.py to __init__.cpython-36.pyc
[3.072s] byte-compiling /opt/workspace/install/ros2lifecycle/lib/python3.6/site-packages/ros2lifecycle/verb/nodes.py to nodes.cpython-36.pyc
[3.073s] byte-compiling /opt/workspace/install/ros2lifecycle/lib/python3.6/site-packages/ros2lifecycle/verb/list.py to list.cpython-36.pyc
[3.075s] byte-compiling /opt/workspace/install/ros2lifecycle/lib/python3.6/site-packages/ros2lifecycle/verb/get.py to get.cpython-36.pyc
[3.076s] byte-compiling /opt/workspace/install/ros2lifecycle/lib/python3.6/site-packages/ros2lifecycle/command/__init__.py to __init__.cpython-36.pyc
[3.076s] byte-compiling /opt/workspace/install/ros2lifecycle/lib/python3.6/site-packages/ros2lifecycle/command/lifecycle.py to lifecycle.cpython-36.pyc
[3.077s] running install_data
[3.078s] copying package.xml -> /opt/workspace/install/ros2lifecycle/share/ros2lifecycle
[3.078s] creating /opt/workspace/install/ros2lifecycle/share/ament_index
[3.079s] creating /opt/workspace/install/ros2lifecycle/share/ament_index/resource_index
[3.079s] creating /opt/workspace/install/ros2lifecycle/share/ament_index/resource_index/packages
[3.080s] copying resource/ros2lifecycle -> /opt/workspace/install/ros2lifecycle/share/ament_index/resource_index/packages
[3.080s] running install_egg_info
[3.085s] Copying /opt/workspace/build/ros2lifecycle/ros2lifecycle.egg-info to /opt/workspace/install/ros2lifecycle/lib/python3.6/site-packages/ros2lifecycle-0.8.7-py3.6.egg-info
[3.087s] running install_scripts
[3.138s] writing list of installed files to '/opt/workspace/build/ros2lifecycle/install.log'
