[1.067s] -- The C compiler identification is GNU 7.4.0
[1.372s] -- The CXX compiler identification is GNU 7.4.0
[1.389s] -- Check for working C compiler: /usr/bin/cc
[1.898s] -- Check for working C compiler: /usr/bin/cc -- works
[1.899s] -- Detecting C compiler ABI info
[2.302s] -- Detecting C compiler ABI info - done
[2.318s] -- Detecting C compile features
[3.307s] -- Detecting C compile features - done
[3.311s] -- Check for working CXX compiler: /usr/bin/c++
[3.683s] -- Check for working CXX compiler: /usr/bin/c++ -- works
[3.685s] -- Detecting CXX compiler ABI info
[4.130s] -- Detecting CXX compiler ABI info - done
[4.146s] -- Detecting CXX compile features
[5.561s] -- Detecting CXX compile features - done
[5.573s] -- Found ament_cmake: 0.8.2 (/opt/workspace/install/ament_cmake/share/ament_cmake/cmake)
[5.675s] -- Found PythonInterp: /usr/bin/python3 (found suitable version "3.6.9", minimum required is "3") 
[5.675s] -- Using PYTHON_EXECUTABLE: /usr/bin/python3
[6.303s] -- Found rosidl_default_generators: 0.8.0 (/opt/workspace/install/rosidl_default_generators/share/rosidl_default_generators/cmake)
[6.626s] -- Found OpenSSL: /usr/lib/x86_64-linux-gnu/libcrypto.so (found version "1.1.1") 
[6.696s] -- Found FastRTPS: /opt/workspace/install/fastrtps/include  
[6.747s] -- Found rosidl_adapter: 0.8.2 (/opt/workspace/install/rosidl_adapter/share/rosidl_adapter/cmake)
[7.017s] -- Found PythonInterp: /usr/bin/python3 (found version "3.6.9") 
[7.549s] -- Using all available rosidl_typesupport_c: rosidl_typesupport_fastrtps_c;rosidl_typesupport_introspection_c
[7.676s] -- Using all available rosidl_typesupport_cpp: rosidl_typesupport_introspection_cpp;rosidl_typesupport_fastrtps_cpp
[8.502s] -- Found rmw_implementation_cmake: 0.8.1 (/opt/workspace/install/rmw_implementation_cmake/share/rmw_implementation_cmake/cmake)
[8.582s] -- Found PythonInterp: /usr/bin/python3 (found suitable version "3.6.9", minimum required is "3.5") 
[8.588s] -- Found python_cmake_module: 0.8.0 (/opt/workspace/install/python_cmake_module/share/python_cmake_module/cmake)
[8.674s] -- Found PythonLibs: /usr/lib/x86_64-linux-gnu/libpython3.6m.so (found suitable version "3.6.9", minimum required is "3.5") 
[8.674s] -- Using PYTHON_EXECUTABLE: /usr/bin/python3
[8.675s] -- Using PYTHON_INCLUDE_DIRS: /usr/include/python3.6m
[8.675s] -- Using PYTHON_LIBRARIES: /usr/lib/x86_64-linux-gnu/libpython3.6m.so
[8.746s] -- Found PythonExtra: .so  
[9.441s] -- Found ament_lint_auto: 0.8.1 (/opt/workspace/install/ament_lint_auto/share/ament_lint_auto/cmake)
[9.531s] -- Added test 'lint_cmake' to check CMake code style
[9.534s] -- Added test 'xmllint' to check XML markup files
[9.544s] -- Configuring done
[9.821s] -- Generating done
[9.829s] -- Build files have been written to: /opt/workspace/build/action_tutorials_interfaces
[9.945s] [35m[1mScanning dependencies of target action_tutorials_interfaces__cpp[0m
[9.972s] [  3%] [34m[1mGenerating C++ code for ROS interfaces[0m
[11.118s] [  3%] Built target action_tutorials_interfaces__cpp
[11.148s] [  6%] [34m[1mGenerating C code for ROS interfaces[0m
[12.508s] [35m[1mScanning dependencies of target action_tutorials_interfaces__rosidl_generator_c[0m
[12.547s] [  9%] [32mBuilding C object CMakeFiles/action_tutorials_interfaces__rosidl_generator_c.dir/rosidl_generator_c/action_tutorials_interfaces/action/fibonacci__functions.c.o[0m
[12.754s] [ 12%] [32m[1mLinking C shared library libaction_tutorials_interfaces__rosidl_generator_c.so[0m
[12.833s] [ 12%] Built target action_tutorials_interfaces__rosidl_generator_c
[12.861s] [ 16%] [34m[1mGenerating C++ introspection for ROS interfaces[0m
[13.886s] [35m[1mScanning dependencies of target action_tutorials_interfaces__rosidl_typesupport_introspection_cpp[0m
[13.921s] [ 19%] [32mBuilding CXX object CMakeFiles/action_tutorials_interfaces__rosidl_typesupport_introspection_cpp.dir/rosidl_typesupport_introspection_cpp/action_tutorials_interfaces/action/fibonacci__type_support.cpp.o[0m
[14.484s] [ 22%] [32m[1mLinking CXX shared library libaction_tutorials_interfaces__rosidl_typesupport_introspection_cpp.so[0m
[14.621s] [ 22%] Built target action_tutorials_interfaces__rosidl_typesupport_introspection_cpp
[14.640s] [ 25%] [34m[1mGenerating C type support dispatch for ROS interfaces[0m
[15.427s] [35m[1mScanning dependencies of target action_tutorials_interfaces__rosidl_typesupport_c[0m
[15.459s] [ 29%] [32mBuilding CXX object CMakeFiles/action_tutorials_interfaces__rosidl_typesupport_c.dir/rosidl_typesupport_c/action_tutorials_interfaces/action/fibonacci__type_support.cpp.o[0m
[15.577s] [ 32%] [32m[1mLinking CXX shared library libaction_tutorials_interfaces__rosidl_typesupport_c.so[0m
[15.678s] [ 32%] Built target action_tutorials_interfaces__rosidl_typesupport_c
[15.704s] [ 35%] [34m[1mGenerating C introspection for ROS interfaces[0m
[16.859s] [35m[1mScanning dependencies of target action_tutorials_interfaces__rosidl_typesupport_introspection_c[0m
[16.892s] [ 38%] [32mBuilding C object CMakeFiles/action_tutorials_interfaces__rosidl_typesupport_introspection_c.dir/rosidl_typesupport_introspection_c/action_tutorials_interfaces/action/fibonacci__type_support.c.o[0m
[16.994s] [ 41%] [32m[1mLinking C shared library libaction_tutorials_interfaces__rosidl_typesupport_introspection_c.so[0m
[17.088s] [ 41%] Built target action_tutorials_interfaces__rosidl_typesupport_introspection_c
[17.116s] [ 45%] [34m[1mGenerating C++ type support dispatch for ROS interfaces[0m
[17.955s] [35m[1mScanning dependencies of target action_tutorials_interfaces__rosidl_typesupport_cpp[0m
[17.986s] [ 48%] [32mBuilding CXX object CMakeFiles/action_tutorials_interfaces__rosidl_typesupport_cpp.dir/rosidl_typesupport_cpp/action_tutorials_interfaces/action/fibonacci__type_support.cpp.o[0m
[18.455s] [ 51%] [32m[1mLinking CXX shared library libaction_tutorials_interfaces__rosidl_typesupport_cpp.so[0m
[18.545s] [ 51%] Built target action_tutorials_interfaces__rosidl_typesupport_cpp
[18.572s] [ 54%] [34m[1mGenerating C++ type support for eProsima Fast-RTPS[0m
[19.779s] [35m[1mScanning dependencies of target action_tutorials_interfaces__rosidl_typesupport_fastrtps_cpp[0m
[19.823s] [ 58%] [32mBuilding CXX object CMakeFiles/action_tutorials_interfaces__rosidl_typesupport_fastrtps_cpp.dir/rosidl_typesupport_fastrtps_cpp/action_tutorials_interfaces/action/dds_fastrtps/fibonacci__type_support.cpp.o[0m
[20.628s] [ 61%] [32m[1mLinking CXX shared library libaction_tutorials_interfaces__rosidl_typesupport_fastrtps_cpp.so[0m
[20.806s] [ 61%] Built target action_tutorials_interfaces__rosidl_typesupport_fastrtps_cpp
[20.829s] [ 64%] [34m[1mGenerating C type support for eProsima Fast-RTPS[0m
[22.007s] [35m[1mScanning dependencies of target action_tutorials_interfaces__rosidl_typesupport_fastrtps_c[0m
[22.047s] [ 67%] [32mBuilding CXX object CMakeFiles/action_tutorials_interfaces__rosidl_typesupport_fastrtps_c.dir/rosidl_typesupport_fastrtps_c/action_tutorials_interfaces/action/fibonacci__type_support_c.cpp.o[0m
[22.727s] [ 70%] [32m[1mLinking CXX shared library libaction_tutorials_interfaces__rosidl_typesupport_fastrtps_c.so[0m
[22.869s] [ 70%] Built target action_tutorials_interfaces__rosidl_typesupport_fastrtps_c
[22.886s] [35m[1mScanning dependencies of target action_tutorials_interfaces[0m
[22.903s] [ 70%] Built target action_tutorials_interfaces
[22.921s] [35m[1mScanning dependencies of target action_tutorials_interfaces__py[0m
[22.943s] [ 74%] [34m[1mGenerating Python code for ROS interfaces[0m
[25.342s] [ 74%] Built target action_tutorials_interfaces__py
[25.367s] [35m[1mScanning dependencies of target action_tutorials_interfaces__python[0m
[25.415s] [ 77%] [32mBuilding C object CMakeFiles/action_tutorials_interfaces__python.dir/rosidl_generator_py/action_tutorials_interfaces/action/_fibonacci_s.c.o[0m
[25.707s] [ 80%] [32m[1mLinking C shared library rosidl_generator_py/action_tutorials_interfaces/libaction_tutorials_interfaces__python.so[0m
[25.799s] [ 80%] Built target action_tutorials_interfaces__python
[25.817s] [35m[1mScanning dependencies of target action_tutorials_interfaces__rosidl_typesupport_introspection_c__pyext[0m
[25.857s] [ 83%] [32mBuilding C object CMakeFiles/action_tutorials_interfaces__rosidl_typesupport_introspection_c__pyext.dir/rosidl_generator_py/action_tutorials_interfaces/_action_tutorials_interfaces_s.ep.rosidl_typesupport_introspection_c.c.o[0m
[26.056s] [ 87%] [32m[1mLinking C shared library rosidl_generator_py/action_tutorials_interfaces/action_tutorials_interfaces_s__rosidl_typesupport_introspection_c.cpython-36m-x86_64-linux-gnu.so[0m
[26.148s] [ 87%] Built target action_tutorials_interfaces__rosidl_typesupport_introspection_c__pyext
[26.174s] [35m[1mScanning dependencies of target action_tutorials_interfaces__rosidl_typesupport_fastrtps_c__pyext[0m
[26.224s] [ 90%] [32mBuilding C object CMakeFiles/action_tutorials_interfaces__rosidl_typesupport_fastrtps_c__pyext.dir/rosidl_generator_py/action_tutorials_interfaces/_action_tutorials_interfaces_s.ep.rosidl_typesupport_fastrtps_c.c.o[0m
[26.469s] [ 93%] [32m[1mLinking CXX shared library rosidl_generator_py/action_tutorials_interfaces/action_tutorials_interfaces_s__rosidl_typesupport_fastrtps_c.cpython-36m-x86_64-linux-gnu.so[0m
[26.613s] [ 93%] Built target action_tutorials_interfaces__rosidl_typesupport_fastrtps_c__pyext
[26.638s] [35m[1mScanning dependencies of target action_tutorials_interfaces__rosidl_typesupport_c__pyext[0m
[26.683s] [ 96%] [32mBuilding C object CMakeFiles/action_tutorials_interfaces__rosidl_typesupport_c__pyext.dir/rosidl_generator_py/action_tutorials_interfaces/_action_tutorials_interfaces_s.ep.rosidl_typesupport_c.c.o[0m
[26.903s] [100%] [32m[1mLinking C shared library rosidl_generator_py/action_tutorials_interfaces/action_tutorials_interfaces_s__rosidl_typesupport_c.cpython-36m-x86_64-linux-gnu.so[0m
[26.991s] [100%] Built target action_tutorials_interfaces__rosidl_typesupport_c__pyext
[27.251s] [  3%] Built target action_tutorials_interfaces__cpp
[27.308s] [ 12%] Built target action_tutorials_interfaces__rosidl_generator_c
[27.362s] [ 22%] Built target action_tutorials_interfaces__rosidl_typesupport_introspection_cpp
[27.410s] [ 32%] Built target action_tutorials_interfaces__rosidl_typesupport_c
[27.448s] [ 41%] Built target action_tutorials_interfaces__rosidl_typesupport_introspection_c
[27.498s] [ 51%] Built target action_tutorials_interfaces__rosidl_typesupport_cpp
[27.552s] [ 61%] Built target action_tutorials_interfaces__rosidl_typesupport_fastrtps_cpp
[27.612s] [ 70%] Built target action_tutorials_interfaces__rosidl_typesupport_fastrtps_c
[27.658s] [ 70%] Built target action_tutorials_interfaces
[27.704s] [ 74%] Built target action_tutorials_interfaces__py
[27.762s] [ 80%] Built target action_tutorials_interfaces__python
[27.825s] [ 87%] Built target action_tutorials_interfaces__rosidl_typesupport_introspection_c__pyext
[27.886s] [ 93%] Built target action_tutorials_interfaces__rosidl_typesupport_fastrtps_c__pyext
[27.945s] [100%] Built target action_tutorials_interfaces__rosidl_typesupport_c__pyext
[27.986s] [36mInstall the project...[0m
[28.005s] -- Install configuration: ""
[28.006s] -- Installing: /opt/workspace/install/action_tutorials_interfaces/share/ament_index/resource_index/rosidl_interfaces/action_tutorials_interfaces
[28.006s] -- Installing: /opt/workspace/install/action_tutorials_interfaces/lib/libaction_tutorials_interfaces__rosidl_typesupport_c.so
[28.007s] -- Set runtime path of "/opt/workspace/install/action_tutorials_interfaces/lib/libaction_tutorials_interfaces__rosidl_typesupport_c.so" to ""
[28.007s] -- Installing: /opt/workspace/install/action_tutorials_interfaces/share/action_tutorials_interfaces/environment/library_path.sh
[28.007s] -- Installing: /opt/workspace/install/action_tutorials_interfaces/share/action_tutorials_interfaces/environment/library_path.dsv
[28.007s] -- Installing: /opt/workspace/install/action_tutorials_interfaces/lib/libaction_tutorials_interfaces__rosidl_typesupport_cpp.so
[28.008s] -- Set runtime path of "/opt/workspace/install/action_tutorials_interfaces/lib/libaction_tutorials_interfaces__rosidl_typesupport_cpp.so" to ""
[28.008s] -- Installing: /opt/workspace/install/action_tutorials_interfaces/include/action_tutorials_interfaces
[28.008s] -- Installing: /opt/workspace/install/action_tutorials_interfaces/include/action_tutorials_interfaces/msg
[28.009s] -- Installing: /opt/workspace/install/action_tutorials_interfaces/include/action_tutorials_interfaces/msg/rosidl_typesupport_fastrtps_c__visibility_control.h
[28.009s] -- Installing: /opt/workspace/install/action_tutorials_interfaces/include/action_tutorials_interfaces/action
[28.009s] -- Installing: /opt/workspace/install/action_tutorials_interfaces/include/action_tutorials_interfaces/action/fibonacci__rosidl_typesupport_fastrtps_c.h
[28.009s] -- Installing: /opt/workspace/install/action_tutorials_interfaces/lib/libaction_tutorials_interfaces__rosidl_typesupport_fastrtps_c.so
[28.010s] -- Set runtime path of "/opt/workspace/install/action_tutorials_interfaces/lib/libaction_tutorials_interfaces__rosidl_typesupport_fastrtps_c.so" to ""
[28.010s] -- Up-to-date: /opt/workspace/install/action_tutorials_interfaces/include/action_tutorials_interfaces
[28.010s] -- Up-to-date: /opt/workspace/install/action_tutorials_interfaces/include/action_tutorials_interfaces/msg
[28.010s] -- Installing: /opt/workspace/install/action_tutorials_interfaces/include/action_tutorials_interfaces/msg/rosidl_generator_c__visibility_control.h
[28.011s] -- Up-to-date: /opt/workspace/install/action_tutorials_interfaces/include/action_tutorials_interfaces/action
[28.011s] -- Installing: /opt/workspace/install/action_tutorials_interfaces/include/action_tutorials_interfaces/action/fibonacci__functions.c
[28.011s] -- Installing: /opt/workspace/install/action_tutorials_interfaces/include/action_tutorials_interfaces/action/fibonacci__functions.h
[28.011s] -- Installing: /opt/workspace/install/action_tutorials_interfaces/include/action_tutorials_interfaces/action/fibonacci__struct.h
[28.011s] -- Installing: /opt/workspace/install/action_tutorials_interfaces/include/action_tutorials_interfaces/action/fibonacci.h
[28.011s] -- Installing: /opt/workspace/install/action_tutorials_interfaces/include/action_tutorials_interfaces/action/fibonacci__type_support.h
[28.012s] -- Installing: /opt/workspace/install/action_tutorials_interfaces/lib/libaction_tutorials_interfaces__rosidl_generator_c.so
[28.012s] -- Set runtime path of "/opt/workspace/install/action_tutorials_interfaces/lib/libaction_tutorials_interfaces__rosidl_generator_c.so" to ""
[28.012s] -- Up-to-date: /opt/workspace/install/action_tutorials_interfaces/include/action_tutorials_interfaces
[28.012s] -- Up-to-date: /opt/workspace/install/action_tutorials_interfaces/include/action_tutorials_interfaces/msg
[28.012s] -- Installing: /opt/workspace/install/action_tutorials_interfaces/include/action_tutorials_interfaces/msg/rosidl_typesupport_fastrtps_cpp__visibility_control.h
[28.013s] -- Up-to-date: /opt/workspace/install/action_tutorials_interfaces/include/action_tutorials_interfaces/action
[28.013s] -- Installing: /opt/workspace/install/action_tutorials_interfaces/include/action_tutorials_interfaces/action/fibonacci__rosidl_typesupport_fastrtps_cpp.hpp
[28.013s] -- Installing: /opt/workspace/install/action_tutorials_interfaces/include/action_tutorials_interfaces/action/dds_fastrtps
[28.013s] -- Installing: /opt/workspace/install/action_tutorials_interfaces/lib/libaction_tutorials_interfaces__rosidl_typesupport_fastrtps_cpp.so
[28.013s] -- Set runtime path of "/opt/workspace/install/action_tutorials_interfaces/lib/libaction_tutorials_interfaces__rosidl_typesupport_fastrtps_cpp.so" to ""
[28.013s] -- Up-to-date: /opt/workspace/install/action_tutorials_interfaces/include/action_tutorials_interfaces
[28.014s] -- Up-to-date: /opt/workspace/install/action_tutorials_interfaces/include/action_tutorials_interfaces/action
[28.014s] -- Installing: /opt/workspace/install/action_tutorials_interfaces/include/action_tutorials_interfaces/action/fibonacci__struct.hpp
[28.014s] -- Installing: /opt/workspace/install/action_tutorials_interfaces/include/action_tutorials_interfaces/action/fibonacci.hpp
[28.015s] -- Installing: /opt/workspace/install/action_tutorials_interfaces/include/action_tutorials_interfaces/action/fibonacci__traits.hpp
[28.015s] -- Up-to-date: /opt/workspace/install/action_tutorials_interfaces/include/action_tutorials_interfaces
[28.015s] -- Up-to-date: /opt/workspace/install/action_tutorials_interfaces/include/action_tutorials_interfaces/msg
[28.015s] -- Installing: /opt/workspace/install/action_tutorials_interfaces/include/action_tutorials_interfaces/msg/rosidl_typesupport_introspection_c__visibility_control.h
[28.015s] -- Up-to-date: /opt/workspace/install/action_tutorials_interfaces/include/action_tutorials_interfaces/action
[28.016s] -- Installing: /opt/workspace/install/action_tutorials_interfaces/include/action_tutorials_interfaces/action/fibonacci__type_support.c
[28.016s] -- Installing: /opt/workspace/install/action_tutorials_interfaces/include/action_tutorials_interfaces/action/fibonacci__rosidl_typesupport_introspection_c.h
[28.016s] -- Installing: /opt/workspace/install/action_tutorials_interfaces/lib/libaction_tutorials_interfaces__rosidl_typesupport_introspection_c.so
[28.016s] -- Set runtime path of "/opt/workspace/install/action_tutorials_interfaces/lib/libaction_tutorials_interfaces__rosidl_typesupport_introspection_c.so" to ""
[28.016s] -- Up-to-date: /opt/workspace/install/action_tutorials_interfaces/include/action_tutorials_interfaces
[28.017s] -- Up-to-date: /opt/workspace/install/action_tutorials_interfaces/include/action_tutorials_interfaces/action
[28.017s] -- Installing: /opt/workspace/install/action_tutorials_interfaces/include/action_tutorials_interfaces/action/fibonacci__rosidl_typesupport_introspection_cpp.hpp
[28.017s] -- Installing: /opt/workspace/install/action_tutorials_interfaces/include/action_tutorials_interfaces/action/fibonacci__type_support.cpp
[28.017s] -- Installing: /opt/workspace/install/action_tutorials_interfaces/lib/libaction_tutorials_interfaces__rosidl_typesupport_introspection_cpp.so
[28.018s] -- Set runtime path of "/opt/workspace/install/action_tutorials_interfaces/lib/libaction_tutorials_interfaces__rosidl_typesupport_introspection_cpp.so" to ""
[28.018s] -- Installing: /opt/workspace/install/action_tutorials_interfaces/share/action_tutorials_interfaces/environment/pythonpath.sh
[28.018s] -- Installing: /opt/workspace/install/action_tutorials_interfaces/share/action_tutorials_interfaces/environment/pythonpath.dsv
[28.018s] -- Installing: /opt/workspace/install/action_tutorials_interfaces/lib/python3.6/site-packages/action_tutorials_interfaces/__init__.py
[28.125s] Compiling '/opt/workspace/install/action_tutorials_interfaces/lib/python3.6/site-packages/action_tutorials_interfaces/__init__.py'...
[28.132s] -- Installing: /opt/workspace/install/action_tutorials_interfaces/lib/python3.6/site-packages/action_tutorials_interfaces/action
[28.132s] -- Installing: /opt/workspace/install/action_tutorials_interfaces/lib/python3.6/site-packages/action_tutorials_interfaces/action/__init__.py
[28.132s] -- Installing: /opt/workspace/install/action_tutorials_interfaces/lib/python3.6/site-packages/action_tutorials_interfaces/action/_fibonacci.py
[28.132s] -- Installing: /opt/workspace/install/action_tutorials_interfaces/lib/python3.6/site-packages/action_tutorials_interfaces/action/_fibonacci_s.c
[28.133s] -- Installing: /opt/workspace/install/action_tutorials_interfaces/lib/python3.6/site-packages/action_tutorials_interfaces/action_tutorials_interfaces_s__rosidl_typesupport_c.cpython-36m-x86_64-linux-gnu.so
[28.134s] -- Set runtime path of "/opt/workspace/install/action_tutorials_interfaces/lib/python3.6/site-packages/action_tutorials_interfaces/action_tutorials_interfaces_s__rosidl_typesupport_c.cpython-36m-x86_64-linux-gnu.so" to ""
[28.134s] -- Installing: /opt/workspace/install/action_tutorials_interfaces/lib/python3.6/site-packages/action_tutorials_interfaces/action_tutorials_interfaces_s__rosidl_typesupport_introspection_c.cpython-36m-x86_64-linux-gnu.so
[28.136s] -- Set runtime path of "/opt/workspace/install/action_tutorials_interfaces/lib/python3.6/site-packages/action_tutorials_interfaces/action_tutorials_interfaces_s__rosidl_typesupport_introspection_c.cpython-36m-x86_64-linux-gnu.so" to ""
[28.137s] -- Installing: /opt/workspace/install/action_tutorials_interfaces/lib/python3.6/site-packages/action_tutorials_interfaces/action_tutorials_interfaces_s__rosidl_typesupport_fastrtps_c.cpython-36m-x86_64-linux-gnu.so
[28.139s] -- Set runtime path of "/opt/workspace/install/action_tutorials_interfaces/lib/python3.6/site-packages/action_tutorials_interfaces/action_tutorials_interfaces_s__rosidl_typesupport_fastrtps_c.cpython-36m-x86_64-linux-gnu.so" to ""
[28.140s] -- Installing: /opt/workspace/install/action_tutorials_interfaces/lib/libaction_tutorials_interfaces__python.so
[28.142s] -- Set runtime path of "/opt/workspace/install/action_tutorials_interfaces/lib/libaction_tutorials_interfaces__python.so" to ""
[28.143s] -- Installing: /opt/workspace/install/action_tutorials_interfaces/share/action_tutorials_interfaces/action/Fibonacci.idl
[28.143s] -- Installing: /opt/workspace/install/action_tutorials_interfaces/share/action_tutorials_interfaces/action/Fibonacci.action
[28.144s] -- Installing: /opt/workspace/install/action_tutorials_interfaces/share/ament_index/resource_index/package_run_dependencies/action_tutorials_interfaces
[28.144s] -- Installing: /opt/workspace/install/action_tutorials_interfaces/share/ament_index/resource_index/parent_prefix_path/action_tutorials_interfaces
[28.144s] -- Installing: /opt/workspace/install/action_tutorials_interfaces/share/action_tutorials_interfaces/environment/ament_prefix_path.sh
[28.146s] -- Installing: /opt/workspace/install/action_tutorials_interfaces/share/action_tutorials_interfaces/environment/ament_prefix_path.dsv
[28.146s] -- Installing: /opt/workspace/install/action_tutorials_interfaces/share/action_tutorials_interfaces/environment/path.sh
[28.146s] -- Installing: /opt/workspace/install/action_tutorials_interfaces/share/action_tutorials_interfaces/environment/path.dsv
[28.146s] -- Installing: /opt/workspace/install/action_tutorials_interfaces/share/action_tutorials_interfaces/local_setup.bash
[28.146s] -- Installing: /opt/workspace/install/action_tutorials_interfaces/share/action_tutorials_interfaces/local_setup.sh
[28.147s] -- Installing: /opt/workspace/install/action_tutorials_interfaces/share/action_tutorials_interfaces/local_setup.zsh
[28.147s] -- Installing: /opt/workspace/install/action_tutorials_interfaces/share/action_tutorials_interfaces/local_setup.dsv
[28.147s] -- Installing: /opt/workspace/install/action_tutorials_interfaces/share/action_tutorials_interfaces/package.dsv
[28.147s] -- Installing: /opt/workspace/install/action_tutorials_interfaces/share/ament_index/resource_index/packages/action_tutorials_interfaces
[28.148s] -- Installing: /opt/workspace/install/action_tutorials_interfaces/share/action_tutorials_interfaces/cmake/rosidl_cmake-extras.cmake
[28.148s] -- Installing: /opt/workspace/install/action_tutorials_interfaces/share/action_tutorials_interfaces/cmake/ament_cmake_export_dependencies-extras.cmake
[28.148s] -- Installing: /opt/workspace/install/action_tutorials_interfaces/share/action_tutorials_interfaces/cmake/ament_cmake_export_libraries-extras.cmake
[28.149s] -- Installing: /opt/workspace/install/action_tutorials_interfaces/share/action_tutorials_interfaces/cmake/ament_cmake_export_include_directories-extras.cmake
[28.149s] -- Installing: /opt/workspace/install/action_tutorials_interfaces/share/action_tutorials_interfaces/cmake/action_tutorials_interfacesConfig.cmake
[28.150s] -- Installing: /opt/workspace/install/action_tutorials_interfaces/share/action_tutorials_interfaces/cmake/action_tutorials_interfacesConfig-version.cmake
[28.150s] -- Installing: /opt/workspace/install/action_tutorials_interfaces/share/action_tutorials_interfaces/package.xml
