/opt/workspace/install/ros2node/lib/python3.6/site-packages/ros2node/__init__.py
/opt/workspace/install/ros2node/lib/python3.6/site-packages/ros2node/api/__init__.py
/opt/workspace/install/ros2node/lib/python3.6/site-packages/ros2node/verb/__init__.py
/opt/workspace/install/ros2node/lib/python3.6/site-packages/ros2node/verb/list.py
/opt/workspace/install/ros2node/lib/python3.6/site-packages/ros2node/verb/info.py
/opt/workspace/install/ros2node/lib/python3.6/site-packages/ros2node/command/__init__.py
/opt/workspace/install/ros2node/lib/python3.6/site-packages/ros2node/command/node.py
/opt/workspace/install/ros2node/lib/python3.6/site-packages/ros2node/__pycache__/__init__.cpython-36.pyc
/opt/workspace/install/ros2node/lib/python3.6/site-packages/ros2node/api/__pycache__/__init__.cpython-36.pyc
/opt/workspace/install/ros2node/lib/python3.6/site-packages/ros2node/verb/__pycache__/__init__.cpython-36.pyc
/opt/workspace/install/ros2node/lib/python3.6/site-packages/ros2node/verb/__pycache__/list.cpython-36.pyc
/opt/workspace/install/ros2node/lib/python3.6/site-packages/ros2node/verb/__pycache__/info.cpython-36.pyc
/opt/workspace/install/ros2node/lib/python3.6/site-packages/ros2node/command/__pycache__/__init__.cpython-36.pyc
/opt/workspace/install/ros2node/lib/python3.6/site-packages/ros2node/command/__pycache__/node.cpython-36.pyc
/opt/workspace/install/ros2node/share/ros2node/package.xml
/opt/workspace/install/ros2node/share/ament_index/resource_index/packages/ros2node
/opt/workspace/install/ros2node/lib/python3.6/site-packages/ros2node-0.8.7-py3.6.egg-info/dependency_links.txt
/opt/workspace/install/ros2node/lib/python3.6/site-packages/ros2node-0.8.7-py3.6.egg-info/zip-safe
/opt/workspace/install/ros2node/lib/python3.6/site-packages/ros2node-0.8.7-py3.6.egg-info/top_level.txt
/opt/workspace/install/ros2node/lib/python3.6/site-packages/ros2node-0.8.7-py3.6.egg-info/entry_points.txt
/opt/workspace/install/ros2node/lib/python3.6/site-packages/ros2node-0.8.7-py3.6.egg-info/requires.txt
/opt/workspace/install/ros2node/lib/python3.6/site-packages/ros2node-0.8.7-py3.6.egg-info/PKG-INFO
/opt/workspace/install/ros2node/lib/python3.6/site-packages/ros2node-0.8.7-py3.6.egg-info/SOURCES.txt
