[0.664s] [36mInstall the project...[0m
[0.678s] -- Install configuration: ""
[0.678s] -- Up-to-date: /opt/workspace/install/python_cmake_module/share/ament_index/resource_index/package_run_dependencies/python_cmake_module
[0.678s] -- Up-to-date: /opt/workspace/install/python_cmake_module/share/ament_index/resource_index/parent_prefix_path/python_cmake_module
[0.679s] -- Up-to-date: /opt/workspace/install/python_cmake_module/share/python_cmake_module/environment/ament_prefix_path.sh
[0.679s] -- Up-to-date: /opt/workspace/install/python_cmake_module/share/python_cmake_module/environment/ament_prefix_path.dsv
[0.679s] -- Up-to-date: /opt/workspace/install/python_cmake_module/share/python_cmake_module/environment/path.sh
[0.680s] -- Up-to-date: /opt/workspace/install/python_cmake_module/share/python_cmake_module/environment/path.dsv
[0.681s] -- Up-to-date: /opt/workspace/install/python_cmake_module/share/python_cmake_module/local_setup.bash
[0.681s] -- Up-to-date: /opt/workspace/install/python_cmake_module/share/python_cmake_module/local_setup.sh
[0.681s] -- Up-to-date: /opt/workspace/install/python_cmake_module/share/python_cmake_module/local_setup.zsh
[0.682s] -- Up-to-date: /opt/workspace/install/python_cmake_module/share/python_cmake_module/local_setup.dsv
[0.682s] -- Up-to-date: /opt/workspace/install/python_cmake_module/share/python_cmake_module/package.dsv
[0.682s] -- Up-to-date: /opt/workspace/install/python_cmake_module/share/ament_index/resource_index/packages/python_cmake_module
[0.683s] -- Up-to-date: /opt/workspace/install/python_cmake_module/share/python_cmake_module/cmake/python_cmake_module-extras.cmake
[0.683s] -- Up-to-date: /opt/workspace/install/python_cmake_module/share/python_cmake_module/cmake/python_cmake_moduleConfig.cmake
[0.683s] -- Up-to-date: /opt/workspace/install/python_cmake_module/share/python_cmake_module/cmake/python_cmake_moduleConfig-version.cmake
[0.683s] -- Up-to-date: /opt/workspace/install/python_cmake_module/share/python_cmake_module/package.xml
[0.684s] -- Up-to-date: /opt/workspace/install/python_cmake_module/share/python_cmake_module/cmake
[0.684s] -- Up-to-date: /opt/workspace/install/python_cmake_module/share/python_cmake_module/cmake/Modules
[0.684s] -- Up-to-date: /opt/workspace/install/python_cmake_module/share/python_cmake_module/cmake/Modules/FindPythonExtra.cmake
