[1.396s] Invoking command in '/opt/workspace/src/ament/ament_lint/ament_flake8': AMENT_PREFIX_PATH=/opt/workspace/install/ament_lint:${AMENT_PREFIX_PATH} PYTHONPATH=/opt/workspace/install/ament_flake8/lib/python3.6/site-packages:/opt/workspace/install/ament_lint/lib/python3.6/site-packages:${PYTHONPATH} /usr/bin/python3 setup.py egg_info --egg-base /opt/workspace/build/ament_flake8 build --build-base /opt/workspace/build/ament_flake8/build install --prefix /opt/workspace/install/ament_flake8 --record /opt/workspace/build/ament_flake8/install.log --single-version-externally-managed
[1.772s] running egg_info
[1.773s] writing /opt/workspace/build/ament_flake8/ament_flake8.egg-info/PKG-INFO
[1.773s] writing dependency_links to /opt/workspace/build/ament_flake8/ament_flake8.egg-info/dependency_links.txt
[1.773s] writing entry points to /opt/workspace/build/ament_flake8/ament_flake8.egg-info/entry_points.txt
[1.773s] writing requirements to /opt/workspace/build/ament_flake8/ament_flake8.egg-info/requires.txt
[1.774s] writing top-level names to /opt/workspace/build/ament_flake8/ament_flake8.egg-info/top_level.txt
[1.837s] reading manifest file '/opt/workspace/build/ament_flake8/ament_flake8.egg-info/SOURCES.txt'
[1.839s] writing manifest file '/opt/workspace/build/ament_flake8/ament_flake8.egg-info/SOURCES.txt'
[1.839s] running build
[1.839s] running build_py
[1.840s] running install
[1.840s] running install_lib
[1.842s] running install_data
[1.843s] running install_egg_info
[1.846s] removing '/opt/workspace/install/ament_flake8/lib/python3.6/site-packages/ament_flake8-0.8.1-py3.6.egg-info' (and everything under it)
[1.847s] Copying /opt/workspace/build/ament_flake8/ament_flake8.egg-info to /opt/workspace/install/ament_flake8/lib/python3.6/site-packages/ament_flake8-0.8.1-py3.6.egg-info
[1.848s] running install_scripts
[1.876s] Installing ament_flake8 script to /opt/workspace/install/ament_flake8/bin
[1.876s] writing list of installed files to '/opt/workspace/build/ament_flake8/install.log'
[1.938s] Invoked command in '/opt/workspace/src/ament/ament_lint/ament_flake8' returned '0': AMENT_PREFIX_PATH=/opt/workspace/install/ament_lint:${AMENT_PREFIX_PATH} PYTHONPATH=/opt/workspace/install/ament_flake8/lib/python3.6/site-packages:/opt/workspace/install/ament_lint/lib/python3.6/site-packages:${PYTHONPATH} /usr/bin/python3 setup.py egg_info --egg-base /opt/workspace/build/ament_flake8 build --build-base /opt/workspace/build/ament_flake8/build install --prefix /opt/workspace/install/ament_flake8 --record /opt/workspace/build/ament_flake8/install.log --single-version-externally-managed
