[0.456s] -- The C compiler identification is GNU 7.4.0
[0.594s] -- The CXX compiler identification is GNU 7.4.0
[0.609s] -- Check for working C compiler: /usr/bin/cc
[0.800s] -- Check for working C compiler: /usr/bin/cc -- works
[0.803s] -- Detecting C compiler ABI info
[1.087s] -- Detecting C compiler ABI info - done
[1.100s] -- Detecting C compile features
[1.719s] -- Detecting C compile features - done
[1.730s] -- Check for working CXX compiler: /usr/bin/c++
[1.977s] -- Check for working CXX compiler: /usr/bin/c++ -- works
[1.980s] -- Detecting CXX compiler ABI info
[2.180s] -- Detecting CXX compiler ABI info - done
[2.197s] -- Detecting CXX compile features
[3.034s] -- Detecting CXX compile features - done
[3.047s] -- Found ament_cmake_ros: 0.8.0 (/opt/workspace/install/ament_cmake_ros/share/ament_cmake_ros/cmake)
[3.155s] -- Found PythonInterp: /usr/bin/python3 (found suitable version "3.6.9", minimum required is "3") 
[3.157s] -- Using PYTHON_EXECUTABLE: /usr/bin/python3
[3.714s] -- Found rcutils: 0.8.4 (/opt/workspace/install/rcutils/share/rcutils/cmake)
[3.740s] -- Found cyclonedds_cmake_module: 0.5.1 (/opt/workspace/install/cyclonedds_cmake_module/share/cyclonedds_cmake_module/cmake)
[3.755s] -- Found rmw: 0.8.1 (/opt/workspace/install/rmw/share/rmw/cmake)
[3.784s] -- Found rosidl_adapter: 0.8.2 (/opt/workspace/install/rosidl_adapter/share/rosidl_adapter/cmake)
[3.805s] -- Found rosidl_typesupport_introspection_c: 0.8.2 (/opt/workspace/install/rosidl_typesupport_introspection_c/share/rosidl_typesupport_introspection_c/cmake)
[3.819s] -- Found rosidl_typesupport_introspection_cpp: 0.8.2 (/opt/workspace/install/rosidl_typesupport_introspection_cpp/share/rosidl_typesupport_introspection_cpp/cmake)
[3.877s] -- Found ament_lint_auto: 0.8.1 (/opt/workspace/install/ament_lint_auto/share/ament_lint_auto/cmake)
[4.126s] -- Added test 'copyright' to check for copyright in CMake / C / C++ / Python code
[4.132s] -- Added test 'cppcheck' to perform static code analysis on C / C++ code
[4.133s] -- Configured cppcheck include dirs: $<BUILD_INTERFACE:/opt/workspace/src/ros2/rmw_cyclonedds/rmw_cyclonedds_cpp/include>
[4.138s] -- Added test 'cpplint' to check C / C++ code against the Google style
[4.142s] -- Added test 'lint_cmake' to check CMake code style
[4.148s] -- Added test 'uncrustify' to check C / C++ code style
[4.152s] -- Added test 'xmllint' to check XML markup files
[4.162s] -- Configuring done
[4.181s] -- Generating done
[4.185s] -- Build files have been written to: /opt/workspace/build/rmw_cyclonedds_cpp
[4.362s] [35m[1mScanning dependencies of target rmw_cyclonedds_cpp[0m
[4.460s] [ 10%] [32mBuilding CXX object CMakeFiles/rmw_cyclonedds_cpp.dir/src/rmw_node.cpp.o[0m
[13.329s] [ 20%] [32mBuilding CXX object CMakeFiles/rmw_cyclonedds_cpp.dir/src/Serialization.cpp.o[0m
[14.652s] [ 30%] [32mBuilding CXX object CMakeFiles/rmw_cyclonedds_cpp.dir/src/TypeSupport2.cpp.o[0m
[16.377s] [ 40%] [32mBuilding CXX object CMakeFiles/rmw_cyclonedds_cpp.dir/src/deserialization_exception.cpp.o[0m
[16.606s] [ 50%] [32mBuilding CXX object CMakeFiles/rmw_cyclonedds_cpp.dir/src/exception.cpp.o[0m
[16.829s] [ 60%] [32mBuilding CXX object CMakeFiles/rmw_cyclonedds_cpp.dir/src/u16string.cpp.o[0m
[17.105s] [ 70%] [32mBuilding CXX object CMakeFiles/rmw_cyclonedds_cpp.dir/src/graphrhc.cpp.o[0m
[17.174s] [ 80%] [32mBuilding CXX object CMakeFiles/rmw_cyclonedds_cpp.dir/src/serdes.cpp.o[0m
[17.492s] [ 90%] [32mBuilding CXX object CMakeFiles/rmw_cyclonedds_cpp.dir/src/serdata.cpp.o[0m
[21.754s] [100%] [32m[1mLinking CXX shared library librmw_cyclonedds_cpp.so[0m
[22.248s] [100%] Built target rmw_cyclonedds_cpp
[22.427s] [100%] Built target rmw_cyclonedds_cpp
[22.458s] [36mInstall the project...[0m
[22.470s] -- Install configuration: ""
[22.470s] -- Installing: /opt/workspace/install/rmw_cyclonedds_cpp/share/rmw_cyclonedds_cpp/environment/library_path.sh
[22.471s] -- Installing: /opt/workspace/install/rmw_cyclonedds_cpp/share/rmw_cyclonedds_cpp/environment/library_path.dsv
[22.471s] -- Installing: /opt/workspace/install/rmw_cyclonedds_cpp/share/ament_index/resource_index/rmw_typesupport_c/rmw_cyclonedds_cpp
[22.471s] -- Installing: /opt/workspace/install/rmw_cyclonedds_cpp/share/ament_index/resource_index/rmw_typesupport_cpp/rmw_cyclonedds_cpp
[22.471s] -- Installing: /opt/workspace/install/rmw_cyclonedds_cpp/share/ament_index/resource_index/rmw_typesupport/rmw_cyclonedds_cpp
[22.472s] -- Installing: /opt/workspace/install/rmw_cyclonedds_cpp/share/ament_index/resource_index/package_run_dependencies/rmw_cyclonedds_cpp
[22.472s] -- Installing: /opt/workspace/install/rmw_cyclonedds_cpp/share/ament_index/resource_index/parent_prefix_path/rmw_cyclonedds_cpp
[22.472s] -- Installing: /opt/workspace/install/rmw_cyclonedds_cpp/share/rmw_cyclonedds_cpp/environment/ament_prefix_path.sh
[22.473s] -- Installing: /opt/workspace/install/rmw_cyclonedds_cpp/share/rmw_cyclonedds_cpp/environment/ament_prefix_path.dsv
[22.473s] -- Installing: /opt/workspace/install/rmw_cyclonedds_cpp/share/rmw_cyclonedds_cpp/environment/path.sh
[22.473s] -- Installing: /opt/workspace/install/rmw_cyclonedds_cpp/share/rmw_cyclonedds_cpp/environment/path.dsv
[22.473s] -- Installing: /opt/workspace/install/rmw_cyclonedds_cpp/share/rmw_cyclonedds_cpp/local_setup.bash
[22.474s] -- Installing: /opt/workspace/install/rmw_cyclonedds_cpp/share/rmw_cyclonedds_cpp/local_setup.sh
[22.474s] -- Installing: /opt/workspace/install/rmw_cyclonedds_cpp/share/rmw_cyclonedds_cpp/local_setup.zsh
[22.474s] -- Installing: /opt/workspace/install/rmw_cyclonedds_cpp/share/rmw_cyclonedds_cpp/local_setup.dsv
[22.474s] -- Installing: /opt/workspace/install/rmw_cyclonedds_cpp/share/rmw_cyclonedds_cpp/package.dsv
[22.474s] -- Installing: /opt/workspace/install/rmw_cyclonedds_cpp/share/ament_index/resource_index/packages/rmw_cyclonedds_cpp
[22.475s] -- Installing: /opt/workspace/install/rmw_cyclonedds_cpp/share/rmw_cyclonedds_cpp/cmake/ament_cmake_export_dependencies-extras.cmake
[22.475s] -- Installing: /opt/workspace/install/rmw_cyclonedds_cpp/share/rmw_cyclonedds_cpp/cmake/ament_cmake_export_include_directories-extras.cmake
[22.476s] -- Installing: /opt/workspace/install/rmw_cyclonedds_cpp/share/rmw_cyclonedds_cpp/cmake/ament_cmake_export_libraries-extras.cmake
[22.476s] -- Installing: /opt/workspace/install/rmw_cyclonedds_cpp/share/rmw_cyclonedds_cpp/cmake/rmw_cyclonedds_cppConfig.cmake
[22.476s] -- Installing: /opt/workspace/install/rmw_cyclonedds_cpp/share/rmw_cyclonedds_cpp/cmake/rmw_cyclonedds_cppConfig-version.cmake
[22.476s] -- Installing: /opt/workspace/install/rmw_cyclonedds_cpp/share/rmw_cyclonedds_cpp/package.xml
[22.477s] -- Installing: /opt/workspace/install/rmw_cyclonedds_cpp/include
[22.477s] -- Installing: /opt/workspace/install/rmw_cyclonedds_cpp/include/rmw_cyclonedds_cpp
[22.477s] -- Installing: /opt/workspace/install/rmw_cyclonedds_cpp/include/rmw_cyclonedds_cpp/serdes.hpp
[22.477s] -- Installing: /opt/workspace/install/rmw_cyclonedds_cpp/include/rmw_cyclonedds_cpp/u16string.hpp
[22.477s] -- Installing: /opt/workspace/install/rmw_cyclonedds_cpp/include/rmw_cyclonedds_cpp/TypeSupport.hpp
[22.478s] -- Installing: /opt/workspace/install/rmw_cyclonedds_cpp/include/rmw_cyclonedds_cpp/ServiceTypeSupport.hpp
[22.478s] -- Installing: /opt/workspace/install/rmw_cyclonedds_cpp/include/rmw_cyclonedds_cpp/visibility_control.h
[22.478s] -- Installing: /opt/workspace/install/rmw_cyclonedds_cpp/include/rmw_cyclonedds_cpp/TypeSupport_impl.hpp
[22.478s] -- Installing: /opt/workspace/install/rmw_cyclonedds_cpp/include/rmw_cyclonedds_cpp/ServiceTypeSupport_impl.hpp
[22.478s] -- Installing: /opt/workspace/install/rmw_cyclonedds_cpp/include/rmw_cyclonedds_cpp/MessageTypeSupport.hpp
[22.479s] -- Installing: /opt/workspace/install/rmw_cyclonedds_cpp/include/rmw_cyclonedds_cpp/deserialization_exception.hpp
[22.479s] -- Installing: /opt/workspace/install/rmw_cyclonedds_cpp/include/rmw_cyclonedds_cpp/macros.hpp
[22.479s] -- Installing: /opt/workspace/install/rmw_cyclonedds_cpp/include/rmw_cyclonedds_cpp/graphrhc.hpp
[22.479s] -- Installing: /opt/workspace/install/rmw_cyclonedds_cpp/include/rmw_cyclonedds_cpp/MessageTypeSupport_impl.hpp
[22.479s] -- Installing: /opt/workspace/install/rmw_cyclonedds_cpp/include/rmw_cyclonedds_cpp/exception.hpp
[22.480s] -- Installing: /opt/workspace/install/rmw_cyclonedds_cpp/include/rmw_cyclonedds_cpp/rmw_version_test.hpp
[22.480s] -- Installing: /opt/workspace/install/rmw_cyclonedds_cpp/lib/librmw_cyclonedds_cpp.so
[22.480s] -- Set runtime path of "/opt/workspace/install/rmw_cyclonedds_cpp/lib/librmw_cyclonedds_cpp.so" to ""
