[0.467s] [36mInstall the project...[0m
[0.468s] -- Install configuration: ""
[0.468s] -- Up-to-date: /opt/workspace/install/ament_cmake_libraries/share/ament_index/resource_index/package_run_dependencies/ament_cmake_libraries
[0.468s] -- Up-to-date: /opt/workspace/install/ament_cmake_libraries/share/ament_index/resource_index/parent_prefix_path/ament_cmake_libraries
[0.468s] -- Up-to-date: /opt/workspace/install/ament_cmake_libraries/share/ament_cmake_libraries/environment/ament_prefix_path.sh
[0.468s] -- Up-to-date: /opt/workspace/install/ament_cmake_libraries/share/ament_cmake_libraries/environment/ament_prefix_path.dsv
[0.469s] -- Up-to-date: /opt/workspace/install/ament_cmake_libraries/share/ament_cmake_libraries/environment/path.sh
[0.469s] -- Up-to-date: /opt/workspace/install/ament_cmake_libraries/share/ament_cmake_libraries/environment/path.dsv
[0.469s] -- Up-to-date: /opt/workspace/install/ament_cmake_libraries/share/ament_cmake_libraries/local_setup.bash
[0.469s] -- Up-to-date: /opt/workspace/install/ament_cmake_libraries/share/ament_cmake_libraries/local_setup.sh
[0.469s] -- Up-to-date: /opt/workspace/install/ament_cmake_libraries/share/ament_cmake_libraries/local_setup.zsh
[0.470s] -- Up-to-date: /opt/workspace/install/ament_cmake_libraries/share/ament_cmake_libraries/local_setup.dsv
[0.471s] -- Up-to-date: /opt/workspace/install/ament_cmake_libraries/share/ament_cmake_libraries/package.dsv
[0.472s] -- Up-to-date: /opt/workspace/install/ament_cmake_libraries/share/ament_index/resource_index/packages/ament_cmake_libraries
[0.472s] -- Up-to-date: /opt/workspace/install/ament_cmake_libraries/share/ament_cmake_libraries/cmake/ament_cmake_libraries-extras.cmake
[0.473s] -- Up-to-date: /opt/workspace/install/ament_cmake_libraries/share/ament_cmake_libraries/cmake/ament_cmake_librariesConfig.cmake
[0.473s] -- Up-to-date: /opt/workspace/install/ament_cmake_libraries/share/ament_cmake_libraries/cmake/ament_cmake_librariesConfig-version.cmake
[0.473s] -- Up-to-date: /opt/workspace/install/ament_cmake_libraries/share/ament_cmake_libraries/package.xml
[0.474s] -- Up-to-date: /opt/workspace/install/ament_cmake_libraries/share/ament_cmake_libraries/cmake
[0.474s] -- Up-to-date: /opt/workspace/install/ament_cmake_libraries/share/ament_cmake_libraries/cmake/ament_libraries_deduplicate.cmake
[0.474s] -- Up-to-date: /opt/workspace/install/ament_cmake_libraries/share/ament_cmake_libraries/cmake/ament_libraries_unpack_build_configuration.cmake
[0.474s] -- Up-to-date: /opt/workspace/install/ament_cmake_libraries/share/ament_cmake_libraries/cmake/ament_libraries_pack_build_configuration.cmake
