[0.192s] Invoking command in '/opt/workspace/build/rosidl_generator_cpp': AMENT_PREFIX_PATH=/opt/workspace/install/rosidl_generator_c:/opt/workspace/install/rosidl_cmake:/opt/workspace/install/rosidl_parser:/opt/workspace/install/rosidl_typesupport_interface:/opt/workspace/install/rosidl_adapter:/opt/workspace/install/ament_lint_common:/opt/workspace/install/ament_cmake_xmllint:/opt/workspace/install/ament_cmake_uncrustify:/opt/workspace/install/ament_cmake_pep257:/opt/workspace/install/ament_cmake_flake8:/opt/workspace/install/ament_cmake_cpplint:/opt/workspace/install/ament_cmake_cppcheck:/opt/workspace/install/ament_uncrustify:/opt/workspace/install/ament_cmake_copyright:/opt/workspace/install/uncrustify_vendor:/opt/workspace/install/ament_cmake_lint_cmake:/opt/workspace/install/ament_xmllint:/opt/workspace/install/ament_lint_cmake:/opt/workspace/install/ament_lint_auto:/opt/workspace/install/ament_cpplint:/opt/workspace/install/ament_cmake_gtest:/opt/workspace/install/ament_cmake:/opt/workspace/install/ament_copyright:/opt/workspace/install/ament_cmake_test:/opt/workspace/install/ament_cmake_target_dependencies:/opt/workspace/install/ament_cmake_export_interfaces:/opt/workspace/install/ament_cmake_export_dependencies:/opt/workspace/install/test_interface_files:/opt/workspace/install/ament_pep257:/opt/workspace/install/ament_cmake_version:/opt/workspace/install/ament_cmake_python:/opt/workspace/install/ament_cmake_libraries:/opt/workspace/install/ament_cmake_include_directories:/opt/workspace/install/ament_cmake_export_link_flags:/opt/workspace/install/ament_cmake_export_libraries:/opt/workspace/install/ament_cmake_export_include_directories:/opt/workspace/install/ament_cmake_export_definitions:/opt/workspace/install/ament_flake8:/opt/workspace/install/ament_cmake_core:/opt/workspace/install/ament_package:/opt/workspace/install/ament_lint:/opt/workspace/install/ament_cppcheck:${AMENT_PREFIX_PATH} CMAKE_PREFIX_PATH=/opt/workspace/install/rosidl_generator_c:/opt/workspace/install/rosidl_cmake:/opt/workspace/install/rosidl_parser:/opt/workspace/install/rosidl_typesupport_interface:/opt/workspace/install/rosidl_adapter:/opt/workspace/install/ament_lint_common:/opt/workspace/install/ament_cmake_xmllint:/opt/workspace/install/ament_cmake_uncrustify:/opt/workspace/install/ament_cmake_pep257:/opt/workspace/install/ament_cmake_flake8:/opt/workspace/install/ament_cmake_cpplint:/opt/workspace/install/ament_cmake_cppcheck:/opt/workspace/install/ament_cmake_copyright:/opt/workspace/install/uncrustify_vendor:/opt/workspace/install/ament_cmake_lint_cmake:/opt/workspace/install/ament_lint_auto:/opt/workspace/install/ament_cmake_gtest:/opt/workspace/install/ament_cmake:/opt/workspace/install/ament_cmake_test:/opt/workspace/install/ament_cmake_target_dependencies:/opt/workspace/install/ament_cmake_export_interfaces:/opt/workspace/install/ament_cmake_export_dependencies:/opt/workspace/install/test_interface_files:/opt/workspace/install/ament_cmake_version:/opt/workspace/install/ament_cmake_python:/opt/workspace/install/ament_cmake_libraries:/opt/workspace/install/ament_cmake_include_directories:/opt/workspace/install/ament_cmake_export_link_flags:/opt/workspace/install/ament_cmake_export_libraries:/opt/workspace/install/ament_cmake_export_include_directories:/opt/workspace/install/ament_cmake_export_definitions:/opt/workspace/install/ament_cmake_core:/opt/workspace/install/gtest_vendor:/opt/ros/eloquent LD_LIBRARY_PATH=/opt/workspace/install/rosidl_generator_c/lib:${LD_LIBRARY_PATH} PATH=/opt/workspace/install/ament_uncrustify/bin:/opt/workspace/install/ament_xmllint/bin:/opt/workspace/install/ament_lint_cmake/bin:/opt/workspace/install/ament_cpplint/bin:/opt/workspace/install/ament_copyright/bin:/opt/workspace/install/ament_pep257/bin:/opt/workspace/install/ament_flake8/bin:/opt/workspace/install/ament_cppcheck/bin:${PATH} PKG_CONFIG_PATH=/opt/workspace/install/gtest_vendor/lib/x86_64-linux-gnu/pkgconfig:/opt/workspace/install/gtest_vendor/lib/pkgconfig PYTHONPATH=/opt/workspace/install/rosidl_generator_c/lib/python3.6/site-packages:/opt/workspace/install/rosidl_cmake/lib/python3.6/site-packages:/opt/workspace/install/rosidl_parser/lib/python3.6/site-packages:/opt/workspace/install/rosidl_adapter/lib/python3.6/site-packages:/opt/workspace/install/ament_uncrustify/lib/python3.6/site-packages:/opt/workspace/install/ament_xmllint/lib/python3.6/site-packages:/opt/workspace/install/ament_lint_cmake/lib/python3.6/site-packages:/opt/workspace/install/ament_cpplint/lib/python3.6/site-packages:/opt/workspace/install/ament_copyright/lib/python3.6/site-packages:/opt/workspace/install/ament_cmake_test/lib/python3.6/site-packages:/opt/workspace/install/ament_pep257/lib/python3.6/site-packages:/opt/workspace/install/ament_flake8/lib/python3.6/site-packages:/opt/workspace/install/ament_package/lib/python3.6/site-packages:/opt/workspace/install/ament_lint/lib/python3.6/site-packages:/opt/workspace/install/ament_cppcheck/lib/python3.6/site-packages:${PYTHONPATH} /usr/bin/cmake /opt/workspace/src/ros2/rosidl/rosidl_generator_cpp -DCMAKE_INSTALL_PREFIX=/opt/workspace/install/rosidl_generator_cpp
[0.314s] -- The C compiler identification is GNU 7.4.0
[0.432s] -- The CXX compiler identification is GNU 7.4.0
[0.442s] -- Check for working C compiler: /usr/bin/cc
[0.565s] -- Check for working C compiler: /usr/bin/cc -- works
[0.567s] -- Detecting C compiler ABI info
[0.695s] -- Detecting C compiler ABI info - done
[0.708s] -- Detecting C compile features
[1.104s] -- Detecting C compile features - done
[1.109s] -- Check for working CXX compiler: /usr/bin/c++
[1.276s] -- Check for working CXX compiler: /usr/bin/c++ -- works
[1.278s] -- Detecting CXX compiler ABI info
[1.454s] -- Detecting CXX compiler ABI info - done
[1.462s] -- Detecting CXX compile features
[2.125s] -- Detecting CXX compile features - done
[2.130s] -- Found ament_cmake: 0.8.2 (/opt/workspace/install/ament_cmake/share/ament_cmake/cmake)
[2.194s] -- Found PythonInterp: /usr/bin/python3 (found suitable version "3.6.9", minimum required is "3") 
[2.194s] -- Using PYTHON_EXECUTABLE: /usr/bin/python3
[2.765s] -- Found ament_lint_auto: 0.8.1 (/opt/workspace/install/ament_lint_auto/share/ament_lint_auto/cmake)
[2.768s] -- Found rosidl_generator_c: 0.8.2 (/opt/workspace/install/rosidl_generator_c/share/rosidl_generator_c/cmake)
[2.778s] -- Found rosidl_adapter: 0.8.2 (/opt/workspace/install/rosidl_adapter/share/rosidl_adapter/cmake)
[2.792s] -- Found test_interface_files: 0.8.0 (/opt/workspace/install/test_interface_files/share/test_interface_files/cmake)
[3.029s] -- Found PythonInterp: /usr/bin/python3 (found version "3.6.9") 
[3.625s] -- Found gtest sources under '/opt/workspace/install/gtest_vendor/src/gtest_vendor': C++ tests using 'Google Test' will be built
[3.629s] -- Looking for pthread.h
[3.768s] -- Looking for pthread.h - found
[3.768s] -- Looking for pthread_create
[3.901s] -- Looking for pthread_create - not found
[3.902s] -- Check if compiler accepts -pthread
[4.022s] -- Check if compiler accepts -pthread - yes
[4.025s] -- Found Threads: TRUE  
[4.060s] -- Added test 'copyright' to check for copyright in CMake / C / C++ / Python code
[4.065s] -- Added test 'cppcheck' to perform static code analysis on C / C++ code
[4.067s] -- Configured cppcheck include dirs: /opt/workspace/src/ros2/rosidl/rosidl_generator_cpp/include
[4.072s] -- Added test 'cpplint' to check C / C++ code against the Google style
[4.073s] -- Added test 'flake8' to check Python code syntax and style conventions
[4.075s] -- Added test 'lint_cmake' to check CMake code style
[4.077s] -- Added test 'pep257' to check Python code against some of the style conventions in PEP 257
[4.082s] -- Added test 'uncrustify' to check C / C++ code style
[4.083s] -- Added test 'xmllint' to check XML markup files
[4.092s] -- Configuring done
[4.145s] -- Generating done
[4.151s] -- Build files have been written to: /opt/workspace/build/rosidl_generator_cpp
[4.156s] Invoked command in '/opt/workspace/build/rosidl_generator_cpp' returned '0': AMENT_PREFIX_PATH=/opt/workspace/install/rosidl_generator_c:/opt/workspace/install/rosidl_cmake:/opt/workspace/install/rosidl_parser:/opt/workspace/install/rosidl_typesupport_interface:/opt/workspace/install/rosidl_adapter:/opt/workspace/install/ament_lint_common:/opt/workspace/install/ament_cmake_xmllint:/opt/workspace/install/ament_cmake_uncrustify:/opt/workspace/install/ament_cmake_pep257:/opt/workspace/install/ament_cmake_flake8:/opt/workspace/install/ament_cmake_cpplint:/opt/workspace/install/ament_cmake_cppcheck:/opt/workspace/install/ament_uncrustify:/opt/workspace/install/ament_cmake_copyright:/opt/workspace/install/uncrustify_vendor:/opt/workspace/install/ament_cmake_lint_cmake:/opt/workspace/install/ament_xmllint:/opt/workspace/install/ament_lint_cmake:/opt/workspace/install/ament_lint_auto:/opt/workspace/install/ament_cpplint:/opt/workspace/install/ament_cmake_gtest:/opt/workspace/install/ament_cmake:/opt/workspace/install/ament_copyright:/opt/workspace/install/ament_cmake_test:/opt/workspace/install/ament_cmake_target_dependencies:/opt/workspace/install/ament_cmake_export_interfaces:/opt/workspace/install/ament_cmake_export_dependencies:/opt/workspace/install/test_interface_files:/opt/workspace/install/ament_pep257:/opt/workspace/install/ament_cmake_version:/opt/workspace/install/ament_cmake_python:/opt/workspace/install/ament_cmake_libraries:/opt/workspace/install/ament_cmake_include_directories:/opt/workspace/install/ament_cmake_export_link_flags:/opt/workspace/install/ament_cmake_export_libraries:/opt/workspace/install/ament_cmake_export_include_directories:/opt/workspace/install/ament_cmake_export_definitions:/opt/workspace/install/ament_flake8:/opt/workspace/install/ament_cmake_core:/opt/workspace/install/ament_package:/opt/workspace/install/ament_lint:/opt/workspace/install/ament_cppcheck:${AMENT_PREFIX_PATH} CMAKE_PREFIX_PATH=/opt/workspace/install/rosidl_generator_c:/opt/workspace/install/rosidl_cmake:/opt/workspace/install/rosidl_parser:/opt/workspace/install/rosidl_typesupport_interface:/opt/workspace/install/rosidl_adapter:/opt/workspace/install/ament_lint_common:/opt/workspace/install/ament_cmake_xmllint:/opt/workspace/install/ament_cmake_uncrustify:/opt/workspace/install/ament_cmake_pep257:/opt/workspace/install/ament_cmake_flake8:/opt/workspace/install/ament_cmake_cpplint:/opt/workspace/install/ament_cmake_cppcheck:/opt/workspace/install/ament_cmake_copyright:/opt/workspace/install/uncrustify_vendor:/opt/workspace/install/ament_cmake_lint_cmake:/opt/workspace/install/ament_lint_auto:/opt/workspace/install/ament_cmake_gtest:/opt/workspace/install/ament_cmake:/opt/workspace/install/ament_cmake_test:/opt/workspace/install/ament_cmake_target_dependencies:/opt/workspace/install/ament_cmake_export_interfaces:/opt/workspace/install/ament_cmake_export_dependencies:/opt/workspace/install/test_interface_files:/opt/workspace/install/ament_cmake_version:/opt/workspace/install/ament_cmake_python:/opt/workspace/install/ament_cmake_libraries:/opt/workspace/install/ament_cmake_include_directories:/opt/workspace/install/ament_cmake_export_link_flags:/opt/workspace/install/ament_cmake_export_libraries:/opt/workspace/install/ament_cmake_export_include_directories:/opt/workspace/install/ament_cmake_export_definitions:/opt/workspace/install/ament_cmake_core:/opt/workspace/install/gtest_vendor:/opt/ros/eloquent LD_LIBRARY_PATH=/opt/workspace/install/rosidl_generator_c/lib:${LD_LIBRARY_PATH} PATH=/opt/workspace/install/ament_uncrustify/bin:/opt/workspace/install/ament_xmllint/bin:/opt/workspace/install/ament_lint_cmake/bin:/opt/workspace/install/ament_cpplint/bin:/opt/workspace/install/ament_copyright/bin:/opt/workspace/install/ament_pep257/bin:/opt/workspace/install/ament_flake8/bin:/opt/workspace/install/ament_cppcheck/bin:${PATH} PKG_CONFIG_PATH=/opt/workspace/install/gtest_vendor/lib/x86_64-linux-gnu/pkgconfig:/opt/workspace/install/gtest_vendor/lib/pkgconfig PYTHONPATH=/opt/workspace/install/rosidl_generator_c/lib/python3.6/site-packages:/opt/workspace/install/rosidl_cmake/lib/python3.6/site-packages:/opt/workspace/install/rosidl_parser/lib/python3.6/site-packages:/opt/workspace/install/rosidl_adapter/lib/python3.6/site-packages:/opt/workspace/install/ament_uncrustify/lib/python3.6/site-packages:/opt/workspace/install/ament_xmllint/lib/python3.6/site-packages:/opt/workspace/install/ament_lint_cmake/lib/python3.6/site-packages:/opt/workspace/install/ament_cpplint/lib/python3.6/site-packages:/opt/workspace/install/ament_copyright/lib/python3.6/site-packages:/opt/workspace/install/ament_cmake_test/lib/python3.6/site-packages:/opt/workspace/install/ament_pep257/lib/python3.6/site-packages:/opt/workspace/install/ament_flake8/lib/python3.6/site-packages:/opt/workspace/install/ament_package/lib/python3.6/site-packages:/opt/workspace/install/ament_lint/lib/python3.6/site-packages:/opt/workspace/install/ament_cppcheck/lib/python3.6/site-packages:${PYTHONPATH} /usr/bin/cmake /opt/workspace/src/ros2/rosidl/rosidl_generator_cpp -DCMAKE_INSTALL_PREFIX=/opt/workspace/install/rosidl_generator_cpp
[4.158s] Invoking command in '/opt/workspace/build/rosidl_generator_cpp': AMENT_PREFIX_PATH=/opt/workspace/install/rosidl_generator_c:/opt/workspace/install/rosidl_cmake:/opt/workspace/install/rosidl_parser:/opt/workspace/install/rosidl_typesupport_interface:/opt/workspace/install/rosidl_adapter:/opt/workspace/install/ament_lint_common:/opt/workspace/install/ament_cmake_xmllint:/opt/workspace/install/ament_cmake_uncrustify:/opt/workspace/install/ament_cmake_pep257:/opt/workspace/install/ament_cmake_flake8:/opt/workspace/install/ament_cmake_cpplint:/opt/workspace/install/ament_cmake_cppcheck:/opt/workspace/install/ament_uncrustify:/opt/workspace/install/ament_cmake_copyright:/opt/workspace/install/uncrustify_vendor:/opt/workspace/install/ament_cmake_lint_cmake:/opt/workspace/install/ament_xmllint:/opt/workspace/install/ament_lint_cmake:/opt/workspace/install/ament_lint_auto:/opt/workspace/install/ament_cpplint:/opt/workspace/install/ament_cmake_gtest:/opt/workspace/install/ament_cmake:/opt/workspace/install/ament_copyright:/opt/workspace/install/ament_cmake_test:/opt/workspace/install/ament_cmake_target_dependencies:/opt/workspace/install/ament_cmake_export_interfaces:/opt/workspace/install/ament_cmake_export_dependencies:/opt/workspace/install/test_interface_files:/opt/workspace/install/ament_pep257:/opt/workspace/install/ament_cmake_version:/opt/workspace/install/ament_cmake_python:/opt/workspace/install/ament_cmake_libraries:/opt/workspace/install/ament_cmake_include_directories:/opt/workspace/install/ament_cmake_export_link_flags:/opt/workspace/install/ament_cmake_export_libraries:/opt/workspace/install/ament_cmake_export_include_directories:/opt/workspace/install/ament_cmake_export_definitions:/opt/workspace/install/ament_flake8:/opt/workspace/install/ament_cmake_core:/opt/workspace/install/ament_package:/opt/workspace/install/ament_lint:/opt/workspace/install/ament_cppcheck:${AMENT_PREFIX_PATH} CMAKE_PREFIX_PATH=/opt/workspace/install/rosidl_generator_c:/opt/workspace/install/rosidl_cmake:/opt/workspace/install/rosidl_parser:/opt/workspace/install/rosidl_typesupport_interface:/opt/workspace/install/rosidl_adapter:/opt/workspace/install/ament_lint_common:/opt/workspace/install/ament_cmake_xmllint:/opt/workspace/install/ament_cmake_uncrustify:/opt/workspace/install/ament_cmake_pep257:/opt/workspace/install/ament_cmake_flake8:/opt/workspace/install/ament_cmake_cpplint:/opt/workspace/install/ament_cmake_cppcheck:/opt/workspace/install/ament_cmake_copyright:/opt/workspace/install/uncrustify_vendor:/opt/workspace/install/ament_cmake_lint_cmake:/opt/workspace/install/ament_lint_auto:/opt/workspace/install/ament_cmake_gtest:/opt/workspace/install/ament_cmake:/opt/workspace/install/ament_cmake_test:/opt/workspace/install/ament_cmake_target_dependencies:/opt/workspace/install/ament_cmake_export_interfaces:/opt/workspace/install/ament_cmake_export_dependencies:/opt/workspace/install/test_interface_files:/opt/workspace/install/ament_cmake_version:/opt/workspace/install/ament_cmake_python:/opt/workspace/install/ament_cmake_libraries:/opt/workspace/install/ament_cmake_include_directories:/opt/workspace/install/ament_cmake_export_link_flags:/opt/workspace/install/ament_cmake_export_libraries:/opt/workspace/install/ament_cmake_export_include_directories:/opt/workspace/install/ament_cmake_export_definitions:/opt/workspace/install/ament_cmake_core:/opt/workspace/install/gtest_vendor:/opt/ros/eloquent LD_LIBRARY_PATH=/opt/workspace/install/rosidl_generator_c/lib:${LD_LIBRARY_PATH} PATH=/opt/workspace/install/ament_uncrustify/bin:/opt/workspace/install/ament_xmllint/bin:/opt/workspace/install/ament_lint_cmake/bin:/opt/workspace/install/ament_cpplint/bin:/opt/workspace/install/ament_copyright/bin:/opt/workspace/install/ament_pep257/bin:/opt/workspace/install/ament_flake8/bin:/opt/workspace/install/ament_cppcheck/bin:${PATH} PKG_CONFIG_PATH=/opt/workspace/install/gtest_vendor/lib/x86_64-linux-gnu/pkgconfig:/opt/workspace/install/gtest_vendor/lib/pkgconfig PYTHONPATH=/opt/workspace/install/rosidl_generator_c/lib/python3.6/site-packages:/opt/workspace/install/rosidl_cmake/lib/python3.6/site-packages:/opt/workspace/install/rosidl_parser/lib/python3.6/site-packages:/opt/workspace/install/rosidl_adapter/lib/python3.6/site-packages:/opt/workspace/install/ament_uncrustify/lib/python3.6/site-packages:/opt/workspace/install/ament_xmllint/lib/python3.6/site-packages:/opt/workspace/install/ament_lint_cmake/lib/python3.6/site-packages:/opt/workspace/install/ament_cpplint/lib/python3.6/site-packages:/opt/workspace/install/ament_copyright/lib/python3.6/site-packages:/opt/workspace/install/ament_cmake_test/lib/python3.6/site-packages:/opt/workspace/install/ament_pep257/lib/python3.6/site-packages:/opt/workspace/install/ament_flake8/lib/python3.6/site-packages:/opt/workspace/install/ament_package/lib/python3.6/site-packages:/opt/workspace/install/ament_lint/lib/python3.6/site-packages:/opt/workspace/install/ament_cppcheck/lib/python3.6/site-packages:${PYTHONPATH} /usr/bin/cmake --build /opt/workspace/build/rosidl_generator_cpp -- -j8 -l8
[4.242s] [  3%] [34m[1mGenerating C code for ROS interfaces[0m
[14.231s] [35m[1mScanning dependencies of target rosidl_generator_cpp__rosidl_generator_c[0m
[14.260s] [  6%] [32mBuilding C object CMakeFiles/rosidl_generator_cpp__rosidl_generator_c.dir/rosidl_generator_c/rosidl_generator_cpp/msg/arrays__functions.c.o[0m
[14.316s] [  9%] [32mBuilding C object CMakeFiles/rosidl_generator_cpp__rosidl_generator_c.dir/rosidl_generator_c/rosidl_generator_cpp/msg/defaults__functions.c.o[0m
[14.369s] [ 12%] [32mBuilding C object CMakeFiles/rosidl_generator_cpp__rosidl_generator_c.dir/rosidl_generator_c/rosidl_generator_cpp/msg/empty__functions.c.o[0m
[14.427s] [ 15%] [32mBuilding C object CMakeFiles/rosidl_generator_cpp__rosidl_generator_c.dir/rosidl_generator_c/rosidl_generator_cpp/msg/multi_nested__functions.c.o[0m
[14.500s] [ 18%] [32mBuilding C object CMakeFiles/rosidl_generator_cpp__rosidl_generator_c.dir/rosidl_generator_c/rosidl_generator_cpp/msg/nested__functions.c.o[0m
[14.555s] [ 21%] [32mBuilding C object CMakeFiles/rosidl_generator_cpp__rosidl_generator_c.dir/rosidl_generator_c/rosidl_generator_cpp/msg/strings__functions.c.o[0m
[14.626s] [ 24%] [32mBuilding C object CMakeFiles/rosidl_generator_cpp__rosidl_generator_c.dir/rosidl_generator_c/rosidl_generator_cpp/msg/unbounded_sequences__functions.c.o[0m
[14.692s] [ 27%] [32mBuilding C object CMakeFiles/rosidl_generator_cpp__rosidl_generator_c.dir/rosidl_generator_c/rosidl_generator_cpp/msg/w_strings__functions.c.o[0m
[14.746s] [ 30%] [32mBuilding C object CMakeFiles/rosidl_generator_cpp__rosidl_generator_c.dir/rosidl_generator_c/rosidl_generator_cpp/srv/arrays__functions.c.o[0m
[14.818s] [ 33%] [32mBuilding C object CMakeFiles/rosidl_generator_cpp__rosidl_generator_c.dir/rosidl_generator_c/rosidl_generator_cpp/srv/basic_types__functions.c.o[0m
[14.893s] [ 36%] [32mBuilding C object CMakeFiles/rosidl_generator_cpp__rosidl_generator_c.dir/rosidl_generator_c/rosidl_generator_cpp/srv/empty__functions.c.o[0m
[14.962s] [ 39%] [32mBuilding C object CMakeFiles/rosidl_generator_cpp__rosidl_generator_c.dir/rosidl_generator_c/rosidl_generator_cpp/msg/constants__functions.c.o[0m
[15.011s] [ 42%] [32mBuilding C object CMakeFiles/rosidl_generator_cpp__rosidl_generator_c.dir/rosidl_generator_c/rosidl_generator_cpp/msg/bounded_sequences__functions.c.o[0m
[15.079s] [ 45%] [32mBuilding C object CMakeFiles/rosidl_generator_cpp__rosidl_generator_c.dir/rosidl_generator_c/rosidl_generator_cpp/msg/basic_types__functions.c.o[0m
[15.136s] [ 48%] [32m[1mLinking C shared library librosidl_generator_cpp__rosidl_generator_c.so[0m
[15.193s] [ 48%] Built target rosidl_generator_cpp__rosidl_generator_c
[15.208s] [35m[1mScanning dependencies of target gtest_main[0m
[15.233s] [ 51%] [32mBuilding CXX object gtest/CMakeFiles/gtest_main.dir/src/gtest_main.cc.o[0m
[16.249s] [ 54%] [32m[1mLinking CXX static library libgtest_main.a[0m
[16.298s] [ 54%] Built target gtest_main
[16.318s] [35m[1mScanning dependencies of target rosidl_generator_cpp__cpp[0m
[16.334s] [ 57%] [34m[1mGenerating C++ code for ROS interfaces[0m
[24.028s] [ 57%] Built target rosidl_generator_cpp__cpp
[24.042s] [35m[1mScanning dependencies of target gtest[0m
[24.082s] [ 60%] [32mBuilding CXX object gtest/CMakeFiles/gtest.dir/src/gtest-all.cc.o[0m
[29.050s] [ 63%] [32m[1mLinking CXX static library libgtest.a[0m
[29.140s] [ 63%] Built target gtest
[29.159s] [35m[1mScanning dependencies of target rosidl_generator_cpp[0m
[29.178s] [ 63%] Built target rosidl_generator_cpp
[29.197s] [35m[1mScanning dependencies of target test_bounded_vector[0m
[29.227s] [ 66%] [32mBuilding CXX object CMakeFiles/test_bounded_vector.dir/test/test_bounded_vector.cpp.o[0m
[30.547s] [ 69%] [32m[1mLinking CXX executable test_bounded_vector[0m
[30.831s] [ 69%] Built target test_bounded_vector
[30.848s] [35m[1mScanning dependencies of target test_interfaces_cpp[0m
[30.886s] [ 72%] [32mBuilding CXX object CMakeFiles/test_interfaces_cpp.dir/test/test_interfaces.cpp.o[0m
[36.256s] [ 75%] [32m[1mLinking CXX executable test_interfaces_cpp[0m
[36.725s] [ 75%] Built target test_interfaces_cpp
[36.744s] [35m[1mScanning dependencies of target test_srv_initialization[0m
[36.777s] [ 78%] [32mBuilding CXX object CMakeFiles/test_srv_initialization.dir/test/test_srv_initialization.cpp.o[0m
[38.017s] [ 81%] [32m[1mLinking CXX executable test_srv_initialization[0m
[38.232s] [ 81%] Built target test_srv_initialization
[38.250s] [35m[1mScanning dependencies of target test_msg_datatype[0m
[38.277s] [ 84%] [32mBuilding CXX object CMakeFiles/test_msg_datatype.dir/test/test_msg_datatype.cpp.o[0m
[39.264s] [ 87%] [32m[1mLinking CXX executable test_msg_datatype[0m
[39.548s] [ 87%] Built target test_msg_datatype
[39.568s] [35m[1mScanning dependencies of target test_msg_initialization[0m
[39.601s] [ 90%] [32mBuilding CXX object CMakeFiles/test_msg_initialization.dir/test/test_msg_initialization.cpp.o[0m
[42.266s] [ 93%] [32m[1mLinking CXX executable test_msg_initialization[0m
[42.611s] [ 93%] Built target test_msg_initialization
[42.625s] [35m[1mScanning dependencies of target test_traits[0m
[42.649s] [ 96%] [32mBuilding CXX object CMakeFiles/test_traits.dir/test/test_traits.cpp.o[0m
[43.904s] [100%] [32m[1mLinking CXX executable test_traits[0m
[44.119s] [100%] Built target test_traits
