[0.488s] -- The C compiler identification is GNU 7.4.0
[0.631s] -- The CXX compiler identification is GNU 7.4.0
[0.645s] -- Check for working C compiler: /usr/bin/cc
[0.844s] -- Check for working C compiler: /usr/bin/cc -- works
[0.846s] -- Detecting C compiler ABI info
[1.017s] -- Detecting C compiler ABI info - done
[1.031s] -- Detecting C compile features
[1.544s] -- Detecting C compile features - done
[1.550s] -- Check for working CXX compiler: /usr/bin/c++
[1.762s] -- Check for working CXX compiler: /usr/bin/c++ -- works
[1.764s] -- Detecting CXX compiler ABI info
[1.979s] -- Detecting CXX compiler ABI info - done
[1.994s] -- Detecting CXX compile features
[2.813s] -- Detecting CXX compile features - done
[2.824s] -- Found ament_cmake: 0.8.2 (/opt/workspace/install/ament_cmake/share/ament_cmake/cmake)
[2.927s] -- Found PythonInterp: /usr/bin/python3 (found suitable version "3.6.9", minimum required is "3") 
[2.927s] -- Using PYTHON_EXECUTABLE: /usr/bin/python3
[3.480s] -- Found example_interfaces: 0.7.1 (/opt/workspace/install/example_interfaces/share/example_interfaces/cmake)
[3.576s] -- Found rosidl_adapter: 0.8.2 (/opt/workspace/install/rosidl_adapter/share/rosidl_adapter/cmake)
[3.671s] -- Found rclcpp: 0.8.4 (/opt/workspace/install/rclcpp/share/rclcpp/cmake)
[3.725s] -- Found rmw_implementation_cmake: 0.8.1 (/opt/workspace/install/rmw_implementation_cmake/share/rmw_implementation_cmake/cmake)
[3.738s] -- Using RMW implementation 'rmw_fastrtps_cpp' as default
[3.741s] -- Looking for pthread.h
[3.918s] -- Looking for pthread.h - found
[3.920s] -- Looking for pthread_create
[4.099s] -- Looking for pthread_create - not found
[4.100s] -- Looking for pthread_create in pthreads
[4.247s] -- Looking for pthread_create in pthreads - not found
[4.248s] -- Looking for pthread_create in pthread
[4.428s] -- Looking for pthread_create in pthread - found
[4.431s] -- Found Threads: TRUE  
[4.551s] -- Found rclcpp_action: 0.8.4 (/opt/workspace/install/rclcpp_action/share/rclcpp_action/cmake)
[5.748s] -- Configuring done
[5.892s] -- Generating done
[5.897s] -- Build files have been written to: /opt/workspace/build/examples_rclcpp_minimal_action_client
[6.040s] [35m[1mScanning dependencies of target action_client_not_composable[0m
[6.146s] [ 12%] [32mBuilding CXX object CMakeFiles/action_client_not_composable.dir/not_composable.cpp.o[0m
[11.356s] [ 25%] [32m[1mLinking CXX executable action_client_not_composable[0m
[12.077s] [ 25%] Built target action_client_not_composable
[12.111s] [35m[1mScanning dependencies of target action_client_not_composable_with_cancel[0m
[12.217s] [ 37%] [32mBuilding CXX object CMakeFiles/action_client_not_composable_with_cancel.dir/not_composable_with_cancel.cpp.o[0m
[18.048s] [ 50%] [32m[1mLinking CXX executable action_client_not_composable_with_cancel[0m
[18.774s] [ 50%] Built target action_client_not_composable_with_cancel
[18.803s] [35m[1mScanning dependencies of target action_client_not_composable_with_feedback[0m
[18.903s] [ 62%] [32mBuilding CXX object CMakeFiles/action_client_not_composable_with_feedback.dir/not_composable_with_feedback.cpp.o[0m
[24.708s] [ 75%] [32m[1mLinking CXX executable action_client_not_composable_with_feedback[0m
[25.417s] [ 75%] Built target action_client_not_composable_with_feedback
[25.450s] [35m[1mScanning dependencies of target action_client_member_functions[0m
[25.558s] [ 87%] [32mBuilding CXX object CMakeFiles/action_client_member_functions.dir/member_functions.cpp.o[0m
[31.719s] [100%] [32m[1mLinking CXX executable action_client_member_functions[0m
[32.518s] [100%] Built target action_client_member_functions
[32.796s] [ 25%] Built target action_client_not_composable
[32.869s] [ 50%] Built target action_client_not_composable_with_cancel
[32.941s] [ 75%] Built target action_client_not_composable_with_feedback
[33.017s] [100%] Built target action_client_member_functions
[33.066s] [36mInstall the project...[0m
[33.090s] -- Install configuration: ""
[33.090s] -- Installing: /opt/workspace/install/examples_rclcpp_minimal_action_client/lib/examples_rclcpp_minimal_action_client/action_client_member_functions
[33.093s] -- Set runtime path of "/opt/workspace/install/examples_rclcpp_minimal_action_client/lib/examples_rclcpp_minimal_action_client/action_client_member_functions" to ""
[33.093s] -- Installing: /opt/workspace/install/examples_rclcpp_minimal_action_client/lib/examples_rclcpp_minimal_action_client/action_client_not_composable
[33.095s] -- Set runtime path of "/opt/workspace/install/examples_rclcpp_minimal_action_client/lib/examples_rclcpp_minimal_action_client/action_client_not_composable" to ""
[33.096s] -- Installing: /opt/workspace/install/examples_rclcpp_minimal_action_client/lib/examples_rclcpp_minimal_action_client/action_client_not_composable_with_cancel
[33.098s] -- Set runtime path of "/opt/workspace/install/examples_rclcpp_minimal_action_client/lib/examples_rclcpp_minimal_action_client/action_client_not_composable_with_cancel" to ""
[33.099s] -- Installing: /opt/workspace/install/examples_rclcpp_minimal_action_client/lib/examples_rclcpp_minimal_action_client/action_client_not_composable_with_feedback
[33.100s] -- Set runtime path of "/opt/workspace/install/examples_rclcpp_minimal_action_client/lib/examples_rclcpp_minimal_action_client/action_client_not_composable_with_feedback" to ""
[33.102s] -- Installing: /opt/workspace/install/examples_rclcpp_minimal_action_client/share/ament_index/resource_index/package_run_dependencies/examples_rclcpp_minimal_action_client
[33.103s] -- Installing: /opt/workspace/install/examples_rclcpp_minimal_action_client/share/ament_index/resource_index/parent_prefix_path/examples_rclcpp_minimal_action_client
[33.103s] -- Installing: /opt/workspace/install/examples_rclcpp_minimal_action_client/share/examples_rclcpp_minimal_action_client/environment/ament_prefix_path.sh
[33.104s] -- Installing: /opt/workspace/install/examples_rclcpp_minimal_action_client/share/examples_rclcpp_minimal_action_client/environment/ament_prefix_path.dsv
[33.104s] -- Installing: /opt/workspace/install/examples_rclcpp_minimal_action_client/share/examples_rclcpp_minimal_action_client/environment/path.sh
[33.104s] -- Installing: /opt/workspace/install/examples_rclcpp_minimal_action_client/share/examples_rclcpp_minimal_action_client/environment/path.dsv
[33.104s] -- Installing: /opt/workspace/install/examples_rclcpp_minimal_action_client/share/examples_rclcpp_minimal_action_client/local_setup.bash
[33.105s] -- Installing: /opt/workspace/install/examples_rclcpp_minimal_action_client/share/examples_rclcpp_minimal_action_client/local_setup.sh
[33.105s] -- Installing: /opt/workspace/install/examples_rclcpp_minimal_action_client/share/examples_rclcpp_minimal_action_client/local_setup.zsh
[33.105s] -- Installing: /opt/workspace/install/examples_rclcpp_minimal_action_client/share/examples_rclcpp_minimal_action_client/local_setup.dsv
[33.105s] -- Installing: /opt/workspace/install/examples_rclcpp_minimal_action_client/share/examples_rclcpp_minimal_action_client/package.dsv
[33.105s] -- Installing: /opt/workspace/install/examples_rclcpp_minimal_action_client/share/ament_index/resource_index/packages/examples_rclcpp_minimal_action_client
[33.106s] -- Installing: /opt/workspace/install/examples_rclcpp_minimal_action_client/share/examples_rclcpp_minimal_action_client/cmake/examples_rclcpp_minimal_action_clientConfig.cmake
[33.111s] -- Installing: /opt/workspace/install/examples_rclcpp_minimal_action_client/share/examples_rclcpp_minimal_action_client/cmake/examples_rclcpp_minimal_action_clientConfig-version.cmake
[33.112s] -- Installing: /opt/workspace/install/examples_rclcpp_minimal_action_client/share/examples_rclcpp_minimal_action_client/package.xml
