[0.374s] -- The C compiler identification is GNU 7.4.0
[0.509s] -- The CXX compiler identification is GNU 7.4.0
[0.520s] -- Check for working C compiler: /usr/bin/cc
[0.656s] -- Check for working C compiler: /usr/bin/cc -- works
[0.657s] -- Detecting C compiler ABI info
[0.780s] -- Detecting C compiler ABI info - done
[0.790s] -- Detecting C compile features
[1.151s] -- Detecting C compile features - done
[1.156s] -- Check for working CXX compiler: /usr/bin/c++
[1.315s] -- Check for working CXX compiler: /usr/bin/c++ -- works
[1.317s] -- Detecting CXX compiler ABI info
[1.482s] -- Detecting CXX compiler ABI info - done
[1.496s] -- Detecting CXX compile features
[2.192s] -- Detecting CXX compile features - done
[2.195s] -- Found ament_cmake: 0.8.2 (/opt/workspace/install/ament_cmake/share/ament_cmake/cmake)
[2.244s] -- Found PythonInterp: /usr/bin/python3 (found suitable version "3.6.9", minimum required is "3") 
[2.244s] -- Using PYTHON_EXECUTABLE: /usr/bin/python3
[2.655s] -- Found ament_cmake_lint_cmake: 0.8.1 (/opt/workspace/install/ament_cmake_lint_cmake/share/ament_cmake_lint_cmake/cmake)
[2.656s] -- Found ament_cmake_copyright: 0.8.1 (/opt/workspace/install/ament_cmake_copyright/share/ament_cmake_copyright/cmake)
[2.792s] -- Configuring done
[2.792s] -- Generating done
[2.793s] -- Build files have been written to: /opt/workspace/build/eigen3_cmake_module
[3.090s] [36mInstall the project...[0m
[3.108s] -- Install configuration: ""
[3.109s] -- Installing: /opt/workspace/install/eigen3_cmake_module/share/ament_index/resource_index/package_run_dependencies/eigen3_cmake_module
[3.109s] -- Installing: /opt/workspace/install/eigen3_cmake_module/share/ament_index/resource_index/parent_prefix_path/eigen3_cmake_module
[3.110s] -- Installing: /opt/workspace/install/eigen3_cmake_module/share/eigen3_cmake_module/environment/ament_prefix_path.sh
[3.110s] -- Installing: /opt/workspace/install/eigen3_cmake_module/share/eigen3_cmake_module/environment/ament_prefix_path.dsv
[3.111s] -- Installing: /opt/workspace/install/eigen3_cmake_module/share/eigen3_cmake_module/environment/path.sh
[3.111s] -- Installing: /opt/workspace/install/eigen3_cmake_module/share/eigen3_cmake_module/environment/path.dsv
[3.112s] -- Installing: /opt/workspace/install/eigen3_cmake_module/share/eigen3_cmake_module/local_setup.bash
[3.113s] -- Installing: /opt/workspace/install/eigen3_cmake_module/share/eigen3_cmake_module/local_setup.sh
[3.113s] -- Installing: /opt/workspace/install/eigen3_cmake_module/share/eigen3_cmake_module/local_setup.zsh
[3.113s] -- Installing: /opt/workspace/install/eigen3_cmake_module/share/eigen3_cmake_module/local_setup.dsv
[3.113s] -- Installing: /opt/workspace/install/eigen3_cmake_module/share/eigen3_cmake_module/package.dsv
[3.114s] -- Installing: /opt/workspace/install/eigen3_cmake_module/share/ament_index/resource_index/packages/eigen3_cmake_module
[3.114s] -- Installing: /opt/workspace/install/eigen3_cmake_module/share/eigen3_cmake_module/cmake/eigen3_cmake_module-extras.cmake
[3.114s] -- Installing: /opt/workspace/install/eigen3_cmake_module/share/eigen3_cmake_module/cmake/eigen3_cmake_moduleConfig.cmake
[3.114s] -- Installing: /opt/workspace/install/eigen3_cmake_module/share/eigen3_cmake_module/cmake/eigen3_cmake_moduleConfig-version.cmake
[3.114s] -- Installing: /opt/workspace/install/eigen3_cmake_module/share/eigen3_cmake_module/package.xml
[3.115s] -- Up-to-date: /opt/workspace/install/eigen3_cmake_module/share/eigen3_cmake_module/cmake
[3.115s] -- Installing: /opt/workspace/install/eigen3_cmake_module/share/eigen3_cmake_module/cmake/Modules
[3.115s] -- Installing: /opt/workspace/install/eigen3_cmake_module/share/eigen3_cmake_module/cmake/Modules/FindEigen3.cmake
