Determining if the pthread_kill exist failed with the following output:
Change Dir: /opt/workspace/build/fastrtps/CMakeFiles/CMakeTmp

Run Build Command:"/usr/bin/make" "cmTC_b7605/fast"
/usr/bin/make -f CMakeFiles/cmTC_b7605.dir/build.make CMakeFiles/cmTC_b7605.dir/build
make[1]: Entering directory '/opt/workspace/build/fastrtps/CMakeFiles/CMakeTmp'
Building C object CMakeFiles/cmTC_b7605.dir/CheckSymbolExists.c.o
/usr/bin/cc    -o CMakeFiles/cmTC_b7605.dir/CheckSymbolExists.c.o   -c /opt/workspace/build/fastrtps/CMakeFiles/CMakeTmp/CheckSymbolExists.c
/opt/workspace/build/fastrtps/CMakeFiles/CMakeTmp/CheckSymbolExists.c: In function ‘main’:
/opt/workspace/build/fastrtps/CMakeFiles/CMakeTmp/CheckSymbolExists.c:8:19: error: ‘pthread_kill’ undeclared (first use in this function); did you mean ‘pthread_self’?
   return ((int*)(&pthread_kill))[argc];
                   ^~~~~~~~~~~~
                   pthread_self
/opt/workspace/build/fastrtps/CMakeFiles/CMakeTmp/CheckSymbolExists.c:8:19: note: each undeclared identifier is reported only once for each function it appears in
CMakeFiles/cmTC_b7605.dir/build.make:65: recipe for target 'CMakeFiles/cmTC_b7605.dir/CheckSymbolExists.c.o' failed
make[1]: *** [CMakeFiles/cmTC_b7605.dir/CheckSymbolExists.c.o] Error 1
make[1]: Leaving directory '/opt/workspace/build/fastrtps/CMakeFiles/CMakeTmp'
Makefile:126: recipe for target 'cmTC_b7605/fast' failed
make: *** [cmTC_b7605/fast] Error 2

File /opt/workspace/build/fastrtps/CMakeFiles/CMakeTmp/CheckSymbolExists.c:
/* */
#include <pthread.h>

int main(int argc, char** argv)
{
  (void)argv;
#ifndef pthread_kill
  return ((int*)(&pthread_kill))[argc];
#else
  (void)argc;
  return 0;
#endif
}

Determining if the function pthread_create exists in the pthreads failed with the following output:
Change Dir: /opt/workspace/build/fastrtps/CMakeFiles/CMakeTmp

Run Build Command:"/usr/bin/make" "cmTC_dbf0b/fast"
/usr/bin/make -f CMakeFiles/cmTC_dbf0b.dir/build.make CMakeFiles/cmTC_dbf0b.dir/build
make[1]: Entering directory '/opt/workspace/build/fastrtps/CMakeFiles/CMakeTmp'
Building C object CMakeFiles/cmTC_dbf0b.dir/CheckFunctionExists.c.o
/usr/bin/cc   -DCHECK_FUNCTION_EXISTS=pthread_create   -o CMakeFiles/cmTC_dbf0b.dir/CheckFunctionExists.c.o   -c /usr/share/cmake-3.10/Modules/CheckFunctionExists.c
Linking C executable cmTC_dbf0b
/usr/bin/cmake -E cmake_link_script CMakeFiles/cmTC_dbf0b.dir/link.txt --verbose=1
/usr/bin/cc  -DCHECK_FUNCTION_EXISTS=pthread_create    -rdynamic CMakeFiles/cmTC_dbf0b.dir/CheckFunctionExists.c.o  -o cmTC_dbf0b -lpthreads 
/usr/bin/ld: cannot find -lpthreads
collect2: error: ld returned 1 exit status
CMakeFiles/cmTC_dbf0b.dir/build.make:97: recipe for target 'cmTC_dbf0b' failed
make[1]: *** [cmTC_dbf0b] Error 1
make[1]: Leaving directory '/opt/workspace/build/fastrtps/CMakeFiles/CMakeTmp'
Makefile:126: recipe for target 'cmTC_dbf0b/fast' failed
make: *** [cmTC_dbf0b/fast] Error 2


Determining if the pthread_create exist failed with the following output:
Change Dir: /opt/workspace/build/fastrtps/CMakeFiles/CMakeTmp

Run Build Command:"/usr/bin/make" "cmTC_42267/fast"
/usr/bin/make -f CMakeFiles/cmTC_42267.dir/build.make CMakeFiles/cmTC_42267.dir/build
make[1]: Entering directory '/opt/workspace/build/fastrtps/CMakeFiles/CMakeTmp'
Building C object CMakeFiles/cmTC_42267.dir/CheckSymbolExists.c.o
/usr/bin/cc    -o CMakeFiles/cmTC_42267.dir/CheckSymbolExists.c.o   -c /opt/workspace/build/fastrtps/CMakeFiles/CMakeTmp/CheckSymbolExists.c
Linking C executable cmTC_42267
/usr/bin/cmake -E cmake_link_script CMakeFiles/cmTC_42267.dir/link.txt --verbose=1
/usr/bin/cc      -rdynamic CMakeFiles/cmTC_42267.dir/CheckSymbolExists.c.o  -o cmTC_42267 
CMakeFiles/cmTC_42267.dir/CheckSymbolExists.c.o: In function `main':
CheckSymbolExists.c:(.text+0x1b): undefined reference to `pthread_create'
collect2: error: ld returned 1 exit status
CMakeFiles/cmTC_42267.dir/build.make:97: recipe for target 'cmTC_42267' failed
make[1]: *** [cmTC_42267] Error 1
make[1]: Leaving directory '/opt/workspace/build/fastrtps/CMakeFiles/CMakeTmp'
Makefile:126: recipe for target 'cmTC_42267/fast' failed
make: *** [cmTC_42267/fast] Error 2

File /opt/workspace/build/fastrtps/CMakeFiles/CMakeTmp/CheckSymbolExists.c:
/* */
#include <pthread.h>

int main(int argc, char** argv)
{
  (void)argv;
#ifndef pthread_create
  return ((int*)(&pthread_create))[argc];
#else
  (void)argc;
  return 0;
#endif
}

