[0.500s] -- The C compiler identification is GNU 7.4.0
[0.624s] -- The CXX compiler identification is GNU 7.4.0
[0.637s] -- Check for working C compiler: /usr/bin/cc
[0.807s] -- Check for working C compiler: /usr/bin/cc -- works
[0.809s] -- Detecting C compiler ABI info
[0.987s] -- Detecting C compiler ABI info - done
[1.000s] -- Detecting C compile features
[1.515s] -- Detecting C compile features - done
[1.522s] -- Check for working CXX compiler: /usr/bin/c++
[1.715s] -- Check for working CXX compiler: /usr/bin/c++ -- works
[1.718s] -- Detecting CXX compiler ABI info
[1.932s] -- Detecting CXX compiler ABI info - done
[1.945s] -- Detecting CXX compile features
[2.758s] -- Detecting CXX compile features - done
[2.774s] -- Found ament_cmake: 0.8.2 (/opt/workspace/install/ament_cmake/share/ament_cmake/cmake)
[2.908s] -- Found PythonInterp: /usr/bin/python3 (found suitable version "3.6.9", minimum required is "3") 
[2.909s] -- Using PYTHON_EXECUTABLE: /usr/bin/python3
[3.693s] -- Found rclcpp: 0.8.4 (/opt/workspace/install/rclcpp/share/rclcpp/cmake)
[3.798s] -- Found rosidl_adapter: 0.8.2 (/opt/workspace/install/rosidl_adapter/share/rosidl_adapter/cmake)
[3.885s] -- Found rmw_implementation_cmake: 0.8.1 (/opt/workspace/install/rmw_implementation_cmake/share/rmw_implementation_cmake/cmake)
[3.903s] -- Using RMW implementation 'rmw_fastrtps_cpp' as default
[3.905s] -- Looking for pthread.h
[4.077s] -- Looking for pthread.h - found
[4.078s] -- Looking for pthread_create
[4.272s] -- Looking for pthread_create - not found
[4.273s] -- Looking for pthread_create in pthreads
[4.439s] -- Looking for pthread_create in pthreads - not found
[4.440s] -- Looking for pthread_create in pthread
[4.611s] -- Looking for pthread_create in pthread - found
[4.615s] -- Found Threads: TRUE  
[4.746s] -- Found sensor_msgs: 0.8.1 (/opt/workspace/install/sensor_msgs/share/sensor_msgs/cmake)
[4.857s] -- Found OpenCV: /usr (found version "3.2.0") 
[5.870s] -- Found ament_lint_auto: 0.8.1 (/opt/workspace/install/ament_lint_auto/share/ament_lint_auto/cmake)
[6.257s] -- Found python_cmake_module: 0.8.0 (/opt/workspace/install/python_cmake_module/share/python_cmake_module/cmake)
[6.347s] -- Found PythonInterp: /usr/bin/python3 (found suitable version "3.6.9", minimum required is "3.5") 
[6.376s] -- Found PythonLibs: /usr/lib/x86_64-linux-gnu/libpython3.6m.so (found suitable version "3.6.9", minimum required is "3.5") 
[6.376s] -- Using PYTHON_EXECUTABLE: /usr/bin/python3
[6.377s] -- Using PYTHON_INCLUDE_DIRS: /usr/include/python3.6m
[6.377s] -- Using PYTHON_LIBRARIES: /usr/lib/x86_64-linux-gnu/libpython3.6m.so
[6.465s] -- Found PythonExtra: .so  
[6.774s] -- Found OpenSSL: /usr/lib/x86_64-linux-gnu/libcrypto.so (found version "1.1.1") 
[6.863s] -- Found FastRTPS: /opt/workspace/install/fastrtps/include  
[7.430s] -- Added test 'copyright' to check for copyright in CMake / C / C++ / Python code
[7.439s] -- Added test 'cppcheck' to perform static code analysis on C / C++ code
[7.446s] -- Configured cppcheck include dirs: /opt/workspace/src/ros2/demos/intra_process_demo/include
[7.452s] -- Added test 'cpplint' to check C / C++ code against the Google style
[7.456s] -- Added test 'lint_cmake' to check CMake code style
[7.462s] -- Added test 'uncrustify' to check C / C++ code style
[7.465s] -- Added test 'xmllint' to check XML markup files
[7.476s] -- Configuring done
[7.874s] -- Generating done
[7.881s] -- Build files have been written to: /opt/workspace/build/intra_process_demo
[8.028s] [35m[1mScanning dependencies of target watermark_node[0m
[8.127s] [  7%] [32mBuilding CXX object CMakeFiles/watermark_node.dir/src/image_pipeline/watermark_node.cpp.o[0m
[17.449s] [ 14%] [32m[1mLinking CXX executable watermark_node[0m
[19.053s] [ 14%] Built target watermark_node
[19.083s] [35m[1mScanning dependencies of target image_pipeline_with_two_image_view[0m
[19.189s] [ 21%] [32mBuilding CXX object CMakeFiles/image_pipeline_with_two_image_view.dir/src/image_pipeline/image_pipeline_with_two_image_view.cpp.o[0m
[29.304s] [ 28%] [32m[1mLinking CXX executable image_pipeline_with_two_image_view[0m
[30.948s] [ 28%] Built target image_pipeline_with_two_image_view
[30.980s] [35m[1mScanning dependencies of target image_view_node[0m
[31.081s] [ 35%] [32mBuilding CXX object CMakeFiles/image_view_node.dir/src/image_pipeline/image_view_node.cpp.o[0m
[39.137s] [ 42%] [32m[1mLinking CXX executable image_view_node[0m
[40.782s] [ 42%] Built target image_view_node
[40.816s] [35m[1mScanning dependencies of target image_pipeline_all_in_one[0m
[40.927s] [ 50%] [32mBuilding CXX object CMakeFiles/image_pipeline_all_in_one.dir/src/image_pipeline/image_pipeline_all_in_one.cpp.o[0m
[50.621s] [ 57%] [32m[1mLinking CXX executable image_pipeline_all_in_one[0m
[52.314s] [ 57%] Built target image_pipeline_all_in_one
[52.344s] [35m[1mScanning dependencies of target two_node_pipeline[0m
[52.431s] [ 64%] [32mBuilding CXX object CMakeFiles/two_node_pipeline.dir/src/two_node_pipeline/two_node_pipeline.cpp.o[0m
[59.196s] [ 71%] [32m[1mLinking CXX executable two_node_pipeline[0m
[59.878s] [ 71%] Built target two_node_pipeline
[59.908s] [35m[1mScanning dependencies of target cyclic_pipeline[0m
[59.991s] [ 78%] [32mBuilding CXX object CMakeFiles/cyclic_pipeline.dir/src/cyclic_pipeline/cyclic_pipeline.cpp.o[0m
[66.651s] [ 85%] [32m[1mLinking CXX executable cyclic_pipeline[0m
[67.372s] [ 85%] Built target cyclic_pipeline
[67.401s] [35m[1mScanning dependencies of target camera_node[0m
[67.503s] [ 92%] [32mBuilding CXX object CMakeFiles/camera_node.dir/src/image_pipeline/camera_node.cpp.o[0m
[74.502s] [100%] [32m[1mLinking CXX executable camera_node[0m
[76.101s] [100%] Built target camera_node
[76.404s] [ 14%] Built target watermark_node
[76.487s] [ 28%] Built target image_pipeline_with_two_image_view
[76.564s] [ 42%] Built target image_view_node
[76.640s] [ 57%] Built target image_pipeline_all_in_one
[76.706s] [ 71%] Built target two_node_pipeline
[76.774s] [ 85%] Built target cyclic_pipeline
[76.850s] [100%] Built target camera_node
[76.900s] [36mInstall the project...[0m
[76.924s] -- Install configuration: ""
[76.924s] -- Installing: /opt/workspace/install/intra_process_demo/lib/intra_process_demo/two_node_pipeline
[76.927s] -- Set runtime path of "/opt/workspace/install/intra_process_demo/lib/intra_process_demo/two_node_pipeline" to ""
[76.927s] -- Installing: /opt/workspace/install/intra_process_demo/lib/intra_process_demo/cyclic_pipeline
[76.930s] -- Set runtime path of "/opt/workspace/install/intra_process_demo/lib/intra_process_demo/cyclic_pipeline" to ""
[76.930s] -- Installing: /opt/workspace/install/intra_process_demo/lib/intra_process_demo/image_pipeline_all_in_one
[76.933s] -- Set runtime path of "/opt/workspace/install/intra_process_demo/lib/intra_process_demo/image_pipeline_all_in_one" to ""
[76.933s] -- Installing: /opt/workspace/install/intra_process_demo/lib/intra_process_demo/image_pipeline_with_two_image_view
[76.937s] -- Set runtime path of "/opt/workspace/install/intra_process_demo/lib/intra_process_demo/image_pipeline_with_two_image_view" to ""
[76.938s] -- Installing: /opt/workspace/install/intra_process_demo/lib/intra_process_demo/camera_node
[76.939s] -- Set runtime path of "/opt/workspace/install/intra_process_demo/lib/intra_process_demo/camera_node" to ""
[76.939s] -- Installing: /opt/workspace/install/intra_process_demo/lib/intra_process_demo/watermark_node
[76.942s] -- Set runtime path of "/opt/workspace/install/intra_process_demo/lib/intra_process_demo/watermark_node" to ""
[76.942s] -- Installing: /opt/workspace/install/intra_process_demo/lib/intra_process_demo/image_view_node
[76.944s] -- Set runtime path of "/opt/workspace/install/intra_process_demo/lib/intra_process_demo/image_view_node" to ""
[76.944s] -- Installing: /opt/workspace/install/intra_process_demo/include
[76.945s] -- Installing: /opt/workspace/install/intra_process_demo/include/image_pipeline
[76.945s] -- Installing: /opt/workspace/install/intra_process_demo/include/image_pipeline/camera_node.hpp
[76.945s] -- Installing: /opt/workspace/install/intra_process_demo/include/image_pipeline/watermark_node.hpp
[76.945s] -- Installing: /opt/workspace/install/intra_process_demo/include/image_pipeline/common.hpp
[76.946s] -- Installing: /opt/workspace/install/intra_process_demo/include/image_pipeline/image_view_node.hpp
[76.946s] -- Installing: /opt/workspace/install/intra_process_demo/share/ament_index/resource_index/package_run_dependencies/intra_process_demo
[76.946s] -- Installing: /opt/workspace/install/intra_process_demo/share/ament_index/resource_index/parent_prefix_path/intra_process_demo
[76.946s] -- Installing: /opt/workspace/install/intra_process_demo/share/intra_process_demo/environment/ament_prefix_path.sh
[76.946s] -- Installing: /opt/workspace/install/intra_process_demo/share/intra_process_demo/environment/ament_prefix_path.dsv
[76.947s] -- Installing: /opt/workspace/install/intra_process_demo/share/intra_process_demo/environment/path.sh
[76.947s] -- Installing: /opt/workspace/install/intra_process_demo/share/intra_process_demo/environment/path.dsv
[76.947s] -- Installing: /opt/workspace/install/intra_process_demo/share/intra_process_demo/local_setup.bash
[76.947s] -- Installing: /opt/workspace/install/intra_process_demo/share/intra_process_demo/local_setup.sh
[76.948s] -- Installing: /opt/workspace/install/intra_process_demo/share/intra_process_demo/local_setup.zsh
[76.948s] -- Installing: /opt/workspace/install/intra_process_demo/share/intra_process_demo/local_setup.dsv
[76.948s] -- Installing: /opt/workspace/install/intra_process_demo/share/intra_process_demo/package.dsv
[76.949s] -- Installing: /opt/workspace/install/intra_process_demo/share/ament_index/resource_index/packages/intra_process_demo
[76.949s] -- Installing: /opt/workspace/install/intra_process_demo/share/intra_process_demo/cmake/ament_cmake_export_include_directories-extras.cmake
[76.949s] -- Installing: /opt/workspace/install/intra_process_demo/share/intra_process_demo/cmake/intra_process_demoConfig.cmake
[76.949s] -- Installing: /opt/workspace/install/intra_process_demo/share/intra_process_demo/cmake/intra_process_demoConfig-version.cmake
[76.949s] -- Installing: /opt/workspace/install/intra_process_demo/share/intra_process_demo/package.xml
