/opt/workspace/install/ros2lifecycle/lib/python3.6/site-packages/ros2lifecycle/__init__.py
/opt/workspace/install/ros2lifecycle/lib/python3.6/site-packages/ros2lifecycle/api/__init__.py
/opt/workspace/install/ros2lifecycle/lib/python3.6/site-packages/ros2lifecycle/verb/set.py
/opt/workspace/install/ros2lifecycle/lib/python3.6/site-packages/ros2lifecycle/verb/__init__.py
/opt/workspace/install/ros2lifecycle/lib/python3.6/site-packages/ros2lifecycle/verb/nodes.py
/opt/workspace/install/ros2lifecycle/lib/python3.6/site-packages/ros2lifecycle/verb/list.py
/opt/workspace/install/ros2lifecycle/lib/python3.6/site-packages/ros2lifecycle/verb/get.py
/opt/workspace/install/ros2lifecycle/lib/python3.6/site-packages/ros2lifecycle/command/__init__.py
/opt/workspace/install/ros2lifecycle/lib/python3.6/site-packages/ros2lifecycle/command/lifecycle.py
/opt/workspace/install/ros2lifecycle/lib/python3.6/site-packages/ros2lifecycle/__pycache__/__init__.cpython-36.pyc
/opt/workspace/install/ros2lifecycle/lib/python3.6/site-packages/ros2lifecycle/api/__pycache__/__init__.cpython-36.pyc
/opt/workspace/install/ros2lifecycle/lib/python3.6/site-packages/ros2lifecycle/verb/__pycache__/set.cpython-36.pyc
/opt/workspace/install/ros2lifecycle/lib/python3.6/site-packages/ros2lifecycle/verb/__pycache__/__init__.cpython-36.pyc
/opt/workspace/install/ros2lifecycle/lib/python3.6/site-packages/ros2lifecycle/verb/__pycache__/nodes.cpython-36.pyc
/opt/workspace/install/ros2lifecycle/lib/python3.6/site-packages/ros2lifecycle/verb/__pycache__/list.cpython-36.pyc
/opt/workspace/install/ros2lifecycle/lib/python3.6/site-packages/ros2lifecycle/verb/__pycache__/get.cpython-36.pyc
/opt/workspace/install/ros2lifecycle/lib/python3.6/site-packages/ros2lifecycle/command/__pycache__/__init__.cpython-36.pyc
/opt/workspace/install/ros2lifecycle/lib/python3.6/site-packages/ros2lifecycle/command/__pycache__/lifecycle.cpython-36.pyc
/opt/workspace/install/ros2lifecycle/share/ros2lifecycle/package.xml
/opt/workspace/install/ros2lifecycle/share/ament_index/resource_index/packages/ros2lifecycle
/opt/workspace/install/ros2lifecycle/lib/python3.6/site-packages/ros2lifecycle-0.8.7-py3.6.egg-info/dependency_links.txt
/opt/workspace/install/ros2lifecycle/lib/python3.6/site-packages/ros2lifecycle-0.8.7-py3.6.egg-info/zip-safe
/opt/workspace/install/ros2lifecycle/lib/python3.6/site-packages/ros2lifecycle-0.8.7-py3.6.egg-info/top_level.txt
/opt/workspace/install/ros2lifecycle/lib/python3.6/site-packages/ros2lifecycle-0.8.7-py3.6.egg-info/entry_points.txt
/opt/workspace/install/ros2lifecycle/lib/python3.6/site-packages/ros2lifecycle-0.8.7-py3.6.egg-info/requires.txt
/opt/workspace/install/ros2lifecycle/lib/python3.6/site-packages/ros2lifecycle-0.8.7-py3.6.egg-info/PKG-INFO
/opt/workspace/install/ros2lifecycle/lib/python3.6/site-packages/ros2lifecycle-0.8.7-py3.6.egg-info/SOURCES.txt
