/opt/workspace/install/ament_pclint/lib/python3.6/site-packages/ament_pclint/__init__.py
/opt/workspace/install/ament_pclint/lib/python3.6/site-packages/ament_pclint/main.py
/opt/workspace/install/ament_pclint/lib/python3.6/site-packages/ament_pclint/config/gcc/co-g++.h
/opt/workspace/install/ament_pclint/lib/python3.6/site-packages/ament_pclint/config/gcc/co-g++.lnt
/opt/workspace/install/ament_pclint/lib/python3.6/site-packages/ament_pclint/config/gcc/co-gcc.h
/opt/workspace/install/ament_pclint/lib/python3.6/site-packages/ament_pclint/config/gcc/co-gcc.lnt
/opt/workspace/install/ament_pclint/lib/python3.6/site-packages/ament_pclint/config/gcc/co-osx-g++.h
/opt/workspace/install/ament_pclint/lib/python3.6/site-packages/ament_pclint/config/gcc/co-osx-g++.lnt
/opt/workspace/install/ament_pclint/lib/python3.6/site-packages/ament_pclint/config/gcc/co-osx-gcc.h
/opt/workspace/install/ament_pclint/lib/python3.6/site-packages/ament_pclint/config/gcc/co-osx-gcc.lnt
/opt/workspace/install/ament_pclint/lib/python3.6/site-packages/ament_pclint/config/msvc/co-cl.lnt
/opt/workspace/install/ament_pclint/lib/python3.6/site-packages/ament_pclint/config/msvc/co-cl++.lnt
/opt/workspace/install/ament_pclint/lib/python3.6/site-packages/ament_pclint/config/msvc/co-cl.h
/opt/workspace/install/ament_pclint/lib/python3.6/site-packages/ament_pclint/config/au-misra3.lnt
/opt/workspace/install/ament_pclint/lib/python3.6/site-packages/ament_pclint/config/au-misra3-amd1.lnt
/opt/workspace/install/ament_pclint/lib/python3.6/site-packages/ament_pclint/config/au-misra-cpp.lnt
/opt/workspace/install/ament_pclint/lib/python3.6/site-packages/ament_pclint/config/c99.lnt
/opt/workspace/install/ament_pclint/lib/python3.6/site-packages/ament_pclint/config/c++.lnt
/opt/workspace/install/ament_pclint/lib/python3.6/site-packages/ament_pclint/config/deprecate.lnt
/opt/workspace/install/ament_pclint/lib/python3.6/site-packages/ament_pclint/config/env-xml.lnt
/opt/workspace/install/ament_pclint/lib/python3.6/site-packages/ament_pclint/__pycache__/__init__.cpython-36.pyc
/opt/workspace/install/ament_pclint/lib/python3.6/site-packages/ament_pclint/__pycache__/main.cpython-36.pyc
/opt/workspace/install/ament_pclint/share/ament_pclint/package.xml
/opt/workspace/install/ament_pclint/share/ament_index/resource_index/packages/ament_pclint
/opt/workspace/install/ament_pclint/lib/python3.6/site-packages/ament_pclint-0.8.1-py3.6.egg-info/dependency_links.txt
/opt/workspace/install/ament_pclint/lib/python3.6/site-packages/ament_pclint-0.8.1-py3.6.egg-info/not-zip-safe
/opt/workspace/install/ament_pclint/lib/python3.6/site-packages/ament_pclint-0.8.1-py3.6.egg-info/top_level.txt
/opt/workspace/install/ament_pclint/lib/python3.6/site-packages/ament_pclint-0.8.1-py3.6.egg-info/entry_points.txt
/opt/workspace/install/ament_pclint/lib/python3.6/site-packages/ament_pclint-0.8.1-py3.6.egg-info/requires.txt
/opt/workspace/install/ament_pclint/lib/python3.6/site-packages/ament_pclint-0.8.1-py3.6.egg-info/PKG-INFO
/opt/workspace/install/ament_pclint/lib/python3.6/site-packages/ament_pclint-0.8.1-py3.6.egg-info/SOURCES.txt
/opt/workspace/install/ament_pclint/bin/ament_pclint
