[0.181s] -- The C compiler identification is GNU 7.4.0
[0.273s] -- The CXX compiler identification is GNU 7.4.0
[0.281s] -- Check for working C compiler: /usr/bin/cc
[0.401s] -- Check for working C compiler: /usr/bin/cc -- works
[0.403s] -- Detecting C compiler ABI info
[0.509s] -- Detecting C compiler ABI info - done
[0.519s] -- Detecting C compile features
[0.895s] -- Detecting C compile features - done
[0.899s] -- Check for working CXX compiler: /usr/bin/c++
[1.042s] -- Check for working CXX compiler: /usr/bin/c++ -- works
[1.043s] -- Detecting CXX compiler ABI info
[1.172s] -- Detecting CXX compiler ABI info - done
[1.181s] -- Detecting CXX compile features
[1.779s] -- Detecting CXX compile features - done
[1.783s] -- Found ament_cmake: 0.8.2 (/opt/workspace/install/ament_cmake/share/ament_cmake/cmake)
[1.848s] -- Found PythonInterp: /usr/bin/python3 (found suitable version "3.6.9", minimum required is "3") 
[1.849s] -- Using PYTHON_EXECUTABLE: /usr/bin/python3
[2.255s] -- Found pluginlib: 2.4.1 (/opt/workspace/install/pluginlib/share/pluginlib/cmake)
[2.260s] -- Found tinyxml2_vendor:  (/opt/workspace/install/tinyxml2_vendor/share/tinyxml2_vendor/cmake)
[2.291s] -- Found TinyXML2: /usr/lib/x86_64-linux-gnu/libtinyxml2.so  
[2.304s] -- Found poco_vendor:  (/opt/workspace/install/poco_vendor/share/poco_vendor/cmake)
[2.396s] -- Found PythonLibs: /usr/lib/x86_64-linux-gnu/libpython3.6m.so (found suitable version "3.6.9", minimum required is "3.6") 
[2.435s] -- Found python_qt_binding: 1.0.3 (/opt/workspace/install/python_qt_binding/share/python_qt_binding/cmake)
[2.475s] -- Shiboken binding generator NOT available.
[2.477s] -- Found python_qt_binding: 1.0.3 (/opt/workspace/install/python_qt_binding/share/python_qt_binding/cmake)
[2.523s] -- Found PythonInterp: /usr/bin/python3 (found suitable version "3.6.9", minimum required is "3.6") 
[2.570s] -- SIP binding generator available at: /usr/bin/sip
[2.572s] -- Python binding generators: sip
[2.577s] -- Found ament_cmake_pytest: 0.8.2 (/opt/workspace/install/ament_cmake_pytest/share/ament_cmake_pytest/cmake)
[3.153s] -- Configuring done
[3.169s] -- Generating done
[3.171s] -- Build files have been written to: /opt/workspace/build/qt_gui_cpp
[3.256s] [  5%] [34m[1mGenerating __/__/include/qt_gui_cpp/moc_plugin_context.cpp[0m
[3.280s] [ 11%] [34m[1mGenerating __/__/include/qt_gui_cpp/moc_plugin_bridge.cpp[0m
[3.301s] [ 16%] [34m[1mGenerating __/__/include/qt_gui_cpp/moc_plugin.cpp[0m
[3.325s] [35m[1mScanning dependencies of target qt_gui_cpp[0m
[3.426s] [ 22%] [32mBuilding CXX object src/qt_gui_cpp/CMakeFiles/qt_gui_cpp.dir/composite_plugin_provider.cpp.o[0m
[4.927s] [ 27%] [32mBuilding CXX object src/qt_gui_cpp/CMakeFiles/qt_gui_cpp.dir/settings.cpp.o[0m
[5.923s] [ 33%] [32mBuilding CXX object src/qt_gui_cpp/CMakeFiles/qt_gui_cpp.dir/__/__/include/qt_gui_cpp/moc_plugin.cpp.o[0m
[7.053s] [ 38%] [32mBuilding CXX object src/qt_gui_cpp/CMakeFiles/qt_gui_cpp.dir/__/__/include/qt_gui_cpp/moc_plugin_bridge.cpp.o[0m
[7.934s] [ 44%] [32mBuilding CXX object src/qt_gui_cpp/CMakeFiles/qt_gui_cpp.dir/__/__/include/qt_gui_cpp/moc_plugin_context.cpp.o[0m
[9.155s] [ 50%] [32mBuilding CXX object src/qt_gui_cpp/CMakeFiles/qt_gui_cpp.dir/recursive_plugin_provider.cpp.o[0m
[12.074s] [ 55%] [32mBuilding CXX object src/qt_gui_cpp/CMakeFiles/qt_gui_cpp.dir/plugin_provider.cpp.o[0m
[13.403s] [ 61%] [32mBuilding CXX object src/qt_gui_cpp/CMakeFiles/qt_gui_cpp.dir/plugin_descriptor.cpp.o[0m
[14.285s] [ 66%] [32mBuilding CXX object src/qt_gui_cpp/CMakeFiles/qt_gui_cpp.dir/plugin_context.cpp.o[0m
[15.317s] [ 72%] [32mBuilding CXX object src/qt_gui_cpp/CMakeFiles/qt_gui_cpp.dir/plugin_bridge.cpp.o[0m
[16.431s] [ 77%] [32mBuilding CXX object src/qt_gui_cpp/CMakeFiles/qt_gui_cpp.dir/generic_proxy.cpp.o[0m
[17.165s] [ 83%] [32m[1mLinking CXX static library libqt_gui_cpp.a[0m
[17.214s] [ 83%] Built target qt_gui_cpp
[17.228s] [35m[1mScanning dependencies of target libqt_gui_cpp_sip[0m
[17.242s] [ 88%] [34m[1mRunning SIP generator for qt_gui_cpp_sip Python bindings...[0m
[23.220s] [ 94%] [34m[1mCompiling generated code for qt_gui_cpp_sip Python bindings...[0m
[79.835s] [100%] [34m[1mMeta target for qt_gui_cpp_sip Python bindings...[0m
[79.850s] [100%] Built target libqt_gui_cpp_sip
[80.025s] [ 83%] Built target qt_gui_cpp
[80.055s] [ 88%] [34m[1mMeta target for qt_gui_cpp_sip Python bindings...[0m
[80.072s] [100%] Built target libqt_gui_cpp_sip
[80.109s] [36mInstall the project...[0m
[80.121s] -- Install configuration: ""
[80.121s] -- Installing: /opt/workspace/install/qt_gui_cpp/share/qt_gui_cpp/environment/pythonpath.sh
[80.122s] -- Installing: /opt/workspace/install/qt_gui_cpp/share/qt_gui_cpp/environment/pythonpath.dsv
[80.122s] -- Installing: /opt/workspace/install/qt_gui_cpp/lib/python3.6/site-packages/qt_gui_cpp
[80.122s] -- Installing: /opt/workspace/install/qt_gui_cpp/lib/python3.6/site-packages/qt_gui_cpp/plugin_bridge.cpp
[80.123s] -- Installing: /opt/workspace/install/qt_gui_cpp/lib/python3.6/site-packages/qt_gui_cpp/composite_plugin_provider.cpp
[80.123s] -- Installing: /opt/workspace/install/qt_gui_cpp/lib/python3.6/site-packages/qt_gui_cpp/plugin_context.cpp
[80.123s] -- Installing: /opt/workspace/install/qt_gui_cpp/lib/python3.6/site-packages/qt_gui_cpp/__init__.py
[80.124s] -- Installing: /opt/workspace/install/qt_gui_cpp/lib/python3.6/site-packages/qt_gui_cpp/ros_pluginlib_plugin_provider.py
[80.124s] -- Installing: /opt/workspace/install/qt_gui_cpp/lib/python3.6/site-packages/qt_gui_cpp/plugin_provider.cpp
[80.124s] -- Installing: /opt/workspace/install/qt_gui_cpp/lib/python3.6/site-packages/qt_gui_cpp/CMakeLists.txt
[80.124s] -- Installing: /opt/workspace/install/qt_gui_cpp/lib/python3.6/site-packages/qt_gui_cpp/plugin_descriptor.cpp
[80.125s] -- Installing: /opt/workspace/install/qt_gui_cpp/lib/python3.6/site-packages/qt_gui_cpp/cpp_binding_helper.py
[80.125s] -- Installing: /opt/workspace/install/qt_gui_cpp/lib/python3.6/site-packages/qt_gui_cpp/cpp_plugin_provider.py
[80.125s] -- Installing: /opt/workspace/install/qt_gui_cpp/lib/python3.6/site-packages/qt_gui_cpp/settings.cpp
[80.125s] -- Installing: /opt/workspace/install/qt_gui_cpp/lib/python3.6/site-packages/qt_gui_cpp/recursive_plugin_provider.cpp
[80.125s] -- Installing: /opt/workspace/install/qt_gui_cpp/lib/python3.6/site-packages/qt_gui_cpp/generic_proxy.cpp
[80.179s] Listing '/opt/workspace/install/qt_gui_cpp/lib/python3.6/site-packages/qt_gui_cpp'...
[80.180s] Compiling '/opt/workspace/install/qt_gui_cpp/lib/python3.6/site-packages/qt_gui_cpp/__init__.py'...
[80.180s] Compiling '/opt/workspace/install/qt_gui_cpp/lib/python3.6/site-packages/qt_gui_cpp/cpp_binding_helper.py'...
[80.180s] Compiling '/opt/workspace/install/qt_gui_cpp/lib/python3.6/site-packages/qt_gui_cpp/cpp_plugin_provider.py'...
[80.180s] Compiling '/opt/workspace/install/qt_gui_cpp/lib/python3.6/site-packages/qt_gui_cpp/ros_pluginlib_plugin_provider.py'...
[80.185s] -- Installing: /opt/workspace/install/qt_gui_cpp/share/qt_gui_cpp/plugin.xml
[80.186s] -- Installing: /opt/workspace/install/qt_gui_cpp/include
[80.186s] -- Installing: /opt/workspace/install/qt_gui_cpp/include/qt_gui_cpp
[80.186s] -- Installing: /opt/workspace/install/qt_gui_cpp/include/qt_gui_cpp/generic_proxy.h
[80.186s] -- Installing: /opt/workspace/install/qt_gui_cpp/include/qt_gui_cpp/plugin_context.h
[80.187s] -- Installing: /opt/workspace/install/qt_gui_cpp/include/qt_gui_cpp/composite_plugin_provider.h
[80.187s] -- Installing: /opt/workspace/install/qt_gui_cpp/include/qt_gui_cpp/plugin_provider.h
[80.187s] -- Installing: /opt/workspace/install/qt_gui_cpp/include/qt_gui_cpp/ros_pluginlib_plugin_provider.h
[80.187s] -- Installing: /opt/workspace/install/qt_gui_cpp/include/qt_gui_cpp/plugin.h
[80.187s] -- Installing: /opt/workspace/install/qt_gui_cpp/include/qt_gui_cpp/plugin_descriptor.h
[80.188s] -- Installing: /opt/workspace/install/qt_gui_cpp/include/qt_gui_cpp/plugin_bridge.h
[80.188s] -- Installing: /opt/workspace/install/qt_gui_cpp/include/qt_gui_cpp/ros_pluginlib_plugin_provider_for_plugin_providers.h
[80.188s] -- Installing: /opt/workspace/install/qt_gui_cpp/include/qt_gui_cpp/settings.h
[80.188s] -- Installing: /opt/workspace/install/qt_gui_cpp/include/qt_gui_cpp/ros_pluginlib_plugin_provider_for_plugins.h
[80.189s] -- Installing: /opt/workspace/install/qt_gui_cpp/include/qt_gui_cpp/recursive_plugin_provider.h
[80.190s] -- Installing: /opt/workspace/install/qt_gui_cpp/share/qt_gui_cpp/environment/library_path.sh
[80.190s] -- Installing: /opt/workspace/install/qt_gui_cpp/share/qt_gui_cpp/environment/library_path.dsv
[80.191s] -- Installing: /opt/workspace/install/qt_gui_cpp/share/ament_index/resource_index/package_run_dependencies/qt_gui_cpp
[80.191s] -- Installing: /opt/workspace/install/qt_gui_cpp/share/ament_index/resource_index/parent_prefix_path/qt_gui_cpp
[80.191s] -- Installing: /opt/workspace/install/qt_gui_cpp/share/qt_gui_cpp/environment/ament_prefix_path.sh
[80.191s] -- Installing: /opt/workspace/install/qt_gui_cpp/share/qt_gui_cpp/environment/ament_prefix_path.dsv
[80.191s] -- Installing: /opt/workspace/install/qt_gui_cpp/share/qt_gui_cpp/environment/path.sh
[80.192s] -- Installing: /opt/workspace/install/qt_gui_cpp/share/qt_gui_cpp/environment/path.dsv
[80.192s] -- Installing: /opt/workspace/install/qt_gui_cpp/share/qt_gui_cpp/local_setup.bash
[80.192s] -- Installing: /opt/workspace/install/qt_gui_cpp/share/qt_gui_cpp/local_setup.sh
[80.192s] -- Installing: /opt/workspace/install/qt_gui_cpp/share/qt_gui_cpp/local_setup.zsh
[80.192s] -- Installing: /opt/workspace/install/qt_gui_cpp/share/qt_gui_cpp/local_setup.dsv
[80.193s] -- Installing: /opt/workspace/install/qt_gui_cpp/share/qt_gui_cpp/package.dsv
[80.193s] -- Installing: /opt/workspace/install/qt_gui_cpp/share/ament_index/resource_index/packages/qt_gui_cpp
[80.193s] -- Installing: /opt/workspace/install/qt_gui_cpp/share/qt_gui_cpp/cmake/qt_gui_cpp-extras.cmake
[80.193s] -- Installing: /opt/workspace/install/qt_gui_cpp/share/qt_gui_cpp/cmake/ament_cmake_export_dependencies-extras.cmake
[80.193s] -- Installing: /opt/workspace/install/qt_gui_cpp/share/qt_gui_cpp/cmake/ament_cmake_export_include_directories-extras.cmake
[80.194s] -- Installing: /opt/workspace/install/qt_gui_cpp/share/qt_gui_cpp/cmake/ament_cmake_export_libraries-extras.cmake
[80.194s] -- Installing: /opt/workspace/install/qt_gui_cpp/share/qt_gui_cpp/cmake/qt_gui_cppConfig.cmake
[80.194s] -- Installing: /opt/workspace/install/qt_gui_cpp/share/qt_gui_cpp/cmake/qt_gui_cppConfig-version.cmake
[80.194s] -- Installing: /opt/workspace/install/qt_gui_cpp/share/qt_gui_cpp/package.xml
[80.194s] -- Installing: /opt/workspace/install/qt_gui_cpp/lib/libqt_gui_cpp.a
[80.195s] -- Installing: /opt/workspace/install/qt_gui_cpp/lib/python3.6/site-packages/qt_gui_cpp/libqt_gui_cpp_sip.so
