[1.819s] Invoking command in '/opt/workspace/build/fastrtps': CMAKE_PREFIX_PATH=/opt/workspace/install/foonathan_memory_vendor:/opt/workspace/install/fastcdr LD_LIBRARY_PATH=/opt/workspace/install/fastcdr/lib:${LD_LIBRARY_PATH} PKG_CONFIG_PATH=/opt/workspace/install/foonathan_memory_vendor/lib/x86_64-linux-gnu/pkgconfig:/opt/workspace/install/foonathan_memory_vendor/lib/pkgconfig /usr/bin/cmake --build /opt/workspace/build/fastrtps -- -j8 -l8
[2.209s] [100%] Built target fastrtps
[2.938s] Invoked command in '/opt/workspace/build/fastrtps' returned '0': CMAKE_PREFIX_PATH=/opt/workspace/install/foonathan_memory_vendor:/opt/workspace/install/fastcdr LD_LIBRARY_PATH=/opt/workspace/install/fastcdr/lib:${LD_LIBRARY_PATH} PKG_CONFIG_PATH=/opt/workspace/install/foonathan_memory_vendor/lib/x86_64-linux-gnu/pkgconfig:/opt/workspace/install/foonathan_memory_vendor/lib/pkgconfig /usr/bin/cmake --build /opt/workspace/build/fastrtps -- -j8 -l8
[3.237s] Invoking command in '/opt/workspace/build/fastrtps': CMAKE_PREFIX_PATH=/opt/workspace/install/foonathan_memory_vendor:/opt/workspace/install/fastcdr LD_LIBRARY_PATH=/opt/workspace/install/fastcdr/lib:${LD_LIBRARY_PATH} PKG_CONFIG_PATH=/opt/workspace/install/foonathan_memory_vendor/lib/x86_64-linux-gnu/pkgconfig:/opt/workspace/install/foonathan_memory_vendor/lib/pkgconfig /usr/bin/cmake --build /opt/workspace/build/fastrtps --target install -- -j8 -l8
[3.771s] [100%] Built target fastrtps
[3.834s] [36mInstall the project...[0m
[3.855s] -- Install configuration: "Release"
[3.856s] -- Installing: /opt/workspace/install/fastrtps/share/fastrtps/LICENSE
[3.861s] -- Installing: /opt/workspace/install/fastrtps/include/fastrtps
[3.861s] -- Installing: /opt/workspace/install/fastrtps/include/fastrtps/utils
[3.861s] -- Installing: /opt/workspace/install/fastrtps/include/fastrtps/utils/TimedMutex.hpp
[3.862s] -- Installing: /opt/workspace/install/fastrtps/include/fastrtps/utils/md5.h
[3.862s] -- Installing: /opt/workspace/install/fastrtps/include/fastrtps/utils/collections
[3.862s] -- Installing: /opt/workspace/install/fastrtps/include/fastrtps/utils/collections/ResourceLimitedVector.hpp
[3.862s] -- Installing: /opt/workspace/install/fastrtps/include/fastrtps/utils/collections/foonathan_memory_helpers.hpp
[3.863s] -- Installing: /opt/workspace/install/fastrtps/include/fastrtps/utils/collections/ResourceLimitedContainerConfig.hpp
[3.863s] -- Installing: /opt/workspace/install/fastrtps/include/fastrtps/utils/TimeConversion.h
[3.863s] -- Installing: /opt/workspace/install/fastrtps/include/fastrtps/utils/IPFinder.h
[3.869s] -- Installing: /opt/workspace/install/fastrtps/include/fastrtps/utils/Semaphore.h
[3.869s] -- Installing: /opt/workspace/install/fastrtps/include/fastrtps/utils/eClock.h
[3.870s] -- Installing: /opt/workspace/install/fastrtps/include/fastrtps/utils/TimedConditionVariable.hpp
[3.870s] -- Installing: /opt/workspace/install/fastrtps/include/fastrtps/utils/DBQueue.h
[3.870s] -- Installing: /opt/workspace/install/fastrtps/include/fastrtps/utils/fixed_size_bitmap.hpp
[3.870s] -- Installing: /opt/workspace/install/fastrtps/include/fastrtps/utils/StringMatching.h
[3.871s] -- Installing: /opt/workspace/install/fastrtps/include/fastrtps/utils/IPLocator.h
[3.871s] -- Installing: /opt/workspace/install/fastrtps/include/fastrtps/utils/fixed_size_string.hpp
[3.871s] -- Installing: /opt/workspace/install/fastrtps/include/fastrtps/utils/System.h
[3.871s] -- Installing: /opt/workspace/install/fastrtps/include/fastrtps/Domain.h
[3.871s] -- Installing: /opt/workspace/install/fastrtps/include/fastrtps/fastrtps_fwd.h
[3.871s] -- Installing: /opt/workspace/install/fastrtps/include/fastrtps/fastrtps_dll.h
[3.872s] -- Installing: /opt/workspace/install/fastrtps/include/fastrtps/participant
[3.872s] -- Installing: /opt/workspace/install/fastrtps/include/fastrtps/participant/ParticipantListener.h
[3.872s] -- Installing: /opt/workspace/install/fastrtps/include/fastrtps/participant/Participant.h
[3.872s] -- Installing: /opt/workspace/install/fastrtps/include/fastrtps/subscriber
[3.873s] -- Installing: /opt/workspace/install/fastrtps/include/fastrtps/subscriber/SubscriberListener.h
[3.873s] -- Installing: /opt/workspace/install/fastrtps/include/fastrtps/subscriber/SampleInfo.h
[3.873s] -- Installing: /opt/workspace/install/fastrtps/include/fastrtps/subscriber/SubscriberHistory.h
[3.874s] -- Installing: /opt/workspace/install/fastrtps/include/fastrtps/subscriber/Subscriber.h
[3.874s] -- Installing: /opt/workspace/install/fastrtps/include/fastrtps/config
[3.874s] -- Installing: /opt/workspace/install/fastrtps/include/fastrtps/config/doxygen_modules.h
[3.875s] -- Installing: /opt/workspace/install/fastrtps/include/fastrtps/fastrtps_all.h
[3.875s] -- Installing: /opt/workspace/install/fastrtps/include/fastrtps/transport
[3.875s] -- Installing: /opt/workspace/install/fastrtps/include/fastrtps/transport/TCPTransportInterface.h
[3.879s] -- Installing: /opt/workspace/install/fastrtps/include/fastrtps/transport/ChannelResource.h
[3.881s] -- Installing: /opt/workspace/install/fastrtps/include/fastrtps/transport/UDPv4Transport.h
[3.881s] -- Installing: /opt/workspace/install/fastrtps/include/fastrtps/transport/UDPv6TransportDescriptor.h
[3.881s] -- Installing: /opt/workspace/install/fastrtps/include/fastrtps/transport/TCPv6Transport.h
[3.882s] -- Installing: /opt/workspace/install/fastrtps/include/fastrtps/transport/UDPTransportDescriptor.h
[3.882s] -- Installing: /opt/workspace/install/fastrtps/include/fastrtps/transport/TCPChannelResource.h
[3.882s] -- Installing: /opt/workspace/install/fastrtps/include/fastrtps/transport/test_UDPv4TransportDescriptor.h
[3.882s] -- Installing: /opt/workspace/install/fastrtps/include/fastrtps/transport/TCPAcceptorBasic.h
[3.882s] -- Installing: /opt/workspace/install/fastrtps/include/fastrtps/transport/TCPAcceptorSecure.h
[3.883s] -- Installing: /opt/workspace/install/fastrtps/include/fastrtps/transport/UDPv4TransportDescriptor.h
[3.883s] -- Installing: /opt/workspace/install/fastrtps/include/fastrtps/transport/UDPv6Transport.h
[3.883s] -- Installing: /opt/workspace/install/fastrtps/include/fastrtps/transport/TCPChannelResourceSecure.h
[3.883s] -- Installing: /opt/workspace/install/fastrtps/include/fastrtps/transport/SocketTransportDescriptor.h
[3.883s] -- Installing: /opt/workspace/install/fastrtps/include/fastrtps/transport/TCPTransportDescriptor.h
[3.884s] -- Installing: /opt/workspace/install/fastrtps/include/fastrtps/transport/TCPChannelResourceBasic.h
[3.884s] -- Installing: /opt/workspace/install/fastrtps/include/fastrtps/transport/TransportDescriptorInterface.h
[3.884s] -- Installing: /opt/workspace/install/fastrtps/include/fastrtps/transport/UDPChannelResource.h
[3.884s] -- Installing: /opt/workspace/install/fastrtps/include/fastrtps/transport/TCPv4TransportDescriptor.h
[3.884s] -- Installing: /opt/workspace/install/fastrtps/include/fastrtps/transport/TCPAcceptor.h
[3.885s] -- Installing: /opt/workspace/install/fastrtps/include/fastrtps/transport/TCPv4Transport.h
[3.885s] -- Installing: /opt/workspace/install/fastrtps/include/fastrtps/transport/UDPTransportInterface.h
[3.891s] -- Installing: /opt/workspace/install/fastrtps/include/fastrtps/transport/TransportInterface.h
[3.891s] -- Installing: /opt/workspace/install/fastrtps/include/fastrtps/transport/tcp
[3.891s] -- Installing: /opt/workspace/install/fastrtps/include/fastrtps/transport/tcp/TCPControlMessage.h
[3.891s] -- Installing: /opt/workspace/install/fastrtps/include/fastrtps/transport/tcp/RTCPMessageManager.h
[3.892s] -- Installing: /opt/workspace/install/fastrtps/include/fastrtps/transport/tcp/RTCPHeader.h
[3.892s] -- Installing: /opt/workspace/install/fastrtps/include/fastrtps/transport/test_UDPv4Transport.h
[3.892s] -- Installing: /opt/workspace/install/fastrtps/include/fastrtps/transport/TransportReceiverInterface.h
[3.892s] -- Installing: /opt/workspace/install/fastrtps/include/fastrtps/transport/TCPv6TransportDescriptor.h
[3.892s] -- Installing: /opt/workspace/install/fastrtps/include/fastrtps/log
[3.893s] -- Installing: /opt/workspace/install/fastrtps/include/fastrtps/log/StdoutConsumer.h
[3.893s] -- Installing: /opt/workspace/install/fastrtps/include/fastrtps/log/Colors.h
[3.893s] -- Installing: /opt/workspace/install/fastrtps/include/fastrtps/log/FileConsumer.h
[3.893s] -- Installing: /opt/workspace/install/fastrtps/include/fastrtps/log/Log.h
[3.893s] -- Installing: /opt/workspace/install/fastrtps/include/fastrtps/xmlparser
[3.893s] -- Installing: /opt/workspace/install/fastrtps/include/fastrtps/xmlparser/XMLEndpointParser.h
[3.894s] -- Installing: /opt/workspace/install/fastrtps/include/fastrtps/xmlparser/XMLParserCommon.h
[3.894s] -- Installing: /opt/workspace/install/fastrtps/include/fastrtps/xmlparser/XMLProfileManager.h
[3.894s] -- Installing: /opt/workspace/install/fastrtps/include/fastrtps/xmlparser/XMLTree.h
[3.894s] -- Installing: /opt/workspace/install/fastrtps/include/fastrtps/xmlparser/XMLParser.h
[3.894s] -- Installing: /opt/workspace/install/fastrtps/include/fastrtps/common
[3.895s] -- Installing: /opt/workspace/install/fastrtps/include/fastrtps/common/KeyedChanges.h
[3.895s] -- Installing: /opt/workspace/install/fastrtps/include/fastrtps/eProsima_auto_link.h
[3.895s] -- Installing: /opt/workspace/install/fastrtps/include/fastrtps/types
[3.895s] -- Installing: /opt/workspace/install/fastrtps/include/fastrtps/types/AnnotationParameterValue.h
[3.896s] -- Installing: /opt/workspace/install/fastrtps/include/fastrtps/types/DynamicData.h
[3.896s] -- Installing: /opt/workspace/install/fastrtps/include/fastrtps/types/DynamicDataFactory.h
[3.896s] -- Installing: /opt/workspace/install/fastrtps/include/fastrtps/types/TypeObjectFactory.h
[3.910s] -- Installing: /opt/workspace/install/fastrtps/include/fastrtps/types/TypesBase.h
[3.910s] -- Installing: /opt/workspace/install/fastrtps/include/fastrtps/types/DynamicTypePtr.h
[3.910s] -- Installing: /opt/workspace/install/fastrtps/include/fastrtps/types/MemberDescriptor.h
[3.923s] -- Installing: /opt/workspace/install/fastrtps/include/fastrtps/types/TypeNamesGenerator.h
[3.923s] -- Installing: /opt/workspace/install/fastrtps/include/fastrtps/types/DynamicTypeBuilder.h
[3.923s] -- Installing: /opt/workspace/install/fastrtps/include/fastrtps/types/TypeObjectHashId.h
[3.923s] -- Installing: /opt/workspace/install/fastrtps/include/fastrtps/types/DynamicDataPtr.h
[3.924s] -- Installing: /opt/workspace/install/fastrtps/include/fastrtps/types/BuiltinAnnotationsTypeObject.h
[3.924s] -- Installing: /opt/workspace/install/fastrtps/include/fastrtps/types/TypeObject.h
[3.924s] -- Installing: /opt/workspace/install/fastrtps/include/fastrtps/types/AnnotationDescriptor.h
[3.924s] -- Installing: /opt/workspace/install/fastrtps/include/fastrtps/types/DynamicPubSubType.h
[3.924s] -- Installing: /opt/workspace/install/fastrtps/include/fastrtps/types/DynamicTypeBuilderPtr.h
[3.925s] -- Installing: /opt/workspace/install/fastrtps/include/fastrtps/types/TypeIdentifierTypes.h
[3.925s] -- Installing: /opt/workspace/install/fastrtps/include/fastrtps/types/DynamicTypeBuilderFactory.h
[3.925s] -- Installing: /opt/workspace/install/fastrtps/include/fastrtps/types/DynamicTypeMember.h
[3.925s] -- Installing: /opt/workspace/install/fastrtps/include/fastrtps/types/TypeDescriptor.h
[3.926s] -- Installing: /opt/workspace/install/fastrtps/include/fastrtps/types/DynamicType.h
[3.926s] -- Installing: /opt/workspace/install/fastrtps/include/fastrtps/types/TypeIdentifier.h
[3.926s] -- Installing: /opt/workspace/install/fastrtps/include/fastrtps/qos
[3.926s] -- Installing: /opt/workspace/install/fastrtps/include/fastrtps/qos/ReaderQos.h
[3.926s] -- Installing: /opt/workspace/install/fastrtps/include/fastrtps/qos/ParameterList.h
[3.927s] -- Installing: /opt/workspace/install/fastrtps/include/fastrtps/qos/LivelinessChangedStatus.h
[3.927s] -- Installing: /opt/workspace/install/fastrtps/include/fastrtps/qos/QosPolicies.h
[3.927s] -- Installing: /opt/workspace/install/fastrtps/include/fastrtps/qos/WriterQos.h
[3.927s] -- Installing: /opt/workspace/install/fastrtps/include/fastrtps/qos/DeadlineMissedStatus.h
[3.928s] -- Installing: /opt/workspace/install/fastrtps/include/fastrtps/qos/LivelinessLostStatus.h
[3.934s] -- Installing: /opt/workspace/install/fastrtps/include/fastrtps/qos/ParameterTypes.h
[3.934s] -- Installing: /opt/workspace/install/fastrtps/include/fastrtps/attributes
[3.935s] -- Installing: /opt/workspace/install/fastrtps/include/fastrtps/attributes/SubscriberAttributes.h
[3.935s] -- Installing: /opt/workspace/install/fastrtps/include/fastrtps/attributes/all_attributes.h
[3.936s] -- Installing: /opt/workspace/install/fastrtps/include/fastrtps/attributes/LibrarySettingsAttributes.h
[3.936s] -- Installing: /opt/workspace/install/fastrtps/include/fastrtps/attributes/TopicAttributes.h
[3.937s] -- Installing: /opt/workspace/install/fastrtps/include/fastrtps/attributes/ParticipantAttributes.h
[3.938s] -- Installing: /opt/workspace/install/fastrtps/include/fastrtps/attributes/PublisherAttributes.h
[3.938s] -- Installing: /opt/workspace/install/fastrtps/include/fastrtps/TopicDataType.h
[3.939s] -- Installing: /opt/workspace/install/fastrtps/include/fastrtps/rtps
[3.940s] -- Installing: /opt/workspace/install/fastrtps/include/fastrtps/rtps/participant
[3.945s] -- Installing: /opt/workspace/install/fastrtps/include/fastrtps/rtps/participant/ParticipantDiscoveryInfo.h
[3.946s] -- Installing: /opt/workspace/install/fastrtps/include/fastrtps/rtps/participant/RTPSParticipantListener.h
[3.946s] -- Installing: /opt/workspace/install/fastrtps/include/fastrtps/rtps/participant/RTPSParticipant.h
[3.947s] -- Installing: /opt/workspace/install/fastrtps/include/fastrtps/rtps/security
[3.947s] -- Installing: /opt/workspace/install/fastrtps/include/fastrtps/rtps/security/authentication
[3.947s] -- Installing: /opt/workspace/install/fastrtps/include/fastrtps/rtps/security/authentication/Authentication.h
[3.948s] -- Installing: /opt/workspace/install/fastrtps/include/fastrtps/rtps/security/authentication/Handshake.h
[3.948s] -- Installing: /opt/workspace/install/fastrtps/include/fastrtps/rtps/security/common
[3.948s] -- Installing: /opt/workspace/install/fastrtps/include/fastrtps/rtps/security/common/ParticipantGenericMessage.h
[3.949s] -- Installing: /opt/workspace/install/fastrtps/include/fastrtps/rtps/security/common/Handle.h
[3.949s] -- Installing: /opt/workspace/install/fastrtps/include/fastrtps/rtps/security/common/SharedSecretHandle.h
[3.949s] -- Installing: /opt/workspace/install/fastrtps/include/fastrtps/rtps/security/exceptions
[3.949s] -- Installing: /opt/workspace/install/fastrtps/include/fastrtps/rtps/security/exceptions/SecurityException.h
[3.949s] -- Installing: /opt/workspace/install/fastrtps/include/fastrtps/rtps/security/cryptography
[3.950s] -- Installing: /opt/workspace/install/fastrtps/include/fastrtps/rtps/security/cryptography/CryptoTypes.h
[3.950s] -- Installing: /opt/workspace/install/fastrtps/include/fastrtps/rtps/security/cryptography/Cryptography.h
[3.950s] -- Installing: /opt/workspace/install/fastrtps/include/fastrtps/rtps/security/cryptography/CryptoKeyFactory.h
[3.950s] -- Installing: /opt/workspace/install/fastrtps/include/fastrtps/rtps/security/cryptography/CryptoTransform.h
[3.950s] -- Installing: /opt/workspace/install/fastrtps/include/fastrtps/rtps/security/cryptography/CryptoKeyExchange.h
[3.951s] -- Installing: /opt/workspace/install/fastrtps/include/fastrtps/rtps/security/accesscontrol
[3.951s] -- Installing: /opt/workspace/install/fastrtps/include/fastrtps/rtps/security/accesscontrol/AccessControl.h
[3.951s] -- Installing: /opt/workspace/install/fastrtps/include/fastrtps/rtps/security/accesscontrol/ParticipantSecurityAttributes.h
[3.951s] -- Installing: /opt/workspace/install/fastrtps/include/fastrtps/rtps/security/accesscontrol/SecurityMaskUtilities.h
[3.951s] -- Installing: /opt/workspace/install/fastrtps/include/fastrtps/rtps/security/accesscontrol/EndpointSecurityAttributes.h
[3.952s] -- Installing: /opt/workspace/install/fastrtps/include/fastrtps/rtps/history
[3.952s] -- Installing: /opt/workspace/install/fastrtps/include/fastrtps/rtps/history/CacheChangePool.h
[3.953s] -- Installing: /opt/workspace/install/fastrtps/include/fastrtps/rtps/history/WriterHistory.h
[3.953s] -- Installing: /opt/workspace/install/fastrtps/include/fastrtps/rtps/history/ReaderHistory.h
[3.953s] -- Installing: /opt/workspace/install/fastrtps/include/fastrtps/rtps/history/History.h
[3.954s] -- Installing: /opt/workspace/install/fastrtps/include/fastrtps/rtps/rtps_all.h
[3.954s] -- Installing: /opt/workspace/install/fastrtps/include/fastrtps/rtps/reader
[3.954s] -- Installing: /opt/workspace/install/fastrtps/include/fastrtps/rtps/reader/RTPSReader.h
[3.954s] -- Installing: /opt/workspace/install/fastrtps/include/fastrtps/rtps/reader/StatefulReader.h
[3.954s] -- Installing: /opt/workspace/install/fastrtps/include/fastrtps/rtps/reader/ReaderListener.h
[3.955s] -- Installing: /opt/workspace/install/fastrtps/include/fastrtps/rtps/reader/ReaderDiscoveryInfo.h
[3.956s] -- Installing: /opt/workspace/install/fastrtps/include/fastrtps/rtps/reader/StatelessPersistentReader.h
[3.956s] -- Installing: /opt/workspace/install/fastrtps/include/fastrtps/rtps/reader/StatefulPersistentReader.h
[3.956s] -- Installing: /opt/workspace/install/fastrtps/include/fastrtps/rtps/reader/StatelessReader.h
[3.957s] -- Installing: /opt/workspace/install/fastrtps/include/fastrtps/rtps/rtps_fwd.h
[3.957s] -- Installing: /opt/workspace/install/fastrtps/include/fastrtps/rtps/writer
[3.958s] -- Installing: /opt/workspace/install/fastrtps/include/fastrtps/rtps/writer/StatefulPersistentWriter.h
[3.966s] -- Installing: /opt/workspace/install/fastrtps/include/fastrtps/rtps/writer/ReaderProxy.h
[3.966s] -- Installing: /opt/workspace/install/fastrtps/include/fastrtps/rtps/writer/LivelinessManager.h
[3.966s] -- Installing: /opt/workspace/install/fastrtps/include/fastrtps/rtps/writer/StatefulWriter.h
[3.967s] -- Installing: /opt/workspace/install/fastrtps/include/fastrtps/rtps/writer/ReaderLocator.h
[3.967s] -- Installing: /opt/workspace/install/fastrtps/include/fastrtps/rtps/writer/WriterListener.h
[3.968s] -- Installing: /opt/workspace/install/fastrtps/include/fastrtps/rtps/writer/WriterDiscoveryInfo.h
[3.970s] -- Installing: /opt/workspace/install/fastrtps/include/fastrtps/rtps/writer/RTPSWriter.h
[3.971s] -- Installing: /opt/workspace/install/fastrtps/include/fastrtps/rtps/writer/LivelinessData.h
[3.972s] -- Installing: /opt/workspace/install/fastrtps/include/fastrtps/rtps/writer/StatelessWriter.h
[3.973s] -- Installing: /opt/workspace/install/fastrtps/include/fastrtps/rtps/writer/StatelessPersistentWriter.h
[3.975s] -- Installing: /opt/workspace/install/fastrtps/include/fastrtps/rtps/writer/PersistentWriter.h
[3.975s] -- Installing: /opt/workspace/install/fastrtps/include/fastrtps/rtps/common
[3.976s] -- Installing: /opt/workspace/install/fastrtps/include/fastrtps/rtps/common/EntityId_t.hpp
[3.976s] -- Installing: /opt/workspace/install/fastrtps/include/fastrtps/rtps/common/SequenceNumber.h
[3.976s] -- Installing: /opt/workspace/install/fastrtps/include/fastrtps/rtps/common/PortParameters.h
[3.994s] -- Installing: /opt/workspace/install/fastrtps/include/fastrtps/rtps/common/RemoteLocators.hpp
[3.994s] -- Installing: /opt/workspace/install/fastrtps/include/fastrtps/rtps/common/all_common.h
[3.995s] -- Installing: /opt/workspace/install/fastrtps/include/fastrtps/rtps/common/Time_t.h
[3.995s] -- Installing: /opt/workspace/install/fastrtps/include/fastrtps/rtps/common/Property.h
[3.995s] -- Installing: /opt/workspace/install/fastrtps/include/fastrtps/rtps/common/WriteParams.h
[3.995s] -- Installing: /opt/workspace/install/fastrtps/include/fastrtps/rtps/common/Types.h
[3.995s] -- Installing: /opt/workspace/install/fastrtps/include/fastrtps/rtps/common/MatchingInfo.h
[3.996s] -- Installing: /opt/workspace/install/fastrtps/include/fastrtps/rtps/common/Token.h
[3.996s] -- Installing: /opt/workspace/install/fastrtps/include/fastrtps/rtps/common/BinaryProperty.h
[3.996s] -- Installing: /opt/workspace/install/fastrtps/include/fastrtps/rtps/common/GuidPrefix_t.hpp
[3.996s] -- Installing: /opt/workspace/install/fastrtps/include/fastrtps/rtps/common/FragmentNumber.h
[3.996s] -- Installing: /opt/workspace/install/fastrtps/include/fastrtps/rtps/common/Locator.h
[3.997s] -- Installing: /opt/workspace/install/fastrtps/include/fastrtps/rtps/common/SerializedPayload.h
[3.997s] -- Installing: /opt/workspace/install/fastrtps/include/fastrtps/rtps/common/CacheChange.h
[3.997s] -- Installing: /opt/workspace/install/fastrtps/include/fastrtps/rtps/common/LocatorSelectorEntry.hpp
[3.997s] -- Installing: /opt/workspace/install/fastrtps/include/fastrtps/rtps/common/CDRMessage_t.h
[3.999s] -- Installing: /opt/workspace/install/fastrtps/include/fastrtps/rtps/common/LocatorListComparisons.hpp
[4.000s] -- Installing: /opt/workspace/install/fastrtps/include/fastrtps/rtps/common/InstanceHandle.h
[4.002s] -- Installing: /opt/workspace/install/fastrtps/include/fastrtps/rtps/common/SampleIdentity.h
[4.002s] -- Installing: /opt/workspace/install/fastrtps/include/fastrtps/rtps/common/Guid.h
[4.003s] -- Installing: /opt/workspace/install/fastrtps/include/fastrtps/rtps/common/LocatorSelector.hpp
[4.006s] -- Installing: /opt/workspace/install/fastrtps/include/fastrtps/rtps/flowcontrol
[4.007s] -- Installing: /opt/workspace/install/fastrtps/include/fastrtps/rtps/flowcontrol/ThroughputControllerDescriptor.h
[4.007s] -- Installing: /opt/workspace/install/fastrtps/include/fastrtps/rtps/exceptions
[4.007s] -- Installing: /opt/workspace/install/fastrtps/include/fastrtps/rtps/exceptions/Exception.h
[4.007s] -- Installing: /opt/workspace/install/fastrtps/include/fastrtps/rtps/RTPSDomain.h
[4.007s] -- Installing: /opt/workspace/install/fastrtps/include/fastrtps/rtps/Endpoint.h
[4.007s] -- Installing: /opt/workspace/install/fastrtps/include/fastrtps/rtps/messages
[4.008s] -- Installing: /opt/workspace/install/fastrtps/include/fastrtps/rtps/messages/RTPSMessageCreator.h
[4.008s] -- Installing: /opt/workspace/install/fastrtps/include/fastrtps/rtps/messages/RTPS_messages.h
[4.008s] -- Installing: /opt/workspace/install/fastrtps/include/fastrtps/rtps/messages/MessageReceiver.h
[4.008s] -- Installing: /opt/workspace/install/fastrtps/include/fastrtps/rtps/messages/RTPSMessageSenderInterface.hpp
[4.008s] -- Installing: /opt/workspace/install/fastrtps/include/fastrtps/rtps/messages/CDRMessage.hpp
[4.008s] -- Installing: /opt/workspace/install/fastrtps/include/fastrtps/rtps/messages/CDRMessage.h
[4.009s] -- Installing: /opt/workspace/install/fastrtps/include/fastrtps/rtps/messages/RTPSMessageGroup.h
[4.009s] -- Installing: /opt/workspace/install/fastrtps/include/fastrtps/rtps/network
[4.009s] -- Installing: /opt/workspace/install/fastrtps/include/fastrtps/rtps/network/SenderResource.h
[4.010s] -- Installing: /opt/workspace/install/fastrtps/include/fastrtps/rtps/network/NetworkFactory.h
[4.010s] -- Installing: /opt/workspace/install/fastrtps/include/fastrtps/rtps/network/ReceiverResource.h
[4.010s] -- Installing: /opt/workspace/install/fastrtps/include/fastrtps/rtps/attributes
[4.010s] -- Installing: /opt/workspace/install/fastrtps/include/fastrtps/rtps/attributes/ReaderAttributes.h
[4.010s] -- Installing: /opt/workspace/install/fastrtps/include/fastrtps/rtps/attributes/PropertyPolicy.h
[4.010s] -- Installing: /opt/workspace/install/fastrtps/include/fastrtps/rtps/attributes/RTPSParticipantAllocationAttributes.hpp
[4.011s] -- Installing: /opt/workspace/install/fastrtps/include/fastrtps/rtps/attributes/HistoryAttributes.h
[4.011s] -- Installing: /opt/workspace/install/fastrtps/include/fastrtps/rtps/attributes/ServerAttributes.h
[4.011s] -- Installing: /opt/workspace/install/fastrtps/include/fastrtps/rtps/attributes/RTPSParticipantAttributes.h
[4.011s] -- Installing: /opt/workspace/install/fastrtps/include/fastrtps/rtps/attributes/WriterAttributes.h
[4.011s] -- Installing: /opt/workspace/install/fastrtps/include/fastrtps/rtps/attributes/EndpointAttributes.h
[4.011s] -- Installing: /opt/workspace/install/fastrtps/include/fastrtps/rtps/builtin
[4.012s] -- Installing: /opt/workspace/install/fastrtps/include/fastrtps/rtps/builtin/BuiltinProtocols.h
[4.013s] -- Installing: /opt/workspace/install/fastrtps/include/fastrtps/rtps/builtin/data
[4.013s] -- Installing: /opt/workspace/install/fastrtps/include/fastrtps/rtps/builtin/data/ReaderProxyData.h
[4.013s] -- Installing: /opt/workspace/install/fastrtps/include/fastrtps/rtps/builtin/data/ParticipantProxyData.h
[4.013s] -- Installing: /opt/workspace/install/fastrtps/include/fastrtps/rtps/builtin/data/WriterProxyData.h
[4.014s] -- Installing: /opt/workspace/install/fastrtps/include/fastrtps/rtps/builtin/discovery
[4.014s] -- Installing: /opt/workspace/install/fastrtps/include/fastrtps/rtps/builtin/discovery/participant
[4.014s] -- Installing: /opt/workspace/install/fastrtps/include/fastrtps/rtps/builtin/discovery/participant/PDPServerListener.h
[4.014s] -- Installing: /opt/workspace/install/fastrtps/include/fastrtps/rtps/builtin/discovery/participant/timedevent
[4.014s] -- Installing: /opt/workspace/install/fastrtps/include/fastrtps/rtps/builtin/discovery/participant/timedevent/DSClientEvent.h
[4.014s] -- Installing: /opt/workspace/install/fastrtps/include/fastrtps/rtps/builtin/discovery/participant/timedevent/DServerEvent.h
[4.014s] -- Installing: /opt/workspace/install/fastrtps/include/fastrtps/rtps/builtin/discovery/participant/PDP.h
[4.015s] -- Installing: /opt/workspace/install/fastrtps/include/fastrtps/rtps/builtin/discovery/participant/PDPSimple.h
[4.015s] -- Installing: /opt/workspace/install/fastrtps/include/fastrtps/rtps/builtin/discovery/participant/PDPServer.h
[4.015s] -- Installing: /opt/workspace/install/fastrtps/include/fastrtps/rtps/builtin/discovery/participant/PDPListener.h
[4.015s] -- Installing: /opt/workspace/install/fastrtps/include/fastrtps/rtps/builtin/discovery/participant/PDPClient.h
[4.015s] -- Installing: /opt/workspace/install/fastrtps/include/fastrtps/rtps/builtin/discovery/endpoint
[4.015s] -- Installing: /opt/workspace/install/fastrtps/include/fastrtps/rtps/builtin/discovery/endpoint/EDPSimple.h
[4.016s] -- Installing: /opt/workspace/install/fastrtps/include/fastrtps/rtps/builtin/discovery/endpoint/EDPServer.h
[4.016s] -- Installing: /opt/workspace/install/fastrtps/include/fastrtps/rtps/builtin/discovery/endpoint/EDP.h
[4.016s] -- Installing: /opt/workspace/install/fastrtps/include/fastrtps/rtps/builtin/discovery/endpoint/EDPStatic.h
[4.016s] -- Installing: /opt/workspace/install/fastrtps/include/fastrtps/rtps/builtin/discovery/endpoint/EDPClient.h
[4.016s] -- Installing: /opt/workspace/install/fastrtps/include/fastrtps/rtps/builtin/liveliness
[4.016s] -- Installing: /opt/workspace/install/fastrtps/include/fastrtps/rtps/builtin/liveliness/WLP.h
[4.016s] -- Installing: /opt/workspace/install/fastrtps/include/fastrtps/rtps/builtin/liveliness/WLPListener.h
[4.016s] -- Installing: /opt/workspace/install/fastrtps/include/fastrtps/rtps/resources
[4.017s] -- Installing: /opt/workspace/install/fastrtps/include/fastrtps/rtps/resources/TimedEvent.h
[4.017s] -- Installing: /opt/workspace/install/fastrtps/include/fastrtps/rtps/resources/AsyncInterestTree.h
[4.017s] -- Installing: /opt/workspace/install/fastrtps/include/fastrtps/rtps/resources/ResourceEvent.h
[4.017s] -- Installing: /opt/workspace/install/fastrtps/include/fastrtps/rtps/resources/AsyncWriterThread.h
[4.017s] -- Installing: /opt/workspace/install/fastrtps/include/fastrtps/rtps/resources/ResourceManagement.h
[4.018s] -- Installing: /opt/workspace/install/fastrtps/include/fastrtps/publisher
[4.018s] -- Installing: /opt/workspace/install/fastrtps/include/fastrtps/publisher/Publisher.h
[4.018s] -- Installing: /opt/workspace/install/fastrtps/include/fastrtps/publisher/PublisherHistory.h
[4.018s] -- Installing: /opt/workspace/install/fastrtps/include/fastrtps/publisher/PublisherListener.h
[4.018s] -- Installing: /opt/workspace/install/fastrtps/include/fastrtps/config.h
[4.018s] -- Installing: /opt/workspace/install/fastrtps/lib/libfastrtps.so.1.9.3
[4.020s] -- Installing: /opt/workspace/install/fastrtps/lib/libfastrtps.so.1
[4.020s] -- Installing: /opt/workspace/install/fastrtps/lib/libfastrtps.so
[4.021s] -- Set runtime path of "/opt/workspace/install/fastrtps/lib/libfastrtps.so.1.9.3" to ""
[4.021s] -- Installing: /opt/workspace/install/fastrtps/share/fastrtps/cmake/fastrtps-targets.cmake
[4.021s] -- Installing: /opt/workspace/install/fastrtps/share/fastrtps/cmake/fastrtps-targets-release.cmake
[4.021s] -- Installing: /opt/workspace/install/fastrtps/share/fastrtps/cmake/fastrtps-config.cmake
[4.021s] -- Installing: /opt/workspace/install/fastrtps/share/fastrtps/cmake/fastrtps-config-version.cmake
[4.068s] Invoked command in '/opt/workspace/build/fastrtps' returned '0': CMAKE_PREFIX_PATH=/opt/workspace/install/foonathan_memory_vendor:/opt/workspace/install/fastcdr LD_LIBRARY_PATH=/opt/workspace/install/fastcdr/lib:${LD_LIBRARY_PATH} PKG_CONFIG_PATH=/opt/workspace/install/foonathan_memory_vendor/lib/x86_64-linux-gnu/pkgconfig:/opt/workspace/install/foonathan_memory_vendor/lib/pkgconfig /usr/bin/cmake --build /opt/workspace/build/fastrtps --target install -- -j8 -l8
