[0.262s] -- The C compiler identification is GNU 7.4.0
[0.399s] -- The CXX compiler identification is GNU 7.4.0
[0.409s] -- Check for working C compiler: /usr/bin/cc
[0.543s] -- Check for working C compiler: /usr/bin/cc -- works
[0.545s] -- Detecting C compiler ABI info
[0.684s] -- Detecting C compiler ABI info - done
[0.698s] -- Detecting C compile features
[1.142s] -- Detecting C compile features - done
[1.148s] -- Check for working CXX compiler: /usr/bin/c++
[1.321s] -- Check for working CXX compiler: /usr/bin/c++ -- works
[1.324s] -- Detecting CXX compiler ABI info
[1.507s] -- Detecting CXX compiler ABI info - done
[1.516s] -- Detecting CXX compile features
[2.218s] -- Detecting CXX compile features - done
[2.223s] -- Found ament_cmake: 0.8.2 (/opt/workspace/install/ament_cmake/share/ament_cmake/cmake)
[2.278s] -- Found PythonInterp: /usr/bin/python3 (found suitable version "3.6.9", minimum required is "3") 
[2.278s] -- Using PYTHON_EXECUTABLE: /usr/bin/python3
[2.805s] -- Found ament_lint_auto: 0.8.1 (/opt/workspace/install/ament_lint_auto/share/ament_lint_auto/cmake)
[2.998s] -- Added test 'flake8' to check Python code syntax and style conventions
[3.000s] -- Added test 'lint_cmake' to check CMake code style
[3.003s] -- Added test 'pep257' to check Python code against some of the style conventions in PEP 257
[3.012s] -- Added test 'xmllint' to check XML markup files
[3.018s] -- Configuring done
[3.023s] -- Generating done
[3.026s] -- Build files have been written to: /opt/workspace/build/qt_gui
[3.296s] [36mInstall the project...[0m
[3.314s] -- Install configuration: ""
[3.315s] -- Installing: /opt/workspace/install/qt_gui/share/qt_gui/environment/pythonpath.sh
[3.316s] -- Installing: /opt/workspace/install/qt_gui/share/qt_gui/environment/pythonpath.dsv
[3.317s] -- Installing: /opt/workspace/install/qt_gui/lib/python3.6/site-packages/qt_gui
[3.317s] -- Installing: /opt/workspace/install/qt_gui/lib/python3.6/site-packages/qt_gui/composite_plugin_provider.py
[3.318s] -- Installing: /opt/workspace/install/qt_gui/lib/python3.6/site-packages/qt_gui/about_handler.py
[3.318s] -- Installing: /opt/workspace/install/qt_gui/lib/python3.6/site-packages/qt_gui/plugin_handler_direct.py
[3.319s] -- Installing: /opt/workspace/install/qt_gui/lib/python3.6/site-packages/qt_gui/plugin_menu.py
[3.320s] -- Installing: /opt/workspace/install/qt_gui/lib/python3.6/site-packages/qt_gui/settings_proxy.py
[3.320s] -- Installing: /opt/workspace/install/qt_gui/lib/python3.6/site-packages/qt_gui/__init__.py
[3.321s] -- Installing: /opt/workspace/install/qt_gui/lib/python3.6/site-packages/qt_gui/recursive_plugin_provider.py
[3.321s] -- Installing: /opt/workspace/install/qt_gui/lib/python3.6/site-packages/qt_gui/minimized_dock_widgets_toolbar.py
[3.322s] -- Installing: /opt/workspace/install/qt_gui/lib/python3.6/site-packages/qt_gui/plugin_handler_container.py
[3.322s] -- Installing: /opt/workspace/install/qt_gui/lib/python3.6/site-packages/qt_gui/perspective_manager_dbus_interface.py
[3.323s] -- Installing: /opt/workspace/install/qt_gui/lib/python3.6/site-packages/qt_gui/settings_proxy_dbus_service.py
[3.323s] -- Installing: /opt/workspace/install/qt_gui/lib/python3.6/site-packages/qt_gui/dock_widget_container.py
[3.324s] -- Installing: /opt/workspace/install/qt_gui/lib/python3.6/site-packages/qt_gui/main_window.py
[3.324s] -- Installing: /opt/workspace/install/qt_gui/lib/python3.6/site-packages/qt_gui/menu_manager.py
[3.325s] -- Installing: /opt/workspace/install/qt_gui/lib/python3.6/site-packages/qt_gui/reload_importer.py
[3.326s] -- Installing: /opt/workspace/install/qt_gui/lib/python3.6/site-packages/qt_gui/ros_package_helper.py
[3.326s] -- Installing: /opt/workspace/install/qt_gui/lib/python3.6/site-packages/qt_gui/dockable_main_window.py
[3.327s] -- Installing: /opt/workspace/install/qt_gui/lib/python3.6/site-packages/qt_gui/application_dbus_interface.py
[3.327s] -- Installing: /opt/workspace/install/qt_gui/lib/python3.6/site-packages/qt_gui/dock_widget.py
[3.328s] -- Installing: /opt/workspace/install/qt_gui/lib/python3.6/site-packages/qt_gui/icon_loader.py
[3.328s] -- Installing: /opt/workspace/install/qt_gui/lib/python3.6/site-packages/qt_gui/window_changed_signaler.py
[3.329s] -- Installing: /opt/workspace/install/qt_gui/lib/python3.6/site-packages/qt_gui/plugin_context.py
[3.330s] -- Installing: /opt/workspace/install/qt_gui/lib/python3.6/site-packages/qt_gui/container_manager.py
[3.330s] -- Installing: /opt/workspace/install/qt_gui/lib/python3.6/site-packages/qt_gui/reparent_event.py
[3.331s] -- Installing: /opt/workspace/install/qt_gui/lib/python3.6/site-packages/qt_gui/perspective_manager.py
[3.331s] -- Installing: /opt/workspace/install/qt_gui/lib/python3.6/site-packages/qt_gui/plugin_handler_xembed_container.py
[3.332s] -- Installing: /opt/workspace/install/qt_gui/lib/python3.6/site-packages/qt_gui/help_provider.py
[3.332s] -- Installing: /opt/workspace/install/qt_gui/lib/python3.6/site-packages/qt_gui/dock_widget_title_bar.py
[3.333s] -- Installing: /opt/workspace/install/qt_gui/lib/python3.6/site-packages/qt_gui/plugin_provider.py
[3.334s] -- Installing: /opt/workspace/install/qt_gui/lib/python3.6/site-packages/qt_gui/errors.py
[3.334s] -- Installing: /opt/workspace/install/qt_gui/lib/python3.6/site-packages/qt_gui/plugin_handler_xembed.py
[3.335s] -- Installing: /opt/workspace/install/qt_gui/lib/python3.6/site-packages/qt_gui/plugin_manager_dbus_interface.py
[3.335s] -- Installing: /opt/workspace/install/qt_gui/lib/python3.6/site-packages/qt_gui/main.py
[3.336s] -- Installing: /opt/workspace/install/qt_gui/lib/python3.6/site-packages/qt_gui/plugin_handler_dbus_service.py
[3.337s] -- Installing: /opt/workspace/install/qt_gui/lib/python3.6/site-packages/qt_gui/application_context.py
[3.337s] -- Installing: /opt/workspace/install/qt_gui/lib/python3.6/site-packages/qt_gui/plugin_instance_id.py
[3.338s] -- Installing: /opt/workspace/install/qt_gui/lib/python3.6/site-packages/qt_gui/plugin.py
[3.338s] -- Installing: /opt/workspace/install/qt_gui/lib/python3.6/site-packages/qt_gui/plugin_handler_xembed_client.py
[3.339s] -- Installing: /opt/workspace/install/qt_gui/lib/python3.6/site-packages/qt_gui/plugin_handler.py
[3.339s] -- Installing: /opt/workspace/install/qt_gui/lib/python3.6/site-packages/qt_gui/plugin_manager.py
[3.340s] -- Installing: /opt/workspace/install/qt_gui/lib/python3.6/site-packages/qt_gui/settings.py
[3.340s] -- Installing: /opt/workspace/install/qt_gui/lib/python3.6/site-packages/qt_gui/plugin_descriptor.py
[3.511s] Listing '/opt/workspace/install/qt_gui/lib/python3.6/site-packages/qt_gui'...
[3.512s] Compiling '/opt/workspace/install/qt_gui/lib/python3.6/site-packages/qt_gui/__init__.py'...
[3.512s] Compiling '/opt/workspace/install/qt_gui/lib/python3.6/site-packages/qt_gui/about_handler.py'...
[3.512s] Compiling '/opt/workspace/install/qt_gui/lib/python3.6/site-packages/qt_gui/application_context.py'...
[3.512s] Compiling '/opt/workspace/install/qt_gui/lib/python3.6/site-packages/qt_gui/application_dbus_interface.py'...
[3.513s] Compiling '/opt/workspace/install/qt_gui/lib/python3.6/site-packages/qt_gui/composite_plugin_provider.py'...
[3.513s] Compiling '/opt/workspace/install/qt_gui/lib/python3.6/site-packages/qt_gui/container_manager.py'...
[3.513s] Compiling '/opt/workspace/install/qt_gui/lib/python3.6/site-packages/qt_gui/dock_widget.py'...
[3.513s] Compiling '/opt/workspace/install/qt_gui/lib/python3.6/site-packages/qt_gui/dock_widget_container.py'...
[3.514s] Compiling '/opt/workspace/install/qt_gui/lib/python3.6/site-packages/qt_gui/dock_widget_title_bar.py'...
[3.514s] Compiling '/opt/workspace/install/qt_gui/lib/python3.6/site-packages/qt_gui/dockable_main_window.py'...
[3.514s] Compiling '/opt/workspace/install/qt_gui/lib/python3.6/site-packages/qt_gui/errors.py'...
[3.514s] Compiling '/opt/workspace/install/qt_gui/lib/python3.6/site-packages/qt_gui/help_provider.py'...
[3.514s] Compiling '/opt/workspace/install/qt_gui/lib/python3.6/site-packages/qt_gui/icon_loader.py'...
[3.515s] Compiling '/opt/workspace/install/qt_gui/lib/python3.6/site-packages/qt_gui/main.py'...
[3.515s] Compiling '/opt/workspace/install/qt_gui/lib/python3.6/site-packages/qt_gui/main_window.py'...
[3.516s] Compiling '/opt/workspace/install/qt_gui/lib/python3.6/site-packages/qt_gui/menu_manager.py'...
[3.516s] Compiling '/opt/workspace/install/qt_gui/lib/python3.6/site-packages/qt_gui/minimized_dock_widgets_toolbar.py'...
[3.516s] Compiling '/opt/workspace/install/qt_gui/lib/python3.6/site-packages/qt_gui/perspective_manager.py'...
[3.516s] Compiling '/opt/workspace/install/qt_gui/lib/python3.6/site-packages/qt_gui/perspective_manager_dbus_interface.py'...
[3.516s] Compiling '/opt/workspace/install/qt_gui/lib/python3.6/site-packages/qt_gui/plugin.py'...
[3.517s] Compiling '/opt/workspace/install/qt_gui/lib/python3.6/site-packages/qt_gui/plugin_context.py'...
[3.517s] Compiling '/opt/workspace/install/qt_gui/lib/python3.6/site-packages/qt_gui/plugin_descriptor.py'...
[3.517s] Compiling '/opt/workspace/install/qt_gui/lib/python3.6/site-packages/qt_gui/plugin_handler.py'...
[3.517s] Compiling '/opt/workspace/install/qt_gui/lib/python3.6/site-packages/qt_gui/plugin_handler_container.py'...
[3.517s] Compiling '/opt/workspace/install/qt_gui/lib/python3.6/site-packages/qt_gui/plugin_handler_dbus_service.py'...
[3.518s] Compiling '/opt/workspace/install/qt_gui/lib/python3.6/site-packages/qt_gui/plugin_handler_direct.py'...
[3.518s] Compiling '/opt/workspace/install/qt_gui/lib/python3.6/site-packages/qt_gui/plugin_handler_xembed.py'...
[3.518s] Compiling '/opt/workspace/install/qt_gui/lib/python3.6/site-packages/qt_gui/plugin_handler_xembed_client.py'...
[3.518s] Compiling '/opt/workspace/install/qt_gui/lib/python3.6/site-packages/qt_gui/plugin_handler_xembed_container.py'...
[3.518s] Compiling '/opt/workspace/install/qt_gui/lib/python3.6/site-packages/qt_gui/plugin_instance_id.py'...
[3.519s] Compiling '/opt/workspace/install/qt_gui/lib/python3.6/site-packages/qt_gui/plugin_manager.py'...
[3.519s] Compiling '/opt/workspace/install/qt_gui/lib/python3.6/site-packages/qt_gui/plugin_manager_dbus_interface.py'...
[3.519s] Compiling '/opt/workspace/install/qt_gui/lib/python3.6/site-packages/qt_gui/plugin_menu.py'...
[3.520s] Compiling '/opt/workspace/install/qt_gui/lib/python3.6/site-packages/qt_gui/plugin_provider.py'...
[3.520s] Compiling '/opt/workspace/install/qt_gui/lib/python3.6/site-packages/qt_gui/recursive_plugin_provider.py'...
[3.520s] Compiling '/opt/workspace/install/qt_gui/lib/python3.6/site-packages/qt_gui/reload_importer.py'...
[3.520s] Compiling '/opt/workspace/install/qt_gui/lib/python3.6/site-packages/qt_gui/reparent_event.py'...
[3.520s] Compiling '/opt/workspace/install/qt_gui/lib/python3.6/site-packages/qt_gui/ros_package_helper.py'...
[3.520s] Compiling '/opt/workspace/install/qt_gui/lib/python3.6/site-packages/qt_gui/settings.py'...
[3.521s] Compiling '/opt/workspace/install/qt_gui/lib/python3.6/site-packages/qt_gui/settings_proxy.py'...
[3.521s] Compiling '/opt/workspace/install/qt_gui/lib/python3.6/site-packages/qt_gui/settings_proxy_dbus_service.py'...
[3.521s] Compiling '/opt/workspace/install/qt_gui/lib/python3.6/site-packages/qt_gui/window_changed_signaler.py'...
[3.531s] -- Installing: /opt/workspace/install/qt_gui/share/qt_gui/resource
[3.531s] -- Installing: /opt/workspace/install/qt_gui/share/qt_gui/resource/ros_org_vertical.png
[3.532s] -- Installing: /opt/workspace/install/qt_gui/share/qt_gui/resource/dock_widget_title_bar.ui
[3.532s] -- Installing: /opt/workspace/install/qt_gui/share/qt_gui/resource/perspective_create.ui
[3.533s] -- Installing: /opt/workspace/install/qt_gui/share/ament_index/resource_index/package_run_dependencies/qt_gui
[3.534s] -- Installing: /opt/workspace/install/qt_gui/share/ament_index/resource_index/parent_prefix_path/qt_gui
[3.534s] -- Installing: /opt/workspace/install/qt_gui/share/qt_gui/environment/ament_prefix_path.sh
[3.535s] -- Installing: /opt/workspace/install/qt_gui/share/qt_gui/environment/ament_prefix_path.dsv
[3.536s] -- Installing: /opt/workspace/install/qt_gui/share/qt_gui/environment/path.sh
[3.536s] -- Installing: /opt/workspace/install/qt_gui/share/qt_gui/environment/path.dsv
[3.537s] -- Installing: /opt/workspace/install/qt_gui/share/qt_gui/local_setup.bash
[3.537s] -- Installing: /opt/workspace/install/qt_gui/share/qt_gui/local_setup.sh
[3.538s] -- Installing: /opt/workspace/install/qt_gui/share/qt_gui/local_setup.zsh
[3.539s] -- Installing: /opt/workspace/install/qt_gui/share/qt_gui/local_setup.dsv
[3.539s] -- Installing: /opt/workspace/install/qt_gui/share/qt_gui/package.dsv
[3.540s] -- Installing: /opt/workspace/install/qt_gui/share/ament_index/resource_index/packages/qt_gui
[3.540s] -- Installing: /opt/workspace/install/qt_gui/share/qt_gui/cmake/qt_guiConfig.cmake
[3.544s] -- Installing: /opt/workspace/install/qt_gui/share/qt_gui/cmake/qt_guiConfig-version.cmake
[3.544s] -- Installing: /opt/workspace/install/qt_gui/share/qt_gui/package.xml
