[1.681s] Invoking command in '/opt/workspace/src/ament/ament_lint/ament_pyflakes': AMENT_PREFIX_PATH=/opt/workspace/install/ament_pep8:${AMENT_PREFIX_PATH} PATH=/opt/workspace/install/ament_pep8/bin:${PATH} PYTHONPATH=/opt/workspace/install/ament_pyflakes/lib/python3.6/site-packages:/opt/workspace/install/ament_pep8/lib/python3.6/site-packages:${PYTHONPATH} /usr/bin/python3 setup.py egg_info --egg-base /opt/workspace/build/ament_pyflakes build --build-base /opt/workspace/build/ament_pyflakes/build install --prefix /opt/workspace/install/ament_pyflakes --record /opt/workspace/build/ament_pyflakes/install.log --single-version-externally-managed
[2.075s] running egg_info
[2.076s] writing /opt/workspace/build/ament_pyflakes/ament_pyflakes.egg-info/PKG-INFO
[2.077s] writing dependency_links to /opt/workspace/build/ament_pyflakes/ament_pyflakes.egg-info/dependency_links.txt
[2.077s] writing entry points to /opt/workspace/build/ament_pyflakes/ament_pyflakes.egg-info/entry_points.txt
[2.078s] writing requirements to /opt/workspace/build/ament_pyflakes/ament_pyflakes.egg-info/requires.txt
[2.078s] writing top-level names to /opt/workspace/build/ament_pyflakes/ament_pyflakes.egg-info/top_level.txt
[2.140s] reading manifest file '/opt/workspace/build/ament_pyflakes/ament_pyflakes.egg-info/SOURCES.txt'
[2.142s] writing manifest file '/opt/workspace/build/ament_pyflakes/ament_pyflakes.egg-info/SOURCES.txt'
[2.142s] running build
[2.143s] running build_py
[2.143s] running install
[2.144s] running install_lib
[2.145s] running install_data
[2.146s] running install_egg_info
[2.149s] removing '/opt/workspace/install/ament_pyflakes/lib/python3.6/site-packages/ament_pyflakes-0.8.1-py3.6.egg-info' (and everything under it)
[2.149s] Copying /opt/workspace/build/ament_pyflakes/ament_pyflakes.egg-info to /opt/workspace/install/ament_pyflakes/lib/python3.6/site-packages/ament_pyflakes-0.8.1-py3.6.egg-info
[2.150s] running install_scripts
[2.176s] Installing ament_pyflakes script to /opt/workspace/install/ament_pyflakes/bin
[2.176s] writing list of installed files to '/opt/workspace/build/ament_pyflakes/install.log'
[2.289s] Invoked command in '/opt/workspace/src/ament/ament_lint/ament_pyflakes' returned '0': AMENT_PREFIX_PATH=/opt/workspace/install/ament_pep8:${AMENT_PREFIX_PATH} PATH=/opt/workspace/install/ament_pep8/bin:${PATH} PYTHONPATH=/opt/workspace/install/ament_pyflakes/lib/python3.6/site-packages:/opt/workspace/install/ament_pep8/lib/python3.6/site-packages:${PYTHONPATH} /usr/bin/python3 setup.py egg_info --egg-base /opt/workspace/build/ament_pyflakes build --build-base /opt/workspace/build/ament_pyflakes/build install --prefix /opt/workspace/install/ament_pyflakes --record /opt/workspace/build/ament_pyflakes/install.log --single-version-externally-managed
