[2.735s] running egg_info
[2.736s] creating /opt/workspace/build/rqt_reconfigure/rqt_reconfigure.egg-info
[2.736s] writing /opt/workspace/build/rqt_reconfigure/rqt_reconfigure.egg-info/PKG-INFO
[2.737s] writing dependency_links to /opt/workspace/build/rqt_reconfigure/rqt_reconfigure.egg-info/dependency_links.txt
[2.737s] writing requirements to /opt/workspace/build/rqt_reconfigure/rqt_reconfigure.egg-info/requires.txt
[2.737s] writing top-level names to /opt/workspace/build/rqt_reconfigure/rqt_reconfigure.egg-info/top_level.txt
[2.746s] writing manifest file '/opt/workspace/build/rqt_reconfigure/rqt_reconfigure.egg-info/SOURCES.txt'
[2.827s] reading manifest file '/opt/workspace/build/rqt_reconfigure/rqt_reconfigure.egg-info/SOURCES.txt'
[2.830s] writing manifest file '/opt/workspace/build/rqt_reconfigure/rqt_reconfigure.egg-info/SOURCES.txt'
[2.831s] running build
[2.831s] running build_py
[2.831s] creating /opt/workspace/build/rqt_reconfigure/build
[2.831s] creating /opt/workspace/build/rqt_reconfigure/build/lib
[2.831s] creating /opt/workspace/build/rqt_reconfigure/build/lib/rqt_reconfigure
[2.832s] copying src/rqt_reconfigure/param_plugin.py -> /opt/workspace/build/rqt_reconfigure/build/lib/rqt_reconfigure
[2.832s] copying src/rqt_reconfigure/param_api.py -> /opt/workspace/build/rqt_reconfigure/build/lib/rqt_reconfigure
[2.832s] copying src/rqt_reconfigure/__init__.py -> /opt/workspace/build/rqt_reconfigure/build/lib/rqt_reconfigure
[2.832s] copying src/rqt_reconfigure/treenode_status.py -> /opt/workspace/build/rqt_reconfigure/build/lib/rqt_reconfigure
[2.833s] copying src/rqt_reconfigure/logging.py -> /opt/workspace/build/rqt_reconfigure/build/lib/rqt_reconfigure
[2.833s] copying src/rqt_reconfigure/paramedit_widget.py -> /opt/workspace/build/rqt_reconfigure/build/lib/rqt_reconfigure
[2.833s] copying src/rqt_reconfigure/node_selector_widget.py -> /opt/workspace/build/rqt_reconfigure/build/lib/rqt_reconfigure
[2.833s] copying src/rqt_reconfigure/param_editors.py -> /opt/workspace/build/rqt_reconfigure/build/lib/rqt_reconfigure
[2.834s] copying src/rqt_reconfigure/param_widget.py -> /opt/workspace/build/rqt_reconfigure/build/lib/rqt_reconfigure
[2.834s] copying src/rqt_reconfigure/treenode_item_model.py -> /opt/workspace/build/rqt_reconfigure/build/lib/rqt_reconfigure
[2.834s] copying src/rqt_reconfigure/filter_children_model.py -> /opt/workspace/build/rqt_reconfigure/build/lib/rqt_reconfigure
[2.835s] copying src/rqt_reconfigure/treenode_qstditem.py -> /opt/workspace/build/rqt_reconfigure/build/lib/rqt_reconfigure
[2.835s] copying src/rqt_reconfigure/param_client_widget.py -> /opt/workspace/build/rqt_reconfigure/build/lib/rqt_reconfigure
[2.835s] copying src/rqt_reconfigure/text_filter_widget.py -> /opt/workspace/build/rqt_reconfigure/build/lib/rqt_reconfigure
[2.835s] copying src/rqt_reconfigure/text_filter.py -> /opt/workspace/build/rqt_reconfigure/build/lib/rqt_reconfigure
[2.836s] running install
[2.837s] running install_lib
[2.838s] creating /opt/workspace/install/rqt_reconfigure/lib/python3.6/site-packages/rqt_reconfigure
[2.839s] copying /opt/workspace/build/rqt_reconfigure/build/lib/rqt_reconfigure/param_plugin.py -> /opt/workspace/install/rqt_reconfigure/lib/python3.6/site-packages/rqt_reconfigure
[2.839s] copying /opt/workspace/build/rqt_reconfigure/build/lib/rqt_reconfigure/param_api.py -> /opt/workspace/install/rqt_reconfigure/lib/python3.6/site-packages/rqt_reconfigure
[2.839s] copying /opt/workspace/build/rqt_reconfigure/build/lib/rqt_reconfigure/__init__.py -> /opt/workspace/install/rqt_reconfigure/lib/python3.6/site-packages/rqt_reconfigure
[2.839s] copying /opt/workspace/build/rqt_reconfigure/build/lib/rqt_reconfigure/treenode_status.py -> /opt/workspace/install/rqt_reconfigure/lib/python3.6/site-packages/rqt_reconfigure
[2.840s] copying /opt/workspace/build/rqt_reconfigure/build/lib/rqt_reconfigure/logging.py -> /opt/workspace/install/rqt_reconfigure/lib/python3.6/site-packages/rqt_reconfigure
[2.840s] copying /opt/workspace/build/rqt_reconfigure/build/lib/rqt_reconfigure/paramedit_widget.py -> /opt/workspace/install/rqt_reconfigure/lib/python3.6/site-packages/rqt_reconfigure
[2.840s] copying /opt/workspace/build/rqt_reconfigure/build/lib/rqt_reconfigure/node_selector_widget.py -> /opt/workspace/install/rqt_reconfigure/lib/python3.6/site-packages/rqt_reconfigure
[2.841s] copying /opt/workspace/build/rqt_reconfigure/build/lib/rqt_reconfigure/param_editors.py -> /opt/workspace/install/rqt_reconfigure/lib/python3.6/site-packages/rqt_reconfigure
[2.841s] copying /opt/workspace/build/rqt_reconfigure/build/lib/rqt_reconfigure/param_widget.py -> /opt/workspace/install/rqt_reconfigure/lib/python3.6/site-packages/rqt_reconfigure
[2.841s] copying /opt/workspace/build/rqt_reconfigure/build/lib/rqt_reconfigure/treenode_item_model.py -> /opt/workspace/install/rqt_reconfigure/lib/python3.6/site-packages/rqt_reconfigure
[2.841s] copying /opt/workspace/build/rqt_reconfigure/build/lib/rqt_reconfigure/filter_children_model.py -> /opt/workspace/install/rqt_reconfigure/lib/python3.6/site-packages/rqt_reconfigure
[2.841s] copying /opt/workspace/build/rqt_reconfigure/build/lib/rqt_reconfigure/treenode_qstditem.py -> /opt/workspace/install/rqt_reconfigure/lib/python3.6/site-packages/rqt_reconfigure
[2.842s] copying /opt/workspace/build/rqt_reconfigure/build/lib/rqt_reconfigure/param_client_widget.py -> /opt/workspace/install/rqt_reconfigure/lib/python3.6/site-packages/rqt_reconfigure
[2.842s] copying /opt/workspace/build/rqt_reconfigure/build/lib/rqt_reconfigure/text_filter_widget.py -> /opt/workspace/install/rqt_reconfigure/lib/python3.6/site-packages/rqt_reconfigure
[2.842s] copying /opt/workspace/build/rqt_reconfigure/build/lib/rqt_reconfigure/text_filter.py -> /opt/workspace/install/rqt_reconfigure/lib/python3.6/site-packages/rqt_reconfigure
[2.843s] byte-compiling /opt/workspace/install/rqt_reconfigure/lib/python3.6/site-packages/rqt_reconfigure/param_plugin.py to param_plugin.cpython-36.pyc
[2.844s] byte-compiling /opt/workspace/install/rqt_reconfigure/lib/python3.6/site-packages/rqt_reconfigure/param_api.py to param_api.cpython-36.pyc
[2.845s] byte-compiling /opt/workspace/install/rqt_reconfigure/lib/python3.6/site-packages/rqt_reconfigure/__init__.py to __init__.cpython-36.pyc
[2.845s] byte-compiling /opt/workspace/install/rqt_reconfigure/lib/python3.6/site-packages/rqt_reconfigure/treenode_status.py to treenode_status.cpython-36.pyc
[2.846s] byte-compiling /opt/workspace/install/rqt_reconfigure/lib/python3.6/site-packages/rqt_reconfigure/logging.py to logging.cpython-36.pyc
[2.846s] byte-compiling /opt/workspace/install/rqt_reconfigure/lib/python3.6/site-packages/rqt_reconfigure/paramedit_widget.py to paramedit_widget.cpython-36.pyc
[2.848s] byte-compiling /opt/workspace/install/rqt_reconfigure/lib/python3.6/site-packages/rqt_reconfigure/node_selector_widget.py to node_selector_widget.cpython-36.pyc
[2.854s] byte-compiling /opt/workspace/install/rqt_reconfigure/lib/python3.6/site-packages/rqt_reconfigure/param_editors.py to param_editors.cpython-36.pyc
[2.856s] byte-compiling /opt/workspace/install/rqt_reconfigure/lib/python3.6/site-packages/rqt_reconfigure/param_widget.py to param_widget.cpython-36.pyc
[2.857s] byte-compiling /opt/workspace/install/rqt_reconfigure/lib/python3.6/site-packages/rqt_reconfigure/treenode_item_model.py to treenode_item_model.cpython-36.pyc
[2.857s] byte-compiling /opt/workspace/install/rqt_reconfigure/lib/python3.6/site-packages/rqt_reconfigure/filter_children_model.py to filter_children_model.cpython-36.pyc
[2.859s] byte-compiling /opt/workspace/install/rqt_reconfigure/lib/python3.6/site-packages/rqt_reconfigure/treenode_qstditem.py to treenode_qstditem.cpython-36.pyc
[2.860s] byte-compiling /opt/workspace/install/rqt_reconfigure/lib/python3.6/site-packages/rqt_reconfigure/param_client_widget.py to param_client_widget.cpython-36.pyc
[2.862s] byte-compiling /opt/workspace/install/rqt_reconfigure/lib/python3.6/site-packages/rqt_reconfigure/text_filter_widget.py to text_filter_widget.cpython-36.pyc
[2.862s] byte-compiling /opt/workspace/install/rqt_reconfigure/lib/python3.6/site-packages/rqt_reconfigure/text_filter.py to text_filter.cpython-36.pyc
[2.863s] running install_data
[2.864s] creating /opt/workspace/install/rqt_reconfigure/lib/rqt_reconfigure
[2.864s] copying scripts/rqt_reconfigure -> /opt/workspace/install/rqt_reconfigure/lib/rqt_reconfigure
[2.864s] creating /opt/workspace/install/rqt_reconfigure/share/rqt_reconfigure/resource
[2.865s] copying resource/editor_bool.ui -> /opt/workspace/install/rqt_reconfigure/share/rqt_reconfigure/resource
[2.865s] copying resource/editor_enum.ui -> /opt/workspace/install/rqt_reconfigure/share/rqt_reconfigure/resource
[2.865s] copying resource/editor_number.ui -> /opt/workspace/install/rqt_reconfigure/share/rqt_reconfigure/resource
[2.865s] copying resource/editor_string.ui -> /opt/workspace/install/rqt_reconfigure/share/rqt_reconfigure/resource
[2.866s] copying resource/node_selector.ui -> /opt/workspace/install/rqt_reconfigure/share/rqt_reconfigure/resource
[2.866s] copying resource/paramedit_pane.ui -> /opt/workspace/install/rqt_reconfigure/share/rqt_reconfigure/resource
[2.866s] copying resource/param_main.ui -> /opt/workspace/install/rqt_reconfigure/share/rqt_reconfigure/resource
[2.867s] copying resource/param_timeline.ui -> /opt/workspace/install/rqt_reconfigure/share/rqt_reconfigure/resource
[2.867s] copying resource/singlenode_parameditor.ui -> /opt/workspace/install/rqt_reconfigure/share/rqt_reconfigure/resource
[2.867s] copying resource/text_filter_widget.ui -> /opt/workspace/install/rqt_reconfigure/share/rqt_reconfigure/resource
[2.867s] copying package.xml -> /opt/workspace/install/rqt_reconfigure/share/rqt_reconfigure
[2.868s] copying plugin.xml -> /opt/workspace/install/rqt_reconfigure/share/rqt_reconfigure
[2.868s] creating /opt/workspace/install/rqt_reconfigure/share/ament_index
[2.869s] creating /opt/workspace/install/rqt_reconfigure/share/ament_index/resource_index
[2.869s] creating /opt/workspace/install/rqt_reconfigure/share/ament_index/resource_index/packages
[2.869s] copying resource/rqt_reconfigure -> /opt/workspace/install/rqt_reconfigure/share/ament_index/resource_index/packages
[2.869s] running install_egg_info
[2.874s] Copying /opt/workspace/build/rqt_reconfigure/rqt_reconfigure.egg-info to /opt/workspace/install/rqt_reconfigure/lib/python3.6/site-packages/rqt_reconfigure-1.0.4-py3.6.egg-info
[2.875s] running install_scripts
[2.913s] writing list of installed files to '/opt/workspace/build/rqt_reconfigure/install.log'
