[0.589s] -- The C compiler identification is GNU 7.4.0
[0.744s] -- The CXX compiler identification is GNU 7.4.0
[0.765s] -- Check for working C compiler: /usr/bin/cc
[0.959s] -- Check for working C compiler: /usr/bin/cc -- works
[0.961s] -- Detecting C compiler ABI info
[1.227s] -- Detecting C compiler ABI info - done
[1.242s] -- Detecting C compile features
[1.909s] -- Detecting C compile features - done
[1.916s] -- Check for working CXX compiler: /usr/bin/c++
[2.100s] -- Check for working CXX compiler: /usr/bin/c++ -- works
[2.101s] -- Detecting CXX compiler ABI info
[2.294s] -- Detecting CXX compiler ABI info - done
[2.308s] -- Detecting CXX compile features
[3.172s] -- Detecting CXX compile features - done
[3.187s] -- Found ament_cmake: 0.8.2 (/opt/workspace/install/ament_cmake/share/ament_cmake/cmake)
[3.305s] -- Found PythonInterp: /usr/bin/python3 (found suitable version "3.6.9", minimum required is "3") 
[3.305s] -- Using PYTHON_EXECUTABLE: /usr/bin/python3
[3.954s] -- Found example_interfaces: 0.7.1 (/opt/workspace/install/example_interfaces/share/example_interfaces/cmake)
[4.054s] -- Found rosidl_adapter: 0.8.2 (/opt/workspace/install/rosidl_adapter/share/rosidl_adapter/cmake)
[4.155s] -- Found rclcpp: 0.8.4 (/opt/workspace/install/rclcpp/share/rclcpp/cmake)
[4.211s] -- Found rmw_implementation_cmake: 0.8.1 (/opt/workspace/install/rmw_implementation_cmake/share/rmw_implementation_cmake/cmake)
[4.230s] -- Using RMW implementation 'rmw_fastrtps_cpp' as default
[4.233s] -- Looking for pthread.h
[4.409s] -- Looking for pthread.h - found
[4.411s] -- Looking for pthread_create
[4.603s] -- Looking for pthread_create - not found
[4.604s] -- Looking for pthread_create in pthreads
[4.756s] -- Looking for pthread_create in pthreads - not found
[4.757s] -- Looking for pthread_create in pthread
[4.944s] -- Looking for pthread_create in pthread - found
[4.947s] -- Found Threads: TRUE  
[5.077s] -- Found rclcpp_components: 0.8.4 (/opt/workspace/install/rclcpp_components/share/rclcpp_components/cmake)
[5.112s] -- Found poco_vendor:  (/opt/workspace/install/poco_vendor/share/poco_vendor/cmake)
[5.201s] -- Found std_msgs: 0.8.1 (/opt/workspace/install/std_msgs/share/std_msgs/cmake)
[6.369s] -- Found ament_lint_auto: 0.8.1 (/opt/workspace/install/ament_lint_auto/share/ament_lint_auto/cmake)
[6.814s] -- Found python_cmake_module: 0.8.0 (/opt/workspace/install/python_cmake_module/share/python_cmake_module/cmake)
[6.908s] -- Found PythonInterp: /usr/bin/python3 (found suitable version "3.6.9", minimum required is "3.5") 
[6.932s] -- Found PythonLibs: /usr/lib/x86_64-linux-gnu/libpython3.6m.so (found suitable version "3.6.9", minimum required is "3.5") 
[6.932s] -- Using PYTHON_EXECUTABLE: /usr/bin/python3
[6.933s] -- Using PYTHON_INCLUDE_DIRS: /usr/include/python3.6m
[6.933s] -- Using PYTHON_LIBRARIES: /usr/lib/x86_64-linux-gnu/libpython3.6m.so
[7.028s] -- Found PythonExtra: .so  
[7.327s] -- Found OpenSSL: /usr/lib/x86_64-linux-gnu/libcrypto.so (found version "1.1.1") 
[7.399s] -- Found FastRTPS: /opt/workspace/install/fastrtps/include  
[7.922s] -- Added test 'copyright' to check for copyright in CMake / C / C++ / Python code
[7.927s] -- Added test 'cppcheck' to perform static code analysis on C / C++ code
[7.934s] -- Configured cppcheck include dirs: /opt/workspace/src/ros2/demos/composition/include
[7.939s] -- Added test 'cpplint' to check C / C++ code against the Google style
[7.942s] -- Added test 'flake8' to check Python code syntax and style conventions
[7.943s] -- Added test 'lint_cmake' to check CMake code style
[7.946s] -- Added test 'pep257' to check Python code against some of the style conventions in PEP 257
[7.951s] -- Added test 'uncrustify' to check C / C++ code style
[7.954s] -- Added test 'xmllint' to check XML markup files
[7.963s] -- Configuring done
[8.216s] -- Generating done
[8.222s] -- Build files have been written to: /opt/workspace/build/composition
[8.384s] [35m[1mScanning dependencies of target listener_component[0m
[8.486s] [  6%] [32mBuilding CXX object CMakeFiles/listener_component.dir/src/listener_component.cpp.o[0m
[14.384s] [ 12%] [32m[1mLinking CXX shared library liblistener_component.so[0m
[15.000s] [ 12%] Built target listener_component
[15.029s] [35m[1mScanning dependencies of target dlopen_composition[0m
[15.120s] [ 18%] [32mBuilding CXX object CMakeFiles/dlopen_composition.dir/src/dlopen_composition.cpp.o[0m
[18.525s] [ 25%] [32m[1mLinking CXX executable dlopen_composition[0m
[19.023s] [ 25%] Built target dlopen_composition
[19.059s] [35m[1mScanning dependencies of target talker_component[0m
[19.172s] [ 31%] [32mBuilding CXX object CMakeFiles/talker_component.dir/src/talker_component.cpp.o[0m
[24.424s] [ 37%] [32m[1mLinking CXX shared library libtalker_component.so[0m
[24.998s] [ 37%] Built target talker_component
[25.027s] [35m[1mScanning dependencies of target server_component[0m
[25.120s] [ 43%] [32mBuilding CXX object CMakeFiles/server_component.dir/src/server_component.cpp.o[0m
[28.655s] [ 50%] [32m[1mLinking CXX shared library libserver_component.so[0m
[29.119s] [ 50%] Built target server_component
[29.154s] [35m[1mScanning dependencies of target client_component[0m
[29.253s] [ 56%] [32mBuilding CXX object CMakeFiles/client_component.dir/src/client_component.cpp.o[0m
[33.999s] [ 62%] [32m[1mLinking CXX shared library libclient_component.so[0m
[34.497s] [ 62%] Built target client_component
[34.532s] [35m[1mScanning dependencies of target node_like_listener_component[0m
[34.631s] [ 68%] [32mBuilding CXX object CMakeFiles/node_like_listener_component.dir/src/node_like_listener_component.cpp.o[0m
[40.525s] [ 75%] [32m[1mLinking CXX shared library libnode_like_listener_component.so[0m
[41.175s] [ 75%] Built target node_like_listener_component
[41.208s] [35m[1mScanning dependencies of target linktime_composition[0m
[41.319s] [ 81%] [32mBuilding CXX object CMakeFiles/linktime_composition.dir/src/linktime_composition.cpp.o[0m
[44.814s] [ 87%] [32m[1mLinking CXX executable linktime_composition[0m
[45.779s] [ 87%] Built target linktime_composition
[45.813s] [35m[1mScanning dependencies of target manual_composition[0m
[45.913s] [ 93%] [32mBuilding CXX object CMakeFiles/manual_composition.dir/src/manual_composition.cpp.o[0m
[49.033s] [100%] [32m[1mLinking CXX executable manual_composition[0m
[49.922s] [100%] Built target manual_composition
[50.300s] [ 12%] Built target listener_component
[50.393s] [ 25%] Built target dlopen_composition
[50.483s] [ 37%] Built target talker_component
[50.567s] [ 50%] Built target server_component
[50.648s] [ 62%] Built target client_component
[50.729s] [ 75%] Built target node_like_listener_component
[50.809s] [ 87%] Built target linktime_composition
[50.884s] [100%] Built target manual_composition
[50.940s] [36mInstall the project...[0m
[50.967s] -- Install configuration: ""
[50.967s] -- Installing: /opt/workspace/install/composition/share/composition/environment/library_path.sh
[50.968s] -- Installing: /opt/workspace/install/composition/share/composition/environment/library_path.dsv
[50.968s] -- Installing: /opt/workspace/install/composition/lib/libtalker_component.so
[50.971s] -- Set runtime path of "/opt/workspace/install/composition/lib/libtalker_component.so" to ""
[50.971s] -- Installing: /opt/workspace/install/composition/lib/liblistener_component.so
[50.974s] -- Set runtime path of "/opt/workspace/install/composition/lib/liblistener_component.so" to ""
[50.974s] -- Installing: /opt/workspace/install/composition/lib/libnode_like_listener_component.so
[50.977s] -- Set runtime path of "/opt/workspace/install/composition/lib/libnode_like_listener_component.so" to ""
[50.977s] -- Installing: /opt/workspace/install/composition/lib/libserver_component.so
[50.979s] -- Set runtime path of "/opt/workspace/install/composition/lib/libserver_component.so" to ""
[50.980s] -- Installing: /opt/workspace/install/composition/lib/libclient_component.so
[50.982s] -- Set runtime path of "/opt/workspace/install/composition/lib/libclient_component.so" to ""
[50.982s] -- Installing: /opt/workspace/install/composition/lib/composition/manual_composition
[50.984s] -- Set runtime path of "/opt/workspace/install/composition/lib/composition/manual_composition" to ""
[50.984s] -- Installing: /opt/workspace/install/composition/lib/composition/linktime_composition
[50.985s] -- Set runtime path of "/opt/workspace/install/composition/lib/composition/linktime_composition" to ""
[50.986s] -- Installing: /opt/workspace/install/composition/lib/composition/dlopen_composition
[50.987s] -- Set runtime path of "/opt/workspace/install/composition/lib/composition/dlopen_composition" to ""
[50.988s] -- Installing: /opt/workspace/install/composition/share/composition/launch
[50.988s] -- Installing: /opt/workspace/install/composition/share/composition/launch/composition_demo.launch.py
[50.989s] -- Installing: /opt/workspace/install/composition/share/ament_index/resource_index/package_run_dependencies/composition
[50.989s] -- Installing: /opt/workspace/install/composition/share/ament_index/resource_index/parent_prefix_path/composition
[50.990s] -- Installing: /opt/workspace/install/composition/share/composition/environment/ament_prefix_path.sh
[50.990s] -- Installing: /opt/workspace/install/composition/share/composition/environment/ament_prefix_path.dsv
[50.990s] -- Installing: /opt/workspace/install/composition/share/composition/environment/path.sh
[50.991s] -- Installing: /opt/workspace/install/composition/share/composition/environment/path.dsv
[50.991s] -- Installing: /opt/workspace/install/composition/share/composition/local_setup.bash
[50.991s] -- Installing: /opt/workspace/install/composition/share/composition/local_setup.sh
[50.992s] -- Installing: /opt/workspace/install/composition/share/composition/local_setup.zsh
[50.992s] -- Installing: /opt/workspace/install/composition/share/composition/local_setup.dsv
[50.992s] -- Installing: /opt/workspace/install/composition/share/composition/package.dsv
[50.993s] -- Installing: /opt/workspace/install/composition/share/ament_index/resource_index/packages/composition
[50.993s] -- Installing: /opt/workspace/install/composition/share/ament_index/resource_index/rclcpp_components/composition
[50.994s] -- Installing: /opt/workspace/install/composition/share/composition/cmake/compositionConfig.cmake
[50.994s] -- Installing: /opt/workspace/install/composition/share/composition/cmake/compositionConfig-version.cmake
[50.994s] -- Installing: /opt/workspace/install/composition/share/composition/package.xml
