[1.857s] Invoking command in '/opt/workspace/src/ament/ament_index/ament_index_python': AMENT_PREFIX_PATH=/opt/workspace/install/ament_pep257:/opt/workspace/install/ament_flake8:/opt/workspace/install/ament_lint:${AMENT_PREFIX_PATH} PATH=/opt/workspace/install/ament_pep257/bin:/opt/workspace/install/ament_flake8/bin:${PATH} PYTHONPATH=/opt/workspace/install/ament_index_python/lib/python3.6/site-packages:/opt/workspace/install/ament_pep257/lib/python3.6/site-packages:/opt/workspace/install/ament_flake8/lib/python3.6/site-packages:/opt/workspace/install/ament_lint/lib/python3.6/site-packages:${PYTHONPATH} /usr/bin/python3 setup.py egg_info --egg-base /opt/workspace/build/ament_index_python build --build-base /opt/workspace/build/ament_index_python/build install --prefix /opt/workspace/install/ament_index_python --record /opt/workspace/build/ament_index_python/install.log --single-version-externally-managed
[2.172s] running egg_info
[2.173s] writing /opt/workspace/build/ament_index_python/ament_index_python.egg-info/PKG-INFO
[2.173s] writing dependency_links to /opt/workspace/build/ament_index_python/ament_index_python.egg-info/dependency_links.txt
[2.173s] writing entry points to /opt/workspace/build/ament_index_python/ament_index_python.egg-info/entry_points.txt
[2.173s] writing requirements to /opt/workspace/build/ament_index_python/ament_index_python.egg-info/requires.txt
[2.174s] writing top-level names to /opt/workspace/build/ament_index_python/ament_index_python.egg-info/top_level.txt
[2.232s] reading manifest file '/opt/workspace/build/ament_index_python/ament_index_python.egg-info/SOURCES.txt'
[2.235s] writing manifest file '/opt/workspace/build/ament_index_python/ament_index_python.egg-info/SOURCES.txt'
[2.235s] running build
[2.235s] running build_py
[2.236s] running install
[2.236s] running install_lib
[2.238s] running install_data
[2.239s] running install_egg_info
[2.242s] removing '/opt/workspace/install/ament_index_python/lib/python3.6/site-packages/ament_index_python-0.7.2-py3.6.egg-info' (and everything under it)
[2.242s] Copying /opt/workspace/build/ament_index_python/ament_index_python.egg-info to /opt/workspace/install/ament_index_python/lib/python3.6/site-packages/ament_index_python-0.7.2-py3.6.egg-info
[2.243s] running install_scripts
[2.272s] Installing ament_index script to /opt/workspace/install/ament_index_python/bin
[2.273s] writing list of installed files to '/opt/workspace/build/ament_index_python/install.log'
[2.722s] Invoked command in '/opt/workspace/src/ament/ament_index/ament_index_python' returned '0': AMENT_PREFIX_PATH=/opt/workspace/install/ament_pep257:/opt/workspace/install/ament_flake8:/opt/workspace/install/ament_lint:${AMENT_PREFIX_PATH} PATH=/opt/workspace/install/ament_pep257/bin:/opt/workspace/install/ament_flake8/bin:${PATH} PYTHONPATH=/opt/workspace/install/ament_index_python/lib/python3.6/site-packages:/opt/workspace/install/ament_pep257/lib/python3.6/site-packages:/opt/workspace/install/ament_flake8/lib/python3.6/site-packages:/opt/workspace/install/ament_lint/lib/python3.6/site-packages:${PYTHONPATH} /usr/bin/python3 setup.py egg_info --egg-base /opt/workspace/build/ament_index_python build --build-base /opt/workspace/build/ament_index_python/build install --prefix /opt/workspace/install/ament_index_python --record /opt/workspace/build/ament_index_python/install.log --single-version-externally-managed
