/opt/workspace/install/launch/lib/python3.6/site-packages/launch/event_handler.py
/opt/workspace/install/launch/lib/python3.6/site-packages/launch/__init__.py
/opt/workspace/install/launch/lib/python3.6/site-packages/launch/launch_description_entity.py
/opt/workspace/install/launch/lib/python3.6/site-packages/launch/launch_context.py
/opt/workspace/install/launch/lib/python3.6/site-packages/launch/launch_introspector.py
/opt/workspace/install/launch/lib/python3.6/site-packages/launch/launch_description.py
/opt/workspace/install/launch/lib/python3.6/site-packages/launch/action.py
/opt/workspace/install/launch/lib/python3.6/site-packages/launch/some_actions_type.py
/opt/workspace/install/launch/lib/python3.6/site-packages/launch/substitution.py
/opt/workspace/install/launch/lib/python3.6/site-packages/launch/launch_service.py
/opt/workspace/install/launch/lib/python3.6/site-packages/launch/event.py
/opt/workspace/install/launch/lib/python3.6/site-packages/launch/condition.py
/opt/workspace/install/launch/lib/python3.6/site-packages/launch/launch_description_source.py
/opt/workspace/install/launch/lib/python3.6/site-packages/launch/some_substitutions_type.py
/opt/workspace/install/launch/lib/python3.6/site-packages/launch/invalid_launch_file_error.py
/opt/workspace/install/launch/lib/python3.6/site-packages/launch/substitutions/path_join_substitution.py
/opt/workspace/install/launch/lib/python3.6/site-packages/launch/substitutions/__init__.py
/opt/workspace/install/launch/lib/python3.6/site-packages/launch/substitutions/environment_variable.py
/opt/workspace/install/launch/lib/python3.6/site-packages/launch/substitutions/find_executable.py
/opt/workspace/install/launch/lib/python3.6/site-packages/launch/substitutions/substitution_failure.py
/opt/workspace/install/launch/lib/python3.6/site-packages/launch/substitutions/python_expression.py
/opt/workspace/install/launch/lib/python3.6/site-packages/launch/substitutions/this_launch_file.py
/opt/workspace/install/launch/lib/python3.6/site-packages/launch/substitutions/text_substitution.py
/opt/workspace/install/launch/lib/python3.6/site-packages/launch/substitutions/this_launch_file_dir.py
/opt/workspace/install/launch/lib/python3.6/site-packages/launch/substitutions/local_substitution.py
/opt/workspace/install/launch/lib/python3.6/site-packages/launch/substitutions/launch_configuration.py
/opt/workspace/install/launch/lib/python3.6/site-packages/launch/conditions/unless_condition.py
/opt/workspace/install/launch/lib/python3.6/site-packages/launch/conditions/__init__.py
/opt/workspace/install/launch/lib/python3.6/site-packages/launch/conditions/invalid_condition_expression_error.py
/opt/workspace/install/launch/lib/python3.6/site-packages/launch/conditions/evaluate_condition_expression_impl.py
/opt/workspace/install/launch/lib/python3.6/site-packages/launch/conditions/if_condition.py
/opt/workspace/install/launch/lib/python3.6/site-packages/launch/launch_description_sources/frontend_launch_description_source.py
/opt/workspace/install/launch/lib/python3.6/site-packages/launch/launch_description_sources/__init__.py
/opt/workspace/install/launch/lib/python3.6/site-packages/launch/launch_description_sources/any_launch_description_source.py
/opt/workspace/install/launch/lib/python3.6/site-packages/launch/launch_description_sources/any_launch_file_utilities.py
/opt/workspace/install/launch/lib/python3.6/site-packages/launch/launch_description_sources/frontend_launch_file_utilities.py
/opt/workspace/install/launch/lib/python3.6/site-packages/launch/launch_description_sources/python_launch_description_source.py
/opt/workspace/install/launch/lib/python3.6/site-packages/launch/launch_description_sources/python_launch_file_utilities.py
/opt/workspace/install/launch/lib/python3.6/site-packages/launch/events/__init__.py
/opt/workspace/install/launch/lib/python3.6/site-packages/launch/events/matchers.py
/opt/workspace/install/launch/lib/python3.6/site-packages/launch/events/timer_event.py
/opt/workspace/install/launch/lib/python3.6/site-packages/launch/events/include_launch_description.py
/opt/workspace/install/launch/lib/python3.6/site-packages/launch/events/execution_complete.py
/opt/workspace/install/launch/lib/python3.6/site-packages/launch/events/shutdown.py
/opt/workspace/install/launch/lib/python3.6/site-packages/launch/utilities/__init__.py
/opt/workspace/install/launch/lib/python3.6/site-packages/launch/utilities/class_tools_impl.py
/opt/workspace/install/launch/lib/python3.6/site-packages/launch/utilities/create_future_impl.py
/opt/workspace/install/launch/lib/python3.6/site-packages/launch/utilities/visit_all_entities_and_collect_futures_impl.py
/opt/workspace/install/launch/lib/python3.6/site-packages/launch/utilities/signal_management.py
/opt/workspace/install/launch/lib/python3.6/site-packages/launch/utilities/perform_substitutions_impl.py
/opt/workspace/install/launch/lib/python3.6/site-packages/launch/utilities/normalize_to_list_of_substitutions_impl.py
/opt/workspace/install/launch/lib/python3.6/site-packages/launch/utilities/ensure_argument_type_impl.py
/opt/workspace/install/launch/lib/python3.6/site-packages/launch/logging/__init__.py
/opt/workspace/install/launch/lib/python3.6/site-packages/launch/logging/handlers.py
/opt/workspace/install/launch/lib/python3.6/site-packages/launch/event_handlers/on_include_launch_description.py
/opt/workspace/install/launch/lib/python3.6/site-packages/launch/event_handlers/__init__.py
/opt/workspace/install/launch/lib/python3.6/site-packages/launch/event_handlers/on_execution_complete.py
/opt/workspace/install/launch/lib/python3.6/site-packages/launch/event_handlers/on_process_exit.py
/opt/workspace/install/launch/lib/python3.6/site-packages/launch/event_handlers/on_process_io.py
/opt/workspace/install/launch/lib/python3.6/site-packages/launch/event_handlers/event_named.py
/opt/workspace/install/launch/lib/python3.6/site-packages/launch/event_handlers/on_shutdown.py
/opt/workspace/install/launch/lib/python3.6/site-packages/launch/event_handlers/on_process_start.py
/opt/workspace/install/launch/lib/python3.6/site-packages/launch/frontend/__init__.py
/opt/workspace/install/launch/lib/python3.6/site-packages/launch/frontend/expose.py
/opt/workspace/install/launch/lib/python3.6/site-packages/launch/frontend/entity.py
/opt/workspace/install/launch/lib/python3.6/site-packages/launch/frontend/type_utils.py
/opt/workspace/install/launch/lib/python3.6/site-packages/launch/frontend/parser.py
/opt/workspace/install/launch/lib/python3.6/site-packages/launch/frontend/parse_substitution.py
/opt/workspace/install/launch/lib/python3.6/site-packages/launch/actions/opaque_function.py
/opt/workspace/install/launch/lib/python3.6/site-packages/launch/actions/emit_event.py
/opt/workspace/install/launch/lib/python3.6/site-packages/launch/actions/timer_action.py
/opt/workspace/install/launch/lib/python3.6/site-packages/launch/actions/__init__.py
/opt/workspace/install/launch/lib/python3.6/site-packages/launch/actions/set_launch_configuration.py
/opt/workspace/install/launch/lib/python3.6/site-packages/launch/actions/execute_process.py
/opt/workspace/install/launch/lib/python3.6/site-packages/launch/actions/declare_launch_argument.py
/opt/workspace/install/launch/lib/python3.6/site-packages/launch/actions/pop_launch_configurations.py
/opt/workspace/install/launch/lib/python3.6/site-packages/launch/actions/group_action.py
/opt/workspace/install/launch/lib/python3.6/site-packages/launch/actions/push_launch_configurations.py
/opt/workspace/install/launch/lib/python3.6/site-packages/launch/actions/unset_environment_variable.py
/opt/workspace/install/launch/lib/python3.6/site-packages/launch/actions/unregister_event_handler.py
/opt/workspace/install/launch/lib/python3.6/site-packages/launch/actions/include_launch_description.py
/opt/workspace/install/launch/lib/python3.6/site-packages/launch/actions/unset_launch_configuration.py
/opt/workspace/install/launch/lib/python3.6/site-packages/launch/actions/log_info.py
/opt/workspace/install/launch/lib/python3.6/site-packages/launch/actions/shutdown_action.py
/opt/workspace/install/launch/lib/python3.6/site-packages/launch/actions/register_event_handler.py
/opt/workspace/install/launch/lib/python3.6/site-packages/launch/actions/opaque_coroutine.py
/opt/workspace/install/launch/lib/python3.6/site-packages/launch/actions/set_environment_variable.py
/opt/workspace/install/launch/lib/python3.6/site-packages/launch/events/process/shutdown_process.py
/opt/workspace/install/launch/lib/python3.6/site-packages/launch/events/process/running_process_event.py
/opt/workspace/install/launch/lib/python3.6/site-packages/launch/events/process/__init__.py
/opt/workspace/install/launch/lib/python3.6/site-packages/launch/events/process/process_stdin.py
/opt/workspace/install/launch/lib/python3.6/site-packages/launch/events/process/process_io.py
/opt/workspace/install/launch/lib/python3.6/site-packages/launch/events/process/process_targeted_event.py
/opt/workspace/install/launch/lib/python3.6/site-packages/launch/events/process/process_stdout.py
/opt/workspace/install/launch/lib/python3.6/site-packages/launch/events/process/signal_process.py
/opt/workspace/install/launch/lib/python3.6/site-packages/launch/events/process/process_exited.py
/opt/workspace/install/launch/lib/python3.6/site-packages/launch/events/process/process_stderr.py
/opt/workspace/install/launch/lib/python3.6/site-packages/launch/events/process/process_matchers.py
/opt/workspace/install/launch/lib/python3.6/site-packages/launch/events/process/process_started.py
/opt/workspace/install/launch/lib/python3.6/site-packages/launch/__pycache__/event_handler.cpython-36.pyc
/opt/workspace/install/launch/lib/python3.6/site-packages/launch/__pycache__/__init__.cpython-36.pyc
/opt/workspace/install/launch/lib/python3.6/site-packages/launch/__pycache__/launch_description_entity.cpython-36.pyc
/opt/workspace/install/launch/lib/python3.6/site-packages/launch/__pycache__/launch_context.cpython-36.pyc
/opt/workspace/install/launch/lib/python3.6/site-packages/launch/__pycache__/launch_introspector.cpython-36.pyc
/opt/workspace/install/launch/lib/python3.6/site-packages/launch/__pycache__/launch_description.cpython-36.pyc
/opt/workspace/install/launch/lib/python3.6/site-packages/launch/__pycache__/action.cpython-36.pyc
/opt/workspace/install/launch/lib/python3.6/site-packages/launch/__pycache__/some_actions_type.cpython-36.pyc
/opt/workspace/install/launch/lib/python3.6/site-packages/launch/__pycache__/substitution.cpython-36.pyc
/opt/workspace/install/launch/lib/python3.6/site-packages/launch/__pycache__/launch_service.cpython-36.pyc
/opt/workspace/install/launch/lib/python3.6/site-packages/launch/__pycache__/event.cpython-36.pyc
/opt/workspace/install/launch/lib/python3.6/site-packages/launch/__pycache__/condition.cpython-36.pyc
/opt/workspace/install/launch/lib/python3.6/site-packages/launch/__pycache__/launch_description_source.cpython-36.pyc
/opt/workspace/install/launch/lib/python3.6/site-packages/launch/__pycache__/some_substitutions_type.cpython-36.pyc
/opt/workspace/install/launch/lib/python3.6/site-packages/launch/__pycache__/invalid_launch_file_error.cpython-36.pyc
/opt/workspace/install/launch/lib/python3.6/site-packages/launch/substitutions/__pycache__/path_join_substitution.cpython-36.pyc
/opt/workspace/install/launch/lib/python3.6/site-packages/launch/substitutions/__pycache__/__init__.cpython-36.pyc
/opt/workspace/install/launch/lib/python3.6/site-packages/launch/substitutions/__pycache__/environment_variable.cpython-36.pyc
/opt/workspace/install/launch/lib/python3.6/site-packages/launch/substitutions/__pycache__/find_executable.cpython-36.pyc
/opt/workspace/install/launch/lib/python3.6/site-packages/launch/substitutions/__pycache__/substitution_failure.cpython-36.pyc
/opt/workspace/install/launch/lib/python3.6/site-packages/launch/substitutions/__pycache__/python_expression.cpython-36.pyc
/opt/workspace/install/launch/lib/python3.6/site-packages/launch/substitutions/__pycache__/this_launch_file.cpython-36.pyc
/opt/workspace/install/launch/lib/python3.6/site-packages/launch/substitutions/__pycache__/text_substitution.cpython-36.pyc
/opt/workspace/install/launch/lib/python3.6/site-packages/launch/substitutions/__pycache__/this_launch_file_dir.cpython-36.pyc
/opt/workspace/install/launch/lib/python3.6/site-packages/launch/substitutions/__pycache__/local_substitution.cpython-36.pyc
/opt/workspace/install/launch/lib/python3.6/site-packages/launch/substitutions/__pycache__/launch_configuration.cpython-36.pyc
/opt/workspace/install/launch/lib/python3.6/site-packages/launch/conditions/__pycache__/unless_condition.cpython-36.pyc
/opt/workspace/install/launch/lib/python3.6/site-packages/launch/conditions/__pycache__/__init__.cpython-36.pyc
/opt/workspace/install/launch/lib/python3.6/site-packages/launch/conditions/__pycache__/invalid_condition_expression_error.cpython-36.pyc
/opt/workspace/install/launch/lib/python3.6/site-packages/launch/conditions/__pycache__/evaluate_condition_expression_impl.cpython-36.pyc
/opt/workspace/install/launch/lib/python3.6/site-packages/launch/conditions/__pycache__/if_condition.cpython-36.pyc
/opt/workspace/install/launch/lib/python3.6/site-packages/launch/launch_description_sources/__pycache__/frontend_launch_description_source.cpython-36.pyc
/opt/workspace/install/launch/lib/python3.6/site-packages/launch/launch_description_sources/__pycache__/__init__.cpython-36.pyc
/opt/workspace/install/launch/lib/python3.6/site-packages/launch/launch_description_sources/__pycache__/any_launch_description_source.cpython-36.pyc
/opt/workspace/install/launch/lib/python3.6/site-packages/launch/launch_description_sources/__pycache__/any_launch_file_utilities.cpython-36.pyc
/opt/workspace/install/launch/lib/python3.6/site-packages/launch/launch_description_sources/__pycache__/frontend_launch_file_utilities.cpython-36.pyc
/opt/workspace/install/launch/lib/python3.6/site-packages/launch/launch_description_sources/__pycache__/python_launch_description_source.cpython-36.pyc
/opt/workspace/install/launch/lib/python3.6/site-packages/launch/launch_description_sources/__pycache__/python_launch_file_utilities.cpython-36.pyc
/opt/workspace/install/launch/lib/python3.6/site-packages/launch/events/__pycache__/__init__.cpython-36.pyc
/opt/workspace/install/launch/lib/python3.6/site-packages/launch/events/__pycache__/matchers.cpython-36.pyc
/opt/workspace/install/launch/lib/python3.6/site-packages/launch/events/__pycache__/timer_event.cpython-36.pyc
/opt/workspace/install/launch/lib/python3.6/site-packages/launch/events/__pycache__/include_launch_description.cpython-36.pyc
/opt/workspace/install/launch/lib/python3.6/site-packages/launch/events/__pycache__/execution_complete.cpython-36.pyc
/opt/workspace/install/launch/lib/python3.6/site-packages/launch/events/__pycache__/shutdown.cpython-36.pyc
/opt/workspace/install/launch/lib/python3.6/site-packages/launch/utilities/__pycache__/__init__.cpython-36.pyc
/opt/workspace/install/launch/lib/python3.6/site-packages/launch/utilities/__pycache__/class_tools_impl.cpython-36.pyc
/opt/workspace/install/launch/lib/python3.6/site-packages/launch/utilities/__pycache__/create_future_impl.cpython-36.pyc
/opt/workspace/install/launch/lib/python3.6/site-packages/launch/utilities/__pycache__/visit_all_entities_and_collect_futures_impl.cpython-36.pyc
/opt/workspace/install/launch/lib/python3.6/site-packages/launch/utilities/__pycache__/signal_management.cpython-36.pyc
/opt/workspace/install/launch/lib/python3.6/site-packages/launch/utilities/__pycache__/perform_substitutions_impl.cpython-36.pyc
/opt/workspace/install/launch/lib/python3.6/site-packages/launch/utilities/__pycache__/normalize_to_list_of_substitutions_impl.cpython-36.pyc
/opt/workspace/install/launch/lib/python3.6/site-packages/launch/utilities/__pycache__/ensure_argument_type_impl.cpython-36.pyc
/opt/workspace/install/launch/lib/python3.6/site-packages/launch/logging/__pycache__/__init__.cpython-36.pyc
/opt/workspace/install/launch/lib/python3.6/site-packages/launch/logging/__pycache__/handlers.cpython-36.pyc
/opt/workspace/install/launch/lib/python3.6/site-packages/launch/event_handlers/__pycache__/on_include_launch_description.cpython-36.pyc
/opt/workspace/install/launch/lib/python3.6/site-packages/launch/event_handlers/__pycache__/__init__.cpython-36.pyc
/opt/workspace/install/launch/lib/python3.6/site-packages/launch/event_handlers/__pycache__/on_execution_complete.cpython-36.pyc
/opt/workspace/install/launch/lib/python3.6/site-packages/launch/event_handlers/__pycache__/on_process_exit.cpython-36.pyc
/opt/workspace/install/launch/lib/python3.6/site-packages/launch/event_handlers/__pycache__/on_process_io.cpython-36.pyc
/opt/workspace/install/launch/lib/python3.6/site-packages/launch/event_handlers/__pycache__/event_named.cpython-36.pyc
/opt/workspace/install/launch/lib/python3.6/site-packages/launch/event_handlers/__pycache__/on_shutdown.cpython-36.pyc
/opt/workspace/install/launch/lib/python3.6/site-packages/launch/event_handlers/__pycache__/on_process_start.cpython-36.pyc
/opt/workspace/install/launch/lib/python3.6/site-packages/launch/frontend/__pycache__/__init__.cpython-36.pyc
/opt/workspace/install/launch/lib/python3.6/site-packages/launch/frontend/__pycache__/expose.cpython-36.pyc
/opt/workspace/install/launch/lib/python3.6/site-packages/launch/frontend/__pycache__/entity.cpython-36.pyc
/opt/workspace/install/launch/lib/python3.6/site-packages/launch/frontend/__pycache__/type_utils.cpython-36.pyc
/opt/workspace/install/launch/lib/python3.6/site-packages/launch/frontend/__pycache__/parser.cpython-36.pyc
/opt/workspace/install/launch/lib/python3.6/site-packages/launch/frontend/__pycache__/parse_substitution.cpython-36.pyc
/opt/workspace/install/launch/lib/python3.6/site-packages/launch/actions/__pycache__/opaque_function.cpython-36.pyc
/opt/workspace/install/launch/lib/python3.6/site-packages/launch/actions/__pycache__/emit_event.cpython-36.pyc
/opt/workspace/install/launch/lib/python3.6/site-packages/launch/actions/__pycache__/timer_action.cpython-36.pyc
/opt/workspace/install/launch/lib/python3.6/site-packages/launch/actions/__pycache__/__init__.cpython-36.pyc
/opt/workspace/install/launch/lib/python3.6/site-packages/launch/actions/__pycache__/set_launch_configuration.cpython-36.pyc
/opt/workspace/install/launch/lib/python3.6/site-packages/launch/actions/__pycache__/execute_process.cpython-36.pyc
/opt/workspace/install/launch/lib/python3.6/site-packages/launch/actions/__pycache__/declare_launch_argument.cpython-36.pyc
/opt/workspace/install/launch/lib/python3.6/site-packages/launch/actions/__pycache__/pop_launch_configurations.cpython-36.pyc
/opt/workspace/install/launch/lib/python3.6/site-packages/launch/actions/__pycache__/group_action.cpython-36.pyc
/opt/workspace/install/launch/lib/python3.6/site-packages/launch/actions/__pycache__/push_launch_configurations.cpython-36.pyc
/opt/workspace/install/launch/lib/python3.6/site-packages/launch/actions/__pycache__/unset_environment_variable.cpython-36.pyc
/opt/workspace/install/launch/lib/python3.6/site-packages/launch/actions/__pycache__/unregister_event_handler.cpython-36.pyc
/opt/workspace/install/launch/lib/python3.6/site-packages/launch/actions/__pycache__/include_launch_description.cpython-36.pyc
/opt/workspace/install/launch/lib/python3.6/site-packages/launch/actions/__pycache__/unset_launch_configuration.cpython-36.pyc
/opt/workspace/install/launch/lib/python3.6/site-packages/launch/actions/__pycache__/log_info.cpython-36.pyc
/opt/workspace/install/launch/lib/python3.6/site-packages/launch/actions/__pycache__/shutdown_action.cpython-36.pyc
/opt/workspace/install/launch/lib/python3.6/site-packages/launch/actions/__pycache__/register_event_handler.cpython-36.pyc
/opt/workspace/install/launch/lib/python3.6/site-packages/launch/actions/__pycache__/opaque_coroutine.cpython-36.pyc
/opt/workspace/install/launch/lib/python3.6/site-packages/launch/actions/__pycache__/set_environment_variable.cpython-36.pyc
/opt/workspace/install/launch/lib/python3.6/site-packages/launch/events/process/__pycache__/shutdown_process.cpython-36.pyc
/opt/workspace/install/launch/lib/python3.6/site-packages/launch/events/process/__pycache__/running_process_event.cpython-36.pyc
/opt/workspace/install/launch/lib/python3.6/site-packages/launch/events/process/__pycache__/__init__.cpython-36.pyc
/opt/workspace/install/launch/lib/python3.6/site-packages/launch/events/process/__pycache__/process_stdin.cpython-36.pyc
/opt/workspace/install/launch/lib/python3.6/site-packages/launch/events/process/__pycache__/process_io.cpython-36.pyc
/opt/workspace/install/launch/lib/python3.6/site-packages/launch/events/process/__pycache__/process_targeted_event.cpython-36.pyc
/opt/workspace/install/launch/lib/python3.6/site-packages/launch/events/process/__pycache__/process_stdout.cpython-36.pyc
/opt/workspace/install/launch/lib/python3.6/site-packages/launch/events/process/__pycache__/signal_process.cpython-36.pyc
/opt/workspace/install/launch/lib/python3.6/site-packages/launch/events/process/__pycache__/process_exited.cpython-36.pyc
/opt/workspace/install/launch/lib/python3.6/site-packages/launch/events/process/__pycache__/process_stderr.cpython-36.pyc
/opt/workspace/install/launch/lib/python3.6/site-packages/launch/events/process/__pycache__/process_matchers.cpython-36.pyc
/opt/workspace/install/launch/lib/python3.6/site-packages/launch/events/process/__pycache__/process_started.cpython-36.pyc
/opt/workspace/install/launch/share/launch/package.xml
/opt/workspace/install/launch/share/ament_index/resource_index/packages/launch
/opt/workspace/install/launch/share/launch/frontend/grammar.lark
/opt/workspace/install/launch/lib/python3.6/site-packages/launch-0.9.6-py3.6.egg-info/dependency_links.txt
/opt/workspace/install/launch/lib/python3.6/site-packages/launch-0.9.6-py3.6.egg-info/zip-safe
/opt/workspace/install/launch/lib/python3.6/site-packages/launch-0.9.6-py3.6.egg-info/top_level.txt
/opt/workspace/install/launch/lib/python3.6/site-packages/launch-0.9.6-py3.6.egg-info/requires.txt
/opt/workspace/install/launch/lib/python3.6/site-packages/launch-0.9.6-py3.6.egg-info/PKG-INFO
/opt/workspace/install/launch/lib/python3.6/site-packages/launch-0.9.6-py3.6.egg-info/SOURCES.txt
