/opt/workspace/install/rqt_reconfigure/lib/python3.6/site-packages/rqt_reconfigure/param_plugin.py
/opt/workspace/install/rqt_reconfigure/lib/python3.6/site-packages/rqt_reconfigure/param_api.py
/opt/workspace/install/rqt_reconfigure/lib/python3.6/site-packages/rqt_reconfigure/__init__.py
/opt/workspace/install/rqt_reconfigure/lib/python3.6/site-packages/rqt_reconfigure/treenode_status.py
/opt/workspace/install/rqt_reconfigure/lib/python3.6/site-packages/rqt_reconfigure/logging.py
/opt/workspace/install/rqt_reconfigure/lib/python3.6/site-packages/rqt_reconfigure/paramedit_widget.py
/opt/workspace/install/rqt_reconfigure/lib/python3.6/site-packages/rqt_reconfigure/node_selector_widget.py
/opt/workspace/install/rqt_reconfigure/lib/python3.6/site-packages/rqt_reconfigure/param_editors.py
/opt/workspace/install/rqt_reconfigure/lib/python3.6/site-packages/rqt_reconfigure/param_widget.py
/opt/workspace/install/rqt_reconfigure/lib/python3.6/site-packages/rqt_reconfigure/treenode_item_model.py
/opt/workspace/install/rqt_reconfigure/lib/python3.6/site-packages/rqt_reconfigure/filter_children_model.py
/opt/workspace/install/rqt_reconfigure/lib/python3.6/site-packages/rqt_reconfigure/treenode_qstditem.py
/opt/workspace/install/rqt_reconfigure/lib/python3.6/site-packages/rqt_reconfigure/param_client_widget.py
/opt/workspace/install/rqt_reconfigure/lib/python3.6/site-packages/rqt_reconfigure/text_filter_widget.py
/opt/workspace/install/rqt_reconfigure/lib/python3.6/site-packages/rqt_reconfigure/text_filter.py
/opt/workspace/install/rqt_reconfigure/lib/python3.6/site-packages/rqt_reconfigure/__pycache__/param_plugin.cpython-36.pyc
/opt/workspace/install/rqt_reconfigure/lib/python3.6/site-packages/rqt_reconfigure/__pycache__/param_api.cpython-36.pyc
/opt/workspace/install/rqt_reconfigure/lib/python3.6/site-packages/rqt_reconfigure/__pycache__/__init__.cpython-36.pyc
/opt/workspace/install/rqt_reconfigure/lib/python3.6/site-packages/rqt_reconfigure/__pycache__/treenode_status.cpython-36.pyc
/opt/workspace/install/rqt_reconfigure/lib/python3.6/site-packages/rqt_reconfigure/__pycache__/logging.cpython-36.pyc
/opt/workspace/install/rqt_reconfigure/lib/python3.6/site-packages/rqt_reconfigure/__pycache__/paramedit_widget.cpython-36.pyc
/opt/workspace/install/rqt_reconfigure/lib/python3.6/site-packages/rqt_reconfigure/__pycache__/node_selector_widget.cpython-36.pyc
/opt/workspace/install/rqt_reconfigure/lib/python3.6/site-packages/rqt_reconfigure/__pycache__/param_editors.cpython-36.pyc
/opt/workspace/install/rqt_reconfigure/lib/python3.6/site-packages/rqt_reconfigure/__pycache__/param_widget.cpython-36.pyc
/opt/workspace/install/rqt_reconfigure/lib/python3.6/site-packages/rqt_reconfigure/__pycache__/treenode_item_model.cpython-36.pyc
/opt/workspace/install/rqt_reconfigure/lib/python3.6/site-packages/rqt_reconfigure/__pycache__/filter_children_model.cpython-36.pyc
/opt/workspace/install/rqt_reconfigure/lib/python3.6/site-packages/rqt_reconfigure/__pycache__/treenode_qstditem.cpython-36.pyc
/opt/workspace/install/rqt_reconfigure/lib/python3.6/site-packages/rqt_reconfigure/__pycache__/param_client_widget.cpython-36.pyc
/opt/workspace/install/rqt_reconfigure/lib/python3.6/site-packages/rqt_reconfigure/__pycache__/text_filter_widget.cpython-36.pyc
/opt/workspace/install/rqt_reconfigure/lib/python3.6/site-packages/rqt_reconfigure/__pycache__/text_filter.cpython-36.pyc
/opt/workspace/install/rqt_reconfigure/lib/rqt_reconfigure/rqt_reconfigure
/opt/workspace/install/rqt_reconfigure/share/rqt_reconfigure/resource/editor_bool.ui
/opt/workspace/install/rqt_reconfigure/share/rqt_reconfigure/resource/editor_enum.ui
/opt/workspace/install/rqt_reconfigure/share/rqt_reconfigure/resource/editor_number.ui
/opt/workspace/install/rqt_reconfigure/share/rqt_reconfigure/resource/editor_string.ui
/opt/workspace/install/rqt_reconfigure/share/rqt_reconfigure/resource/node_selector.ui
/opt/workspace/install/rqt_reconfigure/share/rqt_reconfigure/resource/paramedit_pane.ui
/opt/workspace/install/rqt_reconfigure/share/rqt_reconfigure/resource/param_main.ui
/opt/workspace/install/rqt_reconfigure/share/rqt_reconfigure/resource/param_timeline.ui
/opt/workspace/install/rqt_reconfigure/share/rqt_reconfigure/resource/singlenode_parameditor.ui
/opt/workspace/install/rqt_reconfigure/share/rqt_reconfigure/resource/text_filter_widget.ui
/opt/workspace/install/rqt_reconfigure/share/rqt_reconfigure/package.xml
/opt/workspace/install/rqt_reconfigure/share/rqt_reconfigure/plugin.xml
/opt/workspace/install/rqt_reconfigure/share/ament_index/resource_index/packages/rqt_reconfigure
/opt/workspace/install/rqt_reconfigure/lib/python3.6/site-packages/rqt_reconfigure-1.0.4-py3.6.egg-info/dependency_links.txt
/opt/workspace/install/rqt_reconfigure/lib/python3.6/site-packages/rqt_reconfigure-1.0.4-py3.6.egg-info/zip-safe
/opt/workspace/install/rqt_reconfigure/lib/python3.6/site-packages/rqt_reconfigure-1.0.4-py3.6.egg-info/top_level.txt
/opt/workspace/install/rqt_reconfigure/lib/python3.6/site-packages/rqt_reconfigure-1.0.4-py3.6.egg-info/requires.txt
/opt/workspace/install/rqt_reconfigure/lib/python3.6/site-packages/rqt_reconfigure-1.0.4-py3.6.egg-info/PKG-INFO
/opt/workspace/install/rqt_reconfigure/lib/python3.6/site-packages/rqt_reconfigure-1.0.4-py3.6.egg-info/SOURCES.txt
