[0.541s] -- The C compiler identification is GNU 7.4.0
[0.682s] -- The CXX compiler identification is GNU 7.4.0
[0.695s] -- Check for working C compiler: /usr/bin/cc
[0.898s] -- Check for working C compiler: /usr/bin/cc -- works
[0.900s] -- Detecting C compiler ABI info
[1.161s] -- Detecting C compiler ABI info - done
[1.168s] -- Detecting C compile features
[1.753s] -- Detecting C compile features - done
[1.758s] -- Check for working CXX compiler: /usr/bin/c++
[2.029s] -- Check for working CXX compiler: /usr/bin/c++ -- works
[2.031s] -- Detecting CXX compiler ABI info
[2.211s] -- Detecting CXX compiler ABI info - done
[2.226s] -- Detecting CXX compile features
[3.060s] -- Detecting CXX compile features - done
[3.074s] -- Found ament_cmake: 0.8.2 (/opt/workspace/install/ament_cmake/share/ament_cmake/cmake)
[3.200s] -- Found PythonInterp: /usr/bin/python3 (found suitable version "3.6.9", minimum required is "3") 
[3.200s] -- Using PYTHON_EXECUTABLE: /usr/bin/python3
[3.824s] -- Found rclcpp: 0.8.4 (/opt/workspace/install/rclcpp/share/rclcpp/cmake)
[3.931s] -- Found rosidl_adapter: 0.8.2 (/opt/workspace/install/rosidl_adapter/share/rosidl_adapter/cmake)
[4.024s] -- Found rmw_implementation_cmake: 0.8.1 (/opt/workspace/install/rmw_implementation_cmake/share/rmw_implementation_cmake/cmake)
[4.042s] -- Using RMW implementation 'rmw_fastrtps_cpp' as default
[4.044s] -- Looking for pthread.h
[4.204s] -- Looking for pthread.h - found
[4.204s] -- Looking for pthread_create
[4.375s] -- Looking for pthread_create - not found
[4.376s] -- Looking for pthread_create in pthreads
[4.530s] -- Looking for pthread_create in pthreads - not found
[4.531s] -- Looking for pthread_create in pthread
[4.707s] -- Looking for pthread_create in pthread - found
[4.709s] -- Found Threads: TRUE  
[4.824s] -- Found std_msgs: 0.8.1 (/opt/workspace/install/std_msgs/share/std_msgs/cmake)
[5.412s] -- Found ament_lint_auto: 0.8.1 (/opt/workspace/install/ament_lint_auto/share/ament_lint_auto/cmake)
[5.765s] -- Added test 'copyright' to check for copyright in CMake / C / C++ / Python code
[5.770s] -- Added test 'cppcheck' to perform static code analysis on C / C++ code
[5.773s] -- Configured cppcheck include dirs: /opt/workspace/src/ros2/demos/quality_of_service_demo/rclcpp/include
[5.778s] -- Added test 'cpplint' to check C / C++ code against the Google style
[5.782s] -- Added test 'lint_cmake' to check CMake code style
[5.787s] -- Added test 'uncrustify' to check C / C++ code style
[5.790s] -- Added test 'xmllint' to check XML markup files
[5.798s] -- Configuring done
[5.917s] -- Generating done
[5.922s] -- Build files have been written to: /opt/workspace/build/quality_of_service_demo_cpp
[6.050s] [35m[1mScanning dependencies of target liveliness[0m
[6.147s] [  5%] [32mBuilding CXX object CMakeFiles/liveliness.dir/src/liveliness.cpp.o[0m
[9.185s] [ 10%] [32mBuilding CXX object CMakeFiles/liveliness.dir/src/utils.cpp.o[0m
[10.086s] [ 15%] [32mBuilding CXX object CMakeFiles/liveliness.dir/src/common_nodes.cpp.o[0m
[17.159s] [ 20%] [32m[1mLinking CXX executable liveliness[0m
[17.869s] [ 20%] Built target liveliness
[17.901s] [35m[1mScanning dependencies of target interactive_publisher[0m
[17.999s] [ 25%] [32mBuilding CXX object CMakeFiles/interactive_publisher.dir/src/interactive_publisher.cpp.o[0m
[21.188s] [ 30%] [32mBuilding CXX object CMakeFiles/interactive_publisher.dir/src/utils.cpp.o[0m
[22.119s] [ 35%] [32mBuilding CXX object CMakeFiles/interactive_publisher.dir/src/common_nodes.cpp.o[0m
[29.204s] [ 40%] [32m[1mLinking CXX executable interactive_publisher[0m
[29.959s] [ 40%] Built target interactive_publisher
[29.990s] [35m[1mScanning dependencies of target deadline[0m
[30.084s] [ 45%] [32mBuilding CXX object CMakeFiles/deadline.dir/src/deadline.cpp.o[0m
[33.126s] [ 50%] [32mBuilding CXX object CMakeFiles/deadline.dir/src/utils.cpp.o[0m
[34.080s] [ 55%] [32mBuilding CXX object CMakeFiles/deadline.dir/src/common_nodes.cpp.o[0m
[41.175s] [ 60%] [32m[1mLinking CXX executable deadline[0m
[41.870s] [ 60%] Built target deadline
[41.901s] [35m[1mScanning dependencies of target lifespan[0m
[41.998s] [ 65%] [32mBuilding CXX object CMakeFiles/lifespan.dir/src/lifespan.cpp.o[0m
[45.183s] [ 70%] [32mBuilding CXX object CMakeFiles/lifespan.dir/src/utils.cpp.o[0m
[46.162s] [ 75%] [32mBuilding CXX object CMakeFiles/lifespan.dir/src/common_nodes.cpp.o[0m
[53.322s] [ 80%] [32m[1mLinking CXX executable lifespan[0m
[54.067s] [ 80%] Built target lifespan
[54.098s] [35m[1mScanning dependencies of target interactive_subscriber[0m
[54.195s] [ 85%] [32mBuilding CXX object CMakeFiles/interactive_subscriber.dir/src/interactive_subscriber.cpp.o[0m
[57.268s] [ 90%] [32mBuilding CXX object CMakeFiles/interactive_subscriber.dir/src/utils.cpp.o[0m
[58.253s] [ 95%] [32mBuilding CXX object CMakeFiles/interactive_subscriber.dir/src/common_nodes.cpp.o[0m
[65.102s] [100%] [32m[1mLinking CXX executable interactive_subscriber[0m
[65.762s] [100%] Built target interactive_subscriber
[66.053s] [ 20%] Built target liveliness
[66.134s] [ 40%] Built target interactive_publisher
[66.212s] [ 60%] Built target deadline
[66.297s] [ 80%] Built target lifespan
[66.378s] [100%] Built target interactive_subscriber
[66.434s] [36mInstall the project...[0m
[66.462s] -- Install configuration: ""
[66.462s] -- Installing: /opt/workspace/install/quality_of_service_demo_cpp/lib/quality_of_service_demo_cpp/liveliness
[66.465s] -- Set runtime path of "/opt/workspace/install/quality_of_service_demo_cpp/lib/quality_of_service_demo_cpp/liveliness" to ""
[66.466s] -- Installing: /opt/workspace/install/quality_of_service_demo_cpp/lib/quality_of_service_demo_cpp/lifespan
[66.469s] -- Set runtime path of "/opt/workspace/install/quality_of_service_demo_cpp/lib/quality_of_service_demo_cpp/lifespan" to ""
[66.469s] -- Installing: /opt/workspace/install/quality_of_service_demo_cpp/lib/quality_of_service_demo_cpp/deadline
[66.472s] -- Set runtime path of "/opt/workspace/install/quality_of_service_demo_cpp/lib/quality_of_service_demo_cpp/deadline" to ""
[66.473s] -- Installing: /opt/workspace/install/quality_of_service_demo_cpp/lib/quality_of_service_demo_cpp/interactive_publisher
[66.476s] -- Set runtime path of "/opt/workspace/install/quality_of_service_demo_cpp/lib/quality_of_service_demo_cpp/interactive_publisher" to ""
[66.476s] -- Installing: /opt/workspace/install/quality_of_service_demo_cpp/lib/quality_of_service_demo_cpp/interactive_subscriber
[66.479s] -- Set runtime path of "/opt/workspace/install/quality_of_service_demo_cpp/lib/quality_of_service_demo_cpp/interactive_subscriber" to ""
[66.480s] -- Installing: /opt/workspace/install/quality_of_service_demo_cpp/share/ament_index/resource_index/package_run_dependencies/quality_of_service_demo_cpp
[66.480s] -- Installing: /opt/workspace/install/quality_of_service_demo_cpp/share/ament_index/resource_index/parent_prefix_path/quality_of_service_demo_cpp
[66.481s] -- Installing: /opt/workspace/install/quality_of_service_demo_cpp/share/quality_of_service_demo_cpp/environment/ament_prefix_path.sh
[66.481s] -- Installing: /opt/workspace/install/quality_of_service_demo_cpp/share/quality_of_service_demo_cpp/environment/ament_prefix_path.dsv
[66.481s] -- Installing: /opt/workspace/install/quality_of_service_demo_cpp/share/quality_of_service_demo_cpp/environment/path.sh
[66.482s] -- Installing: /opt/workspace/install/quality_of_service_demo_cpp/share/quality_of_service_demo_cpp/environment/path.dsv
[66.482s] -- Installing: /opt/workspace/install/quality_of_service_demo_cpp/share/quality_of_service_demo_cpp/local_setup.bash
[66.482s] -- Installing: /opt/workspace/install/quality_of_service_demo_cpp/share/quality_of_service_demo_cpp/local_setup.sh
[66.483s] -- Installing: /opt/workspace/install/quality_of_service_demo_cpp/share/quality_of_service_demo_cpp/local_setup.zsh
[66.483s] -- Installing: /opt/workspace/install/quality_of_service_demo_cpp/share/quality_of_service_demo_cpp/local_setup.dsv
[66.483s] -- Installing: /opt/workspace/install/quality_of_service_demo_cpp/share/quality_of_service_demo_cpp/package.dsv
[66.484s] -- Installing: /opt/workspace/install/quality_of_service_demo_cpp/share/ament_index/resource_index/packages/quality_of_service_demo_cpp
[66.484s] -- Installing: /opt/workspace/install/quality_of_service_demo_cpp/share/quality_of_service_demo_cpp/cmake/ament_cmake_export_include_directories-extras.cmake
[66.485s] -- Installing: /opt/workspace/install/quality_of_service_demo_cpp/share/quality_of_service_demo_cpp/cmake/quality_of_service_demo_cppConfig.cmake
[66.485s] -- Installing: /opt/workspace/install/quality_of_service_demo_cpp/share/quality_of_service_demo_cpp/cmake/quality_of_service_demo_cppConfig-version.cmake
[66.485s] -- Installing: /opt/workspace/install/quality_of_service_demo_cpp/share/quality_of_service_demo_cpp/package.xml
