[0.539s] Invoking command in '/opt/workspace/build/libcurl_vendor': AMENT_PREFIX_PATH=/opt/workspace/install/ament_cmake:/opt/workspace/install/ament_cmake_test:/opt/workspace/install/ament_cmake_target_dependencies:/opt/workspace/install/ament_cmake_export_interfaces:/opt/workspace/install/ament_cmake_export_dependencies:/opt/workspace/install/ament_cmake_version:/opt/workspace/install/ament_cmake_python:/opt/workspace/install/ament_cmake_libraries:/opt/workspace/install/ament_cmake_include_directories:/opt/workspace/install/ament_cmake_export_link_flags:/opt/workspace/install/ament_cmake_export_libraries:/opt/workspace/install/ament_cmake_export_include_directories:/opt/workspace/install/ament_cmake_export_definitions:/opt/workspace/install/ament_cmake_core:/opt/workspace/install/ament_package:${AMENT_PREFIX_PATH} CMAKE_PREFIX_PATH=/opt/workspace/install/ament_cmake:/opt/workspace/install/ament_cmake_test:/opt/workspace/install/ament_cmake_target_dependencies:/opt/workspace/install/ament_cmake_export_interfaces:/opt/workspace/install/ament_cmake_export_dependencies:/opt/workspace/install/ament_cmake_version:/opt/workspace/install/ament_cmake_python:/opt/workspace/install/ament_cmake_libraries:/opt/workspace/install/ament_cmake_include_directories:/opt/workspace/install/ament_cmake_export_link_flags:/opt/workspace/install/ament_cmake_export_libraries:/opt/workspace/install/ament_cmake_export_include_directories:/opt/workspace/install/ament_cmake_export_definitions:/opt/workspace/install/ament_cmake_core:/opt/ros/eloquent PYTHONPATH=/opt/workspace/install/ament_cmake_test/lib/python3.6/site-packages:/opt/workspace/install/ament_package/lib/python3.6/site-packages:${PYTHONPATH} /usr/bin/cmake --build /opt/workspace/build/libcurl_vendor -- -j8 -l8
[0.686s] [100%] Built target curl-7.57.0
[0.705s] Invoked command in '/opt/workspace/build/libcurl_vendor' returned '0': AMENT_PREFIX_PATH=/opt/workspace/install/ament_cmake:/opt/workspace/install/ament_cmake_test:/opt/workspace/install/ament_cmake_target_dependencies:/opt/workspace/install/ament_cmake_export_interfaces:/opt/workspace/install/ament_cmake_export_dependencies:/opt/workspace/install/ament_cmake_version:/opt/workspace/install/ament_cmake_python:/opt/workspace/install/ament_cmake_libraries:/opt/workspace/install/ament_cmake_include_directories:/opt/workspace/install/ament_cmake_export_link_flags:/opt/workspace/install/ament_cmake_export_libraries:/opt/workspace/install/ament_cmake_export_include_directories:/opt/workspace/install/ament_cmake_export_definitions:/opt/workspace/install/ament_cmake_core:/opt/workspace/install/ament_package:${AMENT_PREFIX_PATH} CMAKE_PREFIX_PATH=/opt/workspace/install/ament_cmake:/opt/workspace/install/ament_cmake_test:/opt/workspace/install/ament_cmake_target_dependencies:/opt/workspace/install/ament_cmake_export_interfaces:/opt/workspace/install/ament_cmake_export_dependencies:/opt/workspace/install/ament_cmake_version:/opt/workspace/install/ament_cmake_python:/opt/workspace/install/ament_cmake_libraries:/opt/workspace/install/ament_cmake_include_directories:/opt/workspace/install/ament_cmake_export_link_flags:/opt/workspace/install/ament_cmake_export_libraries:/opt/workspace/install/ament_cmake_export_include_directories:/opt/workspace/install/ament_cmake_export_definitions:/opt/workspace/install/ament_cmake_core:/opt/ros/eloquent PYTHONPATH=/opt/workspace/install/ament_cmake_test/lib/python3.6/site-packages:/opt/workspace/install/ament_package/lib/python3.6/site-packages:${PYTHONPATH} /usr/bin/cmake --build /opt/workspace/build/libcurl_vendor -- -j8 -l8
[0.781s] Invoking command in '/opt/workspace/build/libcurl_vendor': AMENT_PREFIX_PATH=/opt/workspace/install/ament_cmake:/opt/workspace/install/ament_cmake_test:/opt/workspace/install/ament_cmake_target_dependencies:/opt/workspace/install/ament_cmake_export_interfaces:/opt/workspace/install/ament_cmake_export_dependencies:/opt/workspace/install/ament_cmake_version:/opt/workspace/install/ament_cmake_python:/opt/workspace/install/ament_cmake_libraries:/opt/workspace/install/ament_cmake_include_directories:/opt/workspace/install/ament_cmake_export_link_flags:/opt/workspace/install/ament_cmake_export_libraries:/opt/workspace/install/ament_cmake_export_include_directories:/opt/workspace/install/ament_cmake_export_definitions:/opt/workspace/install/ament_cmake_core:/opt/workspace/install/ament_package:${AMENT_PREFIX_PATH} CMAKE_PREFIX_PATH=/opt/workspace/install/ament_cmake:/opt/workspace/install/ament_cmake_test:/opt/workspace/install/ament_cmake_target_dependencies:/opt/workspace/install/ament_cmake_export_interfaces:/opt/workspace/install/ament_cmake_export_dependencies:/opt/workspace/install/ament_cmake_version:/opt/workspace/install/ament_cmake_python:/opt/workspace/install/ament_cmake_libraries:/opt/workspace/install/ament_cmake_include_directories:/opt/workspace/install/ament_cmake_export_link_flags:/opt/workspace/install/ament_cmake_export_libraries:/opt/workspace/install/ament_cmake_export_include_directories:/opt/workspace/install/ament_cmake_export_definitions:/opt/workspace/install/ament_cmake_core:/opt/ros/eloquent PYTHONPATH=/opt/workspace/install/ament_cmake_test/lib/python3.6/site-packages:/opt/workspace/install/ament_package/lib/python3.6/site-packages:${PYTHONPATH} /usr/bin/cmake --build /opt/workspace/build/libcurl_vendor --target install -- -j8 -l8
[0.946s] [100%] Built target curl-7.57.0
[0.978s] [36mInstall the project...[0m
[0.994s] -- Install configuration: ""
[0.996s] -- Installing: /opt/workspace/install/libcurl_vendor/opt/libcurl_vendor
[0.996s] -- Installing: /opt/workspace/install/libcurl_vendor/opt/libcurl_vendor/lib
[0.996s] -- Installing: /opt/workspace/install/libcurl_vendor/opt/libcurl_vendor/lib/libcurl.a
[0.996s] -- Installing: /opt/workspace/install/libcurl_vendor/opt/libcurl_vendor/lib/pkgconfig
[0.997s] -- Installing: /opt/workspace/install/libcurl_vendor/opt/libcurl_vendor/lib/pkgconfig/libcurl.pc
[0.997s] -- Installing: /opt/workspace/install/libcurl_vendor/opt/libcurl_vendor/lib/libcurl.la
[0.997s] -- Installing: /opt/workspace/install/libcurl_vendor/opt/libcurl_vendor/lib/libcurl.so.4.5.0
[0.997s] -- Installing: /opt/workspace/install/libcurl_vendor/opt/libcurl_vendor/lib/libcurl.so
[0.997s] -- Installing: /opt/workspace/install/libcurl_vendor/opt/libcurl_vendor/lib/libcurl.so.4
[0.998s] -- Installing: /opt/workspace/install/libcurl_vendor/opt/libcurl_vendor/include
[0.998s] -- Installing: /opt/workspace/install/libcurl_vendor/opt/libcurl_vendor/include/curl
[0.998s] -- Installing: /opt/workspace/install/libcurl_vendor/opt/libcurl_vendor/include/curl/typecheck-gcc.h
[0.999s] -- Installing: /opt/workspace/install/libcurl_vendor/opt/libcurl_vendor/include/curl/stdcheaders.h
[0.999s] -- Installing: /opt/workspace/install/libcurl_vendor/opt/libcurl_vendor/include/curl/system.h
[0.999s] -- Installing: /opt/workspace/install/libcurl_vendor/opt/libcurl_vendor/include/curl/easy.h
[1.000s] -- Installing: /opt/workspace/install/libcurl_vendor/opt/libcurl_vendor/include/curl/curl.h
[1.000s] -- Installing: /opt/workspace/install/libcurl_vendor/opt/libcurl_vendor/include/curl/curlver.h
[1.000s] -- Installing: /opt/workspace/install/libcurl_vendor/opt/libcurl_vendor/include/curl/mprintf.h
[1.001s] -- Installing: /opt/workspace/install/libcurl_vendor/opt/libcurl_vendor/include/curl/multi.h
[1.003s] -- Installing: /opt/workspace/install/libcurl_vendor/opt/libcurl_vendor/bin
[1.005s] -- Installing: /opt/workspace/install/libcurl_vendor/opt/libcurl_vendor/bin/curl
[1.005s] -- Installing: /opt/workspace/install/libcurl_vendor/opt/libcurl_vendor/bin/curl-config
[1.006s] -- Installing: /opt/workspace/install/libcurl_vendor/opt/libcurl_vendor/share
[1.007s] -- Installing: /opt/workspace/install/libcurl_vendor/opt/libcurl_vendor/share/man
[1.007s] -- Installing: /opt/workspace/install/libcurl_vendor/opt/libcurl_vendor/share/man/man3
[1.007s] -- Installing: /opt/workspace/install/libcurl_vendor/opt/libcurl_vendor/share/man/man3/CURLINFO_TOTAL_TIME.3
[1.007s] -- Installing: /opt/workspace/install/libcurl_vendor/opt/libcurl_vendor/share/man/man3/CURLOPT_SASL_IR.3
[1.008s] -- Installing: /opt/workspace/install/libcurl_vendor/opt/libcurl_vendor/share/man/man3/CURLOPT_CHUNK_END_FUNCTION.3
[1.008s] -- Installing: /opt/workspace/install/libcurl_vendor/opt/libcurl_vendor/share/man/man3/CURLOPT_NEW_DIRECTORY_PERMS.3
[1.008s] -- Installing: /opt/workspace/install/libcurl_vendor/opt/libcurl_vendor/share/man/man3/CURLOPT_DNS_CACHE_TIMEOUT.3
[1.008s] -- Installing: /opt/workspace/install/libcurl_vendor/opt/libcurl_vendor/share/man/man3/CURLOPT_TIMECONDITION.3
[1.008s] -- Installing: /opt/workspace/install/libcurl_vendor/opt/libcurl_vendor/share/man/man3/CURLOPT_DNS_LOCAL_IP6.3
[1.009s] -- Installing: /opt/workspace/install/libcurl_vendor/opt/libcurl_vendor/share/man/man3/CURLOPT_SSLKEYTYPE.3
[1.009s] -- Installing: /opt/workspace/install/libcurl_vendor/opt/libcurl_vendor/share/man/man3/curl_multi_assign.3
[1.009s] -- Installing: /opt/workspace/install/libcurl_vendor/opt/libcurl_vendor/share/man/man3/CURLMOPT_MAX_PIPELINE_LENGTH.3
[1.009s] -- Installing: /opt/workspace/install/libcurl_vendor/opt/libcurl_vendor/share/man/man3/curl_mime_filename.3
[1.010s] -- Installing: /opt/workspace/install/libcurl_vendor/opt/libcurl_vendor/share/man/man3/curl_multi_wait.3
[1.010s] -- Installing: /opt/workspace/install/libcurl_vendor/opt/libcurl_vendor/share/man/man3/curl_mime_filedata.3
[1.010s] -- Installing: /opt/workspace/install/libcurl_vendor/opt/libcurl_vendor/share/man/man3/CURLOPT_RTSP_REQUEST.3
[1.010s] -- Installing: /opt/workspace/install/libcurl_vendor/opt/libcurl_vendor/share/man/man3/curl_multi_init.3
[1.011s] -- Installing: /opt/workspace/install/libcurl_vendor/opt/libcurl_vendor/share/man/man3/CURLMOPT_PIPELINING_SERVER_BL.3
[1.011s] -- Installing: /opt/workspace/install/libcurl_vendor/opt/libcurl_vendor/share/man/man3/CURLOPT_ACCEPT_ENCODING.3
[1.012s] -- Installing: /opt/workspace/install/libcurl_vendor/opt/libcurl_vendor/share/man/man3/CURLOPT_TCP_KEEPALIVE.3
[1.012s] -- Installing: /opt/workspace/install/libcurl_vendor/opt/libcurl_vendor/share/man/man3/CURLOPT_SOCKOPTDATA.3
[1.013s] -- Installing: /opt/workspace/install/libcurl_vendor/opt/libcurl_vendor/share/man/man3/CURLOPT_CONV_TO_NETWORK_FUNCTION.3
[1.013s] -- Installing: /opt/workspace/install/libcurl_vendor/opt/libcurl_vendor/share/man/man3/CURLINFO_RTSP_SESSION_ID.3
[1.013s] -- Installing: /opt/workspace/install/libcurl_vendor/opt/libcurl_vendor/share/man/man3/CURLOPT_CONV_FROM_UTF8_FUNCTION.3
[1.013s] -- Installing: /opt/workspace/install/libcurl_vendor/opt/libcurl_vendor/share/man/man3/CURLMOPT_SOCKETDATA.3
[1.014s] -- Installing: /opt/workspace/install/libcurl_vendor/opt/libcurl_vendor/share/man/man3/CURLOPT_MAXFILESIZE_LARGE.3
[1.014s] -- Installing: /opt/workspace/install/libcurl_vendor/opt/libcurl_vendor/share/man/man3/CURLINFO_LASTSOCKET.3
[1.014s] -- Installing: /opt/workspace/install/libcurl_vendor/opt/libcurl_vendor/share/man/man3/CURLOPT_SSH_AUTH_TYPES.3
[1.014s] -- Installing: /opt/workspace/install/libcurl_vendor/opt/libcurl_vendor/share/man/man3/CURLOPT_POSTREDIR.3
[1.014s] -- Installing: /opt/workspace/install/libcurl_vendor/opt/libcurl_vendor/share/man/man3/CURLINFO_PRIMARY_IP.3
[1.015s] -- Installing: /opt/workspace/install/libcurl_vendor/opt/libcurl_vendor/share/man/man3/CURLOPT_QUOTE.3
[1.015s] -- Installing: /opt/workspace/install/libcurl_vendor/opt/libcurl_vendor/share/man/man3/CURLOPT_SOCKOPTFUNCTION.3
[1.015s] -- Installing: /opt/workspace/install/libcurl_vendor/opt/libcurl_vendor/share/man/man3/CURLOPT_PROTOCOLS.3
[1.015s] -- Installing: /opt/workspace/install/libcurl_vendor/opt/libcurl_vendor/share/man/man3/CURLINFO_HTTPAUTH_AVAIL.3
[1.015s] -- Installing: /opt/workspace/install/libcurl_vendor/opt/libcurl_vendor/share/man/man3/CURLOPT_SSLCERTTYPE.3
[1.016s] -- Installing: /opt/workspace/install/libcurl_vendor/opt/libcurl_vendor/share/man/man3/CURLOPT_COOKIEFILE.3
[1.016s] -- Installing: /opt/workspace/install/libcurl_vendor/opt/libcurl_vendor/share/man/man3/CURLOPT_NOPROGRESS.3
[1.016s] -- Installing: /opt/workspace/install/libcurl_vendor/opt/libcurl_vendor/share/man/man3/CURLOPT_PASSWORD.3
[1.016s] -- Installing: /opt/workspace/install/libcurl_vendor/opt/libcurl_vendor/share/man/man3/CURLOPT_SSH_PRIVATE_KEYFILE.3
[1.016s] -- Installing: /opt/workspace/install/libcurl_vendor/opt/libcurl_vendor/share/man/man3/CURLOPT_RANDOM_FILE.3
[1.017s] -- Installing: /opt/workspace/install/libcurl_vendor/opt/libcurl_vendor/share/man/man3/CURLOPT_SOCKS5_AUTH.3
[1.018s] -- Installing: /opt/workspace/install/libcurl_vendor/opt/libcurl_vendor/share/man/man3/CURLOPT_PROXY_SSLCERT.3
[1.018s] -- Installing: /opt/workspace/install/libcurl_vendor/opt/libcurl_vendor/share/man/man3/libcurl-share.3
[1.018s] -- Installing: /opt/workspace/install/libcurl_vendor/opt/libcurl_vendor/share/man/man3/CURLOPT_PATH_AS_IS.3
[1.018s] -- Installing: /opt/workspace/install/libcurl_vendor/opt/libcurl_vendor/share/man/man3/curl_easy_strerror.3
[1.019s] -- Installing: /opt/workspace/install/libcurl_vendor/opt/libcurl_vendor/share/man/man3/CURLMOPT_CONTENT_LENGTH_PENALTY_SIZE.3
[1.019s] -- Installing: /opt/workspace/install/libcurl_vendor/opt/libcurl_vendor/share/man/man3/CURLMOPT_CHUNK_LENGTH_PENALTY_SIZE.3
[1.019s] -- Installing: /opt/workspace/install/libcurl_vendor/opt/libcurl_vendor/share/man/man3/CURLOPT_PROXY_TRANSFER_MODE.3
[1.020s] -- Installing: /opt/workspace/install/libcurl_vendor/opt/libcurl_vendor/share/man/man3/curl_mime_name.3
[1.020s] -- Installing: /opt/workspace/install/libcurl_vendor/opt/libcurl_vendor/share/man/man3/CURLOPT_FTP_USE_EPSV.3
[1.020s] -- Installing: /opt/workspace/install/libcurl_vendor/opt/libcurl_vendor/share/man/man3/curl_easy_reset.3
[1.021s] -- Installing: /opt/workspace/install/libcurl_vendor/opt/libcurl_vendor/share/man/man3/CURLOPT_SOCKS5_GSSAPI_NEC.3
[1.021s] -- Installing: /opt/workspace/install/libcurl_vendor/opt/libcurl_vendor/share/man/man3/CURLOPT_SSH_KNOWNHOSTS.3
[1.021s] -- Installing: /opt/workspace/install/libcurl_vendor/opt/libcurl_vendor/share/man/man3/CURLOPT_HTTPAUTH.3
[1.022s] -- Installing: /opt/workspace/install/libcurl_vendor/opt/libcurl_vendor/share/man/man3/CURLINFO_NAMELOOKUP_TIME.3
[1.022s] -- Installing: /opt/workspace/install/libcurl_vendor/opt/libcurl_vendor/share/man/man3/curl_easy_perform.3
[1.022s] -- Installing: /opt/workspace/install/libcurl_vendor/opt/libcurl_vendor/share/man/man3/curl_mime_init.3
[1.022s] -- Installing: /opt/workspace/install/libcurl_vendor/opt/libcurl_vendor/share/man/man3/CURLOPT_SSL_VERIFYSTATUS.3
[1.022s] -- Installing: /opt/workspace/install/libcurl_vendor/opt/libcurl_vendor/share/man/man3/CURLINFO_RTSP_CSEQ_RECV.3
[1.022s] -- Installing: /opt/workspace/install/libcurl_vendor/opt/libcurl_vendor/share/man/man3/curl_easy_init.3
[1.023s] -- Installing: /opt/workspace/install/libcurl_vendor/opt/libcurl_vendor/share/man/man3/CURLMOPT_MAX_TOTAL_CONNECTIONS.3
[1.023s] -- Installing: /opt/workspace/install/libcurl_vendor/opt/libcurl_vendor/share/man/man3/CURLOPT_TELNETOPTIONS.3
[1.024s] -- Installing: /opt/workspace/install/libcurl_vendor/opt/libcurl_vendor/share/man/man3/CURLOPT_KRBLEVEL.3
[1.024s] -- Installing: /opt/workspace/install/libcurl_vendor/opt/libcurl_vendor/share/man/man3/CURLOPT_TCP_KEEPIDLE.3
[1.024s] -- Installing: /opt/workspace/install/libcurl_vendor/opt/libcurl_vendor/share/man/man3/curl_multi_add_handle.3
[1.024s] -- Installing: /opt/workspace/install/libcurl_vendor/opt/libcurl_vendor/share/man/man3/CURLINFO_APPCONNECT_TIME.3
[1.025s] -- Installing: /opt/workspace/install/libcurl_vendor/opt/libcurl_vendor/share/man/man3/CURLINFO_HTTP_VERSION.3
[1.025s] -- Installing: /opt/workspace/install/libcurl_vendor/opt/libcurl_vendor/share/man/man3/CURLINFO_CONTENT_TYPE.3
[1.025s] -- Installing: /opt/workspace/install/libcurl_vendor/opt/libcurl_vendor/share/man/man3/CURLOPT_MAXREDIRS.3
[1.026s] -- Installing: /opt/workspace/install/libcurl_vendor/opt/libcurl_vendor/share/man/man3/CURLOPT_STDERR.3
[1.026s] -- Installing: /opt/workspace/install/libcurl_vendor/opt/libcurl_vendor/share/man/man3/CURLOPT_PROGRESSDATA.3
[1.026s] -- Installing: /opt/workspace/install/libcurl_vendor/opt/libcurl_vendor/share/man/man3/curl_multi_info_read.3
[1.026s] -- Installing: /opt/workspace/install/libcurl_vendor/opt/libcurl_vendor/share/man/man3/CURLOPT_LOCALPORTRANGE.3
[1.027s] -- Installing: /opt/workspace/install/libcurl_vendor/opt/libcurl_vendor/share/man/man3/CURLOPT_CERTINFO.3
[1.027s] -- Installing: /opt/workspace/install/libcurl_vendor/opt/libcurl_vendor/share/man/man3/CURLOPT_WRITEDATA.3
[1.027s] -- Installing: /opt/workspace/install/libcurl_vendor/opt/libcurl_vendor/share/man/man3/CURLINFO_SPEED_UPLOAD.3
[1.028s] -- Installing: /opt/workspace/install/libcurl_vendor/opt/libcurl_vendor/share/man/man3/CURLOPT_APPEND.3
[1.028s] -- Installing: /opt/workspace/install/libcurl_vendor/opt/libcurl_vendor/share/man/man3/CURLINFO_REQUEST_SIZE.3
[1.028s] -- Installing: /opt/workspace/install/libcurl_vendor/opt/libcurl_vendor/share/man/man3/CURLINFO_CONDITION_UNMET.3
[1.031s] -- Installing: /opt/workspace/install/libcurl_vendor/opt/libcurl_vendor/share/man/man3/CURLOPT_REDIR_PROTOCOLS.3
[1.031s] -- Installing: /opt/workspace/install/libcurl_vendor/opt/libcurl_vendor/share/man/man3/curl_multi_cleanup.3
[1.033s] -- Installing: /opt/workspace/install/libcurl_vendor/opt/libcurl_vendor/share/man/man3/curl_getenv.3
[1.033s] -- Installing: /opt/workspace/install/libcurl_vendor/opt/libcurl_vendor/share/man/man3/CURLOPT_PROXY_TLSAUTH_PASSWORD.3
[1.033s] -- Installing: /opt/workspace/install/libcurl_vendor/opt/libcurl_vendor/share/man/man3/CURLOPT_TLSAUTH_PASSWORD.3
[1.033s] -- Installing: /opt/workspace/install/libcurl_vendor/opt/libcurl_vendor/share/man/man3/CURLOPT_STREAM_DEPENDS_E.3
[1.034s] -- Installing: /opt/workspace/install/libcurl_vendor/opt/libcurl_vendor/share/man/man3/CURLINFO_LOCAL_IP.3
[1.034s] -- Installing: /opt/workspace/install/libcurl_vendor/opt/libcurl_vendor/share/man/man3/CURLINFO_RESPONSE_CODE.3
[1.034s] -- Installing: /opt/workspace/install/libcurl_vendor/opt/libcurl_vendor/share/man/man3/curl_multi_setopt.3
[1.034s] -- Installing: /opt/workspace/install/libcurl_vendor/opt/libcurl_vendor/share/man/man3/CURLOPT_MAIL_AUTH.3
[1.034s] -- Installing: /opt/workspace/install/libcurl_vendor/opt/libcurl_vendor/share/man/man3/curl_multi_perform.3
[1.035s] -- Installing: /opt/workspace/install/libcurl_vendor/opt/libcurl_vendor/share/man/man3/CURLOPT_KEEP_SENDING_ON_ERROR.3
[1.035s] -- Installing: /opt/workspace/install/libcurl_vendor/opt/libcurl_vendor/share/man/man3/CURLOPT_ACCEPTTIMEOUT_MS.3
[1.035s] -- Installing: /opt/workspace/install/libcurl_vendor/opt/libcurl_vendor/share/man/man3/CURLOPT_NOSIGNAL.3
[1.036s] -- Installing: /opt/workspace/install/libcurl_vendor/opt/libcurl_vendor/share/man/man3/CURLOPT_CONNECTTIMEOUT_MS.3
[1.036s] -- Installing: /opt/workspace/install/libcurl_vendor/opt/libcurl_vendor/share/man/man3/curl_multi_timeout.3
[1.036s] -- Installing: /opt/workspace/install/libcurl_vendor/opt/libcurl_vendor/share/man/man3/CURLOPT_PROGRESSFUNCTION.3
[1.036s] -- Installing: /opt/workspace/install/libcurl_vendor/opt/libcurl_vendor/share/man/man3/CURLOPT_INTERLEAVEFUNCTION.3
[1.036s] -- Installing: /opt/workspace/install/libcurl_vendor/opt/libcurl_vendor/share/man/man3/CURLOPT_SSL_OPTIONS.3
[1.037s] -- Installing: /opt/workspace/install/libcurl_vendor/opt/libcurl_vendor/share/man/man3/CURLINFO_CONTENT_LENGTH_UPLOAD.3
[1.037s] -- Installing: /opt/workspace/install/libcurl_vendor/opt/libcurl_vendor/share/man/man3/CURLOPT_RESUME_FROM.3
[1.037s] -- Installing: /opt/workspace/install/libcurl_vendor/opt/libcurl_vendor/share/man/man3/CURLOPT_POSTFIELDSIZE.3
[1.037s] -- Installing: /opt/workspace/install/libcurl_vendor/opt/libcurl_vendor/share/man/man3/CURLOPT_FAILONERROR.3
[1.037s] -- Installing: /opt/workspace/install/libcurl_vendor/opt/libcurl_vendor/share/man/man3/CURLINFO_HTTP_CONNECTCODE.3
[1.037s] -- Installing: /opt/workspace/install/libcurl_vendor/opt/libcurl_vendor/share/man/man3/CURLOPT_FTP_ACCOUNT.3
[1.038s] -- Installing: /opt/workspace/install/libcurl_vendor/opt/libcurl_vendor/share/man/man3/CURLOPT_FORBID_REUSE.3
[1.038s] -- Installing: /opt/workspace/install/libcurl_vendor/opt/libcurl_vendor/share/man/man3/CURLOPT_CLOSESOCKETDATA.3
[1.038s] -- Installing: /opt/workspace/install/libcurl_vendor/opt/libcurl_vendor/share/man/man3/curl_slist_free_all.3
[1.038s] -- Installing: /opt/workspace/install/libcurl_vendor/opt/libcurl_vendor/share/man/man3/CURLOPT_POSTFIELDSIZE_LARGE.3
[1.038s] -- Installing: /opt/workspace/install/libcurl_vendor/opt/libcurl_vendor/share/man/man3/CURLOPT_CONNECT_TO.3
[1.039s] -- Installing: /opt/workspace/install/libcurl_vendor/opt/libcurl_vendor/share/man/man3/CURLOPT_PROXYAUTH.3
[1.039s] -- Installing: /opt/workspace/install/libcurl_vendor/opt/libcurl_vendor/share/man/man3/CURLINFO_HEADER_SIZE.3
[1.039s] -- Installing: /opt/workspace/install/libcurl_vendor/opt/libcurl_vendor/share/man/man3/CURLOPT_SEEKDATA.3
[1.039s] -- Installing: /opt/workspace/install/libcurl_vendor/opt/libcurl_vendor/share/man/man3/CURLOPT_PROXY_SSLCERTTYPE.3
[1.039s] -- Installing: /opt/workspace/install/libcurl_vendor/opt/libcurl_vendor/share/man/man3/CURLOPT_USERAGENT.3
[1.040s] -- Installing: /opt/workspace/install/libcurl_vendor/opt/libcurl_vendor/share/man/man3/CURLINFO_PROXY_SSL_VERIFYRESULT.3
[1.040s] -- Installing: /opt/workspace/install/libcurl_vendor/opt/libcurl_vendor/share/man/man3/CURLOPT_IPRESOLVE.3
[1.040s] -- Installing: /opt/workspace/install/libcurl_vendor/opt/libcurl_vendor/share/man/man3/CURLOPT_CUSTOMREQUEST.3
[1.040s] -- Installing: /opt/workspace/install/libcurl_vendor/opt/libcurl_vendor/share/man/man3/CURLOPT_CRLFILE.3
[1.041s] -- Installing: /opt/workspace/install/libcurl_vendor/opt/libcurl_vendor/share/man/man3/CURLOPT_WILDCARDMATCH.3
[1.047s] -- Installing: /opt/workspace/install/libcurl_vendor/opt/libcurl_vendor/share/man/man3/CURLOPT_POST.3
[1.047s] -- Installing: /opt/workspace/install/libcurl_vendor/opt/libcurl_vendor/share/man/man3/CURLOPT_SSL_VERIFYPEER.3
[1.048s] -- Installing: /opt/workspace/install/libcurl_vendor/opt/libcurl_vendor/share/man/man3/libcurl.3
[1.048s] -- Installing: /opt/workspace/install/libcurl_vendor/opt/libcurl_vendor/share/man/man3/CURLOPT_HTTPPOST.3
[1.048s] -- Installing: /opt/workspace/install/libcurl_vendor/opt/libcurl_vendor/share/man/man3/CURLOPT_PINNEDPUBLICKEY.3
[1.048s] -- Installing: /opt/workspace/install/libcurl_vendor/opt/libcurl_vendor/share/man/man3/CURLOPT_RTSP_CLIENT_CSEQ.3
[1.048s] -- Installing: /opt/workspace/install/libcurl_vendor/opt/libcurl_vendor/share/man/man3/CURLINFO_SIZE_DOWNLOAD.3
[1.049s] -- Installing: /opt/workspace/install/libcurl_vendor/opt/libcurl_vendor/share/man/man3/CURLOPT_SSL_CIPHER_LIST.3
[1.049s] -- Installing: /opt/workspace/install/libcurl_vendor/opt/libcurl_vendor/share/man/man3/CURLINFO_LOCAL_PORT.3
[1.049s] -- Installing: /opt/workspace/install/libcurl_vendor/opt/libcurl_vendor/share/man/man3/CURLOPT_PIPEWAIT.3
[1.049s] -- Installing: /opt/workspace/install/libcurl_vendor/opt/libcurl_vendor/share/man/man3/CURLOPT_USERPWD.3
[1.050s] -- Installing: /opt/workspace/install/libcurl_vendor/opt/libcurl_vendor/share/man/man3/curl_mime_headers.3
[1.050s] -- Installing: /opt/workspace/install/libcurl_vendor/opt/libcurl_vendor/share/man/man3/CURLOPT_RTSP_SESSION_ID.3
[1.050s] -- Installing: /opt/workspace/install/libcurl_vendor/opt/libcurl_vendor/share/man/man3/CURLINFO_SCHEME.3
[1.051s] -- Installing: /opt/workspace/install/libcurl_vendor/opt/libcurl_vendor/share/man/man3/curl_escape.3
[1.051s] -- Installing: /opt/workspace/install/libcurl_vendor/opt/libcurl_vendor/share/man/man3/CURLOPT_MAX_SEND_SPEED_LARGE.3
[1.051s] -- Installing: /opt/workspace/install/libcurl_vendor/opt/libcurl_vendor/share/man/man3/CURLOPT_SEEKFUNCTION.3
[1.051s] -- Installing: /opt/workspace/install/libcurl_vendor/opt/libcurl_vendor/share/man/man3/CURLOPT_FNMATCH_DATA.3
[1.052s] -- Installing: /opt/workspace/install/libcurl_vendor/opt/libcurl_vendor/share/man/man3/CURLOPT_FTP_RESPONSE_TIMEOUT.3
[1.052s] -- Installing: /opt/workspace/install/libcurl_vendor/opt/libcurl_vendor/share/man/man3/CURLINFO_CONTENT_LENGTH_DOWNLOAD_T.3
[1.052s] -- Installing: /opt/workspace/install/libcurl_vendor/opt/libcurl_vendor/share/man/man3/CURLOPT_DEBUGDATA.3
[1.052s] -- Installing: /opt/workspace/install/libcurl_vendor/opt/libcurl_vendor/share/man/man3/CURLOPT_RESOLVE.3
[1.053s] -- Installing: /opt/workspace/install/libcurl_vendor/opt/libcurl_vendor/share/man/man3/CURLOPT_FRESH_CONNECT.3
[1.053s] -- Installing: /opt/workspace/install/libcurl_vendor/opt/libcurl_vendor/share/man/man3/CURLOPT_SUPPRESS_CONNECT_HEADERS.3
[1.053s] -- Installing: /opt/workspace/install/libcurl_vendor/opt/libcurl_vendor/share/man/man3/CURLOPT_SSL_FALSESTART.3
[1.053s] -- Installing: /opt/workspace/install/libcurl_vendor/opt/libcurl_vendor/share/man/man3/curl_mime_data_cb.3
[1.053s] -- Installing: /opt/workspace/install/libcurl_vendor/opt/libcurl_vendor/share/man/man3/CURLOPT_CAPATH.3
[1.054s] -- Installing: /opt/workspace/install/libcurl_vendor/opt/libcurl_vendor/share/man/man3/CURLOPT_PROXY_CAPATH.3
[1.054s] -- Installing: /opt/workspace/install/libcurl_vendor/opt/libcurl_vendor/share/man/man3/CURLOPT_FILETIME.3
[1.054s] -- Installing: /opt/workspace/install/libcurl_vendor/opt/libcurl_vendor/share/man/man3/CURLOPT_HEADER.3
[1.054s] -- Installing: /opt/workspace/install/libcurl_vendor/opt/libcurl_vendor/share/man/man3/CURLMOPT_PIPELINING.3
[1.054s] -- Installing: /opt/workspace/install/libcurl_vendor/opt/libcurl_vendor/share/man/man3/curl_easy_send.3
[1.055s] -- Installing: /opt/workspace/install/libcurl_vendor/opt/libcurl_vendor/share/man/man3/CURLOPT_STREAM_WEIGHT.3
[1.055s] -- Installing: /opt/workspace/install/libcurl_vendor/opt/libcurl_vendor/share/man/man3/CURLOPT_PROXYPASSWORD.3
[1.055s] -- Installing: /opt/workspace/install/libcurl_vendor/opt/libcurl_vendor/share/man/man3/CURLOPT_STREAM_DEPENDS.3
[1.055s] -- Installing: /opt/workspace/install/libcurl_vendor/opt/libcurl_vendor/share/man/man3/CURLINFO_CONTENT_LENGTH_UPLOAD_T.3
[1.056s] -- Installing: /opt/workspace/install/libcurl_vendor/opt/libcurl_vendor/share/man/man3/CURLOPT_HEADERDATA.3
[1.056s] -- Installing: /opt/workspace/install/libcurl_vendor/opt/libcurl_vendor/share/man/man3/CURLOPT_RTSP_STREAM_URI.3
[1.056s] -- Installing: /opt/workspace/install/libcurl_vendor/opt/libcurl_vendor/share/man/man3/CURLOPT_PROXY_PINNEDPUBLICKEY.3
[1.058s] -- Installing: /opt/workspace/install/libcurl_vendor/opt/libcurl_vendor/share/man/man3/curl_slist_append.3
[1.067s] -- Installing: /opt/workspace/install/libcurl_vendor/opt/libcurl_vendor/share/man/man3/CURLOPT_NOBODY.3
[1.067s] -- Installing: /opt/workspace/install/libcurl_vendor/opt/libcurl_vendor/share/man/man3/CURLOPT_LOW_SPEED_LIMIT.3
[1.067s] -- Installing: /opt/workspace/install/libcurl_vendor/opt/libcurl_vendor/share/man/man3/CURLOPT_PROXY_CAINFO.3
[1.068s] -- Installing: /opt/workspace/install/libcurl_vendor/opt/libcurl_vendor/share/man/man3/CURLOPT_HTTPHEADER.3
[1.068s] -- Installing: /opt/workspace/install/libcurl_vendor/opt/libcurl_vendor/share/man/man3/CURLINFO_COOKIELIST.3
[1.068s] -- Installing: /opt/workspace/install/libcurl_vendor/opt/libcurl_vendor/share/man/man3/CURLOPT_NETRC.3
[1.068s] -- Installing: /opt/workspace/install/libcurl_vendor/opt/libcurl_vendor/share/man/man3/CURLOPT_PROXYPORT.3
[1.068s] -- Installing: /opt/workspace/install/libcurl_vendor/opt/libcurl_vendor/share/man/man3/CURLOPT_HTTPGET.3
[1.069s] -- Installing: /opt/workspace/install/libcurl_vendor/opt/libcurl_vendor/share/man/man3/CURLOPT_BUFFERSIZE.3
[1.069s] -- Installing: /opt/workspace/install/libcurl_vendor/opt/libcurl_vendor/share/man/man3/CURLINFO_CERTINFO.3
[1.069s] -- Installing: /opt/workspace/install/libcurl_vendor/opt/libcurl_vendor/share/man/man3/CURLINFO_CONTENT_LENGTH_DOWNLOAD.3
[1.070s] -- Installing: /opt/workspace/install/libcurl_vendor/opt/libcurl_vendor/share/man/man3/CURLOPT_FTP_CREATE_MISSING_DIRS.3
[1.070s] -- Installing: /opt/workspace/install/libcurl_vendor/opt/libcurl_vendor/share/man/man3/CURLINFO_SIZE_DOWNLOAD_T.3
[1.071s] -- Installing: /opt/workspace/install/libcurl_vendor/opt/libcurl_vendor/share/man/man3/CURLOPT_PROXY_SSL_OPTIONS.3
[1.072s] -- Installing: /opt/workspace/install/libcurl_vendor/opt/libcurl_vendor/share/man/man3/CURLOPT_NEW_FILE_PERMS.3
[1.072s] -- Installing: /opt/workspace/install/libcurl_vendor/opt/libcurl_vendor/share/man/man3/CURLOPT_NOPROXY.3
[1.072s] -- Installing: /opt/workspace/install/libcurl_vendor/opt/libcurl_vendor/share/man/man3/CURLMOPT_TIMERFUNCTION.3
[1.072s] -- Installing: /opt/workspace/install/libcurl_vendor/opt/libcurl_vendor/share/man/man3/CURLOPT_PRIVATE.3
[1.073s] -- Installing: /opt/workspace/install/libcurl_vendor/opt/libcurl_vendor/share/man/man3/CURLMOPT_TIMERDATA.3
[1.073s] -- Installing: /opt/workspace/install/libcurl_vendor/opt/libcurl_vendor/share/man/man3/CURLOPT_SSL_CTX_DATA.3
[1.074s] -- Installing: /opt/workspace/install/libcurl_vendor/opt/libcurl_vendor/share/man/man3/curl_multi_remove_handle.3
[1.074s] -- Installing: /opt/workspace/install/libcurl_vendor/opt/libcurl_vendor/share/man/man3/CURLOPT_OPENSOCKETFUNCTION.3
[1.074s] -- Installing: /opt/workspace/install/libcurl_vendor/opt/libcurl_vendor/share/man/man3/CURLOPT_AUTOREFERER.3
[1.074s] -- Installing: /opt/workspace/install/libcurl_vendor/opt/libcurl_vendor/share/man/man3/CURLOPT_CHUNK_DATA.3
[1.077s] -- Installing: /opt/workspace/install/libcurl_vendor/opt/libcurl_vendor/share/man/man3/libcurl-errors.3
[1.078s] -- Installing: /opt/workspace/install/libcurl_vendor/opt/libcurl_vendor/share/man/man3/curl_version.3
[1.078s] -- Installing: /opt/workspace/install/libcurl_vendor/opt/libcurl_vendor/share/man/man3/curl_easy_unescape.3
[1.079s] -- Installing: /opt/workspace/install/libcurl_vendor/opt/libcurl_vendor/share/man/man3/CURLOPT_DIRLISTONLY.3
[1.080s] -- Installing: /opt/workspace/install/libcurl_vendor/opt/libcurl_vendor/share/man/man3/CURLINFO_SSL_ENGINES.3
[1.083s] -- Installing: /opt/workspace/install/libcurl_vendor/opt/libcurl_vendor/share/man/man3/CURLOPT_USE_SSL.3
[1.083s] -- Installing: /opt/workspace/install/libcurl_vendor/opt/libcurl_vendor/share/man/man3/CURLOPT_NETRC_FILE.3
[1.084s] -- Installing: /opt/workspace/install/libcurl_vendor/opt/libcurl_vendor/share/man/man3/CURLOPT_TLSAUTH_USERNAME.3
[1.084s] -- Installing: /opt/workspace/install/libcurl_vendor/opt/libcurl_vendor/share/man/man3/curl_free.3
[1.084s] -- Installing: /opt/workspace/install/libcurl_vendor/opt/libcurl_vendor/share/man/man3/curl_easy_pause.3
[1.084s] -- Installing: /opt/workspace/install/libcurl_vendor/opt/libcurl_vendor/share/man/man3/CURLOPT_DNS_USE_GLOBAL_CACHE.3
[1.085s] -- Installing: /opt/workspace/install/libcurl_vendor/opt/libcurl_vendor/share/man/man3/CURLOPT_PROXY_TLSAUTH_USERNAME.3
[1.085s] -- Installing: /opt/workspace/install/libcurl_vendor/opt/libcurl_vendor/share/man/man3/CURLOPT_SSLCERT.3
[1.085s] -- Installing: /opt/workspace/install/libcurl_vendor/opt/libcurl_vendor/share/man/man3/CURLOPT_IOCTLFUNCTION.3
[1.086s] -- Installing: /opt/workspace/install/libcurl_vendor/opt/libcurl_vendor/share/man/man3/CURLOPT_DNS_LOCAL_IP4.3
[1.086s] -- Installing: /opt/workspace/install/libcurl_vendor/opt/libcurl_vendor/share/man/man3/CURLOPT_HTTP_VERSION.3
[1.090s] -- Installing: /opt/workspace/install/libcurl_vendor/opt/libcurl_vendor/share/man/man3/CURLINFO_REDIRECT_COUNT.3
[1.090s] -- Installing: /opt/workspace/install/libcurl_vendor/opt/libcurl_vendor/share/man/man3/curl_version_info.3
[1.091s] -- Installing: /opt/workspace/install/libcurl_vendor/opt/libcurl_vendor/share/man/man3/CURLOPT_KEYPASSWD.3
[1.097s] -- Installing: /opt/workspace/install/libcurl_vendor/opt/libcurl_vendor/share/man/man3/CURLOPT_PROXY_SSL_CIPHER_LIST.3
[1.098s] -- Installing: /opt/workspace/install/libcurl_vendor/opt/libcurl_vendor/share/man/man3/CURLOPT_FTPPORT.3
[1.098s] -- Installing: /opt/workspace/install/libcurl_vendor/opt/libcurl_vendor/share/man/man3/CURLOPT_PROXY_KEYPASSWD.3
[1.099s] -- Installing: /opt/workspace/install/libcurl_vendor/opt/libcurl_vendor/share/man/man3/CURLOPT_SHARE.3
[1.099s] -- Installing: /opt/workspace/install/libcurl_vendor/opt/libcurl_vendor/share/man/man3/CURLOPT_SSH_KEYFUNCTION.3
[1.099s] -- Installing: /opt/workspace/install/libcurl_vendor/opt/libcurl_vendor/share/man/man3/libcurl-multi.3
[1.099s] -- Installing: /opt/workspace/install/libcurl_vendor/opt/libcurl_vendor/share/man/man3/CURLOPT_FTPSSLAUTH.3
[1.100s] -- Installing: /opt/workspace/install/libcurl_vendor/opt/libcurl_vendor/share/man/man3/CURLINFO_FILETIME.3
[1.100s] -- Installing: /opt/workspace/install/libcurl_vendor/opt/libcurl_vendor/share/man/man3/CURLOPT_PROXY_SSLKEYTYPE.3
[1.101s] -- Installing: /opt/workspace/install/libcurl_vendor/opt/libcurl_vendor/share/man/man3/CURLOPT_HEADEROPT.3
[1.101s] -- Installing: /opt/workspace/install/libcurl_vendor/opt/libcurl_vendor/share/man/man3/CURLOPT_SSL_CTX_FUNCTION.3
[1.102s] -- Installing: /opt/workspace/install/libcurl_vendor/opt/libcurl_vendor/share/man/man3/curl_formadd.3
[1.102s] -- Installing: /opt/workspace/install/libcurl_vendor/opt/libcurl_vendor/share/man/man3/CURLINFO_PRIVATE.3
[1.102s] -- Installing: /opt/workspace/install/libcurl_vendor/opt/libcurl_vendor/share/man/man3/CURLOPT_TIMEOUT_MS.3
[1.102s] -- Installing: /opt/workspace/install/libcurl_vendor/opt/libcurl_vendor/share/man/man3/CURLOPT_REFERER.3
[1.102s] -- Installing: /opt/workspace/install/libcurl_vendor/opt/libcurl_vendor/share/man/man3/CURLOPT_PROXY_SSLVERSION.3
[1.103s] -- Installing: /opt/workspace/install/libcurl_vendor/opt/libcurl_vendor/share/man/man3/CURLINFO_RTSP_SERVER_CSEQ.3
[1.103s] -- Installing: /opt/workspace/install/libcurl_vendor/opt/libcurl_vendor/share/man/man3/CURLOPT_ERRORBUFFER.3
[1.103s] -- Installing: /opt/workspace/install/libcurl_vendor/opt/libcurl_vendor/share/man/man3/CURLOPT_MAXFILESIZE.3
[1.103s] -- Installing: /opt/workspace/install/libcurl_vendor/opt/libcurl_vendor/share/man/man3/CURLOPT_SSLENGINE_DEFAULT.3
[1.103s] -- Installing: /opt/workspace/install/libcurl_vendor/opt/libcurl_vendor/share/man/man3/curl_easy_setopt.3
[1.104s] -- Installing: /opt/workspace/install/libcurl_vendor/opt/libcurl_vendor/share/man/man3/CURLINFO_OS_ERRNO.3
[1.104s] -- Installing: /opt/workspace/install/libcurl_vendor/opt/libcurl_vendor/share/man/man3/CURLINFO_ACTIVESOCKET.3
[1.104s] -- Installing: /opt/workspace/install/libcurl_vendor/opt/libcurl_vendor/share/man/man3/CURLOPT_RTSP_TRANSPORT.3
[1.104s] -- Installing: /opt/workspace/install/libcurl_vendor/opt/libcurl_vendor/share/man/man3/CURLOPT_DNS_SERVERS.3
[1.105s] -- Installing: /opt/workspace/install/libcurl_vendor/opt/libcurl_vendor/share/man/man3/CURLOPT_EXPECT_100_TIMEOUT_MS.3
[1.105s] -- Installing: /opt/workspace/install/libcurl_vendor/opt/libcurl_vendor/share/man/man3/CURLOPT_SSLKEY.3
[1.105s] -- Installing: /opt/workspace/install/libcurl_vendor/opt/libcurl_vendor/share/man/man3/CURLOPT_PROXY_SSL_VERIFYHOST.3
[1.105s] -- Installing: /opt/workspace/install/libcurl_vendor/opt/libcurl_vendor/share/man/man3/CURLOPT_CHUNK_BGN_FUNCTION.3
[1.105s] -- Installing: /opt/workspace/install/libcurl_vendor/opt/libcurl_vendor/share/man/man3/CURLINFO_STARTTRANSFER_TIME.3
[1.106s] -- Installing: /opt/workspace/install/libcurl_vendor/opt/libcurl_vendor/share/man/man3/CURLOPT_TFTP_NO_OPTIONS.3
[1.106s] -- Installing: /opt/workspace/install/libcurl_vendor/opt/libcurl_vendor/share/man/man3/CURLINFO_FTP_ENTRY_PATH.3
[1.106s] -- Installing: /opt/workspace/install/libcurl_vendor/opt/libcurl_vendor/share/man/man3/CURLOPT_PROXY_SSL_VERIFYPEER.3
[1.106s] -- Installing: /opt/workspace/install/libcurl_vendor/opt/libcurl_vendor/share/man/man3/CURLINFO_PROTOCOL.3
[1.106s] -- Installing: /opt/workspace/install/libcurl_vendor/opt/libcurl_vendor/share/man/man3/curl_easy_recv.3
[1.107s] -- Installing: /opt/workspace/install/libcurl_vendor/opt/libcurl_vendor/share/man/man3/CURLOPT_LOW_SPEED_TIME.3
[1.107s] -- Installing: /opt/workspace/install/libcurl_vendor/opt/libcurl_vendor/share/man/man3/CURLOPT_COOKIESESSION.3
[1.107s] -- Installing: /opt/workspace/install/libcurl_vendor/opt/libcurl_vendor/share/man/man3/CURLOPT_SOCKS5_GSSAPI_SERVICE.3
[1.107s] -- Installing: /opt/workspace/install/libcurl_vendor/opt/libcurl_vendor/share/man/man3/curl_global_sslset.3
[1.107s] -- Installing: /opt/workspace/install/libcurl_vendor/opt/libcurl_vendor/share/man/man3/CURLOPT_SSLVERSION.3
[1.108s] -- Installing: /opt/workspace/install/libcurl_vendor/opt/libcurl_vendor/share/man/man3/CURLOPT_MAIL_RCPT.3
[1.108s] -- Installing: /opt/workspace/install/libcurl_vendor/opt/libcurl_vendor/share/man/man3/curl_strnequal.3
[1.108s] -- Installing: /opt/workspace/install/libcurl_vendor/opt/libcurl_vendor/share/man/man3/CURLINFO_PRETRANSFER_TIME.3
[1.108s] -- Installing: /opt/workspace/install/libcurl_vendor/opt/libcurl_vendor/share/man/man3/CURLMOPT_PIPELINING_SITE_BL.3
[1.108s] -- Installing: /opt/workspace/install/libcurl_vendor/opt/libcurl_vendor/share/man/man3/CURLOPT_CONNECTTIMEOUT.3
[1.109s] -- Installing: /opt/workspace/install/libcurl_vendor/opt/libcurl_vendor/share/man/man3/CURLOPT_TIMEOUT.3
[1.109s] -- Installing: /opt/workspace/install/libcurl_vendor/opt/libcurl_vendor/share/man/man3/CURLOPT_FTP_FILEMETHOD.3
[1.109s] -- Installing: /opt/workspace/install/libcurl_vendor/opt/libcurl_vendor/share/man/man3/CURLOPT_INTERFACE.3
[1.109s] -- Installing: /opt/workspace/install/libcurl_vendor/opt/libcurl_vendor/share/man/man3/CURLMOPT_PUSHDATA.3
[1.110s] -- Installing: /opt/workspace/install/libcurl_vendor/opt/libcurl_vendor/share/man/man3/CURLOPT_MIMEPOST.3
[1.110s] -- Installing: /opt/workspace/install/libcurl_vendor/opt/libcurl_vendor/share/man/man3/CURLOPT_FTP_SSL_CCC.3
[1.110s] -- Installing: /opt/workspace/install/libcurl_vendor/opt/libcurl_vendor/share/man/man3/curl_formget.3
[1.110s] -- Installing: /opt/workspace/install/libcurl_vendor/opt/libcurl_vendor/share/man/man3/CURLOPT_RANGE.3
[1.110s] -- Installing: /opt/workspace/install/libcurl_vendor/opt/libcurl_vendor/share/man/man3/CURLOPT_SSL_SESSIONID_CACHE.3
[1.111s] -- Installing: /opt/workspace/install/libcurl_vendor/opt/libcurl_vendor/share/man/man3/curl_multi_socket.3
[1.111s] -- Installing: /opt/workspace/install/libcurl_vendor/opt/libcurl_vendor/share/man/man3/curl_global_init.3
[1.111s] -- Installing: /opt/workspace/install/libcurl_vendor/opt/libcurl_vendor/share/man/man3/CURLOPT_FOLLOWLOCATION.3
[1.111s] -- Installing: /opt/workspace/install/libcurl_vendor/opt/libcurl_vendor/share/man/man3/CURLOPT_TCP_KEEPINTVL.3
[1.112s] -- Installing: /opt/workspace/install/libcurl_vendor/opt/libcurl_vendor/share/man/man3/CURLMOPT_MAX_HOST_CONNECTIONS.3
[1.112s] -- Installing: /opt/workspace/install/libcurl_vendor/opt/libcurl_vendor/share/man/man3/CURLOPT_HTTP_CONTENT_DECODING.3
[1.112s] -- Installing: /opt/workspace/install/libcurl_vendor/opt/libcurl_vendor/share/man/man3/CURLOPT_DNS_INTERFACE.3
[1.112s] -- Installing: /opt/workspace/install/libcurl_vendor/opt/libcurl_vendor/share/man/man3/CURLINFO_SSL_VERIFYRESULT.3
[1.112s] -- Installing: /opt/workspace/install/libcurl_vendor/opt/libcurl_vendor/share/man/man3/CURLOPT_PREQUOTE.3
[1.113s] -- Installing: /opt/workspace/install/libcurl_vendor/opt/libcurl_vendor/share/man/man3/CURLOPT_SSH_KEYDATA.3
[1.113s] -- Installing: /opt/workspace/install/libcurl_vendor/opt/libcurl_vendor/share/man/man3/CURLOPT_UNIX_SOCKET_PATH.3
[1.113s] -- Installing: /opt/workspace/install/libcurl_vendor/opt/libcurl_vendor/share/man/man3/CURLOPT_RESUME_FROM_LARGE.3
[1.113s] -- Installing: /opt/workspace/install/libcurl_vendor/opt/libcurl_vendor/share/man/man3/CURLOPT_ADDRESS_SCOPE.3
[1.114s] -- Installing: /opt/workspace/install/libcurl_vendor/opt/libcurl_vendor/share/man/man3/curl_easy_cleanup.3
[1.114s] -- Installing: /opt/workspace/install/libcurl_vendor/opt/libcurl_vendor/share/man/man3/CURLINFO_CONNECT_TIME.3
[1.114s] -- Installing: /opt/workspace/install/libcurl_vendor/opt/libcurl_vendor/share/man/man3/curl_mime_subparts.3
[1.114s] -- Installing: /opt/workspace/install/libcurl_vendor/opt/libcurl_vendor/share/man/man3/curl_mprintf.3
[1.114s] -- Installing: /opt/workspace/install/libcurl_vendor/opt/libcurl_vendor/share/man/man3/curl_easy_duphandle.3
[1.115s] -- Installing: /opt/workspace/install/libcurl_vendor/opt/libcurl_vendor/share/man/man3/CURLOPT_PROXY_CRLFILE.3
[1.117s] -- Installing: /opt/workspace/install/libcurl_vendor/opt/libcurl_vendor/share/man/man3/CURLOPT_PROXY_SERVICE_NAME.3
[1.117s] -- Installing: /opt/workspace/install/libcurl_vendor/opt/libcurl_vendor/share/man/man3/curl_mime_free.3
[1.118s] -- Installing: /opt/workspace/install/libcurl_vendor/opt/libcurl_vendor/share/man/man3/CURLOPT_PROXYHEADER.3
[1.119s] -- Installing: /opt/workspace/install/libcurl_vendor/opt/libcurl_vendor/share/man/man3/curl_easy_getinfo.3
[1.119s] -- Installing: /opt/workspace/install/libcurl_vendor/opt/libcurl_vendor/share/man/man3/CURLOPT_CONV_FROM_NETWORK_FUNCTION.3
[1.119s] -- Installing: /opt/workspace/install/libcurl_vendor/opt/libcurl_vendor/share/man/man3/CURLOPT_DEBUGFUNCTION.3
[1.119s] -- Installing: /opt/workspace/install/libcurl_vendor/opt/libcurl_vendor/share/man/man3/CURLOPT_COOKIE.3
[1.120s] -- Installing: /opt/workspace/install/libcurl_vendor/opt/libcurl_vendor/share/man/man3/CURLOPT_WRITEFUNCTION.3
[1.121s] -- Installing: /opt/workspace/install/libcurl_vendor/opt/libcurl_vendor/share/man/man3/CURLINFO_SPEED_DOWNLOAD_T.3
[1.127s] -- Installing: /opt/workspace/install/libcurl_vendor/opt/libcurl_vendor/share/man/man3/CURLOPT_OPENSOCKETDATA.3
[1.133s] -- Installing: /opt/workspace/install/libcurl_vendor/opt/libcurl_vendor/share/man/man3/CURLOPT_PRE_PROXY.3
[1.133s] -- Installing: /opt/workspace/install/libcurl_vendor/opt/libcurl_vendor/share/man/man3/CURLOPT_SSL_ENABLE_NPN.3
[1.133s] -- Installing: /opt/workspace/install/libcurl_vendor/opt/libcurl_vendor/share/man/man3/CURLOPT_XFERINFOFUNCTION.3
[1.142s] -- Installing: /opt/workspace/install/libcurl_vendor/opt/libcurl_vendor/share/man/man3/CURLOPT_SSH_PUBLIC_KEYFILE.3
[1.142s] -- Installing: /opt/workspace/install/libcurl_vendor/opt/libcurl_vendor/share/man/man3/CURLOPT_TRANSFER_ENCODING.3
[1.142s] -- Installing: /opt/workspace/install/libcurl_vendor/opt/libcurl_vendor/share/man/man3/CURLOPT_HTTPPROXYTUNNEL.3
[1.143s] -- Installing: /opt/workspace/install/libcurl_vendor/opt/libcurl_vendor/share/man/man3/CURLOPT_TRANSFERTEXT.3
[1.143s] -- Installing: /opt/workspace/install/libcurl_vendor/opt/libcurl_vendor/share/man/man3/CURLOPT_UNRESTRICTED_AUTH.3
[1.143s] -- Installing: /opt/workspace/install/libcurl_vendor/opt/libcurl_vendor/share/man/man3/CURLOPT_SSH_COMPRESSION.3
[1.143s] -- Installing: /opt/workspace/install/libcurl_vendor/opt/libcurl_vendor/share/man/man3/curl_easy_escape.3
[1.143s] -- Installing: /opt/workspace/install/libcurl_vendor/opt/libcurl_vendor/share/man/man3/CURLOPT_POSTQUOTE.3
[1.144s] -- Installing: /opt/workspace/install/libcurl_vendor/opt/libcurl_vendor/share/man/man3/CURLOPT_RTSP_SERVER_CSEQ.3
[1.144s] -- Installing: /opt/workspace/install/libcurl_vendor/opt/libcurl_vendor/share/man/man3/CURLINFO_TLS_SSL_PTR.3
[1.144s] -- Installing: /opt/workspace/install/libcurl_vendor/opt/libcurl_vendor/share/man/man3/CURLOPT_INTERLEAVEDATA.3
[1.144s] -- Installing: /opt/workspace/install/libcurl_vendor/opt/libcurl_vendor/share/man/man3/CURLOPT_SERVICE_NAME.3
[1.145s] -- Installing: /opt/workspace/install/libcurl_vendor/opt/libcurl_vendor/share/man/man3/CURLMOPT_PUSHFUNCTION.3
[1.145s] -- Installing: /opt/workspace/install/libcurl_vendor/opt/libcurl_vendor/share/man/man3/CURLOPT_PROXY_TLSAUTH_TYPE.3
[1.145s] -- Installing: /opt/workspace/install/libcurl_vendor/opt/libcurl_vendor/share/man/man3/CURLOPT_SSL_VERIFYHOST.3
[1.145s] -- Installing: /opt/workspace/install/libcurl_vendor/opt/libcurl_vendor/share/man/man3/CURLMOPT_MAXCONNECTS.3
[1.145s] -- Installing: /opt/workspace/install/libcurl_vendor/opt/libcurl_vendor/share/man/man3/CURLOPT_COOKIEJAR.3
[1.145s] -- Installing: /opt/workspace/install/libcurl_vendor/opt/libcurl_vendor/share/man/man3/curl_global_cleanup.3
[1.146s] -- Installing: /opt/workspace/install/libcurl_vendor/opt/libcurl_vendor/share/man/man3/CURLOPT_MAIL_FROM.3
[1.146s] -- Installing: /opt/workspace/install/libcurl_vendor/opt/libcurl_vendor/share/man/man3/CURLOPT_COOKIELIST.3
[1.152s] -- Installing: /opt/workspace/install/libcurl_vendor/opt/libcurl_vendor/share/man/man3/curl_global_init_mem.3
[1.152s] -- Installing: /opt/workspace/install/libcurl_vendor/opt/libcurl_vendor/share/man/man3/CURLOPT_SSLENGINE.3
[1.152s] -- Installing: /opt/workspace/install/libcurl_vendor/opt/libcurl_vendor/share/man/man3/CURLINFO_SIZE_UPLOAD_T.3
[1.153s] -- Installing: /opt/workspace/install/libcurl_vendor/opt/libcurl_vendor/share/man/man3/CURLOPT_CRLF.3
[1.153s] -- Installing: /opt/workspace/install/libcurl_vendor/opt/libcurl_vendor/share/man/man3/CURLINFO_SPEED_DOWNLOAD.3
[1.153s] -- Installing: /opt/workspace/install/libcurl_vendor/opt/libcurl_vendor/share/man/man3/CURLOPT_SSH_HOST_PUBLIC_KEY_MD5.3
[1.153s] -- Installing: /opt/workspace/install/libcurl_vendor/opt/libcurl_vendor/share/man/man3/CURLOPT_UPLOAD.3
[1.153s] -- Installing: /opt/workspace/install/libcurl_vendor/opt/libcurl_vendor/share/man/man3/curl_share_cleanup.3
[1.154s] -- Installing: /opt/workspace/install/libcurl_vendor/opt/libcurl_vendor/share/man/man3/curl_mime_addpart.3
[1.154s] -- Installing: /opt/workspace/install/libcurl_vendor/opt/libcurl_vendor/share/man/man3/CURLOPT_CONNECT_ONLY.3
[1.154s] -- Installing: /opt/workspace/install/libcurl_vendor/opt/libcurl_vendor/share/man/man3/CURLOPT_PROXY.3
[1.154s] -- Installing: /opt/workspace/install/libcurl_vendor/opt/libcurl_vendor/share/man/man3/CURLOPT_IOCTLDATA.3
[1.154s] -- Installing: /opt/workspace/install/libcurl_vendor/opt/libcurl_vendor/share/man/man3/CURLMOPT_SOCKETFUNCTION.3
[1.155s] -- Installing: /opt/workspace/install/libcurl_vendor/opt/libcurl_vendor/share/man/man3/CURLINFO_SPEED_UPLOAD_T.3
[1.155s] -- Installing: /opt/workspace/install/libcurl_vendor/opt/libcurl_vendor/share/man/man3/libcurl-symbols.3
[1.155s] -- Installing: /opt/workspace/install/libcurl_vendor/opt/libcurl_vendor/share/man/man3/CURLOPT_TCP_FASTOPEN.3
[1.155s] -- Installing: /opt/workspace/install/libcurl_vendor/opt/libcurl_vendor/share/man/man3/CURLOPT_USERNAME.3
[1.155s] -- Installing: /opt/workspace/install/libcurl_vendor/opt/libcurl_vendor/share/man/man3/CURLOPT_XOAUTH2_BEARER.3
[1.155s] -- Installing: /opt/workspace/install/libcurl_vendor/opt/libcurl_vendor/share/man/man3/CURLOPT_READDATA.3
[1.156s] -- Installing: /opt/workspace/install/libcurl_vendor/opt/libcurl_vendor/share/man/man3/CURLOPT_INFILESIZE.3
[1.156s] -- Installing: /opt/workspace/install/libcurl_vendor/opt/libcurl_vendor/share/man/man3/curl_strequal.3
[1.156s] -- Installing: /opt/workspace/install/libcurl_vendor/opt/libcurl_vendor/share/man/man3/CURLINFO_EFFECTIVE_URL.3
[1.156s] -- Installing: /opt/workspace/install/libcurl_vendor/opt/libcurl_vendor/share/man/man3/CURLOPT_FTP_USE_PRET.3
[1.156s] -- Installing: /opt/workspace/install/libcurl_vendor/opt/libcurl_vendor/share/man/man3/CURLOPT_PROXY_SSLKEY.3
[1.157s] -- Installing: /opt/workspace/install/libcurl_vendor/opt/libcurl_vendor/share/man/man3/CURLOPT_VERBOSE.3
[1.157s] -- Installing: /opt/workspace/install/libcurl_vendor/opt/libcurl_vendor/share/man/man3/CURLOPT_GSSAPI_DELEGATION.3
[1.157s] -- Installing: /opt/workspace/install/libcurl_vendor/opt/libcurl_vendor/share/man/man3/CURLOPT_PORT.3
[1.158s] -- Installing: /opt/workspace/install/libcurl_vendor/opt/libcurl_vendor/share/man/man3/CURLOPT_MAXCONNECTS.3
[1.158s] -- Installing: /opt/workspace/install/libcurl_vendor/opt/libcurl_vendor/share/man/man3/CURLOPT_TCP_NODELAY.3
[1.158s] -- Installing: /opt/workspace/install/libcurl_vendor/opt/libcurl_vendor/share/man/man3/CURLOPT_LOCALPORT.3
[1.158s] -- Installing: /opt/workspace/install/libcurl_vendor/opt/libcurl_vendor/share/man/man3/CURLINFO_REDIRECT_TIME.3
[1.158s] -- Installing: /opt/workspace/install/libcurl_vendor/opt/libcurl_vendor/share/man/man3/CURLINFO_PROXYAUTH_AVAIL.3
[1.159s] -- Installing: /opt/workspace/install/libcurl_vendor/opt/libcurl_vendor/share/man/man3/CURLOPT_XFERINFODATA.3
[1.159s] -- Installing: /opt/workspace/install/libcurl_vendor/opt/libcurl_vendor/share/man/man3/CURLOPT_FTP_SKIP_PASV_IP.3
[1.159s] -- Installing: /opt/workspace/install/libcurl_vendor/opt/libcurl_vendor/share/man/man3/CURLOPT_HEADERFUNCTION.3
[1.159s] -- Installing: /opt/workspace/install/libcurl_vendor/opt/libcurl_vendor/share/man/man3/CURLOPT_EGDSOCKET.3
[1.159s] -- Installing: /opt/workspace/install/libcurl_vendor/opt/libcurl_vendor/share/man/man3/CURLOPT_IGNORE_CONTENT_LENGTH.3
[1.162s] -- Installing: /opt/workspace/install/libcurl_vendor/opt/libcurl_vendor/share/man/man3/CURLOPT_PROXYUSERPWD.3
[1.164s] -- Installing: /opt/workspace/install/libcurl_vendor/opt/libcurl_vendor/share/man/man3/CURLOPT_PUT.3
[1.169s] -- Installing: /opt/workspace/install/libcurl_vendor/opt/libcurl_vendor/share/man/man3/curl_formfree.3
[1.169s] -- Installing: /opt/workspace/install/libcurl_vendor/opt/libcurl_vendor/share/man/man3/CURLOPT_PROXYUSERNAME.3
[1.170s] -- Installing: /opt/workspace/install/libcurl_vendor/opt/libcurl_vendor/share/man/man3/curl_multi_socket_all.3
[1.170s] -- Installing: /opt/workspace/install/libcurl_vendor/opt/libcurl_vendor/share/man/man3/CURLOPT_URL.3
[1.170s] -- Installing: /opt/workspace/install/libcurl_vendor/opt/libcurl_vendor/share/man/man3/CURLOPT_FTP_USE_EPRT.3
[1.170s] -- Installing: /opt/workspace/install/libcurl_vendor/opt/libcurl_vendor/share/man/man3/CURLOPT_DEFAULT_PROTOCOL.3
[1.170s] -- Installing: /opt/workspace/install/libcurl_vendor/opt/libcurl_vendor/share/man/man3/CURLINFO_REDIRECT_URL.3
[1.170s] -- Installing: /opt/workspace/install/libcurl_vendor/opt/libcurl_vendor/share/man/man3/curl_mime_encoder.3
[1.170s] -- Installing: /opt/workspace/install/libcurl_vendor/opt/libcurl_vendor/share/man/man3/CURLOPT_MAX_RECV_SPEED_LARGE.3
[1.171s] -- Installing: /opt/workspace/install/libcurl_vendor/opt/libcurl_vendor/share/man/man3/CURLINFO_TLS_SESSION.3
[1.171s] -- Installing: /opt/workspace/install/libcurl_vendor/opt/libcurl_vendor/share/man/man3/CURLOPT_LOGIN_OPTIONS.3
[1.171s] -- Installing: /opt/workspace/install/libcurl_vendor/opt/libcurl_vendor/share/man/man3/curl_mime_data.3
[1.171s] -- Installing: /opt/workspace/install/libcurl_vendor/opt/libcurl_vendor/share/man/man3/CURLOPT_TLSAUTH_TYPE.3
[1.171s] -- Installing: /opt/workspace/install/libcurl_vendor/opt/libcurl_vendor/share/man/man3/libcurl-thread.3
[1.172s] -- Installing: /opt/workspace/install/libcurl_vendor/opt/libcurl_vendor/share/man/man3/CURLOPT_POSTFIELDS.3
[1.177s] -- Installing: /opt/workspace/install/libcurl_vendor/opt/libcurl_vendor/share/man/man3/CURLOPT_READFUNCTION.3
[1.179s] -- Installing: /opt/workspace/install/libcurl_vendor/opt/libcurl_vendor/share/man/man3/CURLINFO_PRIMARY_PORT.3
[1.179s] -- Installing: /opt/workspace/install/libcurl_vendor/opt/libcurl_vendor/share/man/man3/CURLOPT_CAINFO.3
[1.185s] -- Installing: /opt/workspace/install/libcurl_vendor/opt/libcurl_vendor/share/man/man3/CURLOPT_PROXYTYPE.3
[1.186s] -- Installing: /opt/workspace/install/libcurl_vendor/opt/libcurl_vendor/share/man/man3/CURLOPT_ISSUERCERT.3
[1.186s] -- Installing: /opt/workspace/install/libcurl_vendor/opt/libcurl_vendor/share/man/man3/curl_share_init.3
[1.187s] -- Installing: /opt/workspace/install/libcurl_vendor/opt/libcurl_vendor/share/man/man3/CURLINFO_RTSP_CLIENT_CSEQ.3
[1.187s] -- Installing: /opt/workspace/install/libcurl_vendor/opt/libcurl_vendor/share/man/man3/CURLINFO_SIZE_UPLOAD.3
[1.187s] -- Installing: /opt/workspace/install/libcurl_vendor/opt/libcurl_vendor/share/man/man3/CURLOPT_REQUEST_TARGET.3
[1.188s] -- Installing: /opt/workspace/install/libcurl_vendor/opt/libcurl_vendor/share/man/man3/CURLOPT_FNMATCH_FUNCTION.3
[1.188s] -- Installing: /opt/workspace/install/libcurl_vendor/opt/libcurl_vendor/share/man/man3/curl_multi_strerror.3
[1.188s] -- Installing: /opt/workspace/install/libcurl_vendor/opt/libcurl_vendor/share/man/man3/CURLOPT_ABSTRACT_UNIX_SOCKET.3
[1.188s] -- Installing: /opt/workspace/install/libcurl_vendor/opt/libcurl_vendor/share/man/man3/CURLOPT_CLOSESOCKETFUNCTION.3
[1.189s] -- Installing: /opt/workspace/install/libcurl_vendor/opt/libcurl_vendor/share/man/man3/CURLOPT_FTP_ALTERNATIVE_TO_USER.3
[1.189s] -- Installing: /opt/workspace/install/libcurl_vendor/opt/libcurl_vendor/share/man/man3/curl_getdate.3
[1.189s] -- Installing: /opt/workspace/install/libcurl_vendor/opt/libcurl_vendor/share/man/man3/curl_mime_type.3
[1.189s] -- Installing: /opt/workspace/install/libcurl_vendor/opt/libcurl_vendor/share/man/man3/CURLOPT_TFTP_BLKSIZE.3
[1.189s] -- Installing: /opt/workspace/install/libcurl_vendor/opt/libcurl_vendor/share/man/man3/CURLOPT_COPYPOSTFIELDS.3
[1.190s] -- Installing: /opt/workspace/install/libcurl_vendor/opt/libcurl_vendor/share/man/man3/curl_multi_socket_action.3
[1.190s] -- Installing: /opt/workspace/install/libcurl_vendor/opt/libcurl_vendor/share/man/man3/CURLOPT_HTTP200ALIASES.3
[1.190s] -- Installing: /opt/workspace/install/libcurl_vendor/opt/libcurl_vendor/share/man/man3/CURLOPT_HTTP_TRANSFER_DECODING.3
[1.190s] -- Installing: /opt/workspace/install/libcurl_vendor/opt/libcurl_vendor/share/man/man3/curl_share_strerror.3
[1.190s] -- Installing: /opt/workspace/install/libcurl_vendor/opt/libcurl_vendor/share/man/man3/CURLOPT_INFILESIZE_LARGE.3
[1.191s] -- Installing: /opt/workspace/install/libcurl_vendor/opt/libcurl_vendor/share/man/man3/curl_share_setopt.3
[1.191s] -- Installing: /opt/workspace/install/libcurl_vendor/opt/libcurl_vendor/share/man/man3/CURLOPT_TIMEVALUE.3
[1.191s] -- Installing: /opt/workspace/install/libcurl_vendor/opt/libcurl_vendor/share/man/man3/curl_multi_fdset.3
[1.191s] -- Installing: /opt/workspace/install/libcurl_vendor/opt/libcurl_vendor/share/man/man3/CURLOPT_SSL_ENABLE_ALPN.3
[1.191s] -- Installing: /opt/workspace/install/libcurl_vendor/opt/libcurl_vendor/share/man/man3/curl_unescape.3
[1.192s] -- Installing: /opt/workspace/install/libcurl_vendor/opt/libcurl_vendor/share/man/man3/CURLINFO_NUM_CONNECTS.3
[1.192s] -- Installing: /opt/workspace/install/libcurl_vendor/opt/libcurl_vendor/share/man/man3/libcurl-tutorial.3
[1.192s] -- Installing: /opt/workspace/install/libcurl_vendor/opt/libcurl_vendor/share/man/man3/libcurl-easy.3
[1.192s] -- Installing: /opt/workspace/install/libcurl_vendor/opt/libcurl_vendor/share/man/man1
[1.192s] -- Installing: /opt/workspace/install/libcurl_vendor/opt/libcurl_vendor/share/man/man1/curl-config.1
[1.193s] -- Installing: /opt/workspace/install/libcurl_vendor/opt/libcurl_vendor/share/man/man1/curl.1
[1.193s] -- Installing: /opt/workspace/install/libcurl_vendor/opt/libcurl_vendor/share/aclocal
[1.194s] -- Installing: /opt/workspace/install/libcurl_vendor/opt/libcurl_vendor/share/aclocal/libcurl.m4
[1.194s] -- Installing: /opt/workspace/install/libcurl_vendor/share/libcurl_vendor/environment/libcurl_vendor_library_path.sh
[1.194s] -- Installing: /opt/workspace/install/libcurl_vendor/share/libcurl_vendor/environment/libcurl_vendor_library_path.dsv
[1.194s] -- Installing: /opt/workspace/install/libcurl_vendor/share/ament_index/resource_index/package_run_dependencies/libcurl_vendor
[1.195s] -- Installing: /opt/workspace/install/libcurl_vendor/share/ament_index/resource_index/parent_prefix_path/libcurl_vendor
[1.195s] -- Installing: /opt/workspace/install/libcurl_vendor/share/libcurl_vendor/environment/ament_prefix_path.sh
[1.195s] -- Installing: /opt/workspace/install/libcurl_vendor/share/libcurl_vendor/environment/ament_prefix_path.dsv
[1.195s] -- Installing: /opt/workspace/install/libcurl_vendor/share/libcurl_vendor/environment/path.sh
[1.195s] -- Installing: /opt/workspace/install/libcurl_vendor/share/libcurl_vendor/environment/path.dsv
[1.195s] -- Installing: /opt/workspace/install/libcurl_vendor/share/libcurl_vendor/local_setup.bash
[1.196s] -- Installing: /opt/workspace/install/libcurl_vendor/share/libcurl_vendor/local_setup.sh
[1.196s] -- Installing: /opt/workspace/install/libcurl_vendor/share/libcurl_vendor/local_setup.zsh
[1.197s] -- Installing: /opt/workspace/install/libcurl_vendor/share/libcurl_vendor/local_setup.dsv
[1.198s] -- Installing: /opt/workspace/install/libcurl_vendor/share/libcurl_vendor/package.dsv
[1.198s] -- Installing: /opt/workspace/install/libcurl_vendor/share/ament_index/resource_index/packages/libcurl_vendor
[1.206s] -- Installing: /opt/workspace/install/libcurl_vendor/share/libcurl_vendor/cmake/libcurl_vendor-extras.cmake
[1.208s] -- Installing: /opt/workspace/install/libcurl_vendor/share/libcurl_vendor/cmake/libcurl_vendorConfig.cmake
[1.211s] -- Installing: /opt/workspace/install/libcurl_vendor/share/libcurl_vendor/cmake/libcurl_vendorConfig-version.cmake
[1.211s] -- Installing: /opt/workspace/install/libcurl_vendor/share/libcurl_vendor/package.xml
[1.212s] Invoked command in '/opt/workspace/build/libcurl_vendor' returned '0': AMENT_PREFIX_PATH=/opt/workspace/install/ament_cmake:/opt/workspace/install/ament_cmake_test:/opt/workspace/install/ament_cmake_target_dependencies:/opt/workspace/install/ament_cmake_export_interfaces:/opt/workspace/install/ament_cmake_export_dependencies:/opt/workspace/install/ament_cmake_version:/opt/workspace/install/ament_cmake_python:/opt/workspace/install/ament_cmake_libraries:/opt/workspace/install/ament_cmake_include_directories:/opt/workspace/install/ament_cmake_export_link_flags:/opt/workspace/install/ament_cmake_export_libraries:/opt/workspace/install/ament_cmake_export_include_directories:/opt/workspace/install/ament_cmake_export_definitions:/opt/workspace/install/ament_cmake_core:/opt/workspace/install/ament_package:${AMENT_PREFIX_PATH} CMAKE_PREFIX_PATH=/opt/workspace/install/ament_cmake:/opt/workspace/install/ament_cmake_test:/opt/workspace/install/ament_cmake_target_dependencies:/opt/workspace/install/ament_cmake_export_interfaces:/opt/workspace/install/ament_cmake_export_dependencies:/opt/workspace/install/ament_cmake_version:/opt/workspace/install/ament_cmake_python:/opt/workspace/install/ament_cmake_libraries:/opt/workspace/install/ament_cmake_include_directories:/opt/workspace/install/ament_cmake_export_link_flags:/opt/workspace/install/ament_cmake_export_libraries:/opt/workspace/install/ament_cmake_export_include_directories:/opt/workspace/install/ament_cmake_export_definitions:/opt/workspace/install/ament_cmake_core:/opt/ros/eloquent PYTHONPATH=/opt/workspace/install/ament_cmake_test/lib/python3.6/site-packages:/opt/workspace/install/ament_package/lib/python3.6/site-packages:${PYTHONPATH} /usr/bin/cmake --build /opt/workspace/build/libcurl_vendor --target install -- -j8 -l8
