[0.763s] -- The C compiler identification is GNU 7.4.0
[0.908s] -- The CXX compiler identification is GNU 7.4.0
[0.921s] -- Check for working C compiler: /usr/bin/cc
[1.157s] -- Check for working C compiler: /usr/bin/cc -- works
[1.158s] -- Detecting C compiler ABI info
[1.415s] -- Detecting C compiler ABI info - done
[1.427s] -- Detecting C compile features
[2.203s] -- Detecting C compile features - done
[2.207s] -- Check for working CXX compiler: /usr/bin/c++
[2.422s] -- Check for working CXX compiler: /usr/bin/c++ -- works
[2.424s] -- Detecting CXX compiler ABI info
[2.681s] -- Detecting CXX compiler ABI info - done
[2.700s] -- Detecting CXX compile features
[3.579s] -- Detecting CXX compile features - done
[3.591s] -- Found ament_cmake: 0.8.2 (/opt/workspace/install/ament_cmake/share/ament_cmake/cmake)
[3.691s] -- Found PythonInterp: /usr/bin/python3 (found suitable version "3.6.9", minimum required is "3") 
[3.693s] -- Using PYTHON_EXECUTABLE: /usr/bin/python3
[4.233s] -- Found builtin_interfaces: 0.8.0 (/opt/workspace/install/builtin_interfaces/share/builtin_interfaces/cmake)
[4.308s] -- Found rosidl_adapter: 0.8.2 (/opt/workspace/install/rosidl_adapter/share/rosidl_adapter/cmake)
[4.360s] -- Found rosidl_default_generators: 0.8.0 (/opt/workspace/install/rosidl_default_generators/share/rosidl_default_generators/cmake)
[4.596s] -- Found OpenSSL: /usr/lib/x86_64-linux-gnu/libcrypto.so (found version "1.1.1") 
[4.670s] -- Found FastRTPS: /opt/workspace/install/fastrtps/include  
[4.909s] -- Found PythonInterp: /usr/bin/python3 (found version "3.6.9") 
[5.330s] -- Using all available rosidl_typesupport_cpp: rosidl_typesupport_introspection_cpp;rosidl_typesupport_fastrtps_cpp
[5.370s] -- Found ament_cmake_cppcheck: 0.8.1 (/opt/workspace/install/ament_cmake_cppcheck/share/ament_cmake_cppcheck/cmake)
[5.380s] -- Found ament_cmake_cpplint: 0.8.1 (/opt/workspace/install/ament_cmake_cpplint/share/ament_cmake_cpplint/cmake)
[5.391s] -- Found ament_cmake_uncrustify: 0.8.1 (/opt/workspace/install/ament_cmake_uncrustify/share/ament_cmake_uncrustify/cmake)
[5.430s] -- Using all available rosidl_typesupport_c: rosidl_typesupport_fastrtps_c;rosidl_typesupport_introspection_c
[5.908s] -- Found rmw_implementation_cmake: 0.8.1 (/opt/workspace/install/rmw_implementation_cmake/share/rmw_implementation_cmake/cmake)
[5.981s] -- Found PythonInterp: /usr/bin/python3 (found suitable version "3.6.9", minimum required is "3.5") 
[5.987s] -- Found python_cmake_module: 0.8.0 (/opt/workspace/install/python_cmake_module/share/python_cmake_module/cmake)
[6.071s] -- Found PythonLibs: /usr/lib/x86_64-linux-gnu/libpython3.6m.so (found suitable version "3.6.9", minimum required is "3.5") 
[6.071s] -- Using PYTHON_EXECUTABLE: /usr/bin/python3
[6.072s] -- Using PYTHON_INCLUDE_DIRS: /usr/include/python3.6m
[6.072s] -- Using PYTHON_LIBRARIES: /usr/lib/x86_64-linux-gnu/libpython3.6m.so
[6.142s] -- Found PythonExtra: .so  
[6.786s] -- Found ament_cmake_flake8: 0.8.1 (/opt/workspace/install/ament_cmake_flake8/share/ament_cmake_flake8/cmake)
[6.796s] -- Found ament_cmake_pep257: 0.8.1 (/opt/workspace/install/ament_cmake_pep257/share/ament_cmake_pep257/cmake)
[6.815s] -- Configuring done
[6.955s] -- Generating done
[6.961s] -- Build files have been written to: /opt/workspace/build/rosgraph_msgs
[7.081s] [35m[1mScanning dependencies of target rosgraph_msgs__cpp[0m
[7.105s] [  3%] [34m[1mGenerating C++ code for ROS interfaces[0m
[7.869s] [  3%] Built target rosgraph_msgs__cpp
[7.894s] [  6%] [34m[1mGenerating C code for ROS interfaces[0m
[8.727s] [35m[1mScanning dependencies of target rosgraph_msgs__rosidl_generator_c[0m
[8.753s] [  9%] [32mBuilding C object CMakeFiles/rosgraph_msgs__rosidl_generator_c.dir/rosidl_generator_c/rosgraph_msgs/msg/clock__functions.c.o[0m
[8.826s] [ 12%] [32m[1mLinking C shared library librosgraph_msgs__rosidl_generator_c.so[0m
[8.909s] [ 12%] Built target rosgraph_msgs__rosidl_generator_c
[8.941s] [ 16%] [34m[1mGenerating C++ type support for eProsima Fast-RTPS[0m
[9.732s] [35m[1mScanning dependencies of target rosgraph_msgs__rosidl_typesupport_fastrtps_cpp[0m
[9.772s] [ 19%] [32mBuilding CXX object CMakeFiles/rosgraph_msgs__rosidl_typesupport_fastrtps_cpp.dir/rosidl_typesupport_fastrtps_cpp/rosgraph_msgs/msg/dds_fastrtps/clock__type_support.cpp.o[0m
[10.516s] [ 22%] [32m[1mLinking CXX shared library librosgraph_msgs__rosidl_typesupport_fastrtps_cpp.so[0m
[10.668s] [ 22%] Built target rosgraph_msgs__rosidl_typesupport_fastrtps_cpp
[10.690s] [ 25%] [34m[1mGenerating C type support dispatch for ROS interfaces[0m
[11.302s] [35m[1mScanning dependencies of target rosgraph_msgs__rosidl_typesupport_c[0m
[11.326s] [ 29%] [32mBuilding CXX object CMakeFiles/rosgraph_msgs__rosidl_typesupport_c.dir/rosidl_typesupport_c/rosgraph_msgs/msg/clock__type_support.cpp.o[0m
[11.385s] [ 32%] [32m[1mLinking CXX shared library librosgraph_msgs__rosidl_typesupport_c.so[0m
[11.487s] [ 32%] Built target rosgraph_msgs__rosidl_typesupport_c
[11.509s] [ 35%] [34m[1mGenerating C type support for eProsima Fast-RTPS[0m
[12.177s] [35m[1mScanning dependencies of target rosgraph_msgs__rosidl_typesupport_fastrtps_c[0m
[12.211s] [ 38%] [32mBuilding CXX object CMakeFiles/rosgraph_msgs__rosidl_typesupport_fastrtps_c.dir/rosidl_typesupport_fastrtps_c/rosgraph_msgs/msg/clock__type_support_c.cpp.o[0m
[12.808s] [ 41%] [32m[1mLinking CXX shared library librosgraph_msgs__rosidl_typesupport_fastrtps_c.so[0m
[12.983s] [ 41%] Built target rosgraph_msgs__rosidl_typesupport_fastrtps_c
[13.011s] [ 45%] [34m[1mGenerating C introspection for ROS interfaces[0m
[13.684s] [35m[1mScanning dependencies of target rosgraph_msgs__rosidl_typesupport_introspection_c[0m
[13.713s] [ 48%] [32mBuilding C object CMakeFiles/rosgraph_msgs__rosidl_typesupport_introspection_c.dir/rosidl_typesupport_introspection_c/rosgraph_msgs/msg/clock__type_support.c.o[0m
[13.782s] [ 51%] [32m[1mLinking C shared library librosgraph_msgs__rosidl_typesupport_introspection_c.so[0m
[13.845s] [ 51%] Built target rosgraph_msgs__rosidl_typesupport_introspection_c
[13.868s] [ 54%] [34m[1mGenerating C++ type support dispatch for ROS interfaces[0m
[14.501s] [35m[1mScanning dependencies of target rosgraph_msgs__rosidl_typesupport_cpp[0m
[14.534s] [ 58%] [32mBuilding CXX object CMakeFiles/rosgraph_msgs__rosidl_typesupport_cpp.dir/rosidl_typesupport_cpp/rosgraph_msgs/msg/clock__type_support.cpp.o[0m
[15.012s] [ 61%] [32m[1mLinking CXX shared library librosgraph_msgs__rosidl_typesupport_cpp.so[0m
[15.097s] [ 61%] Built target rosgraph_msgs__rosidl_typesupport_cpp
[15.121s] [ 64%] [34m[1mGenerating C++ introspection for ROS interfaces[0m
[15.740s] [35m[1mScanning dependencies of target rosgraph_msgs__rosidl_typesupport_introspection_cpp[0m
[15.766s] [ 67%] [32mBuilding CXX object CMakeFiles/rosgraph_msgs__rosidl_typesupport_introspection_cpp.dir/rosidl_typesupport_introspection_cpp/rosgraph_msgs/msg/clock__type_support.cpp.o[0m
[16.180s] [ 70%] [32m[1mLinking CXX shared library librosgraph_msgs__rosidl_typesupport_introspection_cpp.so[0m
[16.298s] [ 70%] Built target rosgraph_msgs__rosidl_typesupport_introspection_cpp
[16.321s] [35m[1mScanning dependencies of target rosgraph_msgs[0m
[16.348s] [ 70%] Built target rosgraph_msgs
[16.372s] [35m[1mScanning dependencies of target rosgraph_msgs__py[0m
[16.394s] [ 74%] [34m[1mGenerating Python code for ROS interfaces[0m
[17.390s] [ 74%] Built target rosgraph_msgs__py
[17.414s] [35m[1mScanning dependencies of target rosgraph_msgs__python[0m
[17.480s] [ 77%] [32mBuilding C object CMakeFiles/rosgraph_msgs__python.dir/rosidl_generator_py/rosgraph_msgs/msg/_clock_s.c.o[0m
[17.649s] [ 80%] [32m[1mLinking C shared library rosidl_generator_py/rosgraph_msgs/librosgraph_msgs__python.so[0m
[17.731s] [ 80%] Built target rosgraph_msgs__python
[17.756s] [35m[1mScanning dependencies of target rosgraph_msgs__rosidl_typesupport_fastrtps_c__pyext[0m
[17.805s] [ 83%] [32mBuilding C object CMakeFiles/rosgraph_msgs__rosidl_typesupport_fastrtps_c__pyext.dir/rosidl_generator_py/rosgraph_msgs/_rosgraph_msgs_s.ep.rosidl_typesupport_fastrtps_c.c.o[0m
[17.986s] [ 87%] [32m[1mLinking CXX shared library rosidl_generator_py/rosgraph_msgs/rosgraph_msgs_s__rosidl_typesupport_fastrtps_c.cpython-36m-x86_64-linux-gnu.so[0m
[18.124s] [ 87%] Built target rosgraph_msgs__rosidl_typesupport_fastrtps_c__pyext
[18.154s] [35m[1mScanning dependencies of target rosgraph_msgs__rosidl_typesupport_introspection_c__pyext[0m
[18.223s] [ 90%] [32mBuilding C object CMakeFiles/rosgraph_msgs__rosidl_typesupport_introspection_c__pyext.dir/rosidl_generator_py/rosgraph_msgs/_rosgraph_msgs_s.ep.rosidl_typesupport_introspection_c.c.o[0m
[18.383s] [ 93%] [32m[1mLinking C shared library rosidl_generator_py/rosgraph_msgs/rosgraph_msgs_s__rosidl_typesupport_introspection_c.cpython-36m-x86_64-linux-gnu.so[0m
[18.470s] [ 93%] Built target rosgraph_msgs__rosidl_typesupport_introspection_c__pyext
[18.504s] [35m[1mScanning dependencies of target rosgraph_msgs__rosidl_typesupport_c__pyext[0m
[18.563s] [ 96%] [32mBuilding C object CMakeFiles/rosgraph_msgs__rosidl_typesupport_c__pyext.dir/rosidl_generator_py/rosgraph_msgs/_rosgraph_msgs_s.ep.rosidl_typesupport_c.c.o[0m
[18.720s] [100%] [32m[1mLinking C shared library rosidl_generator_py/rosgraph_msgs/rosgraph_msgs_s__rosidl_typesupport_c.cpython-36m-x86_64-linux-gnu.so[0m
[18.798s] [100%] Built target rosgraph_msgs__rosidl_typesupport_c__pyext
[19.072s] [  3%] Built target rosgraph_msgs__cpp
[19.122s] [ 12%] Built target rosgraph_msgs__rosidl_generator_c
[19.195s] [ 22%] Built target rosgraph_msgs__rosidl_typesupport_fastrtps_cpp
[19.247s] [ 32%] Built target rosgraph_msgs__rosidl_typesupport_c
[19.311s] [ 41%] Built target rosgraph_msgs__rosidl_typesupport_fastrtps_c
[19.359s] [ 51%] Built target rosgraph_msgs__rosidl_typesupport_introspection_c
[19.409s] [ 61%] Built target rosgraph_msgs__rosidl_typesupport_cpp
[19.462s] [ 70%] Built target rosgraph_msgs__rosidl_typesupport_introspection_cpp
[19.510s] [ 70%] Built target rosgraph_msgs
[19.562s] [ 74%] Built target rosgraph_msgs__py
[19.626s] [ 80%] Built target rosgraph_msgs__python
[19.688s] [ 87%] Built target rosgraph_msgs__rosidl_typesupport_fastrtps_c__pyext
[19.746s] [ 93%] Built target rosgraph_msgs__rosidl_typesupport_introspection_c__pyext
[19.794s] [100%] Built target rosgraph_msgs__rosidl_typesupport_c__pyext
[19.838s] [36mInstall the project...[0m
[19.858s] -- Install configuration: ""
[19.859s] -- Installing: /opt/workspace/install/rosgraph_msgs/share/ament_index/resource_index/rosidl_interfaces/rosgraph_msgs
[19.859s] -- Installing: /opt/workspace/install/rosgraph_msgs/lib/librosgraph_msgs__rosidl_typesupport_cpp.so
[19.860s] -- Set runtime path of "/opt/workspace/install/rosgraph_msgs/lib/librosgraph_msgs__rosidl_typesupport_cpp.so" to ""
[19.860s] -- Installing: /opt/workspace/install/rosgraph_msgs/share/rosgraph_msgs/environment/library_path.sh
[19.860s] -- Installing: /opt/workspace/install/rosgraph_msgs/share/rosgraph_msgs/environment/library_path.dsv
[19.860s] -- Installing: /opt/workspace/install/rosgraph_msgs/lib/librosgraph_msgs__rosidl_typesupport_c.so
[19.861s] -- Set runtime path of "/opt/workspace/install/rosgraph_msgs/lib/librosgraph_msgs__rosidl_typesupport_c.so" to ""
[19.861s] -- Installing: /opt/workspace/install/rosgraph_msgs/include/rosgraph_msgs
[19.861s] -- Installing: /opt/workspace/install/rosgraph_msgs/include/rosgraph_msgs/msg
[19.861s] -- Installing: /opt/workspace/install/rosgraph_msgs/include/rosgraph_msgs/msg/clock__type_support.cpp
[19.861s] -- Installing: /opt/workspace/install/rosgraph_msgs/include/rosgraph_msgs/msg/clock__rosidl_typesupport_introspection_cpp.hpp
[19.862s] -- Installing: /opt/workspace/install/rosgraph_msgs/lib/librosgraph_msgs__rosidl_typesupport_introspection_cpp.so
[19.862s] -- Set runtime path of "/opt/workspace/install/rosgraph_msgs/lib/librosgraph_msgs__rosidl_typesupport_introspection_cpp.so" to ""
[19.862s] -- Up-to-date: /opt/workspace/install/rosgraph_msgs/include/rosgraph_msgs
[19.862s] -- Up-to-date: /opt/workspace/install/rosgraph_msgs/include/rosgraph_msgs/msg
[19.863s] -- Installing: /opt/workspace/install/rosgraph_msgs/include/rosgraph_msgs/msg/clock__functions.c
[19.863s] -- Installing: /opt/workspace/install/rosgraph_msgs/include/rosgraph_msgs/msg/clock__type_support.h
[19.863s] -- Installing: /opt/workspace/install/rosgraph_msgs/include/rosgraph_msgs/msg/clock__struct.h
[19.863s] -- Installing: /opt/workspace/install/rosgraph_msgs/include/rosgraph_msgs/msg/clock__functions.h
[19.864s] -- Installing: /opt/workspace/install/rosgraph_msgs/include/rosgraph_msgs/msg/clock.h
[19.864s] -- Installing: /opt/workspace/install/rosgraph_msgs/include/rosgraph_msgs/msg/rosidl_generator_c__visibility_control.h
[19.864s] -- Installing: /opt/workspace/install/rosgraph_msgs/lib/librosgraph_msgs__rosidl_generator_c.so
[19.865s] -- Set runtime path of "/opt/workspace/install/rosgraph_msgs/lib/librosgraph_msgs__rosidl_generator_c.so" to ""
[19.865s] -- Up-to-date: /opt/workspace/install/rosgraph_msgs/include/rosgraph_msgs
[19.866s] -- Up-to-date: /opt/workspace/install/rosgraph_msgs/include/rosgraph_msgs/msg
[19.866s] -- Installing: /opt/workspace/install/rosgraph_msgs/include/rosgraph_msgs/msg/clock.hpp
[19.866s] -- Installing: /opt/workspace/install/rosgraph_msgs/include/rosgraph_msgs/msg/clock__traits.hpp
[19.867s] -- Installing: /opt/workspace/install/rosgraph_msgs/include/rosgraph_msgs/msg/clock__struct.hpp
[19.867s] -- Up-to-date: /opt/workspace/install/rosgraph_msgs/include/rosgraph_msgs
[19.868s] -- Up-to-date: /opt/workspace/install/rosgraph_msgs/include/rosgraph_msgs/msg
[19.869s] -- Installing: /opt/workspace/install/rosgraph_msgs/include/rosgraph_msgs/msg/rosidl_typesupport_introspection_c__visibility_control.h
[19.869s] -- Installing: /opt/workspace/install/rosgraph_msgs/include/rosgraph_msgs/msg/clock__type_support.c
[19.870s] -- Installing: /opt/workspace/install/rosgraph_msgs/include/rosgraph_msgs/msg/clock__rosidl_typesupport_introspection_c.h
[19.870s] -- Installing: /opt/workspace/install/rosgraph_msgs/lib/librosgraph_msgs__rosidl_typesupport_introspection_c.so
[19.870s] -- Set runtime path of "/opt/workspace/install/rosgraph_msgs/lib/librosgraph_msgs__rosidl_typesupport_introspection_c.so" to ""
[19.870s] -- Up-to-date: /opt/workspace/install/rosgraph_msgs/include/rosgraph_msgs
[19.870s] -- Up-to-date: /opt/workspace/install/rosgraph_msgs/include/rosgraph_msgs/msg
[19.871s] -- Installing: /opt/workspace/install/rosgraph_msgs/include/rosgraph_msgs/msg/rosidl_typesupport_fastrtps_c__visibility_control.h
[19.871s] -- Installing: /opt/workspace/install/rosgraph_msgs/include/rosgraph_msgs/msg/clock__rosidl_typesupport_fastrtps_c.h
[19.871s] -- Installing: /opt/workspace/install/rosgraph_msgs/lib/librosgraph_msgs__rosidl_typesupport_fastrtps_c.so
[19.871s] -- Set runtime path of "/opt/workspace/install/rosgraph_msgs/lib/librosgraph_msgs__rosidl_typesupport_fastrtps_c.so" to ""
[19.872s] -- Up-to-date: /opt/workspace/install/rosgraph_msgs/include/rosgraph_msgs
[19.872s] -- Up-to-date: /opt/workspace/install/rosgraph_msgs/include/rosgraph_msgs/msg
[19.872s] -- Installing: /opt/workspace/install/rosgraph_msgs/include/rosgraph_msgs/msg/clock__rosidl_typesupport_fastrtps_cpp.hpp
[19.872s] -- Installing: /opt/workspace/install/rosgraph_msgs/include/rosgraph_msgs/msg/rosidl_typesupport_fastrtps_cpp__visibility_control.h
[19.872s] -- Installing: /opt/workspace/install/rosgraph_msgs/include/rosgraph_msgs/msg/dds_fastrtps
[19.873s] -- Installing: /opt/workspace/install/rosgraph_msgs/lib/librosgraph_msgs__rosidl_typesupport_fastrtps_cpp.so
[19.873s] -- Set runtime path of "/opt/workspace/install/rosgraph_msgs/lib/librosgraph_msgs__rosidl_typesupport_fastrtps_cpp.so" to ""
[19.873s] -- Installing: /opt/workspace/install/rosgraph_msgs/share/rosgraph_msgs/environment/pythonpath.sh
[19.873s] -- Installing: /opt/workspace/install/rosgraph_msgs/share/rosgraph_msgs/environment/pythonpath.dsv
[19.873s] -- Installing: /opt/workspace/install/rosgraph_msgs/lib/python3.6/site-packages/rosgraph_msgs/__init__.py
[19.968s] Compiling '/opt/workspace/install/rosgraph_msgs/lib/python3.6/site-packages/rosgraph_msgs/__init__.py'...
[19.978s] -- Installing: /opt/workspace/install/rosgraph_msgs/lib/python3.6/site-packages/rosgraph_msgs/msg
[19.979s] -- Installing: /opt/workspace/install/rosgraph_msgs/lib/python3.6/site-packages/rosgraph_msgs/msg/__init__.py
[19.980s] -- Installing: /opt/workspace/install/rosgraph_msgs/lib/python3.6/site-packages/rosgraph_msgs/msg/_clock_s.c
[19.981s] -- Installing: /opt/workspace/install/rosgraph_msgs/lib/python3.6/site-packages/rosgraph_msgs/msg/_clock.py
[19.986s] -- Installing: /opt/workspace/install/rosgraph_msgs/lib/python3.6/site-packages/rosgraph_msgs/rosgraph_msgs_s__rosidl_typesupport_c.cpython-36m-x86_64-linux-gnu.so
[19.987s] -- Set runtime path of "/opt/workspace/install/rosgraph_msgs/lib/python3.6/site-packages/rosgraph_msgs/rosgraph_msgs_s__rosidl_typesupport_c.cpython-36m-x86_64-linux-gnu.so" to ""
[19.987s] -- Installing: /opt/workspace/install/rosgraph_msgs/lib/python3.6/site-packages/rosgraph_msgs/rosgraph_msgs_s__rosidl_typesupport_introspection_c.cpython-36m-x86_64-linux-gnu.so
[19.987s] -- Set runtime path of "/opt/workspace/install/rosgraph_msgs/lib/python3.6/site-packages/rosgraph_msgs/rosgraph_msgs_s__rosidl_typesupport_introspection_c.cpython-36m-x86_64-linux-gnu.so" to ""
[19.987s] -- Installing: /opt/workspace/install/rosgraph_msgs/lib/python3.6/site-packages/rosgraph_msgs/rosgraph_msgs_s__rosidl_typesupport_fastrtps_c.cpython-36m-x86_64-linux-gnu.so
[19.987s] -- Set runtime path of "/opt/workspace/install/rosgraph_msgs/lib/python3.6/site-packages/rosgraph_msgs/rosgraph_msgs_s__rosidl_typesupport_fastrtps_c.cpython-36m-x86_64-linux-gnu.so" to ""
[19.988s] -- Installing: /opt/workspace/install/rosgraph_msgs/lib/librosgraph_msgs__python.so
[19.988s] -- Set runtime path of "/opt/workspace/install/rosgraph_msgs/lib/librosgraph_msgs__python.so" to ""
[19.988s] -- Installing: /opt/workspace/install/rosgraph_msgs/share/rosgraph_msgs/msg/Clock.idl
[19.988s] -- Installing: /opt/workspace/install/rosgraph_msgs/share/rosgraph_msgs/msg/Clock.msg
[19.988s] -- Installing: /opt/workspace/install/rosgraph_msgs/share/ament_index/resource_index/package_run_dependencies/rosgraph_msgs
[19.989s] -- Installing: /opt/workspace/install/rosgraph_msgs/share/ament_index/resource_index/parent_prefix_path/rosgraph_msgs
[19.992s] -- Installing: /opt/workspace/install/rosgraph_msgs/share/rosgraph_msgs/environment/ament_prefix_path.sh
[19.992s] -- Installing: /opt/workspace/install/rosgraph_msgs/share/rosgraph_msgs/environment/ament_prefix_path.dsv
[19.992s] -- Installing: /opt/workspace/install/rosgraph_msgs/share/rosgraph_msgs/environment/path.sh
[19.992s] -- Installing: /opt/workspace/install/rosgraph_msgs/share/rosgraph_msgs/environment/path.dsv
[19.993s] -- Installing: /opt/workspace/install/rosgraph_msgs/share/rosgraph_msgs/local_setup.bash
[19.993s] -- Installing: /opt/workspace/install/rosgraph_msgs/share/rosgraph_msgs/local_setup.sh
[19.993s] -- Installing: /opt/workspace/install/rosgraph_msgs/share/rosgraph_msgs/local_setup.zsh
[19.993s] -- Installing: /opt/workspace/install/rosgraph_msgs/share/rosgraph_msgs/local_setup.dsv
[19.993s] -- Installing: /opt/workspace/install/rosgraph_msgs/share/rosgraph_msgs/package.dsv
[19.993s] -- Installing: /opt/workspace/install/rosgraph_msgs/share/ament_index/resource_index/packages/rosgraph_msgs
[19.994s] -- Installing: /opt/workspace/install/rosgraph_msgs/share/rosgraph_msgs/cmake/rosidl_cmake-extras.cmake
[19.995s] -- Installing: /opt/workspace/install/rosgraph_msgs/share/rosgraph_msgs/cmake/ament_cmake_export_dependencies-extras.cmake
[19.995s] -- Installing: /opt/workspace/install/rosgraph_msgs/share/rosgraph_msgs/cmake/ament_cmake_export_libraries-extras.cmake
[19.996s] -- Installing: /opt/workspace/install/rosgraph_msgs/share/rosgraph_msgs/cmake/ament_cmake_export_include_directories-extras.cmake
[19.996s] -- Installing: /opt/workspace/install/rosgraph_msgs/share/rosgraph_msgs/cmake/rosgraph_msgsConfig.cmake
[19.997s] -- Installing: /opt/workspace/install/rosgraph_msgs/share/rosgraph_msgs/cmake/rosgraph_msgsConfig-version.cmake
[19.997s] -- Installing: /opt/workspace/install/rosgraph_msgs/share/rosgraph_msgs/package.xml
