[0.380s] [36mInstall the project...[0m
[0.394s] -- Install configuration: ""
[0.394s] -- Up-to-date: /opt/workspace/install/ament_cmake_flake8/share/ament_index/resource_index/package_run_dependencies/ament_cmake_flake8
[0.395s] -- Up-to-date: /opt/workspace/install/ament_cmake_flake8/share/ament_index/resource_index/parent_prefix_path/ament_cmake_flake8
[0.395s] -- Up-to-date: /opt/workspace/install/ament_cmake_flake8/share/ament_cmake_flake8/environment/ament_prefix_path.sh
[0.396s] -- Up-to-date: /opt/workspace/install/ament_cmake_flake8/share/ament_cmake_flake8/environment/ament_prefix_path.dsv
[0.396s] -- Up-to-date: /opt/workspace/install/ament_cmake_flake8/share/ament_cmake_flake8/environment/path.sh
[0.396s] -- Up-to-date: /opt/workspace/install/ament_cmake_flake8/share/ament_cmake_flake8/environment/path.dsv
[0.396s] -- Up-to-date: /opt/workspace/install/ament_cmake_flake8/share/ament_cmake_flake8/local_setup.bash
[0.397s] -- Up-to-date: /opt/workspace/install/ament_cmake_flake8/share/ament_cmake_flake8/local_setup.sh
[0.397s] -- Up-to-date: /opt/workspace/install/ament_cmake_flake8/share/ament_cmake_flake8/local_setup.zsh
[0.397s] -- Up-to-date: /opt/workspace/install/ament_cmake_flake8/share/ament_cmake_flake8/local_setup.dsv
[0.397s] -- Installing: /opt/workspace/install/ament_cmake_flake8/share/ament_cmake_flake8/package.dsv
[0.398s] -- Up-to-date: /opt/workspace/install/ament_cmake_flake8/share/ament_index/resource_index/packages/ament_cmake_flake8
[0.399s] -- Up-to-date: /opt/workspace/install/ament_cmake_flake8/share/ament_cmake_flake8/cmake/ament_cmake_flake8-extras.cmake
[0.399s] -- Up-to-date: /opt/workspace/install/ament_cmake_flake8/share/ament_cmake_flake8/cmake/ament_cmake_flake8Config.cmake
[0.399s] -- Up-to-date: /opt/workspace/install/ament_cmake_flake8/share/ament_cmake_flake8/cmake/ament_cmake_flake8Config-version.cmake
[0.400s] -- Up-to-date: /opt/workspace/install/ament_cmake_flake8/share/ament_cmake_flake8/package.xml
[0.400s] -- Up-to-date: /opt/workspace/install/ament_cmake_flake8/share/ament_cmake_flake8/cmake
[0.400s] -- Up-to-date: /opt/workspace/install/ament_cmake_flake8/share/ament_cmake_flake8/cmake/ament_flake8.cmake
[0.401s] -- Up-to-date: /opt/workspace/install/ament_cmake_flake8/share/ament_cmake_flake8/cmake/ament_cmake_flake8_lint_hook.cmake
