/opt/workspace/install/rqt_gui/lib/python3.6/site-packages/rqt_gui/ros2_plugin_context.py
/opt/workspace/install/rqt_gui/lib/python3.6/site-packages/rqt_gui/__init__.py
/opt/workspace/install/rqt_gui/lib/python3.6/site-packages/rqt_gui/main.py
/opt/workspace/install/rqt_gui/lib/python3.6/site-packages/rqt_gui/ros_plugin_provider.py
/opt/workspace/install/rqt_gui/lib/python3.6/site-packages/rqt_gui/rospkg_plugin_provider.py
/opt/workspace/install/rqt_gui/lib/python3.6/site-packages/rqt_gui/__pycache__/ros2_plugin_context.cpython-36.pyc
/opt/workspace/install/rqt_gui/lib/python3.6/site-packages/rqt_gui/__pycache__/__init__.cpython-36.pyc
/opt/workspace/install/rqt_gui/lib/python3.6/site-packages/rqt_gui/__pycache__/main.cpython-36.pyc
/opt/workspace/install/rqt_gui/lib/python3.6/site-packages/rqt_gui/__pycache__/ros_plugin_provider.cpython-36.pyc
/opt/workspace/install/rqt_gui/lib/python3.6/site-packages/rqt_gui/__pycache__/rospkg_plugin_provider.cpython-36.pyc
/opt/workspace/install/rqt_gui/share/rqt_gui/resource/rqt.graffle
/opt/workspace/install/rqt_gui/share/rqt_gui/resource/rqt.png
/opt/workspace/install/rqt_gui/share/rqt_gui/resource/rqt.svg
/opt/workspace/install/rqt_gui/share/ament_index/resource_index/packages/rqt_gui
/opt/workspace/install/rqt_gui/share/rqt_gui/package.xml
/opt/workspace/install/rqt_gui/lib/rqt_gui/rqt_gui
/opt/workspace/install/rqt_gui/lib/python3.6/site-packages/rqt_gui-1.0.0-py3.6.egg-info/dependency_links.txt
/opt/workspace/install/rqt_gui/lib/python3.6/site-packages/rqt_gui-1.0.0-py3.6.egg-info/zip-safe
/opt/workspace/install/rqt_gui/lib/python3.6/site-packages/rqt_gui-1.0.0-py3.6.egg-info/top_level.txt
/opt/workspace/install/rqt_gui/lib/python3.6/site-packages/rqt_gui-1.0.0-py3.6.egg-info/entry_points.txt
/opt/workspace/install/rqt_gui/lib/python3.6/site-packages/rqt_gui-1.0.0-py3.6.egg-info/requires.txt
/opt/workspace/install/rqt_gui/lib/python3.6/site-packages/rqt_gui-1.0.0-py3.6.egg-info/PKG-INFO
/opt/workspace/install/rqt_gui/lib/python3.6/site-packages/rqt_gui-1.0.0-py3.6.egg-info/SOURCES.txt
/opt/workspace/install/rqt_gui/bin/rqt
