[0.610s] -- The C compiler identification is GNU 7.4.0
[0.736s] -- The CXX compiler identification is GNU 7.4.0
[0.748s] -- Check for working C compiler: /usr/bin/cc
[0.909s] -- Check for working C compiler: /usr/bin/cc -- works
[0.911s] -- Detecting C compiler ABI info
[1.072s] -- Detecting C compiler ABI info - done
[1.088s] -- Detecting C compile features
[1.665s] -- Detecting C compile features - done
[1.672s] -- Check for working CXX compiler: /usr/bin/c++
[1.857s] -- Check for working CXX compiler: /usr/bin/c++ -- works
[1.859s] -- Detecting CXX compiler ABI info
[2.050s] -- Detecting CXX compiler ABI info - done
[2.062s] -- Detecting CXX compile features
[2.915s] -- Detecting CXX compile features - done
[2.925s] -- Found ament_cmake: 0.8.2 (/opt/workspace/install/ament_cmake/share/ament_cmake/cmake)
[3.023s] -- Found PythonInterp: /usr/bin/python3 (found suitable version "3.6.9", minimum required is "3") 
[3.023s] -- Using PYTHON_EXECUTABLE: /usr/bin/python3
[3.600s] -- Found action_msgs: 0.8.0 (/opt/workspace/install/action_msgs/share/action_msgs/cmake)
[3.683s] -- Found rosidl_adapter: 0.8.2 (/opt/workspace/install/rosidl_adapter/share/rosidl_adapter/cmake)
[3.763s] -- Found geometry_msgs: 0.8.1 (/opt/workspace/install/geometry_msgs/share/geometry_msgs/cmake)
[3.794s] -- Found rosidl_default_generators: 0.8.0 (/opt/workspace/install/rosidl_default_generators/share/rosidl_default_generators/cmake)
[4.061s] -- Found OpenSSL: /usr/lib/x86_64-linux-gnu/libcrypto.so (found version "1.1.1") 
[4.133s] -- Found FastRTPS: /opt/workspace/install/fastrtps/include  
[4.423s] -- Found PythonInterp: /usr/bin/python3 (found version "3.6.9") 
[5.073s] -- Using all available rosidl_typesupport_cpp: rosidl_typesupport_introspection_cpp;rosidl_typesupport_fastrtps_cpp
[5.361s] -- Using all available rosidl_typesupport_c: rosidl_typesupport_fastrtps_c;rosidl_typesupport_introspection_c
[7.013s] -- Found rmw_implementation_cmake: 0.8.1 (/opt/workspace/install/rmw_implementation_cmake/share/rmw_implementation_cmake/cmake)
[7.098s] -- Found PythonInterp: /usr/bin/python3 (found suitable version "3.6.9", minimum required is "3.5") 
[7.107s] -- Found python_cmake_module: 0.8.0 (/opt/workspace/install/python_cmake_module/share/python_cmake_module/cmake)
[7.210s] -- Found PythonLibs: /usr/lib/x86_64-linux-gnu/libpython3.6m.so (found suitable version "3.6.9", minimum required is "3.5") 
[7.213s] -- Using PYTHON_EXECUTABLE: /usr/bin/python3
[7.213s] -- Using PYTHON_INCLUDE_DIRS: /usr/include/python3.6m
[7.213s] -- Using PYTHON_LIBRARIES: /usr/lib/x86_64-linux-gnu/libpython3.6m.so
[7.297s] -- Found PythonExtra: .so  
[8.347s] -- Configuring done
[8.867s] -- Generating done
[8.875s] -- Build files have been written to: /opt/workspace/build/move_base_msgs
[9.005s] [  3%] [34m[1mGenerating C code for ROS interfaces[0m
[10.564s] [35m[1mScanning dependencies of target move_base_msgs__rosidl_generator_c[0m
[10.608s] [  6%] [32mBuilding C object CMakeFiles/move_base_msgs__rosidl_generator_c.dir/rosidl_generator_c/move_base_msgs/action/move_base__functions.c.o[0m
[10.787s] [  9%] [32m[1mLinking C shared library libmove_base_msgs__rosidl_generator_c.so[0m
[10.937s] [  9%] Built target move_base_msgs__rosidl_generator_c
[10.969s] [35m[1mScanning dependencies of target move_base_msgs__cpp[0m
[11.004s] [ 12%] [34m[1mGenerating C++ code for ROS interfaces[0m
[12.288s] [ 12%] Built target move_base_msgs__cpp
[12.310s] [ 16%] [34m[1mGenerating C introspection for ROS interfaces[0m
[13.541s] [35m[1mScanning dependencies of target move_base_msgs__rosidl_typesupport_introspection_c[0m
[13.589s] [ 19%] [32mBuilding C object CMakeFiles/move_base_msgs__rosidl_typesupport_introspection_c.dir/rosidl_typesupport_introspection_c/move_base_msgs/action/move_base__type_support.c.o[0m
[13.731s] [ 22%] [32m[1mLinking C shared library libmove_base_msgs__rosidl_typesupport_introspection_c.so[0m
[13.865s] [ 22%] Built target move_base_msgs__rosidl_typesupport_introspection_c
[13.901s] [ 25%] [34m[1mGenerating C++ type support for eProsima Fast-RTPS[0m
[15.223s] [35m[1mScanning dependencies of target move_base_msgs__rosidl_typesupport_fastrtps_cpp[0m
[15.280s] [ 29%] [32mBuilding CXX object CMakeFiles/move_base_msgs__rosidl_typesupport_fastrtps_cpp.dir/rosidl_typesupport_fastrtps_cpp/move_base_msgs/action/dds_fastrtps/move_base__type_support.cpp.o[0m
[16.176s] [ 32%] [32m[1mLinking CXX shared library libmove_base_msgs__rosidl_typesupport_fastrtps_cpp.so[0m
[16.419s] [ 32%] Built target move_base_msgs__rosidl_typesupport_fastrtps_cpp
[16.455s] [ 35%] [34m[1mGenerating C++ introspection for ROS interfaces[0m
[17.545s] [35m[1mScanning dependencies of target move_base_msgs__rosidl_typesupport_introspection_cpp[0m
[17.576s] [ 38%] [32mBuilding CXX object CMakeFiles/move_base_msgs__rosidl_typesupport_introspection_cpp.dir/rosidl_typesupport_introspection_cpp/move_base_msgs/action/move_base__type_support.cpp.o[0m
[18.013s] [ 41%] [32m[1mLinking CXX shared library libmove_base_msgs__rosidl_typesupport_introspection_cpp.so[0m
[18.174s] [ 41%] Built target move_base_msgs__rosidl_typesupport_introspection_cpp
[18.196s] [ 45%] [34m[1mGenerating C type support for eProsima Fast-RTPS[0m
[19.353s] [35m[1mScanning dependencies of target move_base_msgs__rosidl_typesupport_fastrtps_c[0m
[19.411s] [ 48%] [32mBuilding CXX object CMakeFiles/move_base_msgs__rosidl_typesupport_fastrtps_c.dir/rosidl_typesupport_fastrtps_c/move_base_msgs/action/move_base__type_support_c.cpp.o[0m
[20.041s] [ 51%] [32m[1mLinking CXX shared library libmove_base_msgs__rosidl_typesupport_fastrtps_c.so[0m
[20.231s] [ 51%] Built target move_base_msgs__rosidl_typesupport_fastrtps_c
[20.256s] [ 54%] [34m[1mGenerating C++ type support dispatch for ROS interfaces[0m
[21.010s] [35m[1mScanning dependencies of target move_base_msgs__rosidl_typesupport_cpp[0m
[21.048s] [ 58%] [32mBuilding CXX object CMakeFiles/move_base_msgs__rosidl_typesupport_cpp.dir/rosidl_typesupport_cpp/move_base_msgs/action/move_base__type_support.cpp.o[0m
[21.584s] [ 61%] [32m[1mLinking CXX shared library libmove_base_msgs__rosidl_typesupport_cpp.so[0m
[21.693s] [ 61%] Built target move_base_msgs__rosidl_typesupport_cpp
[21.720s] [ 64%] [34m[1mGenerating C type support dispatch for ROS interfaces[0m
[22.526s] [35m[1mScanning dependencies of target move_base_msgs__rosidl_typesupport_c[0m
[22.563s] [ 67%] [32mBuilding CXX object CMakeFiles/move_base_msgs__rosidl_typesupport_c.dir/rosidl_typesupport_c/move_base_msgs/action/move_base__type_support.cpp.o[0m
[22.677s] [ 70%] [32m[1mLinking CXX shared library libmove_base_msgs__rosidl_typesupport_c.so[0m
[22.796s] [ 70%] Built target move_base_msgs__rosidl_typesupport_c
[22.824s] [35m[1mScanning dependencies of target move_base_msgs[0m
[22.852s] [ 70%] Built target move_base_msgs
[22.878s] [35m[1mScanning dependencies of target move_base_msgs__py[0m
[22.906s] [ 74%] [34m[1mGenerating Python code for ROS interfaces[0m
[25.153s] [ 74%] Built target move_base_msgs__py
[25.180s] [35m[1mScanning dependencies of target move_base_msgs__python[0m
[25.228s] [ 77%] [32mBuilding C object CMakeFiles/move_base_msgs__python.dir/rosidl_generator_py/move_base_msgs/action/_move_base_s.c.o[0m
[25.515s] [ 80%] [32m[1mLinking C shared library rosidl_generator_py/move_base_msgs/libmove_base_msgs__python.so[0m
[25.642s] [ 80%] Built target move_base_msgs__python
[25.678s] [35m[1mScanning dependencies of target move_base_msgs__rosidl_typesupport_c__pyext[0m
[25.724s] [ 83%] [32mBuilding C object CMakeFiles/move_base_msgs__rosidl_typesupport_c__pyext.dir/rosidl_generator_py/move_base_msgs/_move_base_msgs_s.ep.rosidl_typesupport_c.c.o[0m
[25.953s] [ 87%] [32m[1mLinking C shared library rosidl_generator_py/move_base_msgs/move_base_msgs_s__rosidl_typesupport_c.cpython-36m-x86_64-linux-gnu.so[0m
[26.098s] [ 87%] Built target move_base_msgs__rosidl_typesupport_c__pyext
[26.118s] [35m[1mScanning dependencies of target move_base_msgs__rosidl_typesupport_fastrtps_c__pyext[0m
[26.160s] [ 90%] [32mBuilding C object CMakeFiles/move_base_msgs__rosidl_typesupport_fastrtps_c__pyext.dir/rosidl_generator_py/move_base_msgs/_move_base_msgs_s.ep.rosidl_typesupport_fastrtps_c.c.o[0m
[26.351s] [ 93%] [32m[1mLinking CXX shared library rosidl_generator_py/move_base_msgs/move_base_msgs_s__rosidl_typesupport_fastrtps_c.cpython-36m-x86_64-linux-gnu.so[0m
[26.564s] [ 93%] Built target move_base_msgs__rosidl_typesupport_fastrtps_c__pyext
[26.592s] [35m[1mScanning dependencies of target move_base_msgs__rosidl_typesupport_introspection_c__pyext[0m
[26.644s] [ 96%] [32mBuilding C object CMakeFiles/move_base_msgs__rosidl_typesupport_introspection_c__pyext.dir/rosidl_generator_py/move_base_msgs/_move_base_msgs_s.ep.rosidl_typesupport_introspection_c.c.o[0m
[26.873s] [100%] [32m[1mLinking C shared library rosidl_generator_py/move_base_msgs/move_base_msgs_s__rosidl_typesupport_introspection_c.cpython-36m-x86_64-linux-gnu.so[0m
[27.020s] [100%] Built target move_base_msgs__rosidl_typesupport_introspection_c__pyext
[27.280s] [  9%] Built target move_base_msgs__rosidl_generator_c
[27.336s] [ 12%] Built target move_base_msgs__cpp
[27.403s] [ 22%] Built target move_base_msgs__rosidl_typesupport_introspection_c
[27.469s] [ 32%] Built target move_base_msgs__rosidl_typesupport_fastrtps_cpp
[27.542s] [ 41%] Built target move_base_msgs__rosidl_typesupport_introspection_cpp
[27.619s] [ 51%] Built target move_base_msgs__rosidl_typesupport_fastrtps_c
[27.680s] [ 61%] Built target move_base_msgs__rosidl_typesupport_cpp
[27.741s] [ 70%] Built target move_base_msgs__rosidl_typesupport_c
[27.794s] [ 70%] Built target move_base_msgs
[27.850s] [ 74%] Built target move_base_msgs__py
[27.920s] [ 80%] Built target move_base_msgs__python
[27.979s] [ 87%] Built target move_base_msgs__rosidl_typesupport_c__pyext
[28.035s] [ 93%] Built target move_base_msgs__rosidl_typesupport_fastrtps_c__pyext
[28.107s] [100%] Built target move_base_msgs__rosidl_typesupport_introspection_c__pyext
[28.156s] [36mInstall the project...[0m
[28.178s] -- Install configuration: ""
[28.178s] -- Installing: /opt/workspace/install/move_base_msgs/share/ament_index/resource_index/rosidl_interfaces/move_base_msgs
[28.178s] -- Installing: /opt/workspace/install/move_base_msgs/lib/libmove_base_msgs__rosidl_typesupport_cpp.so
[28.180s] -- Set runtime path of "/opt/workspace/install/move_base_msgs/lib/libmove_base_msgs__rosidl_typesupport_cpp.so" to ""
[28.180s] -- Installing: /opt/workspace/install/move_base_msgs/share/move_base_msgs/environment/library_path.sh
[28.180s] -- Installing: /opt/workspace/install/move_base_msgs/share/move_base_msgs/environment/library_path.dsv
[28.181s] -- Installing: /opt/workspace/install/move_base_msgs/lib/libmove_base_msgs__rosidl_typesupport_c.so
[28.181s] -- Set runtime path of "/opt/workspace/install/move_base_msgs/lib/libmove_base_msgs__rosidl_typesupport_c.so" to ""
[28.181s] -- Installing: /opt/workspace/install/move_base_msgs/include/move_base_msgs
[28.181s] -- Installing: /opt/workspace/install/move_base_msgs/include/move_base_msgs/action
[28.182s] -- Installing: /opt/workspace/install/move_base_msgs/include/move_base_msgs/action/move_base__rosidl_typesupport_introspection_cpp.hpp
[28.182s] -- Installing: /opt/workspace/install/move_base_msgs/include/move_base_msgs/action/move_base__type_support.cpp
[28.182s] -- Installing: /opt/workspace/install/move_base_msgs/lib/libmove_base_msgs__rosidl_typesupport_introspection_cpp.so
[28.183s] -- Set runtime path of "/opt/workspace/install/move_base_msgs/lib/libmove_base_msgs__rosidl_typesupport_introspection_cpp.so" to ""
[28.183s] -- Up-to-date: /opt/workspace/install/move_base_msgs/include/move_base_msgs
[28.184s] -- Installing: /opt/workspace/install/move_base_msgs/include/move_base_msgs/msg
[28.185s] -- Installing: /opt/workspace/install/move_base_msgs/include/move_base_msgs/msg/rosidl_generator_c__visibility_control.h
[28.185s] -- Up-to-date: /opt/workspace/install/move_base_msgs/include/move_base_msgs/action
[28.185s] -- Installing: /opt/workspace/install/move_base_msgs/include/move_base_msgs/action/move_base.h
[28.186s] -- Installing: /opt/workspace/install/move_base_msgs/include/move_base_msgs/action/move_base__struct.h
[28.186s] -- Installing: /opt/workspace/install/move_base_msgs/include/move_base_msgs/action/move_base__functions.c
[28.186s] -- Installing: /opt/workspace/install/move_base_msgs/include/move_base_msgs/action/move_base__type_support.h
[28.187s] -- Installing: /opt/workspace/install/move_base_msgs/include/move_base_msgs/action/move_base__functions.h
[28.187s] -- Installing: /opt/workspace/install/move_base_msgs/lib/libmove_base_msgs__rosidl_generator_c.so
[28.187s] -- Set runtime path of "/opt/workspace/install/move_base_msgs/lib/libmove_base_msgs__rosidl_generator_c.so" to ""
[28.187s] -- Up-to-date: /opt/workspace/install/move_base_msgs/include/move_base_msgs
[28.189s] -- Up-to-date: /opt/workspace/install/move_base_msgs/include/move_base_msgs/action
[28.189s] -- Installing: /opt/workspace/install/move_base_msgs/include/move_base_msgs/action/move_base.hpp
[28.189s] -- Installing: /opt/workspace/install/move_base_msgs/include/move_base_msgs/action/move_base__struct.hpp
[28.189s] -- Installing: /opt/workspace/install/move_base_msgs/include/move_base_msgs/action/move_base__traits.hpp
[28.189s] -- Up-to-date: /opt/workspace/install/move_base_msgs/include/move_base_msgs
[28.190s] -- Up-to-date: /opt/workspace/install/move_base_msgs/include/move_base_msgs/msg
[28.190s] -- Installing: /opt/workspace/install/move_base_msgs/include/move_base_msgs/msg/rosidl_typesupport_introspection_c__visibility_control.h
[28.190s] -- Up-to-date: /opt/workspace/install/move_base_msgs/include/move_base_msgs/action
[28.191s] -- Installing: /opt/workspace/install/move_base_msgs/include/move_base_msgs/action/move_base__rosidl_typesupport_introspection_c.h
[28.191s] -- Installing: /opt/workspace/install/move_base_msgs/include/move_base_msgs/action/move_base__type_support.c
[28.191s] -- Installing: /opt/workspace/install/move_base_msgs/lib/libmove_base_msgs__rosidl_typesupport_introspection_c.so
[28.191s] -- Set runtime path of "/opt/workspace/install/move_base_msgs/lib/libmove_base_msgs__rosidl_typesupport_introspection_c.so" to ""
[28.191s] -- Up-to-date: /opt/workspace/install/move_base_msgs/include/move_base_msgs
[28.192s] -- Up-to-date: /opt/workspace/install/move_base_msgs/include/move_base_msgs/msg
[28.192s] -- Installing: /opt/workspace/install/move_base_msgs/include/move_base_msgs/msg/rosidl_typesupport_fastrtps_c__visibility_control.h
[28.192s] -- Up-to-date: /opt/workspace/install/move_base_msgs/include/move_base_msgs/action
[28.193s] -- Installing: /opt/workspace/install/move_base_msgs/include/move_base_msgs/action/move_base__rosidl_typesupport_fastrtps_c.h
[28.193s] -- Installing: /opt/workspace/install/move_base_msgs/lib/libmove_base_msgs__rosidl_typesupport_fastrtps_c.so
[28.193s] -- Set runtime path of "/opt/workspace/install/move_base_msgs/lib/libmove_base_msgs__rosidl_typesupport_fastrtps_c.so" to ""
[28.193s] -- Up-to-date: /opt/workspace/install/move_base_msgs/include/move_base_msgs
[28.193s] -- Up-to-date: /opt/workspace/install/move_base_msgs/include/move_base_msgs/msg
[28.194s] -- Installing: /opt/workspace/install/move_base_msgs/include/move_base_msgs/msg/rosidl_typesupport_fastrtps_cpp__visibility_control.h
[28.194s] -- Up-to-date: /opt/workspace/install/move_base_msgs/include/move_base_msgs/action
[28.194s] -- Installing: /opt/workspace/install/move_base_msgs/include/move_base_msgs/action/move_base__rosidl_typesupport_fastrtps_cpp.hpp
[28.194s] -- Installing: /opt/workspace/install/move_base_msgs/include/move_base_msgs/action/dds_fastrtps
[28.194s] -- Installing: /opt/workspace/install/move_base_msgs/lib/libmove_base_msgs__rosidl_typesupport_fastrtps_cpp.so
[28.195s] -- Set runtime path of "/opt/workspace/install/move_base_msgs/lib/libmove_base_msgs__rosidl_typesupport_fastrtps_cpp.so" to ""
[28.195s] -- Installing: /opt/workspace/install/move_base_msgs/share/move_base_msgs/environment/pythonpath.sh
[28.195s] -- Installing: /opt/workspace/install/move_base_msgs/share/move_base_msgs/environment/pythonpath.dsv
[28.195s] -- Installing: /opt/workspace/install/move_base_msgs/lib/python3.6/site-packages/move_base_msgs/__init__.py
[28.305s] Compiling '/opt/workspace/install/move_base_msgs/lib/python3.6/site-packages/move_base_msgs/__init__.py'...
[28.316s] -- Installing: /opt/workspace/install/move_base_msgs/lib/python3.6/site-packages/move_base_msgs/action
[28.316s] -- Installing: /opt/workspace/install/move_base_msgs/lib/python3.6/site-packages/move_base_msgs/action/_move_base.py
[28.318s] -- Installing: /opt/workspace/install/move_base_msgs/lib/python3.6/site-packages/move_base_msgs/action/__init__.py
[28.318s] -- Installing: /opt/workspace/install/move_base_msgs/lib/python3.6/site-packages/move_base_msgs/action/_move_base_s.c
[28.319s] -- Installing: /opt/workspace/install/move_base_msgs/lib/python3.6/site-packages/move_base_msgs/move_base_msgs_s__rosidl_typesupport_c.cpython-36m-x86_64-linux-gnu.so
[28.321s] -- Set runtime path of "/opt/workspace/install/move_base_msgs/lib/python3.6/site-packages/move_base_msgs/move_base_msgs_s__rosidl_typesupport_c.cpython-36m-x86_64-linux-gnu.so" to ""
[28.322s] -- Installing: /opt/workspace/install/move_base_msgs/lib/python3.6/site-packages/move_base_msgs/move_base_msgs_s__rosidl_typesupport_introspection_c.cpython-36m-x86_64-linux-gnu.so
[28.325s] -- Set runtime path of "/opt/workspace/install/move_base_msgs/lib/python3.6/site-packages/move_base_msgs/move_base_msgs_s__rosidl_typesupport_introspection_c.cpython-36m-x86_64-linux-gnu.so" to ""
[28.325s] -- Installing: /opt/workspace/install/move_base_msgs/lib/python3.6/site-packages/move_base_msgs/move_base_msgs_s__rosidl_typesupport_fastrtps_c.cpython-36m-x86_64-linux-gnu.so
[28.326s] -- Set runtime path of "/opt/workspace/install/move_base_msgs/lib/python3.6/site-packages/move_base_msgs/move_base_msgs_s__rosidl_typesupport_fastrtps_c.cpython-36m-x86_64-linux-gnu.so" to ""
[28.327s] -- Installing: /opt/workspace/install/move_base_msgs/lib/libmove_base_msgs__python.so
[28.328s] -- Set runtime path of "/opt/workspace/install/move_base_msgs/lib/libmove_base_msgs__python.so" to ""
[28.328s] -- Installing: /opt/workspace/install/move_base_msgs/share/move_base_msgs/action/MoveBase.idl
[28.328s] -- Installing: /opt/workspace/install/move_base_msgs/share/move_base_msgs/action/MoveBase.action
[28.329s] -- Installing: /opt/workspace/install/move_base_msgs/share/ament_index/resource_index/package_run_dependencies/move_base_msgs
[28.329s] -- Installing: /opt/workspace/install/move_base_msgs/share/ament_index/resource_index/parent_prefix_path/move_base_msgs
[28.329s] -- Installing: /opt/workspace/install/move_base_msgs/share/move_base_msgs/environment/ament_prefix_path.sh
[28.330s] -- Installing: /opt/workspace/install/move_base_msgs/share/move_base_msgs/environment/ament_prefix_path.dsv
[28.330s] -- Installing: /opt/workspace/install/move_base_msgs/share/move_base_msgs/environment/path.sh
[28.330s] -- Installing: /opt/workspace/install/move_base_msgs/share/move_base_msgs/environment/path.dsv
[28.331s] -- Installing: /opt/workspace/install/move_base_msgs/share/move_base_msgs/local_setup.bash
[28.331s] -- Installing: /opt/workspace/install/move_base_msgs/share/move_base_msgs/local_setup.sh
[28.331s] -- Installing: /opt/workspace/install/move_base_msgs/share/move_base_msgs/local_setup.zsh
[28.332s] -- Installing: /opt/workspace/install/move_base_msgs/share/move_base_msgs/local_setup.dsv
[28.333s] -- Installing: /opt/workspace/install/move_base_msgs/share/move_base_msgs/package.dsv
[28.333s] -- Installing: /opt/workspace/install/move_base_msgs/share/ament_index/resource_index/packages/move_base_msgs
[28.333s] -- Installing: /opt/workspace/install/move_base_msgs/share/move_base_msgs/cmake/rosidl_cmake-extras.cmake
[28.334s] -- Installing: /opt/workspace/install/move_base_msgs/share/move_base_msgs/cmake/ament_cmake_export_dependencies-extras.cmake
[28.334s] -- Installing: /opt/workspace/install/move_base_msgs/share/move_base_msgs/cmake/ament_cmake_export_libraries-extras.cmake
[28.334s] -- Installing: /opt/workspace/install/move_base_msgs/share/move_base_msgs/cmake/ament_cmake_export_include_directories-extras.cmake
[28.335s] -- Installing: /opt/workspace/install/move_base_msgs/share/move_base_msgs/cmake/move_base_msgsConfig.cmake
[28.335s] -- Installing: /opt/workspace/install/move_base_msgs/share/move_base_msgs/cmake/move_base_msgsConfig-version.cmake
[28.335s] -- Installing: /opt/workspace/install/move_base_msgs/share/move_base_msgs/package.xml
