[0.411s] [36mInstall the project...[0m
[0.439s] -- Install configuration: ""
[0.442s] -- Up-to-date: /opt/workspace/install/ament_cmake_export_link_flags/share/ament_index/resource_index/package_run_dependencies/ament_cmake_export_link_flags
[0.442s] -- Up-to-date: /opt/workspace/install/ament_cmake_export_link_flags/share/ament_index/resource_index/parent_prefix_path/ament_cmake_export_link_flags
[0.443s] -- Up-to-date: /opt/workspace/install/ament_cmake_export_link_flags/share/ament_cmake_export_link_flags/environment/ament_prefix_path.sh
[0.443s] -- Up-to-date: /opt/workspace/install/ament_cmake_export_link_flags/share/ament_cmake_export_link_flags/environment/ament_prefix_path.dsv
[0.444s] -- Up-to-date: /opt/workspace/install/ament_cmake_export_link_flags/share/ament_cmake_export_link_flags/environment/path.sh
[0.444s] -- Up-to-date: /opt/workspace/install/ament_cmake_export_link_flags/share/ament_cmake_export_link_flags/environment/path.dsv
[0.444s] -- Up-to-date: /opt/workspace/install/ament_cmake_export_link_flags/share/ament_cmake_export_link_flags/local_setup.bash
[0.446s] -- Up-to-date: /opt/workspace/install/ament_cmake_export_link_flags/share/ament_cmake_export_link_flags/local_setup.sh
[0.447s] -- Up-to-date: /opt/workspace/install/ament_cmake_export_link_flags/share/ament_cmake_export_link_flags/local_setup.zsh
[0.448s] -- Up-to-date: /opt/workspace/install/ament_cmake_export_link_flags/share/ament_cmake_export_link_flags/local_setup.dsv
[0.448s] -- Up-to-date: /opt/workspace/install/ament_cmake_export_link_flags/share/ament_cmake_export_link_flags/package.dsv
[0.449s] -- Up-to-date: /opt/workspace/install/ament_cmake_export_link_flags/share/ament_index/resource_index/packages/ament_cmake_export_link_flags
[0.452s] -- Up-to-date: /opt/workspace/install/ament_cmake_export_link_flags/share/ament_cmake_export_link_flags/cmake/ament_cmake_export_link_flags-extras.cmake
[0.452s] -- Up-to-date: /opt/workspace/install/ament_cmake_export_link_flags/share/ament_cmake_export_link_flags/cmake/ament_cmake_export_link_flagsConfig.cmake
[0.452s] -- Up-to-date: /opt/workspace/install/ament_cmake_export_link_flags/share/ament_cmake_export_link_flags/cmake/ament_cmake_export_link_flagsConfig-version.cmake
[0.453s] -- Up-to-date: /opt/workspace/install/ament_cmake_export_link_flags/share/ament_cmake_export_link_flags/package.xml
[0.453s] -- Up-to-date: /opt/workspace/install/ament_cmake_export_link_flags/share/ament_cmake_export_link_flags/cmake
[0.453s] -- Up-to-date: /opt/workspace/install/ament_cmake_export_link_flags/share/ament_cmake_export_link_flags/cmake/ament_cmake_export_link_flags-extras.cmake.in
[0.454s] -- Up-to-date: /opt/workspace/install/ament_cmake_export_link_flags/share/ament_cmake_export_link_flags/cmake/ament_export_link_flags.cmake
[0.454s] -- Up-to-date: /opt/workspace/install/ament_cmake_export_link_flags/share/ament_cmake_export_link_flags/cmake/ament_cmake_export_link_flags_package_hook.cmake
