[0.347s] -- The C compiler identification is GNU 7.4.0
[0.468s] -- The CXX compiler identification is GNU 7.4.0
[0.482s] -- Check for working C compiler: /usr/bin/cc
[0.697s] -- Check for working C compiler: /usr/bin/cc -- works
[0.699s] -- Detecting C compiler ABI info
[0.894s] -- Detecting C compiler ABI info - done
[0.908s] -- Detecting C compile features
[1.427s] -- Detecting C compile features - done
[1.433s] -- Check for working CXX compiler: /usr/bin/c++
[1.659s] -- Check for working CXX compiler: /usr/bin/c++ -- works
[1.660s] -- Detecting CXX compiler ABI info
[1.847s] -- Detecting CXX compiler ABI info - done
[1.857s] -- Detecting CXX compile features
[2.686s] -- Detecting CXX compile features - done
[2.697s] -- Found ament_cmake: 0.8.2 (/opt/workspace/install/ament_cmake/share/ament_cmake/cmake)
[2.795s] -- Found PythonInterp: /usr/bin/python3 (found suitable version "3.6.9", minimum required is "3") 
[2.795s] -- Using PYTHON_EXECUTABLE: /usr/bin/python3
[3.325s] -- Found rosidl_default_generators: 0.8.0 (/opt/workspace/install/rosidl_default_generators/share/rosidl_default_generators/cmake)
[3.684s] -- Found OpenSSL: /usr/lib/x86_64-linux-gnu/libcrypto.so (found version "1.1.1") 
[3.758s] -- Found FastRTPS: /opt/workspace/install/fastrtps/include  
[3.814s] -- Found rosidl_adapter: 0.8.2 (/opt/workspace/install/rosidl_adapter/share/rosidl_adapter/cmake)
[4.007s] -- Found builtin_interfaces: 0.8.0 (/opt/workspace/install/builtin_interfaces/share/builtin_interfaces/cmake)
[4.028s] -- Found action_msgs: 0.8.0 (/opt/workspace/install/action_msgs/share/action_msgs/cmake)
[4.048s] -- Found std_msgs: 0.8.1 (/opt/workspace/install/std_msgs/share/std_msgs/cmake)
[4.058s] -- Found geometry_msgs: 0.8.1 (/opt/workspace/install/geometry_msgs/share/geometry_msgs/cmake)
[4.142s] -- Found PythonInterp: /usr/bin/python3 (found version "3.6.9") 
[4.789s] -- Using all available rosidl_typesupport_c: rosidl_typesupport_fastrtps_c;rosidl_typesupport_introspection_c
[5.046s] -- Using all available rosidl_typesupport_cpp: rosidl_typesupport_introspection_cpp;rosidl_typesupport_fastrtps_cpp
[6.723s] -- Found rmw_implementation_cmake: 0.8.1 (/opt/workspace/install/rmw_implementation_cmake/share/rmw_implementation_cmake/cmake)
[6.794s] -- Found PythonInterp: /usr/bin/python3 (found suitable version "3.6.9", minimum required is "3.5") 
[6.801s] -- Found python_cmake_module: 0.8.0 (/opt/workspace/install/python_cmake_module/share/python_cmake_module/cmake)
[6.887s] -- Found PythonLibs: /usr/lib/x86_64-linux-gnu/libpython3.6m.so (found suitable version "3.6.9", minimum required is "3.5") 
[6.888s] -- Using PYTHON_EXECUTABLE: /usr/bin/python3
[6.888s] -- Using PYTHON_INCLUDE_DIRS: /usr/include/python3.6m
[6.888s] -- Using PYTHON_LIBRARIES: /usr/lib/x86_64-linux-gnu/libpython3.6m.so
[6.953s] -- Found PythonExtra: .so  
[7.919s] -- Configuring done
[8.465s] -- Generating done
[8.473s] -- Build files have been written to: /opt/workspace/build/tf2_msgs
[8.639s] [35m[1mScanning dependencies of target tf2_msgs__cpp[0m
[8.677s] [  1%] [34m[1mGenerating C++ code for ROS interfaces[0m
[10.751s] [  1%] Built target tf2_msgs__cpp
[10.781s] [  3%] [34m[1mGenerating C code for ROS interfaces[0m
[13.489s] [35m[1mScanning dependencies of target tf2_msgs__rosidl_generator_c[0m
[13.534s] [  5%] [32mBuilding C object CMakeFiles/tf2_msgs__rosidl_generator_c.dir/rosidl_generator_c/tf2_msgs/msg/tf2_error__functions.c.o[0m
[13.644s] [  7%] [32mBuilding C object CMakeFiles/tf2_msgs__rosidl_generator_c.dir/rosidl_generator_c/tf2_msgs/action/lookup_transform__functions.c.o[0m
[13.861s] [  9%] [32mBuilding C object CMakeFiles/tf2_msgs__rosidl_generator_c.dir/rosidl_generator_c/tf2_msgs/srv/frame_graph__functions.c.o[0m
[13.960s] [ 10%] [32mBuilding C object CMakeFiles/tf2_msgs__rosidl_generator_c.dir/rosidl_generator_c/tf2_msgs/msg/tf_message__functions.c.o[0m
[14.077s] [ 12%] [32m[1mLinking C shared library libtf2_msgs__rosidl_generator_c.so[0m
[14.207s] [ 12%] Built target tf2_msgs__rosidl_generator_c
[14.241s] [ 14%] [34m[1mGenerating C++ type support dispatch for ROS interfaces[0m
[15.810s] [35m[1mScanning dependencies of target tf2_msgs__rosidl_typesupport_cpp[0m
[15.865s] [ 16%] [32mBuilding CXX object CMakeFiles/tf2_msgs__rosidl_typesupport_cpp.dir/rosidl_typesupport_cpp/tf2_msgs/msg/tf2_error__type_support.cpp.o[0m
[16.357s] [ 18%] [32mBuilding CXX object CMakeFiles/tf2_msgs__rosidl_typesupport_cpp.dir/rosidl_typesupport_cpp/tf2_msgs/action/lookup_transform__type_support.cpp.o[0m
[16.914s] [ 20%] [32mBuilding CXX object CMakeFiles/tf2_msgs__rosidl_typesupport_cpp.dir/rosidl_typesupport_cpp/tf2_msgs/srv/frame_graph__type_support.cpp.o[0m
[17.412s] [ 21%] [32mBuilding CXX object CMakeFiles/tf2_msgs__rosidl_typesupport_cpp.dir/rosidl_typesupport_cpp/tf2_msgs/msg/tf_message__type_support.cpp.o[0m
[17.927s] [ 23%] [32m[1mLinking CXX shared library libtf2_msgs__rosidl_typesupport_cpp.so[0m
[18.089s] [ 23%] Built target tf2_msgs__rosidl_typesupport_cpp
[18.118s] [ 25%] [34m[1mGenerating C introspection for ROS interfaces[0m
[20.101s] [35m[1mScanning dependencies of target tf2_msgs__rosidl_typesupport_introspection_c[0m
[20.158s] [ 27%] [32mBuilding C object CMakeFiles/tf2_msgs__rosidl_typesupport_introspection_c.dir/rosidl_typesupport_introspection_c/tf2_msgs/msg/tf2_error__type_support.c.o[0m
[20.233s] [ 29%] [32mBuilding C object CMakeFiles/tf2_msgs__rosidl_typesupport_introspection_c.dir/rosidl_typesupport_introspection_c/tf2_msgs/action/lookup_transform__type_support.c.o[0m
[20.356s] [ 30%] [32mBuilding C object CMakeFiles/tf2_msgs__rosidl_typesupport_introspection_c.dir/rosidl_typesupport_introspection_c/tf2_msgs/srv/frame_graph__type_support.c.o[0m
[20.447s] [ 32%] [32mBuilding C object CMakeFiles/tf2_msgs__rosidl_typesupport_introspection_c.dir/rosidl_typesupport_introspection_c/tf2_msgs/msg/tf_message__type_support.c.o[0m
[20.536s] [ 34%] [32m[1mLinking C shared library libtf2_msgs__rosidl_typesupport_introspection_c.so[0m
[20.654s] [ 34%] Built target tf2_msgs__rosidl_typesupport_introspection_c
[20.692s] [ 36%] [34m[1mGenerating C type support dispatch for ROS interfaces[0m
[22.112s] [35m[1mScanning dependencies of target tf2_msgs__rosidl_typesupport_c[0m
[22.157s] [ 38%] [32mBuilding CXX object CMakeFiles/tf2_msgs__rosidl_typesupport_c.dir/rosidl_typesupport_c/tf2_msgs/msg/tf2_error__type_support.cpp.o[0m
[22.224s] [ 40%] [32mBuilding CXX object CMakeFiles/tf2_msgs__rosidl_typesupport_c.dir/rosidl_typesupport_c/tf2_msgs/action/lookup_transform__type_support.cpp.o[0m
[22.355s] [ 41%] [32mBuilding CXX object CMakeFiles/tf2_msgs__rosidl_typesupport_c.dir/rosidl_typesupport_c/tf2_msgs/srv/frame_graph__type_support.cpp.o[0m
[22.437s] [ 43%] [32mBuilding CXX object CMakeFiles/tf2_msgs__rosidl_typesupport_c.dir/rosidl_typesupport_c/tf2_msgs/msg/tf_message__type_support.cpp.o[0m
[22.527s] [ 45%] [32m[1mLinking CXX shared library libtf2_msgs__rosidl_typesupport_c.so[0m
[22.656s] [ 45%] Built target tf2_msgs__rosidl_typesupport_c
[22.697s] [ 47%] [34m[1mGenerating C++ type support for eProsima Fast-RTPS[0m
[24.953s] [35m[1mScanning dependencies of target tf2_msgs__rosidl_typesupport_fastrtps_cpp[0m
[25.039s] [ 49%] [32mBuilding CXX object CMakeFiles/tf2_msgs__rosidl_typesupport_fastrtps_cpp.dir/rosidl_typesupport_fastrtps_cpp/tf2_msgs/msg/dds_fastrtps/tf2_error__type_support.cpp.o[0m
[25.866s] [ 50%] [32mBuilding CXX object CMakeFiles/tf2_msgs__rosidl_typesupport_fastrtps_cpp.dir/rosidl_typesupport_fastrtps_cpp/tf2_msgs/action/dds_fastrtps/lookup_transform__type_support.cpp.o[0m
[26.858s] [ 52%] [32mBuilding CXX object CMakeFiles/tf2_msgs__rosidl_typesupport_fastrtps_cpp.dir/rosidl_typesupport_fastrtps_cpp/tf2_msgs/srv/dds_fastrtps/frame_graph__type_support.cpp.o[0m
[27.676s] [ 54%] [32mBuilding CXX object CMakeFiles/tf2_msgs__rosidl_typesupport_fastrtps_cpp.dir/rosidl_typesupport_fastrtps_cpp/tf2_msgs/msg/dds_fastrtps/tf_message__type_support.cpp.o[0m
[28.606s] [ 56%] [32m[1mLinking CXX shared library libtf2_msgs__rosidl_typesupport_fastrtps_cpp.so[0m
[28.829s] [ 56%] Built target tf2_msgs__rosidl_typesupport_fastrtps_cpp
[28.867s] [ 58%] [34m[1mGenerating C++ introspection for ROS interfaces[0m
[30.843s] [35m[1mScanning dependencies of target tf2_msgs__rosidl_typesupport_introspection_cpp[0m
[30.897s] [ 60%] [32mBuilding CXX object CMakeFiles/tf2_msgs__rosidl_typesupport_introspection_cpp.dir/rosidl_typesupport_introspection_cpp/tf2_msgs/msg/tf2_error__type_support.cpp.o[0m
[31.405s] [ 61%] [32mBuilding CXX object CMakeFiles/tf2_msgs__rosidl_typesupport_introspection_cpp.dir/rosidl_typesupport_introspection_cpp/tf2_msgs/action/lookup_transform__type_support.cpp.o[0m
[32.111s] [ 63%] [32mBuilding CXX object CMakeFiles/tf2_msgs__rosidl_typesupport_introspection_cpp.dir/rosidl_typesupport_introspection_cpp/tf2_msgs/srv/frame_graph__type_support.cpp.o[0m
[32.677s] [ 65%] [32mBuilding CXX object CMakeFiles/tf2_msgs__rosidl_typesupport_introspection_cpp.dir/rosidl_typesupport_introspection_cpp/tf2_msgs/msg/tf_message__type_support.cpp.o[0m
[33.357s] [ 67%] [32m[1mLinking CXX shared library libtf2_msgs__rosidl_typesupport_introspection_cpp.so[0m
[33.561s] [ 67%] Built target tf2_msgs__rosidl_typesupport_introspection_cpp
[33.594s] [ 69%] [34m[1mGenerating C type support for eProsima Fast-RTPS[0m
[35.705s] [35m[1mScanning dependencies of target tf2_msgs__rosidl_typesupport_fastrtps_c[0m
[35.786s] [ 70%] [32mBuilding CXX object CMakeFiles/tf2_msgs__rosidl_typesupport_fastrtps_c.dir/rosidl_typesupport_fastrtps_c/tf2_msgs/msg/tf2_error__type_support_c.cpp.o[0m
[36.485s] [ 72%] [32mBuilding CXX object CMakeFiles/tf2_msgs__rosidl_typesupport_fastrtps_c.dir/rosidl_typesupport_fastrtps_c/tf2_msgs/action/lookup_transform__type_support_c.cpp.o[0m
[37.312s] [ 74%] [32mBuilding CXX object CMakeFiles/tf2_msgs__rosidl_typesupport_fastrtps_c.dir/rosidl_typesupport_fastrtps_c/tf2_msgs/srv/frame_graph__type_support_c.cpp.o[0m
[38.052s] [ 76%] [32mBuilding CXX object CMakeFiles/tf2_msgs__rosidl_typesupport_fastrtps_c.dir/rosidl_typesupport_fastrtps_c/tf2_msgs/msg/tf_message__type_support_c.cpp.o[0m
[38.788s] [ 78%] [32m[1mLinking CXX shared library libtf2_msgs__rosidl_typesupport_fastrtps_c.so[0m
[39.068s] [ 78%] Built target tf2_msgs__rosidl_typesupport_fastrtps_c
[39.097s] [35m[1mScanning dependencies of target tf2_msgs[0m
[39.123s] [ 78%] Built target tf2_msgs
[39.148s] [35m[1mScanning dependencies of target tf2_msgs__py[0m
[39.176s] [ 80%] [34m[1mGenerating Python code for ROS interfaces[0m
[43.771s] [ 80%] Built target tf2_msgs__py
[43.804s] [35m[1mScanning dependencies of target tf2_msgs__python[0m
[43.900s] [ 81%] [32mBuilding C object CMakeFiles/tf2_msgs__python.dir/rosidl_generator_py/tf2_msgs/msg/_tf2_error_s.c.o[0m
[44.082s] [ 83%] [32mBuilding C object CMakeFiles/tf2_msgs__python.dir/rosidl_generator_py/tf2_msgs/action/_lookup_transform_s.c.o[0m
[44.379s] [ 85%] [32mBuilding C object CMakeFiles/tf2_msgs__python.dir/rosidl_generator_py/tf2_msgs/srv/_frame_graph_s.c.o[0m
[44.591s] [ 87%] [32mBuilding C object CMakeFiles/tf2_msgs__python.dir/rosidl_generator_py/tf2_msgs/msg/_tf_message_s.c.o[0m
[44.785s] [ 89%] [32m[1mLinking C shared library rosidl_generator_py/tf2_msgs/libtf2_msgs__python.so[0m
[44.921s] [ 89%] Built target tf2_msgs__python
[44.957s] [35m[1mScanning dependencies of target tf2_msgs__rosidl_typesupport_fastrtps_c__pyext[0m
[45.039s] [ 90%] [32mBuilding C object CMakeFiles/tf2_msgs__rosidl_typesupport_fastrtps_c__pyext.dir/rosidl_generator_py/tf2_msgs/_tf2_msgs_s.ep.rosidl_typesupport_fastrtps_c.c.o[0m
[45.318s] [ 92%] [32m[1mLinking CXX shared library rosidl_generator_py/tf2_msgs/tf2_msgs_s__rosidl_typesupport_fastrtps_c.cpython-36m-x86_64-linux-gnu.so[0m
[45.586s] [ 92%] Built target tf2_msgs__rosidl_typesupport_fastrtps_c__pyext
[45.637s] [35m[1mScanning dependencies of target tf2_msgs__rosidl_typesupport_c__pyext[0m
[45.707s] [ 94%] [32mBuilding C object CMakeFiles/tf2_msgs__rosidl_typesupport_c__pyext.dir/rosidl_generator_py/tf2_msgs/_tf2_msgs_s.ep.rosidl_typesupport_c.c.o[0m
[45.980s] [ 96%] [32m[1mLinking C shared library rosidl_generator_py/tf2_msgs/tf2_msgs_s__rosidl_typesupport_c.cpython-36m-x86_64-linux-gnu.so[0m
[46.167s] [ 96%] Built target tf2_msgs__rosidl_typesupport_c__pyext
[46.207s] [35m[1mScanning dependencies of target tf2_msgs__rosidl_typesupport_introspection_c__pyext[0m
[46.281s] [ 98%] [32mBuilding C object CMakeFiles/tf2_msgs__rosidl_typesupport_introspection_c__pyext.dir/rosidl_generator_py/tf2_msgs/_tf2_msgs_s.ep.rosidl_typesupport_introspection_c.c.o[0m
[46.595s] [100%] [32m[1mLinking C shared library rosidl_generator_py/tf2_msgs/tf2_msgs_s__rosidl_typesupport_introspection_c.cpython-36m-x86_64-linux-gnu.so[0m
[46.777s] [100%] Built target tf2_msgs__rosidl_typesupport_introspection_c__pyext
[47.354s] [  1%] Built target tf2_msgs__cpp
[47.423s] [ 12%] Built target tf2_msgs__rosidl_generator_c
[47.491s] [ 23%] Built target tf2_msgs__rosidl_typesupport_cpp
[47.572s] [ 34%] Built target tf2_msgs__rosidl_typesupport_introspection_c
[47.646s] [ 45%] Built target tf2_msgs__rosidl_typesupport_c
[47.747s] [ 56%] Built target tf2_msgs__rosidl_typesupport_fastrtps_cpp
[47.829s] [ 67%] Built target tf2_msgs__rosidl_typesupport_introspection_cpp
[47.944s] [ 78%] Built target tf2_msgs__rosidl_typesupport_fastrtps_c
[48.004s] [ 78%] Built target tf2_msgs
[48.068s] [ 80%] Built target tf2_msgs__py
[48.153s] [ 89%] Built target tf2_msgs__python
[48.226s] [ 92%] Built target tf2_msgs__rosidl_typesupport_fastrtps_c__pyext
[48.307s] [ 96%] Built target tf2_msgs__rosidl_typesupport_c__pyext
[48.383s] [100%] Built target tf2_msgs__rosidl_typesupport_introspection_c__pyext
[48.437s] [36mInstall the project...[0m
[48.461s] -- Install configuration: ""
[48.462s] -- Installing: /opt/workspace/install/tf2_msgs/share/ament_index/resource_index/rosidl_interfaces/tf2_msgs
[48.463s] -- Installing: /opt/workspace/install/tf2_msgs/lib/libtf2_msgs__rosidl_typesupport_c.so
[48.464s] -- Set runtime path of "/opt/workspace/install/tf2_msgs/lib/libtf2_msgs__rosidl_typesupport_c.so" to ""
[48.465s] -- Installing: /opt/workspace/install/tf2_msgs/share/tf2_msgs/environment/library_path.sh
[48.466s] -- Installing: /opt/workspace/install/tf2_msgs/share/tf2_msgs/environment/library_path.dsv
[48.467s] -- Installing: /opt/workspace/install/tf2_msgs/lib/libtf2_msgs__rosidl_typesupport_cpp.so
[48.468s] -- Set runtime path of "/opt/workspace/install/tf2_msgs/lib/libtf2_msgs__rosidl_typesupport_cpp.so" to ""
[48.468s] -- Installing: /opt/workspace/install/tf2_msgs/include/tf2_msgs
[48.469s] -- Installing: /opt/workspace/install/tf2_msgs/include/tf2_msgs/msg
[48.469s] -- Installing: /opt/workspace/install/tf2_msgs/include/tf2_msgs/msg/tf_message__rosidl_typesupport_fastrtps_c.h
[48.470s] -- Installing: /opt/workspace/install/tf2_msgs/include/tf2_msgs/msg/rosidl_typesupport_fastrtps_c__visibility_control.h
[48.470s] -- Installing: /opt/workspace/install/tf2_msgs/include/tf2_msgs/msg/tf2_error__rosidl_typesupport_fastrtps_c.h
[48.470s] -- Installing: /opt/workspace/install/tf2_msgs/include/tf2_msgs/action
[48.471s] -- Installing: /opt/workspace/install/tf2_msgs/include/tf2_msgs/action/lookup_transform__rosidl_typesupport_fastrtps_c.h
[48.471s] -- Installing: /opt/workspace/install/tf2_msgs/include/tf2_msgs/srv
[48.472s] -- Installing: /opt/workspace/install/tf2_msgs/include/tf2_msgs/srv/frame_graph__rosidl_typesupport_fastrtps_c.h
[48.473s] -- Installing: /opt/workspace/install/tf2_msgs/lib/libtf2_msgs__rosidl_typesupport_fastrtps_c.so
[48.475s] -- Set runtime path of "/opt/workspace/install/tf2_msgs/lib/libtf2_msgs__rosidl_typesupport_fastrtps_c.so" to ""
[48.475s] -- Up-to-date: /opt/workspace/install/tf2_msgs/include/tf2_msgs
[48.475s] -- Up-to-date: /opt/workspace/install/tf2_msgs/include/tf2_msgs/msg
[48.476s] -- Installing: /opt/workspace/install/tf2_msgs/include/tf2_msgs/msg/tf_message__functions.h
[48.477s] -- Installing: /opt/workspace/install/tf2_msgs/include/tf2_msgs/msg/tf2_error.h
[48.477s] -- Installing: /opt/workspace/install/tf2_msgs/include/tf2_msgs/msg/tf_message__type_support.h
[48.478s] -- Installing: /opt/workspace/install/tf2_msgs/include/tf2_msgs/msg/tf_message.h
[48.478s] -- Installing: /opt/workspace/install/tf2_msgs/include/tf2_msgs/msg/tf2_error__struct.h
[48.478s] -- Installing: /opt/workspace/install/tf2_msgs/include/tf2_msgs/msg/tf2_error__functions.c
[48.479s] -- Installing: /opt/workspace/install/tf2_msgs/include/tf2_msgs/msg/tf2_error__functions.h
[48.479s] -- Installing: /opt/workspace/install/tf2_msgs/include/tf2_msgs/msg/tf_message__struct.h
[48.480s] -- Installing: /opt/workspace/install/tf2_msgs/include/tf2_msgs/msg/tf_message__functions.c
[48.480s] -- Installing: /opt/workspace/install/tf2_msgs/include/tf2_msgs/msg/tf2_error__type_support.h
[48.481s] -- Installing: /opt/workspace/install/tf2_msgs/include/tf2_msgs/msg/rosidl_generator_c__visibility_control.h
[48.481s] -- Up-to-date: /opt/workspace/install/tf2_msgs/include/tf2_msgs/action
[48.482s] -- Installing: /opt/workspace/install/tf2_msgs/include/tf2_msgs/action/lookup_transform__functions.c
[48.482s] -- Installing: /opt/workspace/install/tf2_msgs/include/tf2_msgs/action/lookup_transform__functions.h
[48.483s] -- Installing: /opt/workspace/install/tf2_msgs/include/tf2_msgs/action/lookup_transform__struct.h
[48.483s] -- Installing: /opt/workspace/install/tf2_msgs/include/tf2_msgs/action/lookup_transform.h
[48.484s] -- Installing: /opt/workspace/install/tf2_msgs/include/tf2_msgs/action/lookup_transform__type_support.h
[48.484s] -- Up-to-date: /opt/workspace/install/tf2_msgs/include/tf2_msgs/srv
[48.484s] -- Installing: /opt/workspace/install/tf2_msgs/include/tf2_msgs/srv/frame_graph__functions.c
[48.485s] -- Installing: /opt/workspace/install/tf2_msgs/include/tf2_msgs/srv/frame_graph__struct.h
[48.485s] -- Installing: /opt/workspace/install/tf2_msgs/include/tf2_msgs/srv/frame_graph__functions.h
[48.486s] -- Installing: /opt/workspace/install/tf2_msgs/include/tf2_msgs/srv/frame_graph__type_support.h
[48.488s] -- Installing: /opt/workspace/install/tf2_msgs/include/tf2_msgs/srv/frame_graph.h
[48.488s] -- Installing: /opt/workspace/install/tf2_msgs/lib/libtf2_msgs__rosidl_generator_c.so
[48.489s] -- Set runtime path of "/opt/workspace/install/tf2_msgs/lib/libtf2_msgs__rosidl_generator_c.so" to ""
[48.490s] -- Up-to-date: /opt/workspace/install/tf2_msgs/include/tf2_msgs
[48.490s] -- Up-to-date: /opt/workspace/install/tf2_msgs/include/tf2_msgs/msg
[48.491s] -- Installing: /opt/workspace/install/tf2_msgs/include/tf2_msgs/msg/tf2_error__rosidl_typesupport_fastrtps_cpp.hpp
[48.491s] -- Installing: /opt/workspace/install/tf2_msgs/include/tf2_msgs/msg/rosidl_typesupport_fastrtps_cpp__visibility_control.h
[48.492s] -- Installing: /opt/workspace/install/tf2_msgs/include/tf2_msgs/msg/tf_message__rosidl_typesupport_fastrtps_cpp.hpp
[48.492s] -- Installing: /opt/workspace/install/tf2_msgs/include/tf2_msgs/msg/dds_fastrtps
[48.492s] -- Up-to-date: /opt/workspace/install/tf2_msgs/include/tf2_msgs/action
[48.493s] -- Installing: /opt/workspace/install/tf2_msgs/include/tf2_msgs/action/dds_fastrtps
[48.493s] -- Installing: /opt/workspace/install/tf2_msgs/include/tf2_msgs/action/lookup_transform__rosidl_typesupport_fastrtps_cpp.hpp
[48.494s] -- Up-to-date: /opt/workspace/install/tf2_msgs/include/tf2_msgs/srv
[48.494s] -- Installing: /opt/workspace/install/tf2_msgs/include/tf2_msgs/srv/frame_graph__rosidl_typesupport_fastrtps_cpp.hpp
[48.495s] -- Installing: /opt/workspace/install/tf2_msgs/include/tf2_msgs/srv/dds_fastrtps
[48.495s] -- Installing: /opt/workspace/install/tf2_msgs/lib/libtf2_msgs__rosidl_typesupport_fastrtps_cpp.so
[48.497s] -- Set runtime path of "/opt/workspace/install/tf2_msgs/lib/libtf2_msgs__rosidl_typesupport_fastrtps_cpp.so" to ""
[48.498s] -- Up-to-date: /opt/workspace/install/tf2_msgs/include/tf2_msgs
[48.498s] -- Up-to-date: /opt/workspace/install/tf2_msgs/include/tf2_msgs/msg
[48.499s] -- Installing: /opt/workspace/install/tf2_msgs/include/tf2_msgs/msg/tf_message.hpp
[48.499s] -- Installing: /opt/workspace/install/tf2_msgs/include/tf2_msgs/msg/tf2_error.hpp
[48.500s] -- Installing: /opt/workspace/install/tf2_msgs/include/tf2_msgs/msg/tf_message__traits.hpp
[48.500s] -- Installing: /opt/workspace/install/tf2_msgs/include/tf2_msgs/msg/tf2_error__struct.hpp
[48.501s] -- Installing: /opt/workspace/install/tf2_msgs/include/tf2_msgs/msg/tf2_error__traits.hpp
[48.501s] -- Installing: /opt/workspace/install/tf2_msgs/include/tf2_msgs/msg/tf_message__struct.hpp
[48.501s] -- Up-to-date: /opt/workspace/install/tf2_msgs/include/tf2_msgs/action
[48.502s] -- Installing: /opt/workspace/install/tf2_msgs/include/tf2_msgs/action/lookup_transform__traits.hpp
[48.503s] -- Installing: /opt/workspace/install/tf2_msgs/include/tf2_msgs/action/lookup_transform.hpp
[48.503s] -- Installing: /opt/workspace/install/tf2_msgs/include/tf2_msgs/action/lookup_transform__struct.hpp
[48.504s] -- Up-to-date: /opt/workspace/install/tf2_msgs/include/tf2_msgs/srv
[48.504s] -- Installing: /opt/workspace/install/tf2_msgs/include/tf2_msgs/srv/frame_graph.hpp
[48.505s] -- Installing: /opt/workspace/install/tf2_msgs/include/tf2_msgs/srv/frame_graph__traits.hpp
[48.506s] -- Installing: /opt/workspace/install/tf2_msgs/include/tf2_msgs/srv/frame_graph__struct.hpp
[48.507s] -- Up-to-date: /opt/workspace/install/tf2_msgs/include/tf2_msgs
[48.507s] -- Up-to-date: /opt/workspace/install/tf2_msgs/include/tf2_msgs/msg
[48.508s] -- Installing: /opt/workspace/install/tf2_msgs/include/tf2_msgs/msg/tf2_error__rosidl_typesupport_introspection_c.h
[48.508s] -- Installing: /opt/workspace/install/tf2_msgs/include/tf2_msgs/msg/rosidl_typesupport_introspection_c__visibility_control.h
[48.508s] -- Installing: /opt/workspace/install/tf2_msgs/include/tf2_msgs/msg/tf_message__rosidl_typesupport_introspection_c.h
[48.509s] -- Installing: /opt/workspace/install/tf2_msgs/include/tf2_msgs/msg/tf_message__type_support.c
[48.509s] -- Installing: /opt/workspace/install/tf2_msgs/include/tf2_msgs/msg/tf2_error__type_support.c
[48.510s] -- Up-to-date: /opt/workspace/install/tf2_msgs/include/tf2_msgs/action
[48.510s] -- Installing: /opt/workspace/install/tf2_msgs/include/tf2_msgs/action/lookup_transform__rosidl_typesupport_introspection_c.h
[48.511s] -- Installing: /opt/workspace/install/tf2_msgs/include/tf2_msgs/action/lookup_transform__type_support.c
[48.512s] -- Up-to-date: /opt/workspace/install/tf2_msgs/include/tf2_msgs/srv
[48.512s] -- Installing: /opt/workspace/install/tf2_msgs/include/tf2_msgs/srv/frame_graph__type_support.c
[48.513s] -- Installing: /opt/workspace/install/tf2_msgs/include/tf2_msgs/srv/frame_graph__rosidl_typesupport_introspection_c.h
[48.513s] -- Installing: /opt/workspace/install/tf2_msgs/lib/libtf2_msgs__rosidl_typesupport_introspection_c.so
[48.516s] -- Set runtime path of "/opt/workspace/install/tf2_msgs/lib/libtf2_msgs__rosidl_typesupport_introspection_c.so" to ""
[48.517s] -- Up-to-date: /opt/workspace/install/tf2_msgs/include/tf2_msgs
[48.517s] -- Up-to-date: /opt/workspace/install/tf2_msgs/include/tf2_msgs/msg
[48.518s] -- Installing: /opt/workspace/install/tf2_msgs/include/tf2_msgs/msg/tf_message__type_support.cpp
[48.518s] -- Installing: /opt/workspace/install/tf2_msgs/include/tf2_msgs/msg/tf2_error__type_support.cpp
[48.519s] -- Installing: /opt/workspace/install/tf2_msgs/include/tf2_msgs/msg/tf2_error__rosidl_typesupport_introspection_cpp.hpp
[48.519s] -- Installing: /opt/workspace/install/tf2_msgs/include/tf2_msgs/msg/tf_message__rosidl_typesupport_introspection_cpp.hpp
[48.520s] -- Up-to-date: /opt/workspace/install/tf2_msgs/include/tf2_msgs/action
[48.520s] -- Installing: /opt/workspace/install/tf2_msgs/include/tf2_msgs/action/lookup_transform__rosidl_typesupport_introspection_cpp.hpp
[48.520s] -- Installing: /opt/workspace/install/tf2_msgs/include/tf2_msgs/action/lookup_transform__type_support.cpp
[48.521s] -- Up-to-date: /opt/workspace/install/tf2_msgs/include/tf2_msgs/srv
[48.521s] -- Installing: /opt/workspace/install/tf2_msgs/include/tf2_msgs/srv/frame_graph__type_support.cpp
[48.522s] -- Installing: /opt/workspace/install/tf2_msgs/include/tf2_msgs/srv/frame_graph__rosidl_typesupport_introspection_cpp.hpp
[48.522s] -- Installing: /opt/workspace/install/tf2_msgs/lib/libtf2_msgs__rosidl_typesupport_introspection_cpp.so
[48.523s] -- Set runtime path of "/opt/workspace/install/tf2_msgs/lib/libtf2_msgs__rosidl_typesupport_introspection_cpp.so" to ""
[48.525s] -- Installing: /opt/workspace/install/tf2_msgs/share/tf2_msgs/environment/pythonpath.sh
[48.525s] -- Installing: /opt/workspace/install/tf2_msgs/share/tf2_msgs/environment/pythonpath.dsv
[48.526s] -- Installing: /opt/workspace/install/tf2_msgs/lib/python3.6/site-packages/tf2_msgs/__init__.py
[48.650s] Compiling '/opt/workspace/install/tf2_msgs/lib/python3.6/site-packages/tf2_msgs/__init__.py'...
[48.658s] -- Installing: /opt/workspace/install/tf2_msgs/lib/python3.6/site-packages/tf2_msgs/msg
[48.659s] -- Installing: /opt/workspace/install/tf2_msgs/lib/python3.6/site-packages/tf2_msgs/msg/__init__.py
[48.659s] -- Installing: /opt/workspace/install/tf2_msgs/lib/python3.6/site-packages/tf2_msgs/msg/_tf_message.py
[48.659s] -- Installing: /opt/workspace/install/tf2_msgs/lib/python3.6/site-packages/tf2_msgs/msg/_tf2_error.py
[48.659s] -- Installing: /opt/workspace/install/tf2_msgs/lib/python3.6/site-packages/tf2_msgs/msg/_tf2_error_s.c
[48.660s] -- Installing: /opt/workspace/install/tf2_msgs/lib/python3.6/site-packages/tf2_msgs/msg/_tf_message_s.c
[48.660s] -- Installing: /opt/workspace/install/tf2_msgs/lib/python3.6/site-packages/tf2_msgs/srv
[48.660s] -- Installing: /opt/workspace/install/tf2_msgs/lib/python3.6/site-packages/tf2_msgs/srv/_frame_graph_s.c
[48.661s] -- Installing: /opt/workspace/install/tf2_msgs/lib/python3.6/site-packages/tf2_msgs/srv/__init__.py
[48.661s] -- Installing: /opt/workspace/install/tf2_msgs/lib/python3.6/site-packages/tf2_msgs/srv/_frame_graph.py
[48.661s] -- Installing: /opt/workspace/install/tf2_msgs/lib/python3.6/site-packages/tf2_msgs/action
[48.661s] -- Installing: /opt/workspace/install/tf2_msgs/lib/python3.6/site-packages/tf2_msgs/action/_lookup_transform_s.c
[48.661s] -- Installing: /opt/workspace/install/tf2_msgs/lib/python3.6/site-packages/tf2_msgs/action/__init__.py
[48.662s] -- Installing: /opt/workspace/install/tf2_msgs/lib/python3.6/site-packages/tf2_msgs/action/_lookup_transform.py
[48.662s] -- Installing: /opt/workspace/install/tf2_msgs/lib/python3.6/site-packages/tf2_msgs/tf2_msgs_s__rosidl_typesupport_c.cpython-36m-x86_64-linux-gnu.so
[48.662s] -- Set runtime path of "/opt/workspace/install/tf2_msgs/lib/python3.6/site-packages/tf2_msgs/tf2_msgs_s__rosidl_typesupport_c.cpython-36m-x86_64-linux-gnu.so" to ""
[48.662s] -- Installing: /opt/workspace/install/tf2_msgs/lib/python3.6/site-packages/tf2_msgs/tf2_msgs_s__rosidl_typesupport_introspection_c.cpython-36m-x86_64-linux-gnu.so
[48.663s] -- Set runtime path of "/opt/workspace/install/tf2_msgs/lib/python3.6/site-packages/tf2_msgs/tf2_msgs_s__rosidl_typesupport_introspection_c.cpython-36m-x86_64-linux-gnu.so" to ""
[48.663s] -- Installing: /opt/workspace/install/tf2_msgs/lib/python3.6/site-packages/tf2_msgs/tf2_msgs_s__rosidl_typesupport_fastrtps_c.cpython-36m-x86_64-linux-gnu.so
[48.665s] -- Set runtime path of "/opt/workspace/install/tf2_msgs/lib/python3.6/site-packages/tf2_msgs/tf2_msgs_s__rosidl_typesupport_fastrtps_c.cpython-36m-x86_64-linux-gnu.so" to ""
[48.665s] -- Installing: /opt/workspace/install/tf2_msgs/lib/libtf2_msgs__python.so
[48.666s] -- Set runtime path of "/opt/workspace/install/tf2_msgs/lib/libtf2_msgs__python.so" to ""
[48.666s] -- Installing: /opt/workspace/install/tf2_msgs/share/tf2_msgs/msg/TF2Error.idl
[48.666s] -- Installing: /opt/workspace/install/tf2_msgs/share/tf2_msgs/msg/TFMessage.idl
[48.667s] -- Installing: /opt/workspace/install/tf2_msgs/share/tf2_msgs/srv/FrameGraph.idl
[48.667s] -- Installing: /opt/workspace/install/tf2_msgs/share/tf2_msgs/action/LookupTransform.idl
[48.667s] -- Installing: /opt/workspace/install/tf2_msgs/share/tf2_msgs/msg/TF2Error.msg
[48.668s] -- Installing: /opt/workspace/install/tf2_msgs/share/tf2_msgs/msg/TFMessage.msg
[48.668s] -- Installing: /opt/workspace/install/tf2_msgs/share/tf2_msgs/srv/FrameGraph.srv
[48.668s] -- Installing: /opt/workspace/install/tf2_msgs/share/tf2_msgs/srv/FrameGraph_Request.msg
[48.668s] -- Installing: /opt/workspace/install/tf2_msgs/share/tf2_msgs/srv/FrameGraph_Response.msg
[48.669s] -- Installing: /opt/workspace/install/tf2_msgs/share/tf2_msgs/action/LookupTransform.action
[48.669s] -- Installing: /opt/workspace/install/tf2_msgs/share/tf2_msgs/tfmessage_bridge_mapping_rule.yaml
[48.670s] -- Installing: /opt/workspace/install/tf2_msgs/share/ament_index/resource_index/package_run_dependencies/tf2_msgs
[48.670s] -- Installing: /opt/workspace/install/tf2_msgs/share/ament_index/resource_index/parent_prefix_path/tf2_msgs
[48.671s] -- Installing: /opt/workspace/install/tf2_msgs/share/tf2_msgs/environment/ament_prefix_path.sh
[48.671s] -- Installing: /opt/workspace/install/tf2_msgs/share/tf2_msgs/environment/ament_prefix_path.dsv
[48.672s] -- Installing: /opt/workspace/install/tf2_msgs/share/tf2_msgs/environment/path.sh
[48.673s] -- Installing: /opt/workspace/install/tf2_msgs/share/tf2_msgs/environment/path.dsv
[48.673s] -- Installing: /opt/workspace/install/tf2_msgs/share/tf2_msgs/local_setup.bash
[48.675s] -- Installing: /opt/workspace/install/tf2_msgs/share/tf2_msgs/local_setup.sh
[48.676s] -- Installing: /opt/workspace/install/tf2_msgs/share/tf2_msgs/local_setup.zsh
[48.676s] -- Installing: /opt/workspace/install/tf2_msgs/share/tf2_msgs/local_setup.dsv
[48.677s] -- Installing: /opt/workspace/install/tf2_msgs/share/tf2_msgs/package.dsv
[48.677s] -- Installing: /opt/workspace/install/tf2_msgs/share/ament_index/resource_index/packages/tf2_msgs
[48.677s] -- Installing: /opt/workspace/install/tf2_msgs/share/tf2_msgs/cmake/rosidl_cmake-extras.cmake
[48.677s] -- Installing: /opt/workspace/install/tf2_msgs/share/tf2_msgs/cmake/ament_cmake_export_dependencies-extras.cmake
[48.678s] -- Installing: /opt/workspace/install/tf2_msgs/share/tf2_msgs/cmake/ament_cmake_export_libraries-extras.cmake
[48.678s] -- Installing: /opt/workspace/install/tf2_msgs/share/tf2_msgs/cmake/ament_cmake_export_include_directories-extras.cmake
[48.678s] -- Installing: /opt/workspace/install/tf2_msgs/share/tf2_msgs/cmake/tf2_msgsConfig.cmake
[48.679s] -- Installing: /opt/workspace/install/tf2_msgs/share/tf2_msgs/cmake/tf2_msgsConfig-version.cmake
[48.679s] -- Installing: /opt/workspace/install/tf2_msgs/share/tf2_msgs/package.xml
