/opt/workspace/install/ros2param/lib/python3.6/site-packages/ros2param/__init__.py
/opt/workspace/install/ros2param/lib/python3.6/site-packages/ros2param/api/__init__.py
/opt/workspace/install/ros2param/lib/python3.6/site-packages/ros2param/verb/set.py
/opt/workspace/install/ros2param/lib/python3.6/site-packages/ros2param/verb/__init__.py
/opt/workspace/install/ros2param/lib/python3.6/site-packages/ros2param/verb/list.py
/opt/workspace/install/ros2param/lib/python3.6/site-packages/ros2param/verb/get.py
/opt/workspace/install/ros2param/lib/python3.6/site-packages/ros2param/verb/dump.py
/opt/workspace/install/ros2param/lib/python3.6/site-packages/ros2param/verb/describe.py
/opt/workspace/install/ros2param/lib/python3.6/site-packages/ros2param/verb/delete.py
/opt/workspace/install/ros2param/lib/python3.6/site-packages/ros2param/command/__init__.py
/opt/workspace/install/ros2param/lib/python3.6/site-packages/ros2param/command/param.py
/opt/workspace/install/ros2param/lib/python3.6/site-packages/ros2param/__pycache__/__init__.cpython-36.pyc
/opt/workspace/install/ros2param/lib/python3.6/site-packages/ros2param/api/__pycache__/__init__.cpython-36.pyc
/opt/workspace/install/ros2param/lib/python3.6/site-packages/ros2param/verb/__pycache__/set.cpython-36.pyc
/opt/workspace/install/ros2param/lib/python3.6/site-packages/ros2param/verb/__pycache__/__init__.cpython-36.pyc
/opt/workspace/install/ros2param/lib/python3.6/site-packages/ros2param/verb/__pycache__/list.cpython-36.pyc
/opt/workspace/install/ros2param/lib/python3.6/site-packages/ros2param/verb/__pycache__/get.cpython-36.pyc
/opt/workspace/install/ros2param/lib/python3.6/site-packages/ros2param/verb/__pycache__/dump.cpython-36.pyc
/opt/workspace/install/ros2param/lib/python3.6/site-packages/ros2param/verb/__pycache__/describe.cpython-36.pyc
/opt/workspace/install/ros2param/lib/python3.6/site-packages/ros2param/verb/__pycache__/delete.cpython-36.pyc
/opt/workspace/install/ros2param/lib/python3.6/site-packages/ros2param/command/__pycache__/__init__.cpython-36.pyc
/opt/workspace/install/ros2param/lib/python3.6/site-packages/ros2param/command/__pycache__/param.cpython-36.pyc
/opt/workspace/install/ros2param/share/ros2param/package.xml
/opt/workspace/install/ros2param/share/ament_index/resource_index/packages/ros2param
/opt/workspace/install/ros2param/lib/python3.6/site-packages/ros2param-0.8.7-py3.6.egg-info/dependency_links.txt
/opt/workspace/install/ros2param/lib/python3.6/site-packages/ros2param-0.8.7-py3.6.egg-info/zip-safe
/opt/workspace/install/ros2param/lib/python3.6/site-packages/ros2param-0.8.7-py3.6.egg-info/top_level.txt
/opt/workspace/install/ros2param/lib/python3.6/site-packages/ros2param-0.8.7-py3.6.egg-info/entry_points.txt
/opt/workspace/install/ros2param/lib/python3.6/site-packages/ros2param-0.8.7-py3.6.egg-info/requires.txt
/opt/workspace/install/ros2param/lib/python3.6/site-packages/ros2param-0.8.7-py3.6.egg-info/PKG-INFO
/opt/workspace/install/ros2param/lib/python3.6/site-packages/ros2param-0.8.7-py3.6.egg-info/SOURCES.txt
