/opt/workspace/install/ros2cli/lib/python3.6/site-packages/ros2cli/__init__.py
/opt/workspace/install/ros2cli/lib/python3.6/site-packages/ros2cli/entry_points.py
/opt/workspace/install/ros2cli/lib/python3.6/site-packages/ros2cli/plugin_system.py
/opt/workspace/install/ros2cli/lib/python3.6/site-packages/ros2cli/cli.py
/opt/workspace/install/ros2cli/lib/python3.6/site-packages/ros2cli/verb/__init__.py
/opt/workspace/install/ros2cli/lib/python3.6/site-packages/ros2cli/command/__init__.py
/opt/workspace/install/ros2cli/lib/python3.6/site-packages/ros2cli/command/extensions.py
/opt/workspace/install/ros2cli/lib/python3.6/site-packages/ros2cli/command/extension_points.py
/opt/workspace/install/ros2cli/lib/python3.6/site-packages/ros2cli/command/daemon.py
/opt/workspace/install/ros2cli/lib/python3.6/site-packages/ros2cli/daemon/__init__.py
/opt/workspace/install/ros2cli/lib/python3.6/site-packages/ros2cli/node/__init__.py
/opt/workspace/install/ros2cli/lib/python3.6/site-packages/ros2cli/node/daemon.py
/opt/workspace/install/ros2cli/lib/python3.6/site-packages/ros2cli/node/strategy.py
/opt/workspace/install/ros2cli/lib/python3.6/site-packages/ros2cli/node/direct.py
/opt/workspace/install/ros2cli/lib/python3.6/site-packages/ros2cli/verb/daemon/start.py
/opt/workspace/install/ros2cli/lib/python3.6/site-packages/ros2cli/verb/daemon/__init__.py
/opt/workspace/install/ros2cli/lib/python3.6/site-packages/ros2cli/verb/daemon/status.py
/opt/workspace/install/ros2cli/lib/python3.6/site-packages/ros2cli/verb/daemon/stop.py
/opt/workspace/install/ros2cli/lib/python3.6/site-packages/ros2cli/__pycache__/__init__.cpython-36.pyc
/opt/workspace/install/ros2cli/lib/python3.6/site-packages/ros2cli/__pycache__/entry_points.cpython-36.pyc
/opt/workspace/install/ros2cli/lib/python3.6/site-packages/ros2cli/__pycache__/plugin_system.cpython-36.pyc
/opt/workspace/install/ros2cli/lib/python3.6/site-packages/ros2cli/__pycache__/cli.cpython-36.pyc
/opt/workspace/install/ros2cli/lib/python3.6/site-packages/ros2cli/verb/__pycache__/__init__.cpython-36.pyc
/opt/workspace/install/ros2cli/lib/python3.6/site-packages/ros2cli/command/__pycache__/__init__.cpython-36.pyc
/opt/workspace/install/ros2cli/lib/python3.6/site-packages/ros2cli/command/__pycache__/extensions.cpython-36.pyc
/opt/workspace/install/ros2cli/lib/python3.6/site-packages/ros2cli/command/__pycache__/extension_points.cpython-36.pyc
/opt/workspace/install/ros2cli/lib/python3.6/site-packages/ros2cli/command/__pycache__/daemon.cpython-36.pyc
/opt/workspace/install/ros2cli/lib/python3.6/site-packages/ros2cli/daemon/__pycache__/__init__.cpython-36.pyc
/opt/workspace/install/ros2cli/lib/python3.6/site-packages/ros2cli/node/__pycache__/__init__.cpython-36.pyc
/opt/workspace/install/ros2cli/lib/python3.6/site-packages/ros2cli/node/__pycache__/daemon.cpython-36.pyc
/opt/workspace/install/ros2cli/lib/python3.6/site-packages/ros2cli/node/__pycache__/strategy.cpython-36.pyc
/opt/workspace/install/ros2cli/lib/python3.6/site-packages/ros2cli/node/__pycache__/direct.cpython-36.pyc
/opt/workspace/install/ros2cli/lib/python3.6/site-packages/ros2cli/verb/daemon/__pycache__/start.cpython-36.pyc
/opt/workspace/install/ros2cli/lib/python3.6/site-packages/ros2cli/verb/daemon/__pycache__/__init__.cpython-36.pyc
/opt/workspace/install/ros2cli/lib/python3.6/site-packages/ros2cli/verb/daemon/__pycache__/status.cpython-36.pyc
/opt/workspace/install/ros2cli/lib/python3.6/site-packages/ros2cli/verb/daemon/__pycache__/stop.cpython-36.pyc
/opt/workspace/install/ros2cli/share/ament_index/resource_index/packages/ros2cli
/opt/workspace/install/ros2cli/share/ros2cli/package.xml
/opt/workspace/install/ros2cli/share/ros2cli/package.dsv
/opt/workspace/install/ros2cli/share/ros2cli/environment/ros2-argcomplete.bash
/opt/workspace/install/ros2cli/share/ros2cli/environment/ros2-argcomplete.zsh
/opt/workspace/install/ros2cli/lib/python3.6/site-packages/ros2cli-0.8.7-py3.6.egg-info/dependency_links.txt
/opt/workspace/install/ros2cli/lib/python3.6/site-packages/ros2cli-0.8.7-py3.6.egg-info/not-zip-safe
/opt/workspace/install/ros2cli/lib/python3.6/site-packages/ros2cli-0.8.7-py3.6.egg-info/top_level.txt
/opt/workspace/install/ros2cli/lib/python3.6/site-packages/ros2cli-0.8.7-py3.6.egg-info/entry_points.txt
/opt/workspace/install/ros2cli/lib/python3.6/site-packages/ros2cli-0.8.7-py3.6.egg-info/requires.txt
/opt/workspace/install/ros2cli/lib/python3.6/site-packages/ros2cli-0.8.7-py3.6.egg-info/PKG-INFO
/opt/workspace/install/ros2cli/lib/python3.6/site-packages/ros2cli-0.8.7-py3.6.egg-info/SOURCES.txt
/opt/workspace/install/ros2cli/bin/_ros2_daemon
/opt/workspace/install/ros2cli/bin/ros2
