[0.457s] -- The C compiler identification is GNU 7.4.0
[0.584s] -- The CXX compiler identification is GNU 7.4.0
[0.607s] -- Check for working C compiler: /usr/bin/cc
[0.794s] -- Check for working C compiler: /usr/bin/cc -- works
[0.796s] -- Detecting C compiler ABI info
[0.963s] -- Detecting C compiler ABI info - done
[0.975s] -- Detecting C compile features
[1.459s] -- Detecting C compile features - done
[1.464s] -- Check for working CXX compiler: /usr/bin/c++
[1.653s] -- Check for working CXX compiler: /usr/bin/c++ -- works
[1.653s] -- Detecting CXX compiler ABI info
[1.846s] -- Detecting CXX compiler ABI info - done
[1.859s] -- Detecting CXX compile features
[2.667s] -- Detecting CXX compile features - done
[2.680s] -- Found ament_cmake: 0.8.2 (/opt/workspace/install/ament_cmake/share/ament_cmake/cmake)
[2.794s] -- Found PythonInterp: /usr/bin/python3 (found suitable version "3.6.9", minimum required is "3") 
[2.795s] -- Using PYTHON_EXECUTABLE: /usr/bin/python3
[3.415s] -- Found example_interfaces: 0.7.1 (/opt/workspace/install/example_interfaces/share/example_interfaces/cmake)
[3.511s] -- Found rosidl_adapter: 0.8.2 (/opt/workspace/install/rosidl_adapter/share/rosidl_adapter/cmake)
[3.616s] -- Found rclcpp: 0.8.4 (/opt/workspace/install/rclcpp/share/rclcpp/cmake)
[3.668s] -- Found rmw_implementation_cmake: 0.8.1 (/opt/workspace/install/rmw_implementation_cmake/share/rmw_implementation_cmake/cmake)
[3.681s] -- Using RMW implementation 'rmw_fastrtps_cpp' as default
[3.683s] -- Looking for pthread.h
[3.881s] -- Looking for pthread.h - found
[3.882s] -- Looking for pthread_create
[4.065s] -- Looking for pthread_create - not found
[4.066s] -- Looking for pthread_create in pthreads
[4.206s] -- Looking for pthread_create in pthreads - not found
[4.207s] -- Looking for pthread_create in pthread
[4.374s] -- Looking for pthread_create in pthread - found
[4.376s] -- Found Threads: TRUE  
[4.490s] -- Found rclcpp_action: 0.8.4 (/opt/workspace/install/rclcpp_action/share/rclcpp_action/cmake)
[5.265s] -- Configuring done
[5.327s] -- Generating done
[5.331s] -- Build files have been written to: /opt/workspace/build/examples_rclcpp_minimal_action_server
[5.458s] [35m[1mScanning dependencies of target action_server_member_functions[0m
[5.556s] [ 25%] [32mBuilding CXX object CMakeFiles/action_server_member_functions.dir/member_functions.cpp.o[0m
[10.909s] [ 50%] [32m[1mLinking CXX executable action_server_member_functions[0m
[11.589s] [ 50%] Built target action_server_member_functions
[11.618s] [35m[1mScanning dependencies of target action_server_not_composable[0m
[11.714s] [ 75%] [32mBuilding CXX object CMakeFiles/action_server_not_composable.dir/not_composable.cpp.o[0m
[16.802s] [100%] [32m[1mLinking CXX executable action_server_not_composable[0m
[17.481s] [100%] Built target action_server_not_composable
[17.771s] [ 50%] Built target action_server_member_functions
[17.847s] [100%] Built target action_server_not_composable
[17.899s] [36mInstall the project...[0m
[17.924s] -- Install configuration: ""
[17.925s] -- Installing: /opt/workspace/install/examples_rclcpp_minimal_action_server/lib/examples_rclcpp_minimal_action_server/action_server_not_composable
[17.928s] -- Set runtime path of "/opt/workspace/install/examples_rclcpp_minimal_action_server/lib/examples_rclcpp_minimal_action_server/action_server_not_composable" to ""
[17.929s] -- Installing: /opt/workspace/install/examples_rclcpp_minimal_action_server/lib/examples_rclcpp_minimal_action_server/action_server_member_functions
[17.931s] -- Set runtime path of "/opt/workspace/install/examples_rclcpp_minimal_action_server/lib/examples_rclcpp_minimal_action_server/action_server_member_functions" to ""
[17.932s] -- Installing: /opt/workspace/install/examples_rclcpp_minimal_action_server/share/ament_index/resource_index/package_run_dependencies/examples_rclcpp_minimal_action_server
[17.933s] -- Installing: /opt/workspace/install/examples_rclcpp_minimal_action_server/share/ament_index/resource_index/parent_prefix_path/examples_rclcpp_minimal_action_server
[17.933s] -- Installing: /opt/workspace/install/examples_rclcpp_minimal_action_server/share/examples_rclcpp_minimal_action_server/environment/ament_prefix_path.sh
[17.934s] -- Installing: /opt/workspace/install/examples_rclcpp_minimal_action_server/share/examples_rclcpp_minimal_action_server/environment/ament_prefix_path.dsv
[17.935s] -- Installing: /opt/workspace/install/examples_rclcpp_minimal_action_server/share/examples_rclcpp_minimal_action_server/environment/path.sh
[17.935s] -- Installing: /opt/workspace/install/examples_rclcpp_minimal_action_server/share/examples_rclcpp_minimal_action_server/environment/path.dsv
[17.936s] -- Installing: /opt/workspace/install/examples_rclcpp_minimal_action_server/share/examples_rclcpp_minimal_action_server/local_setup.bash
[17.937s] -- Installing: /opt/workspace/install/examples_rclcpp_minimal_action_server/share/examples_rclcpp_minimal_action_server/local_setup.sh
[17.938s] -- Installing: /opt/workspace/install/examples_rclcpp_minimal_action_server/share/examples_rclcpp_minimal_action_server/local_setup.zsh
[17.939s] -- Installing: /opt/workspace/install/examples_rclcpp_minimal_action_server/share/examples_rclcpp_minimal_action_server/local_setup.dsv
[17.940s] -- Installing: /opt/workspace/install/examples_rclcpp_minimal_action_server/share/examples_rclcpp_minimal_action_server/package.dsv
[17.940s] -- Installing: /opt/workspace/install/examples_rclcpp_minimal_action_server/share/ament_index/resource_index/packages/examples_rclcpp_minimal_action_server
[17.941s] -- Installing: /opt/workspace/install/examples_rclcpp_minimal_action_server/share/examples_rclcpp_minimal_action_server/cmake/examples_rclcpp_minimal_action_serverConfig.cmake
[17.942s] -- Installing: /opt/workspace/install/examples_rclcpp_minimal_action_server/share/examples_rclcpp_minimal_action_server/cmake/examples_rclcpp_minimal_action_serverConfig-version.cmake
[17.942s] -- Installing: /opt/workspace/install/examples_rclcpp_minimal_action_server/share/examples_rclcpp_minimal_action_server/package.xml
