[0.463s] -- The C compiler identification is GNU 7.4.0
[0.575s] -- The CXX compiler identification is GNU 7.4.0
[0.587s] -- Check for working C compiler: /usr/bin/cc
[0.734s] -- Check for working C compiler: /usr/bin/cc -- works
[0.736s] -- Detecting C compiler ABI info
[0.918s] -- Detecting C compiler ABI info - done
[0.920s] -- Detecting C compile features
[1.386s] -- Detecting C compile features - done
[1.392s] -- Check for working CXX compiler: /usr/bin/c++
[1.565s] -- Check for working CXX compiler: /usr/bin/c++ -- works
[1.568s] -- Detecting CXX compiler ABI info
[1.746s] -- Detecting CXX compiler ABI info - done
[1.756s] -- Detecting CXX compile features
[2.650s] -- Detecting CXX compile features - done
[2.661s] -- Found ament_cmake: 0.8.2 (/opt/workspace/install/ament_cmake/share/ament_cmake/cmake)
[2.762s] -- Found PythonInterp: /usr/bin/python3 (found suitable version "3.6.9", minimum required is "3") 
[2.763s] -- Using PYTHON_EXECUTABLE: /usr/bin/python3
[3.600s] -- Configuring done
[3.601s] -- Generating done
[3.605s] -- Build files have been written to: /opt/workspace/build/rqt_shell
[3.912s] [36mInstall the project...[0m
[3.936s] -- Install configuration: ""
[3.936s] -- Installing: /opt/workspace/install/rqt_shell/share/rqt_shell/environment/pythonpath.sh
[3.937s] -- Installing: /opt/workspace/install/rqt_shell/share/rqt_shell/environment/pythonpath.dsv
[3.937s] -- Installing: /opt/workspace/install/rqt_shell/lib/python3.6/site-packages/rqt_shell
[3.937s] -- Installing: /opt/workspace/install/rqt_shell/lib/python3.6/site-packages/rqt_shell/__init__.py
[3.938s] -- Installing: /opt/workspace/install/rqt_shell/lib/python3.6/site-packages/rqt_shell/shell.py
[3.938s] -- Installing: /opt/workspace/install/rqt_shell/lib/python3.6/site-packages/rqt_shell/shell_text_edit.py
[3.938s] -- Installing: /opt/workspace/install/rqt_shell/lib/python3.6/site-packages/rqt_shell/shell_widget.py
[3.939s] -- Installing: /opt/workspace/install/rqt_shell/lib/python3.6/site-packages/rqt_shell/xterm_widget.py
[3.939s] -- Installing: /opt/workspace/install/rqt_shell/lib/python3.6/site-packages/rqt_shell/spyder_shell_widget.py
[4.062s] Listing '/opt/workspace/install/rqt_shell/lib/python3.6/site-packages/rqt_shell'...
[4.063s] Compiling '/opt/workspace/install/rqt_shell/lib/python3.6/site-packages/rqt_shell/__init__.py'...
[4.063s] Compiling '/opt/workspace/install/rqt_shell/lib/python3.6/site-packages/rqt_shell/shell.py'...
[4.063s] Compiling '/opt/workspace/install/rqt_shell/lib/python3.6/site-packages/rqt_shell/shell_text_edit.py'...
[4.063s] Compiling '/opt/workspace/install/rqt_shell/lib/python3.6/site-packages/rqt_shell/shell_widget.py'...
[4.063s] Compiling '/opt/workspace/install/rqt_shell/lib/python3.6/site-packages/rqt_shell/spyder_shell_widget.py'...
[4.064s] Compiling '/opt/workspace/install/rqt_shell/lib/python3.6/site-packages/rqt_shell/xterm_widget.py'...
[4.071s] -- Installing: /opt/workspace/install/rqt_shell/share/rqt_shell/plugin.xml
[4.077s] -- Installing: /opt/workspace/install/rqt_shell/share/rqt_shell/resource
[4.078s] -- Installing: /opt/workspace/install/rqt_shell/share/rqt_shell/resource/shell_widget.ui
[4.078s] -- Installing: /opt/workspace/install/rqt_shell/lib/rqt_shell/rqt_shell
[4.079s] -- Installing: /opt/workspace/install/rqt_shell/share/ament_index/resource_index/package_run_dependencies/rqt_shell
[4.079s] -- Installing: /opt/workspace/install/rqt_shell/share/ament_index/resource_index/parent_prefix_path/rqt_shell
[4.083s] -- Installing: /opt/workspace/install/rqt_shell/share/rqt_shell/environment/ament_prefix_path.sh
[4.084s] -- Installing: /opt/workspace/install/rqt_shell/share/rqt_shell/environment/ament_prefix_path.dsv
[4.085s] -- Installing: /opt/workspace/install/rqt_shell/share/rqt_shell/environment/path.sh
[4.085s] -- Installing: /opt/workspace/install/rqt_shell/share/rqt_shell/environment/path.dsv
[4.086s] -- Installing: /opt/workspace/install/rqt_shell/share/rqt_shell/local_setup.bash
[4.086s] -- Installing: /opt/workspace/install/rqt_shell/share/rqt_shell/local_setup.sh
[4.087s] -- Installing: /opt/workspace/install/rqt_shell/share/rqt_shell/local_setup.zsh
[4.087s] -- Installing: /opt/workspace/install/rqt_shell/share/rqt_shell/local_setup.dsv
[4.088s] -- Installing: /opt/workspace/install/rqt_shell/share/rqt_shell/package.dsv
[4.088s] -- Installing: /opt/workspace/install/rqt_shell/share/ament_index/resource_index/packages/rqt_shell
[4.088s] -- Installing: /opt/workspace/install/rqt_shell/share/rqt_shell/cmake/rqt_shellConfig.cmake
[4.089s] -- Installing: /opt/workspace/install/rqt_shell/share/rqt_shell/cmake/rqt_shellConfig-version.cmake
[4.089s] -- Installing: /opt/workspace/install/rqt_shell/share/rqt_shell/package.xml
