/opt/workspace/install/examples_rclpy_minimal_action_server/lib/python3.6/site-packages/examples_rclpy_minimal_action_server/server.py
/opt/workspace/install/examples_rclpy_minimal_action_server/lib/python3.6/site-packages/examples_rclpy_minimal_action_server/__init__.py
/opt/workspace/install/examples_rclpy_minimal_action_server/lib/python3.6/site-packages/examples_rclpy_minimal_action_server/server_queue_goals.py
/opt/workspace/install/examples_rclpy_minimal_action_server/lib/python3.6/site-packages/examples_rclpy_minimal_action_server/server_defer.py
/opt/workspace/install/examples_rclpy_minimal_action_server/lib/python3.6/site-packages/examples_rclpy_minimal_action_server/server_single_goal.py
/opt/workspace/install/examples_rclpy_minimal_action_server/lib/python3.6/site-packages/examples_rclpy_minimal_action_server/server_not_composable.py
/opt/workspace/install/examples_rclpy_minimal_action_server/lib/python3.6/site-packages/examples_rclpy_minimal_action_server/__pycache__/server.cpython-36.pyc
/opt/workspace/install/examples_rclpy_minimal_action_server/lib/python3.6/site-packages/examples_rclpy_minimal_action_server/__pycache__/__init__.cpython-36.pyc
/opt/workspace/install/examples_rclpy_minimal_action_server/lib/python3.6/site-packages/examples_rclpy_minimal_action_server/__pycache__/server_queue_goals.cpython-36.pyc
/opt/workspace/install/examples_rclpy_minimal_action_server/lib/python3.6/site-packages/examples_rclpy_minimal_action_server/__pycache__/server_defer.cpython-36.pyc
/opt/workspace/install/examples_rclpy_minimal_action_server/lib/python3.6/site-packages/examples_rclpy_minimal_action_server/__pycache__/server_single_goal.cpython-36.pyc
/opt/workspace/install/examples_rclpy_minimal_action_server/lib/python3.6/site-packages/examples_rclpy_minimal_action_server/__pycache__/server_not_composable.cpython-36.pyc
/opt/workspace/install/examples_rclpy_minimal_action_server/share/ament_index/resource_index/packages/examples_rclpy_minimal_action_server
/opt/workspace/install/examples_rclpy_minimal_action_server/share/examples_rclpy_minimal_action_server/package.xml
/opt/workspace/install/examples_rclpy_minimal_action_server/lib/python3.6/site-packages/examples_rclpy_minimal_action_server-0.8.2-py3.6.egg-info/dependency_links.txt
/opt/workspace/install/examples_rclpy_minimal_action_server/lib/python3.6/site-packages/examples_rclpy_minimal_action_server-0.8.2-py3.6.egg-info/zip-safe
/opt/workspace/install/examples_rclpy_minimal_action_server/lib/python3.6/site-packages/examples_rclpy_minimal_action_server-0.8.2-py3.6.egg-info/top_level.txt
/opt/workspace/install/examples_rclpy_minimal_action_server/lib/python3.6/site-packages/examples_rclpy_minimal_action_server-0.8.2-py3.6.egg-info/entry_points.txt
/opt/workspace/install/examples_rclpy_minimal_action_server/lib/python3.6/site-packages/examples_rclpy_minimal_action_server-0.8.2-py3.6.egg-info/requires.txt
/opt/workspace/install/examples_rclpy_minimal_action_server/lib/python3.6/site-packages/examples_rclpy_minimal_action_server-0.8.2-py3.6.egg-info/PKG-INFO
/opt/workspace/install/examples_rclpy_minimal_action_server/lib/python3.6/site-packages/examples_rclpy_minimal_action_server-0.8.2-py3.6.egg-info/SOURCES.txt
/opt/workspace/install/examples_rclpy_minimal_action_server/lib/examples_rclpy_minimal_action_server/server
/opt/workspace/install/examples_rclpy_minimal_action_server/lib/examples_rclpy_minimal_action_server/server_defer
/opt/workspace/install/examples_rclpy_minimal_action_server/lib/examples_rclpy_minimal_action_server/server_not_composable
/opt/workspace/install/examples_rclpy_minimal_action_server/lib/examples_rclpy_minimal_action_server/server_queue_goals
/opt/workspace/install/examples_rclpy_minimal_action_server/lib/examples_rclpy_minimal_action_server/server_single_goal
