/opt/workspace/install/examples_rclpy_minimal_client/lib/python3.6/site-packages/examples_rclpy_minimal_client/client_async_member_function.py
/opt/workspace/install/examples_rclpy_minimal_client/lib/python3.6/site-packages/examples_rclpy_minimal_client/__init__.py
/opt/workspace/install/examples_rclpy_minimal_client/lib/python3.6/site-packages/examples_rclpy_minimal_client/client_async.py
/opt/workspace/install/examples_rclpy_minimal_client/lib/python3.6/site-packages/examples_rclpy_minimal_client/client.py
/opt/workspace/install/examples_rclpy_minimal_client/lib/python3.6/site-packages/examples_rclpy_minimal_client/client_async_callback.py
/opt/workspace/install/examples_rclpy_minimal_client/lib/python3.6/site-packages/examples_rclpy_minimal_client/__pycache__/client_async_member_function.cpython-36.pyc
/opt/workspace/install/examples_rclpy_minimal_client/lib/python3.6/site-packages/examples_rclpy_minimal_client/__pycache__/__init__.cpython-36.pyc
/opt/workspace/install/examples_rclpy_minimal_client/lib/python3.6/site-packages/examples_rclpy_minimal_client/__pycache__/client_async.cpython-36.pyc
/opt/workspace/install/examples_rclpy_minimal_client/lib/python3.6/site-packages/examples_rclpy_minimal_client/__pycache__/client.cpython-36.pyc
/opt/workspace/install/examples_rclpy_minimal_client/lib/python3.6/site-packages/examples_rclpy_minimal_client/__pycache__/client_async_callback.cpython-36.pyc
/opt/workspace/install/examples_rclpy_minimal_client/share/ament_index/resource_index/packages/examples_rclpy_minimal_client
/opt/workspace/install/examples_rclpy_minimal_client/share/examples_rclpy_minimal_client/package.xml
/opt/workspace/install/examples_rclpy_minimal_client/lib/python3.6/site-packages/examples_rclpy_minimal_client-0.8.2-py3.6.egg-info/dependency_links.txt
/opt/workspace/install/examples_rclpy_minimal_client/lib/python3.6/site-packages/examples_rclpy_minimal_client-0.8.2-py3.6.egg-info/zip-safe
/opt/workspace/install/examples_rclpy_minimal_client/lib/python3.6/site-packages/examples_rclpy_minimal_client-0.8.2-py3.6.egg-info/top_level.txt
/opt/workspace/install/examples_rclpy_minimal_client/lib/python3.6/site-packages/examples_rclpy_minimal_client-0.8.2-py3.6.egg-info/entry_points.txt
/opt/workspace/install/examples_rclpy_minimal_client/lib/python3.6/site-packages/examples_rclpy_minimal_client-0.8.2-py3.6.egg-info/requires.txt
/opt/workspace/install/examples_rclpy_minimal_client/lib/python3.6/site-packages/examples_rclpy_minimal_client-0.8.2-py3.6.egg-info/PKG-INFO
/opt/workspace/install/examples_rclpy_minimal_client/lib/python3.6/site-packages/examples_rclpy_minimal_client-0.8.2-py3.6.egg-info/SOURCES.txt
/opt/workspace/install/examples_rclpy_minimal_client/lib/examples_rclpy_minimal_client/client
/opt/workspace/install/examples_rclpy_minimal_client/lib/examples_rclpy_minimal_client/client_async
/opt/workspace/install/examples_rclpy_minimal_client/lib/examples_rclpy_minimal_client/client_async_callback
/opt/workspace/install/examples_rclpy_minimal_client/lib/examples_rclpy_minimal_client/client_async_member_function
