[1.266s] -- The C compiler identification is GNU 7.4.0
[1.415s] -- The CXX compiler identification is GNU 7.4.0
[1.430s] -- Check for working C compiler: /usr/bin/cc
[1.606s] -- Check for working C compiler: /usr/bin/cc -- works
[1.609s] -- Detecting C compiler ABI info
[1.791s] -- Detecting C compiler ABI info - done
[1.808s] -- Detecting C compile features
[2.348s] -- Detecting C compile features - done
[2.353s] -- Check for working CXX compiler: /usr/bin/c++
[2.550s] -- Check for working CXX compiler: /usr/bin/c++ -- works
[2.551s] -- Detecting CXX compiler ABI info
[2.751s] -- Detecting CXX compiler ABI info - done
[2.764s] -- Detecting CXX compile features
[3.476s] -- Detecting CXX compile features - done
[3.482s] -- Found ament_cmake_ros: 0.8.0 (/opt/workspace/install/ament_cmake_ros/share/ament_cmake_ros/cmake)
[3.611s] -- Found PythonInterp: /usr/bin/python3 (found suitable version "3.6.9", minimum required is "3") 
[3.611s] -- Using PYTHON_EXECUTABLE: /usr/bin/python3
[4.187s] -- Found poco_vendor:  (/opt/workspace/install/poco_vendor/share/poco_vendor/cmake)
[4.204s] -- Found rosidl_generator_c: 0.8.2 (/opt/workspace/install/rosidl_generator_c/share/rosidl_generator_c/cmake)
[4.222s] -- Found rosidl_adapter: 0.8.2 (/opt/workspace/install/rosidl_adapter/share/rosidl_adapter/cmake)
[4.330s] -- Found ament_lint_auto: 0.8.1 (/opt/workspace/install/ament_lint_auto/share/ament_lint_auto/cmake)
[4.508s] -- Added test 'copyright' to check for copyright in CMake / C / C++ / Python code
[4.513s] -- Added test 'cppcheck' to perform static code analysis on C / C++ code
[4.514s] -- Configured cppcheck include dirs: /opt/workspace/src/ros2/rosidl_typesupport/rosidl_typesupport_cpp/include
[4.517s] -- Added test 'cpplint' to check C / C++ code against the Google style
[4.519s] -- Added test 'flake8' to check Python code syntax and style conventions
[4.521s] -- Added test 'lint_cmake' to check CMake code style
[4.523s] -- Added test 'pep257' to check Python code against some of the style conventions in PEP 257
[4.526s] -- Added test 'uncrustify' to check C / C++ code style
[4.528s] -- Added test 'xmllint' to check XML markup files
[4.534s] -- Configuring done
[4.541s] -- Generating done
[4.543s] -- Build files have been written to: /opt/workspace/build/rosidl_typesupport_cpp
[4.630s] [35m[1mScanning dependencies of target rosidl_typesupport_cpp[0m
[4.659s] [ 20%] [32mBuilding CXX object CMakeFiles/rosidl_typesupport_cpp.dir/src/identifier.cpp.o[0m
[4.700s] [ 40%] [32mBuilding CXX object CMakeFiles/rosidl_typesupport_cpp.dir/src/type_support_dispatch.cpp.o[0m
[5.173s] [ 60%] [32mBuilding CXX object CMakeFiles/rosidl_typesupport_cpp.dir/src/service_type_support_dispatch.cpp.o[0m
[5.427s] [ 80%] [32mBuilding CXX object CMakeFiles/rosidl_typesupport_cpp.dir/src/message_type_support_dispatch.cpp.o[0m
[5.670s] [100%] [32m[1mLinking CXX shared library librosidl_typesupport_cpp.so[0m
[5.835s] [100%] Built target rosidl_typesupport_cpp
[6.043s] [100%] Built target rosidl_typesupport_cpp
[6.085s] [36mInstall the project...[0m
[6.105s] -- Install configuration: ""
[6.105s] -- Installing: /opt/workspace/install/rosidl_typesupport_cpp/share/rosidl_typesupport_cpp/environment/pythonpath.sh
[6.106s] -- Installing: /opt/workspace/install/rosidl_typesupport_cpp/share/rosidl_typesupport_cpp/environment/pythonpath.dsv
[6.106s] -- Installing: /opt/workspace/install/rosidl_typesupport_cpp/lib/python3.6/site-packages/rosidl_typesupport_cpp
[6.106s] -- Installing: /opt/workspace/install/rosidl_typesupport_cpp/lib/python3.6/site-packages/rosidl_typesupport_cpp/__init__.py
[6.212s] Listing '/opt/workspace/install/rosidl_typesupport_cpp/lib/python3.6/site-packages/rosidl_typesupport_cpp'...
[6.212s] Compiling '/opt/workspace/install/rosidl_typesupport_cpp/lib/python3.6/site-packages/rosidl_typesupport_cpp/__init__.py'...
[6.220s] -- Installing: /opt/workspace/install/rosidl_typesupport_cpp/share/rosidl_typesupport_cpp/environment/library_path.sh
[6.220s] -- Installing: /opt/workspace/install/rosidl_typesupport_cpp/share/rosidl_typesupport_cpp/environment/library_path.dsv
[6.220s] -- Installing: /opt/workspace/install/rosidl_typesupport_cpp/share/ament_index/resource_index/rosidl_runtime_packages/rosidl_typesupport_cpp
[6.220s] -- Installing: /opt/workspace/install/rosidl_typesupport_cpp/share/ament_index/resource_index/package_run_dependencies/rosidl_typesupport_cpp
[6.221s] -- Installing: /opt/workspace/install/rosidl_typesupport_cpp/share/ament_index/resource_index/parent_prefix_path/rosidl_typesupport_cpp
[6.221s] -- Installing: /opt/workspace/install/rosidl_typesupport_cpp/share/rosidl_typesupport_cpp/environment/ament_prefix_path.sh
[6.221s] -- Installing: /opt/workspace/install/rosidl_typesupport_cpp/share/rosidl_typesupport_cpp/environment/ament_prefix_path.dsv
[6.222s] -- Installing: /opt/workspace/install/rosidl_typesupport_cpp/share/rosidl_typesupport_cpp/environment/path.sh
[6.222s] -- Installing: /opt/workspace/install/rosidl_typesupport_cpp/share/rosidl_typesupport_cpp/environment/path.dsv
[6.222s] -- Installing: /opt/workspace/install/rosidl_typesupport_cpp/share/rosidl_typesupport_cpp/local_setup.bash
[6.222s] -- Installing: /opt/workspace/install/rosidl_typesupport_cpp/share/rosidl_typesupport_cpp/local_setup.sh
[6.223s] -- Installing: /opt/workspace/install/rosidl_typesupport_cpp/share/rosidl_typesupport_cpp/local_setup.zsh
[6.224s] -- Installing: /opt/workspace/install/rosidl_typesupport_cpp/share/rosidl_typesupport_cpp/local_setup.dsv
[6.224s] -- Installing: /opt/workspace/install/rosidl_typesupport_cpp/share/rosidl_typesupport_cpp/package.dsv
[6.224s] -- Installing: /opt/workspace/install/rosidl_typesupport_cpp/share/ament_index/resource_index/packages/rosidl_typesupport_cpp
[6.224s] -- Installing: /opt/workspace/install/rosidl_typesupport_cpp/share/rosidl_typesupport_cpp/cmake/rosidl_typesupport_cpp-extras.cmake
[6.225s] -- Installing: /opt/workspace/install/rosidl_typesupport_cpp/share/rosidl_typesupport_cpp/cmake/ament_cmake_export_dependencies-extras.cmake
[6.225s] -- Installing: /opt/workspace/install/rosidl_typesupport_cpp/share/rosidl_typesupport_cpp/cmake/ament_cmake_export_include_directories-extras.cmake
[6.225s] -- Installing: /opt/workspace/install/rosidl_typesupport_cpp/share/rosidl_typesupport_cpp/cmake/ament_cmake_export_libraries-extras.cmake
[6.225s] -- Installing: /opt/workspace/install/rosidl_typesupport_cpp/share/rosidl_typesupport_cpp/cmake/rosidl_typesupport_cppConfig.cmake
[6.226s] -- Installing: /opt/workspace/install/rosidl_typesupport_cpp/share/rosidl_typesupport_cpp/cmake/rosidl_typesupport_cppConfig-version.cmake
[6.226s] -- Installing: /opt/workspace/install/rosidl_typesupport_cpp/share/rosidl_typesupport_cpp/package.xml
[6.226s] -- Installing: /opt/workspace/install/rosidl_typesupport_cpp/lib/rosidl_typesupport_cpp/rosidl_typesupport_cpp
[6.226s] -- Up-to-date: /opt/workspace/install/rosidl_typesupport_cpp/share/rosidl_typesupport_cpp/cmake
[6.227s] -- Installing: /opt/workspace/install/rosidl_typesupport_cpp/share/rosidl_typesupport_cpp/cmake/rosidl_typesupport_cpp_generate_interfaces.cmake
[6.227s] -- Installing: /opt/workspace/install/rosidl_typesupport_cpp/share/rosidl_typesupport_cpp/resource
[6.227s] -- Installing: /opt/workspace/install/rosidl_typesupport_cpp/share/rosidl_typesupport_cpp/resource/idl__type_support.cpp.em
[6.227s] -- Installing: /opt/workspace/install/rosidl_typesupport_cpp/share/rosidl_typesupport_cpp/resource/action__type_support.cpp.em
[6.228s] -- Installing: /opt/workspace/install/rosidl_typesupport_cpp/share/rosidl_typesupport_cpp/resource/msg__type_support.cpp.em
[6.228s] -- Installing: /opt/workspace/install/rosidl_typesupport_cpp/share/rosidl_typesupport_cpp/resource/srv__type_support.cpp.em
[6.228s] -- Installing: /opt/workspace/install/rosidl_typesupport_cpp/include
[6.228s] -- Installing: /opt/workspace/install/rosidl_typesupport_cpp/include/rosidl_typesupport_cpp
[6.228s] -- Installing: /opt/workspace/install/rosidl_typesupport_cpp/include/rosidl_typesupport_cpp/identifier.hpp
[6.229s] -- Installing: /opt/workspace/install/rosidl_typesupport_cpp/include/rosidl_typesupport_cpp/type_support_map.h
[6.229s] -- Installing: /opt/workspace/install/rosidl_typesupport_cpp/include/rosidl_typesupport_cpp/visibility_control.h
[6.229s] -- Installing: /opt/workspace/install/rosidl_typesupport_cpp/include/rosidl_typesupport_cpp/service_type_support_dispatch.hpp
[6.230s] -- Installing: /opt/workspace/install/rosidl_typesupport_cpp/include/rosidl_typesupport_cpp/message_type_support_dispatch.hpp
[6.230s] -- Installing: /opt/workspace/install/rosidl_typesupport_cpp/lib/librosidl_typesupport_cpp.so
[6.230s] -- Set runtime path of "/opt/workspace/install/rosidl_typesupport_cpp/lib/librosidl_typesupport_cpp.so" to ""
