[0.313s] -- The C compiler identification is GNU 7.4.0
[0.329s] -- Check for working C compiler: /usr/bin/cc
[0.468s] -- Check for working C compiler: /usr/bin/cc -- works
[0.469s] -- Detecting C compiler ABI info
[0.623s] -- Detecting C compiler ABI info - done
[0.638s] -- Detecting C compile features
[1.034s] -- Detecting C compile features - done
[1.039s] -- Found ament_cmake_python: 0.8.2 (/opt/workspace/install/ament_cmake_python/share/ament_cmake_python/cmake)
[1.041s] -- Found ament_cmake_ros: 0.8.0 (/opt/workspace/install/ament_cmake_ros/share/ament_cmake_ros/cmake)
[1.115s] -- Found PythonInterp: /usr/bin/python3 (found suitable version "3.6.9", minimum required is "3") 
[1.115s] -- Using PYTHON_EXECUTABLE: /usr/bin/python3
[1.567s] -- Found rosidl_typesupport_interface: 0.8.2 (/opt/workspace/install/rosidl_typesupport_interface/share/rosidl_typesupport_interface/cmake)
[1.650s] -- Found ament_lint_auto: 0.8.1 (/opt/workspace/install/ament_lint_auto/share/ament_lint_auto/cmake)
[1.656s] -- Found test_interface_files: 0.8.0 (/opt/workspace/install/test_interface_files/share/test_interface_files/cmake)
[1.831s] -- Found rosidl_adapter: 0.8.2 (/opt/workspace/install/rosidl_adapter/share/rosidl_adapter/cmake)
[1.888s] -- Found PythonInterp: /usr/bin/python3 (found version "3.6.9") 
[2.269s] -- Added test 'copyright' to check for copyright in CMake / C / C++ / Python code
[2.274s] -- Added test 'cppcheck' to perform static code analysis on C / C++ code
[2.276s] -- Configured cppcheck include dirs: /opt/workspace/src/ros2/rosidl/rosidl_generator_c/include
[2.280s] -- Added test 'cpplint' to check C / C++ code against the Google style
[2.281s] -- Added test 'flake8' to check Python code syntax and style conventions
[2.283s] -- Added test 'lint_cmake' to check CMake code style
[2.286s] -- Added test 'pep257' to check Python code against some of the style conventions in PEP 257
[2.293s] -- Added test 'uncrustify' to check C / C++ code style
[2.294s] -- Added test 'xmllint' to check XML markup files
[2.304s] -- Configuring done
[2.336s] -- Generating done
[2.340s] -- Build files have been written to: /opt/workspace/build/rosidl_generator_c
[2.420s] [35m[1mScanning dependencies of target rosidl_generator_c[0m
[2.442s] [  3%] [32mBuilding C object CMakeFiles/rosidl_generator_c.dir/src/message_bounds.c.o[0m
[2.486s] [  7%] [32mBuilding C object CMakeFiles/rosidl_generator_c.dir/src/u16string_functions.c.o[0m
[2.553s] [ 11%] [32mBuilding C object CMakeFiles/rosidl_generator_c.dir/src/string_functions.c.o[0m
[2.639s] [ 14%] [32mBuilding C object CMakeFiles/rosidl_generator_c.dir/src/service_type_support.c.o[0m
[2.686s] [ 18%] [32mBuilding C object CMakeFiles/rosidl_generator_c.dir/src/primitives_sequence_functions.c.o[0m
[2.792s] [ 22%] [32mBuilding C object CMakeFiles/rosidl_generator_c.dir/src/message_type_support.c.o[0m
[2.833s] [ 25%] [32m[1mLinking C shared library librosidl_generator_c.so[0m
[2.881s] [ 25%] Built target rosidl_generator_c
[2.896s] [ 29%] [34m[1mGenerating C code for ROS interfaces[0m
[10.198s] [35m[1mScanning dependencies of target rosidl_generator_c_interfaces__rosidl_generator_c[0m
[10.242s] [ 33%] [32mBuilding C object CMakeFiles/rosidl_generator_c_interfaces__rosidl_generator_c.dir/rosidl_generator_c/rosidl_generator_c/msg/arrays__functions.c.o[0m
[10.328s] [ 37%] [32mBuilding C object CMakeFiles/rosidl_generator_c_interfaces__rosidl_generator_c.dir/rosidl_generator_c/rosidl_generator_c/msg/nested__functions.c.o[0m
[10.387s] [ 40%] [32mBuilding C object CMakeFiles/rosidl_generator_c_interfaces__rosidl_generator_c.dir/rosidl_generator_c/rosidl_generator_c/msg/strings__functions.c.o[0m
[10.484s] [ 44%] [32mBuilding C object CMakeFiles/rosidl_generator_c_interfaces__rosidl_generator_c.dir/rosidl_generator_c/rosidl_generator_c/msg/unbounded_sequences__functions.c.o[0m
[10.594s] [ 48%] [32mBuilding C object CMakeFiles/rosidl_generator_c_interfaces__rosidl_generator_c.dir/rosidl_generator_c/rosidl_generator_c/msg/w_strings__functions.c.o[0m
[10.690s] [ 51%] [32mBuilding C object CMakeFiles/rosidl_generator_c_interfaces__rosidl_generator_c.dir/rosidl_generator_c/rosidl_generator_c/msg/multi_nested__functions.c.o[0m
[10.775s] [ 55%] [32mBuilding C object CMakeFiles/rosidl_generator_c_interfaces__rosidl_generator_c.dir/rosidl_generator_c/rosidl_generator_c/msg/empty__functions.c.o[0m
[10.847s] [ 59%] [32mBuilding C object CMakeFiles/rosidl_generator_c_interfaces__rosidl_generator_c.dir/rosidl_generator_c/rosidl_generator_c/msg/defaults__functions.c.o[0m
[10.924s] [ 62%] [32mBuilding C object CMakeFiles/rosidl_generator_c_interfaces__rosidl_generator_c.dir/rosidl_generator_c/rosidl_generator_c/msg/constants__functions.c.o[0m
[11.004s] [ 66%] [32mBuilding C object CMakeFiles/rosidl_generator_c_interfaces__rosidl_generator_c.dir/rosidl_generator_c/rosidl_generator_c/msg/bounded_sequences__functions.c.o[0m
[11.111s] [ 70%] [32mBuilding C object CMakeFiles/rosidl_generator_c_interfaces__rosidl_generator_c.dir/rosidl_generator_c/rosidl_generator_c/msg/basic_types__functions.c.o[0m
[11.191s] [ 74%] [32m[1mLinking C shared library librosidl_generator_c_interfaces__rosidl_generator_c.so[0m
[11.272s] [ 74%] Built target rosidl_generator_c_interfaces__rosidl_generator_c
[11.298s] [35m[1mScanning dependencies of target test_interfaces_c[0m
[11.343s] [ 77%] [32mBuilding C object CMakeFiles/test_interfaces_c.dir/test/test_interfaces.c.o[0m
[11.633s] [ 81%] [32m[1mLinking C executable test_interfaces_c[0m
[11.734s] [ 81%] Built target test_interfaces_c
[11.755s] [35m[1mScanning dependencies of target rosidl_generator_c_interfaces[0m
[11.782s] [ 81%] Built target rosidl_generator_c_interfaces
[11.803s] [35m[1mScanning dependencies of target test_compilation_c[0m
[11.824s] [ 85%] [32mBuilding C object CMakeFiles/test_compilation_c.dir/test/test_compilation.c.o[0m
[11.887s] [ 88%] [32mBuilding C object CMakeFiles/test_compilation_c.dir/test/separate_compilation.c.o[0m
[11.963s] [ 92%] [32m[1mLinking C executable test_compilation_c[0m
[12.044s] [ 92%] Built target test_compilation_c
[12.062s] [35m[1mScanning dependencies of target test_invalid_initialization_c[0m
[12.086s] [ 96%] [32mBuilding C object CMakeFiles/test_invalid_initialization_c.dir/test/test_invalid_initialization.c.o[0m
[12.177s] [100%] [32m[1mLinking C executable test_invalid_initialization_c[0m
[12.237s] [100%] Built target test_invalid_initialization_c
[12.604s] [ 25%] Built target rosidl_generator_c
[12.659s] [ 74%] Built target rosidl_generator_c_interfaces__rosidl_generator_c
[12.711s] [ 81%] Built target test_interfaces_c
[12.750s] [ 81%] Built target rosidl_generator_c_interfaces
[12.797s] [ 92%] Built target test_compilation_c
[12.842s] [100%] Built target test_invalid_initialization_c
[12.886s] [36mInstall the project...[0m
[12.902s] -- Install configuration: ""
[12.903s] -- Installing: /opt/workspace/install/rosidl_generator_c/share/rosidl_generator_c/environment/library_path.sh
[12.903s] -- Installing: /opt/workspace/install/rosidl_generator_c/share/rosidl_generator_c/environment/library_path.dsv
[12.904s] -- Installing: /opt/workspace/install/rosidl_generator_c/share/ament_index/resource_index/rosidl_generator_packages/rosidl_generator_c
[12.904s] -- Installing: /opt/workspace/install/rosidl_generator_c/share/rosidl_generator_c/environment/pythonpath.sh
[12.904s] -- Installing: /opt/workspace/install/rosidl_generator_c/share/rosidl_generator_c/environment/pythonpath.dsv
[12.904s] -- Installing: /opt/workspace/install/rosidl_generator_c/lib/python3.6/site-packages/rosidl_generator_c
[12.905s] -- Installing: /opt/workspace/install/rosidl_generator_c/lib/python3.6/site-packages/rosidl_generator_c/__init__.py
[12.979s] Listing '/opt/workspace/install/rosidl_generator_c/lib/python3.6/site-packages/rosidl_generator_c'...
[12.980s] Compiling '/opt/workspace/install/rosidl_generator_c/lib/python3.6/site-packages/rosidl_generator_c/__init__.py'...
[12.986s] -- Installing: /opt/workspace/install/rosidl_generator_c/share/ament_index/resource_index/package_run_dependencies/rosidl_generator_c
[12.987s] -- Installing: /opt/workspace/install/rosidl_generator_c/share/ament_index/resource_index/parent_prefix_path/rosidl_generator_c
[12.987s] -- Installing: /opt/workspace/install/rosidl_generator_c/share/rosidl_generator_c/environment/ament_prefix_path.sh
[12.987s] -- Installing: /opt/workspace/install/rosidl_generator_c/share/rosidl_generator_c/environment/ament_prefix_path.dsv
[12.987s] -- Installing: /opt/workspace/install/rosidl_generator_c/share/rosidl_generator_c/environment/path.sh
[12.988s] -- Installing: /opt/workspace/install/rosidl_generator_c/share/rosidl_generator_c/environment/path.dsv
[12.988s] -- Installing: /opt/workspace/install/rosidl_generator_c/share/rosidl_generator_c/local_setup.bash
[12.989s] -- Installing: /opt/workspace/install/rosidl_generator_c/share/rosidl_generator_c/local_setup.sh
[12.989s] -- Installing: /opt/workspace/install/rosidl_generator_c/share/rosidl_generator_c/local_setup.zsh
[12.989s] -- Installing: /opt/workspace/install/rosidl_generator_c/share/rosidl_generator_c/local_setup.dsv
[12.990s] -- Installing: /opt/workspace/install/rosidl_generator_c/share/rosidl_generator_c/package.dsv
[12.990s] -- Installing: /opt/workspace/install/rosidl_generator_c/share/ament_index/resource_index/packages/rosidl_generator_c
[12.990s] -- Installing: /opt/workspace/install/rosidl_generator_c/share/rosidl_generator_c/cmake/rosidl_generator_c-extras.cmake
[12.990s] -- Installing: /opt/workspace/install/rosidl_generator_c/share/rosidl_generator_c/cmake/ament_cmake_export_dependencies-extras.cmake
[12.991s] -- Installing: /opt/workspace/install/rosidl_generator_c/share/rosidl_generator_c/cmake/ament_cmake_export_include_directories-extras.cmake
[12.991s] -- Installing: /opt/workspace/install/rosidl_generator_c/share/rosidl_generator_c/cmake/ament_cmake_export_libraries-extras.cmake
[12.992s] -- Installing: /opt/workspace/install/rosidl_generator_c/share/rosidl_generator_c/cmake/rosidl_cmake-extras.cmake
[12.992s] -- Installing: /opt/workspace/install/rosidl_generator_c/share/rosidl_generator_c/cmake/rosidl_generator_cConfig.cmake
[12.992s] -- Installing: /opt/workspace/install/rosidl_generator_c/share/rosidl_generator_c/cmake/rosidl_generator_cConfig-version.cmake
[12.993s] -- Installing: /opt/workspace/install/rosidl_generator_c/share/rosidl_generator_c/package.xml
[12.993s] -- Installing: /opt/workspace/install/rosidl_generator_c/lib/rosidl_generator_c/rosidl_generator_c
[12.994s] -- Up-to-date: /opt/workspace/install/rosidl_generator_c/share/rosidl_generator_c/cmake
[12.994s] -- Installing: /opt/workspace/install/rosidl_generator_c/share/rosidl_generator_c/cmake/rosidl_generator_c_generate_interfaces.cmake
[12.994s] -- Installing: /opt/workspace/install/rosidl_generator_c/share/rosidl_generator_c/cmake/register_c.cmake
[12.995s] -- Installing: /opt/workspace/install/rosidl_generator_c/share/rosidl_generator_c/resource
[12.996s] -- Installing: /opt/workspace/install/rosidl_generator_c/share/rosidl_generator_c/resource/srv__type_support.h.em
[12.996s] -- Installing: /opt/workspace/install/rosidl_generator_c/share/rosidl_generator_c/resource/action__type_support.h.em
[12.996s] -- Installing: /opt/workspace/install/rosidl_generator_c/share/rosidl_generator_c/resource/msg__functions.h.em
[12.997s] -- Installing: /opt/workspace/install/rosidl_generator_c/share/rosidl_generator_c/resource/msg__struct.h.em
[12.997s] -- Installing: /opt/workspace/install/rosidl_generator_c/share/rosidl_generator_c/resource/idl__struct.h.em
[12.997s] -- Installing: /opt/workspace/install/rosidl_generator_c/share/rosidl_generator_c/resource/idl__type_support.h.em
[12.997s] -- Installing: /opt/workspace/install/rosidl_generator_c/share/rosidl_generator_c/resource/rosidl_generator_c__visibility_control.h.in
[12.998s] -- Installing: /opt/workspace/install/rosidl_generator_c/share/rosidl_generator_c/resource/msg__functions.c.em
[12.998s] -- Installing: /opt/workspace/install/rosidl_generator_c/share/rosidl_generator_c/resource/msg__type_support.h.em
[12.998s] -- Installing: /opt/workspace/install/rosidl_generator_c/share/rosidl_generator_c/resource/idl__functions.c.em
[13.002s] -- Installing: /opt/workspace/install/rosidl_generator_c/share/rosidl_generator_c/resource/idl.h.em
[13.010s] -- Installing: /opt/workspace/install/rosidl_generator_c/share/rosidl_generator_c/resource/idl__functions.h.em
[13.011s] -- Installing: /opt/workspace/install/rosidl_generator_c/include
[13.011s] -- Installing: /opt/workspace/install/rosidl_generator_c/include/rosidl_generator_c
[13.012s] -- Installing: /opt/workspace/install/rosidl_generator_c/include/rosidl_generator_c/string.h
[13.013s] -- Installing: /opt/workspace/install/rosidl_generator_c/include/rosidl_generator_c/message_type_support_struct.h
[13.014s] -- Installing: /opt/workspace/install/rosidl_generator_c/include/rosidl_generator_c/visibility_control.h
[13.014s] -- Installing: /opt/workspace/install/rosidl_generator_c/include/rosidl_generator_c/string_bounds.h
[13.015s] -- Installing: /opt/workspace/install/rosidl_generator_c/include/rosidl_generator_c/u16string_functions.h
[13.016s] -- Installing: /opt/workspace/install/rosidl_generator_c/include/rosidl_generator_c/action_type_support_struct.h
[13.016s] -- Installing: /opt/workspace/install/rosidl_generator_c/include/rosidl_generator_c/service_type_support_struct.h
[13.017s] -- Installing: /opt/workspace/install/rosidl_generator_c/include/rosidl_generator_c/string_functions.h
[13.019s] -- Installing: /opt/workspace/install/rosidl_generator_c/include/rosidl_generator_c/u16string.h
[13.019s] -- Installing: /opt/workspace/install/rosidl_generator_c/include/rosidl_generator_c/primitives_sequence.h
[13.020s] -- Installing: /opt/workspace/install/rosidl_generator_c/include/rosidl_generator_c/message_bounds_struct.h
[13.020s] -- Installing: /opt/workspace/install/rosidl_generator_c/include/rosidl_generator_c/primitives_sequence_functions.h
[13.021s] -- Installing: /opt/workspace/install/rosidl_generator_c/include/rosidl_generator_c/message_initialization.h
[13.021s] -- Installing: /opt/workspace/install/rosidl_generator_c/lib/librosidl_generator_c.so
