[0.634s] -- The C compiler identification is GNU 7.4.0
[0.787s] -- The CXX compiler identification is GNU 7.4.0
[0.805s] -- Check for working C compiler: /usr/bin/cc
[0.987s] -- Check for working C compiler: /usr/bin/cc -- works
[0.992s] -- Detecting C compiler ABI info
[1.183s] -- Detecting C compiler ABI info - done
[1.200s] -- Detecting C compile features
[1.733s] -- Detecting C compile features - done
[1.738s] -- Check for working CXX compiler: /usr/bin/c++
[1.945s] -- Check for working CXX compiler: /usr/bin/c++ -- works
[1.947s] -- Detecting CXX compiler ABI info
[2.166s] -- Detecting CXX compiler ABI info - done
[2.179s] -- Detecting CXX compile features
[3.002s] -- Detecting CXX compile features - done
[3.017s] -- Found ament_cmake: 0.8.2 (/opt/workspace/install/ament_cmake/share/ament_cmake/cmake)
[3.143s] -- Found PythonInterp: /usr/bin/python3 (found suitable version "3.6.9", minimum required is "3") 
[3.144s] -- Using PYTHON_EXECUTABLE: /usr/bin/python3
[3.841s] -- Found ament_index_cpp: 0.7.2 (/opt/workspace/install/ament_index_cpp/share/ament_index_cpp/cmake)
[3.862s] -- Found poco_vendor:  (/opt/workspace/install/poco_vendor/share/poco_vendor/cmake)
[3.896s] -- Found pluginlib: 2.4.1 (/opt/workspace/install/pluginlib/share/pluginlib/cmake)
[3.913s] -- Found tinyxml2_vendor:  (/opt/workspace/install/tinyxml2_vendor/share/tinyxml2_vendor/cmake)
[3.968s] -- Found TinyXML2: /usr/lib/x86_64-linux-gnu/libtinyxml2.so  
[4.025s] -- Found rosbag2: 0.2.4 (/opt/workspace/install/rosbag2/share/rosbag2/cmake)
[4.051s] -- Setting yaml-cpp_DIR to: '/opt/workspace/install/yaml_cpp_vendor/share/yaml_cpp_vendor/cmake/../../../opt/yaml_cpp_vendor/lib/cmake/yaml-cpp'
[4.086s] -- Found rosidl_adapter: 0.8.2 (/opt/workspace/install/rosidl_adapter/share/rosidl_adapter/cmake)
[4.172s] -- Found rmw: 0.8.1 (/opt/workspace/install/rmw/share/rmw/cmake)
[4.433s] -- Found OpenSSL: /usr/lib/x86_64-linux-gnu/libcrypto.so (found version "1.1.1") 
[4.507s] -- Found FastRTPS: /opt/workspace/install/fastrtps/include  
[5.055s] -- Found ament_cmake_gmock: 0.8.2 (/opt/workspace/install/ament_cmake_gmock/share/ament_cmake_gmock/cmake)
[5.070s] -- Found ament_lint_auto: 0.8.1 (/opt/workspace/install/ament_lint_auto/share/ament_lint_auto/cmake)
[5.074s] -- Found rosbag2_test_common: 0.2.4 (/opt/workspace/install/rosbag2_test_common/share/rosbag2_test_common/cmake)
[5.194s] -- Found rmw_implementation_cmake: 0.8.1 (/opt/workspace/install/rmw_implementation_cmake/share/rmw_implementation_cmake/cmake)
[5.212s] -- Using RMW implementation 'rmw_fastrtps_cpp' as default
[5.215s] -- Looking for pthread.h
[5.387s] -- Looking for pthread.h - found
[5.388s] -- Looking for pthread_create
[5.572s] -- Looking for pthread_create - not found
[5.572s] -- Looking for pthread_create in pthreads
[5.719s] -- Looking for pthread_create in pthreads - not found
[5.719s] -- Looking for pthread_create in pthread
[5.889s] -- Looking for pthread_create in pthread - found
[5.892s] -- Found Threads: TRUE  
[6.041s] -- Found test_msgs: 0.8.0 (/opt/workspace/install/test_msgs/share/test_msgs/cmake)
[6.438s] -- Found gmock sources under '/opt/workspace/install/gmock_vendor/src/gmock_vendor': C++ tests using 'Google Mock' will be built
[6.471s] -- Found ament_cmake_gtest: 0.8.2 (/opt/workspace/install/ament_cmake_gtest/share/ament_cmake_gtest/cmake)
[6.474s] -- Found gtest sources under '/opt/workspace/install/gtest_vendor/src/gtest_vendor': C++ tests using 'Google Test' will be built
[6.660s] -- Added test 'copyright' to check for copyright in CMake / C / C++ / Python code
[6.666s] -- Added test 'cppcheck' to perform static code analysis on C / C++ code
[6.668s] -- Configured cppcheck include dirs: $<BUILD_INTERFACE:/opt/workspace/src/ros2/rosbag2/rosbag2_converter_default_plugins/include>
[6.673s] -- Added test 'cpplint' to check C / C++ code against the Google style
[6.678s] -- Added test 'lint_cmake' to check CMake code style
[6.683s] -- Added test 'uncrustify' to check C / C++ code style
[6.687s] -- Added test 'xmllint' to check XML markup files
[6.699s] -- Configuring done
[6.777s] -- Generating done
[6.783s] -- Build files have been written to: /opt/workspace/build/rosbag2_converter_default_plugins
[6.919s] [35m[1mScanning dependencies of target gmock[0m
[6.984s] [ 10%] [32mBuilding CXX object gmock/CMakeFiles/gmock.dir/opt/workspace/install/gtest_vendor/src/gtest_vendor/src/gtest-all.cc.o[0m
[13.173s] [ 20%] [32mBuilding CXX object gmock/CMakeFiles/gmock.dir/src/gmock-all.cc.o[0m
[16.590s] [ 30%] [32m[1mLinking CXX static library libgmock.a[0m
[16.731s] [ 30%] Built target gmock
[16.761s] [35m[1mScanning dependencies of target rosbag2_converter_default_plugins[0m
[16.812s] [ 40%] [32mBuilding CXX object CMakeFiles/rosbag2_converter_default_plugins.dir/src/rosbag2_converter_default_plugins/cdr/cdr_converter.cpp.o[0m
[18.052s] [ 50%] [32m[1mLinking CXX shared library librosbag2_converter_default_plugins.so[0m
[18.325s] [ 50%] Built target rosbag2_converter_default_plugins
[18.355s] [35m[1mScanning dependencies of target gmock_main[0m
[18.410s] [ 60%] [32mBuilding CXX object gmock/CMakeFiles/gmock_main.dir/src/gmock_main.cc.o[0m
[20.207s] [ 70%] [32m[1mLinking CXX static library libgmock_main.a[0m
[20.300s] [ 70%] Built target gmock_main
[20.331s] [35m[1mScanning dependencies of target test_cdr_converter[0m
[20.487s] [ 80%] [32mBuilding CXX object CMakeFiles/test_cdr_converter.dir/test/rosbag2_converter_default_plugins/cdr/test_cdr_converter.cpp.o[0m
[33.201s] [ 90%] [32mBuilding CXX object CMakeFiles/test_cdr_converter.dir/src/rosbag2_converter_default_plugins/cdr/cdr_converter.cpp.o[0m
[34.498s] [100%] [32m[1mLinking CXX executable test_cdr_converter[0m
[35.798s] [100%] Built target test_cdr_converter
[36.088s] [ 30%] Built target gmock
[36.166s] [ 50%] Built target rosbag2_converter_default_plugins
[36.232s] [ 70%] Built target gmock_main
[36.330s] [100%] Built target test_cdr_converter
[36.390s] [36mInstall the project...[0m
[36.418s] -- Install configuration: ""
[36.418s] -- Installing: /opt/workspace/install/rosbag2_converter_default_plugins/share/rosbag2_converter_default_plugins/plugin_description.xml
[36.419s] -- Installing: /opt/workspace/install/rosbag2_converter_default_plugins/lib/librosbag2_converter_default_plugins.so
[36.421s] -- Set runtime path of "/opt/workspace/install/rosbag2_converter_default_plugins/lib/librosbag2_converter_default_plugins.so" to ""
[36.422s] -- Installing: /opt/workspace/install/rosbag2_converter_default_plugins/share/ament_index/resource_index/package_run_dependencies/rosbag2_converter_default_plugins
[36.422s] -- Installing: /opt/workspace/install/rosbag2_converter_default_plugins/share/ament_index/resource_index/parent_prefix_path/rosbag2_converter_default_plugins
[36.422s] -- Installing: /opt/workspace/install/rosbag2_converter_default_plugins/share/rosbag2_converter_default_plugins/environment/ament_prefix_path.sh
[36.423s] -- Installing: /opt/workspace/install/rosbag2_converter_default_plugins/share/rosbag2_converter_default_plugins/environment/ament_prefix_path.dsv
[36.423s] -- Installing: /opt/workspace/install/rosbag2_converter_default_plugins/share/rosbag2_converter_default_plugins/environment/path.sh
[36.424s] -- Installing: /opt/workspace/install/rosbag2_converter_default_plugins/share/rosbag2_converter_default_plugins/environment/path.dsv
[36.424s] -- Installing: /opt/workspace/install/rosbag2_converter_default_plugins/share/rosbag2_converter_default_plugins/local_setup.bash
[36.424s] -- Installing: /opt/workspace/install/rosbag2_converter_default_plugins/share/rosbag2_converter_default_plugins/local_setup.sh
[36.425s] -- Installing: /opt/workspace/install/rosbag2_converter_default_plugins/share/rosbag2_converter_default_plugins/local_setup.zsh
[36.425s] -- Installing: /opt/workspace/install/rosbag2_converter_default_plugins/share/rosbag2_converter_default_plugins/local_setup.dsv
[36.425s] -- Installing: /opt/workspace/install/rosbag2_converter_default_plugins/share/rosbag2_converter_default_plugins/package.dsv
[36.426s] -- Installing: /opt/workspace/install/rosbag2_converter_default_plugins/share/ament_index/resource_index/packages/rosbag2_converter_default_plugins
[36.426s] -- Installing: /opt/workspace/install/rosbag2_converter_default_plugins/share/ament_index/resource_index/rosbag2__pluginlib__plugin/rosbag2_converter_default_plugins
[36.427s] -- Installing: /opt/workspace/install/rosbag2_converter_default_plugins/share/rosbag2_converter_default_plugins/cmake/rosbag2_converter_default_pluginsConfig.cmake
[36.427s] -- Installing: /opt/workspace/install/rosbag2_converter_default_plugins/share/rosbag2_converter_default_plugins/cmake/rosbag2_converter_default_pluginsConfig-version.cmake
[36.427s] -- Installing: /opt/workspace/install/rosbag2_converter_default_plugins/share/rosbag2_converter_default_plugins/package.xml
