[0.608s] -- The C compiler identification is GNU 7.4.0
[0.812s] -- The CXX compiler identification is GNU 7.4.0
[0.822s] -- Check for working C compiler: /usr/bin/cc
[1.143s] -- Check for working C compiler: /usr/bin/cc -- works
[1.144s] -- Detecting C compiler ABI info
[1.414s] -- Detecting C compiler ABI info - done
[1.440s] -- Detecting C compile features
[2.283s] -- Detecting C compile features - done
[2.289s] -- Check for working CXX compiler: /usr/bin/c++
[2.562s] -- Check for working CXX compiler: /usr/bin/c++ -- works
[2.563s] -- Detecting CXX compiler ABI info
[2.837s] -- Detecting CXX compiler ABI info - done
[2.849s] -- Detecting CXX compile features
[4.179s] -- Detecting CXX compile features - done
[4.185s] -- Found ament_cmake_ros: 0.8.0 (/opt/workspace/install/ament_cmake_ros/share/ament_cmake_ros/cmake)
[4.354s] -- Found PythonInterp: /usr/bin/python3 (found suitable version "3.6.9", minimum required is "3") 
[4.358s] -- Using PYTHON_EXECUTABLE: /usr/bin/python3
[5.212s] -- Found rcutils: 0.8.4 (/opt/workspace/install/rcutils/share/rcutils/cmake)
[5.223s] -- Found ament_lint_auto: 0.8.1 (/opt/workspace/install/ament_lint_auto/share/ament_lint_auto/cmake)
[5.541s] -- Added test 'copyright' to check for copyright in CMake / C / C++ / Python code
[5.544s] -- Added test 'cppcheck' to perform static code analysis on C / C++ code
[5.545s] -- Configured cppcheck include dirs: 
[5.548s] -- Added test 'cpplint' to check C / C++ code against the Google style
[5.551s] -- Added test 'lint_cmake' to check CMake code style
[5.555s] -- Added test 'uncrustify' to check C / C++ code style
[5.557s] -- Added test 'xmllint' to check XML markup files
[5.566s] -- Configuring done
[5.574s] -- Generating done
[5.578s] -- Build files have been written to: /opt/workspace/build/rcl_logging_noop
[5.888s] [35m[1mScanning dependencies of target rcl_logging_noop[0m
[5.958s] [ 50%] [32mBuilding CXX object CMakeFiles/rcl_logging_noop.dir/src/rcl_logging_noop/rcl_logging_noop.cpp.o[0m
[6.037s] [100%] [32m[1mLinking CXX shared library librcl_logging_noop.so[0m
[6.238s] [100%] Built target rcl_logging_noop
[7.161s] [100%] Built target rcl_logging_noop
[7.302s] [36mInstall the project...[0m
[7.347s] -- Install configuration: ""
[7.348s] -- Installing: /opt/workspace/install/rcl_logging_noop/lib/librcl_logging_noop.so
[7.348s] -- Set runtime path of "/opt/workspace/install/rcl_logging_noop/lib/librcl_logging_noop.so" to ""
[7.357s] -- Installing: /opt/workspace/install/rcl_logging_noop/share/rcl_logging_noop/environment/library_path.sh
[7.359s] -- Installing: /opt/workspace/install/rcl_logging_noop/share/rcl_logging_noop/environment/library_path.dsv
[7.359s] -- Installing: /opt/workspace/install/rcl_logging_noop/share/ament_index/resource_index/package_run_dependencies/rcl_logging_noop
[7.360s] -- Installing: /opt/workspace/install/rcl_logging_noop/share/ament_index/resource_index/parent_prefix_path/rcl_logging_noop
[7.360s] -- Installing: /opt/workspace/install/rcl_logging_noop/share/rcl_logging_noop/environment/ament_prefix_path.sh
[7.361s] -- Installing: /opt/workspace/install/rcl_logging_noop/share/rcl_logging_noop/environment/ament_prefix_path.dsv
[7.361s] -- Installing: /opt/workspace/install/rcl_logging_noop/share/rcl_logging_noop/environment/path.sh
[7.361s] -- Installing: /opt/workspace/install/rcl_logging_noop/share/rcl_logging_noop/environment/path.dsv
[7.362s] -- Installing: /opt/workspace/install/rcl_logging_noop/share/rcl_logging_noop/local_setup.bash
[7.362s] -- Installing: /opt/workspace/install/rcl_logging_noop/share/rcl_logging_noop/local_setup.sh
[7.363s] -- Installing: /opt/workspace/install/rcl_logging_noop/share/rcl_logging_noop/local_setup.zsh
[7.364s] -- Installing: /opt/workspace/install/rcl_logging_noop/share/rcl_logging_noop/local_setup.dsv
[7.364s] -- Installing: /opt/workspace/install/rcl_logging_noop/share/rcl_logging_noop/package.dsv
[7.365s] -- Installing: /opt/workspace/install/rcl_logging_noop/share/ament_index/resource_index/packages/rcl_logging_noop
[7.366s] -- Installing: /opt/workspace/install/rcl_logging_noop/share/rcl_logging_noop/cmake/ament_cmake_export_dependencies-extras.cmake
[7.367s] -- Installing: /opt/workspace/install/rcl_logging_noop/share/rcl_logging_noop/cmake/ament_cmake_export_libraries-extras.cmake
[7.367s] -- Installing: /opt/workspace/install/rcl_logging_noop/share/rcl_logging_noop/cmake/rcl_logging_noopConfig.cmake
[7.368s] -- Installing: /opt/workspace/install/rcl_logging_noop/share/rcl_logging_noop/cmake/rcl_logging_noopConfig-version.cmake
[7.369s] -- Installing: /opt/workspace/install/rcl_logging_noop/share/rcl_logging_noop/package.xml
