[1.539s] [36mInstall the project...[0m
[1.558s] -- Install configuration: ""
[1.558s] -- Up-to-date: /opt/workspace/install/rosidl_adapter/share/rosidl_adapter/environment/pythonpath.sh
[1.558s] -- Up-to-date: /opt/workspace/install/rosidl_adapter/share/rosidl_adapter/environment/pythonpath.dsv
[1.558s] -- Up-to-date: /opt/workspace/install/rosidl_adapter/lib/python3.6/site-packages/rosidl_adapter
[1.559s] -- Up-to-date: /opt/workspace/install/rosidl_adapter/lib/python3.6/site-packages/rosidl_adapter/__init__.py
[1.560s] -- Up-to-date: /opt/workspace/install/rosidl_adapter/lib/python3.6/site-packages/rosidl_adapter/resource
[1.560s] -- Up-to-date: /opt/workspace/install/rosidl_adapter/lib/python3.6/site-packages/rosidl_adapter/resource/__init__.py
[1.560s] -- Up-to-date: /opt/workspace/install/rosidl_adapter/lib/python3.6/site-packages/rosidl_adapter/resource/msg.idl.em
[1.560s] -- Up-to-date: /opt/workspace/install/rosidl_adapter/lib/python3.6/site-packages/rosidl_adapter/resource/srv.idl.em
[1.560s] -- Up-to-date: /opt/workspace/install/rosidl_adapter/lib/python3.6/site-packages/rosidl_adapter/resource/action.idl.em
[1.561s] -- Up-to-date: /opt/workspace/install/rosidl_adapter/lib/python3.6/site-packages/rosidl_adapter/resource/struct.idl.em
[1.561s] -- Up-to-date: /opt/workspace/install/rosidl_adapter/lib/python3.6/site-packages/rosidl_adapter/msg
[1.561s] -- Up-to-date: /opt/workspace/install/rosidl_adapter/lib/python3.6/site-packages/rosidl_adapter/msg/__init__.py
[1.561s] -- Up-to-date: /opt/workspace/install/rosidl_adapter/lib/python3.6/site-packages/rosidl_adapter/action
[1.562s] -- Up-to-date: /opt/workspace/install/rosidl_adapter/lib/python3.6/site-packages/rosidl_adapter/action/__init__.py
[1.562s] -- Up-to-date: /opt/workspace/install/rosidl_adapter/lib/python3.6/site-packages/rosidl_adapter/cli.py
[1.562s] -- Up-to-date: /opt/workspace/install/rosidl_adapter/lib/python3.6/site-packages/rosidl_adapter/main.py
[1.562s] -- Up-to-date: /opt/workspace/install/rosidl_adapter/lib/python3.6/site-packages/rosidl_adapter/parser.py
[1.562s] -- Up-to-date: /opt/workspace/install/rosidl_adapter/lib/python3.6/site-packages/rosidl_adapter/__main__.py
[1.563s] -- Up-to-date: /opt/workspace/install/rosidl_adapter/lib/python3.6/site-packages/rosidl_adapter/srv
[1.563s] -- Up-to-date: /opt/workspace/install/rosidl_adapter/lib/python3.6/site-packages/rosidl_adapter/srv/__init__.py
[1.695s] Listing '/opt/workspace/install/rosidl_adapter/lib/python3.6/site-packages/rosidl_adapter'...
[1.695s] Listing '/opt/workspace/install/rosidl_adapter/lib/python3.6/site-packages/rosidl_adapter/action'...
[1.695s] Listing '/opt/workspace/install/rosidl_adapter/lib/python3.6/site-packages/rosidl_adapter/msg'...
[1.695s] Listing '/opt/workspace/install/rosidl_adapter/lib/python3.6/site-packages/rosidl_adapter/resource'...
[1.696s] Listing '/opt/workspace/install/rosidl_adapter/lib/python3.6/site-packages/rosidl_adapter/srv'...
[1.696s] -- Up-to-date: /opt/workspace/install/rosidl_adapter/share/ament_index/resource_index/package_run_dependencies/rosidl_adapter
[1.696s] -- Up-to-date: /opt/workspace/install/rosidl_adapter/share/ament_index/resource_index/parent_prefix_path/rosidl_adapter
[1.696s] -- Up-to-date: /opt/workspace/install/rosidl_adapter/share/rosidl_adapter/environment/ament_prefix_path.sh
[1.697s] -- Up-to-date: /opt/workspace/install/rosidl_adapter/share/rosidl_adapter/environment/ament_prefix_path.dsv
[1.697s] -- Up-to-date: /opt/workspace/install/rosidl_adapter/share/rosidl_adapter/environment/path.sh
[1.697s] -- Up-to-date: /opt/workspace/install/rosidl_adapter/share/rosidl_adapter/environment/path.dsv
[1.698s] -- Up-to-date: /opt/workspace/install/rosidl_adapter/share/rosidl_adapter/local_setup.bash
[1.698s] -- Up-to-date: /opt/workspace/install/rosidl_adapter/share/rosidl_adapter/local_setup.sh
[1.698s] -- Up-to-date: /opt/workspace/install/rosidl_adapter/share/rosidl_adapter/local_setup.zsh
[1.698s] -- Up-to-date: /opt/workspace/install/rosidl_adapter/share/rosidl_adapter/local_setup.dsv
[1.699s] -- Installing: /opt/workspace/install/rosidl_adapter/share/rosidl_adapter/package.dsv
[1.699s] -- Up-to-date: /opt/workspace/install/rosidl_adapter/share/ament_index/resource_index/packages/rosidl_adapter
[1.699s] -- Up-to-date: /opt/workspace/install/rosidl_adapter/share/rosidl_adapter/cmake/rosidl_adapter-extras.cmake
[1.699s] -- Up-to-date: /opt/workspace/install/rosidl_adapter/share/rosidl_adapter/cmake/rosidl_adapterConfig.cmake
[1.700s] -- Up-to-date: /opt/workspace/install/rosidl_adapter/share/rosidl_adapter/cmake/rosidl_adapterConfig-version.cmake
[1.700s] -- Up-to-date: /opt/workspace/install/rosidl_adapter/share/rosidl_adapter/package.xml
[1.700s] -- Up-to-date: /opt/workspace/install/rosidl_adapter/share/rosidl_adapter/cmake
[1.701s] -- Up-to-date: /opt/workspace/install/rosidl_adapter/share/rosidl_adapter/cmake/rosidl_adapt_interfaces.cmake
[1.701s] -- Up-to-date: /opt/workspace/install/rosidl_adapter/lib/rosidl_adapter/msg2idl.py
[1.701s] -- Up-to-date: /opt/workspace/install/rosidl_adapter/lib/rosidl_adapter/srv2idl.py
