[2.654s] -- The C compiler identification is GNU 7.4.0
[2.655s] -- The CXX compiler identification is GNU 7.4.0
[2.656s] -- Check for working C compiler: /usr/bin/cc
[2.656s] -- Check for working C compiler: /usr/bin/cc -- works
[2.656s] -- Detecting C compiler ABI info
[2.656s] -- Detecting C compiler ABI info - done
[2.669s] -- Detecting C compile features
[3.292s] -- Detecting C compile features - done
[3.297s] -- Check for working CXX compiler: /usr/bin/c++
[3.572s] -- Check for working CXX compiler: /usr/bin/c++ -- works
[3.573s] -- Detecting CXX compiler ABI info
[3.941s] -- Detecting CXX compiler ABI info - done
[3.953s] -- Detecting CXX compile features
[5.385s] -- Detecting CXX compile features - done
[5.396s] -- Found ament_cmake: 0.8.2 (/opt/workspace/install/ament_cmake/share/ament_cmake/cmake)
[5.521s] -- Found PythonInterp: /usr/bin/python3 (found suitable version "3.6.9", minimum required is "3") 
[5.522s] -- Using PYTHON_EXECUTABLE: /usr/bin/python3
[6.321s] -- Found rosidl_default_generators: 0.8.0 (/opt/workspace/install/rosidl_default_generators/share/rosidl_default_generators/cmake)
[6.718s] -- Found OpenSSL: /usr/lib/x86_64-linux-gnu/libcrypto.so (found version "1.1.1") 
[6.796s] -- Found FastRTPS: /opt/workspace/install/fastrtps/include  
[6.854s] -- Found rosidl_adapter: 0.8.2 (/opt/workspace/install/rosidl_adapter/share/rosidl_adapter/cmake)
[7.099s] -- Found ament_cmake_pytest: 0.8.2 (/opt/workspace/install/ament_cmake_pytest/share/ament_cmake_pytest/cmake)
[7.109s] -- Found python_cmake_module: 0.8.0 (/opt/workspace/install/python_cmake_module/share/python_cmake_module/cmake)
[7.206s] -- Found PythonInterp: /usr/bin/python3 (found suitable version "3.6.9", minimum required is "3.5") 
[7.230s] -- Found PythonLibs: /usr/lib/x86_64-linux-gnu/libpython3.6m.so (found suitable version "3.6.9", minimum required is "3.5") 
[7.231s] -- Using PYTHON_EXECUTABLE: /usr/bin/python3
[7.231s] -- Using PYTHON_INCLUDE_DIRS: /usr/include/python3.6m
[7.232s] -- Using PYTHON_LIBRARIES: /usr/lib/x86_64-linux-gnu/libpython3.6m.so
[7.327s] -- Found PythonExtra: .so  
[7.405s] -- Found PythonInterp: /usr/bin/python3 (found version "3.6.9") 
[7.928s] -- Using all available rosidl_typesupport_c: rosidl_typesupport_fastrtps_c;rosidl_typesupport_introspection_c
[7.996s] -- Using all available rosidl_typesupport_cpp: rosidl_typesupport_introspection_cpp;rosidl_typesupport_fastrtps_cpp
[8.383s] -- Found rmw_implementation_cmake: 0.8.1 (/opt/workspace/install/rmw_implementation_cmake/share/rmw_implementation_cmake/cmake)
[8.472s] -- Found PythonInterp: /usr/bin/python3 (found suitable version "3.6.9", minimum required is "3.5") 
[8.568s] -- Using PYTHON_EXECUTABLE: /usr/bin/python3
[8.568s] -- Using PYTHON_INCLUDE_DIRS: /usr/include/python3.6m
[8.569s] -- Using PYTHON_LIBRARIES: /usr/lib/x86_64-linux-gnu/libpython3.6m.so
[10.089s] -- Configuring done
[10.206s] -- Generating done
[10.214s] -- Build files have been written to: /opt/workspace/build/rqt_py_common
[10.934s] [  2%] [34m[1mGenerating C code for ROS interfaces[0m
[13.132s] [35m[1mScanning dependencies of target rqt_py_common__rosidl_generator_c[0m
[13.165s] [  4%] [32mBuilding C object CMakeFiles/rqt_py_common__rosidl_generator_c.dir/rosidl_generator_c/rqt_py_common/msg/val__functions.c.o[0m
[13.273s] [  6%] [32mBuilding C object CMakeFiles/rqt_py_common__rosidl_generator_c.dir/rosidl_generator_c/rqt_py_common/srv/add_two_ints__functions.c.o[0m
[13.434s] [  8%] [32mBuilding C object CMakeFiles/rqt_py_common__rosidl_generator_c.dir/rosidl_generator_c/rqt_py_common/msg/array_val__functions.c.o[0m
[13.605s] [ 10%] [32m[1mLinking C shared library librqt_py_common__rosidl_generator_c.so[0m
[13.716s] [ 10%] Built target rqt_py_common__rosidl_generator_c
[13.752s] [35m[1mScanning dependencies of target rqt_py_common__cpp[0m
[13.799s] [ 12%] [34m[1mGenerating C++ code for ROS interfaces[0m
[15.509s] [ 12%] Built target rqt_py_common__cpp
[15.575s] [ 14%] [34m[1mGenerating C introspection for ROS interfaces[0m
[17.061s] [35m[1mScanning dependencies of target rqt_py_common__rosidl_typesupport_introspection_c[0m
[17.098s] [ 17%] [32mBuilding C object CMakeFiles/rqt_py_common__rosidl_typesupport_introspection_c.dir/rosidl_typesupport_introspection_c/rqt_py_common/msg/val__type_support.c.o[0m
[17.185s] [ 19%] [32mBuilding C object CMakeFiles/rqt_py_common__rosidl_typesupport_introspection_c.dir/rosidl_typesupport_introspection_c/rqt_py_common/srv/add_two_ints__type_support.c.o[0m
[17.280s] [ 21%] [32mBuilding C object CMakeFiles/rqt_py_common__rosidl_typesupport_introspection_c.dir/rosidl_typesupport_introspection_c/rqt_py_common/msg/array_val__type_support.c.o[0m
[17.393s] [ 23%] [32m[1mLinking C shared library librqt_py_common__rosidl_typesupport_introspection_c.so[0m
[17.550s] [ 23%] Built target rqt_py_common__rosidl_typesupport_introspection_c
[17.679s] [ 25%] [34m[1mGenerating C++ introspection for ROS interfaces[0m
[18.885s] [35m[1mScanning dependencies of target rqt_py_common__rosidl_typesupport_introspection_cpp[0m
[18.922s] [ 27%] [32mBuilding CXX object CMakeFiles/rqt_py_common__rosidl_typesupport_introspection_cpp.dir/rosidl_typesupport_introspection_cpp/rqt_py_common/msg/val__type_support.cpp.o[0m
[19.542s] [ 29%] [32mBuilding CXX object CMakeFiles/rqt_py_common__rosidl_typesupport_introspection_cpp.dir/rosidl_typesupport_introspection_cpp/rqt_py_common/srv/add_two_ints__type_support.cpp.o[0m
[20.249s] [ 31%] [32mBuilding CXX object CMakeFiles/rqt_py_common__rosidl_typesupport_introspection_cpp.dir/rosidl_typesupport_introspection_cpp/rqt_py_common/msg/array_val__type_support.cpp.o[0m
[20.878s] [ 34%] [32m[1mLinking CXX shared library librqt_py_common__rosidl_typesupport_introspection_cpp.so[0m
[21.096s] [ 34%] Built target rqt_py_common__rosidl_typesupport_introspection_cpp
[21.126s] [ 36%] [34m[1mGenerating C++ type support dispatch for ROS interfaces[0m
[22.079s] [35m[1mScanning dependencies of target rqt_py_common__rosidl_typesupport_cpp[0m
[22.123s] [ 38%] [32mBuilding CXX object CMakeFiles/rqt_py_common__rosidl_typesupport_cpp.dir/rosidl_typesupport_cpp/rqt_py_common/msg/val__type_support.cpp.o[0m
[22.658s] [ 40%] [32mBuilding CXX object CMakeFiles/rqt_py_common__rosidl_typesupport_cpp.dir/rosidl_typesupport_cpp/rqt_py_common/srv/add_two_ints__type_support.cpp.o[0m
[23.303s] [ 42%] [32mBuilding CXX object CMakeFiles/rqt_py_common__rosidl_typesupport_cpp.dir/rosidl_typesupport_cpp/rqt_py_common/msg/array_val__type_support.cpp.o[0m
[24.014s] [ 44%] [32m[1mLinking CXX shared library librqt_py_common__rosidl_typesupport_cpp.so[0m
[24.147s] [ 44%] Built target rqt_py_common__rosidl_typesupport_cpp
[24.178s] [ 46%] [34m[1mGenerating C++ type support for eProsima Fast-RTPS[0m
[25.812s] [35m[1mScanning dependencies of target rqt_py_common__rosidl_typesupport_fastrtps_cpp[0m
[25.882s] [ 48%] [32mBuilding CXX object CMakeFiles/rqt_py_common__rosidl_typesupport_fastrtps_cpp.dir/rosidl_typesupport_fastrtps_cpp/rqt_py_common/msg/dds_fastrtps/val__type_support.cpp.o[0m
[26.754s] [ 51%] [32mBuilding CXX object CMakeFiles/rqt_py_common__rosidl_typesupport_fastrtps_cpp.dir/rosidl_typesupport_fastrtps_cpp/rqt_py_common/srv/dds_fastrtps/add_two_ints__type_support.cpp.o[0m
[27.591s] [ 53%] [32mBuilding CXX object CMakeFiles/rqt_py_common__rosidl_typesupport_fastrtps_cpp.dir/rosidl_typesupport_fastrtps_cpp/rqt_py_common/msg/dds_fastrtps/array_val__type_support.cpp.o[0m
[28.393s] [ 55%] [32m[1mLinking CXX shared library librqt_py_common__rosidl_typesupport_fastrtps_cpp.so[0m
[28.563s] [ 55%] Built target rqt_py_common__rosidl_typesupport_fastrtps_cpp
[28.589s] [ 57%] [34m[1mGenerating C type support dispatch for ROS interfaces[0m
[29.371s] [35m[1mScanning dependencies of target rqt_py_common__rosidl_typesupport_c[0m
[29.403s] [ 59%] [32mBuilding CXX object CMakeFiles/rqt_py_common__rosidl_typesupport_c.dir/rosidl_typesupport_c/rqt_py_common/msg/val__type_support.cpp.o[0m
[29.475s] [ 61%] [32mBuilding CXX object CMakeFiles/rqt_py_common__rosidl_typesupport_c.dir/rosidl_typesupport_c/rqt_py_common/srv/add_two_ints__type_support.cpp.o[0m
[29.550s] [ 63%] [32mBuilding CXX object CMakeFiles/rqt_py_common__rosidl_typesupport_c.dir/rosidl_typesupport_c/rqt_py_common/msg/array_val__type_support.cpp.o[0m
[29.639s] [ 65%] [32m[1mLinking CXX shared library librqt_py_common__rosidl_typesupport_c.so[0m
[29.739s] [ 65%] Built target rqt_py_common__rosidl_typesupport_c
[29.783s] [ 68%] [34m[1mGenerating C type support for eProsima Fast-RTPS[0m
[30.996s] [35m[1mScanning dependencies of target rqt_py_common__rosidl_typesupport_fastrtps_c[0m
[31.067s] [ 70%] [32mBuilding CXX object CMakeFiles/rqt_py_common__rosidl_typesupport_fastrtps_c.dir/rosidl_typesupport_fastrtps_c/rqt_py_common/msg/val__type_support_c.cpp.o[0m
[31.756s] [ 72%] [32mBuilding CXX object CMakeFiles/rqt_py_common__rosidl_typesupport_fastrtps_c.dir/rosidl_typesupport_fastrtps_c/rqt_py_common/srv/add_two_ints__type_support_c.cpp.o[0m
[32.429s] [ 74%] [32mBuilding CXX object CMakeFiles/rqt_py_common__rosidl_typesupport_fastrtps_c.dir/rosidl_typesupport_fastrtps_c/rqt_py_common/msg/array_val__type_support_c.cpp.o[0m
[33.126s] [ 76%] [32m[1mLinking CXX shared library librqt_py_common__rosidl_typesupport_fastrtps_c.so[0m
[33.356s] [ 76%] Built target rqt_py_common__rosidl_typesupport_fastrtps_c
[33.411s] [35m[1mScanning dependencies of target rqt_py_common[0m
[33.464s] [ 76%] Built target rqt_py_common
[33.500s] [35m[1mScanning dependencies of target rqt_py_common__py[0m
[33.556s] [ 78%] [34m[1mGenerating Python code for ROS interfaces[0m
[35.559s] [ 78%] Built target rqt_py_common__py
[35.580s] [35m[1mScanning dependencies of target rqt_py_common__python[0m
[35.629s] [ 80%] [32mBuilding C object CMakeFiles/rqt_py_common__python.dir/rosidl_generator_py/rqt_py_common/msg/_val_s.c.o[0m
[35.774s] [ 82%] [32mBuilding C object CMakeFiles/rqt_py_common__python.dir/rosidl_generator_py/rqt_py_common/srv/_add_two_ints_s.c.o[0m
[35.930s] [ 85%] [32mBuilding C object CMakeFiles/rqt_py_common__python.dir/rosidl_generator_py/rqt_py_common/msg/_array_val_s.c.o[0m
[36.103s] [ 87%] [32m[1mLinking C shared library rosidl_generator_py/rqt_py_common/librqt_py_common__python.so[0m
[36.178s] [ 87%] Built target rqt_py_common__python
[36.206s] [35m[1mScanning dependencies of target rqt_py_common__rosidl_typesupport_fastrtps_c__pyext[0m
[36.261s] [ 89%] [32mBuilding C object CMakeFiles/rqt_py_common__rosidl_typesupport_fastrtps_c__pyext.dir/rosidl_generator_py/rqt_py_common/_rqt_py_common_s.ep.rosidl_typesupport_fastrtps_c.c.o[0m
[36.450s] [ 91%] [32m[1mLinking CXX shared library rosidl_generator_py/rqt_py_common/rqt_py_common_s__rosidl_typesupport_fastrtps_c.cpython-36m-x86_64-linux-gnu.so[0m
[36.553s] [ 91%] Built target rqt_py_common__rosidl_typesupport_fastrtps_c__pyext
[36.575s] [35m[1mScanning dependencies of target rqt_py_common__rosidl_typesupport_introspection_c__pyext[0m
[36.613s] [ 93%] [32mBuilding C object CMakeFiles/rqt_py_common__rosidl_typesupport_introspection_c__pyext.dir/rosidl_generator_py/rqt_py_common/_rqt_py_common_s.ep.rosidl_typesupport_introspection_c.c.o[0m
[36.752s] [ 95%] [32m[1mLinking C shared library rosidl_generator_py/rqt_py_common/rqt_py_common_s__rosidl_typesupport_introspection_c.cpython-36m-x86_64-linux-gnu.so[0m
[36.822s] [ 95%] Built target rqt_py_common__rosidl_typesupport_introspection_c__pyext
[36.844s] [35m[1mScanning dependencies of target rqt_py_common__rosidl_typesupport_c__pyext[0m
[36.884s] [ 97%] [32mBuilding C object CMakeFiles/rqt_py_common__rosidl_typesupport_c__pyext.dir/rosidl_generator_py/rqt_py_common/_rqt_py_common_s.ep.rosidl_typesupport_c.c.o[0m
[37.022s] [100%] [32m[1mLinking C shared library rosidl_generator_py/rqt_py_common/rqt_py_common_s__rosidl_typesupport_c.cpython-36m-x86_64-linux-gnu.so[0m
[37.078s] [100%] Built target rqt_py_common__rosidl_typesupport_c__pyext
[38.936s] [ 10%] Built target rqt_py_common__rosidl_generator_c
[39.031s] [ 12%] Built target rqt_py_common__cpp
[39.161s] [ 23%] Built target rqt_py_common__rosidl_typesupport_introspection_c
[39.242s] [ 34%] Built target rqt_py_common__rosidl_typesupport_introspection_cpp
[39.329s] [ 44%] Built target rqt_py_common__rosidl_typesupport_cpp
[39.431s] [ 55%] Built target rqt_py_common__rosidl_typesupport_fastrtps_cpp
[39.515s] [ 65%] Built target rqt_py_common__rosidl_typesupport_c
[39.583s] [ 76%] Built target rqt_py_common__rosidl_typesupport_fastrtps_c
[39.659s] [ 76%] Built target rqt_py_common
[39.721s] [ 78%] Built target rqt_py_common__py
[39.815s] [ 87%] Built target rqt_py_common__python
[39.884s] [ 91%] Built target rqt_py_common__rosidl_typesupport_fastrtps_c__pyext
[39.957s] [ 95%] Built target rqt_py_common__rosidl_typesupport_introspection_c__pyext
[40.026s] [100%] Built target rqt_py_common__rosidl_typesupport_c__pyext
[40.067s] [36mInstall the project...[0m
[40.090s] -- Install configuration: ""
[40.090s] -- Installing: /opt/workspace/install/rqt_py_common/share/rqt_py_common/environment/pythonpath.sh
[40.091s] -- Installing: /opt/workspace/install/rqt_py_common/share/rqt_py_common/environment/pythonpath.dsv
[40.091s] -- Installing: /opt/workspace/install/rqt_py_common/lib/python3.6/site-packages/rqt_py_common
[40.091s] -- Installing: /opt/workspace/install/rqt_py_common/lib/python3.6/site-packages/rqt_py_common/message_helpers.py
[40.092s] -- Installing: /opt/workspace/install/rqt_py_common/lib/python3.6/site-packages/rqt_py_common/item_delegates.py
[40.092s] -- Installing: /opt/workspace/install/rqt_py_common/lib/python3.6/site-packages/rqt_py_common/ini_helper.py
[40.093s] -- Installing: /opt/workspace/install/rqt_py_common/lib/python3.6/site-packages/rqt_py_common/__init__.py
[40.093s] -- Installing: /opt/workspace/install/rqt_py_common/lib/python3.6/site-packages/rqt_py_common/topic_completer.py
[40.093s] -- Installing: /opt/workspace/install/rqt_py_common/lib/python3.6/site-packages/rqt_py_common/data_items.py
[40.094s] -- Installing: /opt/workspace/install/rqt_py_common/lib/python3.6/site-packages/rqt_py_common/topic_dict.py
[40.094s] -- Installing: /opt/workspace/install/rqt_py_common/lib/python3.6/site-packages/rqt_py_common/topic_helpers.py
[40.094s] -- Installing: /opt/workspace/install/rqt_py_common/lib/python3.6/site-packages/rqt_py_common/message_tree_widget.py
[40.094s] -- Installing: /opt/workspace/install/rqt_py_common/lib/python3.6/site-packages/rqt_py_common/plugin_container_widget.py
[40.095s] -- Installing: /opt/workspace/install/rqt_py_common/lib/python3.6/site-packages/rqt_py_common/rqt_ros_graph.py
[40.095s] -- Installing: /opt/workspace/install/rqt_py_common/lib/python3.6/site-packages/rqt_py_common/layout_util.py
[40.095s] -- Installing: /opt/workspace/install/rqt_py_common/lib/python3.6/site-packages/rqt_py_common/message_tree_model.py
[40.095s] -- Installing: /opt/workspace/install/rqt_py_common/lib/python3.6/site-packages/rqt_py_common/topic_tree_model.py
[40.095s] -- Installing: /opt/workspace/install/rqt_py_common/lib/python3.6/site-packages/rqt_py_common/extended_combo_box.py
[40.096s] -- Installing: /opt/workspace/install/rqt_py_common/lib/python3.6/site-packages/rqt_py_common/rqt_roscomm_util.py
[40.096s] -- Installing: /opt/workspace/install/rqt_py_common/lib/python3.6/site-packages/rqt_py_common/tree_model_completer.py
[40.225s] Listing '/opt/workspace/install/rqt_py_common/lib/python3.6/site-packages/rqt_py_common'...
[40.225s] Compiling '/opt/workspace/install/rqt_py_common/lib/python3.6/site-packages/rqt_py_common/__init__.py'...
[40.226s] Compiling '/opt/workspace/install/rqt_py_common/lib/python3.6/site-packages/rqt_py_common/data_items.py'...
[40.226s] Compiling '/opt/workspace/install/rqt_py_common/lib/python3.6/site-packages/rqt_py_common/extended_combo_box.py'...
[40.226s] Compiling '/opt/workspace/install/rqt_py_common/lib/python3.6/site-packages/rqt_py_common/ini_helper.py'...
[40.226s] Compiling '/opt/workspace/install/rqt_py_common/lib/python3.6/site-packages/rqt_py_common/item_delegates.py'...
[40.226s] Compiling '/opt/workspace/install/rqt_py_common/lib/python3.6/site-packages/rqt_py_common/layout_util.py'...
[40.226s] Compiling '/opt/workspace/install/rqt_py_common/lib/python3.6/site-packages/rqt_py_common/message_helpers.py'...
[40.227s] Compiling '/opt/workspace/install/rqt_py_common/lib/python3.6/site-packages/rqt_py_common/message_tree_model.py'...
[40.228s] Compiling '/opt/workspace/install/rqt_py_common/lib/python3.6/site-packages/rqt_py_common/message_tree_widget.py'...
[40.228s] Compiling '/opt/workspace/install/rqt_py_common/lib/python3.6/site-packages/rqt_py_common/plugin_container_widget.py'...
[40.229s] Compiling '/opt/workspace/install/rqt_py_common/lib/python3.6/site-packages/rqt_py_common/rqt_ros_graph.py'...
[40.229s] Compiling '/opt/workspace/install/rqt_py_common/lib/python3.6/site-packages/rqt_py_common/rqt_roscomm_util.py'...
[40.229s] Compiling '/opt/workspace/install/rqt_py_common/lib/python3.6/site-packages/rqt_py_common/topic_completer.py'...
[40.229s] Compiling '/opt/workspace/install/rqt_py_common/lib/python3.6/site-packages/rqt_py_common/topic_dict.py'...
[40.229s] Compiling '/opt/workspace/install/rqt_py_common/lib/python3.6/site-packages/rqt_py_common/topic_helpers.py'...
[40.230s] Compiling '/opt/workspace/install/rqt_py_common/lib/python3.6/site-packages/rqt_py_common/topic_tree_model.py'...
[40.230s] Compiling '/opt/workspace/install/rqt_py_common/lib/python3.6/site-packages/rqt_py_common/tree_model_completer.py'...
[40.233s] -- Installing: /opt/workspace/install/rqt_py_common/share/rqt_py_common/resource
[40.236s] -- Installing: /opt/workspace/install/rqt_py_common/share/rqt_py_common/resource/plugin_container.ui
[40.237s] -- Installing: /opt/workspace/install/rqt_py_common/share/ament_index/resource_index/rosidl_interfaces/rqt_py_common
[40.238s] -- Installing: /opt/workspace/install/rqt_py_common/lib/librqt_py_common__rosidl_typesupport_c.so
[40.238s] -- Set runtime path of "/opt/workspace/install/rqt_py_common/lib/librqt_py_common__rosidl_typesupport_c.so" to ""
[40.238s] -- Installing: /opt/workspace/install/rqt_py_common/share/rqt_py_common/environment/library_path.sh
[40.238s] -- Installing: /opt/workspace/install/rqt_py_common/share/rqt_py_common/environment/library_path.dsv
[40.239s] -- Installing: /opt/workspace/install/rqt_py_common/lib/librqt_py_common__rosidl_typesupport_cpp.so
[40.239s] -- Set runtime path of "/opt/workspace/install/rqt_py_common/lib/librqt_py_common__rosidl_typesupport_cpp.so" to ""
[40.240s] -- Installing: /opt/workspace/install/rqt_py_common/include/rqt_py_common
[40.240s] -- Installing: /opt/workspace/install/rqt_py_common/include/rqt_py_common/msg
[40.240s] -- Installing: /opt/workspace/install/rqt_py_common/include/rqt_py_common/msg/array_val__rosidl_typesupport_fastrtps_c.h
[40.241s] -- Installing: /opt/workspace/install/rqt_py_common/include/rqt_py_common/msg/rosidl_typesupport_fastrtps_c__visibility_control.h
[40.241s] -- Installing: /opt/workspace/install/rqt_py_common/include/rqt_py_common/msg/val__rosidl_typesupport_fastrtps_c.h
[40.241s] -- Installing: /opt/workspace/install/rqt_py_common/include/rqt_py_common/srv
[40.242s] -- Installing: /opt/workspace/install/rqt_py_common/include/rqt_py_common/srv/add_two_ints__rosidl_typesupport_fastrtps_c.h
[40.242s] -- Installing: /opt/workspace/install/rqt_py_common/lib/librqt_py_common__rosidl_typesupport_fastrtps_c.so
[40.242s] -- Set runtime path of "/opt/workspace/install/rqt_py_common/lib/librqt_py_common__rosidl_typesupport_fastrtps_c.so" to ""
[40.242s] -- Up-to-date: /opt/workspace/install/rqt_py_common/include/rqt_py_common
[40.242s] -- Up-to-date: /opt/workspace/install/rqt_py_common/include/rqt_py_common/msg
[40.243s] -- Installing: /opt/workspace/install/rqt_py_common/include/rqt_py_common/msg/val__functions.h
[40.243s] -- Installing: /opt/workspace/install/rqt_py_common/include/rqt_py_common/msg/array_val__functions.h
[40.243s] -- Installing: /opt/workspace/install/rqt_py_common/include/rqt_py_common/msg/val__type_support.h
[40.243s] -- Installing: /opt/workspace/install/rqt_py_common/include/rqt_py_common/msg/val__functions.c
[40.243s] -- Installing: /opt/workspace/install/rqt_py_common/include/rqt_py_common/msg/array_val__functions.c
[40.244s] -- Installing: /opt/workspace/install/rqt_py_common/include/rqt_py_common/msg/array_val.h
[40.244s] -- Installing: /opt/workspace/install/rqt_py_common/include/rqt_py_common/msg/val.h
[40.244s] -- Installing: /opt/workspace/install/rqt_py_common/include/rqt_py_common/msg/array_val__type_support.h
[40.244s] -- Installing: /opt/workspace/install/rqt_py_common/include/rqt_py_common/msg/array_val__struct.h
[40.244s] -- Installing: /opt/workspace/install/rqt_py_common/include/rqt_py_common/msg/val__struct.h
[40.245s] -- Installing: /opt/workspace/install/rqt_py_common/include/rqt_py_common/msg/rosidl_generator_c__visibility_control.h
[40.245s] -- Up-to-date: /opt/workspace/install/rqt_py_common/include/rqt_py_common/srv
[40.245s] -- Installing: /opt/workspace/install/rqt_py_common/include/rqt_py_common/srv/add_two_ints.h
[40.245s] -- Installing: /opt/workspace/install/rqt_py_common/include/rqt_py_common/srv/add_two_ints__type_support.h
[40.245s] -- Installing: /opt/workspace/install/rqt_py_common/include/rqt_py_common/srv/add_two_ints__struct.h
[40.246s] -- Installing: /opt/workspace/install/rqt_py_common/include/rqt_py_common/srv/add_two_ints__functions.c
[40.246s] -- Installing: /opt/workspace/install/rqt_py_common/include/rqt_py_common/srv/add_two_ints__functions.h
[40.247s] -- Installing: /opt/workspace/install/rqt_py_common/lib/librqt_py_common__rosidl_generator_c.so
[40.247s] -- Set runtime path of "/opt/workspace/install/rqt_py_common/lib/librqt_py_common__rosidl_generator_c.so" to ""
[40.247s] -- Up-to-date: /opt/workspace/install/rqt_py_common/include/rqt_py_common
[40.248s] -- Up-to-date: /opt/workspace/install/rqt_py_common/include/rqt_py_common/msg
[40.248s] -- Installing: /opt/workspace/install/rqt_py_common/include/rqt_py_common/msg/rosidl_typesupport_fastrtps_cpp__visibility_control.h
[40.248s] -- Installing: /opt/workspace/install/rqt_py_common/include/rqt_py_common/msg/val__rosidl_typesupport_fastrtps_cpp.hpp
[40.248s] -- Installing: /opt/workspace/install/rqt_py_common/include/rqt_py_common/msg/array_val__rosidl_typesupport_fastrtps_cpp.hpp
[40.248s] -- Installing: /opt/workspace/install/rqt_py_common/include/rqt_py_common/msg/dds_fastrtps
[40.249s] -- Up-to-date: /opt/workspace/install/rqt_py_common/include/rqt_py_common/srv
[40.249s] -- Installing: /opt/workspace/install/rqt_py_common/include/rqt_py_common/srv/add_two_ints__rosidl_typesupport_fastrtps_cpp.hpp
[40.249s] -- Installing: /opt/workspace/install/rqt_py_common/include/rqt_py_common/srv/dds_fastrtps
[40.249s] -- Installing: /opt/workspace/install/rqt_py_common/lib/librqt_py_common__rosidl_typesupport_fastrtps_cpp.so
[40.249s] -- Set runtime path of "/opt/workspace/install/rqt_py_common/lib/librqt_py_common__rosidl_typesupport_fastrtps_cpp.so" to ""
[40.249s] -- Up-to-date: /opt/workspace/install/rqt_py_common/include/rqt_py_common
[40.249s] -- Up-to-date: /opt/workspace/install/rqt_py_common/include/rqt_py_common/msg
[40.250s] -- Installing: /opt/workspace/install/rqt_py_common/include/rqt_py_common/msg/array_val.hpp
[40.250s] -- Installing: /opt/workspace/install/rqt_py_common/include/rqt_py_common/msg/array_val__traits.hpp
[40.250s] -- Installing: /opt/workspace/install/rqt_py_common/include/rqt_py_common/msg/val__traits.hpp
[40.250s] -- Installing: /opt/workspace/install/rqt_py_common/include/rqt_py_common/msg/val.hpp
[40.250s] -- Installing: /opt/workspace/install/rqt_py_common/include/rqt_py_common/msg/array_val__struct.hpp
[40.250s] -- Installing: /opt/workspace/install/rqt_py_common/include/rqt_py_common/msg/val__struct.hpp
[40.250s] -- Up-to-date: /opt/workspace/install/rqt_py_common/include/rqt_py_common/srv
[40.251s] -- Installing: /opt/workspace/install/rqt_py_common/include/rqt_py_common/srv/add_two_ints.hpp
[40.251s] -- Installing: /opt/workspace/install/rqt_py_common/include/rqt_py_common/srv/add_two_ints__struct.hpp
[40.251s] -- Installing: /opt/workspace/install/rqt_py_common/include/rqt_py_common/srv/add_two_ints__traits.hpp
[40.251s] -- Up-to-date: /opt/workspace/install/rqt_py_common/include/rqt_py_common
[40.251s] -- Up-to-date: /opt/workspace/install/rqt_py_common/include/rqt_py_common/msg
[40.251s] -- Installing: /opt/workspace/install/rqt_py_common/include/rqt_py_common/msg/rosidl_typesupport_introspection_c__visibility_control.h
[40.251s] -- Installing: /opt/workspace/install/rqt_py_common/include/rqt_py_common/msg/val__rosidl_typesupport_introspection_c.h
[40.251s] -- Installing: /opt/workspace/install/rqt_py_common/include/rqt_py_common/msg/array_val__type_support.c
[40.252s] -- Installing: /opt/workspace/install/rqt_py_common/include/rqt_py_common/msg/array_val__rosidl_typesupport_introspection_c.h
[40.252s] -- Installing: /opt/workspace/install/rqt_py_common/include/rqt_py_common/msg/val__type_support.c
[40.252s] -- Up-to-date: /opt/workspace/install/rqt_py_common/include/rqt_py_common/srv
[40.252s] -- Installing: /opt/workspace/install/rqt_py_common/include/rqt_py_common/srv/add_two_ints__rosidl_typesupport_introspection_c.h
[40.252s] -- Installing: /opt/workspace/install/rqt_py_common/include/rqt_py_common/srv/add_two_ints__type_support.c
[40.252s] -- Installing: /opt/workspace/install/rqt_py_common/lib/librqt_py_common__rosidl_typesupport_introspection_c.so
[40.252s] -- Set runtime path of "/opt/workspace/install/rqt_py_common/lib/librqt_py_common__rosidl_typesupport_introspection_c.so" to ""
[40.252s] -- Up-to-date: /opt/workspace/install/rqt_py_common/include/rqt_py_common
[40.253s] -- Up-to-date: /opt/workspace/install/rqt_py_common/include/rqt_py_common/msg
[40.253s] -- Installing: /opt/workspace/install/rqt_py_common/include/rqt_py_common/msg/val__rosidl_typesupport_introspection_cpp.hpp
[40.253s] -- Installing: /opt/workspace/install/rqt_py_common/include/rqt_py_common/msg/array_val__rosidl_typesupport_introspection_cpp.hpp
[40.253s] -- Installing: /opt/workspace/install/rqt_py_common/include/rqt_py_common/msg/val__type_support.cpp
[40.253s] -- Installing: /opt/workspace/install/rqt_py_common/include/rqt_py_common/msg/array_val__type_support.cpp
[40.253s] -- Up-to-date: /opt/workspace/install/rqt_py_common/include/rqt_py_common/srv
[40.253s] -- Installing: /opt/workspace/install/rqt_py_common/include/rqt_py_common/srv/add_two_ints__type_support.cpp
[40.253s] -- Installing: /opt/workspace/install/rqt_py_common/include/rqt_py_common/srv/add_two_ints__rosidl_typesupport_introspection_cpp.hpp
[40.254s] -- Installing: /opt/workspace/install/rqt_py_common/lib/librqt_py_common__rosidl_typesupport_introspection_cpp.so
[40.254s] -- Set runtime path of "/opt/workspace/install/rqt_py_common/lib/librqt_py_common__rosidl_typesupport_introspection_cpp.so" to ""
[40.254s] -- Installing: /opt/workspace/install/rqt_py_common/lib/python3.6/site-packages/rqt_py_common/__init__.py
[40.357s] Compiling '/opt/workspace/install/rqt_py_common/lib/python3.6/site-packages/rqt_py_common/__init__.py'...
[40.367s] -- Installing: /opt/workspace/install/rqt_py_common/lib/python3.6/site-packages/rqt_py_common/msg
[40.368s] -- Installing: /opt/workspace/install/rqt_py_common/lib/python3.6/site-packages/rqt_py_common/msg/_array_val_s.c
[40.368s] -- Installing: /opt/workspace/install/rqt_py_common/lib/python3.6/site-packages/rqt_py_common/msg/__init__.py
[40.368s] -- Installing: /opt/workspace/install/rqt_py_common/lib/python3.6/site-packages/rqt_py_common/msg/_array_val.py
[40.368s] -- Installing: /opt/workspace/install/rqt_py_common/lib/python3.6/site-packages/rqt_py_common/msg/_val_s.c
[40.369s] -- Installing: /opt/workspace/install/rqt_py_common/lib/python3.6/site-packages/rqt_py_common/msg/_val.py
[40.369s] -- Installing: /opt/workspace/install/rqt_py_common/lib/python3.6/site-packages/rqt_py_common/srv
[40.369s] -- Installing: /opt/workspace/install/rqt_py_common/lib/python3.6/site-packages/rqt_py_common/srv/__init__.py
[40.369s] -- Installing: /opt/workspace/install/rqt_py_common/lib/python3.6/site-packages/rqt_py_common/srv/_add_two_ints.py
[40.369s] -- Installing: /opt/workspace/install/rqt_py_common/lib/python3.6/site-packages/rqt_py_common/srv/_add_two_ints_s.c
[40.370s] -- Installing: /opt/workspace/install/rqt_py_common/lib/python3.6/site-packages/rqt_py_common/rqt_py_common_s__rosidl_typesupport_c.cpython-36m-x86_64-linux-gnu.so
[40.372s] -- Set runtime path of "/opt/workspace/install/rqt_py_common/lib/python3.6/site-packages/rqt_py_common/rqt_py_common_s__rosidl_typesupport_c.cpython-36m-x86_64-linux-gnu.so" to ""
[40.372s] -- Installing: /opt/workspace/install/rqt_py_common/lib/python3.6/site-packages/rqt_py_common/rqt_py_common_s__rosidl_typesupport_introspection_c.cpython-36m-x86_64-linux-gnu.so
[40.377s] -- Set runtime path of "/opt/workspace/install/rqt_py_common/lib/python3.6/site-packages/rqt_py_common/rqt_py_common_s__rosidl_typesupport_introspection_c.cpython-36m-x86_64-linux-gnu.so" to ""
[40.377s] -- Installing: /opt/workspace/install/rqt_py_common/lib/python3.6/site-packages/rqt_py_common/rqt_py_common_s__rosidl_typesupport_fastrtps_c.cpython-36m-x86_64-linux-gnu.so
[40.378s] -- Set runtime path of "/opt/workspace/install/rqt_py_common/lib/python3.6/site-packages/rqt_py_common/rqt_py_common_s__rosidl_typesupport_fastrtps_c.cpython-36m-x86_64-linux-gnu.so" to ""
[40.378s] -- Installing: /opt/workspace/install/rqt_py_common/lib/librqt_py_common__python.so
[40.378s] -- Set runtime path of "/opt/workspace/install/rqt_py_common/lib/librqt_py_common__python.so" to ""
[40.379s] -- Installing: /opt/workspace/install/rqt_py_common/share/rqt_py_common/msg/Val.idl
[40.379s] -- Installing: /opt/workspace/install/rqt_py_common/share/rqt_py_common/msg/ArrayVal.idl
[40.379s] -- Installing: /opt/workspace/install/rqt_py_common/share/rqt_py_common/srv/AddTwoInts.idl
[40.379s] -- Installing: /opt/workspace/install/rqt_py_common/share/rqt_py_common/msg/Val.msg
[40.380s] -- Installing: /opt/workspace/install/rqt_py_common/share/rqt_py_common/msg/ArrayVal.msg
[40.380s] -- Installing: /opt/workspace/install/rqt_py_common/share/rqt_py_common/srv/AddTwoInts.srv
[40.381s] -- Installing: /opt/workspace/install/rqt_py_common/share/rqt_py_common/srv/AddTwoInts_Request.msg
[40.381s] -- Installing: /opt/workspace/install/rqt_py_common/share/rqt_py_common/srv/AddTwoInts_Response.msg
[40.381s] -- Installing: /opt/workspace/install/rqt_py_common/share/ament_index/resource_index/package_run_dependencies/rqt_py_common
[40.381s] -- Installing: /opt/workspace/install/rqt_py_common/share/ament_index/resource_index/parent_prefix_path/rqt_py_common
[40.381s] -- Installing: /opt/workspace/install/rqt_py_common/share/rqt_py_common/environment/ament_prefix_path.sh
[40.382s] -- Installing: /opt/workspace/install/rqt_py_common/share/rqt_py_common/environment/ament_prefix_path.dsv
[40.382s] -- Installing: /opt/workspace/install/rqt_py_common/share/rqt_py_common/environment/path.sh
[40.382s] -- Installing: /opt/workspace/install/rqt_py_common/share/rqt_py_common/environment/path.dsv
[40.382s] -- Installing: /opt/workspace/install/rqt_py_common/share/rqt_py_common/local_setup.bash
[40.382s] -- Installing: /opt/workspace/install/rqt_py_common/share/rqt_py_common/local_setup.sh
[40.383s] -- Installing: /opt/workspace/install/rqt_py_common/share/rqt_py_common/local_setup.zsh
[40.383s] -- Installing: /opt/workspace/install/rqt_py_common/share/rqt_py_common/local_setup.dsv
[40.383s] -- Installing: /opt/workspace/install/rqt_py_common/share/rqt_py_common/package.dsv
[40.383s] -- Installing: /opt/workspace/install/rqt_py_common/share/ament_index/resource_index/packages/rqt_py_common
[40.383s] -- Installing: /opt/workspace/install/rqt_py_common/share/rqt_py_common/cmake/rosidl_cmake-extras.cmake
[40.384s] -- Installing: /opt/workspace/install/rqt_py_common/share/rqt_py_common/cmake/ament_cmake_export_libraries-extras.cmake
[40.384s] -- Installing: /opt/workspace/install/rqt_py_common/share/rqt_py_common/cmake/ament_cmake_export_include_directories-extras.cmake
[40.384s] -- Installing: /opt/workspace/install/rqt_py_common/share/rqt_py_common/cmake/rqt_py_commonConfig.cmake
[40.384s] -- Installing: /opt/workspace/install/rqt_py_common/share/rqt_py_common/cmake/rqt_py_commonConfig-version.cmake
[40.384s] -- Installing: /opt/workspace/install/rqt_py_common/share/rqt_py_common/package.xml
