Determining if the pthread_create exist failed with the following output:
Change Dir: /opt/workspace/build/tlsf_cpp/CMakeFiles/CMakeTmp

Run Build Command:"/usr/bin/make" "cmTC_3c12b/fast"
/usr/bin/make -f CMakeFiles/cmTC_3c12b.dir/build.make CMakeFiles/cmTC_3c12b.dir/build
make[1]: Entering directory '/opt/workspace/build/tlsf_cpp/CMakeFiles/CMakeTmp'
Building C object CMakeFiles/cmTC_3c12b.dir/CheckSymbolExists.c.o
/usr/bin/cc    -o CMakeFiles/cmTC_3c12b.dir/CheckSymbolExists.c.o   -c /opt/workspace/build/tlsf_cpp/CMakeFiles/CMakeTmp/CheckSymbolExists.c
Linking C executable cmTC_3c12b
/usr/bin/cmake -E cmake_link_script CMakeFiles/cmTC_3c12b.dir/link.txt --verbose=1
/usr/bin/cc      CMakeFiles/cmTC_3c12b.dir/CheckSymbolExists.c.o  -o cmTC_3c12b 
CMakeFiles/cmTC_3c12b.dir/CheckSymbolExists.c.o: In function `main':
CheckSymbolExists.c:(.text+0x1b): undefined reference to `pthread_create'
collect2: error: ld returned 1 exit status
CMakeFiles/cmTC_3c12b.dir/build.make:97: recipe for target 'cmTC_3c12b' failed
make[1]: *** [cmTC_3c12b] Error 1
make[1]: Leaving directory '/opt/workspace/build/tlsf_cpp/CMakeFiles/CMakeTmp'
Makefile:126: recipe for target 'cmTC_3c12b/fast' failed
make: *** [cmTC_3c12b/fast] Error 2

File /opt/workspace/build/tlsf_cpp/CMakeFiles/CMakeTmp/CheckSymbolExists.c:
/* */
#include <pthread.h>

int main(int argc, char** argv)
{
  (void)argv;
#ifndef pthread_create
  return ((int*)(&pthread_create))[argc];
#else
  (void)argc;
  return 0;
#endif
}

Determining if the function pthread_create exists in the pthreads failed with the following output:
Change Dir: /opt/workspace/build/tlsf_cpp/CMakeFiles/CMakeTmp

Run Build Command:"/usr/bin/make" "cmTC_bdeaa/fast"
/usr/bin/make -f CMakeFiles/cmTC_bdeaa.dir/build.make CMakeFiles/cmTC_bdeaa.dir/build
make[1]: Entering directory '/opt/workspace/build/tlsf_cpp/CMakeFiles/CMakeTmp'
Building C object CMakeFiles/cmTC_bdeaa.dir/CheckFunctionExists.c.o
/usr/bin/cc   -DCHECK_FUNCTION_EXISTS=pthread_create   -o CMakeFiles/cmTC_bdeaa.dir/CheckFunctionExists.c.o   -c /usr/share/cmake-3.10/Modules/CheckFunctionExists.c
Linking C executable cmTC_bdeaa
/usr/bin/cmake -E cmake_link_script CMakeFiles/cmTC_bdeaa.dir/link.txt --verbose=1
/usr/bin/cc  -DCHECK_FUNCTION_EXISTS=pthread_create    CMakeFiles/cmTC_bdeaa.dir/CheckFunctionExists.c.o  -o cmTC_bdeaa -lpthreads 
/usr/bin/ld: cannot find -lpthreads
collect2: error: ld returned 1 exit status
CMakeFiles/cmTC_bdeaa.dir/build.make:97: recipe for target 'cmTC_bdeaa' failed
make[1]: *** [cmTC_bdeaa] Error 1
make[1]: Leaving directory '/opt/workspace/build/tlsf_cpp/CMakeFiles/CMakeTmp'
Makefile:126: recipe for target 'cmTC_bdeaa/fast' failed
make: *** [cmTC_bdeaa/fast] Error 2


