[0.686s] [36mInstall the project...[0m
[0.702s] -- Install configuration: ""
[0.703s] -- Up-to-date: /opt/workspace/install/ament_cmake_cpplint/share/ament_index/resource_index/package_run_dependencies/ament_cmake_cpplint
[0.703s] -- Up-to-date: /opt/workspace/install/ament_cmake_cpplint/share/ament_index/resource_index/parent_prefix_path/ament_cmake_cpplint
[0.703s] -- Up-to-date: /opt/workspace/install/ament_cmake_cpplint/share/ament_cmake_cpplint/environment/ament_prefix_path.sh
[0.704s] -- Up-to-date: /opt/workspace/install/ament_cmake_cpplint/share/ament_cmake_cpplint/environment/ament_prefix_path.dsv
[0.704s] -- Up-to-date: /opt/workspace/install/ament_cmake_cpplint/share/ament_cmake_cpplint/environment/path.sh
[0.705s] -- Up-to-date: /opt/workspace/install/ament_cmake_cpplint/share/ament_cmake_cpplint/environment/path.dsv
[0.705s] -- Up-to-date: /opt/workspace/install/ament_cmake_cpplint/share/ament_cmake_cpplint/local_setup.bash
[0.705s] -- Up-to-date: /opt/workspace/install/ament_cmake_cpplint/share/ament_cmake_cpplint/local_setup.sh
[0.706s] -- Up-to-date: /opt/workspace/install/ament_cmake_cpplint/share/ament_cmake_cpplint/local_setup.zsh
[0.706s] -- Up-to-date: /opt/workspace/install/ament_cmake_cpplint/share/ament_cmake_cpplint/local_setup.dsv
[0.706s] -- Installing: /opt/workspace/install/ament_cmake_cpplint/share/ament_cmake_cpplint/package.dsv
[0.707s] -- Up-to-date: /opt/workspace/install/ament_cmake_cpplint/share/ament_index/resource_index/packages/ament_cmake_cpplint
[0.707s] -- Up-to-date: /opt/workspace/install/ament_cmake_cpplint/share/ament_cmake_cpplint/cmake/ament_cmake_cpplint-extras.cmake
[0.707s] -- Up-to-date: /opt/workspace/install/ament_cmake_cpplint/share/ament_cmake_cpplint/cmake/ament_cmake_cpplintConfig.cmake
[0.708s] -- Up-to-date: /opt/workspace/install/ament_cmake_cpplint/share/ament_cmake_cpplint/cmake/ament_cmake_cpplintConfig-version.cmake
[0.708s] -- Up-to-date: /opt/workspace/install/ament_cmake_cpplint/share/ament_cmake_cpplint/package.xml
[0.708s] -- Up-to-date: /opt/workspace/install/ament_cmake_cpplint/share/ament_cmake_cpplint/cmake
[0.708s] -- Up-to-date: /opt/workspace/install/ament_cmake_cpplint/share/ament_cmake_cpplint/cmake/ament_cmake_cpplint_lint_hook.cmake
[0.708s] -- Up-to-date: /opt/workspace/install/ament_cmake_cpplint/share/ament_cmake_cpplint/cmake/ament_cpplint.cmake
