[0.644s] [100%] Built target rosidl_typesupport_introspection_c
[1.583s] [100%] Built target rosidl_typesupport_introspection_c
[1.664s] [36mInstall the project...[0m
[1.685s] -- Install configuration: ""
[1.686s] -- Up-to-date: /opt/workspace/install/rosidl_typesupport_introspection_c/share/rosidl_typesupport_introspection_c/environment/pythonpath.sh
[1.686s] -- Up-to-date: /opt/workspace/install/rosidl_typesupport_introspection_c/share/rosidl_typesupport_introspection_c/environment/pythonpath.dsv
[1.687s] -- Up-to-date: /opt/workspace/install/rosidl_typesupport_introspection_c/lib/python3.6/site-packages/rosidl_typesupport_introspection_c
[1.687s] -- Up-to-date: /opt/workspace/install/rosidl_typesupport_introspection_c/lib/python3.6/site-packages/rosidl_typesupport_introspection_c/__init__.py
[1.782s] Listing '/opt/workspace/install/rosidl_typesupport_introspection_c/lib/python3.6/site-packages/rosidl_typesupport_introspection_c'...
[1.792s] -- Up-to-date: /opt/workspace/install/rosidl_typesupport_introspection_c/share/rosidl_typesupport_introspection_c/environment/library_path.sh
[1.793s] -- Up-to-date: /opt/workspace/install/rosidl_typesupport_introspection_c/share/rosidl_typesupport_introspection_c/environment/library_path.dsv
[1.793s] -- Up-to-date: /opt/workspace/install/rosidl_typesupport_introspection_c/share/ament_index/resource_index/rosidl_typesupport_c/rosidl_typesupport_introspection_c
[1.794s] -- Up-to-date: /opt/workspace/install/rosidl_typesupport_introspection_c/share/ament_index/resource_index/rosidl_runtime_packages/rosidl_typesupport_introspection_c
[1.794s] -- Up-to-date: /opt/workspace/install/rosidl_typesupport_introspection_c/share/ament_index/resource_index/package_run_dependencies/rosidl_typesupport_introspection_c
[1.794s] -- Up-to-date: /opt/workspace/install/rosidl_typesupport_introspection_c/share/ament_index/resource_index/parent_prefix_path/rosidl_typesupport_introspection_c
[1.794s] -- Up-to-date: /opt/workspace/install/rosidl_typesupport_introspection_c/share/rosidl_typesupport_introspection_c/environment/ament_prefix_path.sh
[1.795s] -- Up-to-date: /opt/workspace/install/rosidl_typesupport_introspection_c/share/rosidl_typesupport_introspection_c/environment/ament_prefix_path.dsv
[1.795s] -- Up-to-date: /opt/workspace/install/rosidl_typesupport_introspection_c/share/rosidl_typesupport_introspection_c/environment/path.sh
[1.795s] -- Up-to-date: /opt/workspace/install/rosidl_typesupport_introspection_c/share/rosidl_typesupport_introspection_c/environment/path.dsv
[1.796s] -- Up-to-date: /opt/workspace/install/rosidl_typesupport_introspection_c/share/rosidl_typesupport_introspection_c/local_setup.bash
[1.796s] -- Up-to-date: /opt/workspace/install/rosidl_typesupport_introspection_c/share/rosidl_typesupport_introspection_c/local_setup.sh
[1.796s] -- Up-to-date: /opt/workspace/install/rosidl_typesupport_introspection_c/share/rosidl_typesupport_introspection_c/local_setup.zsh
[1.797s] -- Up-to-date: /opt/workspace/install/rosidl_typesupport_introspection_c/share/rosidl_typesupport_introspection_c/local_setup.dsv
[1.797s] -- Up-to-date: /opt/workspace/install/rosidl_typesupport_introspection_c/share/rosidl_typesupport_introspection_c/package.dsv
[1.798s] -- Up-to-date: /opt/workspace/install/rosidl_typesupport_introspection_c/share/ament_index/resource_index/packages/rosidl_typesupport_introspection_c
[1.798s] -- Up-to-date: /opt/workspace/install/rosidl_typesupport_introspection_c/share/rosidl_typesupport_introspection_c/cmake/rosidl_typesupport_introspection_c-extras.cmake
[1.798s] -- Up-to-date: /opt/workspace/install/rosidl_typesupport_introspection_c/share/rosidl_typesupport_introspection_c/cmake/ament_cmake_export_dependencies-extras.cmake
[1.799s] -- Up-to-date: /opt/workspace/install/rosidl_typesupport_introspection_c/share/rosidl_typesupport_introspection_c/cmake/ament_cmake_export_include_directories-extras.cmake
[1.799s] -- Up-to-date: /opt/workspace/install/rosidl_typesupport_introspection_c/share/rosidl_typesupport_introspection_c/cmake/ament_cmake_export_libraries-extras.cmake
[1.799s] -- Up-to-date: /opt/workspace/install/rosidl_typesupport_introspection_c/share/rosidl_typesupport_introspection_c/cmake/rosidl_typesupport_introspection_cConfig.cmake
[1.800s] -- Up-to-date: /opt/workspace/install/rosidl_typesupport_introspection_c/share/rosidl_typesupport_introspection_c/cmake/rosidl_typesupport_introspection_cConfig-version.cmake
[1.800s] -- Up-to-date: /opt/workspace/install/rosidl_typesupport_introspection_c/share/rosidl_typesupport_introspection_c/package.xml
[1.800s] -- Up-to-date: /opt/workspace/install/rosidl_typesupport_introspection_c/lib/rosidl_typesupport_introspection_c/rosidl_typesupport_introspection_c
[1.800s] -- Up-to-date: /opt/workspace/install/rosidl_typesupport_introspection_c/share/rosidl_typesupport_introspection_c/cmake
[1.801s] -- Up-to-date: /opt/workspace/install/rosidl_typesupport_introspection_c/share/rosidl_typesupport_introspection_c/cmake/rosidl_typesupport_introspection_c_generate_interfaces.cmake
[1.801s] -- Up-to-date: /opt/workspace/install/rosidl_typesupport_introspection_c/share/rosidl_typesupport_introspection_c/resource
[1.801s] -- Up-to-date: /opt/workspace/install/rosidl_typesupport_introspection_c/share/rosidl_typesupport_introspection_c/resource/msg__rosidl_typesupport_introspection_c.h.em
[1.801s] -- Up-to-date: /opt/workspace/install/rosidl_typesupport_introspection_c/share/rosidl_typesupport_introspection_c/resource/rosidl_typesupport_introspection_c__visibility_control.h.in
[1.802s] -- Up-to-date: /opt/workspace/install/rosidl_typesupport_introspection_c/share/rosidl_typesupport_introspection_c/resource/srv__type_support.c.em
[1.802s] -- Up-to-date: /opt/workspace/install/rosidl_typesupport_introspection_c/share/rosidl_typesupport_introspection_c/resource/idl__type_support.c.em
[1.802s] -- Up-to-date: /opt/workspace/install/rosidl_typesupport_introspection_c/share/rosidl_typesupport_introspection_c/resource/srv__rosidl_typesupport_introspection_c.h.em
[1.802s] -- Up-to-date: /opt/workspace/install/rosidl_typesupport_introspection_c/share/rosidl_typesupport_introspection_c/resource/idl__rosidl_typesupport_introspection_c.h.em
[1.803s] -- Up-to-date: /opt/workspace/install/rosidl_typesupport_introspection_c/share/rosidl_typesupport_introspection_c/resource/msg__type_support.c.em
[1.803s] -- Up-to-date: /opt/workspace/install/rosidl_typesupport_introspection_c/include
[1.803s] -- Up-to-date: /opt/workspace/install/rosidl_typesupport_introspection_c/include/rosidl_typesupport_introspection_c
[1.804s] -- Up-to-date: /opt/workspace/install/rosidl_typesupport_introspection_c/include/rosidl_typesupport_introspection_c/message_introspection.h
[1.804s] -- Up-to-date: /opt/workspace/install/rosidl_typesupport_introspection_c/include/rosidl_typesupport_introspection_c/field_types.h
[1.804s] -- Up-to-date: /opt/workspace/install/rosidl_typesupport_introspection_c/include/rosidl_typesupport_introspection_c/identifier.h
[1.805s] -- Up-to-date: /opt/workspace/install/rosidl_typesupport_introspection_c/include/rosidl_typesupport_introspection_c/visibility_control.h
[1.805s] -- Up-to-date: /opt/workspace/install/rosidl_typesupport_introspection_c/include/rosidl_typesupport_introspection_c/service_introspection.h
[1.805s] -- Up-to-date: /opt/workspace/install/rosidl_typesupport_introspection_c/lib/librosidl_typesupport_introspection_c.so
