[0.606s] -- The C compiler identification is GNU 7.4.0
[0.766s] -- The CXX compiler identification is GNU 7.4.0
[0.779s] -- Check for working C compiler: /usr/bin/cc
[1.051s] -- Check for working C compiler: /usr/bin/cc -- works
[1.052s] -- Detecting C compiler ABI info
[1.306s] -- Detecting C compiler ABI info - done
[1.321s] -- Detecting C compile features
[2.245s] -- Detecting C compile features - done
[2.250s] -- Check for working CXX compiler: /usr/bin/c++
[2.641s] -- Check for working CXX compiler: /usr/bin/c++ -- works
[2.643s] -- Detecting CXX compiler ABI info
[3.038s] -- Detecting CXX compiler ABI info - done
[3.066s] -- Detecting CXX compile features
[4.503s] -- Detecting CXX compile features - done
[4.517s] -- Found ament_cmake: 0.8.2 (/opt/workspace/install/ament_cmake/share/ament_cmake/cmake)
[4.663s] -- Found PythonInterp: /usr/bin/python3 (found suitable version "3.6.9", minimum required is "3") 
[4.664s] -- Using PYTHON_EXECUTABLE: /usr/bin/python3
[5.469s] -- Found rosidl_default_generators: 0.8.0 (/opt/workspace/install/rosidl_default_generators/share/rosidl_default_generators/cmake)
[6.071s] -- Found OpenSSL: /usr/lib/x86_64-linux-gnu/libcrypto.so (found version "1.1.1") 
[6.197s] -- Found FastRTPS: /opt/workspace/install/fastrtps/include  
[6.257s] -- Found rosidl_adapter: 0.8.2 (/opt/workspace/install/rosidl_adapter/share/rosidl_adapter/cmake)
[6.689s] -- Found PythonInterp: /usr/bin/python3 (found version "3.6.9") 
[7.321s] -- Using all available rosidl_typesupport_c: rosidl_typesupport_fastrtps_c;rosidl_typesupport_introspection_c
[7.341s] -- Found ament_cmake_cppcheck: 0.8.1 (/opt/workspace/install/ament_cmake_cppcheck/share/ament_cmake_cppcheck/cmake)
[7.351s] -- Found ament_cmake_cpplint: 0.8.1 (/opt/workspace/install/ament_cmake_cpplint/share/ament_cmake_cpplint/cmake)
[7.361s] -- Found ament_cmake_uncrustify: 0.8.1 (/opt/workspace/install/ament_cmake_uncrustify/share/ament_cmake_uncrustify/cmake)
[7.395s] -- Using all available rosidl_typesupport_cpp: rosidl_typesupport_introspection_cpp;rosidl_typesupport_fastrtps_cpp
[7.785s] -- Found rmw_implementation_cmake: 0.8.1 (/opt/workspace/install/rmw_implementation_cmake/share/rmw_implementation_cmake/cmake)
[7.865s] -- Found PythonInterp: /usr/bin/python3 (found suitable version "3.6.9", minimum required is "3.5") 
[7.871s] -- Found python_cmake_module: 0.8.0 (/opt/workspace/install/python_cmake_module/share/python_cmake_module/cmake)
[7.976s] -- Found PythonLibs: /usr/lib/x86_64-linux-gnu/libpython3.6m.so (found suitable version "3.6.9", minimum required is "3.5") 
[7.976s] -- Using PYTHON_EXECUTABLE: /usr/bin/python3
[7.977s] -- Using PYTHON_INCLUDE_DIRS: /usr/include/python3.6m
[7.978s] -- Using PYTHON_LIBRARIES: /usr/lib/x86_64-linux-gnu/libpython3.6m.so
[8.042s] -- Found PythonExtra: .so  
[8.489s] -- Found ament_cmake_flake8: 0.8.1 (/opt/workspace/install/ament_cmake_flake8/share/ament_cmake_flake8/cmake)
[8.496s] -- Found ament_cmake_pep257: 0.8.1 (/opt/workspace/install/ament_cmake_pep257/share/ament_cmake_pep257/cmake)
[8.510s] -- Configuring done
[8.577s] -- Generating done
[8.581s] -- Build files have been written to: /opt/workspace/build/builtin_interfaces
[8.675s] [  2%] [34m[1mGenerating C code for ROS interfaces[0m
[9.569s] [35m[1mScanning dependencies of target builtin_interfaces__rosidl_generator_c[0m
[9.592s] [  5%] [32mBuilding C object CMakeFiles/builtin_interfaces__rosidl_generator_c.dir/rosidl_generator_c/builtin_interfaces/msg/duration__functions.c.o[0m
[9.646s] [  7%] [32mBuilding C object CMakeFiles/builtin_interfaces__rosidl_generator_c.dir/rosidl_generator_c/builtin_interfaces/msg/time__functions.c.o[0m
[9.699s] [ 10%] [32m[1mLinking C shared library libbuiltin_interfaces__rosidl_generator_c.so[0m
[9.751s] [ 10%] Built target builtin_interfaces__rosidl_generator_c
[9.768s] [35m[1mScanning dependencies of target builtin_interfaces__cpp[0m
[9.789s] [ 12%] [34m[1mGenerating C++ code for ROS interfaces[0m
[10.545s] [ 12%] Built target builtin_interfaces__cpp
[10.566s] [ 15%] [34m[1mGenerating C introspection for ROS interfaces[0m
[11.305s] [35m[1mScanning dependencies of target builtin_interfaces__rosidl_typesupport_introspection_c[0m
[11.332s] [ 17%] [32mBuilding C object CMakeFiles/builtin_interfaces__rosidl_typesupport_introspection_c.dir/rosidl_typesupport_introspection_c/builtin_interfaces/msg/duration__type_support.c.o[0m
[11.385s] [ 20%] [32mBuilding C object CMakeFiles/builtin_interfaces__rosidl_typesupport_introspection_c.dir/rosidl_typesupport_introspection_c/builtin_interfaces/msg/time__type_support.c.o[0m
[11.443s] [ 23%] [32m[1mLinking C shared library libbuiltin_interfaces__rosidl_typesupport_introspection_c.so[0m
[11.495s] [ 23%] Built target builtin_interfaces__rosidl_typesupport_introspection_c
[11.512s] [ 25%] [34m[1mGenerating C++ type support dispatch for ROS interfaces[0m
[12.042s] [35m[1mScanning dependencies of target builtin_interfaces__rosidl_typesupport_cpp[0m
[12.066s] [ 28%] [32mBuilding CXX object CMakeFiles/builtin_interfaces__rosidl_typesupport_cpp.dir/rosidl_typesupport_cpp/builtin_interfaces/msg/duration__type_support.cpp.o[0m
[12.433s] [ 30%] [32mBuilding CXX object CMakeFiles/builtin_interfaces__rosidl_typesupport_cpp.dir/rosidl_typesupport_cpp/builtin_interfaces/msg/time__type_support.cpp.o[0m
[12.827s] [ 33%] [32m[1mLinking CXX shared library libbuiltin_interfaces__rosidl_typesupport_cpp.so[0m
[12.902s] [ 33%] Built target builtin_interfaces__rosidl_typesupport_cpp
[12.936s] [ 35%] [34m[1mGenerating C++ introspection for ROS interfaces[0m
[13.680s] [35m[1mScanning dependencies of target builtin_interfaces__rosidl_typesupport_introspection_cpp[0m
[13.699s] [ 38%] [32mBuilding CXX object CMakeFiles/builtin_interfaces__rosidl_typesupport_introspection_cpp.dir/rosidl_typesupport_introspection_cpp/builtin_interfaces/msg/duration__type_support.cpp.o[0m
[14.049s] [ 41%] [32mBuilding CXX object CMakeFiles/builtin_interfaces__rosidl_typesupport_introspection_cpp.dir/rosidl_typesupport_introspection_cpp/builtin_interfaces/msg/time__type_support.cpp.o[0m
[14.501s] [ 43%] [32m[1mLinking CXX shared library libbuiltin_interfaces__rosidl_typesupport_introspection_cpp.so[0m
[14.576s] [ 43%] Built target builtin_interfaces__rosidl_typesupport_introspection_cpp
[14.597s] [ 46%] [34m[1mGenerating C++ type support for eProsima Fast-RTPS[0m
[15.355s] [35m[1mScanning dependencies of target builtin_interfaces__rosidl_typesupport_fastrtps_cpp[0m
[15.386s] [ 48%] [32mBuilding CXX object CMakeFiles/builtin_interfaces__rosidl_typesupport_fastrtps_cpp.dir/rosidl_typesupport_fastrtps_cpp/builtin_interfaces/msg/dds_fastrtps/duration__type_support.cpp.o[0m
[15.970s] [ 51%] [32mBuilding CXX object CMakeFiles/builtin_interfaces__rosidl_typesupport_fastrtps_cpp.dir/rosidl_typesupport_fastrtps_cpp/builtin_interfaces/msg/dds_fastrtps/time__type_support.cpp.o[0m
[16.587s] [ 53%] [32m[1mLinking CXX shared library libbuiltin_interfaces__rosidl_typesupport_fastrtps_cpp.so[0m
[16.733s] [ 53%] Built target builtin_interfaces__rosidl_typesupport_fastrtps_cpp
[16.750s] [ 56%] [34m[1mGenerating C type support dispatch for ROS interfaces[0m
[17.347s] [35m[1mScanning dependencies of target builtin_interfaces__rosidl_typesupport_c[0m
[17.371s] [ 58%] [32mBuilding CXX object CMakeFiles/builtin_interfaces__rosidl_typesupport_c.dir/rosidl_typesupport_c/builtin_interfaces/msg/duration__type_support.cpp.o[0m
[17.425s] [ 61%] [32mBuilding CXX object CMakeFiles/builtin_interfaces__rosidl_typesupport_c.dir/rosidl_typesupport_c/builtin_interfaces/msg/time__type_support.cpp.o[0m
[17.475s] [ 64%] [32m[1mLinking CXX shared library libbuiltin_interfaces__rosidl_typesupport_c.so[0m
[17.547s] [ 64%] Built target builtin_interfaces__rosidl_typesupport_c
[17.570s] [ 66%] [34m[1mGenerating C type support for eProsima Fast-RTPS[0m
[18.259s] [35m[1mScanning dependencies of target builtin_interfaces__rosidl_typesupport_fastrtps_c[0m
[18.290s] [ 69%] [32mBuilding CXX object CMakeFiles/builtin_interfaces__rosidl_typesupport_fastrtps_c.dir/rosidl_typesupport_fastrtps_c/builtin_interfaces/msg/duration__type_support_c.cpp.o[0m
[18.905s] [ 71%] [32mBuilding CXX object CMakeFiles/builtin_interfaces__rosidl_typesupport_fastrtps_c.dir/rosidl_typesupport_fastrtps_c/builtin_interfaces/msg/time__type_support_c.cpp.o[0m
[19.507s] [ 74%] [32m[1mLinking CXX shared library libbuiltin_interfaces__rosidl_typesupport_fastrtps_c.so[0m
[19.633s] [ 74%] Built target builtin_interfaces__rosidl_typesupport_fastrtps_c
[19.656s] [35m[1mScanning dependencies of target builtin_interfaces[0m
[19.675s] [ 74%] Built target builtin_interfaces
[19.696s] [35m[1mScanning dependencies of target builtin_interfaces__py[0m
[19.714s] [ 76%] [34m[1mGenerating Python code for ROS interfaces[0m
[20.817s] [ 76%] Built target builtin_interfaces__py
[20.838s] [35m[1mScanning dependencies of target builtin_interfaces__python[0m
[20.880s] [ 79%] [32mBuilding C object CMakeFiles/builtin_interfaces__python.dir/rosidl_generator_py/builtin_interfaces/msg/_time_s.c.o[0m
[20.883s] [ 82%] [32mBuilding C object CMakeFiles/builtin_interfaces__python.dir/rosidl_generator_py/builtin_interfaces/msg/_duration_s.c.o[0m
[21.059s] [ 84%] [32m[1mLinking C shared library rosidl_generator_py/builtin_interfaces/libbuiltin_interfaces__python.so[0m
[21.122s] [ 84%] Built target builtin_interfaces__python
[21.161s] [35m[1mScanning dependencies of target builtin_interfaces__rosidl_typesupport_fastrtps_c__pyext[0m
[21.161s] [35m[1mScanning dependencies of target builtin_interfaces__rosidl_typesupport_introspection_c__pyext[0m
[21.203s] [ 87%] [32mBuilding C object CMakeFiles/builtin_interfaces__rosidl_typesupport_fastrtps_c__pyext.dir/rosidl_generator_py/builtin_interfaces/_builtin_interfaces_s.ep.rosidl_typesupport_fastrtps_c.c.o[0m
[21.212s] [ 89%] [32mBuilding C object CMakeFiles/builtin_interfaces__rosidl_typesupport_introspection_c__pyext.dir/rosidl_generator_py/builtin_interfaces/_builtin_interfaces_s.ep.rosidl_typesupport_introspection_c.c.o[0m
[21.355s] [ 92%] [32m[1mLinking C shared library rosidl_generator_py/builtin_interfaces/builtin_interfaces_s__rosidl_typesupport_introspection_c.cpython-36m-x86_64-linux-gnu.so[0m
[21.403s] [ 94%] [32m[1mLinking CXX shared library rosidl_generator_py/builtin_interfaces/builtin_interfaces_s__rosidl_typesupport_fastrtps_c.cpython-36m-x86_64-linux-gnu.so[0m
[21.455s] [ 94%] Built target builtin_interfaces__rosidl_typesupport_introspection_c__pyext
[21.489s] [35m[1mScanning dependencies of target builtin_interfaces__rosidl_typesupport_c__pyext[0m
[21.535s] [ 97%] [32mBuilding C object CMakeFiles/builtin_interfaces__rosidl_typesupport_c__pyext.dir/rosidl_generator_py/builtin_interfaces/_builtin_interfaces_s.ep.rosidl_typesupport_c.c.o[0m
[21.549s] [ 97%] Built target builtin_interfaces__rosidl_typesupport_fastrtps_c__pyext
[21.675s] [100%] [32m[1mLinking C shared library rosidl_generator_py/builtin_interfaces/builtin_interfaces_s__rosidl_typesupport_c.cpython-36m-x86_64-linux-gnu.so[0m
[21.738s] [100%] Built target builtin_interfaces__rosidl_typesupport_c__pyext
[22.039s] [  2%] Built target builtin_interfaces__cpp
[22.044s] [ 12%] Built target builtin_interfaces__rosidl_generator_c
[22.112s] [ 23%] Built target builtin_interfaces__rosidl_typesupport_cpp
[22.125s] [ 33%] Built target builtin_interfaces__rosidl_typesupport_fastrtps_cpp
[22.205s] [ 43%] Built target builtin_interfaces__rosidl_typesupport_introspection_c
[22.211s] [ 53%] Built target builtin_interfaces__rosidl_typesupport_c
[22.268s] [ 64%] Built target builtin_interfaces__rosidl_typesupport_fastrtps_c
[22.286s] [ 74%] Built target builtin_interfaces__rosidl_typesupport_introspection_cpp
[22.343s] [ 74%] Built target builtin_interfaces
[22.406s] [ 76%] Built target builtin_interfaces__py
[22.473s] [ 84%] Built target builtin_interfaces__python
[22.532s] [ 89%] Built target builtin_interfaces__rosidl_typesupport_introspection_c__pyext
[22.594s] [ 94%] Built target builtin_interfaces__rosidl_typesupport_c__pyext
[22.659s] [100%] Built target builtin_interfaces__rosidl_typesupport_fastrtps_c__pyext
[22.704s] [36mInstall the project...[0m
[22.725s] -- Install configuration: ""
[22.725s] -- Installing: /opt/workspace/install/builtin_interfaces/share/ament_index/resource_index/rosidl_interfaces/builtin_interfaces
[22.726s] -- Installing: /opt/workspace/install/builtin_interfaces/lib/libbuiltin_interfaces__rosidl_typesupport_c.so
[22.726s] -- Set runtime path of "/opt/workspace/install/builtin_interfaces/lib/libbuiltin_interfaces__rosidl_typesupport_c.so" to ""
[22.727s] -- Installing: /opt/workspace/install/builtin_interfaces/share/builtin_interfaces/environment/library_path.sh
[22.727s] -- Installing: /opt/workspace/install/builtin_interfaces/share/builtin_interfaces/environment/library_path.dsv
[22.727s] -- Installing: /opt/workspace/install/builtin_interfaces/lib/libbuiltin_interfaces__rosidl_typesupport_cpp.so
[22.728s] -- Set runtime path of "/opt/workspace/install/builtin_interfaces/lib/libbuiltin_interfaces__rosidl_typesupport_cpp.so" to ""
[22.728s] -- Installing: /opt/workspace/install/builtin_interfaces/include/builtin_interfaces
[22.728s] -- Installing: /opt/workspace/install/builtin_interfaces/include/builtin_interfaces/msg
[22.729s] -- Installing: /opt/workspace/install/builtin_interfaces/include/builtin_interfaces/msg/time__rosidl_typesupport_fastrtps_c.h
[22.729s] -- Installing: /opt/workspace/install/builtin_interfaces/include/builtin_interfaces/msg/duration__rosidl_typesupport_fastrtps_c.h
[22.729s] -- Installing: /opt/workspace/install/builtin_interfaces/include/builtin_interfaces/msg/rosidl_typesupport_fastrtps_c__visibility_control.h
[22.730s] -- Installing: /opt/workspace/install/builtin_interfaces/lib/libbuiltin_interfaces__rosidl_typesupport_fastrtps_c.so
[22.730s] -- Set runtime path of "/opt/workspace/install/builtin_interfaces/lib/libbuiltin_interfaces__rosidl_typesupport_fastrtps_c.so" to ""
[22.731s] -- Up-to-date: /opt/workspace/install/builtin_interfaces/include/builtin_interfaces
[22.731s] -- Up-to-date: /opt/workspace/install/builtin_interfaces/include/builtin_interfaces/msg
[22.731s] -- Installing: /opt/workspace/install/builtin_interfaces/include/builtin_interfaces/msg/time__functions.c
[22.731s] -- Installing: /opt/workspace/install/builtin_interfaces/include/builtin_interfaces/msg/time__struct.h
[22.731s] -- Installing: /opt/workspace/install/builtin_interfaces/include/builtin_interfaces/msg/duration__struct.h
[22.732s] -- Installing: /opt/workspace/install/builtin_interfaces/include/builtin_interfaces/msg/duration__functions.h
[22.732s] -- Installing: /opt/workspace/install/builtin_interfaces/include/builtin_interfaces/msg/duration__type_support.h
[22.732s] -- Installing: /opt/workspace/install/builtin_interfaces/include/builtin_interfaces/msg/time__functions.h
[22.733s] -- Installing: /opt/workspace/install/builtin_interfaces/include/builtin_interfaces/msg/duration.h
[22.733s] -- Installing: /opt/workspace/install/builtin_interfaces/include/builtin_interfaces/msg/time__type_support.h
[22.733s] -- Installing: /opt/workspace/install/builtin_interfaces/include/builtin_interfaces/msg/duration__functions.c
[22.733s] -- Installing: /opt/workspace/install/builtin_interfaces/include/builtin_interfaces/msg/time.h
[22.734s] -- Installing: /opt/workspace/install/builtin_interfaces/include/builtin_interfaces/msg/rosidl_generator_c__visibility_control.h
[22.734s] -- Installing: /opt/workspace/install/builtin_interfaces/lib/libbuiltin_interfaces__rosidl_generator_c.so
[22.734s] -- Set runtime path of "/opt/workspace/install/builtin_interfaces/lib/libbuiltin_interfaces__rosidl_generator_c.so" to ""
[22.735s] -- Up-to-date: /opt/workspace/install/builtin_interfaces/include/builtin_interfaces
[22.735s] -- Up-to-date: /opt/workspace/install/builtin_interfaces/include/builtin_interfaces/msg
[22.735s] -- Installing: /opt/workspace/install/builtin_interfaces/include/builtin_interfaces/msg/duration__rosidl_typesupport_fastrtps_cpp.hpp
[22.735s] -- Installing: /opt/workspace/install/builtin_interfaces/include/builtin_interfaces/msg/time__rosidl_typesupport_fastrtps_cpp.hpp
[22.735s] -- Installing: /opt/workspace/install/builtin_interfaces/include/builtin_interfaces/msg/rosidl_typesupport_fastrtps_cpp__visibility_control.h
[22.736s] -- Installing: /opt/workspace/install/builtin_interfaces/include/builtin_interfaces/msg/dds_fastrtps
[22.736s] -- Installing: /opt/workspace/install/builtin_interfaces/lib/libbuiltin_interfaces__rosidl_typesupport_fastrtps_cpp.so
[22.736s] -- Set runtime path of "/opt/workspace/install/builtin_interfaces/lib/libbuiltin_interfaces__rosidl_typesupport_fastrtps_cpp.so" to ""
[22.737s] -- Up-to-date: /opt/workspace/install/builtin_interfaces/include/builtin_interfaces
[22.737s] -- Up-to-date: /opt/workspace/install/builtin_interfaces/include/builtin_interfaces/msg
[22.737s] -- Installing: /opt/workspace/install/builtin_interfaces/include/builtin_interfaces/msg/duration.hpp
[22.737s] -- Installing: /opt/workspace/install/builtin_interfaces/include/builtin_interfaces/msg/duration__struct.hpp
[22.738s] -- Installing: /opt/workspace/install/builtin_interfaces/include/builtin_interfaces/msg/duration__traits.hpp
[22.738s] -- Installing: /opt/workspace/install/builtin_interfaces/include/builtin_interfaces/msg/time.hpp
[22.738s] -- Installing: /opt/workspace/install/builtin_interfaces/include/builtin_interfaces/msg/time__traits.hpp
[22.738s] -- Installing: /opt/workspace/install/builtin_interfaces/include/builtin_interfaces/msg/time__struct.hpp
[22.738s] -- Up-to-date: /opt/workspace/install/builtin_interfaces/include/builtin_interfaces
[22.739s] -- Up-to-date: /opt/workspace/install/builtin_interfaces/include/builtin_interfaces/msg
[22.739s] -- Installing: /opt/workspace/install/builtin_interfaces/include/builtin_interfaces/msg/time__rosidl_typesupport_introspection_c.h
[22.740s] -- Installing: /opt/workspace/install/builtin_interfaces/include/builtin_interfaces/msg/rosidl_typesupport_introspection_c__visibility_control.h
[22.740s] -- Installing: /opt/workspace/install/builtin_interfaces/include/builtin_interfaces/msg/duration__rosidl_typesupport_introspection_c.h
[22.740s] -- Installing: /opt/workspace/install/builtin_interfaces/include/builtin_interfaces/msg/time__type_support.c
[22.740s] -- Installing: /opt/workspace/install/builtin_interfaces/include/builtin_interfaces/msg/duration__type_support.c
[22.740s] -- Installing: /opt/workspace/install/builtin_interfaces/lib/libbuiltin_interfaces__rosidl_typesupport_introspection_c.so
[22.741s] -- Set runtime path of "/opt/workspace/install/builtin_interfaces/lib/libbuiltin_interfaces__rosidl_typesupport_introspection_c.so" to ""
[22.741s] -- Up-to-date: /opt/workspace/install/builtin_interfaces/include/builtin_interfaces
[22.742s] -- Up-to-date: /opt/workspace/install/builtin_interfaces/include/builtin_interfaces/msg
[22.742s] -- Installing: /opt/workspace/install/builtin_interfaces/include/builtin_interfaces/msg/time__type_support.cpp
[22.743s] -- Installing: /opt/workspace/install/builtin_interfaces/include/builtin_interfaces/msg/duration__rosidl_typesupport_introspection_cpp.hpp
[22.743s] -- Installing: /opt/workspace/install/builtin_interfaces/include/builtin_interfaces/msg/time__rosidl_typesupport_introspection_cpp.hpp
[22.743s] -- Installing: /opt/workspace/install/builtin_interfaces/include/builtin_interfaces/msg/duration__type_support.cpp
[22.744s] -- Installing: /opt/workspace/install/builtin_interfaces/lib/libbuiltin_interfaces__rosidl_typesupport_introspection_cpp.so
[22.744s] -- Set runtime path of "/opt/workspace/install/builtin_interfaces/lib/libbuiltin_interfaces__rosidl_typesupport_introspection_cpp.so" to ""
[22.744s] -- Installing: /opt/workspace/install/builtin_interfaces/share/builtin_interfaces/environment/pythonpath.sh
[22.745s] -- Installing: /opt/workspace/install/builtin_interfaces/share/builtin_interfaces/environment/pythonpath.dsv
[22.745s] -- Installing: /opt/workspace/install/builtin_interfaces/lib/python3.6/site-packages/builtin_interfaces/__init__.py
[22.854s] Compiling '/opt/workspace/install/builtin_interfaces/lib/python3.6/site-packages/builtin_interfaces/__init__.py'...
[22.861s] -- Installing: /opt/workspace/install/builtin_interfaces/lib/python3.6/site-packages/builtin_interfaces/msg
[22.861s] -- Installing: /opt/workspace/install/builtin_interfaces/lib/python3.6/site-packages/builtin_interfaces/msg/_time_s.c
[22.862s] -- Installing: /opt/workspace/install/builtin_interfaces/lib/python3.6/site-packages/builtin_interfaces/msg/__init__.py
[22.862s] -- Installing: /opt/workspace/install/builtin_interfaces/lib/python3.6/site-packages/builtin_interfaces/msg/_duration.py
[22.862s] -- Installing: /opt/workspace/install/builtin_interfaces/lib/python3.6/site-packages/builtin_interfaces/msg/_time.py
[22.862s] -- Installing: /opt/workspace/install/builtin_interfaces/lib/python3.6/site-packages/builtin_interfaces/msg/_duration_s.c
[22.863s] -- Installing: /opt/workspace/install/builtin_interfaces/lib/python3.6/site-packages/builtin_interfaces/builtin_interfaces_s__rosidl_typesupport_c.cpython-36m-x86_64-linux-gnu.so
[22.864s] -- Set runtime path of "/opt/workspace/install/builtin_interfaces/lib/python3.6/site-packages/builtin_interfaces/builtin_interfaces_s__rosidl_typesupport_c.cpython-36m-x86_64-linux-gnu.so" to ""
[22.877s] -- Installing: /opt/workspace/install/builtin_interfaces/lib/python3.6/site-packages/builtin_interfaces/builtin_interfaces_s__rosidl_typesupport_introspection_c.cpython-36m-x86_64-linux-gnu.so
[22.877s] -- Set runtime path of "/opt/workspace/install/builtin_interfaces/lib/python3.6/site-packages/builtin_interfaces/builtin_interfaces_s__rosidl_typesupport_introspection_c.cpython-36m-x86_64-linux-gnu.so" to ""
[22.877s] -- Installing: /opt/workspace/install/builtin_interfaces/lib/python3.6/site-packages/builtin_interfaces/builtin_interfaces_s__rosidl_typesupport_fastrtps_c.cpython-36m-x86_64-linux-gnu.so
[22.877s] -- Set runtime path of "/opt/workspace/install/builtin_interfaces/lib/python3.6/site-packages/builtin_interfaces/builtin_interfaces_s__rosidl_typesupport_fastrtps_c.cpython-36m-x86_64-linux-gnu.so" to ""
[22.878s] -- Installing: /opt/workspace/install/builtin_interfaces/lib/libbuiltin_interfaces__python.so
[22.878s] -- Set runtime path of "/opt/workspace/install/builtin_interfaces/lib/libbuiltin_interfaces__python.so" to ""
[22.878s] -- Installing: /opt/workspace/install/builtin_interfaces/share/builtin_interfaces/msg/Duration.idl
[22.878s] -- Installing: /opt/workspace/install/builtin_interfaces/share/builtin_interfaces/msg/Time.idl
[22.879s] -- Installing: /opt/workspace/install/builtin_interfaces/share/builtin_interfaces/msg/Duration.msg
[22.879s] -- Installing: /opt/workspace/install/builtin_interfaces/share/builtin_interfaces/msg/Time.msg
[22.879s] -- Installing: /opt/workspace/install/builtin_interfaces/share/ament_index/resource_index/package_run_dependencies/builtin_interfaces
[22.879s] -- Installing: /opt/workspace/install/builtin_interfaces/share/ament_index/resource_index/parent_prefix_path/builtin_interfaces
[22.879s] -- Installing: /opt/workspace/install/builtin_interfaces/share/builtin_interfaces/environment/ament_prefix_path.sh
[22.880s] -- Installing: /opt/workspace/install/builtin_interfaces/share/builtin_interfaces/environment/ament_prefix_path.dsv
[22.887s] -- Installing: /opt/workspace/install/builtin_interfaces/share/builtin_interfaces/environment/path.sh
[22.887s] -- Installing: /opt/workspace/install/builtin_interfaces/share/builtin_interfaces/environment/path.dsv
[22.888s] -- Installing: /opt/workspace/install/builtin_interfaces/share/builtin_interfaces/local_setup.bash
[22.888s] -- Installing: /opt/workspace/install/builtin_interfaces/share/builtin_interfaces/local_setup.sh
[22.888s] -- Installing: /opt/workspace/install/builtin_interfaces/share/builtin_interfaces/local_setup.zsh
[22.889s] -- Installing: /opt/workspace/install/builtin_interfaces/share/builtin_interfaces/local_setup.dsv
[22.889s] -- Installing: /opt/workspace/install/builtin_interfaces/share/builtin_interfaces/package.dsv
[22.889s] -- Installing: /opt/workspace/install/builtin_interfaces/share/ament_index/resource_index/packages/builtin_interfaces
[22.889s] -- Installing: /opt/workspace/install/builtin_interfaces/share/builtin_interfaces/cmake/rosidl_cmake-extras.cmake
[22.890s] -- Installing: /opt/workspace/install/builtin_interfaces/share/builtin_interfaces/cmake/ament_cmake_export_libraries-extras.cmake
[22.890s] -- Installing: /opt/workspace/install/builtin_interfaces/share/builtin_interfaces/cmake/ament_cmake_export_include_directories-extras.cmake
[22.904s] -- Installing: /opt/workspace/install/builtin_interfaces/share/builtin_interfaces/cmake/ament_cmake_export_dependencies-extras.cmake
[22.904s] -- Installing: /opt/workspace/install/builtin_interfaces/share/builtin_interfaces/cmake/builtin_interfacesConfig.cmake
[22.905s] -- Installing: /opt/workspace/install/builtin_interfaces/share/builtin_interfaces/cmake/builtin_interfacesConfig-version.cmake
[22.905s] -- Installing: /opt/workspace/install/builtin_interfaces/share/builtin_interfaces/package.xml
