[0.263s] -- Found ament_cmake: 0.8.2 (/opt/workspace/install/ament_cmake/share/ament_cmake/cmake)
[0.361s] -- Found PythonInterp: /usr/bin/python3 (found suitable version "3.6.9", minimum required is "3") 
[0.361s] -- Using PYTHON_EXECUTABLE: /usr/bin/python3
[0.897s] -- Found ament_lint_auto: 0.8.1 (/opt/workspace/install/ament_lint_auto/share/ament_lint_auto/cmake)
[1.153s] -- Added test 'lint_cmake' to check CMake code style
[1.156s] -- Added test 'xmllint' to check XML markup files
[1.163s] -- Configuring done
[1.167s] -- Generating done
[1.169s] -- Build files have been written to: /opt/workspace/build/rosidl_default_runtime
[1.431s] [36mInstall the project...[0m
[1.452s] -- Install configuration: ""
[1.453s] -- Installing: /opt/workspace/install/rosidl_default_runtime/share/ament_index/resource_index/package_run_dependencies/rosidl_default_runtime
[1.454s] -- Installing: /opt/workspace/install/rosidl_default_runtime/share/ament_index/resource_index/parent_prefix_path/rosidl_default_runtime
[1.454s] -- Installing: /opt/workspace/install/rosidl_default_runtime/share/rosidl_default_runtime/environment/ament_prefix_path.sh
[1.454s] -- Installing: /opt/workspace/install/rosidl_default_runtime/share/rosidl_default_runtime/environment/ament_prefix_path.dsv
[1.455s] -- Installing: /opt/workspace/install/rosidl_default_runtime/share/rosidl_default_runtime/environment/path.sh
[1.455s] -- Installing: /opt/workspace/install/rosidl_default_runtime/share/rosidl_default_runtime/environment/path.dsv
[1.455s] -- Installing: /opt/workspace/install/rosidl_default_runtime/share/rosidl_default_runtime/local_setup.bash
[1.456s] -- Installing: /opt/workspace/install/rosidl_default_runtime/share/rosidl_default_runtime/local_setup.sh
[1.456s] -- Installing: /opt/workspace/install/rosidl_default_runtime/share/rosidl_default_runtime/local_setup.zsh
[1.456s] -- Installing: /opt/workspace/install/rosidl_default_runtime/share/rosidl_default_runtime/local_setup.dsv
[1.456s] -- Installing: /opt/workspace/install/rosidl_default_runtime/share/rosidl_default_runtime/package.dsv
[1.457s] -- Installing: /opt/workspace/install/rosidl_default_runtime/share/ament_index/resource_index/packages/rosidl_default_runtime
[1.458s] -- Installing: /opt/workspace/install/rosidl_default_runtime/share/rosidl_default_runtime/cmake/rosidl_default_runtime-extras.cmake
[1.458s] -- Installing: /opt/workspace/install/rosidl_default_runtime/share/rosidl_default_runtime/cmake/rosidl_default_runtimeConfig.cmake
[1.458s] -- Installing: /opt/workspace/install/rosidl_default_runtime/share/rosidl_default_runtime/cmake/rosidl_default_runtimeConfig-version.cmake
[1.458s] -- Installing: /opt/workspace/install/rosidl_default_runtime/share/rosidl_default_runtime/package.xml
