Determining if the pthread_create exist failed with the following output:
Change Dir: /opt/workspace/build/rclcpp_components/CMakeFiles/CMakeTmp

Run Build Command:"/usr/bin/make" "cmTC_70304/fast"
/usr/bin/make -f CMakeFiles/cmTC_70304.dir/build.make CMakeFiles/cmTC_70304.dir/build
make[1]: Entering directory '/opt/workspace/build/rclcpp_components/CMakeFiles/CMakeTmp'
Building C object CMakeFiles/cmTC_70304.dir/CheckSymbolExists.c.o
/usr/bin/cc    -o CMakeFiles/cmTC_70304.dir/CheckSymbolExists.c.o   -c /opt/workspace/build/rclcpp_components/CMakeFiles/CMakeTmp/CheckSymbolExists.c
Linking C executable cmTC_70304
/usr/bin/cmake -E cmake_link_script CMakeFiles/cmTC_70304.dir/link.txt --verbose=1
/usr/bin/cc      CMakeFiles/cmTC_70304.dir/CheckSymbolExists.c.o  -o cmTC_70304 
CMakeFiles/cmTC_70304.dir/CheckSymbolExists.c.o: In function `main':
CheckSymbolExists.c:(.text+0x1b): undefined reference to `pthread_create'
collect2: error: ld returned 1 exit status
CMakeFiles/cmTC_70304.dir/build.make:97: recipe for target 'cmTC_70304' failed
make[1]: *** [cmTC_70304] Error 1
make[1]: Leaving directory '/opt/workspace/build/rclcpp_components/CMakeFiles/CMakeTmp'
Makefile:126: recipe for target 'cmTC_70304/fast' failed
make: *** [cmTC_70304/fast] Error 2

File /opt/workspace/build/rclcpp_components/CMakeFiles/CMakeTmp/CheckSymbolExists.c:
/* */
#include <pthread.h>

int main(int argc, char** argv)
{
  (void)argv;
#ifndef pthread_create
  return ((int*)(&pthread_create))[argc];
#else
  (void)argc;
  return 0;
#endif
}

Determining if the function pthread_create exists in the pthreads failed with the following output:
Change Dir: /opt/workspace/build/rclcpp_components/CMakeFiles/CMakeTmp

Run Build Command:"/usr/bin/make" "cmTC_09eef/fast"
/usr/bin/make -f CMakeFiles/cmTC_09eef.dir/build.make CMakeFiles/cmTC_09eef.dir/build
make[1]: Entering directory '/opt/workspace/build/rclcpp_components/CMakeFiles/CMakeTmp'
Building C object CMakeFiles/cmTC_09eef.dir/CheckFunctionExists.c.o
/usr/bin/cc   -DCHECK_FUNCTION_EXISTS=pthread_create   -o CMakeFiles/cmTC_09eef.dir/CheckFunctionExists.c.o   -c /usr/share/cmake-3.10/Modules/CheckFunctionExists.c
Linking C executable cmTC_09eef
/usr/bin/cmake -E cmake_link_script CMakeFiles/cmTC_09eef.dir/link.txt --verbose=1
/usr/bin/cc  -DCHECK_FUNCTION_EXISTS=pthread_create    CMakeFiles/cmTC_09eef.dir/CheckFunctionExists.c.o  -o cmTC_09eef -lpthreads 
/usr/bin/ld: cannot find -lpthreads
collect2: error: ld returned 1 exit status
CMakeFiles/cmTC_09eef.dir/build.make:97: recipe for target 'cmTC_09eef' failed
make[1]: *** [cmTC_09eef] Error 1
make[1]: Leaving directory '/opt/workspace/build/rclcpp_components/CMakeFiles/CMakeTmp'
Makefile:126: recipe for target 'cmTC_09eef/fast' failed
make: *** [cmTC_09eef/fast] Error 2


