[0.746s] Invoking command in '/opt/workspace/build/ament_cmake_export_libraries': AMENT_PREFIX_PATH=/opt/workspace/install/ament_cmake_core:/opt/workspace/install/ament_package:${AMENT_PREFIX_PATH} CMAKE_PREFIX_PATH=/opt/workspace/install/ament_cmake_core:/opt/ros/eloquent PYTHONPATH=/opt/workspace/install/ament_package/lib/python3.6/site-packages:${PYTHONPATH} /usr/bin/cmake /opt/workspace/src/ament/ament_cmake/ament_cmake_export_libraries -DCMAKE_INSTALL_PREFIX=/opt/workspace/install/ament_cmake_export_libraries
[0.880s] -- Found ament_cmake_core: 0.8.2 (/opt/workspace/install/ament_cmake_core/share/ament_cmake_core/cmake)
[0.955s] -- Found PythonInterp: /usr/bin/python3 (found suitable version "3.6.9", minimum required is "3") 
[0.955s] -- Using PYTHON_EXECUTABLE: /usr/bin/python3
[1.940s] -- Configuring done
[1.943s] -- Generating done
[1.945s] -- Build files have been written to: /opt/workspace/build/ament_cmake_export_libraries
[1.971s] Invoked command in '/opt/workspace/build/ament_cmake_export_libraries' returned '0': AMENT_PREFIX_PATH=/opt/workspace/install/ament_cmake_core:/opt/workspace/install/ament_package:${AMENT_PREFIX_PATH} CMAKE_PREFIX_PATH=/opt/workspace/install/ament_cmake_core:/opt/ros/eloquent PYTHONPATH=/opt/workspace/install/ament_package/lib/python3.6/site-packages:${PYTHONPATH} /usr/bin/cmake /opt/workspace/src/ament/ament_cmake/ament_cmake_export_libraries -DCMAKE_INSTALL_PREFIX=/opt/workspace/install/ament_cmake_export_libraries
[1.976s] Invoking command in '/opt/workspace/build/ament_cmake_export_libraries': AMENT_PREFIX_PATH=/opt/workspace/install/ament_cmake_core:/opt/workspace/install/ament_package:${AMENT_PREFIX_PATH} CMAKE_PREFIX_PATH=/opt/workspace/install/ament_cmake_core:/opt/ros/eloquent PYTHONPATH=/opt/workspace/install/ament_package/lib/python3.6/site-packages:${PYTHONPATH} /usr/bin/cmake --build /opt/workspace/build/ament_cmake_export_libraries -- -j8 -l8
[2.140s] Invoked command in '/opt/workspace/build/ament_cmake_export_libraries' returned '0': AMENT_PREFIX_PATH=/opt/workspace/install/ament_cmake_core:/opt/workspace/install/ament_package:${AMENT_PREFIX_PATH} CMAKE_PREFIX_PATH=/opt/workspace/install/ament_cmake_core:/opt/ros/eloquent PYTHONPATH=/opt/workspace/install/ament_package/lib/python3.6/site-packages:${PYTHONPATH} /usr/bin/cmake --build /opt/workspace/build/ament_cmake_export_libraries -- -j8 -l8
[2.440s] Invoking command in '/opt/workspace/build/ament_cmake_export_libraries': AMENT_PREFIX_PATH=/opt/workspace/install/ament_cmake_core:/opt/workspace/install/ament_package:${AMENT_PREFIX_PATH} CMAKE_PREFIX_PATH=/opt/workspace/install/ament_cmake_core:/opt/ros/eloquent PYTHONPATH=/opt/workspace/install/ament_package/lib/python3.6/site-packages:${PYTHONPATH} /usr/bin/cmake --build /opt/workspace/build/ament_cmake_export_libraries --target install -- -j8 -l8
[2.644s] [36mInstall the project...[0m
[2.684s] -- Install configuration: ""
[2.685s] -- Installing: /opt/workspace/install/ament_cmake_export_libraries/share/ament_index/resource_index/package_run_dependencies/ament_cmake_export_libraries
[2.685s] -- Installing: /opt/workspace/install/ament_cmake_export_libraries/share/ament_index/resource_index/parent_prefix_path/ament_cmake_export_libraries
[2.685s] -- Installing: /opt/workspace/install/ament_cmake_export_libraries/share/ament_cmake_export_libraries/environment/ament_prefix_path.sh
[2.686s] -- Installing: /opt/workspace/install/ament_cmake_export_libraries/share/ament_cmake_export_libraries/environment/ament_prefix_path.dsv
[2.686s] -- Installing: /opt/workspace/install/ament_cmake_export_libraries/share/ament_cmake_export_libraries/environment/path.sh
[2.686s] -- Installing: /opt/workspace/install/ament_cmake_export_libraries/share/ament_cmake_export_libraries/environment/path.dsv
[2.686s] -- Installing: /opt/workspace/install/ament_cmake_export_libraries/share/ament_cmake_export_libraries/local_setup.bash
[2.687s] -- Installing: /opt/workspace/install/ament_cmake_export_libraries/share/ament_cmake_export_libraries/local_setup.sh
[2.687s] -- Installing: /opt/workspace/install/ament_cmake_export_libraries/share/ament_cmake_export_libraries/local_setup.zsh
[2.687s] -- Installing: /opt/workspace/install/ament_cmake_export_libraries/share/ament_cmake_export_libraries/local_setup.dsv
[2.688s] -- Installing: /opt/workspace/install/ament_cmake_export_libraries/share/ament_cmake_export_libraries/package.dsv
[2.688s] -- Installing: /opt/workspace/install/ament_cmake_export_libraries/share/ament_index/resource_index/packages/ament_cmake_export_libraries
[2.688s] -- Installing: /opt/workspace/install/ament_cmake_export_libraries/share/ament_cmake_export_libraries/cmake/ament_cmake_export_libraries-extras.cmake
[2.689s] -- Installing: /opt/workspace/install/ament_cmake_export_libraries/share/ament_cmake_export_libraries/cmake/ament_cmake_export_librariesConfig.cmake
[2.689s] -- Installing: /opt/workspace/install/ament_cmake_export_libraries/share/ament_cmake_export_libraries/cmake/ament_cmake_export_librariesConfig-version.cmake
[2.689s] -- Installing: /opt/workspace/install/ament_cmake_export_libraries/share/ament_cmake_export_libraries/package.xml
[2.689s] -- Up-to-date: /opt/workspace/install/ament_cmake_export_libraries/share/ament_cmake_export_libraries/cmake
[2.690s] -- Installing: /opt/workspace/install/ament_cmake_export_libraries/share/ament_cmake_export_libraries/cmake/ament_cmake_export_libraries-extras.cmake.in
[2.692s] -- Installing: /opt/workspace/install/ament_cmake_export_libraries/share/ament_cmake_export_libraries/cmake/ament_cmake_export_libraries_package_hook.cmake
[2.693s] -- Installing: /opt/workspace/install/ament_cmake_export_libraries/share/ament_cmake_export_libraries/cmake/ament_export_library_names.cmake
[2.693s] -- Installing: /opt/workspace/install/ament_cmake_export_libraries/share/ament_cmake_export_libraries/cmake/ament_export_libraries.cmake
[2.701s] Invoked command in '/opt/workspace/build/ament_cmake_export_libraries' returned '0': AMENT_PREFIX_PATH=/opt/workspace/install/ament_cmake_core:/opt/workspace/install/ament_package:${AMENT_PREFIX_PATH} CMAKE_PREFIX_PATH=/opt/workspace/install/ament_cmake_core:/opt/ros/eloquent PYTHONPATH=/opt/workspace/install/ament_package/lib/python3.6/site-packages:${PYTHONPATH} /usr/bin/cmake --build /opt/workspace/build/ament_cmake_export_libraries --target install -- -j8 -l8
