[0.548s] -- Found ament_cmake_core: 0.8.2 (/opt/workspace/install/ament_cmake_core/share/ament_cmake_core/cmake)
[0.658s] -- Found PythonInterp: /usr/bin/python3 (found suitable version "3.6.9", minimum required is "3") 
[0.659s] -- Using PYTHON_EXECUTABLE: /usr/bin/python3
[1.156s] -- Found ament_cmake_test: 0.8.2 (/opt/workspace/install/ament_cmake_test/share/ament_cmake_test/cmake)
[1.464s] -- Found ament_cmake_copyright: 0.8.1 (/opt/workspace/install/ament_cmake_copyright/share/ament_cmake_copyright/cmake)
[1.466s] -- Found ament_cmake_lint_cmake: 0.8.1 (/opt/workspace/install/ament_cmake_lint_cmake/share/ament_cmake_lint_cmake/cmake)
[1.469s] -- Configuring done
[1.476s] -- Generating done
[1.487s] -- Build files have been written to: /opt/workspace/build/ament_cmake_flake8
[3.040s] [36mInstall the project...[0m
[3.070s] -- Install configuration: ""
[3.071s] -- Installing: /opt/workspace/install/ament_cmake_flake8/share/ament_index/resource_index/package_run_dependencies/ament_cmake_flake8
[3.071s] -- Installing: /opt/workspace/install/ament_cmake_flake8/share/ament_index/resource_index/parent_prefix_path/ament_cmake_flake8
[3.072s] -- Installing: /opt/workspace/install/ament_cmake_flake8/share/ament_cmake_flake8/environment/ament_prefix_path.sh
[3.072s] -- Installing: /opt/workspace/install/ament_cmake_flake8/share/ament_cmake_flake8/environment/ament_prefix_path.dsv
[3.072s] -- Installing: /opt/workspace/install/ament_cmake_flake8/share/ament_cmake_flake8/environment/path.sh
[3.073s] -- Installing: /opt/workspace/install/ament_cmake_flake8/share/ament_cmake_flake8/environment/path.dsv
[3.073s] -- Installing: /opt/workspace/install/ament_cmake_flake8/share/ament_cmake_flake8/local_setup.bash
[3.074s] -- Installing: /opt/workspace/install/ament_cmake_flake8/share/ament_cmake_flake8/local_setup.sh
[3.074s] -- Installing: /opt/workspace/install/ament_cmake_flake8/share/ament_cmake_flake8/local_setup.zsh
[3.075s] -- Installing: /opt/workspace/install/ament_cmake_flake8/share/ament_cmake_flake8/local_setup.dsv
[3.075s] -- Installing: /opt/workspace/install/ament_cmake_flake8/share/ament_cmake_flake8/package.dsv
[3.075s] -- Installing: /opt/workspace/install/ament_cmake_flake8/share/ament_index/resource_index/packages/ament_cmake_flake8
[3.076s] -- Installing: /opt/workspace/install/ament_cmake_flake8/share/ament_cmake_flake8/cmake/ament_cmake_flake8-extras.cmake
[3.094s] -- Installing: /opt/workspace/install/ament_cmake_flake8/share/ament_cmake_flake8/cmake/ament_cmake_flake8Config.cmake
[3.095s] -- Installing: /opt/workspace/install/ament_cmake_flake8/share/ament_cmake_flake8/cmake/ament_cmake_flake8Config-version.cmake
[3.095s] -- Installing: /opt/workspace/install/ament_cmake_flake8/share/ament_cmake_flake8/package.xml
[3.095s] -- Up-to-date: /opt/workspace/install/ament_cmake_flake8/share/ament_cmake_flake8/cmake
[3.096s] -- Installing: /opt/workspace/install/ament_cmake_flake8/share/ament_cmake_flake8/cmake/ament_flake8.cmake
[3.096s] -- Installing: /opt/workspace/install/ament_cmake_flake8/share/ament_cmake_flake8/cmake/ament_cmake_flake8_lint_hook.cmake
