[0.377s] -- The C compiler identification is GNU 7.4.0
[0.505s] -- The CXX compiler identification is GNU 7.4.0
[0.517s] -- Check for working C compiler: /usr/bin/cc
[0.722s] -- Check for working C compiler: /usr/bin/cc -- works
[0.723s] -- Detecting C compiler ABI info
[0.948s] -- Detecting C compiler ABI info - done
[0.962s] -- Detecting C compile features
[1.617s] -- Detecting C compile features - done
[1.622s] -- Check for working CXX compiler: /usr/bin/c++
[1.900s] -- Check for working CXX compiler: /usr/bin/c++ -- works
[1.902s] -- Detecting CXX compiler ABI info
[2.077s] -- Detecting CXX compiler ABI info - done
[2.087s] -- Detecting CXX compile features
[2.960s] -- Detecting CXX compile features - done
[2.967s] -- Found ament_cmake: 0.8.2 (/opt/workspace/install/ament_cmake/share/ament_cmake/cmake)
[3.076s] -- Found PythonInterp: /usr/bin/python3 (found suitable version "3.6.9", minimum required is "3") 
[3.076s] -- Using PYTHON_EXECUTABLE: /usr/bin/python3
[3.585s] -- Found opensplice_cmake_module: 0.8.1 (/opt/workspace/install/opensplice_cmake_module/share/opensplice_cmake_module/cmake)
[3.617s] -- Could NOT find opensplice (missing: opensplice_DIR)
[3.619s] -- Could NOT find OpenSplice (missing: OpenSplice_INCLUDE_DIRS OpenSplice_IDLPP) 
[3.833s] CMake Warning at CMakeLists.txt:19 (message):
[3.833s]   Could not find PrismTech OpenSplice - skipping
[3.833s]   'rosidl_typesupport_opensplice_cpp'
[3.834s] 
[3.834s] 
[3.834s] -- Configuring done
[3.837s] -- Generating done
[3.839s] -- Build files have been written to: /opt/workspace/build/rosidl_typesupport_opensplice_cpp
[4.220s] [36mInstall the project...[0m
[4.240s] -- Install configuration: ""
[4.240s] -- Installing: /opt/workspace/install/rosidl_typesupport_opensplice_cpp/share/ament_index/resource_index/package_run_dependencies/rosidl_typesupport_opensplice_cpp
[4.241s] -- Installing: /opt/workspace/install/rosidl_typesupport_opensplice_cpp/share/ament_index/resource_index/parent_prefix_path/rosidl_typesupport_opensplice_cpp
[4.242s] -- Installing: /opt/workspace/install/rosidl_typesupport_opensplice_cpp/share/rosidl_typesupport_opensplice_cpp/environment/ament_prefix_path.sh
[4.242s] -- Installing: /opt/workspace/install/rosidl_typesupport_opensplice_cpp/share/rosidl_typesupport_opensplice_cpp/environment/ament_prefix_path.dsv
[4.242s] -- Installing: /opt/workspace/install/rosidl_typesupport_opensplice_cpp/share/rosidl_typesupport_opensplice_cpp/environment/path.sh
[4.242s] -- Installing: /opt/workspace/install/rosidl_typesupport_opensplice_cpp/share/rosidl_typesupport_opensplice_cpp/environment/path.dsv
[4.243s] -- Installing: /opt/workspace/install/rosidl_typesupport_opensplice_cpp/share/rosidl_typesupport_opensplice_cpp/local_setup.bash
[4.243s] -- Installing: /opt/workspace/install/rosidl_typesupport_opensplice_cpp/share/rosidl_typesupport_opensplice_cpp/local_setup.sh
[4.243s] -- Installing: /opt/workspace/install/rosidl_typesupport_opensplice_cpp/share/rosidl_typesupport_opensplice_cpp/local_setup.zsh
[4.243s] -- Installing: /opt/workspace/install/rosidl_typesupport_opensplice_cpp/share/rosidl_typesupport_opensplice_cpp/local_setup.dsv
[4.244s] -- Installing: /opt/workspace/install/rosidl_typesupport_opensplice_cpp/share/rosidl_typesupport_opensplice_cpp/package.dsv
[4.244s] -- Installing: /opt/workspace/install/rosidl_typesupport_opensplice_cpp/share/ament_index/resource_index/packages/rosidl_typesupport_opensplice_cpp
[4.244s] -- Installing: /opt/workspace/install/rosidl_typesupport_opensplice_cpp/share/rosidl_typesupport_opensplice_cpp/cmake/rosidl_typesupport_opensplice_cppConfig.cmake
[4.245s] -- Installing: /opt/workspace/install/rosidl_typesupport_opensplice_cpp/share/rosidl_typesupport_opensplice_cpp/cmake/rosidl_typesupport_opensplice_cppConfig-version.cmake
[4.245s] -- Installing: /opt/workspace/install/rosidl_typesupport_opensplice_cpp/share/rosidl_typesupport_opensplice_cpp/package.xml
