Determining if the pthread_create exist failed with the following output:
Change Dir: /opt/workspace/build/rcl_lifecycle/CMakeFiles/CMakeTmp

Run Build Command:"/usr/bin/make" "cmTC_1af29/fast"
/usr/bin/make -f CMakeFiles/cmTC_1af29.dir/build.make CMakeFiles/cmTC_1af29.dir/build
make[1]: Entering directory '/opt/workspace/build/rcl_lifecycle/CMakeFiles/CMakeTmp'
Building C object CMakeFiles/cmTC_1af29.dir/CheckSymbolExists.c.o
/usr/bin/cc    -o CMakeFiles/cmTC_1af29.dir/CheckSymbolExists.c.o   -c /opt/workspace/build/rcl_lifecycle/CMakeFiles/CMakeTmp/CheckSymbolExists.c
Linking C executable cmTC_1af29
/usr/bin/cmake -E cmake_link_script CMakeFiles/cmTC_1af29.dir/link.txt --verbose=1
/usr/bin/cc      CMakeFiles/cmTC_1af29.dir/CheckSymbolExists.c.o  -o cmTC_1af29 
CMakeFiles/cmTC_1af29.dir/CheckSymbolExists.c.o: In function `main':
CheckSymbolExists.c:(.text+0x1b): undefined reference to `pthread_create'
collect2: error: ld returned 1 exit status
CMakeFiles/cmTC_1af29.dir/build.make:97: recipe for target 'cmTC_1af29' failed
make[1]: *** [cmTC_1af29] Error 1
make[1]: Leaving directory '/opt/workspace/build/rcl_lifecycle/CMakeFiles/CMakeTmp'
Makefile:126: recipe for target 'cmTC_1af29/fast' failed
make: *** [cmTC_1af29/fast] Error 2

File /opt/workspace/build/rcl_lifecycle/CMakeFiles/CMakeTmp/CheckSymbolExists.c:
/* */
#include <pthread.h>

int main(int argc, char** argv)
{
  (void)argv;
#ifndef pthread_create
  return ((int*)(&pthread_create))[argc];
#else
  (void)argc;
  return 0;
#endif
}

Determining if the function pthread_create exists in the pthreads failed with the following output:
Change Dir: /opt/workspace/build/rcl_lifecycle/CMakeFiles/CMakeTmp

Run Build Command:"/usr/bin/make" "cmTC_b32fe/fast"
/usr/bin/make -f CMakeFiles/cmTC_b32fe.dir/build.make CMakeFiles/cmTC_b32fe.dir/build
make[1]: Entering directory '/opt/workspace/build/rcl_lifecycle/CMakeFiles/CMakeTmp'
Building C object CMakeFiles/cmTC_b32fe.dir/CheckFunctionExists.c.o
/usr/bin/cc   -DCHECK_FUNCTION_EXISTS=pthread_create   -o CMakeFiles/cmTC_b32fe.dir/CheckFunctionExists.c.o   -c /usr/share/cmake-3.10/Modules/CheckFunctionExists.c
Linking C executable cmTC_b32fe
/usr/bin/cmake -E cmake_link_script CMakeFiles/cmTC_b32fe.dir/link.txt --verbose=1
/usr/bin/cc  -DCHECK_FUNCTION_EXISTS=pthread_create    CMakeFiles/cmTC_b32fe.dir/CheckFunctionExists.c.o  -o cmTC_b32fe -lpthreads 
/usr/bin/ld: cannot find -lpthreads
collect2: error: ld returned 1 exit status
CMakeFiles/cmTC_b32fe.dir/build.make:97: recipe for target 'cmTC_b32fe' failed
make[1]: *** [cmTC_b32fe] Error 1
make[1]: Leaving directory '/opt/workspace/build/rcl_lifecycle/CMakeFiles/CMakeTmp'
Makefile:126: recipe for target 'cmTC_b32fe/fast' failed
make: *** [cmTC_b32fe/fast] Error 2


