[0.328s] -- The C compiler identification is GNU 7.4.0
[0.477s] -- The CXX compiler identification is GNU 7.4.0
[0.488s] -- Check for working C compiler: /usr/bin/cc
[0.631s] -- Check for working C compiler: /usr/bin/cc -- works
[0.634s] -- Detecting C compiler ABI info
[0.803s] -- Detecting C compiler ABI info - done
[0.818s] -- Detecting C compile features
[1.489s] -- Detecting C compile features - done
[1.497s] -- Check for working CXX compiler: /usr/bin/c++
[1.682s] -- Check for working CXX compiler: /usr/bin/c++ -- works
[1.684s] -- Detecting CXX compiler ABI info
[1.866s] -- Detecting CXX compiler ABI info - done
[1.883s] -- Detecting CXX compile features
[2.829s] -- Detecting CXX compile features - done
[2.835s] -- Found ament_cmake: 0.8.2 (/opt/workspace/install/ament_cmake/share/ament_cmake/cmake)
[2.937s] -- Found PythonInterp: /usr/bin/python3 (found suitable version "3.6.9", minimum required is "3") 
[2.938s] -- Using PYTHON_EXECUTABLE: /usr/bin/python3
[3.535s] -- Found connext_cmake_module: 0.8.4 (/opt/workspace/install/connext_cmake_module/share/connext_cmake_module/cmake)
[3.763s] -- Configuring done
[3.768s] -- Generating done
[3.770s] -- Build files have been written to: /opt/workspace/build/rosidl_typesupport_connext_cpp
[4.109s] [36mInstall the project...[0m
[4.130s] -- Install configuration: ""
[4.130s] -- Installing: /opt/workspace/install/rosidl_typesupport_connext_cpp/share/ament_index/resource_index/package_run_dependencies/rosidl_typesupport_connext_cpp
[4.130s] -- Installing: /opt/workspace/install/rosidl_typesupport_connext_cpp/share/ament_index/resource_index/parent_prefix_path/rosidl_typesupport_connext_cpp
[4.131s] -- Installing: /opt/workspace/install/rosidl_typesupport_connext_cpp/share/rosidl_typesupport_connext_cpp/environment/ament_prefix_path.sh
[4.131s] -- Installing: /opt/workspace/install/rosidl_typesupport_connext_cpp/share/rosidl_typesupport_connext_cpp/environment/ament_prefix_path.dsv
[4.131s] -- Installing: /opt/workspace/install/rosidl_typesupport_connext_cpp/share/rosidl_typesupport_connext_cpp/environment/path.sh
[4.132s] -- Installing: /opt/workspace/install/rosidl_typesupport_connext_cpp/share/rosidl_typesupport_connext_cpp/environment/path.dsv
[4.132s] -- Installing: /opt/workspace/install/rosidl_typesupport_connext_cpp/share/rosidl_typesupport_connext_cpp/local_setup.bash
[4.132s] -- Installing: /opt/workspace/install/rosidl_typesupport_connext_cpp/share/rosidl_typesupport_connext_cpp/local_setup.sh
[4.132s] -- Installing: /opt/workspace/install/rosidl_typesupport_connext_cpp/share/rosidl_typesupport_connext_cpp/local_setup.zsh
[4.133s] -- Installing: /opt/workspace/install/rosidl_typesupport_connext_cpp/share/rosidl_typesupport_connext_cpp/local_setup.dsv
[4.133s] -- Installing: /opt/workspace/install/rosidl_typesupport_connext_cpp/share/rosidl_typesupport_connext_cpp/package.dsv
[4.133s] -- Installing: /opt/workspace/install/rosidl_typesupport_connext_cpp/share/ament_index/resource_index/packages/rosidl_typesupport_connext_cpp
[4.134s] -- Installing: /opt/workspace/install/rosidl_typesupport_connext_cpp/share/rosidl_typesupport_connext_cpp/cmake/rosidl_typesupport_connext_cppConfig.cmake
[4.134s] -- Installing: /opt/workspace/install/rosidl_typesupport_connext_cpp/share/rosidl_typesupport_connext_cpp/cmake/rosidl_typesupport_connext_cppConfig-version.cmake
[4.134s] -- Installing: /opt/workspace/install/rosidl_typesupport_connext_cpp/share/rosidl_typesupport_connext_cpp/package.xml
