[0.224s] -- The C compiler identification is GNU 7.4.0
[0.309s] -- The CXX compiler identification is GNU 7.4.0
[0.316s] -- Check for working C compiler: /usr/bin/cc
[0.413s] -- Check for working C compiler: /usr/bin/cc -- works
[0.413s] -- Detecting C compiler ABI info
[0.513s] -- Detecting C compiler ABI info - done
[0.527s] -- Detecting C compile features
[0.815s] -- Detecting C compile features - done
[0.817s] -- Check for working CXX compiler: /usr/bin/c++
[0.917s] -- Check for working CXX compiler: /usr/bin/c++ -- works
[0.917s] -- Detecting CXX compiler ABI info
[1.028s] -- Detecting CXX compiler ABI info - done
[1.036s] -- Detecting CXX compile features
[1.488s] -- Detecting CXX compile features - done
[1.494s] -- Found ament_cmake: 0.8.2 (/opt/workspace/install/ament_cmake/share/ament_cmake/cmake)
[1.555s] -- Found PythonInterp: /usr/bin/python3 (found suitable version "3.6.9", minimum required is "3") 
[1.556s] -- Using PYTHON_EXECUTABLE: /usr/bin/python3
[1.913s] -- Found rcutils: 0.8.4 (/opt/workspace/install/rcutils/share/rcutils/cmake)
[1.919s] -- Found rmw_implementation_cmake: 0.8.1 (/opt/workspace/install/rmw_implementation_cmake/share/rmw_implementation_cmake/cmake)
[1.981s] -- Found ament_lint_auto: 0.8.1 (/opt/workspace/install/ament_lint_auto/share/ament_lint_auto/cmake)
[2.146s] -- Found rmw_fastrtps_cpp: 0.8.1 (/opt/workspace/install/rmw_fastrtps_cpp/share/rmw_fastrtps_cpp/cmake)
[2.285s] -- Found OpenSSL: /usr/lib/x86_64-linux-gnu/libcrypto.so (found version "1.1.1") 
[2.333s] -- Found FastRTPS: /opt/workspace/install/fastrtps/include  
[2.357s] -- Found rosidl_adapter: 0.8.2 (/opt/workspace/install/rosidl_adapter/share/rosidl_adapter/cmake)
[2.608s] -- 
[2.609s] -- Default rmw implementation: 'rmw_fastrtps_cpp'
[2.609s] -- 
[2.615s] -- Runtime selection of RMW enabled
[2.622s] -- Found poco_vendor:  (/opt/workspace/install/poco_vendor/share/poco_vendor/cmake)
[2.647s] -- Added test 'copyright' to check for copyright in CMake / C / C++ / Python code
[2.650s] -- Added test 'cppcheck' to perform static code analysis on C / C++ code
[2.650s] -- Configured cppcheck include dirs: 
[2.652s] -- Added test 'cpplint' to check C / C++ code against the Google style
[2.654s] -- Added test 'flake8' to check Python code syntax and style conventions
[2.656s] -- Added test 'lint_cmake' to check CMake code style
[2.658s] -- Added test 'pep257' to check Python code against some of the style conventions in PEP 257
[2.660s] -- Added test 'uncrustify' to check C / C++ code style
[2.662s] -- Added test 'xmllint' to check XML markup files
[2.670s] -- Configuring done
[2.677s] -- Generating done
[2.679s] -- Build files have been written to: /opt/workspace/build/rmw_implementation
[2.753s] [35m[1mScanning dependencies of target rmw_implementation[0m
[2.780s] [ 50%] [32mBuilding CXX object CMakeFiles/rmw_implementation.dir/src/functions.cpp.o[0m
[3.317s] [100%] [32m[1mLinking CXX shared library librmw_implementation.so[0m
[3.442s] [100%] Built target rmw_implementation
[3.690s] [100%] Built target rmw_implementation
[3.733s] [36mInstall the project...[0m
[3.747s] -- Install configuration: ""
[3.748s] -- Installing: /opt/workspace/install/rmw_implementation/share/rmw_implementation/environment/pythonpath.sh
[3.748s] -- Installing: /opt/workspace/install/rmw_implementation/share/rmw_implementation/environment/pythonpath.dsv
[3.748s] -- Installing: /opt/workspace/install/rmw_implementation/lib/python3.6/site-packages/rmw_implementation
[3.748s] -- Installing: /opt/workspace/install/rmw_implementation/lib/python3.6/site-packages/rmw_implementation/__init__.py
[3.842s] Listing '/opt/workspace/install/rmw_implementation/lib/python3.6/site-packages/rmw_implementation'...
[3.842s] Compiling '/opt/workspace/install/rmw_implementation/lib/python3.6/site-packages/rmw_implementation/__init__.py'...
[3.848s] -- Installing: /opt/workspace/install/rmw_implementation/share/rmw_implementation/environment/library_path.sh
[3.848s] -- Installing: /opt/workspace/install/rmw_implementation/share/rmw_implementation/environment/library_path.dsv
[3.848s] -- Installing: /opt/workspace/install/rmw_implementation/lib/librmw_implementation.so
[3.849s] -- Set runtime path of "/opt/workspace/install/rmw_implementation/lib/librmw_implementation.so" to ""
[3.849s] -- Installing: /opt/workspace/install/rmw_implementation/share/ament_index/resource_index/rmw_typesupport_c/rmw_implementation
[3.849s] -- Installing: /opt/workspace/install/rmw_implementation/share/ament_index/resource_index/rmw_typesupport_cpp/rmw_implementation
[3.850s] -- Installing: /opt/workspace/install/rmw_implementation/share/ament_index/resource_index/rmw_typesupport/rmw_implementation
[3.850s] -- Installing: /opt/workspace/install/rmw_implementation/share/ament_index/resource_index/package_run_dependencies/rmw_implementation
[3.850s] -- Installing: /opt/workspace/install/rmw_implementation/share/ament_index/resource_index/parent_prefix_path/rmw_implementation
[3.850s] -- Installing: /opt/workspace/install/rmw_implementation/share/rmw_implementation/environment/ament_prefix_path.sh
[3.851s] -- Installing: /opt/workspace/install/rmw_implementation/share/rmw_implementation/environment/ament_prefix_path.dsv
[3.851s] -- Installing: /opt/workspace/install/rmw_implementation/share/rmw_implementation/environment/path.sh
[3.851s] -- Installing: /opt/workspace/install/rmw_implementation/share/rmw_implementation/environment/path.dsv
[3.852s] -- Installing: /opt/workspace/install/rmw_implementation/share/rmw_implementation/local_setup.bash
[3.852s] -- Installing: /opt/workspace/install/rmw_implementation/share/rmw_implementation/local_setup.sh
[3.852s] -- Installing: /opt/workspace/install/rmw_implementation/share/rmw_implementation/local_setup.zsh
[3.852s] -- Installing: /opt/workspace/install/rmw_implementation/share/rmw_implementation/local_setup.dsv
[3.853s] -- Installing: /opt/workspace/install/rmw_implementation/share/rmw_implementation/package.dsv
[3.853s] -- Installing: /opt/workspace/install/rmw_implementation/share/ament_index/resource_index/packages/rmw_implementation
[3.853s] -- Installing: /opt/workspace/install/rmw_implementation/share/rmw_implementation/cmake/rmw_implementation-extras.cmake
[3.853s] -- Installing: /opt/workspace/install/rmw_implementation/share/rmw_implementation/cmake/ament_cmake_export_libraries-extras.cmake
[3.854s] -- Installing: /opt/workspace/install/rmw_implementation/share/rmw_implementation/cmake/rmw_implementationConfig.cmake
[3.854s] -- Installing: /opt/workspace/install/rmw_implementation/share/rmw_implementation/cmake/rmw_implementationConfig-version.cmake
[3.854s] -- Installing: /opt/workspace/install/rmw_implementation/share/rmw_implementation/package.xml
