Determining if the pthread_create exist failed with the following output:
Change Dir: /opt/workspace/build/dummy_sensors/CMakeFiles/CMakeTmp

Run Build Command:"/usr/bin/make" "cmTC_812e3/fast"
/usr/bin/make -f CMakeFiles/cmTC_812e3.dir/build.make CMakeFiles/cmTC_812e3.dir/build
make[1]: Entering directory '/opt/workspace/build/dummy_sensors/CMakeFiles/CMakeTmp'
Building C object CMakeFiles/cmTC_812e3.dir/CheckSymbolExists.c.o
/usr/bin/cc    -o CMakeFiles/cmTC_812e3.dir/CheckSymbolExists.c.o   -c /opt/workspace/build/dummy_sensors/CMakeFiles/CMakeTmp/CheckSymbolExists.c
Linking C executable cmTC_812e3
/usr/bin/cmake -E cmake_link_script CMakeFiles/cmTC_812e3.dir/link.txt --verbose=1
/usr/bin/cc      CMakeFiles/cmTC_812e3.dir/CheckSymbolExists.c.o  -o cmTC_812e3 
CMakeFiles/cmTC_812e3.dir/CheckSymbolExists.c.o: In function `main':
CheckSymbolExists.c:(.text+0x1b): undefined reference to `pthread_create'
collect2: error: ld returned 1 exit status
CMakeFiles/cmTC_812e3.dir/build.make:97: recipe for target 'cmTC_812e3' failed
make[1]: *** [cmTC_812e3] Error 1
make[1]: Leaving directory '/opt/workspace/build/dummy_sensors/CMakeFiles/CMakeTmp'
Makefile:126: recipe for target 'cmTC_812e3/fast' failed
make: *** [cmTC_812e3/fast] Error 2

File /opt/workspace/build/dummy_sensors/CMakeFiles/CMakeTmp/CheckSymbolExists.c:
/* */
#include <pthread.h>

int main(int argc, char** argv)
{
  (void)argv;
#ifndef pthread_create
  return ((int*)(&pthread_create))[argc];
#else
  (void)argc;
  return 0;
#endif
}

Determining if the function pthread_create exists in the pthreads failed with the following output:
Change Dir: /opt/workspace/build/dummy_sensors/CMakeFiles/CMakeTmp

Run Build Command:"/usr/bin/make" "cmTC_a5706/fast"
/usr/bin/make -f CMakeFiles/cmTC_a5706.dir/build.make CMakeFiles/cmTC_a5706.dir/build
make[1]: Entering directory '/opt/workspace/build/dummy_sensors/CMakeFiles/CMakeTmp'
Building C object CMakeFiles/cmTC_a5706.dir/CheckFunctionExists.c.o
/usr/bin/cc   -DCHECK_FUNCTION_EXISTS=pthread_create   -o CMakeFiles/cmTC_a5706.dir/CheckFunctionExists.c.o   -c /usr/share/cmake-3.10/Modules/CheckFunctionExists.c
Linking C executable cmTC_a5706
/usr/bin/cmake -E cmake_link_script CMakeFiles/cmTC_a5706.dir/link.txt --verbose=1
/usr/bin/cc  -DCHECK_FUNCTION_EXISTS=pthread_create    CMakeFiles/cmTC_a5706.dir/CheckFunctionExists.c.o  -o cmTC_a5706 -lpthreads 
/usr/bin/ld: cannot find -lpthreads
collect2: error: ld returned 1 exit status
CMakeFiles/cmTC_a5706.dir/build.make:97: recipe for target 'cmTC_a5706' failed
make[1]: *** [cmTC_a5706] Error 1
make[1]: Leaving directory '/opt/workspace/build/dummy_sensors/CMakeFiles/CMakeTmp'
Makefile:126: recipe for target 'cmTC_a5706/fast' failed
make: *** [cmTC_a5706/fast] Error 2


