[0.580s] -- The C compiler identification is GNU 7.4.0
[0.715s] -- The CXX compiler identification is GNU 7.4.0
[0.729s] -- Check for working C compiler: /usr/bin/cc
[0.905s] -- Check for working C compiler: /usr/bin/cc -- works
[0.907s] -- Detecting C compiler ABI info
[1.082s] -- Detecting C compiler ABI info - done
[1.099s] -- Detecting C compile features
[1.613s] -- Detecting C compile features - done
[1.619s] -- Check for working CXX compiler: /usr/bin/c++
[1.805s] -- Check for working CXX compiler: /usr/bin/c++ -- works
[1.807s] -- Detecting CXX compiler ABI info
[2.026s] -- Detecting CXX compiler ABI info - done
[2.038s] -- Detecting CXX compile features
[2.853s] -- Detecting CXX compile features - done
[2.868s] -- Found ament_cmake: 0.8.2 (/opt/workspace/install/ament_cmake/share/ament_cmake/cmake)
[2.999s] -- Found PythonInterp: /usr/bin/python3 (found suitable version "3.6.9", minimum required is "3") 
[3.000s] -- Using PYTHON_EXECUTABLE: /usr/bin/python3
[3.743s] -- Found rclcpp: 0.8.4 (/opt/workspace/install/rclcpp/share/rclcpp/cmake)
[3.874s] -- Found rosidl_adapter: 0.8.2 (/opt/workspace/install/rosidl_adapter/share/rosidl_adapter/cmake)
[3.979s] -- Found rmw_implementation_cmake: 0.8.1 (/opt/workspace/install/rmw_implementation_cmake/share/rmw_implementation_cmake/cmake)
[3.998s] -- Using RMW implementation 'rmw_fastrtps_cpp' as default
[4.000s] -- Looking for pthread.h
[4.185s] -- Looking for pthread.h - found
[4.186s] -- Looking for pthread_create
[4.369s] -- Looking for pthread_create - not found
[4.370s] -- Looking for pthread_create in pthreads
[4.532s] -- Looking for pthread_create in pthreads - not found
[4.533s] -- Looking for pthread_create in pthread
[4.703s] -- Looking for pthread_create in pthread - found
[4.707s] -- Found Threads: TRUE  
[4.838s] -- Found rclcpp_components: 0.8.4 (/opt/workspace/install/rclcpp_components/share/rclcpp_components/cmake)
[4.869s] -- Found poco_vendor:  (/opt/workspace/install/poco_vendor/share/poco_vendor/cmake)
[4.965s] -- Found sensor_msgs: 0.8.1 (/opt/workspace/install/sensor_msgs/share/sensor_msgs/cmake)
[5.080s] -- Found OpenCV: /usr (found version "3.2.0") 
[5.619s] -- Found ament_lint_auto: 0.8.1 (/opt/workspace/install/ament_lint_auto/share/ament_lint_auto/cmake)
[6.125s] -- Found python_cmake_module: 0.8.0 (/opt/workspace/install/python_cmake_module/share/python_cmake_module/cmake)
[6.227s] -- Found PythonInterp: /usr/bin/python3 (found suitable version "3.6.9", minimum required is "3.5") 
[6.258s] -- Found PythonLibs: /usr/lib/x86_64-linux-gnu/libpython3.6m.so (found suitable version "3.6.9", minimum required is "3.5") 
[6.259s] -- Using PYTHON_EXECUTABLE: /usr/bin/python3
[6.259s] -- Using PYTHON_INCLUDE_DIRS: /usr/include/python3.6m
[6.260s] -- Using PYTHON_LIBRARIES: /usr/lib/x86_64-linux-gnu/libpython3.6m.so
[6.361s] -- Found PythonExtra: .so  
[6.695s] -- Found OpenSSL: /usr/lib/x86_64-linux-gnu/libcrypto.so (found version "1.1.1") 
[6.779s] -- Found FastRTPS: /opt/workspace/install/fastrtps/include  
[7.380s] -- Added test 'copyright' to check for copyright in CMake / C / C++ / Python code
[7.385s] -- Added test 'cppcheck' to perform static code analysis on C / C++ code
[7.389s] -- Configured cppcheck include dirs: /opt/workspace/src/ros2/demos/image_tools/include
[7.394s] -- Added test 'cpplint' to check C / C++ code against the Google style
[7.398s] -- Added test 'lint_cmake' to check CMake code style
[7.403s] -- Added test 'uncrustify' to check C / C++ code style
[7.407s] -- Added test 'xmllint' to check XML markup files
[7.417s] -- Configuring done
[7.543s] -- Generating done
[7.551s] -- Build files have been written to: /opt/workspace/build/image_tools
[7.689s] [35m[1mScanning dependencies of target imagetools[0m
[7.802s] [ 12%] [32mBuilding CXX object CMakeFiles/imagetools.dir/src/cam2image.cpp.o[0m
[16.768s] [ 25%] [32mBuilding CXX object CMakeFiles/imagetools.dir/src/burger.cpp.o[0m
[18.217s] [ 37%] [32mBuilding CXX object CMakeFiles/imagetools.dir/src/showimage.cpp.o[0m
[25.512s] [ 50%] [32m[1mLinking CXX shared library libimagetools.so[0m
[26.704s] [ 50%] Built target imagetools
[26.738s] [35m[1mScanning dependencies of target showimage[0m
[26.841s] [ 62%] [32mBuilding CXX object CMakeFiles/showimage.dir/rclcpp_components/node_main_showimage.cpp.o[0m
[30.243s] [ 75%] [32m[1mLinking CXX executable showimage[0m
[30.870s] [ 75%] Built target showimage
[30.904s] [35m[1mScanning dependencies of target cam2image[0m
[30.995s] [ 87%] [32mBuilding CXX object CMakeFiles/cam2image.dir/rclcpp_components/node_main_cam2image.cpp.o[0m
[34.514s] [100%] [32m[1mLinking CXX executable cam2image[0m
[35.031s] [100%] Built target cam2image
[35.325s] [ 50%] Built target imagetools
[35.405s] [ 75%] Built target showimage
[35.489s] [100%] Built target cam2image
[35.545s] [36mInstall the project...[0m
[35.569s] -- Install configuration: ""
[35.569s] -- Installing: /opt/workspace/install/image_tools/lib/image_tools/cam2image
[35.570s] -- Set runtime path of "/opt/workspace/install/image_tools/lib/image_tools/cam2image" to ""
[35.571s] -- Installing: /opt/workspace/install/image_tools/lib/image_tools/showimage
[35.572s] -- Set runtime path of "/opt/workspace/install/image_tools/lib/image_tools/showimage" to ""
[35.573s] -- Installing: /opt/workspace/install/image_tools/lib/libimagetools.so
[35.577s] -- Set runtime path of "/opt/workspace/install/image_tools/lib/libimagetools.so" to ""
[35.578s] -- Installing: /opt/workspace/install/image_tools/share/ament_index/resource_index/package_run_dependencies/image_tools
[35.578s] -- Installing: /opt/workspace/install/image_tools/share/ament_index/resource_index/parent_prefix_path/image_tools
[35.579s] -- Installing: /opt/workspace/install/image_tools/share/image_tools/environment/ament_prefix_path.sh
[35.579s] -- Installing: /opt/workspace/install/image_tools/share/image_tools/environment/ament_prefix_path.dsv
[35.579s] -- Installing: /opt/workspace/install/image_tools/share/image_tools/environment/path.sh
[35.579s] -- Installing: /opt/workspace/install/image_tools/share/image_tools/environment/path.dsv
[35.580s] -- Installing: /opt/workspace/install/image_tools/share/image_tools/local_setup.bash
[35.580s] -- Installing: /opt/workspace/install/image_tools/share/image_tools/local_setup.sh
[35.580s] -- Installing: /opt/workspace/install/image_tools/share/image_tools/local_setup.zsh
[35.581s] -- Installing: /opt/workspace/install/image_tools/share/image_tools/local_setup.dsv
[35.581s] -- Installing: /opt/workspace/install/image_tools/share/image_tools/package.dsv
[35.581s] -- Installing: /opt/workspace/install/image_tools/share/ament_index/resource_index/packages/image_tools
[35.582s] -- Installing: /opt/workspace/install/image_tools/share/ament_index/resource_index/rclcpp_components/image_tools
[35.582s] -- Installing: /opt/workspace/install/image_tools/share/image_tools/cmake/image_toolsConfig.cmake
[35.582s] -- Installing: /opt/workspace/install/image_tools/share/image_tools/cmake/image_toolsConfig-version.cmake
[35.583s] -- Installing: /opt/workspace/install/image_tools/share/image_tools/package.xml
