[0.913s] [36mInstall the project...[0m
[0.930s] -- Install configuration: ""
[0.931s] -- Up-to-date: /opt/workspace/install/qt_gui_py_common/share/qt_gui_py_common/environment/pythonpath.sh
[0.931s] -- Up-to-date: /opt/workspace/install/qt_gui_py_common/share/qt_gui_py_common/environment/pythonpath.dsv
[0.931s] -- Up-to-date: /opt/workspace/install/qt_gui_py_common/lib/python3.6/site-packages/qt_gui_py_common
[0.932s] -- Up-to-date: /opt/workspace/install/qt_gui_py_common/lib/python3.6/site-packages/qt_gui_py_common/worker_thread.py
[0.932s] -- Up-to-date: /opt/workspace/install/qt_gui_py_common/lib/python3.6/site-packages/qt_gui_py_common/__init__.py
[0.932s] -- Up-to-date: /opt/workspace/install/qt_gui_py_common/lib/python3.6/site-packages/qt_gui_py_common/checkbox_group.py
[0.932s] -- Up-to-date: /opt/workspace/install/qt_gui_py_common/lib/python3.6/site-packages/qt_gui_py_common/simple_settings_dialog.py
[0.932s] -- Up-to-date: /opt/workspace/install/qt_gui_py_common/lib/python3.6/site-packages/qt_gui_py_common/exclusive_options_group.py
[0.933s] -- Up-to-date: /opt/workspace/install/qt_gui_py_common/lib/python3.6/site-packages/qt_gui_py_common/console_text_edit.py
[1.037s] Listing '/opt/workspace/install/qt_gui_py_common/lib/python3.6/site-packages/qt_gui_py_common'...
[1.047s] -- Up-to-date: /opt/workspace/install/qt_gui_py_common/share/qt_gui_py_common/resource
[1.047s] -- Up-to-date: /opt/workspace/install/qt_gui_py_common/share/qt_gui_py_common/resource/simple_settings_dialog.ui
[1.048s] -- Up-to-date: /opt/workspace/install/qt_gui_py_common/share/ament_index/resource_index/package_run_dependencies/qt_gui_py_common
[1.048s] -- Up-to-date: /opt/workspace/install/qt_gui_py_common/share/ament_index/resource_index/parent_prefix_path/qt_gui_py_common
[1.048s] -- Up-to-date: /opt/workspace/install/qt_gui_py_common/share/qt_gui_py_common/environment/ament_prefix_path.sh
[1.048s] -- Up-to-date: /opt/workspace/install/qt_gui_py_common/share/qt_gui_py_common/environment/ament_prefix_path.dsv
[1.048s] -- Up-to-date: /opt/workspace/install/qt_gui_py_common/share/qt_gui_py_common/environment/path.sh
[1.049s] -- Up-to-date: /opt/workspace/install/qt_gui_py_common/share/qt_gui_py_common/environment/path.dsv
[1.049s] -- Up-to-date: /opt/workspace/install/qt_gui_py_common/share/qt_gui_py_common/local_setup.bash
[1.049s] -- Up-to-date: /opt/workspace/install/qt_gui_py_common/share/qt_gui_py_common/local_setup.sh
[1.049s] -- Up-to-date: /opt/workspace/install/qt_gui_py_common/share/qt_gui_py_common/local_setup.zsh
[1.050s] -- Up-to-date: /opt/workspace/install/qt_gui_py_common/share/qt_gui_py_common/local_setup.dsv
[1.050s] -- Up-to-date: /opt/workspace/install/qt_gui_py_common/share/qt_gui_py_common/package.dsv
[1.050s] -- Up-to-date: /opt/workspace/install/qt_gui_py_common/share/ament_index/resource_index/packages/qt_gui_py_common
[1.050s] -- Up-to-date: /opt/workspace/install/qt_gui_py_common/share/qt_gui_py_common/cmake/qt_gui_py_commonConfig.cmake
[1.050s] -- Up-to-date: /opt/workspace/install/qt_gui_py_common/share/qt_gui_py_common/cmake/qt_gui_py_commonConfig-version.cmake
[1.051s] -- Up-to-date: /opt/workspace/install/qt_gui_py_common/share/qt_gui_py_common/package.xml
