/opt/workspace/install/ament_index_python/lib/python3.6/site-packages/ament_index_python/__init__.py
/opt/workspace/install/ament_index_python/lib/python3.6/site-packages/ament_index_python/resources.py
/opt/workspace/install/ament_index_python/lib/python3.6/site-packages/ament_index_python/constants.py
/opt/workspace/install/ament_index_python/lib/python3.6/site-packages/ament_index_python/cli.py
/opt/workspace/install/ament_index_python/lib/python3.6/site-packages/ament_index_python/search_paths.py
/opt/workspace/install/ament_index_python/lib/python3.6/site-packages/ament_index_python/packages.py
/opt/workspace/install/ament_index_python/lib/python3.6/site-packages/ament_index_python/__pycache__/__init__.cpython-36.pyc
/opt/workspace/install/ament_index_python/lib/python3.6/site-packages/ament_index_python/__pycache__/resources.cpython-36.pyc
/opt/workspace/install/ament_index_python/lib/python3.6/site-packages/ament_index_python/__pycache__/constants.cpython-36.pyc
/opt/workspace/install/ament_index_python/lib/python3.6/site-packages/ament_index_python/__pycache__/cli.cpython-36.pyc
/opt/workspace/install/ament_index_python/lib/python3.6/site-packages/ament_index_python/__pycache__/search_paths.cpython-36.pyc
/opt/workspace/install/ament_index_python/lib/python3.6/site-packages/ament_index_python/__pycache__/packages.cpython-36.pyc
/opt/workspace/install/ament_index_python/share/ament_index_python/package.xml
/opt/workspace/install/ament_index_python/share/ament_index_python/environment/ament_index-argcomplete.bash
/opt/workspace/install/ament_index_python/share/ament_index_python/environment/ament_index-argcomplete.zsh
/opt/workspace/install/ament_index_python/share/ament_index/resource_index/packages/ament_index_python
/opt/workspace/install/ament_index_python/lib/python3.6/site-packages/ament_index_python-0.7.2-py3.6.egg-info/dependency_links.txt
/opt/workspace/install/ament_index_python/lib/python3.6/site-packages/ament_index_python-0.7.2-py3.6.egg-info/zip-safe
/opt/workspace/install/ament_index_python/lib/python3.6/site-packages/ament_index_python-0.7.2-py3.6.egg-info/top_level.txt
/opt/workspace/install/ament_index_python/lib/python3.6/site-packages/ament_index_python-0.7.2-py3.6.egg-info/entry_points.txt
/opt/workspace/install/ament_index_python/lib/python3.6/site-packages/ament_index_python-0.7.2-py3.6.egg-info/requires.txt
/opt/workspace/install/ament_index_python/lib/python3.6/site-packages/ament_index_python-0.7.2-py3.6.egg-info/PKG-INFO
/opt/workspace/install/ament_index_python/lib/python3.6/site-packages/ament_index_python-0.7.2-py3.6.egg-info/SOURCES.txt
/opt/workspace/install/ament_index_python/bin/ament_index
