[0.613s] -- The C compiler identification is GNU 7.4.0
[0.746s] -- The CXX compiler identification is GNU 7.4.0
[0.762s] -- Check for working C compiler: /usr/bin/cc
[0.933s] -- Check for working C compiler: /usr/bin/cc -- works
[0.935s] -- Detecting C compiler ABI info
[1.092s] -- Detecting C compiler ABI info - done
[1.104s] -- Detecting C compile features
[1.608s] -- Detecting C compile features - done
[1.614s] -- Check for working CXX compiler: /usr/bin/c++
[1.806s] -- Check for working CXX compiler: /usr/bin/c++ -- works
[1.808s] -- Detecting CXX compiler ABI info
[2.008s] -- Detecting CXX compiler ABI info - done
[2.021s] -- Detecting CXX compile features
[2.899s] -- Detecting CXX compile features - done
[2.914s] -- Found ament_cmake_auto: 0.8.2 (/opt/workspace/install/ament_cmake_auto/share/ament_cmake_auto/cmake)
[3.051s] -- Found PythonInterp: /usr/bin/python3 (found suitable version "3.6.9", minimum required is "3") 
[3.052s] -- Using PYTHON_EXECUTABLE: /usr/bin/python3
[4.014s] -- Found rosidl_adapter: 0.8.2 (/opt/workspace/install/rosidl_adapter/share/rosidl_adapter/cmake)
[4.220s] -- Found rmw_implementation_cmake: 0.8.1 (/opt/workspace/install/rmw_implementation_cmake/share/rmw_implementation_cmake/cmake)
[4.239s] -- Using RMW implementation 'rmw_fastrtps_cpp' as default
[4.241s] -- Looking for pthread.h
[4.479s] -- Looking for pthread.h - found
[4.481s] -- Looking for pthread_create
[4.674s] -- Looking for pthread_create - not found
[4.675s] -- Looking for pthread_create in pthreads
[4.833s] -- Looking for pthread_create in pthreads - not found
[4.834s] -- Looking for pthread_create in pthread
[5.006s] -- Looking for pthread_create in pthread - found
[5.010s] -- Found Threads: TRUE  
[5.400s] -- Found ament_cmake_gtest: 0.8.2 (/opt/workspace/install/ament_cmake_gtest/share/ament_cmake_gtest/cmake)
[5.417s] -- Found gtest sources under '/opt/workspace/install/gtest_vendor/src/gtest_vendor': C++ tests using 'Google Test' will be built
[5.422s] -- Check if compiler accepts -pthread
[5.607s] -- Check if compiler accepts -pthread - yes
[5.628s] -- Configuring done
[5.717s] -- Generating done
[5.721s] -- Build files have been written to: /opt/workspace/build/tf2_geometry_msgs
[5.864s] [35m[1mScanning dependencies of target gtest[0m
[5.936s] [ 16%] [32mBuilding CXX object gtest/CMakeFiles/gtest.dir/src/gtest-all.cc.o[0m
[12.185s] [ 33%] [32m[1mLinking CXX static library libgtest.a[0m
[12.324s] [ 33%] Built target gtest
[12.361s] [35m[1mScanning dependencies of target gtest_main[0m
[12.436s] [ 50%] [32mBuilding CXX object gtest/CMakeFiles/gtest_main.dir/src/gtest_main.cc.o[0m
[13.917s] [ 66%] [32m[1mLinking CXX static library libgtest_main.a[0m
[14.023s] [ 66%] Built target gtest_main
[14.061s] [35m[1mScanning dependencies of target test_tf2_geometry_msgs[0m
[14.203s] [ 83%] [32mBuilding CXX object CMakeFiles/test_tf2_geometry_msgs.dir/test/test_tf2_geometry_msgs.cpp.o[0m
[18.746s] [100%] [32m[1mLinking CXX executable test_tf2_geometry_msgs[0m
[20.340s] [100%] Built target test_tf2_geometry_msgs
[20.591s] [ 33%] Built target gtest
[20.656s] [ 66%] Built target gtest_main
[20.741s] [100%] Built target test_tf2_geometry_msgs
[20.798s] [36mInstall the project...[0m
[20.827s] -- Install configuration: ""
[20.828s] -- Installing: /opt/workspace/install/tf2_geometry_msgs/share/tf2_geometry_msgs/environment/pythonpath.sh
[20.828s] -- Installing: /opt/workspace/install/tf2_geometry_msgs/share/tf2_geometry_msgs/environment/pythonpath.dsv
[20.829s] -- Installing: /opt/workspace/install/tf2_geometry_msgs/lib/python3.6/site-packages/tf2_geometry_msgs
[20.830s] -- Installing: /opt/workspace/install/tf2_geometry_msgs/lib/python3.6/site-packages/tf2_geometry_msgs/__init__.py
[20.831s] -- Installing: /opt/workspace/install/tf2_geometry_msgs/lib/python3.6/site-packages/tf2_geometry_msgs/tf2_geometry_msgs.py
[20.964s] Listing '/opt/workspace/install/tf2_geometry_msgs/lib/python3.6/site-packages/tf2_geometry_msgs'...
[20.964s] Compiling '/opt/workspace/install/tf2_geometry_msgs/lib/python3.6/site-packages/tf2_geometry_msgs/__init__.py'...
[20.964s] Compiling '/opt/workspace/install/tf2_geometry_msgs/lib/python3.6/site-packages/tf2_geometry_msgs/tf2_geometry_msgs.py'...
[20.974s] -- Installing: /opt/workspace/install/tf2_geometry_msgs/include
[20.974s] -- Installing: /opt/workspace/install/tf2_geometry_msgs/include/tf2_geometry_msgs
[20.975s] -- Installing: /opt/workspace/install/tf2_geometry_msgs/include/tf2_geometry_msgs/tf2_geometry_msgs.h
[20.977s] -- Installing: /opt/workspace/install/tf2_geometry_msgs/share/ament_index/resource_index/package_run_dependencies/tf2_geometry_msgs
[20.978s] -- Installing: /opt/workspace/install/tf2_geometry_msgs/share/ament_index/resource_index/parent_prefix_path/tf2_geometry_msgs
[20.979s] -- Installing: /opt/workspace/install/tf2_geometry_msgs/share/tf2_geometry_msgs/environment/ament_prefix_path.sh
[20.980s] -- Installing: /opt/workspace/install/tf2_geometry_msgs/share/tf2_geometry_msgs/environment/ament_prefix_path.dsv
[20.981s] -- Installing: /opt/workspace/install/tf2_geometry_msgs/share/tf2_geometry_msgs/environment/path.sh
[20.982s] -- Installing: /opt/workspace/install/tf2_geometry_msgs/share/tf2_geometry_msgs/environment/path.dsv
[20.982s] -- Installing: /opt/workspace/install/tf2_geometry_msgs/share/tf2_geometry_msgs/local_setup.bash
[20.983s] -- Installing: /opt/workspace/install/tf2_geometry_msgs/share/tf2_geometry_msgs/local_setup.sh
[20.983s] -- Installing: /opt/workspace/install/tf2_geometry_msgs/share/tf2_geometry_msgs/local_setup.zsh
[20.984s] -- Installing: /opt/workspace/install/tf2_geometry_msgs/share/tf2_geometry_msgs/local_setup.dsv
[20.985s] -- Installing: /opt/workspace/install/tf2_geometry_msgs/share/tf2_geometry_msgs/package.dsv
[20.986s] -- Installing: /opt/workspace/install/tf2_geometry_msgs/share/ament_index/resource_index/packages/tf2_geometry_msgs
[20.986s] -- Installing: /opt/workspace/install/tf2_geometry_msgs/share/tf2_geometry_msgs/cmake/ament_cmake_export_dependencies-extras.cmake
[20.987s] -- Installing: /opt/workspace/install/tf2_geometry_msgs/share/tf2_geometry_msgs/cmake/ament_cmake_export_include_directories-extras.cmake
[20.988s] -- Installing: /opt/workspace/install/tf2_geometry_msgs/share/tf2_geometry_msgs/cmake/tf2_geometry_msgsConfig.cmake
[20.988s] -- Installing: /opt/workspace/install/tf2_geometry_msgs/share/tf2_geometry_msgs/cmake/tf2_geometry_msgsConfig-version.cmake
[21.012s] -- Installing: /opt/workspace/install/tf2_geometry_msgs/share/tf2_geometry_msgs/package.xml
