[0.785s] [36mInstall the project...[0m
[0.792s] -- Install configuration: ""
[0.792s] -- Up-to-date: /opt/workspace/install/rosidl_cmake/share/rosidl_cmake/environment/pythonpath.sh
[0.793s] -- Up-to-date: /opt/workspace/install/rosidl_cmake/share/rosidl_cmake/environment/pythonpath.dsv
[0.794s] -- Up-to-date: /opt/workspace/install/rosidl_cmake/lib/python3.6/site-packages/rosidl_cmake
[0.794s] -- Up-to-date: /opt/workspace/install/rosidl_cmake/lib/python3.6/site-packages/rosidl_cmake/__init__.py
[0.883s] Listing '/opt/workspace/install/rosidl_cmake/lib/python3.6/site-packages/rosidl_cmake'...
[0.890s] -- Up-to-date: /opt/workspace/install/rosidl_cmake/share/ament_index/resource_index/package_run_dependencies/rosidl_cmake
[0.891s] -- Up-to-date: /opt/workspace/install/rosidl_cmake/share/ament_index/resource_index/parent_prefix_path/rosidl_cmake
[0.891s] -- Up-to-date: /opt/workspace/install/rosidl_cmake/share/rosidl_cmake/environment/ament_prefix_path.sh
[0.891s] -- Up-to-date: /opt/workspace/install/rosidl_cmake/share/rosidl_cmake/environment/ament_prefix_path.dsv
[0.891s] -- Up-to-date: /opt/workspace/install/rosidl_cmake/share/rosidl_cmake/environment/path.sh
[0.892s] -- Up-to-date: /opt/workspace/install/rosidl_cmake/share/rosidl_cmake/environment/path.dsv
[0.892s] -- Up-to-date: /opt/workspace/install/rosidl_cmake/share/rosidl_cmake/local_setup.bash
[0.898s] -- Up-to-date: /opt/workspace/install/rosidl_cmake/share/rosidl_cmake/local_setup.sh
[0.898s] -- Up-to-date: /opt/workspace/install/rosidl_cmake/share/rosidl_cmake/local_setup.zsh
[0.899s] -- Up-to-date: /opt/workspace/install/rosidl_cmake/share/rosidl_cmake/local_setup.dsv
[0.899s] -- Up-to-date: /opt/workspace/install/rosidl_cmake/share/rosidl_cmake/package.dsv
[0.900s] -- Up-to-date: /opt/workspace/install/rosidl_cmake/share/ament_index/resource_index/packages/rosidl_cmake
[0.900s] -- Up-to-date: /opt/workspace/install/rosidl_cmake/share/rosidl_cmake/cmake/rosidl_cmake-extras.cmake
[0.901s] -- Up-to-date: /opt/workspace/install/rosidl_cmake/share/rosidl_cmake/cmake/rosidl_cmakeConfig.cmake
[0.901s] -- Up-to-date: /opt/workspace/install/rosidl_cmake/share/rosidl_cmake/cmake/rosidl_cmakeConfig-version.cmake
[0.905s] -- Up-to-date: /opt/workspace/install/rosidl_cmake/share/rosidl_cmake/package.xml
[0.908s] -- Up-to-date: /opt/workspace/install/rosidl_cmake/share/rosidl_cmake/cmake
[0.909s] -- Up-to-date: /opt/workspace/install/rosidl_cmake/share/rosidl_cmake/cmake/rosidl_target_interfaces.cmake
[0.909s] -- Up-to-date: /opt/workspace/install/rosidl_cmake/share/rosidl_cmake/cmake/rosidl_cmake-extras.cmake.in
[0.909s] -- Up-to-date: /opt/workspace/install/rosidl_cmake/share/rosidl_cmake/cmake/rosidl_cmake_export_typesupport_libraries-extras.cmake.in
[0.909s] -- Up-to-date: /opt/workspace/install/rosidl_cmake/share/rosidl_cmake/cmake/rosidl_export_typesupport_libraries.cmake
[0.910s] -- Up-to-date: /opt/workspace/install/rosidl_cmake/share/rosidl_cmake/cmake/string_camel_case_to_lower_case_underscore.cmake
[0.910s] -- Up-to-date: /opt/workspace/install/rosidl_cmake/share/rosidl_cmake/cmake/rosidl_write_generator_arguments.cmake
[0.910s] -- Up-to-date: /opt/workspace/install/rosidl_cmake/share/rosidl_cmake/cmake/rosidl_cmake_package_hook.cmake
[0.910s] -- Up-to-date: /opt/workspace/install/rosidl_cmake/share/rosidl_cmake/cmake/rosidl_cmake_export_typesupport_libraries_package_hook.cmake
[0.910s] -- Up-to-date: /opt/workspace/install/rosidl_cmake/share/rosidl_cmake/cmake/rosidl_generate_interfaces.cmake
