[0.422s] [36mInstall the project...[0m
[0.446s] -- Install configuration: ""
[0.447s] -- Up-to-date: /opt/workspace/install/ament_cmake_export_definitions/share/ament_index/resource_index/package_run_dependencies/ament_cmake_export_definitions
[0.447s] -- Up-to-date: /opt/workspace/install/ament_cmake_export_definitions/share/ament_index/resource_index/parent_prefix_path/ament_cmake_export_definitions
[0.448s] -- Up-to-date: /opt/workspace/install/ament_cmake_export_definitions/share/ament_cmake_export_definitions/environment/ament_prefix_path.sh
[0.453s] -- Up-to-date: /opt/workspace/install/ament_cmake_export_definitions/share/ament_cmake_export_definitions/environment/ament_prefix_path.dsv
[0.458s] -- Up-to-date: /opt/workspace/install/ament_cmake_export_definitions/share/ament_cmake_export_definitions/environment/path.sh
[0.458s] -- Up-to-date: /opt/workspace/install/ament_cmake_export_definitions/share/ament_cmake_export_definitions/environment/path.dsv
[0.459s] -- Up-to-date: /opt/workspace/install/ament_cmake_export_definitions/share/ament_cmake_export_definitions/local_setup.bash
[0.459s] -- Up-to-date: /opt/workspace/install/ament_cmake_export_definitions/share/ament_cmake_export_definitions/local_setup.sh
[0.462s] -- Up-to-date: /opt/workspace/install/ament_cmake_export_definitions/share/ament_cmake_export_definitions/local_setup.zsh
[0.462s] -- Up-to-date: /opt/workspace/install/ament_cmake_export_definitions/share/ament_cmake_export_definitions/local_setup.dsv
[0.465s] -- Up-to-date: /opt/workspace/install/ament_cmake_export_definitions/share/ament_cmake_export_definitions/package.dsv
[0.465s] -- Up-to-date: /opt/workspace/install/ament_cmake_export_definitions/share/ament_index/resource_index/packages/ament_cmake_export_definitions
[0.466s] -- Up-to-date: /opt/workspace/install/ament_cmake_export_definitions/share/ament_cmake_export_definitions/cmake/ament_cmake_export_definitions-extras.cmake
[0.466s] -- Up-to-date: /opt/workspace/install/ament_cmake_export_definitions/share/ament_cmake_export_definitions/cmake/ament_cmake_export_definitionsConfig.cmake
[0.466s] -- Up-to-date: /opt/workspace/install/ament_cmake_export_definitions/share/ament_cmake_export_definitions/cmake/ament_cmake_export_definitionsConfig-version.cmake
[0.467s] -- Up-to-date: /opt/workspace/install/ament_cmake_export_definitions/share/ament_cmake_export_definitions/package.xml
[0.467s] -- Up-to-date: /opt/workspace/install/ament_cmake_export_definitions/share/ament_cmake_export_definitions/cmake
[0.468s] -- Up-to-date: /opt/workspace/install/ament_cmake_export_definitions/share/ament_cmake_export_definitions/cmake/ament_cmake_export_definitions-extras.cmake.in
[0.470s] -- Up-to-date: /opt/workspace/install/ament_cmake_export_definitions/share/ament_cmake_export_definitions/cmake/ament_export_definitions.cmake
[0.471s] -- Up-to-date: /opt/workspace/install/ament_cmake_export_definitions/share/ament_cmake_export_definitions/cmake/ament_cmake_export_definitions_package_hook.cmake
