[0.290s] -- The C compiler identification is GNU 7.4.0
[0.406s] -- The CXX compiler identification is GNU 7.4.0
[0.413s] -- Check for working C compiler: /usr/bin/cc
[0.514s] -- Check for working C compiler: /usr/bin/cc -- works
[0.516s] -- Detecting C compiler ABI info
[0.655s] -- Detecting C compiler ABI info - done
[0.668s] -- Detecting C compile features
[1.094s] -- Detecting C compile features - done
[1.099s] -- Check for working CXX compiler: /usr/bin/c++
[1.234s] -- Check for working CXX compiler: /usr/bin/c++ -- works
[1.237s] -- Detecting CXX compiler ABI info
[1.393s] -- Detecting CXX compiler ABI info - done
[1.403s] -- Detecting CXX compile features
[2.108s] -- Detecting CXX compile features - done
[2.116s] -- Found ament_cmake_ros: 0.8.0 (/opt/workspace/install/ament_cmake_ros/share/ament_cmake_ros/cmake)
[2.232s] -- Found PythonInterp: /usr/bin/python3 (found suitable version "3.6.9", minimum required is "3") 
[2.233s] -- Using PYTHON_EXECUTABLE: /usr/bin/python3
[2.833s] -- Found rcutils: 0.8.4 (/opt/workspace/install/rcutils/share/rcutils/cmake)
[2.839s] -- Found rmw_fastrtps_shared_cpp: 0.8.1 (/opt/workspace/install/rmw_fastrtps_shared_cpp/share/rmw_fastrtps_shared_cpp/cmake)
[2.870s] -- Found rosidl_adapter: 0.8.2 (/opt/workspace/install/rosidl_adapter/share/rosidl_adapter/cmake)
[2.889s] -- Found fastrtps_cmake_module: 0.8.0 (/opt/workspace/install/fastrtps_cmake_module/share/fastrtps_cmake_module/cmake)
[3.277s] -- Found OpenSSL: /usr/lib/x86_64-linux-gnu/libcrypto.so (found version "1.1.1") 
[3.361s] -- Found FastRTPS: /opt/workspace/install/fastrtps/include  
[3.510s] -- Found rosidl_typesupport_fastrtps_c: 0.8.0 (/opt/workspace/install/rosidl_typesupport_fastrtps_c/share/rosidl_typesupport_fastrtps_c/cmake)
[3.851s] -- Found ament_lint_auto: 0.8.1 (/opt/workspace/install/ament_lint_auto/share/ament_lint_auto/cmake)
[4.139s] -- Added test 'copyright' to check for copyright in CMake / C / C++ / Python code
[4.147s] -- Added test 'cppcheck' to perform static code analysis on C / C++ code
[4.148s] -- Configured cppcheck include dirs: /opt/workspace/src/ros2/rmw_fastrtps/rmw_fastrtps_cpp/include
[4.156s] -- Added test 'cpplint' to check C / C++ code against the Google style
[4.160s] -- Added test 'lint_cmake' to check CMake code style
[4.168s] -- Added test 'uncrustify' to check C / C++ code style
[4.171s] -- Added test 'xmllint' to check XML markup files
[4.186s] -- Configuring done
[4.246s] -- Generating done
[4.250s] -- Build files have been written to: /opt/workspace/build/rmw_fastrtps_cpp
[4.523s] [35m[1mScanning dependencies of target rmw_fastrtps_cpp[0m
[4.735s] [  2%] [32mBuilding CXX object CMakeFiles/rmw_fastrtps_cpp.dir/src/get_client.cpp.o[0m
[7.570s] [  5%] [32mBuilding CXX object CMakeFiles/rmw_fastrtps_cpp.dir/src/rmw_client.cpp.o[0m
[10.356s] [  8%] [32mBuilding CXX object CMakeFiles/rmw_fastrtps_cpp.dir/src/rmw_compare_gids_equal.cpp.o[0m
[10.710s] [ 11%] [32mBuilding CXX object CMakeFiles/rmw_fastrtps_cpp.dir/src/rmw_count.cpp.o[0m
[11.058s] [ 14%] [32mBuilding CXX object CMakeFiles/rmw_fastrtps_cpp.dir/src/rmw_get_gid_for_publisher.cpp.o[0m
[11.151s] [ 17%] [32mBuilding CXX object CMakeFiles/rmw_fastrtps_cpp.dir/src/rmw_get_implementation_identifier.cpp.o[0m
[11.217s] [ 20%] [32mBuilding CXX object CMakeFiles/rmw_fastrtps_cpp.dir/src/rmw_get_serialization_format.cpp.o[0m
[11.302s] [ 22%] [32mBuilding CXX object CMakeFiles/rmw_fastrtps_cpp.dir/src/rmw_guard_condition.cpp.o[0m
[11.809s] [ 25%] [32mBuilding CXX object CMakeFiles/rmw_fastrtps_cpp.dir/src/rmw_init.cpp.o[0m
[12.219s] [ 28%] [32mBuilding CXX object CMakeFiles/rmw_fastrtps_cpp.dir/src/rmw_node.cpp.o[0m
[12.654s] [ 31%] [32mBuilding CXX object CMakeFiles/rmw_fastrtps_cpp.dir/src/rmw_node_info_and_types.cpp.o[0m
[12.752s] [ 34%] [32mBuilding CXX object CMakeFiles/rmw_fastrtps_cpp.dir/src/rmw_node_names.cpp.o[0m
[12.976s] [ 37%] [32mBuilding CXX object CMakeFiles/rmw_fastrtps_cpp.dir/src/rmw_publish.cpp.o[0m
[13.381s] [ 40%] [32mBuilding CXX object CMakeFiles/rmw_fastrtps_cpp.dir/src/rmw_publisher.cpp.o[0m
[14.404s] [ 42%] [32mBuilding CXX object CMakeFiles/rmw_fastrtps_cpp.dir/src/rmw_request.cpp.o[0m
[14.505s] [ 45%] [32mBuilding CXX object CMakeFiles/rmw_fastrtps_cpp.dir/src/rmw_logging.cpp.o[0m
[14.602s] [ 48%] [32mBuilding CXX object CMakeFiles/rmw_fastrtps_cpp.dir/src/rmw_response.cpp.o[0m
[14.712s] [ 51%] [32mBuilding CXX object CMakeFiles/rmw_fastrtps_cpp.dir/src/rmw_serialize.cpp.o[0m
[15.787s] [ 54%] [32mBuilding CXX object CMakeFiles/rmw_fastrtps_cpp.dir/src/rmw_service.cpp.o[0m
[15.859s] [ 57%] [32mBuilding CXX object CMakeFiles/rmw_fastrtps_cpp.dir/src/identifier.cpp.o[0m
[16.002s] [ 60%] [32mBuilding CXX object CMakeFiles/rmw_fastrtps_cpp.dir/src/get_subscriber.cpp.o[0m
[16.956s] [ 62%] [32mBuilding CXX object CMakeFiles/rmw_fastrtps_cpp.dir/src/rmw_service_names_and_types.cpp.o[0m
[17.118s] [ 65%] [32mBuilding CXX object CMakeFiles/rmw_fastrtps_cpp.dir/src/rmw_service_server_is_available.cpp.o[0m
[17.242s] [ 68%] [32mBuilding CXX object CMakeFiles/rmw_fastrtps_cpp.dir/src/rmw_subscription.cpp.o[0m
[18.148s] [ 71%] [32mBuilding CXX object CMakeFiles/rmw_fastrtps_cpp.dir/src/rmw_take.cpp.o[0m
[18.422s] [ 74%] [32mBuilding CXX object CMakeFiles/rmw_fastrtps_cpp.dir/src/rmw_topic_names_and_types.cpp.o[0m
[23.284s] [ 77%] [32mBuilding CXX object CMakeFiles/rmw_fastrtps_cpp.dir/src/serialization_format.cpp.o[0m
[23.322s] [ 80%] [32mBuilding CXX object CMakeFiles/rmw_fastrtps_cpp.dir/src/type_support_common.cpp.o[0m
[25.022s] [ 82%] [32mBuilding CXX object CMakeFiles/rmw_fastrtps_cpp.dir/src/rmw_wait_set.cpp.o[0m
[25.133s] [ 85%] [32mBuilding CXX object CMakeFiles/rmw_fastrtps_cpp.dir/src/rmw_wait.cpp.o[0m
[25.239s] [ 88%] [32mBuilding CXX object CMakeFiles/rmw_fastrtps_cpp.dir/src/rmw_trigger_guard_condition.cpp.o[0m
[25.328s] [ 91%] [32mBuilding CXX object CMakeFiles/rmw_fastrtps_cpp.dir/src/get_service.cpp.o[0m
[27.228s] [ 94%] [32mBuilding CXX object CMakeFiles/rmw_fastrtps_cpp.dir/src/get_publisher.cpp.o[0m
[29.191s] [ 97%] [32mBuilding CXX object CMakeFiles/rmw_fastrtps_cpp.dir/src/get_participant.cpp.o[0m
[31.432s] [100%] [32m[1mLinking CXX shared library librmw_fastrtps_cpp.so[0m
[31.671s] [100%] Built target rmw_fastrtps_cpp
[32.006s] [100%] Built target rmw_fastrtps_cpp
[32.040s] [36mInstall the project...[0m
[32.053s] -- Install configuration: ""
[32.054s] -- Installing: /opt/workspace/install/rmw_fastrtps_cpp/share/rmw_fastrtps_cpp/environment/library_path.sh
[32.054s] -- Installing: /opt/workspace/install/rmw_fastrtps_cpp/share/rmw_fastrtps_cpp/environment/library_path.dsv
[32.054s] -- Installing: /opt/workspace/install/rmw_fastrtps_cpp/share/ament_index/resource_index/rmw_typesupport_c/rmw_fastrtps_cpp
[32.055s] -- Installing: /opt/workspace/install/rmw_fastrtps_cpp/share/ament_index/resource_index/rmw_typesupport_cpp/rmw_fastrtps_cpp
[32.055s] -- Installing: /opt/workspace/install/rmw_fastrtps_cpp/share/ament_index/resource_index/rmw_typesupport/rmw_fastrtps_cpp
[32.055s] -- Installing: /opt/workspace/install/rmw_fastrtps_cpp/share/ament_index/resource_index/package_run_dependencies/rmw_fastrtps_cpp
[32.055s] -- Installing: /opt/workspace/install/rmw_fastrtps_cpp/share/ament_index/resource_index/parent_prefix_path/rmw_fastrtps_cpp
[32.056s] -- Installing: /opt/workspace/install/rmw_fastrtps_cpp/share/rmw_fastrtps_cpp/environment/ament_prefix_path.sh
[32.056s] -- Installing: /opt/workspace/install/rmw_fastrtps_cpp/share/rmw_fastrtps_cpp/environment/ament_prefix_path.dsv
[32.056s] -- Installing: /opt/workspace/install/rmw_fastrtps_cpp/share/rmw_fastrtps_cpp/environment/path.sh
[32.056s] -- Installing: /opt/workspace/install/rmw_fastrtps_cpp/share/rmw_fastrtps_cpp/environment/path.dsv
[32.057s] -- Installing: /opt/workspace/install/rmw_fastrtps_cpp/share/rmw_fastrtps_cpp/local_setup.bash
[32.057s] -- Installing: /opt/workspace/install/rmw_fastrtps_cpp/share/rmw_fastrtps_cpp/local_setup.sh
[32.057s] -- Installing: /opt/workspace/install/rmw_fastrtps_cpp/share/rmw_fastrtps_cpp/local_setup.zsh
[32.057s] -- Installing: /opt/workspace/install/rmw_fastrtps_cpp/share/rmw_fastrtps_cpp/local_setup.dsv
[32.057s] -- Installing: /opt/workspace/install/rmw_fastrtps_cpp/share/rmw_fastrtps_cpp/package.dsv
[32.058s] -- Installing: /opt/workspace/install/rmw_fastrtps_cpp/share/ament_index/resource_index/packages/rmw_fastrtps_cpp
[32.058s] -- Installing: /opt/workspace/install/rmw_fastrtps_cpp/share/rmw_fastrtps_cpp/cmake/ament_cmake_export_include_directories-extras.cmake
[32.059s] -- Installing: /opt/workspace/install/rmw_fastrtps_cpp/share/rmw_fastrtps_cpp/cmake/ament_cmake_export_libraries-extras.cmake
[32.059s] -- Installing: /opt/workspace/install/rmw_fastrtps_cpp/share/rmw_fastrtps_cpp/cmake/ament_cmake_export_dependencies-extras.cmake
[32.059s] -- Installing: /opt/workspace/install/rmw_fastrtps_cpp/share/rmw_fastrtps_cpp/cmake/rmw_fastrtps_cpp-extras.cmake
[32.059s] -- Installing: /opt/workspace/install/rmw_fastrtps_cpp/share/rmw_fastrtps_cpp/cmake/rmw_fastrtps_cppConfig.cmake
[32.059s] -- Installing: /opt/workspace/install/rmw_fastrtps_cpp/share/rmw_fastrtps_cpp/cmake/rmw_fastrtps_cppConfig-version.cmake
[32.060s] -- Installing: /opt/workspace/install/rmw_fastrtps_cpp/share/rmw_fastrtps_cpp/package.xml
[32.060s] -- Installing: /opt/workspace/install/rmw_fastrtps_cpp/include
[32.060s] -- Installing: /opt/workspace/install/rmw_fastrtps_cpp/include/rmw_fastrtps_cpp
[32.060s] -- Installing: /opt/workspace/install/rmw_fastrtps_cpp/include/rmw_fastrtps_cpp/identifier.hpp
[32.061s] -- Installing: /opt/workspace/install/rmw_fastrtps_cpp/include/rmw_fastrtps_cpp/TypeSupport.hpp
[32.061s] -- Installing: /opt/workspace/install/rmw_fastrtps_cpp/include/rmw_fastrtps_cpp/ServiceTypeSupport.hpp
[32.061s] -- Installing: /opt/workspace/install/rmw_fastrtps_cpp/include/rmw_fastrtps_cpp/visibility_control.h
[32.061s] -- Installing: /opt/workspace/install/rmw_fastrtps_cpp/include/rmw_fastrtps_cpp/get_publisher.hpp
[32.061s] -- Installing: /opt/workspace/install/rmw_fastrtps_cpp/include/rmw_fastrtps_cpp/serialization_format.hpp
[32.062s] -- Installing: /opt/workspace/install/rmw_fastrtps_cpp/include/rmw_fastrtps_cpp/get_service.hpp
[32.062s] -- Installing: /opt/workspace/install/rmw_fastrtps_cpp/include/rmw_fastrtps_cpp/MessageTypeSupport.hpp
[32.062s] -- Installing: /opt/workspace/install/rmw_fastrtps_cpp/include/rmw_fastrtps_cpp/get_client.hpp
[32.062s] -- Installing: /opt/workspace/install/rmw_fastrtps_cpp/include/rmw_fastrtps_cpp/get_participant.hpp
[32.062s] -- Installing: /opt/workspace/install/rmw_fastrtps_cpp/include/rmw_fastrtps_cpp/get_subscriber.hpp
[32.063s] -- Installing: /opt/workspace/install/rmw_fastrtps_cpp/lib/librmw_fastrtps_cpp.so
[32.063s] -- Set runtime path of "/opt/workspace/install/rmw_fastrtps_cpp/lib/librmw_fastrtps_cpp.so" to ""
