Determining if the pthread_create exist failed with the following output:
Change Dir: /opt/workspace/build/examples_rclcpp_minimal_composition/CMakeFiles/CMakeTmp

Run Build Command:"/usr/bin/make" "cmTC_0fd2d/fast"
/usr/bin/make -f CMakeFiles/cmTC_0fd2d.dir/build.make CMakeFiles/cmTC_0fd2d.dir/build
make[1]: Entering directory '/opt/workspace/build/examples_rclcpp_minimal_composition/CMakeFiles/CMakeTmp'
Building C object CMakeFiles/cmTC_0fd2d.dir/CheckSymbolExists.c.o
/usr/bin/cc    -o CMakeFiles/cmTC_0fd2d.dir/CheckSymbolExists.c.o   -c /opt/workspace/build/examples_rclcpp_minimal_composition/CMakeFiles/CMakeTmp/CheckSymbolExists.c
Linking C executable cmTC_0fd2d
/usr/bin/cmake -E cmake_link_script CMakeFiles/cmTC_0fd2d.dir/link.txt --verbose=1
/usr/bin/cc      CMakeFiles/cmTC_0fd2d.dir/CheckSymbolExists.c.o  -o cmTC_0fd2d 
CMakeFiles/cmTC_0fd2d.dir/CheckSymbolExists.c.o: In function `main':
CheckSymbolExists.c:(.text+0x1b): undefined reference to `pthread_create'
collect2: error: ld returned 1 exit status
CMakeFiles/cmTC_0fd2d.dir/build.make:97: recipe for target 'cmTC_0fd2d' failed
make[1]: *** [cmTC_0fd2d] Error 1
make[1]: Leaving directory '/opt/workspace/build/examples_rclcpp_minimal_composition/CMakeFiles/CMakeTmp'
Makefile:126: recipe for target 'cmTC_0fd2d/fast' failed
make: *** [cmTC_0fd2d/fast] Error 2

File /opt/workspace/build/examples_rclcpp_minimal_composition/CMakeFiles/CMakeTmp/CheckSymbolExists.c:
/* */
#include <pthread.h>

int main(int argc, char** argv)
{
  (void)argv;
#ifndef pthread_create
  return ((int*)(&pthread_create))[argc];
#else
  (void)argc;
  return 0;
#endif
}

Determining if the function pthread_create exists in the pthreads failed with the following output:
Change Dir: /opt/workspace/build/examples_rclcpp_minimal_composition/CMakeFiles/CMakeTmp

Run Build Command:"/usr/bin/make" "cmTC_7d2af/fast"
/usr/bin/make -f CMakeFiles/cmTC_7d2af.dir/build.make CMakeFiles/cmTC_7d2af.dir/build
make[1]: Entering directory '/opt/workspace/build/examples_rclcpp_minimal_composition/CMakeFiles/CMakeTmp'
Building C object CMakeFiles/cmTC_7d2af.dir/CheckFunctionExists.c.o
/usr/bin/cc   -DCHECK_FUNCTION_EXISTS=pthread_create   -o CMakeFiles/cmTC_7d2af.dir/CheckFunctionExists.c.o   -c /usr/share/cmake-3.10/Modules/CheckFunctionExists.c
Linking C executable cmTC_7d2af
/usr/bin/cmake -E cmake_link_script CMakeFiles/cmTC_7d2af.dir/link.txt --verbose=1
/usr/bin/cc  -DCHECK_FUNCTION_EXISTS=pthread_create    CMakeFiles/cmTC_7d2af.dir/CheckFunctionExists.c.o  -o cmTC_7d2af -lpthreads 
/usr/bin/ld: cannot find -lpthreads
collect2: error: ld returned 1 exit status
CMakeFiles/cmTC_7d2af.dir/build.make:97: recipe for target 'cmTC_7d2af' failed
make[1]: *** [cmTC_7d2af] Error 1
make[1]: Leaving directory '/opt/workspace/build/examples_rclcpp_minimal_composition/CMakeFiles/CMakeTmp'
Makefile:126: recipe for target 'cmTC_7d2af/fast' failed
make: *** [cmTC_7d2af/fast] Error 2


