/opt/workspace/install/ros2doctor/lib/python3.6/site-packages/ros2doctor/__init__.py
/opt/workspace/install/ros2doctor/lib/python3.6/site-packages/ros2doctor/api/rmw.py
/opt/workspace/install/ros2doctor/lib/python3.6/site-packages/ros2doctor/api/network.py
/opt/workspace/install/ros2doctor/lib/python3.6/site-packages/ros2doctor/api/__init__.py
/opt/workspace/install/ros2doctor/lib/python3.6/site-packages/ros2doctor/api/format.py
/opt/workspace/install/ros2doctor/lib/python3.6/site-packages/ros2doctor/api/topic.py
/opt/workspace/install/ros2doctor/lib/python3.6/site-packages/ros2doctor/api/platform.py
/opt/workspace/install/ros2doctor/lib/python3.6/site-packages/ros2doctor/command/__init__.py
/opt/workspace/install/ros2doctor/lib/python3.6/site-packages/ros2doctor/command/doctor.py
/opt/workspace/install/ros2doctor/lib/python3.6/site-packages/ros2doctor/__pycache__/__init__.cpython-36.pyc
/opt/workspace/install/ros2doctor/lib/python3.6/site-packages/ros2doctor/api/__pycache__/rmw.cpython-36.pyc
/opt/workspace/install/ros2doctor/lib/python3.6/site-packages/ros2doctor/api/__pycache__/network.cpython-36.pyc
/opt/workspace/install/ros2doctor/lib/python3.6/site-packages/ros2doctor/api/__pycache__/__init__.cpython-36.pyc
/opt/workspace/install/ros2doctor/lib/python3.6/site-packages/ros2doctor/api/__pycache__/format.cpython-36.pyc
/opt/workspace/install/ros2doctor/lib/python3.6/site-packages/ros2doctor/api/__pycache__/topic.cpython-36.pyc
/opt/workspace/install/ros2doctor/lib/python3.6/site-packages/ros2doctor/api/__pycache__/platform.cpython-36.pyc
/opt/workspace/install/ros2doctor/lib/python3.6/site-packages/ros2doctor/command/__pycache__/__init__.cpython-36.pyc
/opt/workspace/install/ros2doctor/lib/python3.6/site-packages/ros2doctor/command/__pycache__/doctor.cpython-36.pyc
/opt/workspace/install/ros2doctor/share/ros2doctor/package.xml
/opt/workspace/install/ros2doctor/share/ament_index/resource_index/packages/ros2doctor
/opt/workspace/install/ros2doctor/lib/python3.6/site-packages/ros2doctor-0.8.7-py3.6.egg-info/dependency_links.txt
/opt/workspace/install/ros2doctor/lib/python3.6/site-packages/ros2doctor-0.8.7-py3.6.egg-info/zip-safe
/opt/workspace/install/ros2doctor/lib/python3.6/site-packages/ros2doctor-0.8.7-py3.6.egg-info/top_level.txt
/opt/workspace/install/ros2doctor/lib/python3.6/site-packages/ros2doctor-0.8.7-py3.6.egg-info/entry_points.txt
/opt/workspace/install/ros2doctor/lib/python3.6/site-packages/ros2doctor-0.8.7-py3.6.egg-info/requires.txt
/opt/workspace/install/ros2doctor/lib/python3.6/site-packages/ros2doctor-0.8.7-py3.6.egg-info/PKG-INFO
/opt/workspace/install/ros2doctor/lib/python3.6/site-packages/ros2doctor-0.8.7-py3.6.egg-info/SOURCES.txt
