/opt/workspace/install/examples_tf2_py/lib/python3.6/site-packages/examples_tf2_py/__init__.py
/opt/workspace/install/examples_tf2_py/lib/python3.6/site-packages/examples_tf2_py/async_waits_for_transform.py
/opt/workspace/install/examples_tf2_py/lib/python3.6/site-packages/examples_tf2_py/frame_dumper.py
/opt/workspace/install/examples_tf2_py/lib/python3.6/site-packages/examples_tf2_py/waits_for_transform.py
/opt/workspace/install/examples_tf2_py/lib/python3.6/site-packages/examples_tf2_py/dynamic_broadcaster.py
/opt/workspace/install/examples_tf2_py/lib/python3.6/site-packages/examples_tf2_py/blocking_waits_for_transform.py
/opt/workspace/install/examples_tf2_py/lib/python3.6/site-packages/examples_tf2_py/static_broadcaster.py
/opt/workspace/install/examples_tf2_py/lib/python3.6/site-packages/examples_tf2_py/__pycache__/__init__.cpython-36.pyc
/opt/workspace/install/examples_tf2_py/lib/python3.6/site-packages/examples_tf2_py/__pycache__/async_waits_for_transform.cpython-36.pyc
/opt/workspace/install/examples_tf2_py/lib/python3.6/site-packages/examples_tf2_py/__pycache__/frame_dumper.cpython-36.pyc
/opt/workspace/install/examples_tf2_py/lib/python3.6/site-packages/examples_tf2_py/__pycache__/waits_for_transform.cpython-36.pyc
/opt/workspace/install/examples_tf2_py/lib/python3.6/site-packages/examples_tf2_py/__pycache__/dynamic_broadcaster.cpython-36.pyc
/opt/workspace/install/examples_tf2_py/lib/python3.6/site-packages/examples_tf2_py/__pycache__/blocking_waits_for_transform.cpython-36.pyc
/opt/workspace/install/examples_tf2_py/lib/python3.6/site-packages/examples_tf2_py/__pycache__/static_broadcaster.cpython-36.pyc
/opt/workspace/install/examples_tf2_py/share/ament_index/resource_index/packages/examples_tf2_py
/opt/workspace/install/examples_tf2_py/share/examples_tf2_py/package.xml
/opt/workspace/install/examples_tf2_py/share/examples_tf2_py/launch/broadcasters.launch.xml
/opt/workspace/install/examples_tf2_py/lib/python3.6/site-packages/examples_tf2_py-0.12.5-py3.6.egg-info/dependency_links.txt
/opt/workspace/install/examples_tf2_py/lib/python3.6/site-packages/examples_tf2_py-0.12.5-py3.6.egg-info/zip-safe
/opt/workspace/install/examples_tf2_py/lib/python3.6/site-packages/examples_tf2_py-0.12.5-py3.6.egg-info/top_level.txt
/opt/workspace/install/examples_tf2_py/lib/python3.6/site-packages/examples_tf2_py-0.12.5-py3.6.egg-info/entry_points.txt
/opt/workspace/install/examples_tf2_py/lib/python3.6/site-packages/examples_tf2_py-0.12.5-py3.6.egg-info/requires.txt
/opt/workspace/install/examples_tf2_py/lib/python3.6/site-packages/examples_tf2_py-0.12.5-py3.6.egg-info/PKG-INFO
/opt/workspace/install/examples_tf2_py/lib/python3.6/site-packages/examples_tf2_py-0.12.5-py3.6.egg-info/SOURCES.txt
/opt/workspace/install/examples_tf2_py/lib/examples_tf2_py/async_waits_for_transform
/opt/workspace/install/examples_tf2_py/lib/examples_tf2_py/blocking_waits_for_transform
/opt/workspace/install/examples_tf2_py/lib/examples_tf2_py/dynamic_broadcaster
/opt/workspace/install/examples_tf2_py/lib/examples_tf2_py/frame_dumper
/opt/workspace/install/examples_tf2_py/lib/examples_tf2_py/static_broadcaster
/opt/workspace/install/examples_tf2_py/lib/examples_tf2_py/waits_for_transform
