[0.884s] [36mInstall the project...[0m
[0.932s] -- Install configuration: ""
[0.937s] -- Up-to-date: /opt/workspace/install/connext_cmake_module/share/ament_index/resource_index/package_run_dependencies/connext_cmake_module
[0.937s] -- Up-to-date: /opt/workspace/install/connext_cmake_module/share/ament_index/resource_index/parent_prefix_path/connext_cmake_module
[0.938s] -- Up-to-date: /opt/workspace/install/connext_cmake_module/share/connext_cmake_module/environment/ament_prefix_path.sh
[0.938s] -- Up-to-date: /opt/workspace/install/connext_cmake_module/share/connext_cmake_module/environment/ament_prefix_path.dsv
[0.939s] -- Up-to-date: /opt/workspace/install/connext_cmake_module/share/connext_cmake_module/environment/path.sh
[0.943s] -- Up-to-date: /opt/workspace/install/connext_cmake_module/share/connext_cmake_module/environment/path.dsv
[0.943s] -- Up-to-date: /opt/workspace/install/connext_cmake_module/share/connext_cmake_module/local_setup.bash
[0.944s] -- Up-to-date: /opt/workspace/install/connext_cmake_module/share/connext_cmake_module/local_setup.sh
[0.944s] -- Up-to-date: /opt/workspace/install/connext_cmake_module/share/connext_cmake_module/local_setup.zsh
[0.944s] -- Up-to-date: /opt/workspace/install/connext_cmake_module/share/connext_cmake_module/local_setup.dsv
[0.945s] -- Up-to-date: /opt/workspace/install/connext_cmake_module/share/connext_cmake_module/package.dsv
[0.945s] -- Up-to-date: /opt/workspace/install/connext_cmake_module/share/ament_index/resource_index/packages/connext_cmake_module
[0.945s] -- Up-to-date: /opt/workspace/install/connext_cmake_module/share/connext_cmake_module/cmake/connext_cmake_module-extras.cmake
[0.945s] -- Up-to-date: /opt/workspace/install/connext_cmake_module/share/connext_cmake_module/cmake/connext_cmake_moduleConfig.cmake
[0.946s] -- Up-to-date: /opt/workspace/install/connext_cmake_module/share/connext_cmake_module/cmake/connext_cmake_moduleConfig-version.cmake
[0.946s] -- Up-to-date: /opt/workspace/install/connext_cmake_module/share/connext_cmake_module/package.xml
[0.949s] -- Up-to-date: /opt/workspace/install/connext_cmake_module/share/connext_cmake_module/cmake
[0.949s] -- Up-to-date: /opt/workspace/install/connext_cmake_module/share/connext_cmake_module/cmake/Modules
[0.949s] -- Up-to-date: /opt/workspace/install/connext_cmake_module/share/connext_cmake_module/cmake/Modules/FindConnext.cmake
[0.950s] -- Up-to-date: /opt/workspace/install/connext_cmake_module/share/connext_cmake_module/cmake/check_abi.cpp
[0.950s] -- Up-to-date: /opt/workspace/install/connext_cmake_module/share/connext_cmake_module/cmake/check_abi.cmake
