[4.862s] running egg_info
[4.864s] creating /opt/workspace/build/ros2cli/ros2cli.egg-info
[4.865s] writing /opt/workspace/build/ros2cli/ros2cli.egg-info/PKG-INFO
[4.866s] writing dependency_links to /opt/workspace/build/ros2cli/ros2cli.egg-info/dependency_links.txt
[4.867s] writing entry points to /opt/workspace/build/ros2cli/ros2cli.egg-info/entry_points.txt
[4.867s] writing requirements to /opt/workspace/build/ros2cli/ros2cli.egg-info/requires.txt
[4.868s] writing top-level names to /opt/workspace/build/ros2cli/ros2cli.egg-info/top_level.txt
[4.884s] writing manifest file '/opt/workspace/build/ros2cli/ros2cli.egg-info/SOURCES.txt'
[4.979s] reading manifest file '/opt/workspace/build/ros2cli/ros2cli.egg-info/SOURCES.txt'
[4.982s] writing manifest file '/opt/workspace/build/ros2cli/ros2cli.egg-info/SOURCES.txt'
[4.983s] running build
[4.983s] running build_py
[4.984s] creating /opt/workspace/build/ros2cli/build
[4.984s] creating /opt/workspace/build/ros2cli/build/lib
[4.985s] creating /opt/workspace/build/ros2cli/build/lib/ros2cli
[4.985s] copying ros2cli/__init__.py -> /opt/workspace/build/ros2cli/build/lib/ros2cli
[4.986s] copying ros2cli/entry_points.py -> /opt/workspace/build/ros2cli/build/lib/ros2cli
[4.987s] copying ros2cli/plugin_system.py -> /opt/workspace/build/ros2cli/build/lib/ros2cli
[4.988s] copying ros2cli/cli.py -> /opt/workspace/build/ros2cli/build/lib/ros2cli
[4.989s] creating /opt/workspace/build/ros2cli/build/lib/ros2cli/verb
[4.989s] copying ros2cli/verb/__init__.py -> /opt/workspace/build/ros2cli/build/lib/ros2cli/verb
[4.990s] creating /opt/workspace/build/ros2cli/build/lib/ros2cli/command
[4.991s] copying ros2cli/command/__init__.py -> /opt/workspace/build/ros2cli/build/lib/ros2cli/command
[4.992s] copying ros2cli/command/extensions.py -> /opt/workspace/build/ros2cli/build/lib/ros2cli/command
[4.992s] copying ros2cli/command/extension_points.py -> /opt/workspace/build/ros2cli/build/lib/ros2cli/command
[4.993s] copying ros2cli/command/daemon.py -> /opt/workspace/build/ros2cli/build/lib/ros2cli/command
[4.994s] creating /opt/workspace/build/ros2cli/build/lib/ros2cli/daemon
[4.995s] copying ros2cli/daemon/__init__.py -> /opt/workspace/build/ros2cli/build/lib/ros2cli/daemon
[4.995s] creating /opt/workspace/build/ros2cli/build/lib/ros2cli/node
[4.996s] copying ros2cli/node/__init__.py -> /opt/workspace/build/ros2cli/build/lib/ros2cli/node
[4.997s] copying ros2cli/node/daemon.py -> /opt/workspace/build/ros2cli/build/lib/ros2cli/node
[4.998s] copying ros2cli/node/strategy.py -> /opt/workspace/build/ros2cli/build/lib/ros2cli/node
[4.998s] copying ros2cli/node/direct.py -> /opt/workspace/build/ros2cli/build/lib/ros2cli/node
[4.999s] creating /opt/workspace/build/ros2cli/build/lib/ros2cli/verb/daemon
[5.000s] copying ros2cli/verb/daemon/start.py -> /opt/workspace/build/ros2cli/build/lib/ros2cli/verb/daemon
[5.001s] copying ros2cli/verb/daemon/__init__.py -> /opt/workspace/build/ros2cli/build/lib/ros2cli/verb/daemon
[5.001s] copying ros2cli/verb/daemon/status.py -> /opt/workspace/build/ros2cli/build/lib/ros2cli/verb/daemon
[5.002s] copying ros2cli/verb/daemon/stop.py -> /opt/workspace/build/ros2cli/build/lib/ros2cli/verb/daemon
[5.004s] running install
[5.007s] running install_lib
[5.009s] creating /opt/workspace/install/ros2cli/lib/python3.6/site-packages/ros2cli
[5.009s] copying /opt/workspace/build/ros2cli/build/lib/ros2cli/__init__.py -> /opt/workspace/install/ros2cli/lib/python3.6/site-packages/ros2cli
[5.010s] copying /opt/workspace/build/ros2cli/build/lib/ros2cli/entry_points.py -> /opt/workspace/install/ros2cli/lib/python3.6/site-packages/ros2cli
[5.011s] copying /opt/workspace/build/ros2cli/build/lib/ros2cli/plugin_system.py -> /opt/workspace/install/ros2cli/lib/python3.6/site-packages/ros2cli
[5.012s] creating /opt/workspace/install/ros2cli/lib/python3.6/site-packages/ros2cli/verb
[5.012s] copying /opt/workspace/build/ros2cli/build/lib/ros2cli/verb/__init__.py -> /opt/workspace/install/ros2cli/lib/python3.6/site-packages/ros2cli/verb
[5.013s] creating /opt/workspace/install/ros2cli/lib/python3.6/site-packages/ros2cli/verb/daemon
[5.014s] copying /opt/workspace/build/ros2cli/build/lib/ros2cli/verb/daemon/start.py -> /opt/workspace/install/ros2cli/lib/python3.6/site-packages/ros2cli/verb/daemon
[5.014s] copying /opt/workspace/build/ros2cli/build/lib/ros2cli/verb/daemon/__init__.py -> /opt/workspace/install/ros2cli/lib/python3.6/site-packages/ros2cli/verb/daemon
[5.015s] copying /opt/workspace/build/ros2cli/build/lib/ros2cli/verb/daemon/status.py -> /opt/workspace/install/ros2cli/lib/python3.6/site-packages/ros2cli/verb/daemon
[5.016s] copying /opt/workspace/build/ros2cli/build/lib/ros2cli/verb/daemon/stop.py -> /opt/workspace/install/ros2cli/lib/python3.6/site-packages/ros2cli/verb/daemon
[5.016s] copying /opt/workspace/build/ros2cli/build/lib/ros2cli/cli.py -> /opt/workspace/install/ros2cli/lib/python3.6/site-packages/ros2cli
[5.017s] creating /opt/workspace/install/ros2cli/lib/python3.6/site-packages/ros2cli/command
[5.018s] copying /opt/workspace/build/ros2cli/build/lib/ros2cli/command/__init__.py -> /opt/workspace/install/ros2cli/lib/python3.6/site-packages/ros2cli/command
[5.018s] copying /opt/workspace/build/ros2cli/build/lib/ros2cli/command/extensions.py -> /opt/workspace/install/ros2cli/lib/python3.6/site-packages/ros2cli/command
[5.019s] copying /opt/workspace/build/ros2cli/build/lib/ros2cli/command/extension_points.py -> /opt/workspace/install/ros2cli/lib/python3.6/site-packages/ros2cli/command
[5.020s] copying /opt/workspace/build/ros2cli/build/lib/ros2cli/command/daemon.py -> /opt/workspace/install/ros2cli/lib/python3.6/site-packages/ros2cli/command
[5.020s] creating /opt/workspace/install/ros2cli/lib/python3.6/site-packages/ros2cli/daemon
[5.021s] copying /opt/workspace/build/ros2cli/build/lib/ros2cli/daemon/__init__.py -> /opt/workspace/install/ros2cli/lib/python3.6/site-packages/ros2cli/daemon
[5.022s] creating /opt/workspace/install/ros2cli/lib/python3.6/site-packages/ros2cli/node
[5.022s] copying /opt/workspace/build/ros2cli/build/lib/ros2cli/node/__init__.py -> /opt/workspace/install/ros2cli/lib/python3.6/site-packages/ros2cli/node
[5.023s] copying /opt/workspace/build/ros2cli/build/lib/ros2cli/node/daemon.py -> /opt/workspace/install/ros2cli/lib/python3.6/site-packages/ros2cli/node
[5.024s] copying /opt/workspace/build/ros2cli/build/lib/ros2cli/node/strategy.py -> /opt/workspace/install/ros2cli/lib/python3.6/site-packages/ros2cli/node
[5.024s] copying /opt/workspace/build/ros2cli/build/lib/ros2cli/node/direct.py -> /opt/workspace/install/ros2cli/lib/python3.6/site-packages/ros2cli/node
[5.026s] byte-compiling /opt/workspace/install/ros2cli/lib/python3.6/site-packages/ros2cli/__init__.py to __init__.cpython-36.pyc
[5.027s] byte-compiling /opt/workspace/install/ros2cli/lib/python3.6/site-packages/ros2cli/entry_points.py to entry_points.cpython-36.pyc
[5.029s] byte-compiling /opt/workspace/install/ros2cli/lib/python3.6/site-packages/ros2cli/plugin_system.py to plugin_system.cpython-36.pyc
[5.031s] byte-compiling /opt/workspace/install/ros2cli/lib/python3.6/site-packages/ros2cli/verb/__init__.py to __init__.cpython-36.pyc
[5.032s] byte-compiling /opt/workspace/install/ros2cli/lib/python3.6/site-packages/ros2cli/verb/daemon/start.py to start.cpython-36.pyc
[5.033s] byte-compiling /opt/workspace/install/ros2cli/lib/python3.6/site-packages/ros2cli/verb/daemon/__init__.py to __init__.cpython-36.pyc
[5.034s] byte-compiling /opt/workspace/install/ros2cli/lib/python3.6/site-packages/ros2cli/verb/daemon/status.py to status.cpython-36.pyc
[5.035s] byte-compiling /opt/workspace/install/ros2cli/lib/python3.6/site-packages/ros2cli/verb/daemon/stop.py to stop.cpython-36.pyc
[5.036s] byte-compiling /opt/workspace/install/ros2cli/lib/python3.6/site-packages/ros2cli/cli.py to cli.cpython-36.pyc
[5.037s] byte-compiling /opt/workspace/install/ros2cli/lib/python3.6/site-packages/ros2cli/command/__init__.py to __init__.cpython-36.pyc
[5.039s] byte-compiling /opt/workspace/install/ros2cli/lib/python3.6/site-packages/ros2cli/command/extensions.py to extensions.cpython-36.pyc
[5.040s] byte-compiling /opt/workspace/install/ros2cli/lib/python3.6/site-packages/ros2cli/command/extension_points.py to extension_points.cpython-36.pyc
[5.042s] byte-compiling /opt/workspace/install/ros2cli/lib/python3.6/site-packages/ros2cli/command/daemon.py to daemon.cpython-36.pyc
[5.043s] byte-compiling /opt/workspace/install/ros2cli/lib/python3.6/site-packages/ros2cli/daemon/__init__.py to __init__.cpython-36.pyc
[5.046s] byte-compiling /opt/workspace/install/ros2cli/lib/python3.6/site-packages/ros2cli/node/__init__.py to __init__.cpython-36.pyc
[5.046s] byte-compiling /opt/workspace/install/ros2cli/lib/python3.6/site-packages/ros2cli/node/daemon.py to daemon.cpython-36.pyc
[5.050s] byte-compiling /opt/workspace/install/ros2cli/lib/python3.6/site-packages/ros2cli/node/strategy.py to strategy.cpython-36.pyc
[5.051s] byte-compiling /opt/workspace/install/ros2cli/lib/python3.6/site-packages/ros2cli/node/direct.py to direct.cpython-36.pyc
[5.052s] running install_data
[5.054s] creating /opt/workspace/install/ros2cli/share/ament_index
[5.054s] creating /opt/workspace/install/ros2cli/share/ament_index/resource_index
[5.055s] creating /opt/workspace/install/ros2cli/share/ament_index/resource_index/packages
[5.055s] copying resource/ros2cli -> /opt/workspace/install/ros2cli/share/ament_index/resource_index/packages
[5.056s] copying package.xml -> /opt/workspace/install/ros2cli/share/ros2cli
[5.057s] copying resource/package.dsv -> /opt/workspace/install/ros2cli/share/ros2cli
[5.058s] creating /opt/workspace/install/ros2cli/share/ros2cli/environment
[5.059s] copying completion/ros2-argcomplete.bash -> /opt/workspace/install/ros2cli/share/ros2cli/environment
[5.060s] copying completion/ros2-argcomplete.zsh -> /opt/workspace/install/ros2cli/share/ros2cli/environment
[5.060s] running install_egg_info
[5.065s] Copying /opt/workspace/build/ros2cli/ros2cli.egg-info to /opt/workspace/install/ros2cli/lib/python3.6/site-packages/ros2cli-0.8.7-py3.6.egg-info
[5.068s] running install_scripts
[5.122s] Installing _ros2_daemon script to /opt/workspace/install/ros2cli/bin
[5.123s] Installing ros2 script to /opt/workspace/install/ros2cli/bin
[5.125s] writing list of installed files to '/opt/workspace/build/ros2cli/install.log'
