[0.817s] -- The C compiler identification is GNU 7.4.0
[1.027s] -- The CXX compiler identification is GNU 7.4.0
[1.051s] -- Check for working C compiler: /usr/bin/cc
[1.490s] -- Check for working C compiler: /usr/bin/cc -- works
[1.491s] -- Detecting C compiler ABI info
[1.956s] -- Detecting C compiler ABI info - done
[1.980s] -- Detecting C compile features
[3.128s] -- Detecting C compile features - done
[3.132s] -- Check for working CXX compiler: /usr/bin/c++
[3.483s] -- Check for working CXX compiler: /usr/bin/c++ -- works
[3.485s] -- Detecting CXX compiler ABI info
[3.798s] -- Detecting CXX compiler ABI info - done
[3.826s] -- Detecting CXX compile features
[5.374s] -- Detecting CXX compile features - done
[5.386s] -- Found ament_cmake: 0.8.2 (/opt/workspace/install/ament_cmake/share/ament_cmake/cmake)
[5.477s] -- Found PythonInterp: /usr/bin/python3 (found suitable version "3.6.9", minimum required is "3") 
[5.478s] -- Using PYTHON_EXECUTABLE: /usr/bin/python3
[6.073s] -- Found rosidl_default_generators: 0.8.0 (/opt/workspace/install/rosidl_default_generators/share/rosidl_default_generators/cmake)
[6.421s] -- Found OpenSSL: /usr/lib/x86_64-linux-gnu/libcrypto.so (found version "1.1.1") 
[6.479s] -- Found FastRTPS: /opt/workspace/install/fastrtps/include  
[6.534s] -- Found rosidl_adapter: 0.8.2 (/opt/workspace/install/rosidl_adapter/share/rosidl_adapter/cmake)
[6.825s] -- Found PythonInterp: /usr/bin/python3 (found version "3.6.9") 
[7.342s] -- Using all available rosidl_typesupport_c: rosidl_typesupport_fastrtps_c;rosidl_typesupport_introspection_c
[7.441s] -- Using all available rosidl_typesupport_cpp: rosidl_typesupport_introspection_cpp;rosidl_typesupport_fastrtps_cpp
[8.226s] -- Found rmw_implementation_cmake: 0.8.1 (/opt/workspace/install/rmw_implementation_cmake/share/rmw_implementation_cmake/cmake)
[8.328s] -- Found PythonInterp: /usr/bin/python3 (found suitable version "3.6.9", minimum required is "3.5") 
[8.334s] -- Found python_cmake_module: 0.8.0 (/opt/workspace/install/python_cmake_module/share/python_cmake_module/cmake)
[8.414s] -- Found PythonLibs: /usr/lib/x86_64-linux-gnu/libpython3.6m.so (found suitable version "3.6.9", minimum required is "3.5") 
[8.415s] -- Using PYTHON_EXECUTABLE: /usr/bin/python3
[8.415s] -- Using PYTHON_INCLUDE_DIRS: /usr/include/python3.6m
[8.417s] -- Using PYTHON_LIBRARIES: /usr/lib/x86_64-linux-gnu/libpython3.6m.so
[8.484s] -- Found PythonExtra: .so  
[9.133s] -- Configuring done
[9.452s] -- Generating done
[9.460s] -- Build files have been written to: /opt/workspace/build/example_interfaces
[9.599s] [35m[1mScanning dependencies of target example_interfaces__cpp[0m
[9.624s] [  2%] [34m[1mGenerating C++ code for ROS interfaces[0m
[11.155s] [  2%] Built target example_interfaces__cpp
[11.185s] [  5%] [34m[1mGenerating C code for ROS interfaces[0m
[13.006s] [35m[1mScanning dependencies of target example_interfaces__rosidl_generator_c[0m
[13.038s] [  7%] [32mBuilding C object CMakeFiles/example_interfaces__rosidl_generator_c.dir/rosidl_generator_c/example_interfaces/action/fibonacci__functions.c.o[0m
[13.210s] [ 10%] [32mBuilding C object CMakeFiles/example_interfaces__rosidl_generator_c.dir/rosidl_generator_c/example_interfaces/srv/add_two_ints__functions.c.o[0m
[13.305s] [ 12%] [32m[1mLinking C shared library libexample_interfaces__rosidl_generator_c.so[0m
[13.388s] [ 12%] Built target example_interfaces__rosidl_generator_c
[13.417s] [ 15%] [34m[1mGenerating C++ type support for eProsima Fast-RTPS[0m
[14.967s] [35m[1mScanning dependencies of target example_interfaces__rosidl_typesupport_fastrtps_cpp[0m
[15.019s] [ 17%] [32mBuilding CXX object CMakeFiles/example_interfaces__rosidl_typesupport_fastrtps_cpp.dir/rosidl_typesupport_fastrtps_cpp/example_interfaces/action/dds_fastrtps/fibonacci__type_support.cpp.o[0m
[15.937s] [ 20%] [32mBuilding CXX object CMakeFiles/example_interfaces__rosidl_typesupport_fastrtps_cpp.dir/rosidl_typesupport_fastrtps_cpp/example_interfaces/srv/dds_fastrtps/add_two_ints__type_support.cpp.o[0m
[16.680s] [ 23%] [32m[1mLinking CXX shared library libexample_interfaces__rosidl_typesupport_fastrtps_cpp.so[0m
[16.857s] [ 23%] Built target example_interfaces__rosidl_typesupport_fastrtps_cpp
[16.885s] [ 25%] [34m[1mGenerating C introspection for ROS interfaces[0m
[18.230s] [35m[1mScanning dependencies of target example_interfaces__rosidl_typesupport_introspection_c[0m
[18.254s] [ 28%] [32mBuilding C object CMakeFiles/example_interfaces__rosidl_typesupport_introspection_c.dir/rosidl_typesupport_introspection_c/example_interfaces/action/fibonacci__type_support.c.o[0m
[18.352s] [ 30%] [32mBuilding C object CMakeFiles/example_interfaces__rosidl_typesupport_introspection_c.dir/rosidl_typesupport_introspection_c/example_interfaces/srv/add_two_ints__type_support.c.o[0m
[18.426s] [ 33%] [32m[1mLinking C shared library libexample_interfaces__rosidl_typesupport_introspection_c.so[0m
[18.499s] [ 33%] Built target example_interfaces__rosidl_typesupport_introspection_c
[18.519s] [ 35%] [34m[1mGenerating C type support for eProsima Fast-RTPS[0m
[19.926s] [35m[1mScanning dependencies of target example_interfaces__rosidl_typesupport_fastrtps_c[0m
[19.972s] [ 38%] [32mBuilding CXX object CMakeFiles/example_interfaces__rosidl_typesupport_fastrtps_c.dir/rosidl_typesupport_fastrtps_c/example_interfaces/action/fibonacci__type_support_c.cpp.o[0m
[20.526s] [ 41%] [32mBuilding CXX object CMakeFiles/example_interfaces__rosidl_typesupport_fastrtps_c.dir/rosidl_typesupport_fastrtps_c/example_interfaces/srv/add_two_ints__type_support_c.cpp.o[0m
[21.138s] [ 43%] [32m[1mLinking CXX shared library libexample_interfaces__rosidl_typesupport_fastrtps_c.so[0m
[21.318s] [ 43%] Built target example_interfaces__rosidl_typesupport_fastrtps_c
[21.342s] [ 46%] [34m[1mGenerating C type support dispatch for ROS interfaces[0m
[22.233s] [35m[1mScanning dependencies of target example_interfaces__rosidl_typesupport_c[0m
[22.266s] [ 48%] [32mBuilding CXX object CMakeFiles/example_interfaces__rosidl_typesupport_c.dir/rosidl_typesupport_c/example_interfaces/action/fibonacci__type_support.cpp.o[0m
[22.372s] [ 51%] [32mBuilding CXX object CMakeFiles/example_interfaces__rosidl_typesupport_c.dir/rosidl_typesupport_c/example_interfaces/srv/add_two_ints__type_support.cpp.o[0m
[22.437s] [ 53%] [32m[1mLinking CXX shared library libexample_interfaces__rosidl_typesupport_c.so[0m
[22.533s] [ 53%] Built target example_interfaces__rosidl_typesupport_c
[22.563s] [ 56%] [34m[1mGenerating C++ type support dispatch for ROS interfaces[0m
[23.628s] [35m[1mScanning dependencies of target example_interfaces__rosidl_typesupport_cpp[0m
[23.665s] [ 58%] [32mBuilding CXX object CMakeFiles/example_interfaces__rosidl_typesupport_cpp.dir/rosidl_typesupport_cpp/example_interfaces/action/fibonacci__type_support.cpp.o[0m
[24.060s] [ 61%] [32mBuilding CXX object CMakeFiles/example_interfaces__rosidl_typesupport_cpp.dir/rosidl_typesupport_cpp/example_interfaces/srv/add_two_ints__type_support.cpp.o[0m
[24.568s] [ 64%] [32m[1mLinking CXX shared library libexample_interfaces__rosidl_typesupport_cpp.so[0m
[24.660s] [ 64%] Built target example_interfaces__rosidl_typesupport_cpp
[24.684s] [ 66%] [34m[1mGenerating C++ introspection for ROS interfaces[0m
[25.892s] [35m[1mScanning dependencies of target example_interfaces__rosidl_typesupport_introspection_cpp[0m
[25.928s] [ 69%] [32mBuilding CXX object CMakeFiles/example_interfaces__rosidl_typesupport_introspection_cpp.dir/rosidl_typesupport_introspection_cpp/example_interfaces/action/fibonacci__type_support.cpp.o[0m
[26.533s] [ 71%] [32mBuilding CXX object CMakeFiles/example_interfaces__rosidl_typesupport_introspection_cpp.dir/rosidl_typesupport_introspection_cpp/example_interfaces/srv/add_two_ints__type_support.cpp.o[0m
[26.956s] [ 74%] [32m[1mLinking CXX shared library libexample_interfaces__rosidl_typesupport_introspection_cpp.so[0m
[27.113s] [ 74%] Built target example_interfaces__rosidl_typesupport_introspection_cpp
[27.138s] [35m[1mScanning dependencies of target example_interfaces[0m
[27.168s] [ 74%] Built target example_interfaces
[27.192s] [35m[1mScanning dependencies of target example_interfaces__py[0m
[27.219s] [ 76%] [34m[1mGenerating Python code for ROS interfaces[0m
[29.908s] [ 76%] Built target example_interfaces__py
[29.924s] [35m[1mScanning dependencies of target example_interfaces__python[0m
[29.964s] [ 79%] [32mBuilding C object CMakeFiles/example_interfaces__python.dir/rosidl_generator_py/example_interfaces/action/_fibonacci_s.c.o[0m
[30.233s] [ 82%] [32mBuilding C object CMakeFiles/example_interfaces__python.dir/rosidl_generator_py/example_interfaces/srv/_add_two_ints_s.c.o[0m
[30.372s] [ 84%] [32m[1mLinking C shared library rosidl_generator_py/example_interfaces/libexample_interfaces__python.so[0m
[30.445s] [ 84%] Built target example_interfaces__python
[30.467s] [35m[1mScanning dependencies of target example_interfaces__rosidl_typesupport_c__pyext[0m
[30.500s] [ 87%] [32mBuilding C object CMakeFiles/example_interfaces__rosidl_typesupport_c__pyext.dir/rosidl_generator_py/example_interfaces/_example_interfaces_s.ep.rosidl_typesupport_c.c.o[0m
[30.697s] [ 89%] [32m[1mLinking C shared library rosidl_generator_py/example_interfaces/example_interfaces_s__rosidl_typesupport_c.cpython-36m-x86_64-linux-gnu.so[0m
[30.801s] [ 89%] Built target example_interfaces__rosidl_typesupport_c__pyext
[30.824s] [35m[1mScanning dependencies of target example_interfaces__rosidl_typesupport_introspection_c__pyext[0m
[30.868s] [ 92%] [32mBuilding C object CMakeFiles/example_interfaces__rosidl_typesupport_introspection_c__pyext.dir/rosidl_generator_py/example_interfaces/_example_interfaces_s.ep.rosidl_typesupport_introspection_c.c.o[0m
[31.102s] [ 94%] [32m[1mLinking C shared library rosidl_generator_py/example_interfaces/example_interfaces_s__rosidl_typesupport_introspection_c.cpython-36m-x86_64-linux-gnu.so[0m
[31.204s] [ 94%] Built target example_interfaces__rosidl_typesupport_introspection_c__pyext
[31.228s] [35m[1mScanning dependencies of target example_interfaces__rosidl_typesupport_fastrtps_c__pyext[0m
[31.275s] [ 97%] [32mBuilding C object CMakeFiles/example_interfaces__rosidl_typesupport_fastrtps_c__pyext.dir/rosidl_generator_py/example_interfaces/_example_interfaces_s.ep.rosidl_typesupport_fastrtps_c.c.o[0m
[31.535s] [100%] [32m[1mLinking CXX shared library rosidl_generator_py/example_interfaces/example_interfaces_s__rosidl_typesupport_fastrtps_c.cpython-36m-x86_64-linux-gnu.so[0m
[31.668s] [100%] Built target example_interfaces__rosidl_typesupport_fastrtps_c__pyext
[31.897s] [ 10%] Built target example_interfaces__rosidl_generator_c
[31.902s] [ 12%] Built target example_interfaces__cpp
[31.940s] [ 23%] Built target example_interfaces__rosidl_typesupport_c
[31.959s] [ 33%] Built target example_interfaces__rosidl_typesupport_introspection_c
[31.994s] [ 43%] Built target example_interfaces__rosidl_typesupport_fastrtps_cpp
[32.018s] [ 53%] Built target example_interfaces__rosidl_typesupport_cpp
[32.042s] [ 64%] Built target example_interfaces__rosidl_typesupport_introspection_cpp
[32.077s] [ 74%] Built target example_interfaces__rosidl_typesupport_fastrtps_c
[32.128s] [ 74%] Built target example_interfaces
[32.182s] [ 76%] Built target example_interfaces__py
[32.235s] [ 84%] Built target example_interfaces__python
[32.291s] [ 89%] Built target example_interfaces__rosidl_typesupport_c__pyext
[32.338s] [ 94%] Built target example_interfaces__rosidl_typesupport_introspection_c__pyext
[32.383s] [100%] Built target example_interfaces__rosidl_typesupport_fastrtps_c__pyext
[32.421s] [36mInstall the project...[0m
[32.438s] -- Install configuration: ""
[32.439s] -- Installing: /opt/workspace/install/example_interfaces/share/ament_index/resource_index/rosidl_interfaces/example_interfaces
[32.439s] -- Installing: /opt/workspace/install/example_interfaces/lib/libexample_interfaces__rosidl_typesupport_c.so
[32.440s] -- Set runtime path of "/opt/workspace/install/example_interfaces/lib/libexample_interfaces__rosidl_typesupport_c.so" to ""
[32.440s] -- Installing: /opt/workspace/install/example_interfaces/share/example_interfaces/environment/library_path.sh
[32.441s] -- Installing: /opt/workspace/install/example_interfaces/share/example_interfaces/environment/library_path.dsv
[32.441s] -- Installing: /opt/workspace/install/example_interfaces/lib/libexample_interfaces__rosidl_typesupport_cpp.so
[32.442s] -- Set runtime path of "/opt/workspace/install/example_interfaces/lib/libexample_interfaces__rosidl_typesupport_cpp.so" to ""
[32.442s] -- Installing: /opt/workspace/install/example_interfaces/include/example_interfaces
[32.442s] -- Installing: /opt/workspace/install/example_interfaces/include/example_interfaces/msg
[32.443s] -- Installing: /opt/workspace/install/example_interfaces/include/example_interfaces/msg/rosidl_typesupport_fastrtps_c__visibility_control.h
[32.443s] -- Installing: /opt/workspace/install/example_interfaces/include/example_interfaces/action
[32.443s] -- Installing: /opt/workspace/install/example_interfaces/include/example_interfaces/action/fibonacci__rosidl_typesupport_fastrtps_c.h
[32.443s] -- Installing: /opt/workspace/install/example_interfaces/include/example_interfaces/srv
[32.444s] -- Installing: /opt/workspace/install/example_interfaces/include/example_interfaces/srv/add_two_ints__rosidl_typesupport_fastrtps_c.h
[32.444s] -- Installing: /opt/workspace/install/example_interfaces/lib/libexample_interfaces__rosidl_typesupport_fastrtps_c.so
[32.444s] -- Set runtime path of "/opt/workspace/install/example_interfaces/lib/libexample_interfaces__rosidl_typesupport_fastrtps_c.so" to ""
[32.445s] -- Up-to-date: /opt/workspace/install/example_interfaces/include/example_interfaces
[32.445s] -- Up-to-date: /opt/workspace/install/example_interfaces/include/example_interfaces/msg
[32.448s] -- Installing: /opt/workspace/install/example_interfaces/include/example_interfaces/msg/rosidl_generator_c__visibility_control.h
[32.448s] -- Up-to-date: /opt/workspace/install/example_interfaces/include/example_interfaces/action
[32.449s] -- Installing: /opt/workspace/install/example_interfaces/include/example_interfaces/action/fibonacci__functions.c
[32.449s] -- Installing: /opt/workspace/install/example_interfaces/include/example_interfaces/action/fibonacci__functions.h
[32.449s] -- Installing: /opt/workspace/install/example_interfaces/include/example_interfaces/action/fibonacci__struct.h
[32.450s] -- Installing: /opt/workspace/install/example_interfaces/include/example_interfaces/action/fibonacci.h
[32.450s] -- Installing: /opt/workspace/install/example_interfaces/include/example_interfaces/action/fibonacci__type_support.h
[32.452s] -- Up-to-date: /opt/workspace/install/example_interfaces/include/example_interfaces/srv
[32.452s] -- Installing: /opt/workspace/install/example_interfaces/include/example_interfaces/srv/add_two_ints.h
[32.453s] -- Installing: /opt/workspace/install/example_interfaces/include/example_interfaces/srv/add_two_ints__type_support.h
[32.453s] -- Installing: /opt/workspace/install/example_interfaces/include/example_interfaces/srv/add_two_ints__struct.h
[32.454s] -- Installing: /opt/workspace/install/example_interfaces/include/example_interfaces/srv/add_two_ints__functions.c
[32.454s] -- Installing: /opt/workspace/install/example_interfaces/include/example_interfaces/srv/add_two_ints__functions.h
[32.454s] -- Installing: /opt/workspace/install/example_interfaces/lib/libexample_interfaces__rosidl_generator_c.so
[32.455s] -- Set runtime path of "/opt/workspace/install/example_interfaces/lib/libexample_interfaces__rosidl_generator_c.so" to ""
[32.455s] -- Up-to-date: /opt/workspace/install/example_interfaces/include/example_interfaces
[32.455s] -- Up-to-date: /opt/workspace/install/example_interfaces/include/example_interfaces/msg
[32.456s] -- Installing: /opt/workspace/install/example_interfaces/include/example_interfaces/msg/rosidl_typesupport_fastrtps_cpp__visibility_control.h
[32.456s] -- Up-to-date: /opt/workspace/install/example_interfaces/include/example_interfaces/action
[32.456s] -- Installing: /opt/workspace/install/example_interfaces/include/example_interfaces/action/fibonacci__rosidl_typesupport_fastrtps_cpp.hpp
[32.456s] -- Installing: /opt/workspace/install/example_interfaces/include/example_interfaces/action/dds_fastrtps
[32.457s] -- Up-to-date: /opt/workspace/install/example_interfaces/include/example_interfaces/srv
[32.457s] -- Installing: /opt/workspace/install/example_interfaces/include/example_interfaces/srv/add_two_ints__rosidl_typesupport_fastrtps_cpp.hpp
[32.457s] -- Installing: /opt/workspace/install/example_interfaces/include/example_interfaces/srv/dds_fastrtps
[32.458s] -- Installing: /opt/workspace/install/example_interfaces/lib/libexample_interfaces__rosidl_typesupport_fastrtps_cpp.so
[32.458s] -- Set runtime path of "/opt/workspace/install/example_interfaces/lib/libexample_interfaces__rosidl_typesupport_fastrtps_cpp.so" to ""
[32.458s] -- Up-to-date: /opt/workspace/install/example_interfaces/include/example_interfaces
[32.458s] -- Up-to-date: /opt/workspace/install/example_interfaces/include/example_interfaces/action
[32.459s] -- Installing: /opt/workspace/install/example_interfaces/include/example_interfaces/action/fibonacci__struct.hpp
[32.459s] -- Installing: /opt/workspace/install/example_interfaces/include/example_interfaces/action/fibonacci.hpp
[32.459s] -- Installing: /opt/workspace/install/example_interfaces/include/example_interfaces/action/fibonacci__traits.hpp
[32.459s] -- Up-to-date: /opt/workspace/install/example_interfaces/include/example_interfaces/srv
[32.459s] -- Installing: /opt/workspace/install/example_interfaces/include/example_interfaces/srv/add_two_ints.hpp
[32.459s] -- Installing: /opt/workspace/install/example_interfaces/include/example_interfaces/srv/add_two_ints__struct.hpp
[32.459s] -- Installing: /opt/workspace/install/example_interfaces/include/example_interfaces/srv/add_two_ints__traits.hpp
[32.460s] -- Up-to-date: /opt/workspace/install/example_interfaces/include/example_interfaces
[32.460s] -- Up-to-date: /opt/workspace/install/example_interfaces/include/example_interfaces/msg
[32.460s] -- Installing: /opt/workspace/install/example_interfaces/include/example_interfaces/msg/rosidl_typesupport_introspection_c__visibility_control.h
[32.460s] -- Up-to-date: /opt/workspace/install/example_interfaces/include/example_interfaces/action
[32.460s] -- Installing: /opt/workspace/install/example_interfaces/include/example_interfaces/action/fibonacci__type_support.c
[32.460s] -- Installing: /opt/workspace/install/example_interfaces/include/example_interfaces/action/fibonacci__rosidl_typesupport_introspection_c.h
[32.461s] -- Up-to-date: /opt/workspace/install/example_interfaces/include/example_interfaces/srv
[32.461s] -- Installing: /opt/workspace/install/example_interfaces/include/example_interfaces/srv/add_two_ints__rosidl_typesupport_introspection_c.h
[32.461s] -- Installing: /opt/workspace/install/example_interfaces/include/example_interfaces/srv/add_two_ints__type_support.c
[32.461s] -- Installing: /opt/workspace/install/example_interfaces/lib/libexample_interfaces__rosidl_typesupport_introspection_c.so
[32.461s] -- Set runtime path of "/opt/workspace/install/example_interfaces/lib/libexample_interfaces__rosidl_typesupport_introspection_c.so" to ""
[32.461s] -- Up-to-date: /opt/workspace/install/example_interfaces/include/example_interfaces
[32.462s] -- Up-to-date: /opt/workspace/install/example_interfaces/include/example_interfaces/action
[32.462s] -- Installing: /opt/workspace/install/example_interfaces/include/example_interfaces/action/fibonacci__rosidl_typesupport_introspection_cpp.hpp
[32.462s] -- Installing: /opt/workspace/install/example_interfaces/include/example_interfaces/action/fibonacci__type_support.cpp
[32.462s] -- Up-to-date: /opt/workspace/install/example_interfaces/include/example_interfaces/srv
[32.462s] -- Installing: /opt/workspace/install/example_interfaces/include/example_interfaces/srv/add_two_ints__type_support.cpp
[32.462s] -- Installing: /opt/workspace/install/example_interfaces/include/example_interfaces/srv/add_two_ints__rosidl_typesupport_introspection_cpp.hpp
[32.463s] -- Installing: /opt/workspace/install/example_interfaces/lib/libexample_interfaces__rosidl_typesupport_introspection_cpp.so
[32.463s] -- Set runtime path of "/opt/workspace/install/example_interfaces/lib/libexample_interfaces__rosidl_typesupport_introspection_cpp.so" to ""
[32.463s] -- Installing: /opt/workspace/install/example_interfaces/share/example_interfaces/environment/pythonpath.sh
[32.464s] -- Installing: /opt/workspace/install/example_interfaces/share/example_interfaces/environment/pythonpath.dsv
[32.464s] -- Installing: /opt/workspace/install/example_interfaces/lib/python3.6/site-packages/example_interfaces/__init__.py
[32.588s] Compiling '/opt/workspace/install/example_interfaces/lib/python3.6/site-packages/example_interfaces/__init__.py'...
[32.599s] -- Installing: /opt/workspace/install/example_interfaces/lib/python3.6/site-packages/example_interfaces/action
[32.599s] -- Installing: /opt/workspace/install/example_interfaces/lib/python3.6/site-packages/example_interfaces/action/__init__.py
[32.600s] -- Installing: /opt/workspace/install/example_interfaces/lib/python3.6/site-packages/example_interfaces/action/_fibonacci.py
[32.600s] -- Installing: /opt/workspace/install/example_interfaces/lib/python3.6/site-packages/example_interfaces/action/_fibonacci_s.c
[32.601s] -- Installing: /opt/workspace/install/example_interfaces/lib/python3.6/site-packages/example_interfaces/srv
[32.601s] -- Installing: /opt/workspace/install/example_interfaces/lib/python3.6/site-packages/example_interfaces/srv/__init__.py
[32.603s] -- Installing: /opt/workspace/install/example_interfaces/lib/python3.6/site-packages/example_interfaces/srv/_add_two_ints.py
[32.603s] -- Installing: /opt/workspace/install/example_interfaces/lib/python3.6/site-packages/example_interfaces/srv/_add_two_ints_s.c
[32.603s] -- Installing: /opt/workspace/install/example_interfaces/lib/python3.6/site-packages/example_interfaces/example_interfaces_s__rosidl_typesupport_c.cpython-36m-x86_64-linux-gnu.so
[32.604s] -- Set runtime path of "/opt/workspace/install/example_interfaces/lib/python3.6/site-packages/example_interfaces/example_interfaces_s__rosidl_typesupport_c.cpython-36m-x86_64-linux-gnu.so" to ""
[32.605s] -- Installing: /opt/workspace/install/example_interfaces/lib/python3.6/site-packages/example_interfaces/example_interfaces_s__rosidl_typesupport_introspection_c.cpython-36m-x86_64-linux-gnu.so
[32.606s] -- Set runtime path of "/opt/workspace/install/example_interfaces/lib/python3.6/site-packages/example_interfaces/example_interfaces_s__rosidl_typesupport_introspection_c.cpython-36m-x86_64-linux-gnu.so" to ""
[32.606s] -- Installing: /opt/workspace/install/example_interfaces/lib/python3.6/site-packages/example_interfaces/example_interfaces_s__rosidl_typesupport_fastrtps_c.cpython-36m-x86_64-linux-gnu.so
[32.608s] -- Set runtime path of "/opt/workspace/install/example_interfaces/lib/python3.6/site-packages/example_interfaces/example_interfaces_s__rosidl_typesupport_fastrtps_c.cpython-36m-x86_64-linux-gnu.so" to ""
[32.608s] -- Installing: /opt/workspace/install/example_interfaces/lib/libexample_interfaces__python.so
[32.610s] -- Set runtime path of "/opt/workspace/install/example_interfaces/lib/libexample_interfaces__python.so" to ""
[32.610s] -- Installing: /opt/workspace/install/example_interfaces/share/example_interfaces/action/Fibonacci.idl
[32.611s] -- Installing: /opt/workspace/install/example_interfaces/share/example_interfaces/srv/AddTwoInts.idl
[32.611s] -- Installing: /opt/workspace/install/example_interfaces/share/example_interfaces/action/Fibonacci.action
[32.612s] -- Installing: /opt/workspace/install/example_interfaces/share/example_interfaces/srv/AddTwoInts.srv
[32.613s] -- Installing: /opt/workspace/install/example_interfaces/share/example_interfaces/srv/AddTwoInts_Request.msg
[32.613s] -- Installing: /opt/workspace/install/example_interfaces/share/example_interfaces/srv/AddTwoInts_Response.msg
[32.613s] -- Installing: /opt/workspace/install/example_interfaces/share/example_interfaces/mapping_rules.yaml
[32.615s] -- Installing: /opt/workspace/install/example_interfaces/share/ament_index/resource_index/package_run_dependencies/example_interfaces
[32.615s] -- Installing: /opt/workspace/install/example_interfaces/share/ament_index/resource_index/parent_prefix_path/example_interfaces
[32.615s] -- Installing: /opt/workspace/install/example_interfaces/share/example_interfaces/environment/ament_prefix_path.sh
[32.615s] -- Installing: /opt/workspace/install/example_interfaces/share/example_interfaces/environment/ament_prefix_path.dsv
[32.616s] -- Installing: /opt/workspace/install/example_interfaces/share/example_interfaces/environment/path.sh
[32.616s] -- Installing: /opt/workspace/install/example_interfaces/share/example_interfaces/environment/path.dsv
[32.619s] -- Installing: /opt/workspace/install/example_interfaces/share/example_interfaces/local_setup.bash
[32.620s] -- Installing: /opt/workspace/install/example_interfaces/share/example_interfaces/local_setup.sh
[32.621s] -- Installing: /opt/workspace/install/example_interfaces/share/example_interfaces/local_setup.zsh
[32.621s] -- Installing: /opt/workspace/install/example_interfaces/share/example_interfaces/local_setup.dsv
[32.621s] -- Installing: /opt/workspace/install/example_interfaces/share/example_interfaces/package.dsv
[32.621s] -- Installing: /opt/workspace/install/example_interfaces/share/ament_index/resource_index/packages/example_interfaces
[32.622s] -- Installing: /opt/workspace/install/example_interfaces/share/example_interfaces/cmake/rosidl_cmake-extras.cmake
[32.622s] -- Installing: /opt/workspace/install/example_interfaces/share/example_interfaces/cmake/ament_cmake_export_dependencies-extras.cmake
[32.622s] -- Installing: /opt/workspace/install/example_interfaces/share/example_interfaces/cmake/ament_cmake_export_libraries-extras.cmake
[32.622s] -- Installing: /opt/workspace/install/example_interfaces/share/example_interfaces/cmake/ament_cmake_export_include_directories-extras.cmake
[32.623s] -- Installing: /opt/workspace/install/example_interfaces/share/example_interfaces/cmake/example_interfacesConfig.cmake
[32.623s] -- Installing: /opt/workspace/install/example_interfaces/share/example_interfaces/cmake/example_interfacesConfig-version.cmake
[32.623s] -- Installing: /opt/workspace/install/example_interfaces/share/example_interfaces/package.xml
