[2.905s] running egg_info
[2.906s] creating /opt/workspace/build/ros2component/ros2component.egg-info
[2.907s] writing /opt/workspace/build/ros2component/ros2component.egg-info/PKG-INFO
[2.907s] writing dependency_links to /opt/workspace/build/ros2component/ros2component.egg-info/dependency_links.txt
[2.908s] writing entry points to /opt/workspace/build/ros2component/ros2component.egg-info/entry_points.txt
[2.908s] writing requirements to /opt/workspace/build/ros2component/ros2component.egg-info/requires.txt
[2.908s] writing top-level names to /opt/workspace/build/ros2component/ros2component.egg-info/top_level.txt
[2.919s] writing manifest file '/opt/workspace/build/ros2component/ros2component.egg-info/SOURCES.txt'
[3.004s] reading manifest file '/opt/workspace/build/ros2component/ros2component.egg-info/SOURCES.txt'
[3.007s] writing manifest file '/opt/workspace/build/ros2component/ros2component.egg-info/SOURCES.txt'
[3.007s] running build
[3.007s] running build_py
[3.007s] creating /opt/workspace/build/ros2component/build
[3.008s] creating /opt/workspace/build/ros2component/build/lib
[3.008s] creating /opt/workspace/build/ros2component/build/lib/ros2component
[3.008s] copying ros2component/__init__.py -> /opt/workspace/build/ros2component/build/lib/ros2component
[3.008s] creating /opt/workspace/build/ros2component/build/lib/ros2component/api
[3.009s] copying ros2component/api/__init__.py -> /opt/workspace/build/ros2component/build/lib/ros2component/api
[3.009s] creating /opt/workspace/build/ros2component/build/lib/ros2component/verb
[3.010s] copying ros2component/verb/load.py -> /opt/workspace/build/ros2component/build/lib/ros2component/verb
[3.010s] copying ros2component/verb/__init__.py -> /opt/workspace/build/ros2component/build/lib/ros2component/verb
[3.010s] copying ros2component/verb/types.py -> /opt/workspace/build/ros2component/build/lib/ros2component/verb
[3.011s] copying ros2component/verb/unload.py -> /opt/workspace/build/ros2component/build/lib/ros2component/verb
[3.011s] copying ros2component/verb/list.py -> /opt/workspace/build/ros2component/build/lib/ros2component/verb
[3.011s] copying ros2component/verb/standalone.py -> /opt/workspace/build/ros2component/build/lib/ros2component/verb
[3.012s] creating /opt/workspace/build/ros2component/build/lib/ros2component/command
[3.012s] copying ros2component/command/__init__.py -> /opt/workspace/build/ros2component/build/lib/ros2component/command
[3.013s] copying ros2component/command/component.py -> /opt/workspace/build/ros2component/build/lib/ros2component/command
[3.014s] running install
[3.015s] running install_lib
[3.016s] creating /opt/workspace/install/ros2component/lib/python3.6/site-packages/ros2component
[3.016s] copying /opt/workspace/build/ros2component/build/lib/ros2component/__init__.py -> /opt/workspace/install/ros2component/lib/python3.6/site-packages/ros2component
[3.017s] creating /opt/workspace/install/ros2component/lib/python3.6/site-packages/ros2component/api
[3.017s] copying /opt/workspace/build/ros2component/build/lib/ros2component/api/__init__.py -> /opt/workspace/install/ros2component/lib/python3.6/site-packages/ros2component/api
[3.017s] creating /opt/workspace/install/ros2component/lib/python3.6/site-packages/ros2component/verb
[3.018s] copying /opt/workspace/build/ros2component/build/lib/ros2component/verb/load.py -> /opt/workspace/install/ros2component/lib/python3.6/site-packages/ros2component/verb
[3.018s] copying /opt/workspace/build/ros2component/build/lib/ros2component/verb/__init__.py -> /opt/workspace/install/ros2component/lib/python3.6/site-packages/ros2component/verb
[3.018s] copying /opt/workspace/build/ros2component/build/lib/ros2component/verb/types.py -> /opt/workspace/install/ros2component/lib/python3.6/site-packages/ros2component/verb
[3.018s] copying /opt/workspace/build/ros2component/build/lib/ros2component/verb/unload.py -> /opt/workspace/install/ros2component/lib/python3.6/site-packages/ros2component/verb
[3.021s] copying /opt/workspace/build/ros2component/build/lib/ros2component/verb/list.py -> /opt/workspace/install/ros2component/lib/python3.6/site-packages/ros2component/verb
[3.021s] copying /opt/workspace/build/ros2component/build/lib/ros2component/verb/standalone.py -> /opt/workspace/install/ros2component/lib/python3.6/site-packages/ros2component/verb
[3.021s] creating /opt/workspace/install/ros2component/lib/python3.6/site-packages/ros2component/command
[3.022s] copying /opt/workspace/build/ros2component/build/lib/ros2component/command/__init__.py -> /opt/workspace/install/ros2component/lib/python3.6/site-packages/ros2component/command
[3.022s] copying /opt/workspace/build/ros2component/build/lib/ros2component/command/component.py -> /opt/workspace/install/ros2component/lib/python3.6/site-packages/ros2component/command
[3.024s] byte-compiling /opt/workspace/install/ros2component/lib/python3.6/site-packages/ros2component/__init__.py to __init__.cpython-36.pyc
[3.025s] byte-compiling /opt/workspace/install/ros2component/lib/python3.6/site-packages/ros2component/api/__init__.py to __init__.cpython-36.pyc
[3.028s] byte-compiling /opt/workspace/install/ros2component/lib/python3.6/site-packages/ros2component/verb/load.py to load.cpython-36.pyc
[3.029s] byte-compiling /opt/workspace/install/ros2component/lib/python3.6/site-packages/ros2component/verb/__init__.py to __init__.cpython-36.pyc
[3.030s] byte-compiling /opt/workspace/install/ros2component/lib/python3.6/site-packages/ros2component/verb/types.py to types.cpython-36.pyc
[3.030s] byte-compiling /opt/workspace/install/ros2component/lib/python3.6/site-packages/ros2component/verb/unload.py to unload.cpython-36.pyc
[3.031s] byte-compiling /opt/workspace/install/ros2component/lib/python3.6/site-packages/ros2component/verb/list.py to list.cpython-36.pyc
[3.032s] byte-compiling /opt/workspace/install/ros2component/lib/python3.6/site-packages/ros2component/verb/standalone.py to standalone.cpython-36.pyc
[3.033s] byte-compiling /opt/workspace/install/ros2component/lib/python3.6/site-packages/ros2component/command/__init__.py to __init__.cpython-36.pyc
[3.033s] byte-compiling /opt/workspace/install/ros2component/lib/python3.6/site-packages/ros2component/command/component.py to component.cpython-36.pyc
[3.034s] running install_data
[3.035s] copying package.xml -> /opt/workspace/install/ros2component/share/ros2component
[3.036s] creating /opt/workspace/install/ros2component/share/ament_index
[3.037s] creating /opt/workspace/install/ros2component/share/ament_index/resource_index
[3.037s] creating /opt/workspace/install/ros2component/share/ament_index/resource_index/packages
[3.037s] copying resource/ros2component -> /opt/workspace/install/ros2component/share/ament_index/resource_index/packages
[3.037s] running install_egg_info
[3.042s] Copying /opt/workspace/build/ros2component/ros2component.egg-info to /opt/workspace/install/ros2component/lib/python3.6/site-packages/ros2component-0.8.7-py3.6.egg-info
[3.044s] running install_scripts
[3.087s] writing list of installed files to '/opt/workspace/build/ros2component/install.log'
