[0.162s] -- The C compiler identification is GNU 7.4.0
[0.258s] -- The CXX compiler identification is GNU 7.4.0
[0.266s] -- Check for working C compiler: /usr/bin/cc
[0.377s] -- Check for working C compiler: /usr/bin/cc -- works
[0.378s] -- Detecting C compiler ABI info
[0.473s] -- Detecting C compiler ABI info - done
[0.481s] -- Detecting C compile features
[0.810s] -- Detecting C compile features - done
[0.814s] -- Check for working CXX compiler: /usr/bin/c++
[0.945s] -- Check for working CXX compiler: /usr/bin/c++ -- works
[0.946s] -- Detecting CXX compiler ABI info
[1.067s] -- Detecting CXX compiler ABI info - done
[1.080s] -- Detecting CXX compile features
[1.605s] -- Detecting CXX compile features - done
[1.608s] -- Found ament_cmake: 0.8.2 (/opt/workspace/install/ament_cmake/share/ament_cmake/cmake)
[1.672s] -- Found PythonInterp: /usr/bin/python3 (found suitable version "3.6.9", minimum required is "3") 
[1.673s] -- Using PYTHON_EXECUTABLE: /usr/bin/python3
[2.121s] -- Configuring done
[2.125s] -- Generating done
[2.127s] -- Build files have been written to: /opt/workspace/build/qt_gui_core
[2.337s] [36mInstall the project...[0m
[2.355s] -- Install configuration: ""
[2.355s] -- Installing: /opt/workspace/install/qt_gui_core/share/ament_index/resource_index/package_run_dependencies/qt_gui_core
[2.356s] -- Installing: /opt/workspace/install/qt_gui_core/share/ament_index/resource_index/parent_prefix_path/qt_gui_core
[2.357s] -- Installing: /opt/workspace/install/qt_gui_core/share/qt_gui_core/environment/ament_prefix_path.sh
[2.357s] -- Installing: /opt/workspace/install/qt_gui_core/share/qt_gui_core/environment/ament_prefix_path.dsv
[2.358s] -- Installing: /opt/workspace/install/qt_gui_core/share/qt_gui_core/environment/path.sh
[2.358s] -- Installing: /opt/workspace/install/qt_gui_core/share/qt_gui_core/environment/path.dsv
[2.358s] -- Installing: /opt/workspace/install/qt_gui_core/share/qt_gui_core/local_setup.bash
[2.359s] -- Installing: /opt/workspace/install/qt_gui_core/share/qt_gui_core/local_setup.sh
[2.359s] -- Installing: /opt/workspace/install/qt_gui_core/share/qt_gui_core/local_setup.zsh
[2.359s] -- Installing: /opt/workspace/install/qt_gui_core/share/qt_gui_core/local_setup.dsv
[2.359s] -- Installing: /opt/workspace/install/qt_gui_core/share/qt_gui_core/package.dsv
[2.359s] -- Installing: /opt/workspace/install/qt_gui_core/share/ament_index/resource_index/packages/qt_gui_core
[2.359s] -- Installing: /opt/workspace/install/qt_gui_core/share/qt_gui_core/cmake/qt_gui_coreConfig.cmake
[2.360s] -- Installing: /opt/workspace/install/qt_gui_core/share/qt_gui_core/cmake/qt_gui_coreConfig-version.cmake
[2.360s] -- Installing: /opt/workspace/install/qt_gui_core/share/qt_gui_core/package.xml
