[1.028s] Invoking command in '/opt/workspace/src/ament/ament_lint/ament_pep257': AMENT_PREFIX_PATH=/opt/workspace/install/ament_flake8:/opt/workspace/install/ament_lint:${AMENT_PREFIX_PATH} PATH=/opt/workspace/install/ament_flake8/bin:${PATH} PYTHONPATH=/opt/workspace/install/ament_pep257/lib/python3.6/site-packages:/opt/workspace/install/ament_flake8/lib/python3.6/site-packages:/opt/workspace/install/ament_lint/lib/python3.6/site-packages:${PYTHONPATH} /usr/bin/python3 setup.py egg_info --egg-base /opt/workspace/build/ament_pep257 build --build-base /opt/workspace/build/ament_pep257/build install --prefix /opt/workspace/install/ament_pep257 --record /opt/workspace/build/ament_pep257/install.log --single-version-externally-managed
[1.389s] running egg_info
[1.389s] writing /opt/workspace/build/ament_pep257/ament_pep257.egg-info/PKG-INFO
[1.389s] writing dependency_links to /opt/workspace/build/ament_pep257/ament_pep257.egg-info/dependency_links.txt
[1.392s] writing entry points to /opt/workspace/build/ament_pep257/ament_pep257.egg-info/entry_points.txt
[1.392s] writing requirements to /opt/workspace/build/ament_pep257/ament_pep257.egg-info/requires.txt
[1.393s] writing top-level names to /opt/workspace/build/ament_pep257/ament_pep257.egg-info/top_level.txt
[1.393s] reading manifest file '/opt/workspace/build/ament_pep257/ament_pep257.egg-info/SOURCES.txt'
[1.393s] writing manifest file '/opt/workspace/build/ament_pep257/ament_pep257.egg-info/SOURCES.txt'
[1.393s] running build
[1.394s] running build_py
[1.394s] running install
[1.394s] running install_lib
[1.394s] running install_data
[1.394s] running install_egg_info
[1.395s] removing '/opt/workspace/install/ament_pep257/lib/python3.6/site-packages/ament_pep257-0.8.1-py3.6.egg-info' (and everything under it)
[1.395s] Copying /opt/workspace/build/ament_pep257/ament_pep257.egg-info to /opt/workspace/install/ament_pep257/lib/python3.6/site-packages/ament_pep257-0.8.1-py3.6.egg-info
[1.395s] running install_scripts
[1.404s] Installing ament_pep257 script to /opt/workspace/install/ament_pep257/bin
[1.404s] writing list of installed files to '/opt/workspace/build/ament_pep257/install.log'
[1.770s] Invoked command in '/opt/workspace/src/ament/ament_lint/ament_pep257' returned '0': AMENT_PREFIX_PATH=/opt/workspace/install/ament_flake8:/opt/workspace/install/ament_lint:${AMENT_PREFIX_PATH} PATH=/opt/workspace/install/ament_flake8/bin:${PATH} PYTHONPATH=/opt/workspace/install/ament_pep257/lib/python3.6/site-packages:/opt/workspace/install/ament_flake8/lib/python3.6/site-packages:/opt/workspace/install/ament_lint/lib/python3.6/site-packages:${PYTHONPATH} /usr/bin/python3 setup.py egg_info --egg-base /opt/workspace/build/ament_pep257 build --build-base /opt/workspace/build/ament_pep257/build install --prefix /opt/workspace/install/ament_pep257 --record /opt/workspace/build/ament_pep257/install.log --single-version-externally-managed
