/opt/workspace/install/ros2pkg/lib/python3.6/site-packages/ros2pkg/__init__.py
/opt/workspace/install/ros2pkg/lib/python3.6/site-packages/ros2pkg/api/__init__.py
/opt/workspace/install/ros2pkg/lib/python3.6/site-packages/ros2pkg/api/create.py
/opt/workspace/install/ros2pkg/lib/python3.6/site-packages/ros2pkg/verb/__init__.py
/opt/workspace/install/ros2pkg/lib/python3.6/site-packages/ros2pkg/verb/executables.py
/opt/workspace/install/ros2pkg/lib/python3.6/site-packages/ros2pkg/verb/xml.py
/opt/workspace/install/ros2pkg/lib/python3.6/site-packages/ros2pkg/verb/create.py
/opt/workspace/install/ros2pkg/lib/python3.6/site-packages/ros2pkg/verb/list.py
/opt/workspace/install/ros2pkg/lib/python3.6/site-packages/ros2pkg/verb/prefix.py
/opt/workspace/install/ros2pkg/lib/python3.6/site-packages/ros2pkg/command/__init__.py
/opt/workspace/install/ros2pkg/lib/python3.6/site-packages/ros2pkg/command/pkg.py
/opt/workspace/install/ros2pkg/lib/python3.6/site-packages/ros2pkg/resource/ament_python/main.py.em
/opt/workspace/install/ros2pkg/lib/python3.6/site-packages/ros2pkg/resource/ament_python/test_pep257.py.em
/opt/workspace/install/ros2pkg/lib/python3.6/site-packages/ros2pkg/resource/ament_python/test_copyright.py.em
/opt/workspace/install/ros2pkg/lib/python3.6/site-packages/ros2pkg/resource/ament_python/setup.cfg.em
/opt/workspace/install/ros2pkg/lib/python3.6/site-packages/ros2pkg/resource/ament_python/resource_file.em
/opt/workspace/install/ros2pkg/lib/python3.6/site-packages/ros2pkg/resource/ament_python/setup.py.em
/opt/workspace/install/ros2pkg/lib/python3.6/site-packages/ros2pkg/resource/ament_python/init.py.em
/opt/workspace/install/ros2pkg/lib/python3.6/site-packages/ros2pkg/resource/ament_python/test_flake8.py.em
/opt/workspace/install/ros2pkg/lib/python3.6/site-packages/ros2pkg/resource/cpp/library.cpp.em
/opt/workspace/install/ros2pkg/lib/python3.6/site-packages/ros2pkg/resource/cpp/main.cpp.em
/opt/workspace/install/ros2pkg/lib/python3.6/site-packages/ros2pkg/resource/cpp/visibility_control.h.em
/opt/workspace/install/ros2pkg/lib/python3.6/site-packages/ros2pkg/resource/cpp/header.hpp.em
/opt/workspace/install/ros2pkg/lib/python3.6/site-packages/ros2pkg/resource/ament_cmake/CMakeLists.txt.em
/opt/workspace/install/ros2pkg/lib/python3.6/site-packages/ros2pkg/resource/cmake/CMakeLists.txt.em
/opt/workspace/install/ros2pkg/lib/python3.6/site-packages/ros2pkg/resource/cmake/Config.cmake.in.em
/opt/workspace/install/ros2pkg/lib/python3.6/site-packages/ros2pkg/resource/cmake/ConfigVersion.cmake.in.em
/opt/workspace/install/ros2pkg/lib/python3.6/site-packages/ros2pkg/resource/package_environment/package.xml.em
/opt/workspace/install/ros2pkg/lib/python3.6/site-packages/ros2pkg/__pycache__/__init__.cpython-36.pyc
/opt/workspace/install/ros2pkg/lib/python3.6/site-packages/ros2pkg/api/__pycache__/__init__.cpython-36.pyc
/opt/workspace/install/ros2pkg/lib/python3.6/site-packages/ros2pkg/api/__pycache__/create.cpython-36.pyc
/opt/workspace/install/ros2pkg/lib/python3.6/site-packages/ros2pkg/verb/__pycache__/__init__.cpython-36.pyc
/opt/workspace/install/ros2pkg/lib/python3.6/site-packages/ros2pkg/verb/__pycache__/executables.cpython-36.pyc
/opt/workspace/install/ros2pkg/lib/python3.6/site-packages/ros2pkg/verb/__pycache__/xml.cpython-36.pyc
/opt/workspace/install/ros2pkg/lib/python3.6/site-packages/ros2pkg/verb/__pycache__/create.cpython-36.pyc
/opt/workspace/install/ros2pkg/lib/python3.6/site-packages/ros2pkg/verb/__pycache__/list.cpython-36.pyc
/opt/workspace/install/ros2pkg/lib/python3.6/site-packages/ros2pkg/verb/__pycache__/prefix.cpython-36.pyc
/opt/workspace/install/ros2pkg/lib/python3.6/site-packages/ros2pkg/command/__pycache__/__init__.cpython-36.pyc
/opt/workspace/install/ros2pkg/lib/python3.6/site-packages/ros2pkg/command/__pycache__/pkg.cpython-36.pyc
/opt/workspace/install/ros2pkg/share/ros2pkg/package.xml
/opt/workspace/install/ros2pkg/share/ament_index/resource_index/packages/ros2pkg
/opt/workspace/install/ros2pkg/lib/python3.6/site-packages/ros2pkg-0.8.7-py3.6.egg-info/dependency_links.txt
/opt/workspace/install/ros2pkg/lib/python3.6/site-packages/ros2pkg-0.8.7-py3.6.egg-info/zip-safe
/opt/workspace/install/ros2pkg/lib/python3.6/site-packages/ros2pkg-0.8.7-py3.6.egg-info/top_level.txt
/opt/workspace/install/ros2pkg/lib/python3.6/site-packages/ros2pkg-0.8.7-py3.6.egg-info/entry_points.txt
/opt/workspace/install/ros2pkg/lib/python3.6/site-packages/ros2pkg-0.8.7-py3.6.egg-info/requires.txt
/opt/workspace/install/ros2pkg/lib/python3.6/site-packages/ros2pkg-0.8.7-py3.6.egg-info/PKG-INFO
/opt/workspace/install/ros2pkg/lib/python3.6/site-packages/ros2pkg-0.8.7-py3.6.egg-info/SOURCES.txt
