/opt/workspace/install/rqt_graph/lib/python3.6/site-packages/rqt_graph/rosgraph2_impl.py
/opt/workspace/install/rqt_graph/lib/python3.6/site-packages/rqt_graph/__init__.py
/opt/workspace/install/rqt_graph/lib/python3.6/site-packages/rqt_graph/ros_graph.py
/opt/workspace/install/rqt_graph/lib/python3.6/site-packages/rqt_graph/interactive_graphics_view.py
/opt/workspace/install/rqt_graph/lib/python3.6/site-packages/rqt_graph/dotcode.py
/opt/workspace/install/rqt_graph/lib/python3.6/site-packages/rqt_graph/main.py
/opt/workspace/install/rqt_graph/lib/python3.6/site-packages/rqt_graph/__pycache__/rosgraph2_impl.cpython-36.pyc
/opt/workspace/install/rqt_graph/lib/python3.6/site-packages/rqt_graph/__pycache__/__init__.cpython-36.pyc
/opt/workspace/install/rqt_graph/lib/python3.6/site-packages/rqt_graph/__pycache__/ros_graph.cpython-36.pyc
/opt/workspace/install/rqt_graph/lib/python3.6/site-packages/rqt_graph/__pycache__/interactive_graphics_view.cpython-36.pyc
/opt/workspace/install/rqt_graph/lib/python3.6/site-packages/rqt_graph/__pycache__/dotcode.cpython-36.pyc
/opt/workspace/install/rqt_graph/lib/python3.6/site-packages/rqt_graph/__pycache__/main.cpython-36.pyc
/opt/workspace/install/rqt_graph/share/ament_index/resource_index/packages/rqt_graph
/opt/workspace/install/rqt_graph/share/rqt_graph/resource/RosGraph.ui
/opt/workspace/install/rqt_graph/share/rqt_graph/package.xml
/opt/workspace/install/rqt_graph/share/rqt_graph/plugin.xml
/opt/workspace/install/rqt_graph/lib/python3.6/site-packages/rqt_graph-1.0.4-py3.6.egg-info/dependency_links.txt
/opt/workspace/install/rqt_graph/lib/python3.6/site-packages/rqt_graph-1.0.4-py3.6.egg-info/zip-safe
/opt/workspace/install/rqt_graph/lib/python3.6/site-packages/rqt_graph-1.0.4-py3.6.egg-info/top_level.txt
/opt/workspace/install/rqt_graph/lib/python3.6/site-packages/rqt_graph-1.0.4-py3.6.egg-info/entry_points.txt
/opt/workspace/install/rqt_graph/lib/python3.6/site-packages/rqt_graph-1.0.4-py3.6.egg-info/requires.txt
/opt/workspace/install/rqt_graph/lib/python3.6/site-packages/rqt_graph-1.0.4-py3.6.egg-info/PKG-INFO
/opt/workspace/install/rqt_graph/lib/python3.6/site-packages/rqt_graph-1.0.4-py3.6.egg-info/SOURCES.txt
/opt/workspace/install/rqt_graph/bin/rqt_graph
