[1.958s] [36mInstall the project...[0m
[1.958s] -- Install configuration: ""
[1.959s] -- Up-to-date: /opt/workspace/install/ament_cmake_core/share/ament_index/resource_index/package_run_dependencies/ament_cmake_core
[1.959s] -- Up-to-date: /opt/workspace/install/ament_cmake_core/share/ament_index/resource_index/parent_prefix_path/ament_cmake_core
[1.960s] -- Up-to-date: /opt/workspace/install/ament_cmake_core/share/ament_cmake_core/environment/ament_prefix_path.sh
[1.960s] -- Up-to-date: /opt/workspace/install/ament_cmake_core/share/ament_cmake_core/environment/ament_prefix_path.dsv
[1.960s] -- Up-to-date: /opt/workspace/install/ament_cmake_core/share/ament_cmake_core/environment/path.sh
[1.960s] -- Up-to-date: /opt/workspace/install/ament_cmake_core/share/ament_cmake_core/environment/path.dsv
[1.961s] -- Up-to-date: /opt/workspace/install/ament_cmake_core/share/ament_cmake_core/local_setup.bash
[1.961s] -- Up-to-date: /opt/workspace/install/ament_cmake_core/share/ament_cmake_core/local_setup.sh
[1.961s] -- Up-to-date: /opt/workspace/install/ament_cmake_core/share/ament_cmake_core/local_setup.zsh
[1.962s] -- Up-to-date: /opt/workspace/install/ament_cmake_core/share/ament_cmake_core/local_setup.dsv
[1.965s] -- Installing: /opt/workspace/install/ament_cmake_core/share/ament_cmake_core/package.dsv
[1.966s] -- Up-to-date: /opt/workspace/install/ament_cmake_core/share/ament_index/resource_index/packages/ament_cmake_core
[1.966s] -- Up-to-date: /opt/workspace/install/ament_cmake_core/share/ament_cmake_core/cmake/ament_cmake_core-extras.cmake
[1.966s] -- Up-to-date: /opt/workspace/install/ament_cmake_core/share/ament_cmake_core/cmake/ament_cmake_environment-extras.cmake
[1.966s] -- Up-to-date: /opt/workspace/install/ament_cmake_core/share/ament_cmake_core/cmake/ament_cmake_environment_hooks-extras.cmake
[1.966s] -- Up-to-date: /opt/workspace/install/ament_cmake_core/share/ament_cmake_core/cmake/ament_cmake_index-extras.cmake
[1.966s] -- Up-to-date: /opt/workspace/install/ament_cmake_core/share/ament_cmake_core/cmake/ament_cmake_package_templates-extras.cmake
[1.967s] -- Up-to-date: /opt/workspace/install/ament_cmake_core/share/ament_cmake_core/cmake/ament_cmake_uninstall_target-extras.cmake
[1.967s] -- Up-to-date: /opt/workspace/install/ament_cmake_core/share/ament_cmake_core/cmake/ament_cmake_symlink_install-extras.cmake
[1.967s] -- Up-to-date: /opt/workspace/install/ament_cmake_core/share/ament_cmake_core/cmake/ament_cmake_coreConfig.cmake
[1.967s] -- Up-to-date: /opt/workspace/install/ament_cmake_core/share/ament_cmake_core/cmake/ament_cmake_coreConfig-version.cmake
[1.967s] -- Up-to-date: /opt/workspace/install/ament_cmake_core/share/ament_cmake_core/package.xml
[1.967s] -- Up-to-date: /opt/workspace/install/ament_cmake_core/share/ament_cmake_core/cmake
[1.968s] -- Up-to-date: /opt/workspace/install/ament_cmake_core/share/ament_cmake_core/cmake/symlink_install
[1.968s] -- Up-to-date: /opt/workspace/install/ament_cmake_core/share/ament_cmake_core/cmake/symlink_install/ament_cmake_symlink_install_directory.cmake
[1.968s] -- Up-to-date: /opt/workspace/install/ament_cmake_core/share/ament_cmake_core/cmake/symlink_install/ament_cmake_symlink_install_files.cmake
[1.968s] -- Up-to-date: /opt/workspace/install/ament_cmake_core/share/ament_cmake_core/cmake/symlink_install/install.cmake
[1.968s] -- Up-to-date: /opt/workspace/install/ament_cmake_core/share/ament_cmake_core/cmake/symlink_install/ament_cmake_symlink_install_uninstall_script.cmake.in
[1.968s] -- Up-to-date: /opt/workspace/install/ament_cmake_core/share/ament_cmake_core/cmake/symlink_install/ament_cmake_symlink_install_programs.cmake
[1.969s] -- Up-to-date: /opt/workspace/install/ament_cmake_core/share/ament_cmake_core/cmake/symlink_install/ament_cmake_symlink_install_targets.cmake
[1.969s] -- Up-to-date: /opt/workspace/install/ament_cmake_core/share/ament_cmake_core/cmake/symlink_install/ament_cmake_symlink_install_append_install_code.cmake
[1.969s] -- Up-to-date: /opt/workspace/install/ament_cmake_core/share/ament_cmake_core/cmake/symlink_install/ament_cmake_symlink_install.cmake.in
[1.969s] -- Up-to-date: /opt/workspace/install/ament_cmake_core/share/ament_cmake_core/cmake/environment
[1.969s] -- Up-to-date: /opt/workspace/install/ament_cmake_core/share/ament_cmake_core/cmake/environment/ament_generate_environment.cmake
[1.970s] -- Up-to-date: /opt/workspace/install/ament_cmake_core/share/ament_cmake_core/cmake/environment/ament_cmake_environment_package_hook.cmake
[1.971s] -- Up-to-date: /opt/workspace/install/ament_cmake_core/share/ament_cmake_core/cmake/index
[1.971s] -- Up-to-date: /opt/workspace/install/ament_cmake_core/share/ament_cmake_core/cmake/index/ament_index_get_resource.cmake
[1.972s] -- Up-to-date: /opt/workspace/install/ament_cmake_core/share/ament_cmake_core/cmake/index/ament_index_register_package.cmake
[1.973s] -- Up-to-date: /opt/workspace/install/ament_cmake_core/share/ament_cmake_core/cmake/index/ament_index_get_resources.cmake
[1.973s] -- Up-to-date: /opt/workspace/install/ament_cmake_core/share/ament_cmake_core/cmake/index/ament_index_has_resource.cmake
[1.973s] -- Up-to-date: /opt/workspace/install/ament_cmake_core/share/ament_cmake_core/cmake/index/ament_index_register_resource.cmake
[1.974s] -- Up-to-date: /opt/workspace/install/ament_cmake_core/share/ament_cmake_core/cmake/index/ament_cmake_index_package_hook.cmake
[1.974s] -- Up-to-date: /opt/workspace/install/ament_cmake_core/share/ament_cmake_core/cmake/index/ament_index_get_prefix_path.cmake
[1.978s] -- Up-to-date: /opt/workspace/install/ament_cmake_core/share/ament_cmake_core/cmake/environment_hooks
[1.978s] -- Up-to-date: /opt/workspace/install/ament_cmake_core/share/ament_cmake_core/cmake/environment_hooks/environment
[1.978s] -- Up-to-date: /opt/workspace/install/ament_cmake_core/share/ament_cmake_core/cmake/environment_hooks/environment/path.sh
[1.978s] -- Up-to-date: /opt/workspace/install/ament_cmake_core/share/ament_cmake_core/cmake/environment_hooks/environment/path.bat
[1.978s] -- Up-to-date: /opt/workspace/install/ament_cmake_core/share/ament_cmake_core/cmake/environment_hooks/environment/ament_prefix_path.sh
[1.979s] -- Up-to-date: /opt/workspace/install/ament_cmake_core/share/ament_cmake_core/cmake/environment_hooks/environment/ament_prefix_path.bat
[1.979s] -- Up-to-date: /opt/workspace/install/ament_cmake_core/share/ament_cmake_core/cmake/environment_hooks/ament_environment_hooks.cmake
[1.979s] -- Up-to-date: /opt/workspace/install/ament_cmake_core/share/ament_cmake_core/cmake/environment_hooks/ament_cmake_environment_hooks_package_hook.cmake
[1.980s] -- Up-to-date: /opt/workspace/install/ament_cmake_core/share/ament_cmake_core/cmake/environment_hooks/ament_generate_package_environment.cmake
[1.981s] -- Up-to-date: /opt/workspace/install/ament_cmake_core/share/ament_cmake_core/cmake/uninstall_target
[1.982s] -- Up-to-date: /opt/workspace/install/ament_cmake_core/share/ament_cmake_core/cmake/uninstall_target/ament_cmake_uninstall_target.cmake.in
[1.982s] -- Up-to-date: /opt/workspace/install/ament_cmake_core/share/ament_cmake_core/cmake/uninstall_target/ament_cmake_uninstall_target_append_uninstall_code.cmake
[1.983s] -- Up-to-date: /opt/workspace/install/ament_cmake_core/share/ament_cmake_core/cmake/package_templates
[1.983s] -- Up-to-date: /opt/workspace/install/ament_cmake_core/share/ament_cmake_core/cmake/package_templates/templates_2_cmake.py
[1.983s] -- Up-to-date: /opt/workspace/install/ament_cmake_core/share/ament_cmake_core/cmake/core
[1.984s] -- Up-to-date: /opt/workspace/install/ament_cmake_core/share/ament_cmake_core/cmake/core/templates
[1.985s] -- Up-to-date: /opt/workspace/install/ament_cmake_core/share/ament_cmake_core/cmake/core/templates/nameConfig.cmake.in
[1.985s] -- Up-to-date: /opt/workspace/install/ament_cmake_core/share/ament_cmake_core/cmake/core/templates/nameConfig-version.cmake.in
[1.985s] -- Up-to-date: /opt/workspace/install/ament_cmake_core/share/ament_cmake_core/cmake/core/all.cmake
[1.985s] -- Up-to-date: /opt/workspace/install/ament_cmake_core/share/ament_cmake_core/cmake/core/package_xml_2_cmake.py
[1.985s] -- Up-to-date: /opt/workspace/install/ament_cmake_core/share/ament_cmake_core/cmake/core/assert_file_exists.cmake
[1.985s] -- Up-to-date: /opt/workspace/install/ament_cmake_core/share/ament_cmake_core/cmake/core/normalize_path.cmake
[1.985s] -- Up-to-date: /opt/workspace/install/ament_cmake_core/share/ament_cmake_core/cmake/core/ament_register_extension.cmake
[1.985s] -- Up-to-date: /opt/workspace/install/ament_cmake_core/share/ament_cmake_core/cmake/core/ament_package_xml.cmake
[1.986s] -- Up-to-date: /opt/workspace/install/ament_cmake_core/share/ament_cmake_core/cmake/core/ament_package.cmake
[1.986s] -- Up-to-date: /opt/workspace/install/ament_cmake_core/share/ament_cmake_core/cmake/core/ament_execute_extensions.cmake
[1.986s] -- Up-to-date: /opt/workspace/install/ament_cmake_core/share/ament_cmake_core/cmake/core/string_ends_with.cmake
[1.986s] -- Up-to-date: /opt/workspace/install/ament_cmake_core/share/ament_cmake_core/cmake/core/stamp.cmake
[1.986s] -- Up-to-date: /opt/workspace/install/ament_cmake_core/share/ament_cmake_core/cmake/core/python.cmake
[1.986s] -- Up-to-date: /opt/workspace/install/ament_cmake_core/share/ament_cmake_core/cmake/core/list_append_unique.cmake
