[0.632s] [36mInstall the project...[0m
[0.651s] -- Install configuration: ""
[0.652s] -- Up-to-date: /opt/workspace/install/python_qt_binding/share/python_qt_binding/environment/pythonpath.sh
[0.652s] -- Up-to-date: /opt/workspace/install/python_qt_binding/share/python_qt_binding/environment/pythonpath.dsv
[0.653s] -- Up-to-date: /opt/workspace/install/python_qt_binding/lib/python3.6/site-packages/python_qt_binding
[0.653s] -- Up-to-date: /opt/workspace/install/python_qt_binding/lib/python3.6/site-packages/python_qt_binding/__init__.py
[0.653s] -- Up-to-date: /opt/workspace/install/python_qt_binding/lib/python3.6/site-packages/python_qt_binding/binding_helper.py
[0.757s] Listing '/opt/workspace/install/python_qt_binding/lib/python3.6/site-packages/python_qt_binding'...
[0.760s] -- Up-to-date: /opt/workspace/install/python_qt_binding/share/python_qt_binding/cmake/shiboken_helper.cmake
[0.760s] -- Up-to-date: /opt/workspace/install/python_qt_binding/share/python_qt_binding/cmake/sip_configure.py
[0.761s] -- Up-to-date: /opt/workspace/install/python_qt_binding/share/python_qt_binding/cmake/sip_helper.cmake
[0.761s] -- Up-to-date: /opt/workspace/install/python_qt_binding/share/ament_index/resource_index/package_run_dependencies/python_qt_binding
[0.761s] -- Up-to-date: /opt/workspace/install/python_qt_binding/share/ament_index/resource_index/parent_prefix_path/python_qt_binding
[0.762s] -- Up-to-date: /opt/workspace/install/python_qt_binding/share/python_qt_binding/environment/ament_prefix_path.sh
[0.762s] -- Up-to-date: /opt/workspace/install/python_qt_binding/share/python_qt_binding/environment/ament_prefix_path.dsv
[0.762s] -- Up-to-date: /opt/workspace/install/python_qt_binding/share/python_qt_binding/environment/path.sh
[0.762s] -- Up-to-date: /opt/workspace/install/python_qt_binding/share/python_qt_binding/environment/path.dsv
[0.763s] -- Up-to-date: /opt/workspace/install/python_qt_binding/share/python_qt_binding/local_setup.bash
[0.764s] -- Up-to-date: /opt/workspace/install/python_qt_binding/share/python_qt_binding/local_setup.sh
[0.764s] -- Up-to-date: /opt/workspace/install/python_qt_binding/share/python_qt_binding/local_setup.zsh
[0.765s] -- Up-to-date: /opt/workspace/install/python_qt_binding/share/python_qt_binding/local_setup.dsv
[0.765s] -- Up-to-date: /opt/workspace/install/python_qt_binding/share/python_qt_binding/package.dsv
[0.765s] -- Up-to-date: /opt/workspace/install/python_qt_binding/share/ament_index/resource_index/packages/python_qt_binding
[0.766s] -- Up-to-date: /opt/workspace/install/python_qt_binding/share/python_qt_binding/cmake/python_qt_bindingConfig.cmake
[0.766s] -- Up-to-date: /opt/workspace/install/python_qt_binding/share/python_qt_binding/cmake/python_qt_bindingConfig-version.cmake
[0.766s] -- Up-to-date: /opt/workspace/install/python_qt_binding/share/python_qt_binding/package.xml
