/opt/workspace/install/ros2srv/lib/python3.6/site-packages/ros2srv/__init__.py
/opt/workspace/install/ros2srv/lib/python3.6/site-packages/ros2srv/api/__init__.py
/opt/workspace/install/ros2srv/lib/python3.6/site-packages/ros2srv/verb/show.py
/opt/workspace/install/ros2srv/lib/python3.6/site-packages/ros2srv/verb/__init__.py
/opt/workspace/install/ros2srv/lib/python3.6/site-packages/ros2srv/verb/package.py
/opt/workspace/install/ros2srv/lib/python3.6/site-packages/ros2srv/verb/list.py
/opt/workspace/install/ros2srv/lib/python3.6/site-packages/ros2srv/verb/packages.py
/opt/workspace/install/ros2srv/lib/python3.6/site-packages/ros2srv/command/__init__.py
/opt/workspace/install/ros2srv/lib/python3.6/site-packages/ros2srv/command/srv.py
/opt/workspace/install/ros2srv/lib/python3.6/site-packages/ros2srv/__pycache__/__init__.cpython-36.pyc
/opt/workspace/install/ros2srv/lib/python3.6/site-packages/ros2srv/api/__pycache__/__init__.cpython-36.pyc
/opt/workspace/install/ros2srv/lib/python3.6/site-packages/ros2srv/verb/__pycache__/show.cpython-36.pyc
/opt/workspace/install/ros2srv/lib/python3.6/site-packages/ros2srv/verb/__pycache__/__init__.cpython-36.pyc
/opt/workspace/install/ros2srv/lib/python3.6/site-packages/ros2srv/verb/__pycache__/package.cpython-36.pyc
/opt/workspace/install/ros2srv/lib/python3.6/site-packages/ros2srv/verb/__pycache__/list.cpython-36.pyc
/opt/workspace/install/ros2srv/lib/python3.6/site-packages/ros2srv/verb/__pycache__/packages.cpython-36.pyc
/opt/workspace/install/ros2srv/lib/python3.6/site-packages/ros2srv/command/__pycache__/__init__.cpython-36.pyc
/opt/workspace/install/ros2srv/lib/python3.6/site-packages/ros2srv/command/__pycache__/srv.cpython-36.pyc
/opt/workspace/install/ros2srv/share/ros2srv/package.xml
/opt/workspace/install/ros2srv/share/ament_index/resource_index/packages/ros2srv
/opt/workspace/install/ros2srv/lib/python3.6/site-packages/ros2srv-0.8.7-py3.6.egg-info/dependency_links.txt
/opt/workspace/install/ros2srv/lib/python3.6/site-packages/ros2srv-0.8.7-py3.6.egg-info/zip-safe
/opt/workspace/install/ros2srv/lib/python3.6/site-packages/ros2srv-0.8.7-py3.6.egg-info/top_level.txt
/opt/workspace/install/ros2srv/lib/python3.6/site-packages/ros2srv-0.8.7-py3.6.egg-info/entry_points.txt
/opt/workspace/install/ros2srv/lib/python3.6/site-packages/ros2srv-0.8.7-py3.6.egg-info/requires.txt
/opt/workspace/install/ros2srv/lib/python3.6/site-packages/ros2srv-0.8.7-py3.6.egg-info/PKG-INFO
/opt/workspace/install/ros2srv/lib/python3.6/site-packages/ros2srv-0.8.7-py3.6.egg-info/SOURCES.txt
