[0.496s] -- The C compiler identification is GNU 7.4.0
[0.617s] -- The CXX compiler identification is GNU 7.4.0
[0.619s] -- Check for working C compiler: /usr/bin/cc
[0.795s] -- Check for working C compiler: /usr/bin/cc -- works
[0.795s] -- Detecting C compiler ABI info
[1.007s] -- Detecting C compiler ABI info - done
[1.021s] -- Detecting C compile features
[1.679s] -- Detecting C compile features - done
[1.683s] -- Check for working CXX compiler: /usr/bin/c++
[2.137s] -- Check for working CXX compiler: /usr/bin/c++ -- works
[2.137s] -- Detecting CXX compiler ABI info
[2.304s] -- Detecting CXX compiler ABI info - done
[2.316s] -- Detecting CXX compile features
[3.044s] -- Detecting CXX compile features - done
[3.048s] -- Found ament_cmake_ros: 0.8.0 (/opt/workspace/install/ament_cmake_ros/share/ament_cmake_ros/cmake)
[3.130s] -- Found PythonInterp: /usr/bin/python3 (found suitable version "3.6.9", minimum required is "3") 
[3.130s] -- Using PYTHON_EXECUTABLE: /usr/bin/python3
[3.544s] -- Found ament_index_cpp: 0.7.2 (/opt/workspace/install/ament_index_cpp/share/ament_index_cpp/cmake)
[3.545s] -- Found libcurl_vendor: 2.2.1 (/opt/workspace/install/libcurl_vendor/share/libcurl_vendor/cmake)
[3.559s] -- library: /usr/lib/x86_64-linux-gnu/libcurl.so
[3.758s] -- Configuring done
[3.766s] -- Generating done
[3.769s] -- Build files have been written to: /opt/workspace/build/resource_retriever
[3.930s] [35m[1mScanning dependencies of target resource_retriever[0m
[3.966s] [ 50%] [32mBuilding CXX object CMakeFiles/resource_retriever.dir/src/retriever.cpp.o[0m
[4.789s] [100%] [32m[1mLinking CXX shared library libresource_retriever.so[0m
[5.048s] [100%] Built target resource_retriever
[5.648s] [100%] Built target resource_retriever
[5.715s] [36mInstall the project...[0m
[5.764s] -- Install configuration: ""
[5.765s] -- Installing: /opt/workspace/install/resource_retriever/share/resource_retriever/environment/library_path.sh
[5.765s] -- Installing: /opt/workspace/install/resource_retriever/share/resource_retriever/environment/library_path.dsv
[5.766s] -- Installing: /opt/workspace/install/resource_retriever/lib/libresource_retriever.so
[5.766s] -- Set runtime path of "/opt/workspace/install/resource_retriever/lib/libresource_retriever.so" to ""
[5.767s] -- Installing: /opt/workspace/install/resource_retriever/include
[5.768s] -- Installing: /opt/workspace/install/resource_retriever/include/resource_retriever
[5.768s] -- Installing: /opt/workspace/install/resource_retriever/include/resource_retriever/visibility_control.hpp
[5.769s] -- Installing: /opt/workspace/install/resource_retriever/include/resource_retriever/retriever.h
[5.769s] -- Installing: /opt/workspace/install/resource_retriever/share/ament_index/resource_index/package_run_dependencies/resource_retriever
[5.770s] -- Installing: /opt/workspace/install/resource_retriever/share/ament_index/resource_index/parent_prefix_path/resource_retriever
[5.771s] -- Installing: /opt/workspace/install/resource_retriever/share/resource_retriever/environment/ament_prefix_path.sh
[5.772s] -- Installing: /opt/workspace/install/resource_retriever/share/resource_retriever/environment/ament_prefix_path.dsv
[5.772s] -- Installing: /opt/workspace/install/resource_retriever/share/resource_retriever/environment/path.sh
[5.772s] -- Installing: /opt/workspace/install/resource_retriever/share/resource_retriever/environment/path.dsv
[5.772s] -- Installing: /opt/workspace/install/resource_retriever/share/resource_retriever/local_setup.bash
[5.776s] -- Installing: /opt/workspace/install/resource_retriever/share/resource_retriever/local_setup.sh
[5.776s] -- Installing: /opt/workspace/install/resource_retriever/share/resource_retriever/local_setup.zsh
[5.777s] -- Installing: /opt/workspace/install/resource_retriever/share/resource_retriever/local_setup.dsv
[5.777s] -- Installing: /opt/workspace/install/resource_retriever/share/resource_retriever/package.dsv
[5.777s] -- Installing: /opt/workspace/install/resource_retriever/share/ament_index/resource_index/packages/resource_retriever
[5.777s] -- Installing: /opt/workspace/install/resource_retriever/share/resource_retriever/cmake/resource_retrieverExport.cmake
[5.777s] -- Installing: /opt/workspace/install/resource_retriever/share/resource_retriever/cmake/resource_retrieverExport-noconfig.cmake
[5.778s] -- Installing: /opt/workspace/install/resource_retriever/share/resource_retriever/cmake/ament_cmake_export_include_directories-extras.cmake
[5.783s] -- Installing: /opt/workspace/install/resource_retriever/share/resource_retriever/cmake/ament_cmake_export_interfaces-extras.cmake
[5.783s] -- Installing: /opt/workspace/install/resource_retriever/share/resource_retriever/cmake/ament_cmake_export_dependencies-extras.cmake
[5.784s] -- Installing: /opt/workspace/install/resource_retriever/share/resource_retriever/cmake/resource_retrieverConfig.cmake
[5.821s] -- Installing: /opt/workspace/install/resource_retriever/share/resource_retriever/cmake/resource_retrieverConfig-version.cmake
[5.822s] -- Installing: /opt/workspace/install/resource_retriever/share/resource_retriever/package.xml
