[1.789s] Invoking command in '/opt/workspace/build/spdlog_vendor': AMENT_PREFIX_PATH=/opt/workspace/install/ament_cmake:/opt/workspace/install/ament_cmake_test:/opt/workspace/install/ament_cmake_target_dependencies:/opt/workspace/install/ament_cmake_export_interfaces:/opt/workspace/install/ament_cmake_export_dependencies:/opt/workspace/install/ament_cmake_version:/opt/workspace/install/ament_cmake_python:/opt/workspace/install/ament_cmake_libraries:/opt/workspace/install/ament_cmake_include_directories:/opt/workspace/install/ament_cmake_export_link_flags:/opt/workspace/install/ament_cmake_export_libraries:/opt/workspace/install/ament_cmake_export_include_directories:/opt/workspace/install/ament_cmake_export_definitions:/opt/workspace/install/ament_cmake_core:/opt/workspace/install/ament_package:${AMENT_PREFIX_PATH} CMAKE_PREFIX_PATH=/opt/workspace/install/ament_cmake:/opt/workspace/install/ament_cmake_test:/opt/workspace/install/ament_cmake_target_dependencies:/opt/workspace/install/ament_cmake_export_interfaces:/opt/workspace/install/ament_cmake_export_dependencies:/opt/workspace/install/ament_cmake_version:/opt/workspace/install/ament_cmake_python:/opt/workspace/install/ament_cmake_libraries:/opt/workspace/install/ament_cmake_include_directories:/opt/workspace/install/ament_cmake_export_link_flags:/opt/workspace/install/ament_cmake_export_libraries:/opt/workspace/install/ament_cmake_export_include_directories:/opt/workspace/install/ament_cmake_export_definitions:/opt/workspace/install/ament_cmake_core:/opt/ros/eloquent PYTHONPATH=/opt/workspace/install/ament_cmake_test/lib/python3.6/site-packages:/opt/workspace/install/ament_package/lib/python3.6/site-packages:${PYTHONPATH} /usr/bin/cmake /opt/workspace/src/ros2/spdlog_vendor -DCMAKE_INSTALL_PREFIX=/opt/workspace/install/spdlog_vendor
[1.902s] -- The C compiler identification is GNU 7.4.0
[2.003s] -- The CXX compiler identification is GNU 7.4.0
[2.010s] -- Check for working C compiler: /usr/bin/cc
[2.112s] -- Check for working C compiler: /usr/bin/cc -- works
[2.114s] -- Detecting C compiler ABI info
[2.227s] -- Detecting C compiler ABI info - done
[2.236s] -- Detecting C compile features
[2.580s] -- Detecting C compile features - done
[2.585s] -- Check for working CXX compiler: /usr/bin/c++
[2.706s] -- Check for working CXX compiler: /usr/bin/c++ -- works
[2.707s] -- Detecting CXX compiler ABI info
[2.832s] -- Detecting CXX compiler ABI info - done
[2.840s] -- Detecting CXX compile features
[3.979s] -- Detecting CXX compile features - done
[3.979s] -- Found ament_cmake: 0.8.2 (/opt/workspace/install/ament_cmake/share/ament_cmake/cmake)
[3.990s] -- Found PythonInterp: /usr/bin/python3 (found suitable version "3.6.9", minimum required is "3") 
[3.991s] -- Using PYTHON_EXECUTABLE: /usr/bin/python3
[4.565s] -- Configuring done
[4.581s] -- Generating done
[4.586s] -- Build files have been written to: /opt/workspace/build/spdlog_vendor
[4.612s] Invoked command in '/opt/workspace/build/spdlog_vendor' returned '0': AMENT_PREFIX_PATH=/opt/workspace/install/ament_cmake:/opt/workspace/install/ament_cmake_test:/opt/workspace/install/ament_cmake_target_dependencies:/opt/workspace/install/ament_cmake_export_interfaces:/opt/workspace/install/ament_cmake_export_dependencies:/opt/workspace/install/ament_cmake_version:/opt/workspace/install/ament_cmake_python:/opt/workspace/install/ament_cmake_libraries:/opt/workspace/install/ament_cmake_include_directories:/opt/workspace/install/ament_cmake_export_link_flags:/opt/workspace/install/ament_cmake_export_libraries:/opt/workspace/install/ament_cmake_export_include_directories:/opt/workspace/install/ament_cmake_export_definitions:/opt/workspace/install/ament_cmake_core:/opt/workspace/install/ament_package:${AMENT_PREFIX_PATH} CMAKE_PREFIX_PATH=/opt/workspace/install/ament_cmake:/opt/workspace/install/ament_cmake_test:/opt/workspace/install/ament_cmake_target_dependencies:/opt/workspace/install/ament_cmake_export_interfaces:/opt/workspace/install/ament_cmake_export_dependencies:/opt/workspace/install/ament_cmake_version:/opt/workspace/install/ament_cmake_python:/opt/workspace/install/ament_cmake_libraries:/opt/workspace/install/ament_cmake_include_directories:/opt/workspace/install/ament_cmake_export_link_flags:/opt/workspace/install/ament_cmake_export_libraries:/opt/workspace/install/ament_cmake_export_include_directories:/opt/workspace/install/ament_cmake_export_definitions:/opt/workspace/install/ament_cmake_core:/opt/ros/eloquent PYTHONPATH=/opt/workspace/install/ament_cmake_test/lib/python3.6/site-packages:/opt/workspace/install/ament_package/lib/python3.6/site-packages:${PYTHONPATH} /usr/bin/cmake /opt/workspace/src/ros2/spdlog_vendor -DCMAKE_INSTALL_PREFIX=/opt/workspace/install/spdlog_vendor
[4.620s] Invoking command in '/opt/workspace/build/spdlog_vendor': AMENT_PREFIX_PATH=/opt/workspace/install/ament_cmake:/opt/workspace/install/ament_cmake_test:/opt/workspace/install/ament_cmake_target_dependencies:/opt/workspace/install/ament_cmake_export_interfaces:/opt/workspace/install/ament_cmake_export_dependencies:/opt/workspace/install/ament_cmake_version:/opt/workspace/install/ament_cmake_python:/opt/workspace/install/ament_cmake_libraries:/opt/workspace/install/ament_cmake_include_directories:/opt/workspace/install/ament_cmake_export_link_flags:/opt/workspace/install/ament_cmake_export_libraries:/opt/workspace/install/ament_cmake_export_include_directories:/opt/workspace/install/ament_cmake_export_definitions:/opt/workspace/install/ament_cmake_core:/opt/workspace/install/ament_package:${AMENT_PREFIX_PATH} CMAKE_PREFIX_PATH=/opt/workspace/install/ament_cmake:/opt/workspace/install/ament_cmake_test:/opt/workspace/install/ament_cmake_target_dependencies:/opt/workspace/install/ament_cmake_export_interfaces:/opt/workspace/install/ament_cmake_export_dependencies:/opt/workspace/install/ament_cmake_version:/opt/workspace/install/ament_cmake_python:/opt/workspace/install/ament_cmake_libraries:/opt/workspace/install/ament_cmake_include_directories:/opt/workspace/install/ament_cmake_export_link_flags:/opt/workspace/install/ament_cmake_export_libraries:/opt/workspace/install/ament_cmake_export_include_directories:/opt/workspace/install/ament_cmake_export_definitions:/opt/workspace/install/ament_cmake_core:/opt/ros/eloquent PYTHONPATH=/opt/workspace/install/ament_cmake_test/lib/python3.6/site-packages:/opt/workspace/install/ament_package/lib/python3.6/site-packages:${PYTHONPATH} /usr/bin/cmake --build /opt/workspace/build/spdlog_vendor -- -j8 -l8
[4.723s] [35m[1mScanning dependencies of target spdlog-1.3.1[0m
[4.746s] [ 12%] [34m[1mCreating directories for 'spdlog-1.3.1'[0m
[4.923s] [ 25%] [34m[1mPerforming download step (download, verify and extract) for 'spdlog-1.3.1'[0m
[4.957s] -- Downloading...
[4.957s]    dst='/opt/workspace/build/spdlog_vendor/spdlog-1.3.1-prefix/src/v1.3.1.tar.gz'
[4.958s]    timeout='600 seconds'
[4.958s] -- Using src='https://github.com/gabime/spdlog/archive/v1.3.1.tar.gz'
[5.182s] -- [download 100% complete]
[5.353s] -- [download 0% complete]
[5.353s] -- [download 1% complete]
[5.357s] -- [download 2% complete]
[5.357s] -- [download 3% complete]
[5.357s] -- [download 4% complete]
[5.358s] -- [download 5% complete]
[5.384s] -- [download 6% complete]
[5.384s] -- [download 7% complete]
[5.385s] -- [download 8% complete]
[5.385s] -- [download 9% complete]
[5.385s] -- [download 10% complete]
[5.386s] -- [download 11% complete]
[5.386s] -- [download 12% complete]
[5.386s] -- [download 13% complete]
[5.390s] -- [download 14% complete]
[5.390s] -- [download 15% complete]
[5.391s] -- [download 16% complete]
[5.391s] -- [download 17% complete]
[5.392s] -- [download 18% complete]
[5.408s] -- [download 19% complete]
[5.408s] -- [download 20% complete]
[5.408s] -- [download 21% complete]
[5.409s] -- [download 22% complete]
[5.409s] -- [download 23% complete]
[5.409s] -- [download 24% complete]
[5.410s] -- [download 25% complete]
[5.411s] -- [download 26% complete]
[5.413s] -- [download 27% complete]
[5.413s] -- [download 28% complete]
[5.413s] -- [download 29% complete]
[5.414s] -- [download 30% complete]
[5.414s] -- [download 31% complete]
[5.415s] -- [download 32% complete]
[5.415s] -- [download 33% complete]
[5.415s] -- [download 34% complete]
[5.416s] -- [download 35% complete]
[5.416s] -- [download 36% complete]
[5.417s] -- [download 37% complete]
[5.417s] -- [download 38% complete]
[5.418s] -- [download 39% complete]
[5.418s] -- [download 40% complete]
[5.418s] -- [download 41% complete]
[5.419s] -- [download 42% complete]
[5.419s] -- [download 43% complete]
[5.419s] -- [download 44% complete]
[5.419s] -- [download 45% complete]
[5.420s] -- [download 46% complete]
[5.444s] -- [download 47% complete]
[5.445s] -- [download 48% complete]
[5.445s] -- [download 49% complete]
[5.446s] -- [download 50% complete]
[5.446s] -- [download 51% complete]
[5.446s] -- [download 52% complete]
[5.446s] -- [download 53% complete]
[5.446s] -- [download 54% complete]
[5.446s] -- [download 55% complete]
[5.446s] -- [download 56% complete]
[5.447s] -- [download 57% complete]
[5.447s] -- [download 58% complete]
[5.447s] -- [download 59% complete]
[5.447s] -- [download 60% complete]
[5.448s] -- [download 61% complete]
[5.448s] -- [download 62% complete]
[5.448s] -- [download 63% complete]
[5.448s] -- [download 64% complete]
[5.448s] -- [download 65% complete]
[5.448s] -- [download 66% complete]
[5.448s] -- [download 67% complete]
[5.449s] -- [download 68% complete]
[5.449s] -- [download 69% complete]
[5.449s] -- [download 70% complete]
[5.454s] -- [download 71% complete]
[5.455s] -- [download 72% complete]
[5.456s] -- [download 73% complete]
[5.456s] -- [download 74% complete]
[5.456s] -- [download 75% complete]
[5.457s] -- [download 76% complete]
[5.457s] -- [download 77% complete]
[5.458s] -- [download 78% complete]
[5.459s] -- [download 79% complete]
[5.459s] -- [download 80% complete]
[5.459s] -- [download 81% complete]
[5.459s] -- [download 82% complete]
[5.459s] -- [download 83% complete]
[5.460s] -- [download 84% complete]
[5.460s] -- [download 85% complete]
[5.460s] -- [download 86% complete]
[5.460s] -- [download 87% complete]
[5.461s] -- [download 88% complete]
[5.461s] -- [download 89% complete]
[5.461s] -- [download 90% complete]
[5.461s] -- [download 91% complete]
[5.462s] -- [download 92% complete]
[5.462s] -- [download 93% complete]
[5.462s] -- [download 94% complete]
[5.462s] -- [download 95% complete]
[5.462s] -- [download 96% complete]
[5.462s] -- [download 97% complete]
[5.462s] -- [download 98% complete]
[5.462s] -- [download 99% complete]
[5.463s] -- [download 100% complete]
[5.464s] -- verifying file...
[5.467s]        file='/opt/workspace/build/spdlog_vendor/spdlog-1.3.1-prefix/src/v1.3.1.tar.gz'
[5.468s] -- Downloading... done
[5.492s] -- extracting...
[5.492s]      src='/opt/workspace/build/spdlog_vendor/spdlog-1.3.1-prefix/src/v1.3.1.tar.gz'
[5.494s]      dst='/opt/workspace/build/spdlog_vendor/spdlog-1.3.1-prefix/src/spdlog-1.3.1'
[5.494s] -- extracting... [tar xfz]
[5.525s] -- extracting... [analysis]
[5.525s] -- extracting... [rename]
[5.525s] -- extracting... [clean up]
[5.525s] -- extracting... done
[5.563s] [ 37%] [34m[1mNo patch step for 'spdlog-1.3.1'[0m
[5.563s] [ 50%] [34m[1mNo update step for 'spdlog-1.3.1'[0m
[5.641s] [ 62%] [34m[1mPerforming configure step for 'spdlog-1.3.1'[0m
[5.872s] -- The CXX compiler identification is GNU 7.4.0
[5.888s] -- Check for working CXX compiler: /usr/bin/c++
[6.105s] -- Check for working CXX compiler: /usr/bin/c++ -- works
[6.106s] -- Detecting CXX compiler ABI info
[6.370s] -- Detecting CXX compiler ABI info - done
[6.389s] -- Detecting CXX compile features
[7.453s] -- Detecting CXX compile features - done
[7.453s] -- Build type: Release
[7.455s] -- Configuring done
[7.458s] -- Generating done
[7.458s] -- Build files have been written to: /opt/workspace/build/spdlog_vendor/spdlog-1.3.1-prefix/src/spdlog-1.3.1-build
[7.543s] [ 75%] [34m[1mPerforming build step for 'spdlog-1.3.1'[0m
[7.663s] [ 87%] [34m[1mPerforming install step for 'spdlog-1.3.1'[0m
[7.762s] [36mInstall the project...[0m
[7.790s] -- Install configuration: "Release"
[7.790s] -- Installing: /opt/workspace/build/spdlog_vendor/spdlog_vendor_install/include/spdlog
[7.792s] -- Installing: /opt/workspace/build/spdlog_vendor/spdlog_vendor_install/include/spdlog/details
[7.792s] -- Installing: /opt/workspace/build/spdlog_vendor/spdlog_vendor_install/include/spdlog/details/circular_q.h
[7.792s] -- Installing: /opt/workspace/build/spdlog_vendor/spdlog_vendor_install/include/spdlog/details/periodic_worker.h
[7.792s] -- Installing: /opt/workspace/build/spdlog_vendor/spdlog_vendor_install/include/spdlog/details/os.h
[7.793s] -- Installing: /opt/workspace/build/spdlog_vendor/spdlog_vendor_install/include/spdlog/details/mpmc_blocking_q.h
[7.793s] -- Installing: /opt/workspace/build/spdlog_vendor/spdlog_vendor_install/include/spdlog/details/file_helper.h
[7.793s] -- Installing: /opt/workspace/build/spdlog_vendor/spdlog_vendor_install/include/spdlog/details/log_msg.h
[7.793s] -- Installing: /opt/workspace/build/spdlog_vendor/spdlog_vendor_install/include/spdlog/details/logger_impl.h
[7.794s] -- Installing: /opt/workspace/build/spdlog_vendor/spdlog_vendor_install/include/spdlog/details/null_mutex.h
[7.794s] -- Installing: /opt/workspace/build/spdlog_vendor/spdlog_vendor_install/include/spdlog/details/fmt_helper.h
[7.794s] -- Installing: /opt/workspace/build/spdlog_vendor/spdlog_vendor_install/include/spdlog/details/async_logger_impl.h
[7.794s] -- Installing: /opt/workspace/build/spdlog_vendor/spdlog_vendor_install/include/spdlog/details/registry.h
[7.795s] -- Installing: /opt/workspace/build/spdlog_vendor/spdlog_vendor_install/include/spdlog/details/pattern_formatter.h
[7.795s] -- Installing: /opt/workspace/build/spdlog_vendor/spdlog_vendor_install/include/spdlog/details/thread_pool.h
[7.796s] -- Installing: /opt/workspace/build/spdlog_vendor/spdlog_vendor_install/include/spdlog/details/console_globals.h
[7.797s] -- Installing: /opt/workspace/build/spdlog_vendor/spdlog_vendor_install/include/spdlog/tweakme.h
[7.797s] -- Installing: /opt/workspace/build/spdlog_vendor/spdlog_vendor_install/include/spdlog/common.h
[7.798s] -- Installing: /opt/workspace/build/spdlog_vendor/spdlog_vendor_install/include/spdlog/sinks
[7.798s] -- Installing: /opt/workspace/build/spdlog_vendor/spdlog_vendor_install/include/spdlog/sinks/ostream_sink.h
[7.799s] -- Installing: /opt/workspace/build/spdlog_vendor/spdlog_vendor_install/include/spdlog/sinks/daily_file_sink.h
[7.800s] -- Installing: /opt/workspace/build/spdlog_vendor/spdlog_vendor_install/include/spdlog/sinks/android_sink.h
[7.800s] -- Installing: /opt/workspace/build/spdlog_vendor/spdlog_vendor_install/include/spdlog/sinks/ansicolor_sink.h
[7.800s] -- Installing: /opt/workspace/build/spdlog_vendor/spdlog_vendor_install/include/spdlog/sinks/stdout_color_sinks.h
[7.802s] -- Installing: /opt/workspace/build/spdlog_vendor/spdlog_vendor_install/include/spdlog/sinks/msvc_sink.h
[7.802s] -- Installing: /opt/workspace/build/spdlog_vendor/spdlog_vendor_install/include/spdlog/sinks/basic_file_sink.h
[7.802s] -- Installing: /opt/workspace/build/spdlog_vendor/spdlog_vendor_install/include/spdlog/sinks/syslog_sink.h
[7.803s] -- Installing: /opt/workspace/build/spdlog_vendor/spdlog_vendor_install/include/spdlog/sinks/null_sink.h
[7.803s] -- Installing: /opt/workspace/build/spdlog_vendor/spdlog_vendor_install/include/spdlog/sinks/sink.h
[7.803s] -- Installing: /opt/workspace/build/spdlog_vendor/spdlog_vendor_install/include/spdlog/sinks/wincolor_sink.h
[7.803s] -- Installing: /opt/workspace/build/spdlog_vendor/spdlog_vendor_install/include/spdlog/sinks/base_sink.h
[7.803s] -- Installing: /opt/workspace/build/spdlog_vendor/spdlog_vendor_install/include/spdlog/sinks/dist_sink.h
[7.804s] -- Installing: /opt/workspace/build/spdlog_vendor/spdlog_vendor_install/include/spdlog/sinks/rotating_file_sink.h
[7.804s] -- Installing: /opt/workspace/build/spdlog_vendor/spdlog_vendor_install/include/spdlog/sinks/stdout_sinks.h
[7.804s] -- Installing: /opt/workspace/build/spdlog_vendor/spdlog_vendor_install/include/spdlog/async_logger.h
[7.804s] -- Installing: /opt/workspace/build/spdlog_vendor/spdlog_vendor_install/include/spdlog/formatter.h
[7.805s] -- Installing: /opt/workspace/build/spdlog_vendor/spdlog_vendor_install/include/spdlog/fmt
[7.806s] -- Installing: /opt/workspace/build/spdlog_vendor/spdlog_vendor_install/include/spdlog/fmt/bundled
[7.806s] -- Installing: /opt/workspace/build/spdlog_vendor/spdlog_vendor_install/include/spdlog/fmt/bundled/ostream.h
[7.807s] -- Installing: /opt/workspace/build/spdlog_vendor/spdlog_vendor_install/include/spdlog/fmt/bundled/core.h
[7.807s] -- Installing: /opt/workspace/build/spdlog_vendor/spdlog_vendor_install/include/spdlog/fmt/bundled/ranges.h
[7.807s] -- Installing: /opt/workspace/build/spdlog_vendor/spdlog_vendor_install/include/spdlog/fmt/bundled/printf.h
[7.807s] -- Installing: /opt/workspace/build/spdlog_vendor/spdlog_vendor_install/include/spdlog/fmt/bundled/color.h
[7.808s] -- Installing: /opt/workspace/build/spdlog_vendor/spdlog_vendor_install/include/spdlog/fmt/bundled/format-inl.h
[7.808s] -- Installing: /opt/workspace/build/spdlog_vendor/spdlog_vendor_install/include/spdlog/fmt/bundled/format.h
[7.808s] -- Installing: /opt/workspace/build/spdlog_vendor/spdlog_vendor_install/include/spdlog/fmt/bundled/locale.h
[7.808s] -- Installing: /opt/workspace/build/spdlog_vendor/spdlog_vendor_install/include/spdlog/fmt/bundled/chrono.h
[7.808s] -- Installing: /opt/workspace/build/spdlog_vendor/spdlog_vendor_install/include/spdlog/fmt/bundled/posix.h
[7.809s] -- Installing: /opt/workspace/build/spdlog_vendor/spdlog_vendor_install/include/spdlog/fmt/bundled/LICENSE.rst
[7.809s] -- Installing: /opt/workspace/build/spdlog_vendor/spdlog_vendor_install/include/spdlog/fmt/bundled/time.h
[7.809s] -- Installing: /opt/workspace/build/spdlog_vendor/spdlog_vendor_install/include/spdlog/fmt/bin_to_hex.h
[7.809s] -- Installing: /opt/workspace/build/spdlog_vendor/spdlog_vendor_install/include/spdlog/fmt/fmt.h
[7.809s] -- Installing: /opt/workspace/build/spdlog_vendor/spdlog_vendor_install/include/spdlog/fmt/ostr.h
[7.809s] -- Installing: /opt/workspace/build/spdlog_vendor/spdlog_vendor_install/include/spdlog/version.h
[7.810s] -- Installing: /opt/workspace/build/spdlog_vendor/spdlog_vendor_install/include/spdlog/async.h
[7.811s] -- Installing: /opt/workspace/build/spdlog_vendor/spdlog_vendor_install/include/spdlog/logger.h
[7.811s] -- Installing: /opt/workspace/build/spdlog_vendor/spdlog_vendor_install/include/spdlog/spdlog.h
[7.811s] -- Installing: /opt/workspace/build/spdlog_vendor/spdlog_vendor_install/lib/cmake/spdlog/spdlogConfig.cmake
[7.811s] -- Installing: /opt/workspace/build/spdlog_vendor/spdlog_vendor_install/lib/cmake/spdlog/spdlogConfigVersion.cmake
[7.812s] -- Installing: /opt/workspace/build/spdlog_vendor/spdlog_vendor_install/lib/pkgconfig/spdlog.pc
[7.812s] -- Installing: /opt/workspace/build/spdlog_vendor/spdlog_vendor_install/lib/cmake/spdlog/spdlogTargets.cmake
[7.889s] [100%] [34m[1mCompleted 'spdlog-1.3.1'[0m
[8.162s] [100%] Built target spdlog-1.3.1
[8.250s] Invoked command in '/opt/workspace/build/spdlog_vendor' returned '0': AMENT_PREFIX_PATH=/opt/workspace/install/ament_cmake:/opt/workspace/install/ament_cmake_test:/opt/workspace/install/ament_cmake_target_dependencies:/opt/workspace/install/ament_cmake_export_interfaces:/opt/workspace/install/ament_cmake_export_dependencies:/opt/workspace/install/ament_cmake_version:/opt/workspace/install/ament_cmake_python:/opt/workspace/install/ament_cmake_libraries:/opt/workspace/install/ament_cmake_include_directories:/opt/workspace/install/ament_cmake_export_link_flags:/opt/workspace/install/ament_cmake_export_libraries:/opt/workspace/install/ament_cmake_export_include_directories:/opt/workspace/install/ament_cmake_export_definitions:/opt/workspace/install/ament_cmake_core:/opt/workspace/install/ament_package:${AMENT_PREFIX_PATH} CMAKE_PREFIX_PATH=/opt/workspace/install/ament_cmake:/opt/workspace/install/ament_cmake_test:/opt/workspace/install/ament_cmake_target_dependencies:/opt/workspace/install/ament_cmake_export_interfaces:/opt/workspace/install/ament_cmake_export_dependencies:/opt/workspace/install/ament_cmake_version:/opt/workspace/install/ament_cmake_python:/opt/workspace/install/ament_cmake_libraries:/opt/workspace/install/ament_cmake_include_directories:/opt/workspace/install/ament_cmake_export_link_flags:/opt/workspace/install/ament_cmake_export_libraries:/opt/workspace/install/ament_cmake_export_include_directories:/opt/workspace/install/ament_cmake_export_definitions:/opt/workspace/install/ament_cmake_core:/opt/ros/eloquent PYTHONPATH=/opt/workspace/install/ament_cmake_test/lib/python3.6/site-packages:/opt/workspace/install/ament_package/lib/python3.6/site-packages:${PYTHONPATH} /usr/bin/cmake --build /opt/workspace/build/spdlog_vendor -- -j8 -l8
[8.997s] Invoking command in '/opt/workspace/build/spdlog_vendor': AMENT_PREFIX_PATH=/opt/workspace/install/ament_cmake:/opt/workspace/install/ament_cmake_test:/opt/workspace/install/ament_cmake_target_dependencies:/opt/workspace/install/ament_cmake_export_interfaces:/opt/workspace/install/ament_cmake_export_dependencies:/opt/workspace/install/ament_cmake_version:/opt/workspace/install/ament_cmake_python:/opt/workspace/install/ament_cmake_libraries:/opt/workspace/install/ament_cmake_include_directories:/opt/workspace/install/ament_cmake_export_link_flags:/opt/workspace/install/ament_cmake_export_libraries:/opt/workspace/install/ament_cmake_export_include_directories:/opt/workspace/install/ament_cmake_export_definitions:/opt/workspace/install/ament_cmake_core:/opt/workspace/install/ament_package:${AMENT_PREFIX_PATH} CMAKE_PREFIX_PATH=/opt/workspace/install/ament_cmake:/opt/workspace/install/ament_cmake_test:/opt/workspace/install/ament_cmake_target_dependencies:/opt/workspace/install/ament_cmake_export_interfaces:/opt/workspace/install/ament_cmake_export_dependencies:/opt/workspace/install/ament_cmake_version:/opt/workspace/install/ament_cmake_python:/opt/workspace/install/ament_cmake_libraries:/opt/workspace/install/ament_cmake_include_directories:/opt/workspace/install/ament_cmake_export_link_flags:/opt/workspace/install/ament_cmake_export_libraries:/opt/workspace/install/ament_cmake_export_include_directories:/opt/workspace/install/ament_cmake_export_definitions:/opt/workspace/install/ament_cmake_core:/opt/ros/eloquent PYTHONPATH=/opt/workspace/install/ament_cmake_test/lib/python3.6/site-packages:/opt/workspace/install/ament_package/lib/python3.6/site-packages:${PYTHONPATH} /usr/bin/cmake --build /opt/workspace/build/spdlog_vendor --target install -- -j8 -l8
[9.109s] [100%] Built target spdlog-1.3.1
[9.184s] [36mInstall the project...[0m
[9.201s] -- Install configuration: ""
[9.202s] -- Installing: /opt/workspace/install/spdlog_vendor
[9.203s] -- Installing: /opt/workspace/install/spdlog_vendor/lib
[9.203s] -- Installing: /opt/workspace/install/spdlog_vendor/lib/pkgconfig
[9.204s] -- Installing: /opt/workspace/install/spdlog_vendor/lib/pkgconfig/spdlog.pc
[9.204s] -- Installing: /opt/workspace/install/spdlog_vendor/lib/cmake
[9.205s] -- Installing: /opt/workspace/install/spdlog_vendor/lib/cmake/spdlog
[9.205s] -- Installing: /opt/workspace/install/spdlog_vendor/lib/cmake/spdlog/spdlogConfigVersion.cmake
[9.205s] -- Installing: /opt/workspace/install/spdlog_vendor/lib/cmake/spdlog/spdlogTargets.cmake
[9.206s] -- Installing: /opt/workspace/install/spdlog_vendor/lib/cmake/spdlog/spdlogConfig.cmake
[9.206s] -- Installing: /opt/workspace/install/spdlog_vendor/include
[9.206s] -- Installing: /opt/workspace/install/spdlog_vendor/include/spdlog
[9.206s] -- Installing: /opt/workspace/install/spdlog_vendor/include/spdlog/details
[9.207s] -- Installing: /opt/workspace/install/spdlog_vendor/include/spdlog/details/circular_q.h
[9.207s] -- Installing: /opt/workspace/install/spdlog_vendor/include/spdlog/details/periodic_worker.h
[9.207s] -- Installing: /opt/workspace/install/spdlog_vendor/include/spdlog/details/os.h
[9.208s] -- Installing: /opt/workspace/install/spdlog_vendor/include/spdlog/details/mpmc_blocking_q.h
[9.208s] -- Installing: /opt/workspace/install/spdlog_vendor/include/spdlog/details/file_helper.h
[9.208s] -- Installing: /opt/workspace/install/spdlog_vendor/include/spdlog/details/log_msg.h
[9.208s] -- Installing: /opt/workspace/install/spdlog_vendor/include/spdlog/details/logger_impl.h
[9.209s] -- Installing: /opt/workspace/install/spdlog_vendor/include/spdlog/details/null_mutex.h
[9.209s] -- Installing: /opt/workspace/install/spdlog_vendor/include/spdlog/details/fmt_helper.h
[9.209s] -- Installing: /opt/workspace/install/spdlog_vendor/include/spdlog/details/async_logger_impl.h
[9.211s] -- Installing: /opt/workspace/install/spdlog_vendor/include/spdlog/details/registry.h
[9.213s] -- Installing: /opt/workspace/install/spdlog_vendor/include/spdlog/details/pattern_formatter.h
[9.213s] -- Installing: /opt/workspace/install/spdlog_vendor/include/spdlog/details/thread_pool.h
[9.214s] -- Installing: /opt/workspace/install/spdlog_vendor/include/spdlog/details/console_globals.h
[9.214s] -- Installing: /opt/workspace/install/spdlog_vendor/include/spdlog/tweakme.h
[9.214s] -- Installing: /opt/workspace/install/spdlog_vendor/include/spdlog/common.h
[9.215s] -- Installing: /opt/workspace/install/spdlog_vendor/include/spdlog/sinks
[9.215s] -- Installing: /opt/workspace/install/spdlog_vendor/include/spdlog/sinks/ostream_sink.h
[9.216s] -- Installing: /opt/workspace/install/spdlog_vendor/include/spdlog/sinks/daily_file_sink.h
[9.217s] -- Installing: /opt/workspace/install/spdlog_vendor/include/spdlog/sinks/android_sink.h
[9.218s] -- Installing: /opt/workspace/install/spdlog_vendor/include/spdlog/sinks/ansicolor_sink.h
[9.218s] -- Installing: /opt/workspace/install/spdlog_vendor/include/spdlog/sinks/stdout_color_sinks.h
[9.218s] -- Installing: /opt/workspace/install/spdlog_vendor/include/spdlog/sinks/msvc_sink.h
[9.219s] -- Installing: /opt/workspace/install/spdlog_vendor/include/spdlog/sinks/basic_file_sink.h
[9.219s] -- Installing: /opt/workspace/install/spdlog_vendor/include/spdlog/sinks/syslog_sink.h
[9.220s] -- Installing: /opt/workspace/install/spdlog_vendor/include/spdlog/sinks/null_sink.h
[9.220s] -- Installing: /opt/workspace/install/spdlog_vendor/include/spdlog/sinks/sink.h
[9.220s] -- Installing: /opt/workspace/install/spdlog_vendor/include/spdlog/sinks/wincolor_sink.h
[9.220s] -- Installing: /opt/workspace/install/spdlog_vendor/include/spdlog/sinks/base_sink.h
[9.221s] -- Installing: /opt/workspace/install/spdlog_vendor/include/spdlog/sinks/dist_sink.h
[9.221s] -- Installing: /opt/workspace/install/spdlog_vendor/include/spdlog/sinks/rotating_file_sink.h
[9.221s] -- Installing: /opt/workspace/install/spdlog_vendor/include/spdlog/sinks/stdout_sinks.h
[9.221s] -- Installing: /opt/workspace/install/spdlog_vendor/include/spdlog/async_logger.h
[9.222s] -- Installing: /opt/workspace/install/spdlog_vendor/include/spdlog/formatter.h
[9.222s] -- Installing: /opt/workspace/install/spdlog_vendor/include/spdlog/fmt
[9.222s] -- Installing: /opt/workspace/install/spdlog_vendor/include/spdlog/fmt/bundled
[9.222s] -- Installing: /opt/workspace/install/spdlog_vendor/include/spdlog/fmt/bundled/ostream.h
[9.223s] -- Installing: /opt/workspace/install/spdlog_vendor/include/spdlog/fmt/bundled/core.h
[9.223s] -- Installing: /opt/workspace/install/spdlog_vendor/include/spdlog/fmt/bundled/ranges.h
[9.223s] -- Installing: /opt/workspace/install/spdlog_vendor/include/spdlog/fmt/bundled/printf.h
[9.223s] -- Installing: /opt/workspace/install/spdlog_vendor/include/spdlog/fmt/bundled/color.h
[9.223s] -- Installing: /opt/workspace/install/spdlog_vendor/include/spdlog/fmt/bundled/format-inl.h
[9.224s] -- Installing: /opt/workspace/install/spdlog_vendor/include/spdlog/fmt/bundled/format.h
[9.224s] -- Installing: /opt/workspace/install/spdlog_vendor/include/spdlog/fmt/bundled/locale.h
[9.224s] -- Installing: /opt/workspace/install/spdlog_vendor/include/spdlog/fmt/bundled/chrono.h
[9.225s] -- Installing: /opt/workspace/install/spdlog_vendor/include/spdlog/fmt/bundled/posix.h
[9.225s] -- Installing: /opt/workspace/install/spdlog_vendor/include/spdlog/fmt/bundled/LICENSE.rst
[9.225s] -- Installing: /opt/workspace/install/spdlog_vendor/include/spdlog/fmt/bundled/time.h
[9.225s] -- Installing: /opt/workspace/install/spdlog_vendor/include/spdlog/fmt/bin_to_hex.h
[9.226s] -- Installing: /opt/workspace/install/spdlog_vendor/include/spdlog/fmt/fmt.h
[9.226s] -- Installing: /opt/workspace/install/spdlog_vendor/include/spdlog/fmt/ostr.h
[9.226s] -- Installing: /opt/workspace/install/spdlog_vendor/include/spdlog/version.h
[9.229s] -- Installing: /opt/workspace/install/spdlog_vendor/include/spdlog/async.h
[9.229s] -- Installing: /opt/workspace/install/spdlog_vendor/include/spdlog/logger.h
[9.229s] -- Installing: /opt/workspace/install/spdlog_vendor/include/spdlog/spdlog.h
[9.230s] -- Installing: /opt/workspace/install/spdlog_vendor/share/ament_index/resource_index/package_run_dependencies/spdlog_vendor
[9.230s] -- Installing: /opt/workspace/install/spdlog_vendor/share/ament_index/resource_index/parent_prefix_path/spdlog_vendor
[9.230s] -- Installing: /opt/workspace/install/spdlog_vendor/share/spdlog_vendor/environment/ament_prefix_path.sh
[9.230s] -- Installing: /opt/workspace/install/spdlog_vendor/share/spdlog_vendor/environment/ament_prefix_path.dsv
[9.231s] -- Installing: /opt/workspace/install/spdlog_vendor/share/spdlog_vendor/environment/path.sh
[9.231s] -- Installing: /opt/workspace/install/spdlog_vendor/share/spdlog_vendor/environment/path.dsv
[9.232s] -- Installing: /opt/workspace/install/spdlog_vendor/share/spdlog_vendor/local_setup.bash
[9.232s] -- Installing: /opt/workspace/install/spdlog_vendor/share/spdlog_vendor/local_setup.sh
[9.232s] -- Installing: /opt/workspace/install/spdlog_vendor/share/spdlog_vendor/local_setup.zsh
[9.233s] -- Installing: /opt/workspace/install/spdlog_vendor/share/spdlog_vendor/local_setup.dsv
[9.233s] -- Installing: /opt/workspace/install/spdlog_vendor/share/spdlog_vendor/package.dsv
[9.233s] -- Installing: /opt/workspace/install/spdlog_vendor/share/ament_index/resource_index/packages/spdlog_vendor
[9.233s] -- Installing: /opt/workspace/install/spdlog_vendor/share/spdlog_vendor/cmake/spdlog_vendorConfig.cmake
[9.234s] -- Installing: /opt/workspace/install/spdlog_vendor/share/spdlog_vendor/cmake/spdlog_vendorConfig-version.cmake
[9.234s] -- Installing: /opt/workspace/install/spdlog_vendor/share/spdlog_vendor/package.xml
[9.686s] Invoked command in '/opt/workspace/build/spdlog_vendor' returned '0': AMENT_PREFIX_PATH=/opt/workspace/install/ament_cmake:/opt/workspace/install/ament_cmake_test:/opt/workspace/install/ament_cmake_target_dependencies:/opt/workspace/install/ament_cmake_export_interfaces:/opt/workspace/install/ament_cmake_export_dependencies:/opt/workspace/install/ament_cmake_version:/opt/workspace/install/ament_cmake_python:/opt/workspace/install/ament_cmake_libraries:/opt/workspace/install/ament_cmake_include_directories:/opt/workspace/install/ament_cmake_export_link_flags:/opt/workspace/install/ament_cmake_export_libraries:/opt/workspace/install/ament_cmake_export_include_directories:/opt/workspace/install/ament_cmake_export_definitions:/opt/workspace/install/ament_cmake_core:/opt/workspace/install/ament_package:${AMENT_PREFIX_PATH} CMAKE_PREFIX_PATH=/opt/workspace/install/ament_cmake:/opt/workspace/install/ament_cmake_test:/opt/workspace/install/ament_cmake_target_dependencies:/opt/workspace/install/ament_cmake_export_interfaces:/opt/workspace/install/ament_cmake_export_dependencies:/opt/workspace/install/ament_cmake_version:/opt/workspace/install/ament_cmake_python:/opt/workspace/install/ament_cmake_libraries:/opt/workspace/install/ament_cmake_include_directories:/opt/workspace/install/ament_cmake_export_link_flags:/opt/workspace/install/ament_cmake_export_libraries:/opt/workspace/install/ament_cmake_export_include_directories:/opt/workspace/install/ament_cmake_export_definitions:/opt/workspace/install/ament_cmake_core:/opt/ros/eloquent PYTHONPATH=/opt/workspace/install/ament_cmake_test/lib/python3.6/site-packages:/opt/workspace/install/ament_package/lib/python3.6/site-packages:${PYTHONPATH} /usr/bin/cmake --build /opt/workspace/build/spdlog_vendor --target install -- -j8 -l8
