[2.302s] [36mInstall the project...[0m
[2.320s] -- Install configuration: ""
[2.321s] -- Up-to-date: /opt/workspace/install/ament_cmake_lint_cmake/share/ament_index/resource_index/package_run_dependencies/ament_cmake_lint_cmake
[2.321s] -- Up-to-date: /opt/workspace/install/ament_cmake_lint_cmake/share/ament_index/resource_index/parent_prefix_path/ament_cmake_lint_cmake
[2.321s] -- Up-to-date: /opt/workspace/install/ament_cmake_lint_cmake/share/ament_cmake_lint_cmake/environment/ament_prefix_path.sh
[2.321s] -- Up-to-date: /opt/workspace/install/ament_cmake_lint_cmake/share/ament_cmake_lint_cmake/environment/ament_prefix_path.dsv
[2.322s] -- Up-to-date: /opt/workspace/install/ament_cmake_lint_cmake/share/ament_cmake_lint_cmake/environment/path.sh
[2.322s] -- Up-to-date: /opt/workspace/install/ament_cmake_lint_cmake/share/ament_cmake_lint_cmake/environment/path.dsv
[2.322s] -- Up-to-date: /opt/workspace/install/ament_cmake_lint_cmake/share/ament_cmake_lint_cmake/local_setup.bash
[2.322s] -- Up-to-date: /opt/workspace/install/ament_cmake_lint_cmake/share/ament_cmake_lint_cmake/local_setup.sh
[2.323s] -- Up-to-date: /opt/workspace/install/ament_cmake_lint_cmake/share/ament_cmake_lint_cmake/local_setup.zsh
[2.323s] -- Up-to-date: /opt/workspace/install/ament_cmake_lint_cmake/share/ament_cmake_lint_cmake/local_setup.dsv
[2.323s] -- Installing: /opt/workspace/install/ament_cmake_lint_cmake/share/ament_cmake_lint_cmake/package.dsv
[2.323s] -- Up-to-date: /opt/workspace/install/ament_cmake_lint_cmake/share/ament_index/resource_index/packages/ament_cmake_lint_cmake
[2.323s] -- Up-to-date: /opt/workspace/install/ament_cmake_lint_cmake/share/ament_cmake_lint_cmake/cmake/ament_cmake_lint_cmake-extras.cmake
[2.324s] -- Up-to-date: /opt/workspace/install/ament_cmake_lint_cmake/share/ament_cmake_lint_cmake/cmake/ament_cmake_lint_cmakeConfig.cmake
[2.325s] -- Up-to-date: /opt/workspace/install/ament_cmake_lint_cmake/share/ament_cmake_lint_cmake/cmake/ament_cmake_lint_cmakeConfig-version.cmake
[2.325s] -- Up-to-date: /opt/workspace/install/ament_cmake_lint_cmake/share/ament_cmake_lint_cmake/package.xml
[2.325s] -- Up-to-date: /opt/workspace/install/ament_cmake_lint_cmake/share/ament_cmake_lint_cmake/cmake
[2.325s] -- Up-to-date: /opt/workspace/install/ament_cmake_lint_cmake/share/ament_cmake_lint_cmake/cmake/ament_cmake_lint_cmake_lint_hook.cmake
[2.326s] -- Up-to-date: /opt/workspace/install/ament_cmake_lint_cmake/share/ament_cmake_lint_cmake/cmake/ament_lint_cmake.cmake
