[1.833s] [36mInstall the project...[0m
[1.836s] -- Install configuration: ""
[1.837s] -- Up-to-date: /opt/workspace/install/eigen3_cmake_module/share/ament_index/resource_index/package_run_dependencies/eigen3_cmake_module
[1.838s] -- Up-to-date: /opt/workspace/install/eigen3_cmake_module/share/ament_index/resource_index/parent_prefix_path/eigen3_cmake_module
[1.838s] -- Up-to-date: /opt/workspace/install/eigen3_cmake_module/share/eigen3_cmake_module/environment/ament_prefix_path.sh
[1.838s] -- Up-to-date: /opt/workspace/install/eigen3_cmake_module/share/eigen3_cmake_module/environment/ament_prefix_path.dsv
[1.841s] -- Up-to-date: /opt/workspace/install/eigen3_cmake_module/share/eigen3_cmake_module/environment/path.sh
[1.842s] -- Up-to-date: /opt/workspace/install/eigen3_cmake_module/share/eigen3_cmake_module/environment/path.dsv
[1.842s] -- Up-to-date: /opt/workspace/install/eigen3_cmake_module/share/eigen3_cmake_module/local_setup.bash
[1.842s] -- Up-to-date: /opt/workspace/install/eigen3_cmake_module/share/eigen3_cmake_module/local_setup.sh
[1.842s] -- Up-to-date: /opt/workspace/install/eigen3_cmake_module/share/eigen3_cmake_module/local_setup.zsh
[1.843s] -- Up-to-date: /opt/workspace/install/eigen3_cmake_module/share/eigen3_cmake_module/local_setup.dsv
[1.843s] -- Up-to-date: /opt/workspace/install/eigen3_cmake_module/share/eigen3_cmake_module/package.dsv
[1.843s] -- Up-to-date: /opt/workspace/install/eigen3_cmake_module/share/ament_index/resource_index/packages/eigen3_cmake_module
[1.843s] -- Up-to-date: /opt/workspace/install/eigen3_cmake_module/share/eigen3_cmake_module/cmake/eigen3_cmake_module-extras.cmake
[1.843s] -- Up-to-date: /opt/workspace/install/eigen3_cmake_module/share/eigen3_cmake_module/cmake/eigen3_cmake_moduleConfig.cmake
[1.843s] -- Up-to-date: /opt/workspace/install/eigen3_cmake_module/share/eigen3_cmake_module/cmake/eigen3_cmake_moduleConfig-version.cmake
[1.844s] -- Up-to-date: /opt/workspace/install/eigen3_cmake_module/share/eigen3_cmake_module/package.xml
[1.844s] -- Up-to-date: /opt/workspace/install/eigen3_cmake_module/share/eigen3_cmake_module/cmake
[1.844s] -- Up-to-date: /opt/workspace/install/eigen3_cmake_module/share/eigen3_cmake_module/cmake/Modules
[1.844s] -- Up-to-date: /opt/workspace/install/eigen3_cmake_module/share/eigen3_cmake_module/cmake/Modules/FindEigen3.cmake
