[2.431s] Invoking command in '/opt/workspace/src/ament/ament_lint/ament_xmllint': AMENT_PREFIX_PATH=/opt/workspace/install/ament_copyright:/opt/workspace/install/ament_pep257:/opt/workspace/install/ament_flake8:/opt/workspace/install/ament_lint:${AMENT_PREFIX_PATH} PATH=/opt/workspace/install/ament_copyright/bin:/opt/workspace/install/ament_pep257/bin:/opt/workspace/install/ament_flake8/bin:${PATH} PYTHONPATH=/opt/workspace/install/ament_xmllint/lib/python3.6/site-packages:/opt/workspace/install/ament_copyright/lib/python3.6/site-packages:/opt/workspace/install/ament_pep257/lib/python3.6/site-packages:/opt/workspace/install/ament_flake8/lib/python3.6/site-packages:/opt/workspace/install/ament_lint/lib/python3.6/site-packages:${PYTHONPATH} /usr/bin/python3 setup.py egg_info --egg-base /opt/workspace/build/ament_xmllint build --build-base /opt/workspace/build/ament_xmllint/build install --prefix /opt/workspace/install/ament_xmllint --record /opt/workspace/build/ament_xmllint/install.log --single-version-externally-managed
[3.068s] running egg_info
[3.070s] creating /opt/workspace/build/ament_xmllint/ament_xmllint.egg-info
[3.070s] writing /opt/workspace/build/ament_xmllint/ament_xmllint.egg-info/PKG-INFO
[3.070s] writing dependency_links to /opt/workspace/build/ament_xmllint/ament_xmllint.egg-info/dependency_links.txt
[3.071s] writing entry points to /opt/workspace/build/ament_xmllint/ament_xmllint.egg-info/entry_points.txt
[3.071s] writing requirements to /opt/workspace/build/ament_xmllint/ament_xmllint.egg-info/requires.txt
[3.073s] writing top-level names to /opt/workspace/build/ament_xmllint/ament_xmllint.egg-info/top_level.txt
[3.073s] writing manifest file '/opt/workspace/build/ament_xmllint/ament_xmllint.egg-info/SOURCES.txt'
[3.170s] reading manifest file '/opt/workspace/build/ament_xmllint/ament_xmllint.egg-info/SOURCES.txt'
[3.188s] writing manifest file '/opt/workspace/build/ament_xmllint/ament_xmllint.egg-info/SOURCES.txt'
[3.189s] running build
[3.189s] running build_py
[3.189s] creating /opt/workspace/build/ament_xmllint/build
[3.190s] creating /opt/workspace/build/ament_xmllint/build/lib
[3.190s] creating /opt/workspace/build/ament_xmllint/build/lib/ament_xmllint
[3.190s] copying ament_xmllint/__init__.py -> /opt/workspace/build/ament_xmllint/build/lib/ament_xmllint
[3.190s] copying ament_xmllint/pytest_marker.py -> /opt/workspace/build/ament_xmllint/build/lib/ament_xmllint
[3.191s] copying ament_xmllint/main.py -> /opt/workspace/build/ament_xmllint/build/lib/ament_xmllint
[3.191s] running install
[3.191s] running install_lib
[3.192s] creating /opt/workspace/install/ament_xmllint/lib/python3.6/site-packages/ament_xmllint
[3.192s] copying /opt/workspace/build/ament_xmllint/build/lib/ament_xmllint/__init__.py -> /opt/workspace/install/ament_xmllint/lib/python3.6/site-packages/ament_xmllint
[3.192s] copying /opt/workspace/build/ament_xmllint/build/lib/ament_xmllint/pytest_marker.py -> /opt/workspace/install/ament_xmllint/lib/python3.6/site-packages/ament_xmllint
[3.193s] copying /opt/workspace/build/ament_xmllint/build/lib/ament_xmllint/main.py -> /opt/workspace/install/ament_xmllint/lib/python3.6/site-packages/ament_xmllint
[3.193s] byte-compiling /opt/workspace/install/ament_xmllint/lib/python3.6/site-packages/ament_xmllint/__init__.py to __init__.cpython-36.pyc
[3.194s] byte-compiling /opt/workspace/install/ament_xmllint/lib/python3.6/site-packages/ament_xmllint/pytest_marker.py to pytest_marker.cpython-36.pyc
[3.194s] byte-compiling /opt/workspace/install/ament_xmllint/lib/python3.6/site-packages/ament_xmllint/main.py to main.cpython-36.pyc
[3.197s] running install_data
[3.197s] copying package.xml -> /opt/workspace/install/ament_xmllint/share/ament_xmllint
[3.198s] creating /opt/workspace/install/ament_xmllint/share/ament_index
[3.198s] creating /opt/workspace/install/ament_xmllint/share/ament_index/resource_index
[3.198s] creating /opt/workspace/install/ament_xmllint/share/ament_index/resource_index/packages
[3.198s] copying resource/ament_xmllint -> /opt/workspace/install/ament_xmllint/share/ament_index/resource_index/packages
[3.199s] running install_egg_info
[3.202s] Copying /opt/workspace/build/ament_xmllint/ament_xmllint.egg-info to /opt/workspace/install/ament_xmllint/lib/python3.6/site-packages/ament_xmllint-0.8.1-py3.6.egg-info
[3.216s] running install_scripts
[3.289s] Installing ament_xmllint script to /opt/workspace/install/ament_xmllint/bin
[3.289s] writing list of installed files to '/opt/workspace/build/ament_xmllint/install.log'
[4.364s] Invoked command in '/opt/workspace/src/ament/ament_lint/ament_xmllint' returned '0': AMENT_PREFIX_PATH=/opt/workspace/install/ament_copyright:/opt/workspace/install/ament_pep257:/opt/workspace/install/ament_flake8:/opt/workspace/install/ament_lint:${AMENT_PREFIX_PATH} PATH=/opt/workspace/install/ament_copyright/bin:/opt/workspace/install/ament_pep257/bin:/opt/workspace/install/ament_flake8/bin:${PATH} PYTHONPATH=/opt/workspace/install/ament_xmllint/lib/python3.6/site-packages:/opt/workspace/install/ament_copyright/lib/python3.6/site-packages:/opt/workspace/install/ament_pep257/lib/python3.6/site-packages:/opt/workspace/install/ament_flake8/lib/python3.6/site-packages:/opt/workspace/install/ament_lint/lib/python3.6/site-packages:${PYTHONPATH} /usr/bin/python3 setup.py egg_info --egg-base /opt/workspace/build/ament_xmllint build --build-base /opt/workspace/build/ament_xmllint/build install --prefix /opt/workspace/install/ament_xmllint --record /opt/workspace/build/ament_xmllint/install.log --single-version-externally-managed
