[1.568s] [36mInstall the project...[0m
[1.615s] -- Install configuration: ""
[1.615s] -- Up-to-date: /opt/workspace/install/fastrtps_cmake_module/share/ament_index/resource_index/package_run_dependencies/fastrtps_cmake_module
[1.615s] -- Up-to-date: /opt/workspace/install/fastrtps_cmake_module/share/ament_index/resource_index/parent_prefix_path/fastrtps_cmake_module
[1.616s] -- Up-to-date: /opt/workspace/install/fastrtps_cmake_module/share/fastrtps_cmake_module/environment/ament_prefix_path.sh
[1.616s] -- Up-to-date: /opt/workspace/install/fastrtps_cmake_module/share/fastrtps_cmake_module/environment/ament_prefix_path.dsv
[1.616s] -- Up-to-date: /opt/workspace/install/fastrtps_cmake_module/share/fastrtps_cmake_module/environment/path.sh
[1.617s] -- Up-to-date: /opt/workspace/install/fastrtps_cmake_module/share/fastrtps_cmake_module/environment/path.dsv
[1.617s] -- Up-to-date: /opt/workspace/install/fastrtps_cmake_module/share/fastrtps_cmake_module/local_setup.bash
[1.617s] -- Up-to-date: /opt/workspace/install/fastrtps_cmake_module/share/fastrtps_cmake_module/local_setup.sh
[1.617s] -- Up-to-date: /opt/workspace/install/fastrtps_cmake_module/share/fastrtps_cmake_module/local_setup.zsh
[1.617s] -- Up-to-date: /opt/workspace/install/fastrtps_cmake_module/share/fastrtps_cmake_module/local_setup.dsv
[1.618s] -- Up-to-date: /opt/workspace/install/fastrtps_cmake_module/share/fastrtps_cmake_module/package.dsv
[1.618s] -- Up-to-date: /opt/workspace/install/fastrtps_cmake_module/share/ament_index/resource_index/packages/fastrtps_cmake_module
[1.631s] -- Up-to-date: /opt/workspace/install/fastrtps_cmake_module/share/fastrtps_cmake_module/cmake/fastrtps_cmake_module-extras.cmake
[1.632s] -- Up-to-date: /opt/workspace/install/fastrtps_cmake_module/share/fastrtps_cmake_module/cmake/fastrtps_cmake_moduleConfig.cmake
[1.632s] -- Up-to-date: /opt/workspace/install/fastrtps_cmake_module/share/fastrtps_cmake_module/cmake/fastrtps_cmake_moduleConfig-version.cmake
[1.632s] -- Up-to-date: /opt/workspace/install/fastrtps_cmake_module/share/fastrtps_cmake_module/package.xml
[1.633s] -- Up-to-date: /opt/workspace/install/fastrtps_cmake_module/share/fastrtps_cmake_module/cmake
[1.639s] -- Up-to-date: /opt/workspace/install/fastrtps_cmake_module/share/fastrtps_cmake_module/cmake/Modules
[1.641s] -- Up-to-date: /opt/workspace/install/fastrtps_cmake_module/share/fastrtps_cmake_module/cmake/Modules/FindFastRTPS.cmake
