[0.110s] Invoking command in '/opt/workspace/build/ament_cmake_export_link_flags': AMENT_PREFIX_PATH=/opt/workspace/install/ament_cmake_core:/opt/workspace/install/ament_package:${AMENT_PREFIX_PATH} CMAKE_PREFIX_PATH=/opt/workspace/install/ament_cmake_core:/opt/ros/eloquent PYTHONPATH=/opt/workspace/install/ament_package/lib/python3.6/site-packages:${PYTHONPATH} /usr/bin/cmake /opt/workspace/src/ament/ament_cmake/ament_cmake_export_link_flags -DCMAKE_INSTALL_PREFIX=/opt/workspace/install/ament_cmake_export_link_flags
[0.226s] -- Found ament_cmake_core: 0.8.2 (/opt/workspace/install/ament_cmake_core/share/ament_cmake_core/cmake)
[0.309s] -- Found PythonInterp: /usr/bin/python3 (found suitable version "3.6.9", minimum required is "3") 
[0.309s] -- Using PYTHON_EXECUTABLE: /usr/bin/python3
[0.943s] -- Configuring done
[0.943s] -- Generating done
[0.945s] -- Build files have been written to: /opt/workspace/build/ament_cmake_export_link_flags
[0.988s] Invoked command in '/opt/workspace/build/ament_cmake_export_link_flags' returned '0': AMENT_PREFIX_PATH=/opt/workspace/install/ament_cmake_core:/opt/workspace/install/ament_package:${AMENT_PREFIX_PATH} CMAKE_PREFIX_PATH=/opt/workspace/install/ament_cmake_core:/opt/ros/eloquent PYTHONPATH=/opt/workspace/install/ament_package/lib/python3.6/site-packages:${PYTHONPATH} /usr/bin/cmake /opt/workspace/src/ament/ament_cmake/ament_cmake_export_link_flags -DCMAKE_INSTALL_PREFIX=/opt/workspace/install/ament_cmake_export_link_flags
[0.990s] Invoking command in '/opt/workspace/build/ament_cmake_export_link_flags': AMENT_PREFIX_PATH=/opt/workspace/install/ament_cmake_core:/opt/workspace/install/ament_package:${AMENT_PREFIX_PATH} CMAKE_PREFIX_PATH=/opt/workspace/install/ament_cmake_core:/opt/ros/eloquent PYTHONPATH=/opt/workspace/install/ament_package/lib/python3.6/site-packages:${PYTHONPATH} /usr/bin/cmake --build /opt/workspace/build/ament_cmake_export_link_flags -- -j8 -l8
[1.177s] Invoked command in '/opt/workspace/build/ament_cmake_export_link_flags' returned '0': AMENT_PREFIX_PATH=/opt/workspace/install/ament_cmake_core:/opt/workspace/install/ament_package:${AMENT_PREFIX_PATH} CMAKE_PREFIX_PATH=/opt/workspace/install/ament_cmake_core:/opt/ros/eloquent PYTHONPATH=/opt/workspace/install/ament_package/lib/python3.6/site-packages:${PYTHONPATH} /usr/bin/cmake --build /opt/workspace/build/ament_cmake_export_link_flags -- -j8 -l8
[1.427s] Invoking command in '/opt/workspace/build/ament_cmake_export_link_flags': AMENT_PREFIX_PATH=/opt/workspace/install/ament_cmake_core:/opt/workspace/install/ament_package:${AMENT_PREFIX_PATH} CMAKE_PREFIX_PATH=/opt/workspace/install/ament_cmake_core:/opt/ros/eloquent PYTHONPATH=/opt/workspace/install/ament_package/lib/python3.6/site-packages:${PYTHONPATH} /usr/bin/cmake --build /opt/workspace/build/ament_cmake_export_link_flags --target install -- -j8 -l8
[1.643s] [36mInstall the project...[0m
[1.680s] -- Install configuration: ""
[1.681s] -- Installing: /opt/workspace/install/ament_cmake_export_link_flags/share/ament_index/resource_index/package_run_dependencies/ament_cmake_export_link_flags
[1.681s] -- Installing: /opt/workspace/install/ament_cmake_export_link_flags/share/ament_index/resource_index/parent_prefix_path/ament_cmake_export_link_flags
[1.682s] -- Installing: /opt/workspace/install/ament_cmake_export_link_flags/share/ament_cmake_export_link_flags/environment/ament_prefix_path.sh
[1.697s] -- Installing: /opt/workspace/install/ament_cmake_export_link_flags/share/ament_cmake_export_link_flags/environment/ament_prefix_path.dsv
[1.698s] -- Installing: /opt/workspace/install/ament_cmake_export_link_flags/share/ament_cmake_export_link_flags/environment/path.sh
[1.698s] -- Installing: /opt/workspace/install/ament_cmake_export_link_flags/share/ament_cmake_export_link_flags/environment/path.dsv
[1.698s] -- Installing: /opt/workspace/install/ament_cmake_export_link_flags/share/ament_cmake_export_link_flags/local_setup.bash
[1.698s] -- Installing: /opt/workspace/install/ament_cmake_export_link_flags/share/ament_cmake_export_link_flags/local_setup.sh
[1.698s] -- Installing: /opt/workspace/install/ament_cmake_export_link_flags/share/ament_cmake_export_link_flags/local_setup.zsh
[1.698s] -- Installing: /opt/workspace/install/ament_cmake_export_link_flags/share/ament_cmake_export_link_flags/local_setup.dsv
[1.699s] -- Installing: /opt/workspace/install/ament_cmake_export_link_flags/share/ament_cmake_export_link_flags/package.dsv
[1.699s] -- Installing: /opt/workspace/install/ament_cmake_export_link_flags/share/ament_index/resource_index/packages/ament_cmake_export_link_flags
[1.699s] -- Installing: /opt/workspace/install/ament_cmake_export_link_flags/share/ament_cmake_export_link_flags/cmake/ament_cmake_export_link_flags-extras.cmake
[1.699s] -- Installing: /opt/workspace/install/ament_cmake_export_link_flags/share/ament_cmake_export_link_flags/cmake/ament_cmake_export_link_flagsConfig.cmake
[1.699s] -- Installing: /opt/workspace/install/ament_cmake_export_link_flags/share/ament_cmake_export_link_flags/cmake/ament_cmake_export_link_flagsConfig-version.cmake
[1.700s] -- Installing: /opt/workspace/install/ament_cmake_export_link_flags/share/ament_cmake_export_link_flags/package.xml
[1.700s] -- Up-to-date: /opt/workspace/install/ament_cmake_export_link_flags/share/ament_cmake_export_link_flags/cmake
[1.700s] -- Installing: /opt/workspace/install/ament_cmake_export_link_flags/share/ament_cmake_export_link_flags/cmake/ament_cmake_export_link_flags-extras.cmake.in
[1.700s] -- Installing: /opt/workspace/install/ament_cmake_export_link_flags/share/ament_cmake_export_link_flags/cmake/ament_export_link_flags.cmake
[1.701s] -- Installing: /opt/workspace/install/ament_cmake_export_link_flags/share/ament_cmake_export_link_flags/cmake/ament_cmake_export_link_flags_package_hook.cmake
[1.800s] Invoked command in '/opt/workspace/build/ament_cmake_export_link_flags' returned '0': AMENT_PREFIX_PATH=/opt/workspace/install/ament_cmake_core:/opt/workspace/install/ament_package:${AMENT_PREFIX_PATH} CMAKE_PREFIX_PATH=/opt/workspace/install/ament_cmake_core:/opt/ros/eloquent PYTHONPATH=/opt/workspace/install/ament_package/lib/python3.6/site-packages:${PYTHONPATH} /usr/bin/cmake --build /opt/workspace/build/ament_cmake_export_link_flags --target install -- -j8 -l8
