[0.308s] -- Found ament_cmake_core: 0.8.2 (/opt/workspace/install/ament_cmake_core/share/ament_cmake_core/cmake)
[0.345s] -- Found PythonInterp: /usr/bin/python3 (found suitable version "3.6.9", minimum required is "3") 
[0.345s] -- Using PYTHON_EXECUTABLE: /usr/bin/python3
[0.799s] -- Configuring done
[0.801s] -- Generating done
[0.803s] -- Build files have been written to: /opt/workspace/build/ament_cmake_export_interfaces
[2.355s] [36mInstall the project...[0m
[2.371s] -- Install configuration: ""
[2.371s] -- Installing: /opt/workspace/install/ament_cmake_export_interfaces/share/ament_index/resource_index/package_run_dependencies/ament_cmake_export_interfaces
[2.372s] -- Installing: /opt/workspace/install/ament_cmake_export_interfaces/share/ament_index/resource_index/parent_prefix_path/ament_cmake_export_interfaces
[2.372s] -- Installing: /opt/workspace/install/ament_cmake_export_interfaces/share/ament_cmake_export_interfaces/environment/ament_prefix_path.sh
[2.372s] -- Installing: /opt/workspace/install/ament_cmake_export_interfaces/share/ament_cmake_export_interfaces/environment/ament_prefix_path.dsv
[2.372s] -- Installing: /opt/workspace/install/ament_cmake_export_interfaces/share/ament_cmake_export_interfaces/environment/path.sh
[2.373s] -- Installing: /opt/workspace/install/ament_cmake_export_interfaces/share/ament_cmake_export_interfaces/environment/path.dsv
[2.374s] -- Installing: /opt/workspace/install/ament_cmake_export_interfaces/share/ament_cmake_export_interfaces/local_setup.bash
[2.374s] -- Installing: /opt/workspace/install/ament_cmake_export_interfaces/share/ament_cmake_export_interfaces/local_setup.sh
[2.380s] -- Installing: /opt/workspace/install/ament_cmake_export_interfaces/share/ament_cmake_export_interfaces/local_setup.zsh
[2.381s] -- Installing: /opt/workspace/install/ament_cmake_export_interfaces/share/ament_cmake_export_interfaces/local_setup.dsv
[2.382s] -- Installing: /opt/workspace/install/ament_cmake_export_interfaces/share/ament_cmake_export_interfaces/package.dsv
[2.383s] -- Installing: /opt/workspace/install/ament_cmake_export_interfaces/share/ament_index/resource_index/packages/ament_cmake_export_interfaces
[2.383s] -- Installing: /opt/workspace/install/ament_cmake_export_interfaces/share/ament_cmake_export_interfaces/cmake/ament_cmake_export_interfaces-extras.cmake
[2.384s] -- Installing: /opt/workspace/install/ament_cmake_export_interfaces/share/ament_cmake_export_interfaces/cmake/ament_cmake_export_interfacesConfig.cmake
[2.385s] -- Installing: /opt/workspace/install/ament_cmake_export_interfaces/share/ament_cmake_export_interfaces/cmake/ament_cmake_export_interfacesConfig-version.cmake
[2.385s] -- Installing: /opt/workspace/install/ament_cmake_export_interfaces/share/ament_cmake_export_interfaces/package.xml
[2.385s] -- Up-to-date: /opt/workspace/install/ament_cmake_export_interfaces/share/ament_cmake_export_interfaces/cmake
[2.386s] -- Installing: /opt/workspace/install/ament_cmake_export_interfaces/share/ament_cmake_export_interfaces/cmake/ament_cmake_export_interfaces-extras.cmake.in
[2.386s] -- Installing: /opt/workspace/install/ament_cmake_export_interfaces/share/ament_cmake_export_interfaces/cmake/ament_cmake_export_interfaces_package_hook.cmake
[2.386s] -- Installing: /opt/workspace/install/ament_cmake_export_interfaces/share/ament_cmake_export_interfaces/cmake/ament_export_interfaces.cmake
