/opt/workspace/install/ament_package/lib/python3.6/site-packages/ament_package/__init__.py
/opt/workspace/install/ament_package/lib/python3.6/site-packages/ament_package/templates.py
/opt/workspace/install/ament_package/lib/python3.6/site-packages/ament_package/template/environment_hook/path.sh
/opt/workspace/install/ament_package/lib/python3.6/site-packages/ament_package/template/environment_hook/library_path.sh
/opt/workspace/install/ament_package/lib/python3.6/site-packages/ament_package/template/environment_hook/path.bat
/opt/workspace/install/ament_package/lib/python3.6/site-packages/ament_package/template/environment_hook/pkg_config_path.sh
/opt/workspace/install/ament_package/lib/python3.6/site-packages/ament_package/template/environment_hook/pkg_config_path.bat
/opt/workspace/install/ament_package/lib/python3.6/site-packages/ament_package/template/environment_hook/pythonpath.bat.in
/opt/workspace/install/ament_package/lib/python3.6/site-packages/ament_package/template/environment_hook/pythonpath.sh.in
/opt/workspace/install/ament_package/lib/python3.6/site-packages/ament_package/template/environment_hook/ament_prefix_path.sh
/opt/workspace/install/ament_package/lib/python3.6/site-packages/ament_package/template/environment_hook/ament_prefix_path.bat
/opt/workspace/install/ament_package/lib/python3.6/site-packages/ament_package/template/isolated_prefix_level/local_setup.zsh
/opt/workspace/install/ament_package/lib/python3.6/site-packages/ament_package/template/isolated_prefix_level/local_setup.bat.in
/opt/workspace/install/ament_package/lib/python3.6/site-packages/ament_package/template/isolated_prefix_level/_order_isolated_packages.py
/opt/workspace/install/ament_package/lib/python3.6/site-packages/ament_package/template/isolated_prefix_level/local_setup.sh.in
/opt/workspace/install/ament_package/lib/python3.6/site-packages/ament_package/template/isolated_prefix_level/local_setup.bash
/opt/workspace/install/ament_package/lib/python3.6/site-packages/ament_package/template/package_level/local_setup.zsh.in
/opt/workspace/install/ament_package/lib/python3.6/site-packages/ament_package/template/package_level/local_setup.bash.in
/opt/workspace/install/ament_package/lib/python3.6/site-packages/ament_package/template/package_level/local_setup.bat.in
/opt/workspace/install/ament_package/lib/python3.6/site-packages/ament_package/template/package_level/local_setup.sh.in
/opt/workspace/install/ament_package/lib/python3.6/site-packages/ament_package/template/prefix_level/setup.zsh
/opt/workspace/install/ament_package/lib/python3.6/site-packages/ament_package/template/prefix_level/local_setup.zsh
/opt/workspace/install/ament_package/lib/python3.6/site-packages/ament_package/template/prefix_level/local_setup.bat.in
/opt/workspace/install/ament_package/lib/python3.6/site-packages/ament_package/template/prefix_level/_local_setup_util.py
/opt/workspace/install/ament_package/lib/python3.6/site-packages/ament_package/template/prefix_level/setup.bash
/opt/workspace/install/ament_package/lib/python3.6/site-packages/ament_package/template/prefix_level/setup.sh.in
/opt/workspace/install/ament_package/lib/python3.6/site-packages/ament_package/template/prefix_level/setup.bat.in
/opt/workspace/install/ament_package/lib/python3.6/site-packages/ament_package/template/prefix_level/local_setup.sh.in
/opt/workspace/install/ament_package/lib/python3.6/site-packages/ament_package/template/prefix_level/local_setup.bash
/opt/workspace/install/ament_package/lib/python3.6/site-packages/ament_package/__pycache__/__init__.cpython-36.pyc
/opt/workspace/install/ament_package/lib/python3.6/site-packages/ament_package/__pycache__/templates.cpython-36.pyc
/opt/workspace/install/ament_package/lib/python3.6/site-packages/ament_package/template/isolated_prefix_level/__pycache__/_order_isolated_packages.cpython-36.pyc
/opt/workspace/install/ament_package/lib/python3.6/site-packages/ament_package/template/prefix_level/__pycache__/_local_setup_util.cpython-36.pyc
/opt/workspace/install/ament_package/share/ament_package/package.xml
/opt/workspace/install/ament_package/share/ament_index/resource_index/packages/ament_package
/opt/workspace/install/ament_package/lib/python3.6/site-packages/ament_package-0.8.8-py3.6.egg-info/dependency_links.txt
/opt/workspace/install/ament_package/lib/python3.6/site-packages/ament_package-0.8.8-py3.6.egg-info/zip-safe
/opt/workspace/install/ament_package/lib/python3.6/site-packages/ament_package-0.8.8-py3.6.egg-info/top_level.txt
/opt/workspace/install/ament_package/lib/python3.6/site-packages/ament_package-0.8.8-py3.6.egg-info/PKG-INFO
/opt/workspace/install/ament_package/lib/python3.6/site-packages/ament_package-0.8.8-py3.6.egg-info/SOURCES.txt
