[0.411s] -- Found ament_cmake_core: 0.8.2 (/opt/workspace/install/ament_cmake_core/share/ament_cmake_core/cmake)
[0.507s] -- Found PythonInterp: /usr/bin/python3 (found suitable version "3.6.9", minimum required is "3") 
[0.508s] -- Using PYTHON_EXECUTABLE: /usr/bin/python3
[1.192s] -- Found ament_cmake_test: 0.8.2 (/opt/workspace/install/ament_cmake_test/share/ament_cmake_test/cmake)
[1.336s] -- Found ament_cmake_copyright: 0.8.1 (/opt/workspace/install/ament_cmake_copyright/share/ament_cmake_copyright/cmake)
[1.339s] -- Found ament_cmake_lint_cmake: 0.8.1 (/opt/workspace/install/ament_cmake_lint_cmake/share/ament_cmake_lint_cmake/cmake)
[1.342s] -- Configuring done
[1.347s] -- Generating done
[1.350s] -- Build files have been written to: /opt/workspace/build/ament_cmake_pep257
[2.674s] [36mInstall the project...[0m
[2.694s] -- Install configuration: ""
[2.695s] -- Installing: /opt/workspace/install/ament_cmake_pep257/share/ament_index/resource_index/package_run_dependencies/ament_cmake_pep257
[2.695s] -- Installing: /opt/workspace/install/ament_cmake_pep257/share/ament_index/resource_index/parent_prefix_path/ament_cmake_pep257
[2.696s] -- Installing: /opt/workspace/install/ament_cmake_pep257/share/ament_cmake_pep257/environment/ament_prefix_path.sh
[2.696s] -- Installing: /opt/workspace/install/ament_cmake_pep257/share/ament_cmake_pep257/environment/ament_prefix_path.dsv
[2.697s] -- Installing: /opt/workspace/install/ament_cmake_pep257/share/ament_cmake_pep257/environment/path.sh
[2.698s] -- Installing: /opt/workspace/install/ament_cmake_pep257/share/ament_cmake_pep257/environment/path.dsv
[2.698s] -- Installing: /opt/workspace/install/ament_cmake_pep257/share/ament_cmake_pep257/local_setup.bash
[2.698s] -- Installing: /opt/workspace/install/ament_cmake_pep257/share/ament_cmake_pep257/local_setup.sh
[2.699s] -- Installing: /opt/workspace/install/ament_cmake_pep257/share/ament_cmake_pep257/local_setup.zsh
[2.699s] -- Installing: /opt/workspace/install/ament_cmake_pep257/share/ament_cmake_pep257/local_setup.dsv
[2.702s] -- Installing: /opt/workspace/install/ament_cmake_pep257/share/ament_cmake_pep257/package.dsv
[2.703s] -- Installing: /opt/workspace/install/ament_cmake_pep257/share/ament_index/resource_index/packages/ament_cmake_pep257
[2.705s] -- Installing: /opt/workspace/install/ament_cmake_pep257/share/ament_cmake_pep257/cmake/ament_cmake_pep257-extras.cmake
[2.705s] -- Installing: /opt/workspace/install/ament_cmake_pep257/share/ament_cmake_pep257/cmake/ament_cmake_pep257Config.cmake
[2.705s] -- Installing: /opt/workspace/install/ament_cmake_pep257/share/ament_cmake_pep257/cmake/ament_cmake_pep257Config-version.cmake
[2.709s] -- Installing: /opt/workspace/install/ament_cmake_pep257/share/ament_cmake_pep257/package.xml
[2.725s] -- Up-to-date: /opt/workspace/install/ament_cmake_pep257/share/ament_cmake_pep257/cmake
[2.725s] -- Installing: /opt/workspace/install/ament_cmake_pep257/share/ament_cmake_pep257/cmake/ament_cmake_pep257_lint_hook.cmake
[2.725s] -- Installing: /opt/workspace/install/ament_cmake_pep257/share/ament_cmake_pep257/cmake/ament_pep257.cmake
