[0.870s] -- The C compiler identification is GNU 7.4.0
[0.987s] -- The CXX compiler identification is GNU 7.4.0
[0.996s] -- Check for working C compiler: /usr/bin/cc
[1.124s] -- Check for working C compiler: /usr/bin/cc -- works
[1.125s] -- Detecting C compiler ABI info
[1.265s] -- Detecting C compiler ABI info - done
[1.274s] -- Detecting C compile features
[1.718s] -- Detecting C compile features - done
[1.723s] -- Check for working CXX compiler: /usr/bin/c++
[1.883s] -- Check for working CXX compiler: /usr/bin/c++ -- works
[1.884s] -- Detecting CXX compiler ABI info
[2.053s] -- Detecting CXX compiler ABI info - done
[2.064s] -- Detecting CXX compile features
[2.768s] -- Detecting CXX compile features - done
[2.778s] -- Found ament_cmake: 0.8.2 (/opt/workspace/install/ament_cmake/share/ament_cmake/cmake)
[2.871s] -- Found PythonInterp: /usr/bin/python3 (found suitable version "3.6.9", minimum required is "3") 
[2.871s] -- Using PYTHON_EXECUTABLE: /usr/bin/python3
[3.587s] -- Configuring done
[3.590s] -- Generating done
[3.592s] -- Build files have been written to: /opt/workspace/build/rqt_srv
[3.785s] [36mInstall the project...[0m
[3.799s] -- Install configuration: ""
[3.799s] -- Installing: /opt/workspace/install/rqt_srv/share/rqt_srv/environment/pythonpath.sh
[3.799s] -- Installing: /opt/workspace/install/rqt_srv/share/rqt_srv/environment/pythonpath.dsv
[3.800s] -- Installing: /opt/workspace/install/rqt_srv/lib/python3.6/site-packages/rqt_srv
[3.800s] -- Installing: /opt/workspace/install/rqt_srv/lib/python3.6/site-packages/rqt_srv/__init__.py
[3.800s] -- Installing: /opt/workspace/install/rqt_srv/lib/python3.6/site-packages/rqt_srv/services.py
[3.899s] Listing '/opt/workspace/install/rqt_srv/lib/python3.6/site-packages/rqt_srv'...
[3.899s] Compiling '/opt/workspace/install/rqt_srv/lib/python3.6/site-packages/rqt_srv/__init__.py'...
[3.899s] Compiling '/opt/workspace/install/rqt_srv/lib/python3.6/site-packages/rqt_srv/services.py'...
[3.904s] -- Installing: /opt/workspace/install/rqt_srv/share/rqt_srv/plugin.xml
[3.904s] -- Installing: /opt/workspace/install/rqt_srv/lib/rqt_srv/rqt_srv
[3.905s] -- Installing: /opt/workspace/install/rqt_srv/share/ament_index/resource_index/package_run_dependencies/rqt_srv
[3.905s] -- Installing: /opt/workspace/install/rqt_srv/share/ament_index/resource_index/parent_prefix_path/rqt_srv
[3.905s] -- Installing: /opt/workspace/install/rqt_srv/share/rqt_srv/environment/ament_prefix_path.sh
[3.905s] -- Installing: /opt/workspace/install/rqt_srv/share/rqt_srv/environment/ament_prefix_path.dsv
[3.906s] -- Installing: /opt/workspace/install/rqt_srv/share/rqt_srv/environment/path.sh
[3.906s] -- Installing: /opt/workspace/install/rqt_srv/share/rqt_srv/environment/path.dsv
[3.906s] -- Installing: /opt/workspace/install/rqt_srv/share/rqt_srv/local_setup.bash
[3.907s] -- Installing: /opt/workspace/install/rqt_srv/share/rqt_srv/local_setup.sh
[3.907s] -- Installing: /opt/workspace/install/rqt_srv/share/rqt_srv/local_setup.zsh
[3.907s] -- Installing: /opt/workspace/install/rqt_srv/share/rqt_srv/local_setup.dsv
[3.907s] -- Installing: /opt/workspace/install/rqt_srv/share/rqt_srv/package.dsv
[3.908s] -- Installing: /opt/workspace/install/rqt_srv/share/ament_index/resource_index/packages/rqt_srv
[3.908s] -- Installing: /opt/workspace/install/rqt_srv/share/rqt_srv/cmake/rqt_srvConfig.cmake
[3.908s] -- Installing: /opt/workspace/install/rqt_srv/share/rqt_srv/cmake/rqt_srvConfig-version.cmake
[3.908s] -- Installing: /opt/workspace/install/rqt_srv/share/rqt_srv/package.xml
