[1.245s] -- The C compiler identification is GNU 7.4.0
[1.391s] -- The CXX compiler identification is GNU 7.4.0
[1.411s] -- Check for working C compiler: /usr/bin/cc
[1.607s] -- Check for working C compiler: /usr/bin/cc -- works
[1.610s] -- Detecting C compiler ABI info
[1.818s] -- Detecting C compiler ABI info - done
[1.833s] -- Detecting C compile features
[2.455s] -- Detecting C compile features - done
[2.460s] -- Check for working CXX compiler: /usr/bin/c++
[2.693s] -- Check for working CXX compiler: /usr/bin/c++ -- works
[2.694s] -- Detecting CXX compiler ABI info
[2.894s] -- Detecting CXX compiler ABI info - done
[2.907s] -- Detecting CXX compile features
[3.897s] -- Detecting CXX compile features - done
[3.910s] -- Found ament_cmake: 0.8.2 (/opt/workspace/install/ament_cmake/share/ament_cmake/cmake)
[4.028s] -- Found PythonInterp: /usr/bin/python3 (found suitable version "3.6.9", minimum required is "3") 
[4.028s] -- Using PYTHON_EXECUTABLE: /usr/bin/python3
[4.662s] -- Found ament_index_cpp: 0.7.2 (/opt/workspace/install/ament_index_cpp/share/ament_index_cpp/cmake)
[4.674s] -- Found pluginlib: 2.4.1 (/opt/workspace/install/pluginlib/share/pluginlib/cmake)
[4.690s] -- Found tinyxml2_vendor:  (/opt/workspace/install/tinyxml2_vendor/share/tinyxml2_vendor/cmake)
[4.744s] -- Found TinyXML2: /usr/lib/x86_64-linux-gnu/libtinyxml2.so  
[4.768s] -- Found poco_vendor:  (/opt/workspace/install/poco_vendor/share/poco_vendor/cmake)
[4.836s] -- Found rcpputils: 0.2.1 (/opt/workspace/install/rcpputils/share/rcpputils/cmake)
[4.840s] -- Found rosbag2_storage: 0.2.4 (/opt/workspace/install/rosbag2_storage/share/rosbag2_storage/cmake)
[4.859s] -- Setting yaml-cpp_DIR to: '/opt/workspace/install/yaml_cpp_vendor/share/yaml_cpp_vendor/cmake/../../../opt/yaml_cpp_vendor/lib/cmake/yaml-cpp'
[4.869s] -- Found rosidl_generator_cpp: 0.8.2 (/opt/workspace/install/rosidl_generator_cpp/share/rosidl_generator_cpp/cmake)
[4.894s] -- Found rosidl_adapter: 0.8.2 (/opt/workspace/install/rosidl_adapter/share/rosidl_adapter/cmake)
[4.930s] -- Found rosidl_typesupport_cpp: 0.8.0 (/opt/workspace/install/rosidl_typesupport_cpp/share/rosidl_typesupport_cpp/cmake)
[4.959s] -- Found rosidl_typesupport_introspection_cpp: 0.8.2 (/opt/workspace/install/rosidl_typesupport_introspection_cpp/share/rosidl_typesupport_introspection_cpp/cmake)
[5.083s] -- Found ament_cmake_gmock: 0.8.2 (/opt/workspace/install/ament_cmake_gmock/share/ament_cmake_gmock/cmake)
[5.098s] -- Found ament_lint_auto: 0.8.1 (/opt/workspace/install/ament_lint_auto/share/ament_lint_auto/cmake)
[5.101s] -- Found test_msgs: 0.8.0 (/opt/workspace/install/test_msgs/share/test_msgs/cmake)
[5.504s] -- Found rmw_implementation_cmake: 0.8.1 (/opt/workspace/install/rmw_implementation_cmake/share/rmw_implementation_cmake/cmake)
[5.521s] -- Using RMW implementation 'rmw_fastrtps_cpp' as default
[5.523s] -- Looking for pthread.h
[5.726s] -- Looking for pthread.h - found
[5.727s] -- Looking for pthread_create
[5.992s] -- Looking for pthread_create - not found
[5.993s] -- Looking for pthread_create in pthreads
[6.216s] -- Looking for pthread_create in pthreads - not found
[6.216s] -- Looking for pthread_create in pthread
[6.471s] -- Looking for pthread_create in pthread - found
[6.473s] -- Found Threads: TRUE  
[6.654s] -- Found gmock sources under '/opt/workspace/install/gmock_vendor/src/gmock_vendor': C++ tests using 'Google Mock' will be built
[6.698s] -- Found ament_cmake_gtest: 0.8.2 (/opt/workspace/install/ament_cmake_gtest/share/ament_cmake_gtest/cmake)
[6.700s] -- Found gtest sources under '/opt/workspace/install/gtest_vendor/src/gtest_vendor': C++ tests using 'Google Test' will be built
[6.864s] -- Added test 'copyright' to check for copyright in CMake / C / C++ / Python code
[6.872s] -- Added test 'cppcheck' to perform static code analysis on C / C++ code
[6.875s] -- Configured cppcheck include dirs: $<BUILD_INTERFACE:/opt/workspace/src/ros2/rosbag2/rosbag2/include>;/opt/workspace/src/ros2/rosbag2/rosbag2/include
[6.883s] -- Added test 'cpplint' to check C / C++ code against the Google style
[6.888s] -- Added test 'lint_cmake' to check CMake code style
[6.899s] -- Added test 'uncrustify' to check C / C++ code style
[6.902s] -- Added test 'xmllint' to check XML markup files
[6.913s] -- Configuring done
[7.042s] -- Generating done
[7.048s] -- Build files have been written to: /opt/workspace/build/rosbag2
[7.244s] [35m[1mScanning dependencies of target gmock[0m
[7.318s] [  2%] [32mBuilding CXX object gmock/CMakeFiles/gmock.dir/opt/workspace/install/gtest_vendor/src/gtest_vendor/src/gtest-all.cc.o[0m
[13.944s] [  5%] [32mBuilding CXX object gmock/CMakeFiles/gmock.dir/src/gmock-all.cc.o[0m
[17.768s] [  8%] [32m[1mLinking CXX static library libgmock.a[0m
[17.945s] [  8%] Built target gmock
[17.975s] [35m[1mScanning dependencies of target gmock_main[0m
[18.038s] [ 11%] [32mBuilding CXX object gmock/CMakeFiles/gmock_main.dir/src/gmock_main.cc.o[0m
[19.967s] [ 14%] [32m[1mLinking CXX static library libgmock_main.a[0m
[20.092s] [ 14%] Built target gmock_main
[20.151s] [35m[1mScanning dependencies of target rosbag2[0m
[20.283s] [ 17%] [32mBuilding CXX object CMakeFiles/rosbag2.dir/src/rosbag2/converter.cpp.o[0m
[21.622s] [ 20%] [32mBuilding CXX object CMakeFiles/rosbag2.dir/src/rosbag2/typesupport_helpers.cpp.o[0m
[22.419s] [ 23%] [32mBuilding CXX object CMakeFiles/rosbag2.dir/src/rosbag2/writer.cpp.o[0m
[23.488s] [ 26%] [32mBuilding CXX object CMakeFiles/rosbag2.dir/src/rosbag2/writers/sequential_writer.cpp.o[0m
[25.600s] [ 29%] [32mBuilding CXX object CMakeFiles/rosbag2.dir/src/rosbag2/types/introspection_message.cpp.o[0m
[26.150s] [ 32%] [32mBuilding CXX object CMakeFiles/rosbag2.dir/src/rosbag2/serialization_format_converter_factory.cpp.o[0m
[33.020s] [ 35%] [32mBuilding CXX object CMakeFiles/rosbag2.dir/src/rosbag2/readers/sequential_reader.cpp.o[0m
[34.828s] [ 38%] [32mBuilding CXX object CMakeFiles/rosbag2.dir/src/rosbag2/reader.cpp.o[0m
[35.637s] [ 41%] [32mBuilding CXX object CMakeFiles/rosbag2.dir/src/rosbag2/info.cpp.o[0m
[36.557s] [ 44%] [32m[1mLinking CXX shared library librosbag2.so[0m
[37.116s] [ 44%] Built target rosbag2
[37.208s] [35m[1mScanning dependencies of target test_ros2_message[0m
[37.326s] [ 47%] [32mBuilding CXX object CMakeFiles/test_ros2_message.dir/test/rosbag2/types/test_ros2_message.cpp.o[0m
[45.501s] [ 50%] [32mBuilding CXX object CMakeFiles/test_ros2_message.dir/src/rosbag2/typesupport_helpers.cpp.o[0m
[46.349s] [ 52%] [32mBuilding CXX object CMakeFiles/test_ros2_message.dir/src/rosbag2/types/introspection_message.cpp.o[0m
[46.919s] [ 55%] [32m[1mLinking CXX executable test_ros2_message[0m
[47.706s] [ 55%] Built target test_ros2_message
[47.741s] [35m[1mScanning dependencies of target test_multifile_reader[0m
[47.815s] [ 58%] [32mBuilding CXX object CMakeFiles/test_multifile_reader.dir/test/rosbag2/test_multifile_reader.cpp.o[0m
[56.542s] [ 61%] [32m[1mLinking CXX executable test_multifile_reader[0m
[57.337s] [ 61%] Built target test_multifile_reader
[57.372s] [35m[1mScanning dependencies of target test_sequential_writer[0m
[57.456s] [ 64%] [32mBuilding CXX object CMakeFiles/test_sequential_writer.dir/test/rosbag2/test_sequential_writer.cpp.o[0m
[68.243s] [ 67%] [32m[1mLinking CXX executable test_sequential_writer[0m
[69.101s] [ 67%] Built target test_sequential_writer
[69.130s] [35m[1mScanning dependencies of target test_info[0m
[69.193s] [ 70%] [32mBuilding CXX object CMakeFiles/test_info.dir/test/rosbag2/test_info.cpp.o[0m
[72.202s] [ 73%] [32m[1mLinking CXX executable test_info[0m
[72.810s] [ 73%] Built target test_info
[72.839s] [35m[1mScanning dependencies of target test_sequential_reader[0m
[72.912s] [ 76%] [32mBuilding CXX object CMakeFiles/test_sequential_reader.dir/test/rosbag2/test_sequential_reader.cpp.o[0m
[83.290s] [ 79%] [32m[1mLinking CXX executable test_sequential_reader[0m
[84.125s] [ 79%] Built target test_sequential_reader
[84.157s] [35m[1mScanning dependencies of target test_typesupport_helpers[0m
[84.222s] [ 82%] [32mBuilding CXX object CMakeFiles/test_typesupport_helpers.dir/test/rosbag2/test_typesupport_helpers.cpp.o[0m
[86.544s] [ 85%] [32m[1mLinking CXX executable test_typesupport_helpers[0m
[87.046s] [ 85%] Built target test_typesupport_helpers
[87.079s] [35m[1mScanning dependencies of target converter_test_plugins[0m
[87.139s] [ 88%] [32mBuilding CXX object CMakeFiles/converter_test_plugins.dir/test/rosbag2/serializer_test_plugin.cpp.o[0m
[88.067s] [ 91%] [32mBuilding CXX object CMakeFiles/converter_test_plugins.dir/test/rosbag2/converter_test_plugin.cpp.o[0m
[89.026s] [ 94%] [32m[1mLinking CXX shared library libconverter_test_plugins.so[0m
[89.218s] [ 94%] Built target converter_test_plugins
[89.249s] [35m[1mScanning dependencies of target test_converter_factory[0m
[89.323s] [ 97%] [32mBuilding CXX object CMakeFiles/test_converter_factory.dir/test/rosbag2/test_converter_factory.cpp.o[0m
[91.874s] [100%] [32m[1mLinking CXX executable test_converter_factory[0m
[92.430s] [100%] Built target test_converter_factory
[92.774s] [  8%] Built target gmock
[92.841s] [ 14%] Built target gmock_main
[92.928s] [ 44%] Built target rosbag2
[93.010s] [ 55%] Built target test_ros2_message
[93.098s] [ 61%] Built target test_multifile_reader
[93.184s] [ 67%] Built target test_sequential_writer
[93.256s] [ 73%] Built target test_info
[93.324s] [ 79%] Built target test_sequential_reader
[93.390s] [ 85%] Built target test_typesupport_helpers
[93.456s] [ 94%] Built target converter_test_plugins
[93.525s] [100%] Built target test_converter_factory
[93.577s] [36mInstall the project...[0m
[93.602s] -- Install configuration: ""
[93.603s] -- Installing: /opt/workspace/install/rosbag2/include
[93.603s] -- Installing: /opt/workspace/install/rosbag2/include/rosbag2
[93.603s] -- Installing: /opt/workspace/install/rosbag2/include/rosbag2/reader.hpp
[93.604s] -- Installing: /opt/workspace/install/rosbag2/include/rosbag2/serialization_format_converter_factory_interface.hpp
[93.604s] -- Installing: /opt/workspace/install/rosbag2/include/rosbag2/typesupport_helpers.hpp
[93.604s] -- Installing: /opt/workspace/install/rosbag2/include/rosbag2/writer_interfaces
[93.605s] -- Installing: /opt/workspace/install/rosbag2/include/rosbag2/writer_interfaces/base_writer_interface.hpp
[93.605s] -- Installing: /opt/workspace/install/rosbag2/include/rosbag2/visibility_control.hpp
[93.605s] -- Installing: /opt/workspace/install/rosbag2/include/rosbag2/converter_options.hpp
[93.605s] -- Installing: /opt/workspace/install/rosbag2/include/rosbag2/serialization_format_converter_factory.hpp
[93.606s] -- Installing: /opt/workspace/install/rosbag2/include/rosbag2/logging.hpp
[93.606s] -- Installing: /opt/workspace/install/rosbag2/include/rosbag2/info.hpp
[93.606s] -- Installing: /opt/workspace/install/rosbag2/include/rosbag2/storage_options.hpp
[93.607s] -- Installing: /opt/workspace/install/rosbag2/include/rosbag2/reader_interfaces
[93.607s] -- Installing: /opt/workspace/install/rosbag2/include/rosbag2/reader_interfaces/base_reader_interface.hpp
[93.607s] -- Installing: /opt/workspace/install/rosbag2/include/rosbag2/converter_interfaces
[93.607s] -- Installing: /opt/workspace/install/rosbag2/include/rosbag2/converter_interfaces/serialization_format_serializer.hpp
[93.608s] -- Installing: /opt/workspace/install/rosbag2/include/rosbag2/converter_interfaces/serialization_format_deserializer.hpp
[93.608s] -- Installing: /opt/workspace/install/rosbag2/include/rosbag2/converter_interfaces/serialization_format_converter.hpp
[93.608s] -- Installing: /opt/workspace/install/rosbag2/include/rosbag2/types
[93.608s] -- Installing: /opt/workspace/install/rosbag2/include/rosbag2/types/introspection_message.hpp
[93.609s] -- Installing: /opt/workspace/install/rosbag2/include/rosbag2/converter.hpp
[93.609s] -- Installing: /opt/workspace/install/rosbag2/include/rosbag2/writers
[93.609s] -- Installing: /opt/workspace/install/rosbag2/include/rosbag2/writers/sequential_writer.hpp
[93.609s] -- Installing: /opt/workspace/install/rosbag2/include/rosbag2/writer.hpp
[93.609s] -- Installing: /opt/workspace/install/rosbag2/include/rosbag2/readers
[93.610s] -- Installing: /opt/workspace/install/rosbag2/include/rosbag2/readers/sequential_reader.hpp
[93.610s] -- Installing: /opt/workspace/install/rosbag2/include/rosbag2/types.hpp
[93.610s] -- Installing: /opt/workspace/install/rosbag2/lib/librosbag2.so
[93.615s] -- Set runtime path of "/opt/workspace/install/rosbag2/lib/librosbag2.so" to ""
[93.615s] -- Installing: /opt/workspace/install/rosbag2/share/rosbag2/environment/library_path.sh
[93.616s] -- Installing: /opt/workspace/install/rosbag2/share/rosbag2/environment/library_path.dsv
[93.617s] -- Installing: /opt/workspace/install/rosbag2/lib/libconverter_test_plugins.so
[93.617s] -- Set runtime path of "/opt/workspace/install/rosbag2/lib/libconverter_test_plugins.so" to ""
[93.618s] -- Installing: /opt/workspace/install/rosbag2/share/rosbag2/test/rosbag2/converter_test_plugin.xml
[93.618s] -- Installing: /opt/workspace/install/rosbag2/share/ament_index/resource_index/package_run_dependencies/rosbag2
[93.618s] -- Installing: /opt/workspace/install/rosbag2/share/ament_index/resource_index/parent_prefix_path/rosbag2
[93.618s] -- Installing: /opt/workspace/install/rosbag2/share/rosbag2/environment/ament_prefix_path.sh
[93.619s] -- Installing: /opt/workspace/install/rosbag2/share/rosbag2/environment/ament_prefix_path.dsv
[93.619s] -- Installing: /opt/workspace/install/rosbag2/share/rosbag2/environment/path.sh
[93.619s] -- Installing: /opt/workspace/install/rosbag2/share/rosbag2/environment/path.dsv
[93.620s] -- Installing: /opt/workspace/install/rosbag2/share/rosbag2/local_setup.bash
[93.620s] -- Installing: /opt/workspace/install/rosbag2/share/rosbag2/local_setup.sh
[93.621s] -- Installing: /opt/workspace/install/rosbag2/share/rosbag2/local_setup.zsh
[93.621s] -- Installing: /opt/workspace/install/rosbag2/share/rosbag2/local_setup.dsv
[93.622s] -- Installing: /opt/workspace/install/rosbag2/share/rosbag2/package.dsv
[93.622s] -- Installing: /opt/workspace/install/rosbag2/share/ament_index/resource_index/packages/rosbag2
[93.622s] -- Installing: /opt/workspace/install/rosbag2/share/ament_index/resource_index/rosbag2__pluginlib__plugin/rosbag2
[93.623s] -- Installing: /opt/workspace/install/rosbag2/share/rosbag2/cmake/ament_cmake_export_include_directories-extras.cmake
[93.623s] -- Installing: /opt/workspace/install/rosbag2/share/rosbag2/cmake/ament_cmake_export_libraries-extras.cmake
[93.623s] -- Installing: /opt/workspace/install/rosbag2/share/rosbag2/cmake/ament_cmake_export_dependencies-extras.cmake
[93.624s] -- Installing: /opt/workspace/install/rosbag2/share/rosbag2/cmake/rosbag2Config.cmake
[93.624s] -- Installing: /opt/workspace/install/rosbag2/share/rosbag2/cmake/rosbag2Config-version.cmake
[93.624s] -- Installing: /opt/workspace/install/rosbag2/share/rosbag2/package.xml
