[3.893s] running egg_info
[3.894s] creating /opt/workspace/build/ament_cpplint/ament_cpplint.egg-info
[3.894s] writing /opt/workspace/build/ament_cpplint/ament_cpplint.egg-info/PKG-INFO
[3.894s] writing dependency_links to /opt/workspace/build/ament_cpplint/ament_cpplint.egg-info/dependency_links.txt
[3.894s] writing entry points to /opt/workspace/build/ament_cpplint/ament_cpplint.egg-info/entry_points.txt
[3.895s] writing requirements to /opt/workspace/build/ament_cpplint/ament_cpplint.egg-info/requires.txt
[3.895s] writing top-level names to /opt/workspace/build/ament_cpplint/ament_cpplint.egg-info/top_level.txt
[3.895s] writing manifest file '/opt/workspace/build/ament_cpplint/ament_cpplint.egg-info/SOURCES.txt'
[3.895s] reading manifest file '/opt/workspace/build/ament_cpplint/ament_cpplint.egg-info/SOURCES.txt'
[3.895s] writing manifest file '/opt/workspace/build/ament_cpplint/ament_cpplint.egg-info/SOURCES.txt'
[3.896s] running build
[3.896s] running build_py
[3.896s] creating /opt/workspace/build/ament_cpplint/build
[3.896s] creating /opt/workspace/build/ament_cpplint/build/lib
[3.896s] creating /opt/workspace/build/ament_cpplint/build/lib/ament_cpplint
[3.897s] copying ament_cpplint/cpplint.py -> /opt/workspace/build/ament_cpplint/build/lib/ament_cpplint
[3.897s] copying ament_cpplint/__init__.py -> /opt/workspace/build/ament_cpplint/build/lib/ament_cpplint
[3.897s] copying ament_cpplint/main.py -> /opt/workspace/build/ament_cpplint/build/lib/ament_cpplint
[3.898s] running install
[3.898s] running install_lib
[3.898s] creating /opt/workspace/install/ament_cpplint/lib/python3.6/site-packages/ament_cpplint
[3.898s] copying /opt/workspace/build/ament_cpplint/build/lib/ament_cpplint/cpplint.py -> /opt/workspace/install/ament_cpplint/lib/python3.6/site-packages/ament_cpplint
[3.898s] copying /opt/workspace/build/ament_cpplint/build/lib/ament_cpplint/__init__.py -> /opt/workspace/install/ament_cpplint/lib/python3.6/site-packages/ament_cpplint
[3.900s] copying /opt/workspace/build/ament_cpplint/build/lib/ament_cpplint/main.py -> /opt/workspace/install/ament_cpplint/lib/python3.6/site-packages/ament_cpplint
[3.900s] byte-compiling /opt/workspace/install/ament_cpplint/lib/python3.6/site-packages/ament_cpplint/cpplint.py to cpplint.cpython-36.pyc
[3.905s] byte-compiling /opt/workspace/install/ament_cpplint/lib/python3.6/site-packages/ament_cpplint/__init__.py to __init__.cpython-36.pyc
[3.907s] byte-compiling /opt/workspace/install/ament_cpplint/lib/python3.6/site-packages/ament_cpplint/main.py to main.cpython-36.pyc
[3.907s] running install_data
[3.908s] copying package.xml -> /opt/workspace/install/ament_cpplint/share/ament_cpplint
[3.908s] creating /opt/workspace/install/ament_cpplint/share/ament_index
[3.908s] creating /opt/workspace/install/ament_cpplint/share/ament_index/resource_index
[3.908s] creating /opt/workspace/install/ament_cpplint/share/ament_index/resource_index/packages
[3.909s] copying resource/ament_cpplint -> /opt/workspace/install/ament_cpplint/share/ament_index/resource_index/packages
[3.909s] running install_egg_info
[3.909s] Copying /opt/workspace/build/ament_cpplint/ament_cpplint.egg-info to /opt/workspace/install/ament_cpplint/lib/python3.6/site-packages/ament_cpplint-0.8.1-py3.6.egg-info
[3.910s] running install_scripts
[3.910s] Installing ament_cpplint script to /opt/workspace/install/ament_cpplint/bin
[3.910s] writing list of installed files to '/opt/workspace/build/ament_cpplint/install.log'
