[4.409s] running egg_info
[4.410s] creating /opt/workspace/build/ros2doctor/ros2doctor.egg-info
[4.411s] writing /opt/workspace/build/ros2doctor/ros2doctor.egg-info/PKG-INFO
[4.412s] writing dependency_links to /opt/workspace/build/ros2doctor/ros2doctor.egg-info/dependency_links.txt
[4.413s] writing entry points to /opt/workspace/build/ros2doctor/ros2doctor.egg-info/entry_points.txt
[4.414s] writing requirements to /opt/workspace/build/ros2doctor/ros2doctor.egg-info/requires.txt
[4.414s] writing top-level names to /opt/workspace/build/ros2doctor/ros2doctor.egg-info/top_level.txt
[4.423s] writing manifest file '/opt/workspace/build/ros2doctor/ros2doctor.egg-info/SOURCES.txt'
[4.504s] reading manifest file '/opt/workspace/build/ros2doctor/ros2doctor.egg-info/SOURCES.txt'
[4.507s] writing manifest file '/opt/workspace/build/ros2doctor/ros2doctor.egg-info/SOURCES.txt'
[4.508s] running build
[4.508s] running build_py
[4.509s] creating /opt/workspace/build/ros2doctor/build
[4.509s] creating /opt/workspace/build/ros2doctor/build/lib
[4.509s] creating /opt/workspace/build/ros2doctor/build/lib/ros2doctor
[4.510s] copying ros2doctor/__init__.py -> /opt/workspace/build/ros2doctor/build/lib/ros2doctor
[4.511s] creating /opt/workspace/build/ros2doctor/build/lib/ros2doctor/api
[4.512s] copying ros2doctor/api/rmw.py -> /opt/workspace/build/ros2doctor/build/lib/ros2doctor/api
[4.512s] copying ros2doctor/api/network.py -> /opt/workspace/build/ros2doctor/build/lib/ros2doctor/api
[4.512s] copying ros2doctor/api/__init__.py -> /opt/workspace/build/ros2doctor/build/lib/ros2doctor/api
[4.513s] copying ros2doctor/api/format.py -> /opt/workspace/build/ros2doctor/build/lib/ros2doctor/api
[4.513s] copying ros2doctor/api/topic.py -> /opt/workspace/build/ros2doctor/build/lib/ros2doctor/api
[4.513s] copying ros2doctor/api/platform.py -> /opt/workspace/build/ros2doctor/build/lib/ros2doctor/api
[4.514s] creating /opt/workspace/build/ros2doctor/build/lib/ros2doctor/command
[4.514s] copying ros2doctor/command/__init__.py -> /opt/workspace/build/ros2doctor/build/lib/ros2doctor/command
[4.514s] copying ros2doctor/command/doctor.py -> /opt/workspace/build/ros2doctor/build/lib/ros2doctor/command
[4.517s] running install
[4.518s] running install_lib
[4.519s] creating /opt/workspace/install/ros2doctor/lib/python3.6/site-packages/ros2doctor
[4.519s] copying /opt/workspace/build/ros2doctor/build/lib/ros2doctor/__init__.py -> /opt/workspace/install/ros2doctor/lib/python3.6/site-packages/ros2doctor
[4.519s] creating /opt/workspace/install/ros2doctor/lib/python3.6/site-packages/ros2doctor/api
[4.520s] copying /opt/workspace/build/ros2doctor/build/lib/ros2doctor/api/rmw.py -> /opt/workspace/install/ros2doctor/lib/python3.6/site-packages/ros2doctor/api
[4.520s] copying /opt/workspace/build/ros2doctor/build/lib/ros2doctor/api/network.py -> /opt/workspace/install/ros2doctor/lib/python3.6/site-packages/ros2doctor/api
[4.520s] copying /opt/workspace/build/ros2doctor/build/lib/ros2doctor/api/__init__.py -> /opt/workspace/install/ros2doctor/lib/python3.6/site-packages/ros2doctor/api
[4.520s] copying /opt/workspace/build/ros2doctor/build/lib/ros2doctor/api/format.py -> /opt/workspace/install/ros2doctor/lib/python3.6/site-packages/ros2doctor/api
[4.520s] copying /opt/workspace/build/ros2doctor/build/lib/ros2doctor/api/topic.py -> /opt/workspace/install/ros2doctor/lib/python3.6/site-packages/ros2doctor/api
[4.521s] copying /opt/workspace/build/ros2doctor/build/lib/ros2doctor/api/platform.py -> /opt/workspace/install/ros2doctor/lib/python3.6/site-packages/ros2doctor/api
[4.521s] creating /opt/workspace/install/ros2doctor/lib/python3.6/site-packages/ros2doctor/command
[4.521s] copying /opt/workspace/build/ros2doctor/build/lib/ros2doctor/command/__init__.py -> /opt/workspace/install/ros2doctor/lib/python3.6/site-packages/ros2doctor/command
[4.522s] copying /opt/workspace/build/ros2doctor/build/lib/ros2doctor/command/doctor.py -> /opt/workspace/install/ros2doctor/lib/python3.6/site-packages/ros2doctor/command
[4.522s] byte-compiling /opt/workspace/install/ros2doctor/lib/python3.6/site-packages/ros2doctor/__init__.py to __init__.cpython-36.pyc
[4.522s] byte-compiling /opt/workspace/install/ros2doctor/lib/python3.6/site-packages/ros2doctor/api/rmw.py to rmw.cpython-36.pyc
[4.523s] byte-compiling /opt/workspace/install/ros2doctor/lib/python3.6/site-packages/ros2doctor/api/network.py to network.cpython-36.pyc
[4.523s] byte-compiling /opt/workspace/install/ros2doctor/lib/python3.6/site-packages/ros2doctor/api/__init__.py to __init__.cpython-36.pyc
[4.525s] byte-compiling /opt/workspace/install/ros2doctor/lib/python3.6/site-packages/ros2doctor/api/format.py to format.cpython-36.pyc
[4.526s] byte-compiling /opt/workspace/install/ros2doctor/lib/python3.6/site-packages/ros2doctor/api/topic.py to topic.cpython-36.pyc
[4.527s] byte-compiling /opt/workspace/install/ros2doctor/lib/python3.6/site-packages/ros2doctor/api/platform.py to platform.cpython-36.pyc
[4.529s] byte-compiling /opt/workspace/install/ros2doctor/lib/python3.6/site-packages/ros2doctor/command/__init__.py to __init__.cpython-36.pyc
[4.529s] byte-compiling /opt/workspace/install/ros2doctor/lib/python3.6/site-packages/ros2doctor/command/doctor.py to doctor.cpython-36.pyc
[4.531s] running install_data
[4.532s] copying package.xml -> /opt/workspace/install/ros2doctor/share/ros2doctor
[4.534s] creating /opt/workspace/install/ros2doctor/share/ament_index
[4.534s] creating /opt/workspace/install/ros2doctor/share/ament_index/resource_index
[4.534s] creating /opt/workspace/install/ros2doctor/share/ament_index/resource_index/packages
[4.534s] copying resource/ros2doctor -> /opt/workspace/install/ros2doctor/share/ament_index/resource_index/packages
[4.535s] running install_egg_info
[4.539s] Copying /opt/workspace/build/ros2doctor/ros2doctor.egg-info to /opt/workspace/install/ros2doctor/lib/python3.6/site-packages/ros2doctor-0.8.7-py3.6.egg-info
[4.541s] running install_scripts
[4.584s] writing list of installed files to '/opt/workspace/build/ros2doctor/install.log'
