/opt/workspace/install/demo_nodes_py/lib/python3.6/site-packages/demo_nodes_py/__init__.py
/opt/workspace/install/demo_nodes_py/lib/python3.6/site-packages/demo_nodes_py/services/__init__.py
/opt/workspace/install/demo_nodes_py/lib/python3.6/site-packages/demo_nodes_py/services/add_two_ints_server.py
/opt/workspace/install/demo_nodes_py/lib/python3.6/site-packages/demo_nodes_py/services/add_two_ints_client_async.py
/opt/workspace/install/demo_nodes_py/lib/python3.6/site-packages/demo_nodes_py/services/add_two_ints_client.py
/opt/workspace/install/demo_nodes_py/lib/python3.6/site-packages/demo_nodes_py/topics/__init__.py
/opt/workspace/install/demo_nodes_py/lib/python3.6/site-packages/demo_nodes_py/topics/listener_qos.py
/opt/workspace/install/demo_nodes_py/lib/python3.6/site-packages/demo_nodes_py/topics/listener.py
/opt/workspace/install/demo_nodes_py/lib/python3.6/site-packages/demo_nodes_py/topics/talker.py
/opt/workspace/install/demo_nodes_py/lib/python3.6/site-packages/demo_nodes_py/topics/listener_serialized.py
/opt/workspace/install/demo_nodes_py/lib/python3.6/site-packages/demo_nodes_py/topics/talker_qos.py
/opt/workspace/install/demo_nodes_py/lib/python3.6/site-packages/demo_nodes_py/__pycache__/__init__.cpython-36.pyc
/opt/workspace/install/demo_nodes_py/lib/python3.6/site-packages/demo_nodes_py/services/__pycache__/__init__.cpython-36.pyc
/opt/workspace/install/demo_nodes_py/lib/python3.6/site-packages/demo_nodes_py/services/__pycache__/add_two_ints_server.cpython-36.pyc
/opt/workspace/install/demo_nodes_py/lib/python3.6/site-packages/demo_nodes_py/services/__pycache__/add_two_ints_client_async.cpython-36.pyc
/opt/workspace/install/demo_nodes_py/lib/python3.6/site-packages/demo_nodes_py/services/__pycache__/add_two_ints_client.cpython-36.pyc
/opt/workspace/install/demo_nodes_py/lib/python3.6/site-packages/demo_nodes_py/topics/__pycache__/__init__.cpython-36.pyc
/opt/workspace/install/demo_nodes_py/lib/python3.6/site-packages/demo_nodes_py/topics/__pycache__/listener_qos.cpython-36.pyc
/opt/workspace/install/demo_nodes_py/lib/python3.6/site-packages/demo_nodes_py/topics/__pycache__/listener.cpython-36.pyc
/opt/workspace/install/demo_nodes_py/lib/python3.6/site-packages/demo_nodes_py/topics/__pycache__/talker.cpython-36.pyc
/opt/workspace/install/demo_nodes_py/lib/python3.6/site-packages/demo_nodes_py/topics/__pycache__/listener_serialized.cpython-36.pyc
/opt/workspace/install/demo_nodes_py/lib/python3.6/site-packages/demo_nodes_py/topics/__pycache__/talker_qos.cpython-36.pyc
/opt/workspace/install/demo_nodes_py/share/ament_index/resource_index/packages/demo_nodes_py
/opt/workspace/install/demo_nodes_py/share/demo_nodes_py/package.xml
/opt/workspace/install/demo_nodes_py/lib/python3.6/site-packages/demo_nodes_py-0.8.4-py3.6.egg-info/dependency_links.txt
/opt/workspace/install/demo_nodes_py/lib/python3.6/site-packages/demo_nodes_py-0.8.4-py3.6.egg-info/zip-safe
/opt/workspace/install/demo_nodes_py/lib/python3.6/site-packages/demo_nodes_py-0.8.4-py3.6.egg-info/top_level.txt
/opt/workspace/install/demo_nodes_py/lib/python3.6/site-packages/demo_nodes_py-0.8.4-py3.6.egg-info/entry_points.txt
/opt/workspace/install/demo_nodes_py/lib/python3.6/site-packages/demo_nodes_py-0.8.4-py3.6.egg-info/requires.txt
/opt/workspace/install/demo_nodes_py/lib/python3.6/site-packages/demo_nodes_py-0.8.4-py3.6.egg-info/PKG-INFO
/opt/workspace/install/demo_nodes_py/lib/python3.6/site-packages/demo_nodes_py-0.8.4-py3.6.egg-info/SOURCES.txt
/opt/workspace/install/demo_nodes_py/lib/demo_nodes_py/add_two_ints_client
/opt/workspace/install/demo_nodes_py/lib/demo_nodes_py/add_two_ints_client_async
/opt/workspace/install/demo_nodes_py/lib/demo_nodes_py/add_two_ints_server
/opt/workspace/install/demo_nodes_py/lib/demo_nodes_py/listener
/opt/workspace/install/demo_nodes_py/lib/demo_nodes_py/listener_qos
/opt/workspace/install/demo_nodes_py/lib/demo_nodes_py/listener_serialized
/opt/workspace/install/demo_nodes_py/lib/demo_nodes_py/talker
/opt/workspace/install/demo_nodes_py/lib/demo_nodes_py/talker_qos
