[0.295s] -- The C compiler identification is GNU 7.4.0
[0.407s] -- The CXX compiler identification is GNU 7.4.0
[0.416s] -- Check for working C compiler: /usr/bin/cc
[0.575s] -- Check for working C compiler: /usr/bin/cc -- works
[0.575s] -- Detecting C compiler ABI info
[0.743s] -- Detecting C compiler ABI info - done
[0.758s] -- Detecting C compile features
[1.284s] -- Detecting C compile features - done
[1.289s] -- Check for working CXX compiler: /usr/bin/c++
[1.477s] -- Check for working CXX compiler: /usr/bin/c++ -- works
[1.478s] -- Detecting CXX compiler ABI info
[1.692s] -- Detecting CXX compiler ABI info - done
[1.710s] -- Detecting CXX compile features
[2.413s] -- Detecting CXX compile features - done
[2.418s] -- Found ament_cmake: 0.8.2 (/opt/workspace/install/ament_cmake/share/ament_cmake/cmake)
[2.494s] -- Found PythonInterp: /usr/bin/python3 (found suitable version "3.6.9", minimum required is "3") 
[2.494s] -- Using PYTHON_EXECUTABLE: /usr/bin/python3
[3.004s] -- Found connext_cmake_module: 0.8.4 (/opt/workspace/install/connext_cmake_module/share/connext_cmake_module/cmake)
[3.269s] -- Configuring done
[3.274s] -- Generating done
[3.281s] -- Build files have been written to: /opt/workspace/build/rmw_connext_shared_cpp
[3.564s] [36mInstall the project...[0m
[3.583s] -- Install configuration: ""
[3.583s] -- Installing: /opt/workspace/install/rmw_connext_shared_cpp/share/ament_index/resource_index/package_run_dependencies/rmw_connext_shared_cpp
[3.584s] -- Installing: /opt/workspace/install/rmw_connext_shared_cpp/share/ament_index/resource_index/parent_prefix_path/rmw_connext_shared_cpp
[3.584s] -- Installing: /opt/workspace/install/rmw_connext_shared_cpp/share/rmw_connext_shared_cpp/environment/ament_prefix_path.sh
[3.585s] -- Installing: /opt/workspace/install/rmw_connext_shared_cpp/share/rmw_connext_shared_cpp/environment/ament_prefix_path.dsv
[3.585s] -- Installing: /opt/workspace/install/rmw_connext_shared_cpp/share/rmw_connext_shared_cpp/environment/path.sh
[3.586s] -- Installing: /opt/workspace/install/rmw_connext_shared_cpp/share/rmw_connext_shared_cpp/environment/path.dsv
[3.587s] -- Installing: /opt/workspace/install/rmw_connext_shared_cpp/share/rmw_connext_shared_cpp/local_setup.bash
[3.587s] -- Installing: /opt/workspace/install/rmw_connext_shared_cpp/share/rmw_connext_shared_cpp/local_setup.sh
[3.587s] -- Installing: /opt/workspace/install/rmw_connext_shared_cpp/share/rmw_connext_shared_cpp/local_setup.zsh
[3.588s] -- Installing: /opt/workspace/install/rmw_connext_shared_cpp/share/rmw_connext_shared_cpp/local_setup.dsv
[3.588s] -- Installing: /opt/workspace/install/rmw_connext_shared_cpp/share/rmw_connext_shared_cpp/package.dsv
[3.588s] -- Installing: /opt/workspace/install/rmw_connext_shared_cpp/share/ament_index/resource_index/packages/rmw_connext_shared_cpp
[3.593s] -- Installing: /opt/workspace/install/rmw_connext_shared_cpp/share/rmw_connext_shared_cpp/cmake/rmw_connext_shared_cppConfig.cmake
[3.594s] -- Installing: /opt/workspace/install/rmw_connext_shared_cpp/share/rmw_connext_shared_cpp/cmake/rmw_connext_shared_cppConfig-version.cmake
[3.594s] -- Installing: /opt/workspace/install/rmw_connext_shared_cpp/share/rmw_connext_shared_cpp/package.xml
