/opt/workspace/install/ros2component/lib/python3.6/site-packages/ros2component/__init__.py
/opt/workspace/install/ros2component/lib/python3.6/site-packages/ros2component/api/__init__.py
/opt/workspace/install/ros2component/lib/python3.6/site-packages/ros2component/verb/load.py
/opt/workspace/install/ros2component/lib/python3.6/site-packages/ros2component/verb/__init__.py
/opt/workspace/install/ros2component/lib/python3.6/site-packages/ros2component/verb/types.py
/opt/workspace/install/ros2component/lib/python3.6/site-packages/ros2component/verb/unload.py
/opt/workspace/install/ros2component/lib/python3.6/site-packages/ros2component/verb/list.py
/opt/workspace/install/ros2component/lib/python3.6/site-packages/ros2component/verb/standalone.py
/opt/workspace/install/ros2component/lib/python3.6/site-packages/ros2component/command/__init__.py
/opt/workspace/install/ros2component/lib/python3.6/site-packages/ros2component/command/component.py
/opt/workspace/install/ros2component/lib/python3.6/site-packages/ros2component/__pycache__/__init__.cpython-36.pyc
/opt/workspace/install/ros2component/lib/python3.6/site-packages/ros2component/api/__pycache__/__init__.cpython-36.pyc
/opt/workspace/install/ros2component/lib/python3.6/site-packages/ros2component/verb/__pycache__/load.cpython-36.pyc
/opt/workspace/install/ros2component/lib/python3.6/site-packages/ros2component/verb/__pycache__/__init__.cpython-36.pyc
/opt/workspace/install/ros2component/lib/python3.6/site-packages/ros2component/verb/__pycache__/types.cpython-36.pyc
/opt/workspace/install/ros2component/lib/python3.6/site-packages/ros2component/verb/__pycache__/unload.cpython-36.pyc
/opt/workspace/install/ros2component/lib/python3.6/site-packages/ros2component/verb/__pycache__/list.cpython-36.pyc
/opt/workspace/install/ros2component/lib/python3.6/site-packages/ros2component/verb/__pycache__/standalone.cpython-36.pyc
/opt/workspace/install/ros2component/lib/python3.6/site-packages/ros2component/command/__pycache__/__init__.cpython-36.pyc
/opt/workspace/install/ros2component/lib/python3.6/site-packages/ros2component/command/__pycache__/component.cpython-36.pyc
/opt/workspace/install/ros2component/share/ros2component/package.xml
/opt/workspace/install/ros2component/share/ament_index/resource_index/packages/ros2component
/opt/workspace/install/ros2component/lib/python3.6/site-packages/ros2component-0.8.7-py3.6.egg-info/dependency_links.txt
/opt/workspace/install/ros2component/lib/python3.6/site-packages/ros2component-0.8.7-py3.6.egg-info/zip-safe
/opt/workspace/install/ros2component/lib/python3.6/site-packages/ros2component-0.8.7-py3.6.egg-info/top_level.txt
/opt/workspace/install/ros2component/lib/python3.6/site-packages/ros2component-0.8.7-py3.6.egg-info/entry_points.txt
/opt/workspace/install/ros2component/lib/python3.6/site-packages/ros2component-0.8.7-py3.6.egg-info/requires.txt
/opt/workspace/install/ros2component/lib/python3.6/site-packages/ros2component-0.8.7-py3.6.egg-info/PKG-INFO
/opt/workspace/install/ros2component/lib/python3.6/site-packages/ros2component-0.8.7-py3.6.egg-info/SOURCES.txt
