/opt/workspace/install/ros2multicast/lib/python3.6/site-packages/ros2multicast/__init__.py
/opt/workspace/install/ros2multicast/lib/python3.6/site-packages/ros2multicast/api/__init__.py
/opt/workspace/install/ros2multicast/lib/python3.6/site-packages/ros2multicast/verb/send.py
/opt/workspace/install/ros2multicast/lib/python3.6/site-packages/ros2multicast/verb/receive.py
/opt/workspace/install/ros2multicast/lib/python3.6/site-packages/ros2multicast/verb/__init__.py
/opt/workspace/install/ros2multicast/lib/python3.6/site-packages/ros2multicast/command/__init__.py
/opt/workspace/install/ros2multicast/lib/python3.6/site-packages/ros2multicast/command/multicast.py
/opt/workspace/install/ros2multicast/lib/python3.6/site-packages/ros2multicast/__pycache__/__init__.cpython-36.pyc
/opt/workspace/install/ros2multicast/lib/python3.6/site-packages/ros2multicast/api/__pycache__/__init__.cpython-36.pyc
/opt/workspace/install/ros2multicast/lib/python3.6/site-packages/ros2multicast/verb/__pycache__/send.cpython-36.pyc
/opt/workspace/install/ros2multicast/lib/python3.6/site-packages/ros2multicast/verb/__pycache__/receive.cpython-36.pyc
/opt/workspace/install/ros2multicast/lib/python3.6/site-packages/ros2multicast/verb/__pycache__/__init__.cpython-36.pyc
/opt/workspace/install/ros2multicast/lib/python3.6/site-packages/ros2multicast/command/__pycache__/__init__.cpython-36.pyc
/opt/workspace/install/ros2multicast/lib/python3.6/site-packages/ros2multicast/command/__pycache__/multicast.cpython-36.pyc
/opt/workspace/install/ros2multicast/share/ros2multicast/package.xml
/opt/workspace/install/ros2multicast/share/ament_index/resource_index/packages/ros2multicast
/opt/workspace/install/ros2multicast/lib/python3.6/site-packages/ros2multicast-0.8.7-py3.6.egg-info/dependency_links.txt
/opt/workspace/install/ros2multicast/lib/python3.6/site-packages/ros2multicast-0.8.7-py3.6.egg-info/zip-safe
/opt/workspace/install/ros2multicast/lib/python3.6/site-packages/ros2multicast-0.8.7-py3.6.egg-info/top_level.txt
/opt/workspace/install/ros2multicast/lib/python3.6/site-packages/ros2multicast-0.8.7-py3.6.egg-info/entry_points.txt
/opt/workspace/install/ros2multicast/lib/python3.6/site-packages/ros2multicast-0.8.7-py3.6.egg-info/requires.txt
/opt/workspace/install/ros2multicast/lib/python3.6/site-packages/ros2multicast-0.8.7-py3.6.egg-info/PKG-INFO
/opt/workspace/install/ros2multicast/lib/python3.6/site-packages/ros2multicast-0.8.7-py3.6.egg-info/SOURCES.txt
