[1.020s] -- The C compiler identification is GNU 7.4.0
[1.175s] -- The CXX compiler identification is GNU 7.4.0
[1.191s] -- Check for working C compiler: /usr/bin/cc
[1.381s] -- Check for working C compiler: /usr/bin/cc -- works
[1.382s] -- Detecting C compiler ABI info
[1.616s] -- Detecting C compiler ABI info - done
[1.627s] -- Detecting C compile features
[2.425s] -- Detecting C compile features - done
[2.430s] -- Check for working CXX compiler: /usr/bin/c++
[2.702s] -- Check for working CXX compiler: /usr/bin/c++ -- works
[2.703s] -- Detecting CXX compiler ABI info
[2.984s] -- Detecting CXX compiler ABI info - done
[2.999s] -- Detecting CXX compile features
[4.023s] -- Detecting CXX compile features - done
[4.042s] -- Found ament_cmake: 0.8.2 (/opt/workspace/install/ament_cmake/share/ament_cmake/cmake)
[4.153s] -- Found PythonInterp: /usr/bin/python3 (found suitable version "3.6.9", minimum required is "3") 
[4.153s] -- Using PYTHON_EXECUTABLE: /usr/bin/python3
[4.735s] -- Found ament_index_cpp: 0.7.2 (/opt/workspace/install/ament_index_cpp/share/ament_index_cpp/cmake)
[4.741s] -- Found geometry_msgs: 0.8.1 (/opt/workspace/install/geometry_msgs/share/geometry_msgs/cmake)
[4.835s] -- Found rosidl_adapter: 0.8.2 (/opt/workspace/install/rosidl_adapter/share/rosidl_adapter/cmake)
[4.961s] -- Found rclcpp: 0.8.4 (/opt/workspace/install/rclcpp/share/rclcpp/cmake)
[5.007s] -- Found rmw_implementation_cmake: 0.8.1 (/opt/workspace/install/rmw_implementation_cmake/share/rmw_implementation_cmake/cmake)
[5.019s] -- Using RMW implementation 'rmw_fastrtps_cpp' as default
[5.021s] -- Looking for pthread.h
[5.263s] -- Looking for pthread.h - found
[5.264s] -- Looking for pthread_create
[5.524s] -- Looking for pthread_create - not found
[5.524s] -- Looking for pthread_create in pthreads
[5.843s] -- Looking for pthread_create in pthreads - not found
[5.844s] -- Looking for pthread_create in pthread
[6.236s] -- Looking for pthread_create in pthread - found
[6.238s] -- Found Threads: TRUE  
[6.390s] -- Found rclcpp_action: 0.8.4 (/opt/workspace/install/rclcpp_action/share/rclcpp_action/cmake)
[6.595s] -- Found rosidl_default_generators: 0.8.0 (/opt/workspace/install/rosidl_default_generators/share/rosidl_default_generators/cmake)
[7.018s] -- Found OpenSSL: /usr/lib/x86_64-linux-gnu/libcrypto.so (found version "1.1.1") 
[7.088s] -- Found FastRTPS: /opt/workspace/install/fastrtps/include  
[7.279s] -- Found std_srvs: 0.8.1 (/opt/workspace/install/std_srvs/share/std_srvs/cmake)
[7.373s] -- Found PythonInterp: /usr/bin/python3 (found version "3.6.9") 
[8.050s] -- Using all available rosidl_typesupport_cpp: rosidl_typesupport_introspection_cpp;rosidl_typesupport_fastrtps_cpp
[8.234s] -- Using all available rosidl_typesupport_c: rosidl_typesupport_fastrtps_c;rosidl_typesupport_introspection_c
[9.461s] -- Found PythonInterp: /usr/bin/python3 (found suitable version "3.6.9", minimum required is "3.5") 
[9.471s] -- Found python_cmake_module: 0.8.0 (/opt/workspace/install/python_cmake_module/share/python_cmake_module/cmake)
[9.566s] -- Found PythonLibs: /usr/lib/x86_64-linux-gnu/libpython3.6m.so (found suitable version "3.6.9", minimum required is "3.5") 
[9.567s] -- Using PYTHON_EXECUTABLE: /usr/bin/python3
[9.567s] -- Using PYTHON_INCLUDE_DIRS: /usr/include/python3.6m
[9.568s] -- Using PYTHON_LIBRARIES: /usr/lib/x86_64-linux-gnu/libpython3.6m.so
[9.679s] -- Found PythonExtra: .so  
[12.077s] -- Configuring done
[12.715s] -- Generating done
[12.725s] -- Build files have been written to: /opt/workspace/build/turtlesim
[13.016s] [35m[1mScanning dependencies of target turtlesim__cpp[0m
[13.050s] [  1%] [34m[1mGenerating C++ code for ROS interfaces[0m
[16.454s] [  1%] Built target turtlesim__cpp
[16.488s] [  2%] [34m[1mGenerating C code for ROS interfaces[0m
[21.416s] [35m[1mScanning dependencies of target turtlesim__rosidl_generator_c[0m
[21.510s] [  3%] [32mBuilding C object CMakeFiles/turtlesim__rosidl_generator_c.dir/rosidl_generator_c/turtlesim/action/rotate_absolute__functions.c.o[0m
[21.753s] [  4%] [32mBuilding C object CMakeFiles/turtlesim__rosidl_generator_c.dir/rosidl_generator_c/turtlesim/srv/set_pen__functions.c.o[0m
[21.989s] [  5%] [32mBuilding C object CMakeFiles/turtlesim__rosidl_generator_c.dir/rosidl_generator_c/turtlesim/srv/spawn__functions.c.o[0m
[22.202s] [  6%] [32mBuilding C object CMakeFiles/turtlesim__rosidl_generator_c.dir/rosidl_generator_c/turtlesim/srv/teleport_absolute__functions.c.o[0m
[22.353s] [  7%] [32mBuilding C object CMakeFiles/turtlesim__rosidl_generator_c.dir/rosidl_generator_c/turtlesim/srv/teleport_relative__functions.c.o[0m
[22.459s] [  8%] [32mBuilding C object CMakeFiles/turtlesim__rosidl_generator_c.dir/rosidl_generator_c/turtlesim/srv/kill__functions.c.o[0m
[22.615s] [  9%] [32mBuilding C object CMakeFiles/turtlesim__rosidl_generator_c.dir/rosidl_generator_c/turtlesim/msg/pose__functions.c.o[0m
[22.790s] [ 10%] [32mBuilding C object CMakeFiles/turtlesim__rosidl_generator_c.dir/rosidl_generator_c/turtlesim/msg/color__functions.c.o[0m
[22.942s] [ 11%] [32m[1mLinking C shared library libturtlesim__rosidl_generator_c.so[0m
[23.120s] [ 11%] Built target turtlesim__rosidl_generator_c
[23.161s] [ 12%] [34m[1mGenerating C++ introspection for ROS interfaces[0m
[26.421s] [35m[1mScanning dependencies of target turtlesim__rosidl_typesupport_introspection_cpp[0m
[26.507s] [ 13%] [32mBuilding CXX object CMakeFiles/turtlesim__rosidl_typesupport_introspection_cpp.dir/rosidl_typesupport_introspection_cpp/turtlesim/action/rotate_absolute__type_support.cpp.o[0m
[27.219s] [ 14%] [32mBuilding CXX object CMakeFiles/turtlesim__rosidl_typesupport_introspection_cpp.dir/rosidl_typesupport_introspection_cpp/turtlesim/srv/kill__type_support.cpp.o[0m
[27.816s] [ 15%] [32mBuilding CXX object CMakeFiles/turtlesim__rosidl_typesupport_introspection_cpp.dir/rosidl_typesupport_introspection_cpp/turtlesim/srv/set_pen__type_support.cpp.o[0m
[28.428s] [ 16%] [32mBuilding CXX object CMakeFiles/turtlesim__rosidl_typesupport_introspection_cpp.dir/rosidl_typesupport_introspection_cpp/turtlesim/srv/spawn__type_support.cpp.o[0m
[29.026s] [ 17%] [32mBuilding CXX object CMakeFiles/turtlesim__rosidl_typesupport_introspection_cpp.dir/rosidl_typesupport_introspection_cpp/turtlesim/srv/teleport_absolute__type_support.cpp.o[0m
[29.581s] [ 18%] [32mBuilding CXX object CMakeFiles/turtlesim__rosidl_typesupport_introspection_cpp.dir/rosidl_typesupport_introspection_cpp/turtlesim/srv/teleport_relative__type_support.cpp.o[0m
[30.157s] [ 19%] [32mBuilding CXX object CMakeFiles/turtlesim__rosidl_typesupport_introspection_cpp.dir/rosidl_typesupport_introspection_cpp/turtlesim/msg/pose__type_support.cpp.o[0m
[30.825s] [ 20%] [32mBuilding CXX object CMakeFiles/turtlesim__rosidl_typesupport_introspection_cpp.dir/rosidl_typesupport_introspection_cpp/turtlesim/msg/color__type_support.cpp.o[0m
[31.407s] [ 21%] [32m[1mLinking CXX shared library libturtlesim__rosidl_typesupport_introspection_cpp.so[0m
[31.610s] [ 21%] Built target turtlesim__rosidl_typesupport_introspection_cpp
[31.644s] [ 22%] [34m[1mGenerating C type support dispatch for ROS interfaces[0m
[33.704s] [35m[1mScanning dependencies of target turtlesim__rosidl_typesupport_c[0m
[33.757s] [ 23%] [32mBuilding CXX object CMakeFiles/turtlesim__rosidl_typesupport_c.dir/rosidl_typesupport_c/turtlesim/action/rotate_absolute__type_support.cpp.o[0m
[33.925s] [ 24%] [32mBuilding CXX object CMakeFiles/turtlesim__rosidl_typesupport_c.dir/rosidl_typesupport_c/turtlesim/srv/set_pen__type_support.cpp.o[0m
[34.030s] [ 25%] [32mBuilding CXX object CMakeFiles/turtlesim__rosidl_typesupport_c.dir/rosidl_typesupport_c/turtlesim/srv/spawn__type_support.cpp.o[0m
[34.133s] [ 26%] [32mBuilding CXX object CMakeFiles/turtlesim__rosidl_typesupport_c.dir/rosidl_typesupport_c/turtlesim/srv/teleport_absolute__type_support.cpp.o[0m
[34.285s] [ 27%] [32mBuilding CXX object CMakeFiles/turtlesim__rosidl_typesupport_c.dir/rosidl_typesupport_c/turtlesim/srv/teleport_relative__type_support.cpp.o[0m
[34.415s] [ 28%] [32mBuilding CXX object CMakeFiles/turtlesim__rosidl_typesupport_c.dir/rosidl_typesupport_c/turtlesim/srv/kill__type_support.cpp.o[0m
[34.518s] [ 29%] [32mBuilding CXX object CMakeFiles/turtlesim__rosidl_typesupport_c.dir/rosidl_typesupport_c/turtlesim/msg/pose__type_support.cpp.o[0m
[34.654s] [ 30%] [32mBuilding CXX object CMakeFiles/turtlesim__rosidl_typesupport_c.dir/rosidl_typesupport_c/turtlesim/msg/color__type_support.cpp.o[0m
[34.763s] [ 31%] [32m[1mLinking CXX shared library libturtlesim__rosidl_typesupport_c.so[0m
[34.919s] [ 31%] Built target turtlesim__rosidl_typesupport_c
[35.003s] [ 32%] [34m[1mGenerating C introspection for ROS interfaces[0m
[38.197s] [35m[1mScanning dependencies of target turtlesim__rosidl_typesupport_introspection_c[0m
[38.247s] [ 33%] [32mBuilding C object CMakeFiles/turtlesim__rosidl_typesupport_introspection_c.dir/rosidl_typesupport_introspection_c/turtlesim/action/rotate_absolute__type_support.c.o[0m
[38.421s] [ 34%] [32mBuilding C object CMakeFiles/turtlesim__rosidl_typesupport_introspection_c.dir/rosidl_typesupport_introspection_c/turtlesim/srv/spawn__type_support.c.o[0m
[38.532s] [ 35%] [32mBuilding C object CMakeFiles/turtlesim__rosidl_typesupport_introspection_c.dir/rosidl_typesupport_introspection_c/turtlesim/srv/teleport_absolute__type_support.c.o[0m
[38.649s] [ 36%] [32mBuilding C object CMakeFiles/turtlesim__rosidl_typesupport_introspection_c.dir/rosidl_typesupport_introspection_c/turtlesim/srv/teleport_relative__type_support.c.o[0m
[38.857s] [ 37%] [32mBuilding C object CMakeFiles/turtlesim__rosidl_typesupport_introspection_c.dir/rosidl_typesupport_introspection_c/turtlesim/srv/set_pen__type_support.c.o[0m
[39.037s] [ 38%] [32mBuilding C object CMakeFiles/turtlesim__rosidl_typesupport_introspection_c.dir/rosidl_typesupport_introspection_c/turtlesim/srv/kill__type_support.c.o[0m
[39.215s] [ 39%] [32mBuilding C object CMakeFiles/turtlesim__rosidl_typesupport_introspection_c.dir/rosidl_typesupport_introspection_c/turtlesim/msg/pose__type_support.c.o[0m
[39.369s] [ 40%] [32mBuilding C object CMakeFiles/turtlesim__rosidl_typesupport_introspection_c.dir/rosidl_typesupport_introspection_c/turtlesim/msg/color__type_support.c.o[0m
[39.544s] [ 41%] [32m[1mLinking C shared library libturtlesim__rosidl_typesupport_introspection_c.so[0m
[39.725s] [ 41%] Built target turtlesim__rosidl_typesupport_introspection_c
[39.810s] [ 42%] [34m[1mGenerating C++ type support for eProsima Fast-RTPS[0m
[43.502s] [35m[1mScanning dependencies of target turtlesim__rosidl_typesupport_fastrtps_cpp[0m
[43.619s] [ 43%] [32mBuilding CXX object CMakeFiles/turtlesim__rosidl_typesupport_fastrtps_cpp.dir/rosidl_typesupport_fastrtps_cpp/turtlesim/action/dds_fastrtps/rotate_absolute__type_support.cpp.o[0m
[44.644s] [ 44%] [32mBuilding CXX object CMakeFiles/turtlesim__rosidl_typesupport_fastrtps_cpp.dir/rosidl_typesupport_fastrtps_cpp/turtlesim/srv/dds_fastrtps/teleport_absolute__type_support.cpp.o[0m
[45.509s] [ 45%] [32mBuilding CXX object CMakeFiles/turtlesim__rosidl_typesupport_fastrtps_cpp.dir/rosidl_typesupport_fastrtps_cpp/turtlesim/srv/dds_fastrtps/teleport_relative__type_support.cpp.o[0m
[46.321s] [ 46%] [32mBuilding CXX object CMakeFiles/turtlesim__rosidl_typesupport_fastrtps_cpp.dir/rosidl_typesupport_fastrtps_cpp/turtlesim/srv/dds_fastrtps/spawn__type_support.cpp.o[0m
[47.183s] [ 47%] [32mBuilding CXX object CMakeFiles/turtlesim__rosidl_typesupport_fastrtps_cpp.dir/rosidl_typesupport_fastrtps_cpp/turtlesim/srv/dds_fastrtps/set_pen__type_support.cpp.o[0m
[48.026s] [ 48%] [32mBuilding CXX object CMakeFiles/turtlesim__rosidl_typesupport_fastrtps_cpp.dir/rosidl_typesupport_fastrtps_cpp/turtlesim/srv/dds_fastrtps/kill__type_support.cpp.o[0m
[48.857s] [ 49%] [32mBuilding CXX object CMakeFiles/turtlesim__rosidl_typesupport_fastrtps_cpp.dir/rosidl_typesupport_fastrtps_cpp/turtlesim/msg/dds_fastrtps/pose__type_support.cpp.o[0m
[49.678s] [ 50%] [32mBuilding CXX object CMakeFiles/turtlesim__rosidl_typesupport_fastrtps_cpp.dir/rosidl_typesupport_fastrtps_cpp/turtlesim/msg/dds_fastrtps/color__type_support.cpp.o[0m
[50.489s] [ 51%] [32m[1mLinking CXX shared library libturtlesim__rosidl_typesupport_fastrtps_cpp.so[0m
[50.686s] [ 51%] Built target turtlesim__rosidl_typesupport_fastrtps_cpp
[50.717s] [ 52%] [34m[1mGenerating C++ type support dispatch for ROS interfaces[0m
[52.730s] [35m[1mScanning dependencies of target turtlesim__rosidl_typesupport_cpp[0m
[52.783s] [ 53%] [32mBuilding CXX object CMakeFiles/turtlesim__rosidl_typesupport_cpp.dir/rosidl_typesupport_cpp/turtlesim/action/rotate_absolute__type_support.cpp.o[0m
[53.351s] [ 54%] [32mBuilding CXX object CMakeFiles/turtlesim__rosidl_typesupport_cpp.dir/rosidl_typesupport_cpp/turtlesim/srv/teleport_absolute__type_support.cpp.o[0m
[53.887s] [ 55%] [32mBuilding CXX object CMakeFiles/turtlesim__rosidl_typesupport_cpp.dir/rosidl_typesupport_cpp/turtlesim/srv/teleport_relative__type_support.cpp.o[0m
[54.482s] [ 56%] [32mBuilding CXX object CMakeFiles/turtlesim__rosidl_typesupport_cpp.dir/rosidl_typesupport_cpp/turtlesim/srv/spawn__type_support.cpp.o[0m
[55.042s] [ 57%] [32mBuilding CXX object CMakeFiles/turtlesim__rosidl_typesupport_cpp.dir/rosidl_typesupport_cpp/turtlesim/srv/set_pen__type_support.cpp.o[0m
[55.586s] [ 58%] [32mBuilding CXX object CMakeFiles/turtlesim__rosidl_typesupport_cpp.dir/rosidl_typesupport_cpp/turtlesim/srv/kill__type_support.cpp.o[0m
[56.088s] [ 59%] [32mBuilding CXX object CMakeFiles/turtlesim__rosidl_typesupport_cpp.dir/rosidl_typesupport_cpp/turtlesim/msg/pose__type_support.cpp.o[0m
[56.623s] [ 60%] [32mBuilding CXX object CMakeFiles/turtlesim__rosidl_typesupport_cpp.dir/rosidl_typesupport_cpp/turtlesim/msg/color__type_support.cpp.o[0m
[57.153s] [ 61%] [32m[1mLinking CXX shared library libturtlesim__rosidl_typesupport_cpp.so[0m
[57.265s] [ 61%] Built target turtlesim__rosidl_typesupport_cpp
[57.301s] [ 62%] [34m[1mGenerating C type support for eProsima Fast-RTPS[0m
[60.506s] [35m[1mScanning dependencies of target turtlesim__rosidl_typesupport_fastrtps_c[0m
[60.619s] [ 63%] [32mBuilding CXX object CMakeFiles/turtlesim__rosidl_typesupport_fastrtps_c.dir/rosidl_typesupport_fastrtps_c/turtlesim/action/rotate_absolute__type_support_c.cpp.o[0m
[61.401s] [ 64%] [32mBuilding CXX object CMakeFiles/turtlesim__rosidl_typesupport_fastrtps_c.dir/rosidl_typesupport_fastrtps_c/turtlesim/srv/teleport_relative__type_support_c.cpp.o[0m
[62.106s] [ 65%] [32mBuilding CXX object CMakeFiles/turtlesim__rosidl_typesupport_fastrtps_c.dir/rosidl_typesupport_fastrtps_c/turtlesim/srv/teleport_absolute__type_support_c.cpp.o[0m
[62.843s] [ 66%] [32mBuilding CXX object CMakeFiles/turtlesim__rosidl_typesupport_fastrtps_c.dir/rosidl_typesupport_fastrtps_c/turtlesim/srv/spawn__type_support_c.cpp.o[0m
[63.582s] [ 67%] [32mBuilding CXX object CMakeFiles/turtlesim__rosidl_typesupport_fastrtps_c.dir/rosidl_typesupport_fastrtps_c/turtlesim/srv/set_pen__type_support_c.cpp.o[0m
[64.328s] [ 68%] [32mBuilding CXX object CMakeFiles/turtlesim__rosidl_typesupport_fastrtps_c.dir/rosidl_typesupport_fastrtps_c/turtlesim/srv/kill__type_support_c.cpp.o[0m
[65.059s] [ 69%] [32mBuilding CXX object CMakeFiles/turtlesim__rosidl_typesupport_fastrtps_c.dir/rosidl_typesupport_fastrtps_c/turtlesim/msg/pose__type_support_c.cpp.o[0m
[65.741s] [ 70%] [32mBuilding CXX object CMakeFiles/turtlesim__rosidl_typesupport_fastrtps_c.dir/rosidl_typesupport_fastrtps_c/turtlesim/msg/color__type_support_c.cpp.o[0m
[66.466s] [ 71%] [32m[1mLinking CXX shared library libturtlesim__rosidl_typesupport_fastrtps_c.so[0m
[66.683s] [ 71%] Built target turtlesim__rosidl_typesupport_fastrtps_c
[66.712s] [35m[1mScanning dependencies of target turtlesim[0m
[66.745s] [ 71%] Built target turtlesim
[66.782s] [35m[1mScanning dependencies of target mimic[0m
[66.869s] [ 72%] [32mBuilding CXX object CMakeFiles/mimic.dir/tutorials/mimic.cpp.o[0m
[73.635s] [ 73%] [32m[1mLinking CXX executable mimic[0m
[74.539s] [ 73%] Built target mimic
[74.568s] [ 74%] [34m[1mGenerating include/turtlesim/moc_turtle_frame.cpp[0m
[74.688s] [35m[1mScanning dependencies of target turtlesim_node[0m
[74.919s] [ 75%] [32mBuilding CXX object CMakeFiles/turtlesim_node.dir/src/turtlesim.cpp.o[0m
[79.690s] [ 76%] [32mBuilding CXX object CMakeFiles/turtlesim_node.dir/include/turtlesim/moc_turtle_frame.cpp.o[0m
[84.103s] [ 77%] [32mBuilding CXX object CMakeFiles/turtlesim_node.dir/src/turtle_frame.cpp.o[0m
[94.281s] [ 78%] [32mBuilding CXX object CMakeFiles/turtlesim_node.dir/src/turtle.cpp.o[0m
[106.462s] [ 79%] [32m[1mLinking CXX executable turtlesim_node[0m
[109.245s] [ 79%] Built target turtlesim_node
[109.277s] [35m[1mScanning dependencies of target draw_square[0m
[109.378s] [ 80%] [32mBuilding CXX object CMakeFiles/draw_square.dir/tutorials/draw_square.cpp.o[0m
[117.632s] [ 81%] [32m[1mLinking CXX executable draw_square[0m
[118.740s] [ 81%] Built target draw_square
[118.773s] [35m[1mScanning dependencies of target turtlesim__py[0m
[118.806s] [ 82%] [34m[1mGenerating Python code for ROS interfaces[0m
[126.008s] [ 82%] Built target turtlesim__py
[126.045s] [35m[1mScanning dependencies of target turtle_teleop_key[0m
[126.163s] [ 83%] [32mBuilding CXX object CMakeFiles/turtle_teleop_key.dir/tutorials/teleop_turtle_key.cpp.o[0m
[133.693s] [ 84%] [32m[1mLinking CXX executable turtle_teleop_key[0m
[134.774s] [ 84%] Built target turtle_teleop_key
[134.805s] [35m[1mScanning dependencies of target turtlesim__python[0m
[134.941s] [ 85%] [32mBuilding C object CMakeFiles/turtlesim__python.dir/rosidl_generator_py/turtlesim/action/_rotate_absolute_s.c.o[0m
[135.243s] [ 86%] [32mBuilding C object CMakeFiles/turtlesim__python.dir/rosidl_generator_py/turtlesim/srv/_teleport_relative_s.c.o[0m
[135.462s] [ 87%] [32mBuilding C object CMakeFiles/turtlesim__python.dir/rosidl_generator_py/turtlesim/srv/_teleport_absolute_s.c.o[0m
[135.675s] [ 88%] [32mBuilding C object CMakeFiles/turtlesim__python.dir/rosidl_generator_py/turtlesim/srv/_spawn_s.c.o[0m
[135.888s] [ 89%] [32mBuilding C object CMakeFiles/turtlesim__python.dir/rosidl_generator_py/turtlesim/srv/_set_pen_s.c.o[0m
[136.100s] [ 90%] [32mBuilding C object CMakeFiles/turtlesim__python.dir/rosidl_generator_py/turtlesim/srv/_kill_s.c.o[0m
[136.302s] [ 91%] [32mBuilding C object CMakeFiles/turtlesim__python.dir/rosidl_generator_py/turtlesim/msg/_pose_s.c.o[0m
[136.501s] [ 92%] [32mBuilding C object CMakeFiles/turtlesim__python.dir/rosidl_generator_py/turtlesim/msg/_color_s.c.o[0m
[136.702s] [ 93%] [32m[1mLinking C shared library rosidl_generator_py/turtlesim/libturtlesim__python.so[0m
[136.822s] [ 93%] Built target turtlesim__python
[136.853s] [35m[1mScanning dependencies of target turtlesim__rosidl_typesupport_introspection_c__pyext[0m
[136.924s] [ 94%] [32mBuilding C object CMakeFiles/turtlesim__rosidl_typesupport_introspection_c__pyext.dir/rosidl_generator_py/turtlesim/_turtlesim_s.ep.rosidl_typesupport_introspection_c.c.o[0m
[137.326s] [ 95%] [32m[1mLinking C shared library rosidl_generator_py/turtlesim/turtlesim_s__rosidl_typesupport_introspection_c.cpython-36m-x86_64-linux-gnu.so[0m
[137.460s] [ 95%] Built target turtlesim__rosidl_typesupport_introspection_c__pyext
[137.494s] [35m[1mScanning dependencies of target turtlesim__rosidl_typesupport_c__pyext[0m
[137.565s] [ 96%] [32mBuilding C object CMakeFiles/turtlesim__rosidl_typesupport_c__pyext.dir/rosidl_generator_py/turtlesim/_turtlesim_s.ep.rosidl_typesupport_c.c.o[0m
[137.965s] [ 97%] [32m[1mLinking C shared library rosidl_generator_py/turtlesim/turtlesim_s__rosidl_typesupport_c.cpython-36m-x86_64-linux-gnu.so[0m
[138.116s] [ 97%] Built target turtlesim__rosidl_typesupport_c__pyext
[138.151s] [35m[1mScanning dependencies of target turtlesim__rosidl_typesupport_fastrtps_c__pyext[0m
[138.236s] [ 98%] [32mBuilding C object CMakeFiles/turtlesim__rosidl_typesupport_fastrtps_c__pyext.dir/rosidl_generator_py/turtlesim/_turtlesim_s.ep.rosidl_typesupport_fastrtps_c.c.o[0m
[138.652s] [100%] [32m[1mLinking CXX shared library rosidl_generator_py/turtlesim/turtlesim_s__rosidl_typesupport_fastrtps_c.cpython-36m-x86_64-linux-gnu.so[0m
[138.846s] [100%] Built target turtlesim__rosidl_typesupport_fastrtps_c__pyext
[139.533s] [  1%] Built target turtlesim__cpp
[139.612s] [ 11%] Built target turtlesim__rosidl_generator_c
[139.694s] [ 21%] Built target turtlesim__rosidl_typesupport_introspection_cpp
[139.769s] [ 31%] Built target turtlesim__rosidl_typesupport_c
[139.851s] [ 41%] Built target turtlesim__rosidl_typesupport_introspection_c
[139.941s] [ 51%] Built target turtlesim__rosidl_typesupport_fastrtps_cpp
[140.016s] [ 61%] Built target turtlesim__rosidl_typesupport_cpp
[140.118s] [ 71%] Built target turtlesim__rosidl_typesupport_fastrtps_c
[140.184s] [ 71%] Built target turtlesim
[140.263s] [ 73%] Built target mimic
[140.387s] [ 79%] Built target turtlesim_node
[140.464s] [ 81%] Built target draw_square
[140.530s] [ 82%] Built target turtlesim__py
[140.611s] [ 84%] Built target turtle_teleop_key
[140.703s] [ 93%] Built target turtlesim__python
[140.783s] [ 95%] Built target turtlesim__rosidl_typesupport_introspection_c__pyext
[140.861s] [ 97%] Built target turtlesim__rosidl_typesupport_c__pyext
[140.941s] [100%] Built target turtlesim__rosidl_typesupport_fastrtps_c__pyext
[141.001s] [36mInstall the project...[0m
[141.028s] -- Install configuration: ""
[141.029s] -- Installing: /opt/workspace/install/turtlesim/share/ament_index/resource_index/rosidl_interfaces/turtlesim
[141.030s] -- Installing: /opt/workspace/install/turtlesim/lib/libturtlesim__rosidl_typesupport_cpp.so
[141.031s] -- Set runtime path of "/opt/workspace/install/turtlesim/lib/libturtlesim__rosidl_typesupport_cpp.so" to ""
[141.032s] -- Installing: /opt/workspace/install/turtlesim/share/turtlesim/environment/library_path.sh
[141.033s] -- Installing: /opt/workspace/install/turtlesim/share/turtlesim/environment/library_path.dsv
[141.034s] -- Installing: /opt/workspace/install/turtlesim/lib/libturtlesim__rosidl_typesupport_c.so
[141.035s] -- Set runtime path of "/opt/workspace/install/turtlesim/lib/libturtlesim__rosidl_typesupport_c.so" to ""
[141.035s] -- Installing: /opt/workspace/install/turtlesim/include/turtlesim
[141.036s] -- Installing: /opt/workspace/install/turtlesim/include/turtlesim/msg
[141.036s] -- Installing: /opt/workspace/install/turtlesim/include/turtlesim/msg/color__rosidl_typesupport_introspection_cpp.hpp
[141.038s] -- Installing: /opt/workspace/install/turtlesim/include/turtlesim/msg/color__type_support.cpp
[141.038s] -- Installing: /opt/workspace/install/turtlesim/include/turtlesim/msg/pose__type_support.cpp
[141.039s] -- Installing: /opt/workspace/install/turtlesim/include/turtlesim/msg/pose__rosidl_typesupport_introspection_cpp.hpp
[141.039s] -- Installing: /opt/workspace/install/turtlesim/include/turtlesim/action
[141.040s] -- Installing: /opt/workspace/install/turtlesim/include/turtlesim/action/rotate_absolute__type_support.cpp
[141.041s] -- Installing: /opt/workspace/install/turtlesim/include/turtlesim/action/rotate_absolute__rosidl_typesupport_introspection_cpp.hpp
[141.041s] -- Installing: /opt/workspace/install/turtlesim/include/turtlesim/srv
[141.042s] -- Installing: /opt/workspace/install/turtlesim/include/turtlesim/srv/set_pen__type_support.cpp
[141.042s] -- Installing: /opt/workspace/install/turtlesim/include/turtlesim/srv/kill__type_support.cpp
[141.043s] -- Installing: /opt/workspace/install/turtlesim/include/turtlesim/srv/teleport_absolute__type_support.cpp
[141.043s] -- Installing: /opt/workspace/install/turtlesim/include/turtlesim/srv/teleport_relative__type_support.cpp
[141.044s] -- Installing: /opt/workspace/install/turtlesim/include/turtlesim/srv/set_pen__rosidl_typesupport_introspection_cpp.hpp
[141.045s] -- Installing: /opt/workspace/install/turtlesim/include/turtlesim/srv/teleport_absolute__rosidl_typesupport_introspection_cpp.hpp
[141.045s] -- Installing: /opt/workspace/install/turtlesim/include/turtlesim/srv/teleport_relative__rosidl_typesupport_introspection_cpp.hpp
[141.046s] -- Installing: /opt/workspace/install/turtlesim/include/turtlesim/srv/kill__rosidl_typesupport_introspection_cpp.hpp
[141.046s] -- Installing: /opt/workspace/install/turtlesim/include/turtlesim/srv/spawn__type_support.cpp
[141.047s] -- Installing: /opt/workspace/install/turtlesim/include/turtlesim/srv/spawn__rosidl_typesupport_introspection_cpp.hpp
[141.048s] -- Installing: /opt/workspace/install/turtlesim/lib/libturtlesim__rosidl_typesupport_introspection_cpp.so
[141.049s] -- Set runtime path of "/opt/workspace/install/turtlesim/lib/libturtlesim__rosidl_typesupport_introspection_cpp.so" to ""
[141.050s] -- Up-to-date: /opt/workspace/install/turtlesim/include/turtlesim
[141.050s] -- Up-to-date: /opt/workspace/install/turtlesim/include/turtlesim/msg
[141.051s] -- Installing: /opt/workspace/install/turtlesim/include/turtlesim/msg/color__type_support.h
[141.051s] -- Installing: /opt/workspace/install/turtlesim/include/turtlesim/msg/color.h
[141.052s] -- Installing: /opt/workspace/install/turtlesim/include/turtlesim/msg/pose__functions.h
[141.052s] -- Installing: /opt/workspace/install/turtlesim/include/turtlesim/msg/color__struct.h
[141.054s] -- Installing: /opt/workspace/install/turtlesim/include/turtlesim/msg/color__functions.c
[141.054s] -- Installing: /opt/workspace/install/turtlesim/include/turtlesim/msg/pose__type_support.h
[141.055s] -- Installing: /opt/workspace/install/turtlesim/include/turtlesim/msg/color__functions.h
[141.056s] -- Installing: /opt/workspace/install/turtlesim/include/turtlesim/msg/pose__struct.h
[141.056s] -- Installing: /opt/workspace/install/turtlesim/include/turtlesim/msg/pose.h
[141.058s] -- Installing: /opt/workspace/install/turtlesim/include/turtlesim/msg/pose__functions.c
[141.058s] -- Installing: /opt/workspace/install/turtlesim/include/turtlesim/msg/rosidl_generator_c__visibility_control.h
[141.059s] -- Up-to-date: /opt/workspace/install/turtlesim/include/turtlesim/action
[141.059s] -- Installing: /opt/workspace/install/turtlesim/include/turtlesim/action/rotate_absolute__type_support.h
[141.060s] -- Installing: /opt/workspace/install/turtlesim/include/turtlesim/action/rotate_absolute.h
[141.061s] -- Installing: /opt/workspace/install/turtlesim/include/turtlesim/action/rotate_absolute__functions.c
[141.061s] -- Installing: /opt/workspace/install/turtlesim/include/turtlesim/action/rotate_absolute__struct.h
[141.062s] -- Installing: /opt/workspace/install/turtlesim/include/turtlesim/action/rotate_absolute__functions.h
[141.063s] -- Up-to-date: /opt/workspace/install/turtlesim/include/turtlesim/srv
[141.063s] -- Installing: /opt/workspace/install/turtlesim/include/turtlesim/srv/teleport_relative__functions.c
[141.064s] -- Installing: /opt/workspace/install/turtlesim/include/turtlesim/srv/set_pen__type_support.h
[141.065s] -- Installing: /opt/workspace/install/turtlesim/include/turtlesim/srv/teleport_absolute__functions.h
[141.065s] -- Installing: /opt/workspace/install/turtlesim/include/turtlesim/srv/teleport_absolute__type_support.h
[141.066s] -- Installing: /opt/workspace/install/turtlesim/include/turtlesim/srv/set_pen__functions.h
[141.066s] -- Installing: /opt/workspace/install/turtlesim/include/turtlesim/srv/kill.h
[141.067s] -- Installing: /opt/workspace/install/turtlesim/include/turtlesim/srv/spawn__functions.c
[141.067s] -- Installing: /opt/workspace/install/turtlesim/include/turtlesim/srv/teleport_absolute__functions.c
[141.068s] -- Installing: /opt/workspace/install/turtlesim/include/turtlesim/srv/spawn__struct.h
[141.069s] -- Installing: /opt/workspace/install/turtlesim/include/turtlesim/srv/spawn.h
[141.069s] -- Installing: /opt/workspace/install/turtlesim/include/turtlesim/srv/teleport_relative__type_support.h
[141.070s] -- Installing: /opt/workspace/install/turtlesim/include/turtlesim/srv/kill__functions.h
[141.071s] -- Installing: /opt/workspace/install/turtlesim/include/turtlesim/srv/teleport_relative__struct.h
[141.071s] -- Installing: /opt/workspace/install/turtlesim/include/turtlesim/srv/kill__type_support.h
[141.072s] -- Installing: /opt/workspace/install/turtlesim/include/turtlesim/srv/teleport_absolute__struct.h
[141.073s] -- Installing: /opt/workspace/install/turtlesim/include/turtlesim/srv/set_pen.h
[141.074s] -- Installing: /opt/workspace/install/turtlesim/include/turtlesim/srv/kill__functions.c
[141.074s] -- Installing: /opt/workspace/install/turtlesim/include/turtlesim/srv/set_pen__functions.c
[141.075s] -- Installing: /opt/workspace/install/turtlesim/include/turtlesim/srv/teleport_absolute.h
[141.076s] -- Installing: /opt/workspace/install/turtlesim/include/turtlesim/srv/teleport_relative__functions.h
[141.076s] -- Installing: /opt/workspace/install/turtlesim/include/turtlesim/srv/teleport_relative.h
[141.077s] -- Installing: /opt/workspace/install/turtlesim/include/turtlesim/srv/spawn__functions.h
[141.077s] -- Installing: /opt/workspace/install/turtlesim/include/turtlesim/srv/set_pen__struct.h
[141.078s] -- Installing: /opt/workspace/install/turtlesim/include/turtlesim/srv/spawn__type_support.h
[141.078s] -- Installing: /opt/workspace/install/turtlesim/include/turtlesim/srv/kill__struct.h
[141.079s] -- Installing: /opt/workspace/install/turtlesim/lib/libturtlesim__rosidl_generator_c.so
[141.081s] -- Set runtime path of "/opt/workspace/install/turtlesim/lib/libturtlesim__rosidl_generator_c.so" to ""
[141.081s] -- Up-to-date: /opt/workspace/install/turtlesim/include/turtlesim
[141.082s] -- Up-to-date: /opt/workspace/install/turtlesim/include/turtlesim/msg
[141.082s] -- Installing: /opt/workspace/install/turtlesim/include/turtlesim/msg/pose__traits.hpp
[141.083s] -- Installing: /opt/workspace/install/turtlesim/include/turtlesim/msg/color__struct.hpp
[141.084s] -- Installing: /opt/workspace/install/turtlesim/include/turtlesim/msg/pose.hpp
[141.084s] -- Installing: /opt/workspace/install/turtlesim/include/turtlesim/msg/color__traits.hpp
[141.085s] -- Installing: /opt/workspace/install/turtlesim/include/turtlesim/msg/color.hpp
[141.086s] -- Installing: /opt/workspace/install/turtlesim/include/turtlesim/msg/pose__struct.hpp
[141.086s] -- Up-to-date: /opt/workspace/install/turtlesim/include/turtlesim/action
[141.087s] -- Installing: /opt/workspace/install/turtlesim/include/turtlesim/action/rotate_absolute__struct.hpp
[141.087s] -- Installing: /opt/workspace/install/turtlesim/include/turtlesim/action/rotate_absolute__traits.hpp
[141.088s] -- Installing: /opt/workspace/install/turtlesim/include/turtlesim/action/rotate_absolute.hpp
[141.089s] -- Up-to-date: /opt/workspace/install/turtlesim/include/turtlesim/srv
[141.089s] -- Installing: /opt/workspace/install/turtlesim/include/turtlesim/srv/kill.hpp
[141.090s] -- Installing: /opt/workspace/install/turtlesim/include/turtlesim/srv/set_pen__traits.hpp
[141.090s] -- Installing: /opt/workspace/install/turtlesim/include/turtlesim/srv/spawn__struct.hpp
[141.091s] -- Installing: /opt/workspace/install/turtlesim/include/turtlesim/srv/set_pen__struct.hpp
[141.092s] -- Installing: /opt/workspace/install/turtlesim/include/turtlesim/srv/spawn.hpp
[141.092s] -- Installing: /opt/workspace/install/turtlesim/include/turtlesim/srv/kill__traits.hpp
[141.093s] -- Installing: /opt/workspace/install/turtlesim/include/turtlesim/srv/teleport_absolute__struct.hpp
[141.094s] -- Installing: /opt/workspace/install/turtlesim/include/turtlesim/srv/teleport_relative__struct.hpp
[141.094s] -- Installing: /opt/workspace/install/turtlesim/include/turtlesim/srv/teleport_absolute.hpp
[141.095s] -- Installing: /opt/workspace/install/turtlesim/include/turtlesim/srv/teleport_relative.hpp
[141.095s] -- Installing: /opt/workspace/install/turtlesim/include/turtlesim/srv/teleport_relative__traits.hpp
[141.096s] -- Installing: /opt/workspace/install/turtlesim/include/turtlesim/srv/teleport_absolute__traits.hpp
[141.096s] -- Installing: /opt/workspace/install/turtlesim/include/turtlesim/srv/set_pen.hpp
[141.097s] -- Installing: /opt/workspace/install/turtlesim/include/turtlesim/srv/spawn__traits.hpp
[141.097s] -- Installing: /opt/workspace/install/turtlesim/include/turtlesim/srv/kill__struct.hpp
[141.099s] -- Up-to-date: /opt/workspace/install/turtlesim/include/turtlesim
[141.100s] -- Up-to-date: /opt/workspace/install/turtlesim/include/turtlesim/msg
[141.100s] -- Installing: /opt/workspace/install/turtlesim/include/turtlesim/msg/pose__rosidl_typesupport_introspection_c.h
[141.101s] -- Installing: /opt/workspace/install/turtlesim/include/turtlesim/msg/rosidl_typesupport_introspection_c__visibility_control.h
[141.101s] -- Installing: /opt/workspace/install/turtlesim/include/turtlesim/msg/pose__type_support.c
[141.102s] -- Installing: /opt/workspace/install/turtlesim/include/turtlesim/msg/color__rosidl_typesupport_introspection_c.h
[141.103s] -- Installing: /opt/workspace/install/turtlesim/include/turtlesim/msg/color__type_support.c
[141.103s] -- Up-to-date: /opt/workspace/install/turtlesim/include/turtlesim/action
[141.104s] -- Installing: /opt/workspace/install/turtlesim/include/turtlesim/action/rotate_absolute__type_support.c
[141.104s] -- Installing: /opt/workspace/install/turtlesim/include/turtlesim/action/rotate_absolute__rosidl_typesupport_introspection_c.h
[141.105s] -- Up-to-date: /opt/workspace/install/turtlesim/include/turtlesim/srv
[141.106s] -- Installing: /opt/workspace/install/turtlesim/include/turtlesim/srv/teleport_relative__type_support.c
[141.106s] -- Installing: /opt/workspace/install/turtlesim/include/turtlesim/srv/teleport_absolute__rosidl_typesupport_introspection_c.h
[141.107s] -- Installing: /opt/workspace/install/turtlesim/include/turtlesim/srv/set_pen__type_support.c
[141.107s] -- Installing: /opt/workspace/install/turtlesim/include/turtlesim/srv/spawn__type_support.c
[141.108s] -- Installing: /opt/workspace/install/turtlesim/include/turtlesim/srv/kill__rosidl_typesupport_introspection_c.h
[141.108s] -- Installing: /opt/workspace/install/turtlesim/include/turtlesim/srv/kill__type_support.c
[141.109s] -- Installing: /opt/workspace/install/turtlesim/include/turtlesim/srv/set_pen__rosidl_typesupport_introspection_c.h
[141.110s] -- Installing: /opt/workspace/install/turtlesim/include/turtlesim/srv/spawn__rosidl_typesupport_introspection_c.h
[141.110s] -- Installing: /opt/workspace/install/turtlesim/include/turtlesim/srv/teleport_absolute__type_support.c
[141.111s] -- Installing: /opt/workspace/install/turtlesim/include/turtlesim/srv/teleport_relative__rosidl_typesupport_introspection_c.h
[141.112s] -- Installing: /opt/workspace/install/turtlesim/lib/libturtlesim__rosidl_typesupport_introspection_c.so
[141.114s] -- Set runtime path of "/opt/workspace/install/turtlesim/lib/libturtlesim__rosidl_typesupport_introspection_c.so" to ""
[141.114s] -- Up-to-date: /opt/workspace/install/turtlesim/include/turtlesim
[141.115s] -- Up-to-date: /opt/workspace/install/turtlesim/include/turtlesim/msg
[141.115s] -- Installing: /opt/workspace/install/turtlesim/include/turtlesim/msg/color__rosidl_typesupport_fastrtps_c.h
[141.116s] -- Installing: /opt/workspace/install/turtlesim/include/turtlesim/msg/rosidl_typesupport_fastrtps_c__visibility_control.h
[141.116s] -- Installing: /opt/workspace/install/turtlesim/include/turtlesim/msg/pose__rosidl_typesupport_fastrtps_c.h
[141.117s] -- Up-to-date: /opt/workspace/install/turtlesim/include/turtlesim/action
[141.117s] -- Installing: /opt/workspace/install/turtlesim/include/turtlesim/action/rotate_absolute__rosidl_typesupport_fastrtps_c.h
[141.118s] -- Up-to-date: /opt/workspace/install/turtlesim/include/turtlesim/srv
[141.118s] -- Installing: /opt/workspace/install/turtlesim/include/turtlesim/srv/teleport_relative__rosidl_typesupport_fastrtps_c.h
[141.119s] -- Installing: /opt/workspace/install/turtlesim/include/turtlesim/srv/spawn__rosidl_typesupport_fastrtps_c.h
[141.119s] -- Installing: /opt/workspace/install/turtlesim/include/turtlesim/srv/kill__rosidl_typesupport_fastrtps_c.h
[141.120s] -- Installing: /opt/workspace/install/turtlesim/include/turtlesim/srv/set_pen__rosidl_typesupport_fastrtps_c.h
[141.121s] -- Installing: /opt/workspace/install/turtlesim/include/turtlesim/srv/teleport_absolute__rosidl_typesupport_fastrtps_c.h
[141.121s] -- Installing: /opt/workspace/install/turtlesim/lib/libturtlesim__rosidl_typesupport_fastrtps_c.so
[141.123s] -- Set runtime path of "/opt/workspace/install/turtlesim/lib/libturtlesim__rosidl_typesupport_fastrtps_c.so" to ""
[141.124s] -- Up-to-date: /opt/workspace/install/turtlesim/include/turtlesim
[141.124s] -- Up-to-date: /opt/workspace/install/turtlesim/include/turtlesim/msg
[141.124s] -- Installing: /opt/workspace/install/turtlesim/include/turtlesim/msg/pose__rosidl_typesupport_fastrtps_cpp.hpp
[141.125s] -- Installing: /opt/workspace/install/turtlesim/include/turtlesim/msg/color__rosidl_typesupport_fastrtps_cpp.hpp
[141.126s] -- Installing: /opt/workspace/install/turtlesim/include/turtlesim/msg/rosidl_typesupport_fastrtps_cpp__visibility_control.h
[141.126s] -- Installing: /opt/workspace/install/turtlesim/include/turtlesim/msg/dds_fastrtps
[141.127s] -- Up-to-date: /opt/workspace/install/turtlesim/include/turtlesim/action
[141.127s] -- Installing: /opt/workspace/install/turtlesim/include/turtlesim/action/dds_fastrtps
[141.128s] -- Installing: /opt/workspace/install/turtlesim/include/turtlesim/action/rotate_absolute__rosidl_typesupport_fastrtps_cpp.hpp
[141.128s] -- Up-to-date: /opt/workspace/install/turtlesim/include/turtlesim/srv
[141.129s] -- Installing: /opt/workspace/install/turtlesim/include/turtlesim/srv/teleport_absolute__rosidl_typesupport_fastrtps_cpp.hpp
[141.130s] -- Installing: /opt/workspace/install/turtlesim/include/turtlesim/srv/set_pen__rosidl_typesupport_fastrtps_cpp.hpp
[141.130s] -- Installing: /opt/workspace/install/turtlesim/include/turtlesim/srv/kill__rosidl_typesupport_fastrtps_cpp.hpp
[141.131s] -- Installing: /opt/workspace/install/turtlesim/include/turtlesim/srv/teleport_relative__rosidl_typesupport_fastrtps_cpp.hpp
[141.131s] -- Installing: /opt/workspace/install/turtlesim/include/turtlesim/srv/spawn__rosidl_typesupport_fastrtps_cpp.hpp
[141.132s] -- Installing: /opt/workspace/install/turtlesim/include/turtlesim/srv/dds_fastrtps
[141.133s] -- Installing: /opt/workspace/install/turtlesim/lib/libturtlesim__rosidl_typesupport_fastrtps_cpp.so
[141.134s] -- Set runtime path of "/opt/workspace/install/turtlesim/lib/libturtlesim__rosidl_typesupport_fastrtps_cpp.so" to ""
[141.135s] -- Installing: /opt/workspace/install/turtlesim/share/turtlesim/environment/pythonpath.sh
[141.136s] -- Installing: /opt/workspace/install/turtlesim/share/turtlesim/environment/pythonpath.dsv
[141.136s] -- Installing: /opt/workspace/install/turtlesim/lib/python3.6/site-packages/turtlesim/__init__.py
[141.259s] Compiling '/opt/workspace/install/turtlesim/lib/python3.6/site-packages/turtlesim/__init__.py'...
[141.271s] -- Installing: /opt/workspace/install/turtlesim/lib/python3.6/site-packages/turtlesim/action
[141.272s] -- Installing: /opt/workspace/install/turtlesim/lib/python3.6/site-packages/turtlesim/action/__init__.py
[141.275s] -- Installing: /opt/workspace/install/turtlesim/lib/python3.6/site-packages/turtlesim/action/_rotate_absolute_s.c
[141.276s] -- Installing: /opt/workspace/install/turtlesim/lib/python3.6/site-packages/turtlesim/action/_rotate_absolute.py
[141.277s] -- Installing: /opt/workspace/install/turtlesim/lib/python3.6/site-packages/turtlesim/msg
[141.277s] -- Installing: /opt/workspace/install/turtlesim/lib/python3.6/site-packages/turtlesim/msg/__init__.py
[141.278s] -- Installing: /opt/workspace/install/turtlesim/lib/python3.6/site-packages/turtlesim/msg/_pose.py
[141.279s] -- Installing: /opt/workspace/install/turtlesim/lib/python3.6/site-packages/turtlesim/msg/_pose_s.c
[141.280s] -- Installing: /opt/workspace/install/turtlesim/lib/python3.6/site-packages/turtlesim/msg/_color.py
[141.280s] -- Installing: /opt/workspace/install/turtlesim/lib/python3.6/site-packages/turtlesim/msg/_color_s.c
[141.281s] -- Installing: /opt/workspace/install/turtlesim/lib/python3.6/site-packages/turtlesim/srv
[141.282s] -- Installing: /opt/workspace/install/turtlesim/lib/python3.6/site-packages/turtlesim/srv/_kill.py
[141.282s] -- Installing: /opt/workspace/install/turtlesim/lib/python3.6/site-packages/turtlesim/srv/__init__.py
[141.282s] -- Installing: /opt/workspace/install/turtlesim/lib/python3.6/site-packages/turtlesim/srv/_spawn_s.c
[141.284s] -- Installing: /opt/workspace/install/turtlesim/lib/python3.6/site-packages/turtlesim/srv/_set_pen_s.c
[141.284s] -- Installing: /opt/workspace/install/turtlesim/lib/python3.6/site-packages/turtlesim/srv/_teleport_absolute_s.c
[141.285s] -- Installing: /opt/workspace/install/turtlesim/lib/python3.6/site-packages/turtlesim/srv/_kill_s.c
[141.285s] -- Installing: /opt/workspace/install/turtlesim/lib/python3.6/site-packages/turtlesim/srv/_teleport_absolute.py
[141.285s] -- Installing: /opt/workspace/install/turtlesim/lib/python3.6/site-packages/turtlesim/srv/_spawn.py
[141.288s] -- Installing: /opt/workspace/install/turtlesim/lib/python3.6/site-packages/turtlesim/srv/_teleport_relative.py
[141.288s] -- Installing: /opt/workspace/install/turtlesim/lib/python3.6/site-packages/turtlesim/srv/_teleport_relative_s.c
[141.288s] -- Installing: /opt/workspace/install/turtlesim/lib/python3.6/site-packages/turtlesim/srv/_set_pen.py
[141.289s] -- Installing: /opt/workspace/install/turtlesim/lib/python3.6/site-packages/turtlesim/turtlesim_s__rosidl_typesupport_c.cpython-36m-x86_64-linux-gnu.so
[141.289s] -- Set runtime path of "/opt/workspace/install/turtlesim/lib/python3.6/site-packages/turtlesim/turtlesim_s__rosidl_typesupport_c.cpython-36m-x86_64-linux-gnu.so" to ""
[141.291s] -- Installing: /opt/workspace/install/turtlesim/lib/python3.6/site-packages/turtlesim/turtlesim_s__rosidl_typesupport_introspection_c.cpython-36m-x86_64-linux-gnu.so
[141.291s] -- Set runtime path of "/opt/workspace/install/turtlesim/lib/python3.6/site-packages/turtlesim/turtlesim_s__rosidl_typesupport_introspection_c.cpython-36m-x86_64-linux-gnu.so" to ""
[141.292s] -- Installing: /opt/workspace/install/turtlesim/lib/python3.6/site-packages/turtlesim/turtlesim_s__rosidl_typesupport_fastrtps_c.cpython-36m-x86_64-linux-gnu.so
[141.294s] -- Set runtime path of "/opt/workspace/install/turtlesim/lib/python3.6/site-packages/turtlesim/turtlesim_s__rosidl_typesupport_fastrtps_c.cpython-36m-x86_64-linux-gnu.so" to ""
[141.294s] -- Installing: /opt/workspace/install/turtlesim/lib/libturtlesim__python.so
[141.296s] -- Set runtime path of "/opt/workspace/install/turtlesim/lib/libturtlesim__python.so" to ""
[141.297s] -- Installing: /opt/workspace/install/turtlesim/share/turtlesim/action/RotateAbsolute.idl
[141.297s] -- Installing: /opt/workspace/install/turtlesim/share/turtlesim/msg/Color.idl
[141.298s] -- Installing: /opt/workspace/install/turtlesim/share/turtlesim/msg/Pose.idl
[141.302s] -- Installing: /opt/workspace/install/turtlesim/share/turtlesim/srv/Kill.idl
[141.303s] -- Installing: /opt/workspace/install/turtlesim/share/turtlesim/srv/SetPen.idl
[141.303s] -- Installing: /opt/workspace/install/turtlesim/share/turtlesim/srv/Spawn.idl
[141.304s] -- Installing: /opt/workspace/install/turtlesim/share/turtlesim/srv/TeleportAbsolute.idl
[141.305s] -- Installing: /opt/workspace/install/turtlesim/share/turtlesim/srv/TeleportRelative.idl
[141.306s] -- Installing: /opt/workspace/install/turtlesim/share/turtlesim/action/RotateAbsolute.action
[141.306s] -- Installing: /opt/workspace/install/turtlesim/share/turtlesim/msg/Color.msg
[141.307s] -- Installing: /opt/workspace/install/turtlesim/share/turtlesim/msg/Pose.msg
[141.308s] -- Installing: /opt/workspace/install/turtlesim/share/turtlesim/srv/Kill.srv
[141.308s] -- Installing: /opt/workspace/install/turtlesim/share/turtlesim/srv/Kill_Request.msg
[141.309s] -- Installing: /opt/workspace/install/turtlesim/share/turtlesim/srv/Kill_Response.msg
[141.310s] -- Installing: /opt/workspace/install/turtlesim/share/turtlesim/srv/SetPen.srv
[141.311s] -- Installing: /opt/workspace/install/turtlesim/share/turtlesim/srv/SetPen_Request.msg
[141.311s] -- Installing: /opt/workspace/install/turtlesim/share/turtlesim/srv/SetPen_Response.msg
[141.312s] -- Installing: /opt/workspace/install/turtlesim/share/turtlesim/srv/Spawn.srv
[141.313s] -- Installing: /opt/workspace/install/turtlesim/share/turtlesim/srv/Spawn_Request.msg
[141.314s] -- Installing: /opt/workspace/install/turtlesim/share/turtlesim/srv/Spawn_Response.msg
[141.315s] -- Installing: /opt/workspace/install/turtlesim/share/turtlesim/srv/TeleportAbsolute.srv
[141.315s] -- Installing: /opt/workspace/install/turtlesim/share/turtlesim/srv/TeleportAbsolute_Request.msg
[141.316s] -- Installing: /opt/workspace/install/turtlesim/share/turtlesim/srv/TeleportAbsolute_Response.msg
[141.317s] -- Installing: /opt/workspace/install/turtlesim/share/turtlesim/srv/TeleportRelative.srv
[141.318s] -- Installing: /opt/workspace/install/turtlesim/share/turtlesim/srv/TeleportRelative_Request.msg
[141.318s] -- Installing: /opt/workspace/install/turtlesim/share/turtlesim/srv/TeleportRelative_Response.msg
[141.319s] -- Installing: /opt/workspace/install/turtlesim/lib/turtlesim/turtlesim_node
[141.325s] -- Set runtime path of "/opt/workspace/install/turtlesim/lib/turtlesim/turtlesim_node" to ""
[141.326s] -- Installing: /opt/workspace/install/turtlesim/lib/turtlesim/turtle_teleop_key
[141.329s] -- Set runtime path of "/opt/workspace/install/turtlesim/lib/turtlesim/turtle_teleop_key" to ""
[141.330s] -- Installing: /opt/workspace/install/turtlesim/lib/turtlesim/draw_square
[141.334s] -- Set runtime path of "/opt/workspace/install/turtlesim/lib/turtlesim/draw_square" to ""
[141.334s] -- Installing: /opt/workspace/install/turtlesim/lib/turtlesim/mimic
[141.338s] -- Set runtime path of "/opt/workspace/install/turtlesim/lib/turtlesim/mimic" to ""
[141.338s] -- Installing: /opt/workspace/install/turtlesim/share/turtlesim/images
[141.339s] -- Installing: /opt/workspace/install/turtlesim/share/turtlesim/images/crystal.png
[141.344s] -- Installing: /opt/workspace/install/turtlesim/share/turtlesim/images/bouncy.png
[141.345s] -- Installing: /opt/workspace/install/turtlesim/share/turtlesim/images/ardent.png
[141.346s] -- Installing: /opt/workspace/install/turtlesim/share/turtlesim/images/dashing.png
[141.347s] -- Installing: /opt/workspace/install/turtlesim/share/turtlesim/images/eloquent.png
[141.348s] -- Installing: /opt/workspace/install/turtlesim/share/turtlesim/launch
[141.349s] -- Installing: /opt/workspace/install/turtlesim/share/turtlesim/launch/multisim.launch.py
[141.350s] -- Installing: /opt/workspace/install/turtlesim/share/ament_index/resource_index/package_run_dependencies/turtlesim
[141.351s] -- Installing: /opt/workspace/install/turtlesim/share/ament_index/resource_index/parent_prefix_path/turtlesim
[141.351s] -- Installing: /opt/workspace/install/turtlesim/share/turtlesim/environment/ament_prefix_path.sh
[141.352s] -- Installing: /opt/workspace/install/turtlesim/share/turtlesim/environment/ament_prefix_path.dsv
[141.353s] -- Installing: /opt/workspace/install/turtlesim/share/turtlesim/environment/path.sh
[141.354s] -- Installing: /opt/workspace/install/turtlesim/share/turtlesim/environment/path.dsv
[141.355s] -- Installing: /opt/workspace/install/turtlesim/share/turtlesim/local_setup.bash
[141.355s] -- Installing: /opt/workspace/install/turtlesim/share/turtlesim/local_setup.sh
[141.356s] -- Installing: /opt/workspace/install/turtlesim/share/turtlesim/local_setup.zsh
[141.357s] -- Installing: /opt/workspace/install/turtlesim/share/turtlesim/local_setup.dsv
[141.358s] -- Installing: /opt/workspace/install/turtlesim/share/turtlesim/package.dsv
[141.358s] -- Installing: /opt/workspace/install/turtlesim/share/ament_index/resource_index/packages/turtlesim
[141.359s] -- Installing: /opt/workspace/install/turtlesim/share/turtlesim/cmake/rosidl_cmake-extras.cmake
[141.360s] -- Installing: /opt/workspace/install/turtlesim/share/turtlesim/cmake/ament_cmake_export_dependencies-extras.cmake
[141.361s] -- Installing: /opt/workspace/install/turtlesim/share/turtlesim/cmake/ament_cmake_export_libraries-extras.cmake
[141.361s] -- Installing: /opt/workspace/install/turtlesim/share/turtlesim/cmake/ament_cmake_export_include_directories-extras.cmake
[141.362s] -- Installing: /opt/workspace/install/turtlesim/share/turtlesim/cmake/turtlesimConfig.cmake
[141.363s] -- Installing: /opt/workspace/install/turtlesim/share/turtlesim/cmake/turtlesimConfig-version.cmake
[141.364s] -- Installing: /opt/workspace/install/turtlesim/share/turtlesim/package.xml
