[2.406s] [36mInstall the project...[0m
[2.430s] -- Install configuration: ""
[2.430s] -- Up-to-date: /opt/workspace/install/ament_cmake_gmock/share/ament_index/resource_index/package_run_dependencies/ament_cmake_gmock
[2.431s] -- Up-to-date: /opt/workspace/install/ament_cmake_gmock/share/ament_index/resource_index/parent_prefix_path/ament_cmake_gmock
[2.431s] -- Up-to-date: /opt/workspace/install/ament_cmake_gmock/share/ament_cmake_gmock/environment/ament_prefix_path.sh
[2.431s] -- Up-to-date: /opt/workspace/install/ament_cmake_gmock/share/ament_cmake_gmock/environment/ament_prefix_path.dsv
[2.432s] -- Up-to-date: /opt/workspace/install/ament_cmake_gmock/share/ament_cmake_gmock/environment/path.sh
[2.432s] -- Up-to-date: /opt/workspace/install/ament_cmake_gmock/share/ament_cmake_gmock/environment/path.dsv
[2.432s] -- Up-to-date: /opt/workspace/install/ament_cmake_gmock/share/ament_cmake_gmock/local_setup.bash
[2.433s] -- Up-to-date: /opt/workspace/install/ament_cmake_gmock/share/ament_cmake_gmock/local_setup.sh
[2.433s] -- Up-to-date: /opt/workspace/install/ament_cmake_gmock/share/ament_cmake_gmock/local_setup.zsh
[2.433s] -- Up-to-date: /opt/workspace/install/ament_cmake_gmock/share/ament_cmake_gmock/local_setup.dsv
[2.433s] -- Installing: /opt/workspace/install/ament_cmake_gmock/share/ament_cmake_gmock/package.dsv
[2.433s] -- Up-to-date: /opt/workspace/install/ament_cmake_gmock/share/ament_index/resource_index/packages/ament_cmake_gmock
[2.434s] -- Up-to-date: /opt/workspace/install/ament_cmake_gmock/share/ament_cmake_gmock/cmake/ament_cmake_gmock-extras.cmake
[2.434s] -- Up-to-date: /opt/workspace/install/ament_cmake_gmock/share/ament_cmake_gmock/cmake/ament_cmake_gmockConfig.cmake
[2.434s] -- Up-to-date: /opt/workspace/install/ament_cmake_gmock/share/ament_cmake_gmock/cmake/ament_cmake_gmockConfig-version.cmake
[2.434s] -- Up-to-date: /opt/workspace/install/ament_cmake_gmock/share/ament_cmake_gmock/package.xml
[2.435s] -- Up-to-date: /opt/workspace/install/ament_cmake_gmock/share/ament_cmake_gmock/cmake
[2.435s] -- Up-to-date: /opt/workspace/install/ament_cmake_gmock/share/ament_cmake_gmock/cmake/ament_find_gmock.cmake
[2.435s] -- Up-to-date: /opt/workspace/install/ament_cmake_gmock/share/ament_cmake_gmock/cmake/ament_add_gmock.cmake
