/opt/workspace/install/ros2service/lib/python3.6/site-packages/ros2service/__init__.py
/opt/workspace/install/ros2service/lib/python3.6/site-packages/ros2service/api/__init__.py
/opt/workspace/install/ros2service/lib/python3.6/site-packages/ros2service/verb/__init__.py
/opt/workspace/install/ros2service/lib/python3.6/site-packages/ros2service/verb/call.py
/opt/workspace/install/ros2service/lib/python3.6/site-packages/ros2service/verb/list.py
/opt/workspace/install/ros2service/lib/python3.6/site-packages/ros2service/verb/type.py
/opt/workspace/install/ros2service/lib/python3.6/site-packages/ros2service/verb/find.py
/opt/workspace/install/ros2service/lib/python3.6/site-packages/ros2service/command/__init__.py
/opt/workspace/install/ros2service/lib/python3.6/site-packages/ros2service/command/service.py
/opt/workspace/install/ros2service/lib/python3.6/site-packages/ros2service/__pycache__/__init__.cpython-36.pyc
/opt/workspace/install/ros2service/lib/python3.6/site-packages/ros2service/api/__pycache__/__init__.cpython-36.pyc
/opt/workspace/install/ros2service/lib/python3.6/site-packages/ros2service/verb/__pycache__/__init__.cpython-36.pyc
/opt/workspace/install/ros2service/lib/python3.6/site-packages/ros2service/verb/__pycache__/call.cpython-36.pyc
/opt/workspace/install/ros2service/lib/python3.6/site-packages/ros2service/verb/__pycache__/list.cpython-36.pyc
/opt/workspace/install/ros2service/lib/python3.6/site-packages/ros2service/verb/__pycache__/type.cpython-36.pyc
/opt/workspace/install/ros2service/lib/python3.6/site-packages/ros2service/verb/__pycache__/find.cpython-36.pyc
/opt/workspace/install/ros2service/lib/python3.6/site-packages/ros2service/command/__pycache__/__init__.cpython-36.pyc
/opt/workspace/install/ros2service/lib/python3.6/site-packages/ros2service/command/__pycache__/service.cpython-36.pyc
/opt/workspace/install/ros2service/share/ros2service/package.xml
/opt/workspace/install/ros2service/share/ament_index/resource_index/packages/ros2service
/opt/workspace/install/ros2service/lib/python3.6/site-packages/ros2service-0.8.7-py3.6.egg-info/dependency_links.txt
/opt/workspace/install/ros2service/lib/python3.6/site-packages/ros2service-0.8.7-py3.6.egg-info/zip-safe
/opt/workspace/install/ros2service/lib/python3.6/site-packages/ros2service-0.8.7-py3.6.egg-info/top_level.txt
/opt/workspace/install/ros2service/lib/python3.6/site-packages/ros2service-0.8.7-py3.6.egg-info/entry_points.txt
/opt/workspace/install/ros2service/lib/python3.6/site-packages/ros2service-0.8.7-py3.6.egg-info/requires.txt
/opt/workspace/install/ros2service/lib/python3.6/site-packages/ros2service-0.8.7-py3.6.egg-info/PKG-INFO
/opt/workspace/install/ros2service/lib/python3.6/site-packages/ros2service-0.8.7-py3.6.egg-info/SOURCES.txt
