[0.404s] Invoking command in '/opt/workspace/build/rcpputils': AMENT_PREFIX_PATH=/opt/workspace/install/rcutils:/opt/workspace/install/ament_cmake_ros:/opt/workspace/install/ament_lint_common:/opt/workspace/install/ament_cmake_xmllint:/opt/workspace/install/ament_cmake_uncrustify:/opt/workspace/install/ament_cmake_pep257:/opt/workspace/install/ament_cmake_flake8:/opt/workspace/install/ament_cmake_cpplint:/opt/workspace/install/ament_cmake_cppcheck:/opt/workspace/install/ament_uncrustify:/opt/workspace/install/ament_cmake_copyright:/opt/workspace/install/uncrustify_vendor:/opt/workspace/install/ament_cmake_lint_cmake:/opt/workspace/install/ament_cmake_gmock:/opt/workspace/install/domain_coordinator:/opt/workspace/install/ament_xmllint:/opt/workspace/install/ament_lint_cmake:/opt/workspace/install/ament_lint_auto:/opt/workspace/install/ament_cpplint:/opt/workspace/install/ament_cmake_pytest:/opt/workspace/install/ament_cmake_gtest:/opt/workspace/install/ament_cmake:/opt/workspace/install/ament_copyright:/opt/workspace/install/ament_cmake_test:/opt/workspace/install/ament_cmake_target_dependencies:/opt/workspace/install/ament_cmake_export_interfaces:/opt/workspace/install/ament_cmake_export_dependencies:/opt/workspace/install/ament_pep257:/opt/workspace/install/ament_cmake_version:/opt/workspace/install/ament_cmake_python:/opt/workspace/install/ament_cmake_libraries:/opt/workspace/install/ament_cmake_include_directories:/opt/workspace/install/ament_cmake_export_link_flags:/opt/workspace/install/ament_cmake_export_libraries:/opt/workspace/install/ament_cmake_export_include_directories:/opt/workspace/install/ament_cmake_export_definitions:/opt/workspace/install/ament_flake8:/opt/workspace/install/ament_cmake_core:/opt/workspace/install/ament_package:/opt/workspace/install/ament_lint:/opt/workspace/install/ament_cppcheck:${AMENT_PREFIX_PATH} CMAKE_PREFIX_PATH=/opt/workspace/install/rcutils:/opt/workspace/install/ament_cmake_ros:/opt/workspace/install/ament_lint_common:/opt/workspace/install/ament_cmake_xmllint:/opt/workspace/install/ament_cmake_uncrustify:/opt/workspace/install/ament_cmake_pep257:/opt/workspace/install/ament_cmake_flake8:/opt/workspace/install/ament_cmake_cpplint:/opt/workspace/install/ament_cmake_cppcheck:/opt/workspace/install/ament_cmake_copyright:/opt/workspace/install/uncrustify_vendor:/opt/workspace/install/ament_cmake_lint_cmake:/opt/workspace/install/ament_cmake_gmock:/opt/workspace/install/ament_lint_auto:/opt/workspace/install/ament_cmake_pytest:/opt/workspace/install/ament_cmake_gtest:/opt/workspace/install/ament_cmake:/opt/workspace/install/ament_cmake_test:/opt/workspace/install/ament_cmake_target_dependencies:/opt/workspace/install/ament_cmake_export_interfaces:/opt/workspace/install/ament_cmake_export_dependencies:/opt/workspace/install/ament_cmake_version:/opt/workspace/install/ament_cmake_python:/opt/workspace/install/ament_cmake_libraries:/opt/workspace/install/ament_cmake_include_directories:/opt/workspace/install/ament_cmake_export_link_flags:/opt/workspace/install/ament_cmake_export_libraries:/opt/workspace/install/ament_cmake_export_include_directories:/opt/workspace/install/ament_cmake_export_definitions:/opt/workspace/install/gmock_vendor:/opt/workspace/install/ament_cmake_core:/opt/workspace/install/gtest_vendor:/opt/ros/eloquent LD_LIBRARY_PATH=/opt/workspace/install/rcutils/lib:${LD_LIBRARY_PATH} PATH=/opt/workspace/install/ament_uncrustify/bin:/opt/workspace/install/ament_xmllint/bin:/opt/workspace/install/ament_lint_cmake/bin:/opt/workspace/install/ament_cpplint/bin:/opt/workspace/install/ament_copyright/bin:/opt/workspace/install/ament_pep257/bin:/opt/workspace/install/ament_flake8/bin:/opt/workspace/install/ament_cppcheck/bin:${PATH} PKG_CONFIG_PATH=/opt/workspace/install/gmock_vendor/lib/x86_64-linux-gnu/pkgconfig:/opt/workspace/install/gmock_vendor/lib/pkgconfig:/opt/workspace/install/gtest_vendor/lib/x86_64-linux-gnu/pkgconfig:/opt/workspace/install/gtest_vendor/lib/pkgconfig PYTHONPATH=/opt/workspace/install/rcutils/lib/python3.6/site-packages:/opt/workspace/install/ament_uncrustify/lib/python3.6/site-packages:/opt/workspace/install/domain_coordinator/lib/python3.6/site-packages:/opt/workspace/install/ament_xmllint/lib/python3.6/site-packages:/opt/workspace/install/ament_lint_cmake/lib/python3.6/site-packages:/opt/workspace/install/ament_cpplint/lib/python3.6/site-packages:/opt/workspace/install/ament_copyright/lib/python3.6/site-packages:/opt/workspace/install/ament_cmake_test/lib/python3.6/site-packages:/opt/workspace/install/ament_pep257/lib/python3.6/site-packages:/opt/workspace/install/ament_flake8/lib/python3.6/site-packages:/opt/workspace/install/ament_package/lib/python3.6/site-packages:/opt/workspace/install/ament_lint/lib/python3.6/site-packages:/opt/workspace/install/ament_cppcheck/lib/python3.6/site-packages:${PYTHONPATH} /usr/bin/cmake /opt/workspace/src/ros2/rcpputils -DCMAKE_INSTALL_PREFIX=/opt/workspace/install/rcpputils
[0.594s] -- The C compiler identification is GNU 7.4.0
[0.790s] -- The CXX compiler identification is GNU 7.4.0
[0.803s] -- Check for working C compiler: /usr/bin/cc
[0.992s] -- Check for working C compiler: /usr/bin/cc -- works
[0.994s] -- Detecting C compiler ABI info
[1.213s] -- Detecting C compiler ABI info - done
[1.226s] -- Detecting C compile features
[2.070s] -- Detecting C compile features - done
[2.075s] -- Check for working CXX compiler: /usr/bin/c++
[2.499s] -- Check for working CXX compiler: /usr/bin/c++ -- works
[2.502s] -- Detecting CXX compiler ABI info
[2.827s] -- Detecting CXX compiler ABI info - done
[2.839s] -- Detecting CXX compile features
[4.049s] -- Detecting CXX compile features - done
[4.055s] -- Found ament_cmake: 0.8.2 (/opt/workspace/install/ament_cmake/share/ament_cmake/cmake)
[4.163s] -- Found PythonInterp: /usr/bin/python3 (found suitable version "3.6.9", minimum required is "3") 
[4.163s] -- Using PYTHON_EXECUTABLE: /usr/bin/python3
[4.799s] -- Found ament_cmake_ros: 0.8.0 (/opt/workspace/install/ament_cmake_ros/share/ament_cmake_ros/cmake)
[4.822s] -- Found rcutils: 0.8.4 (/opt/workspace/install/rcutils/share/rcutils/cmake)
[4.838s] -- Found ament_lint_auto: 0.8.1 (/opt/workspace/install/ament_lint_auto/share/ament_lint_auto/cmake)
[5.073s] -- Found gtest sources under '/opt/workspace/install/gtest_vendor/src/gtest_vendor': C++ tests using 'Google Test' will be built
[5.084s] -- Looking for pthread.h
[5.521s] -- Looking for pthread.h - found
[5.521s] -- Looking for pthread_create
[5.978s] -- Looking for pthread_create - not found
[5.979s] -- Check if compiler accepts -pthread
[6.448s] -- Check if compiler accepts -pthread - yes
[6.451s] -- Found Threads: TRUE  
[6.523s] -- Added test 'copyright' to check for copyright in CMake / C / C++ / Python code
[6.534s] -- Added test 'cppcheck' to perform static code analysis on C / C++ code
[6.537s] -- Configured cppcheck include dirs: /opt/workspace/src/ros2/rcpputils/include
[6.549s] -- Added test 'cpplint' to check C / C++ code against the Google style
[6.554s] -- Added test 'lint_cmake' to check CMake code style
[6.564s] -- Added test 'uncrustify' to check C / C++ code style
[6.567s] -- Added test 'xmllint' to check XML markup files
[6.583s] -- Configuring done
[6.624s] -- Generating done
[6.631s] -- Build files have been written to: /opt/workspace/build/rcpputils
[6.642s] Invoked command in '/opt/workspace/build/rcpputils' returned '0': AMENT_PREFIX_PATH=/opt/workspace/install/rcutils:/opt/workspace/install/ament_cmake_ros:/opt/workspace/install/ament_lint_common:/opt/workspace/install/ament_cmake_xmllint:/opt/workspace/install/ament_cmake_uncrustify:/opt/workspace/install/ament_cmake_pep257:/opt/workspace/install/ament_cmake_flake8:/opt/workspace/install/ament_cmake_cpplint:/opt/workspace/install/ament_cmake_cppcheck:/opt/workspace/install/ament_uncrustify:/opt/workspace/install/ament_cmake_copyright:/opt/workspace/install/uncrustify_vendor:/opt/workspace/install/ament_cmake_lint_cmake:/opt/workspace/install/ament_cmake_gmock:/opt/workspace/install/domain_coordinator:/opt/workspace/install/ament_xmllint:/opt/workspace/install/ament_lint_cmake:/opt/workspace/install/ament_lint_auto:/opt/workspace/install/ament_cpplint:/opt/workspace/install/ament_cmake_pytest:/opt/workspace/install/ament_cmake_gtest:/opt/workspace/install/ament_cmake:/opt/workspace/install/ament_copyright:/opt/workspace/install/ament_cmake_test:/opt/workspace/install/ament_cmake_target_dependencies:/opt/workspace/install/ament_cmake_export_interfaces:/opt/workspace/install/ament_cmake_export_dependencies:/opt/workspace/install/ament_pep257:/opt/workspace/install/ament_cmake_version:/opt/workspace/install/ament_cmake_python:/opt/workspace/install/ament_cmake_libraries:/opt/workspace/install/ament_cmake_include_directories:/opt/workspace/install/ament_cmake_export_link_flags:/opt/workspace/install/ament_cmake_export_libraries:/opt/workspace/install/ament_cmake_export_include_directories:/opt/workspace/install/ament_cmake_export_definitions:/opt/workspace/install/ament_flake8:/opt/workspace/install/ament_cmake_core:/opt/workspace/install/ament_package:/opt/workspace/install/ament_lint:/opt/workspace/install/ament_cppcheck:${AMENT_PREFIX_PATH} CMAKE_PREFIX_PATH=/opt/workspace/install/rcutils:/opt/workspace/install/ament_cmake_ros:/opt/workspace/install/ament_lint_common:/opt/workspace/install/ament_cmake_xmllint:/opt/workspace/install/ament_cmake_uncrustify:/opt/workspace/install/ament_cmake_pep257:/opt/workspace/install/ament_cmake_flake8:/opt/workspace/install/ament_cmake_cpplint:/opt/workspace/install/ament_cmake_cppcheck:/opt/workspace/install/ament_cmake_copyright:/opt/workspace/install/uncrustify_vendor:/opt/workspace/install/ament_cmake_lint_cmake:/opt/workspace/install/ament_cmake_gmock:/opt/workspace/install/ament_lint_auto:/opt/workspace/install/ament_cmake_pytest:/opt/workspace/install/ament_cmake_gtest:/opt/workspace/install/ament_cmake:/opt/workspace/install/ament_cmake_test:/opt/workspace/install/ament_cmake_target_dependencies:/opt/workspace/install/ament_cmake_export_interfaces:/opt/workspace/install/ament_cmake_export_dependencies:/opt/workspace/install/ament_cmake_version:/opt/workspace/install/ament_cmake_python:/opt/workspace/install/ament_cmake_libraries:/opt/workspace/install/ament_cmake_include_directories:/opt/workspace/install/ament_cmake_export_link_flags:/opt/workspace/install/ament_cmake_export_libraries:/opt/workspace/install/ament_cmake_export_include_directories:/opt/workspace/install/ament_cmake_export_definitions:/opt/workspace/install/gmock_vendor:/opt/workspace/install/ament_cmake_core:/opt/workspace/install/gtest_vendor:/opt/ros/eloquent LD_LIBRARY_PATH=/opt/workspace/install/rcutils/lib:${LD_LIBRARY_PATH} PATH=/opt/workspace/install/ament_uncrustify/bin:/opt/workspace/install/ament_xmllint/bin:/opt/workspace/install/ament_lint_cmake/bin:/opt/workspace/install/ament_cpplint/bin:/opt/workspace/install/ament_copyright/bin:/opt/workspace/install/ament_pep257/bin:/opt/workspace/install/ament_flake8/bin:/opt/workspace/install/ament_cppcheck/bin:${PATH} PKG_CONFIG_PATH=/opt/workspace/install/gmock_vendor/lib/x86_64-linux-gnu/pkgconfig:/opt/workspace/install/gmock_vendor/lib/pkgconfig:/opt/workspace/install/gtest_vendor/lib/x86_64-linux-gnu/pkgconfig:/opt/workspace/install/gtest_vendor/lib/pkgconfig PYTHONPATH=/opt/workspace/install/rcutils/lib/python3.6/site-packages:/opt/workspace/install/ament_uncrustify/lib/python3.6/site-packages:/opt/workspace/install/domain_coordinator/lib/python3.6/site-packages:/opt/workspace/install/ament_xmllint/lib/python3.6/site-packages:/opt/workspace/install/ament_lint_cmake/lib/python3.6/site-packages:/opt/workspace/install/ament_cpplint/lib/python3.6/site-packages:/opt/workspace/install/ament_copyright/lib/python3.6/site-packages:/opt/workspace/install/ament_cmake_test/lib/python3.6/site-packages:/opt/workspace/install/ament_pep257/lib/python3.6/site-packages:/opt/workspace/install/ament_flake8/lib/python3.6/site-packages:/opt/workspace/install/ament_package/lib/python3.6/site-packages:/opt/workspace/install/ament_lint/lib/python3.6/site-packages:/opt/workspace/install/ament_cppcheck/lib/python3.6/site-packages:${PYTHONPATH} /usr/bin/cmake /opt/workspace/src/ros2/rcpputils -DCMAKE_INSTALL_PREFIX=/opt/workspace/install/rcpputils
[6.643s] Invoking command in '/opt/workspace/build/rcpputils': AMENT_PREFIX_PATH=/opt/workspace/install/rcutils:/opt/workspace/install/ament_cmake_ros:/opt/workspace/install/ament_lint_common:/opt/workspace/install/ament_cmake_xmllint:/opt/workspace/install/ament_cmake_uncrustify:/opt/workspace/install/ament_cmake_pep257:/opt/workspace/install/ament_cmake_flake8:/opt/workspace/install/ament_cmake_cpplint:/opt/workspace/install/ament_cmake_cppcheck:/opt/workspace/install/ament_uncrustify:/opt/workspace/install/ament_cmake_copyright:/opt/workspace/install/uncrustify_vendor:/opt/workspace/install/ament_cmake_lint_cmake:/opt/workspace/install/ament_cmake_gmock:/opt/workspace/install/domain_coordinator:/opt/workspace/install/ament_xmllint:/opt/workspace/install/ament_lint_cmake:/opt/workspace/install/ament_lint_auto:/opt/workspace/install/ament_cpplint:/opt/workspace/install/ament_cmake_pytest:/opt/workspace/install/ament_cmake_gtest:/opt/workspace/install/ament_cmake:/opt/workspace/install/ament_copyright:/opt/workspace/install/ament_cmake_test:/opt/workspace/install/ament_cmake_target_dependencies:/opt/workspace/install/ament_cmake_export_interfaces:/opt/workspace/install/ament_cmake_export_dependencies:/opt/workspace/install/ament_pep257:/opt/workspace/install/ament_cmake_version:/opt/workspace/install/ament_cmake_python:/opt/workspace/install/ament_cmake_libraries:/opt/workspace/install/ament_cmake_include_directories:/opt/workspace/install/ament_cmake_export_link_flags:/opt/workspace/install/ament_cmake_export_libraries:/opt/workspace/install/ament_cmake_export_include_directories:/opt/workspace/install/ament_cmake_export_definitions:/opt/workspace/install/ament_flake8:/opt/workspace/install/ament_cmake_core:/opt/workspace/install/ament_package:/opt/workspace/install/ament_lint:/opt/workspace/install/ament_cppcheck:${AMENT_PREFIX_PATH} CMAKE_PREFIX_PATH=/opt/workspace/install/rcutils:/opt/workspace/install/ament_cmake_ros:/opt/workspace/install/ament_lint_common:/opt/workspace/install/ament_cmake_xmllint:/opt/workspace/install/ament_cmake_uncrustify:/opt/workspace/install/ament_cmake_pep257:/opt/workspace/install/ament_cmake_flake8:/opt/workspace/install/ament_cmake_cpplint:/opt/workspace/install/ament_cmake_cppcheck:/opt/workspace/install/ament_cmake_copyright:/opt/workspace/install/uncrustify_vendor:/opt/workspace/install/ament_cmake_lint_cmake:/opt/workspace/install/ament_cmake_gmock:/opt/workspace/install/ament_lint_auto:/opt/workspace/install/ament_cmake_pytest:/opt/workspace/install/ament_cmake_gtest:/opt/workspace/install/ament_cmake:/opt/workspace/install/ament_cmake_test:/opt/workspace/install/ament_cmake_target_dependencies:/opt/workspace/install/ament_cmake_export_interfaces:/opt/workspace/install/ament_cmake_export_dependencies:/opt/workspace/install/ament_cmake_version:/opt/workspace/install/ament_cmake_python:/opt/workspace/install/ament_cmake_libraries:/opt/workspace/install/ament_cmake_include_directories:/opt/workspace/install/ament_cmake_export_link_flags:/opt/workspace/install/ament_cmake_export_libraries:/opt/workspace/install/ament_cmake_export_include_directories:/opt/workspace/install/ament_cmake_export_definitions:/opt/workspace/install/gmock_vendor:/opt/workspace/install/ament_cmake_core:/opt/workspace/install/gtest_vendor:/opt/ros/eloquent LD_LIBRARY_PATH=/opt/workspace/install/rcutils/lib:${LD_LIBRARY_PATH} PATH=/opt/workspace/install/ament_uncrustify/bin:/opt/workspace/install/ament_xmllint/bin:/opt/workspace/install/ament_lint_cmake/bin:/opt/workspace/install/ament_cpplint/bin:/opt/workspace/install/ament_copyright/bin:/opt/workspace/install/ament_pep257/bin:/opt/workspace/install/ament_flake8/bin:/opt/workspace/install/ament_cppcheck/bin:${PATH} PKG_CONFIG_PATH=/opt/workspace/install/gmock_vendor/lib/x86_64-linux-gnu/pkgconfig:/opt/workspace/install/gmock_vendor/lib/pkgconfig:/opt/workspace/install/gtest_vendor/lib/x86_64-linux-gnu/pkgconfig:/opt/workspace/install/gtest_vendor/lib/pkgconfig PYTHONPATH=/opt/workspace/install/rcutils/lib/python3.6/site-packages:/opt/workspace/install/ament_uncrustify/lib/python3.6/site-packages:/opt/workspace/install/domain_coordinator/lib/python3.6/site-packages:/opt/workspace/install/ament_xmllint/lib/python3.6/site-packages:/opt/workspace/install/ament_lint_cmake/lib/python3.6/site-packages:/opt/workspace/install/ament_cpplint/lib/python3.6/site-packages:/opt/workspace/install/ament_copyright/lib/python3.6/site-packages:/opt/workspace/install/ament_cmake_test/lib/python3.6/site-packages:/opt/workspace/install/ament_pep257/lib/python3.6/site-packages:/opt/workspace/install/ament_flake8/lib/python3.6/site-packages:/opt/workspace/install/ament_package/lib/python3.6/site-packages:/opt/workspace/install/ament_lint/lib/python3.6/site-packages:/opt/workspace/install/ament_cppcheck/lib/python3.6/site-packages:${PYTHONPATH} /usr/bin/cmake --build /opt/workspace/build/rcpputils -- -j8 -l8
[6.754s] [35m[1mScanning dependencies of target gtest_main[0m
[6.772s] [35m[1mScanning dependencies of target gtest[0m
[6.785s] [35m[1mScanning dependencies of target test_library[0m
[6.791s] [35m[1mScanning dependencies of target rcpputils[0m
[6.812s] [  4%] [32mBuilding CXX object gtest/CMakeFiles/gtest_main.dir/src/gtest_main.cc.o[0m
[6.828s] [  8%] [32mBuilding CXX object CMakeFiles/test_library.dir/test/test_library.cpp.o[0m
[6.847s] [ 12%] [32mBuilding CXX object CMakeFiles/rcpputils.dir/src/find_library.cpp.o[0m
[6.867s] [ 16%] [32mBuilding CXX object gtest/CMakeFiles/gtest.dir/src/gtest-all.cc.o[0m
[6.966s] [ 20%] [32m[1mLinking CXX shared library libtest_library.so[0m
[7.208s] [ 20%] Built target test_library
[8.637s] [ 25%] [32m[1mLinking CXX shared library librcpputils.so[0m
[8.867s] [ 29%] [32m[1mLinking CXX static library libgtest_main.a[0m
[9.069s] [ 29%] Built target rcpputils
[9.119s] [ 29%] Built target gtest_main
[20.928s] [ 33%] [32m[1mLinking CXX static library libgtest.a[0m
[21.204s] [ 33%] Built target gtest
[21.270s] [35m[1mScanning dependencies of target test_join[0m
[21.359s] [ 37%] [32mBuilding CXX object CMakeFiles/test_join.dir/test/test_join.cpp.o[0m
[23.541s] [ 41%] [32m[1mLinking CXX executable test_join[0m
[23.920s] [ 41%] Built target test_join
[23.949s] [35m[1mScanning dependencies of target test_endian[0m
[23.989s] [ 45%] [32mBuilding CXX object CMakeFiles/test_endian.dir/test/test_endian.cpp.o[0m
[25.586s] [ 50%] [32m[1mLinking CXX executable test_endian[0m
[25.922s] [ 50%] Built target test_endian
[25.944s] [35m[1mScanning dependencies of target test_filesystem_helper[0m
[25.994s] [ 54%] [32mBuilding CXX object CMakeFiles/test_filesystem_helper.dir/test/test_filesystem_helper.cpp.o[0m
[28.018s] [ 58%] [32m[1mLinking CXX executable test_filesystem_helper[0m
[28.376s] [ 58%] Built target test_filesystem_helper
[28.393s] [35m[1mScanning dependencies of target test_find_and_replace[0m
[28.441s] [ 62%] [32mBuilding CXX object CMakeFiles/test_find_and_replace.dir/test/test_find_and_replace.cpp.o[0m
[30.119s] [ 66%] [32m[1mLinking CXX executable test_find_and_replace[0m
[30.452s] [ 66%] Built target test_find_and_replace
[30.473s] [35m[1mScanning dependencies of target test_find_library[0m
[30.513s] [ 70%] [32mBuilding CXX object CMakeFiles/test_find_library.dir/test/test_find_library.cpp.o[0m
[32.028s] [ 75%] [32m[1mLinking CXX executable test_find_library[0m
[32.397s] [ 75%] Built target test_find_library
[32.445s] [35m[1mScanning dependencies of target test_pointer_traits[0m
[32.497s] [ 79%] [32mBuilding CXX object CMakeFiles/test_pointer_traits.dir/test/test_pointer_traits.cpp.o[0m
[34.342s] [ 83%] [32m[1mLinking CXX executable test_pointer_traits[0m
[34.710s] [ 83%] Built target test_pointer_traits
[34.750s] [35m[1mScanning dependencies of target test_thread_safety_annotations[0m
[34.788s] [ 87%] [32mBuilding CXX object CMakeFiles/test_thread_safety_annotations.dir/test/test_thread_safety_annotations.cpp.o[0m
[36.435s] [ 91%] [32m[1mLinking CXX executable test_thread_safety_annotations[0m
[36.755s] [ 91%] Built target test_thread_safety_annotations
[36.776s] [35m[1mScanning dependencies of target test_split[0m
[36.821s] [ 95%] [32mBuilding CXX object CMakeFiles/test_split.dir/test/test_split.cpp.o[0m
[39.403s] [100%] [32m[1mLinking CXX executable test_split[0m
[39.787s] [100%] Built target test_split
[39.810s] Invoked command in '/opt/workspace/build/rcpputils' returned '0': AMENT_PREFIX_PATH=/opt/workspace/install/rcutils:/opt/workspace/install/ament_cmake_ros:/opt/workspace/install/ament_lint_common:/opt/workspace/install/ament_cmake_xmllint:/opt/workspace/install/ament_cmake_uncrustify:/opt/workspace/install/ament_cmake_pep257:/opt/workspace/install/ament_cmake_flake8:/opt/workspace/install/ament_cmake_cpplint:/opt/workspace/install/ament_cmake_cppcheck:/opt/workspace/install/ament_uncrustify:/opt/workspace/install/ament_cmake_copyright:/opt/workspace/install/uncrustify_vendor:/opt/workspace/install/ament_cmake_lint_cmake:/opt/workspace/install/ament_cmake_gmock:/opt/workspace/install/domain_coordinator:/opt/workspace/install/ament_xmllint:/opt/workspace/install/ament_lint_cmake:/opt/workspace/install/ament_lint_auto:/opt/workspace/install/ament_cpplint:/opt/workspace/install/ament_cmake_pytest:/opt/workspace/install/ament_cmake_gtest:/opt/workspace/install/ament_cmake:/opt/workspace/install/ament_copyright:/opt/workspace/install/ament_cmake_test:/opt/workspace/install/ament_cmake_target_dependencies:/opt/workspace/install/ament_cmake_export_interfaces:/opt/workspace/install/ament_cmake_export_dependencies:/opt/workspace/install/ament_pep257:/opt/workspace/install/ament_cmake_version:/opt/workspace/install/ament_cmake_python:/opt/workspace/install/ament_cmake_libraries:/opt/workspace/install/ament_cmake_include_directories:/opt/workspace/install/ament_cmake_export_link_flags:/opt/workspace/install/ament_cmake_export_libraries:/opt/workspace/install/ament_cmake_export_include_directories:/opt/workspace/install/ament_cmake_export_definitions:/opt/workspace/install/ament_flake8:/opt/workspace/install/ament_cmake_core:/opt/workspace/install/ament_package:/opt/workspace/install/ament_lint:/opt/workspace/install/ament_cppcheck:${AMENT_PREFIX_PATH} CMAKE_PREFIX_PATH=/opt/workspace/install/rcutils:/opt/workspace/install/ament_cmake_ros:/opt/workspace/install/ament_lint_common:/opt/workspace/install/ament_cmake_xmllint:/opt/workspace/install/ament_cmake_uncrustify:/opt/workspace/install/ament_cmake_pep257:/opt/workspace/install/ament_cmake_flake8:/opt/workspace/install/ament_cmake_cpplint:/opt/workspace/install/ament_cmake_cppcheck:/opt/workspace/install/ament_cmake_copyright:/opt/workspace/install/uncrustify_vendor:/opt/workspace/install/ament_cmake_lint_cmake:/opt/workspace/install/ament_cmake_gmock:/opt/workspace/install/ament_lint_auto:/opt/workspace/install/ament_cmake_pytest:/opt/workspace/install/ament_cmake_gtest:/opt/workspace/install/ament_cmake:/opt/workspace/install/ament_cmake_test:/opt/workspace/install/ament_cmake_target_dependencies:/opt/workspace/install/ament_cmake_export_interfaces:/opt/workspace/install/ament_cmake_export_dependencies:/opt/workspace/install/ament_cmake_version:/opt/workspace/install/ament_cmake_python:/opt/workspace/install/ament_cmake_libraries:/opt/workspace/install/ament_cmake_include_directories:/opt/workspace/install/ament_cmake_export_link_flags:/opt/workspace/install/ament_cmake_export_libraries:/opt/workspace/install/ament_cmake_export_include_directories:/opt/workspace/install/ament_cmake_export_definitions:/opt/workspace/install/gmock_vendor:/opt/workspace/install/ament_cmake_core:/opt/workspace/install/gtest_vendor:/opt/ros/eloquent LD_LIBRARY_PATH=/opt/workspace/install/rcutils/lib:${LD_LIBRARY_PATH} PATH=/opt/workspace/install/ament_uncrustify/bin:/opt/workspace/install/ament_xmllint/bin:/opt/workspace/install/ament_lint_cmake/bin:/opt/workspace/install/ament_cpplint/bin:/opt/workspace/install/ament_copyright/bin:/opt/workspace/install/ament_pep257/bin:/opt/workspace/install/ament_flake8/bin:/opt/workspace/install/ament_cppcheck/bin:${PATH} PKG_CONFIG_PATH=/opt/workspace/install/gmock_vendor/lib/x86_64-linux-gnu/pkgconfig:/opt/workspace/install/gmock_vendor/lib/pkgconfig:/opt/workspace/install/gtest_vendor/lib/x86_64-linux-gnu/pkgconfig:/opt/workspace/install/gtest_vendor/lib/pkgconfig PYTHONPATH=/opt/workspace/install/rcutils/lib/python3.6/site-packages:/opt/workspace/install/ament_uncrustify/lib/python3.6/site-packages:/opt/workspace/install/domain_coordinator/lib/python3.6/site-packages:/opt/workspace/install/ament_xmllint/lib/python3.6/site-packages:/opt/workspace/install/ament_lint_cmake/lib/python3.6/site-packages:/opt/workspace/install/ament_cpplint/lib/python3.6/site-packages:/opt/workspace/install/ament_copyright/lib/python3.6/site-packages:/opt/workspace/install/ament_cmake_test/lib/python3.6/site-packages:/opt/workspace/install/ament_pep257/lib/python3.6/site-packages:/opt/workspace/install/ament_flake8/lib/python3.6/site-packages:/opt/workspace/install/ament_package/lib/python3.6/site-packages:/opt/workspace/install/ament_lint/lib/python3.6/site-packages:/opt/workspace/install/ament_cppcheck/lib/python3.6/site-packages:${PYTHONPATH} /usr/bin/cmake --build /opt/workspace/build/rcpputils -- -j8 -l8
[39.909s] Invoking command in '/opt/workspace/build/rcpputils': AMENT_PREFIX_PATH=/opt/workspace/install/rcutils:/opt/workspace/install/ament_cmake_ros:/opt/workspace/install/ament_lint_common:/opt/workspace/install/ament_cmake_xmllint:/opt/workspace/install/ament_cmake_uncrustify:/opt/workspace/install/ament_cmake_pep257:/opt/workspace/install/ament_cmake_flake8:/opt/workspace/install/ament_cmake_cpplint:/opt/workspace/install/ament_cmake_cppcheck:/opt/workspace/install/ament_uncrustify:/opt/workspace/install/ament_cmake_copyright:/opt/workspace/install/uncrustify_vendor:/opt/workspace/install/ament_cmake_lint_cmake:/opt/workspace/install/ament_cmake_gmock:/opt/workspace/install/domain_coordinator:/opt/workspace/install/ament_xmllint:/opt/workspace/install/ament_lint_cmake:/opt/workspace/install/ament_lint_auto:/opt/workspace/install/ament_cpplint:/opt/workspace/install/ament_cmake_pytest:/opt/workspace/install/ament_cmake_gtest:/opt/workspace/install/ament_cmake:/opt/workspace/install/ament_copyright:/opt/workspace/install/ament_cmake_test:/opt/workspace/install/ament_cmake_target_dependencies:/opt/workspace/install/ament_cmake_export_interfaces:/opt/workspace/install/ament_cmake_export_dependencies:/opt/workspace/install/ament_pep257:/opt/workspace/install/ament_cmake_version:/opt/workspace/install/ament_cmake_python:/opt/workspace/install/ament_cmake_libraries:/opt/workspace/install/ament_cmake_include_directories:/opt/workspace/install/ament_cmake_export_link_flags:/opt/workspace/install/ament_cmake_export_libraries:/opt/workspace/install/ament_cmake_export_include_directories:/opt/workspace/install/ament_cmake_export_definitions:/opt/workspace/install/ament_flake8:/opt/workspace/install/ament_cmake_core:/opt/workspace/install/ament_package:/opt/workspace/install/ament_lint:/opt/workspace/install/ament_cppcheck:${AMENT_PREFIX_PATH} CMAKE_PREFIX_PATH=/opt/workspace/install/rcutils:/opt/workspace/install/ament_cmake_ros:/opt/workspace/install/ament_lint_common:/opt/workspace/install/ament_cmake_xmllint:/opt/workspace/install/ament_cmake_uncrustify:/opt/workspace/install/ament_cmake_pep257:/opt/workspace/install/ament_cmake_flake8:/opt/workspace/install/ament_cmake_cpplint:/opt/workspace/install/ament_cmake_cppcheck:/opt/workspace/install/ament_cmake_copyright:/opt/workspace/install/uncrustify_vendor:/opt/workspace/install/ament_cmake_lint_cmake:/opt/workspace/install/ament_cmake_gmock:/opt/workspace/install/ament_lint_auto:/opt/workspace/install/ament_cmake_pytest:/opt/workspace/install/ament_cmake_gtest:/opt/workspace/install/ament_cmake:/opt/workspace/install/ament_cmake_test:/opt/workspace/install/ament_cmake_target_dependencies:/opt/workspace/install/ament_cmake_export_interfaces:/opt/workspace/install/ament_cmake_export_dependencies:/opt/workspace/install/ament_cmake_version:/opt/workspace/install/ament_cmake_python:/opt/workspace/install/ament_cmake_libraries:/opt/workspace/install/ament_cmake_include_directories:/opt/workspace/install/ament_cmake_export_link_flags:/opt/workspace/install/ament_cmake_export_libraries:/opt/workspace/install/ament_cmake_export_include_directories:/opt/workspace/install/ament_cmake_export_definitions:/opt/workspace/install/gmock_vendor:/opt/workspace/install/ament_cmake_core:/opt/workspace/install/gtest_vendor:/opt/ros/eloquent LD_LIBRARY_PATH=/opt/workspace/install/rcutils/lib:${LD_LIBRARY_PATH} PATH=/opt/workspace/install/ament_uncrustify/bin:/opt/workspace/install/ament_xmllint/bin:/opt/workspace/install/ament_lint_cmake/bin:/opt/workspace/install/ament_cpplint/bin:/opt/workspace/install/ament_copyright/bin:/opt/workspace/install/ament_pep257/bin:/opt/workspace/install/ament_flake8/bin:/opt/workspace/install/ament_cppcheck/bin:${PATH} PKG_CONFIG_PATH=/opt/workspace/install/gmock_vendor/lib/x86_64-linux-gnu/pkgconfig:/opt/workspace/install/gmock_vendor/lib/pkgconfig:/opt/workspace/install/gtest_vendor/lib/x86_64-linux-gnu/pkgconfig:/opt/workspace/install/gtest_vendor/lib/pkgconfig PYTHONPATH=/opt/workspace/install/rcutils/lib/python3.6/site-packages:/opt/workspace/install/ament_uncrustify/lib/python3.6/site-packages:/opt/workspace/install/domain_coordinator/lib/python3.6/site-packages:/opt/workspace/install/ament_xmllint/lib/python3.6/site-packages:/opt/workspace/install/ament_lint_cmake/lib/python3.6/site-packages:/opt/workspace/install/ament_cpplint/lib/python3.6/site-packages:/opt/workspace/install/ament_copyright/lib/python3.6/site-packages:/opt/workspace/install/ament_cmake_test/lib/python3.6/site-packages:/opt/workspace/install/ament_pep257/lib/python3.6/site-packages:/opt/workspace/install/ament_flake8/lib/python3.6/site-packages:/opt/workspace/install/ament_package/lib/python3.6/site-packages:/opt/workspace/install/ament_lint/lib/python3.6/site-packages:/opt/workspace/install/ament_cppcheck/lib/python3.6/site-packages:${PYTHONPATH} /usr/bin/cmake --build /opt/workspace/build/rcpputils --target install -- -j8 -l8
[40.032s] [  8%] Built target gtest
[40.073s] [ 16%] Built target test_library
[40.105s] [ 25%] Built target rcpputils
[40.145s] [ 33%] Built target gtest_main
[40.180s] [ 41%] Built target test_join
[40.215s] [ 50%] Built target test_endian
[40.246s] [ 58%] Built target test_filesystem_helper
[40.277s] [ 66%] Built target test_find_and_replace
[40.318s] [ 75%] Built target test_find_library
[40.360s] [ 83%] Built target test_pointer_traits
[40.400s] [ 91%] Built target test_thread_safety_annotations
[40.445s] [100%] Built target test_split
[40.477s] [36mInstall the project...[0m
[40.490s] -- Install configuration: ""
[40.491s] -- Installing: /opt/workspace/install/rcpputils/share/rcpputils/environment/library_path.sh
[40.491s] -- Installing: /opt/workspace/install/rcpputils/share/rcpputils/environment/library_path.dsv
[40.491s] -- Installing: /opt/workspace/install/rcpputils/share/ament_index/resource_index/package_run_dependencies/rcpputils
[40.492s] -- Installing: /opt/workspace/install/rcpputils/share/ament_index/resource_index/parent_prefix_path/rcpputils
[40.492s] -- Installing: /opt/workspace/install/rcpputils/share/rcpputils/environment/ament_prefix_path.sh
[40.492s] -- Installing: /opt/workspace/install/rcpputils/share/rcpputils/environment/ament_prefix_path.dsv
[40.492s] -- Installing: /opt/workspace/install/rcpputils/share/rcpputils/environment/path.sh
[40.493s] -- Installing: /opt/workspace/install/rcpputils/share/rcpputils/environment/path.dsv
[40.493s] -- Installing: /opt/workspace/install/rcpputils/share/rcpputils/local_setup.bash
[40.494s] -- Installing: /opt/workspace/install/rcpputils/share/rcpputils/local_setup.sh
[40.494s] -- Installing: /opt/workspace/install/rcpputils/share/rcpputils/local_setup.zsh
[40.494s] -- Installing: /opt/workspace/install/rcpputils/share/rcpputils/local_setup.dsv
[40.495s] -- Installing: /opt/workspace/install/rcpputils/share/rcpputils/package.dsv
[40.495s] -- Installing: /opt/workspace/install/rcpputils/share/ament_index/resource_index/packages/rcpputils
[40.496s] -- Installing: /opt/workspace/install/rcpputils/share/rcpputils/cmake/ament_cmake_export_include_directories-extras.cmake
[40.496s] -- Installing: /opt/workspace/install/rcpputils/share/rcpputils/cmake/ament_cmake_export_libraries-extras.cmake
[40.496s] -- Installing: /opt/workspace/install/rcpputils/share/rcpputils/cmake/rcpputilsConfig.cmake
[40.497s] -- Installing: /opt/workspace/install/rcpputils/share/rcpputils/cmake/rcpputilsConfig-version.cmake
[40.497s] -- Installing: /opt/workspace/install/rcpputils/share/rcpputils/package.xml
[40.497s] -- Installing: /opt/workspace/install/rcpputils/include
[40.497s] -- Installing: /opt/workspace/install/rcpputils/include/rcpputils
[40.497s] -- Installing: /opt/workspace/install/rcpputils/include/rcpputils/thread_safety_annotations.hpp
[40.498s] -- Installing: /opt/workspace/install/rcpputils/include/rcpputils/visibility_control.hpp
[40.498s] -- Installing: /opt/workspace/install/rcpputils/include/rcpputils/filesystem_helper.hpp
[40.498s] -- Installing: /opt/workspace/install/rcpputils/include/rcpputils/find_library.hpp
[40.499s] -- Installing: /opt/workspace/install/rcpputils/include/rcpputils/endian.hpp
[40.499s] -- Installing: /opt/workspace/install/rcpputils/include/rcpputils/find_and_replace.hpp
[40.499s] -- Installing: /opt/workspace/install/rcpputils/include/rcpputils/split.hpp
[40.499s] -- Installing: /opt/workspace/install/rcpputils/include/rcpputils/join.hpp
[40.499s] -- Installing: /opt/workspace/install/rcpputils/include/rcpputils/pointer_traits.hpp
[40.499s] -- Installing: /opt/workspace/install/rcpputils/lib/librcpputils.so
[40.500s] -- Set runtime path of "/opt/workspace/install/rcpputils/lib/librcpputils.so" to ""
[40.504s] Invoked command in '/opt/workspace/build/rcpputils' returned '0': AMENT_PREFIX_PATH=/opt/workspace/install/rcutils:/opt/workspace/install/ament_cmake_ros:/opt/workspace/install/ament_lint_common:/opt/workspace/install/ament_cmake_xmllint:/opt/workspace/install/ament_cmake_uncrustify:/opt/workspace/install/ament_cmake_pep257:/opt/workspace/install/ament_cmake_flake8:/opt/workspace/install/ament_cmake_cpplint:/opt/workspace/install/ament_cmake_cppcheck:/opt/workspace/install/ament_uncrustify:/opt/workspace/install/ament_cmake_copyright:/opt/workspace/install/uncrustify_vendor:/opt/workspace/install/ament_cmake_lint_cmake:/opt/workspace/install/ament_cmake_gmock:/opt/workspace/install/domain_coordinator:/opt/workspace/install/ament_xmllint:/opt/workspace/install/ament_lint_cmake:/opt/workspace/install/ament_lint_auto:/opt/workspace/install/ament_cpplint:/opt/workspace/install/ament_cmake_pytest:/opt/workspace/install/ament_cmake_gtest:/opt/workspace/install/ament_cmake:/opt/workspace/install/ament_copyright:/opt/workspace/install/ament_cmake_test:/opt/workspace/install/ament_cmake_target_dependencies:/opt/workspace/install/ament_cmake_export_interfaces:/opt/workspace/install/ament_cmake_export_dependencies:/opt/workspace/install/ament_pep257:/opt/workspace/install/ament_cmake_version:/opt/workspace/install/ament_cmake_python:/opt/workspace/install/ament_cmake_libraries:/opt/workspace/install/ament_cmake_include_directories:/opt/workspace/install/ament_cmake_export_link_flags:/opt/workspace/install/ament_cmake_export_libraries:/opt/workspace/install/ament_cmake_export_include_directories:/opt/workspace/install/ament_cmake_export_definitions:/opt/workspace/install/ament_flake8:/opt/workspace/install/ament_cmake_core:/opt/workspace/install/ament_package:/opt/workspace/install/ament_lint:/opt/workspace/install/ament_cppcheck:${AMENT_PREFIX_PATH} CMAKE_PREFIX_PATH=/opt/workspace/install/rcutils:/opt/workspace/install/ament_cmake_ros:/opt/workspace/install/ament_lint_common:/opt/workspace/install/ament_cmake_xmllint:/opt/workspace/install/ament_cmake_uncrustify:/opt/workspace/install/ament_cmake_pep257:/opt/workspace/install/ament_cmake_flake8:/opt/workspace/install/ament_cmake_cpplint:/opt/workspace/install/ament_cmake_cppcheck:/opt/workspace/install/ament_cmake_copyright:/opt/workspace/install/uncrustify_vendor:/opt/workspace/install/ament_cmake_lint_cmake:/opt/workspace/install/ament_cmake_gmock:/opt/workspace/install/ament_lint_auto:/opt/workspace/install/ament_cmake_pytest:/opt/workspace/install/ament_cmake_gtest:/opt/workspace/install/ament_cmake:/opt/workspace/install/ament_cmake_test:/opt/workspace/install/ament_cmake_target_dependencies:/opt/workspace/install/ament_cmake_export_interfaces:/opt/workspace/install/ament_cmake_export_dependencies:/opt/workspace/install/ament_cmake_version:/opt/workspace/install/ament_cmake_python:/opt/workspace/install/ament_cmake_libraries:/opt/workspace/install/ament_cmake_include_directories:/opt/workspace/install/ament_cmake_export_link_flags:/opt/workspace/install/ament_cmake_export_libraries:/opt/workspace/install/ament_cmake_export_include_directories:/opt/workspace/install/ament_cmake_export_definitions:/opt/workspace/install/gmock_vendor:/opt/workspace/install/ament_cmake_core:/opt/workspace/install/gtest_vendor:/opt/ros/eloquent LD_LIBRARY_PATH=/opt/workspace/install/rcutils/lib:${LD_LIBRARY_PATH} PATH=/opt/workspace/install/ament_uncrustify/bin:/opt/workspace/install/ament_xmllint/bin:/opt/workspace/install/ament_lint_cmake/bin:/opt/workspace/install/ament_cpplint/bin:/opt/workspace/install/ament_copyright/bin:/opt/workspace/install/ament_pep257/bin:/opt/workspace/install/ament_flake8/bin:/opt/workspace/install/ament_cppcheck/bin:${PATH} PKG_CONFIG_PATH=/opt/workspace/install/gmock_vendor/lib/x86_64-linux-gnu/pkgconfig:/opt/workspace/install/gmock_vendor/lib/pkgconfig:/opt/workspace/install/gtest_vendor/lib/x86_64-linux-gnu/pkgconfig:/opt/workspace/install/gtest_vendor/lib/pkgconfig PYTHONPATH=/opt/workspace/install/rcutils/lib/python3.6/site-packages:/opt/workspace/install/ament_uncrustify/lib/python3.6/site-packages:/opt/workspace/install/domain_coordinator/lib/python3.6/site-packages:/opt/workspace/install/ament_xmllint/lib/python3.6/site-packages:/opt/workspace/install/ament_lint_cmake/lib/python3.6/site-packages:/opt/workspace/install/ament_cpplint/lib/python3.6/site-packages:/opt/workspace/install/ament_copyright/lib/python3.6/site-packages:/opt/workspace/install/ament_cmake_test/lib/python3.6/site-packages:/opt/workspace/install/ament_pep257/lib/python3.6/site-packages:/opt/workspace/install/ament_flake8/lib/python3.6/site-packages:/opt/workspace/install/ament_package/lib/python3.6/site-packages:/opt/workspace/install/ament_lint/lib/python3.6/site-packages:/opt/workspace/install/ament_cppcheck/lib/python3.6/site-packages:${PYTHONPATH} /usr/bin/cmake --build /opt/workspace/build/rcpputils --target install -- -j8 -l8
