Determining if the pthread_create exist failed with the following output:
Change Dir: /opt/workspace/build/rcl_action/CMakeFiles/CMakeTmp

Run Build Command:"/usr/bin/make" "cmTC_ba3be/fast"
/usr/bin/make -f CMakeFiles/cmTC_ba3be.dir/build.make CMakeFiles/cmTC_ba3be.dir/build
make[1]: Entering directory '/opt/workspace/build/rcl_action/CMakeFiles/CMakeTmp'
Building C object CMakeFiles/cmTC_ba3be.dir/CheckSymbolExists.c.o
/usr/bin/cc    -o CMakeFiles/cmTC_ba3be.dir/CheckSymbolExists.c.o   -c /opt/workspace/build/rcl_action/CMakeFiles/CMakeTmp/CheckSymbolExists.c
Linking C executable cmTC_ba3be
/usr/bin/cmake -E cmake_link_script CMakeFiles/cmTC_ba3be.dir/link.txt --verbose=1
/usr/bin/cc      CMakeFiles/cmTC_ba3be.dir/CheckSymbolExists.c.o  -o cmTC_ba3be 
CMakeFiles/cmTC_ba3be.dir/CheckSymbolExists.c.o: In function `main':
CheckSymbolExists.c:(.text+0x1b): undefined reference to `pthread_create'
collect2: error: ld returned 1 exit status
CMakeFiles/cmTC_ba3be.dir/build.make:97: recipe for target 'cmTC_ba3be' failed
make[1]: *** [cmTC_ba3be] Error 1
make[1]: Leaving directory '/opt/workspace/build/rcl_action/CMakeFiles/CMakeTmp'
Makefile:126: recipe for target 'cmTC_ba3be/fast' failed
make: *** [cmTC_ba3be/fast] Error 2

File /opt/workspace/build/rcl_action/CMakeFiles/CMakeTmp/CheckSymbolExists.c:
/* */
#include <pthread.h>

int main(int argc, char** argv)
{
  (void)argv;
#ifndef pthread_create
  return ((int*)(&pthread_create))[argc];
#else
  (void)argc;
  return 0;
#endif
}

Determining if the function pthread_create exists in the pthreads failed with the following output:
Change Dir: /opt/workspace/build/rcl_action/CMakeFiles/CMakeTmp

Run Build Command:"/usr/bin/make" "cmTC_d21e4/fast"
/usr/bin/make -f CMakeFiles/cmTC_d21e4.dir/build.make CMakeFiles/cmTC_d21e4.dir/build
make[1]: Entering directory '/opt/workspace/build/rcl_action/CMakeFiles/CMakeTmp'
Building C object CMakeFiles/cmTC_d21e4.dir/CheckFunctionExists.c.o
/usr/bin/cc   -DCHECK_FUNCTION_EXISTS=pthread_create   -o CMakeFiles/cmTC_d21e4.dir/CheckFunctionExists.c.o   -c /usr/share/cmake-3.10/Modules/CheckFunctionExists.c
Linking C executable cmTC_d21e4
/usr/bin/cmake -E cmake_link_script CMakeFiles/cmTC_d21e4.dir/link.txt --verbose=1
/usr/bin/cc  -DCHECK_FUNCTION_EXISTS=pthread_create    CMakeFiles/cmTC_d21e4.dir/CheckFunctionExists.c.o  -o cmTC_d21e4 -lpthreads 
/usr/bin/ld: cannot find -lpthreads
collect2: error: ld returned 1 exit status
CMakeFiles/cmTC_d21e4.dir/build.make:97: recipe for target 'cmTC_d21e4' failed
make[1]: *** [cmTC_d21e4] Error 1
make[1]: Leaving directory '/opt/workspace/build/rcl_action/CMakeFiles/CMakeTmp'
Makefile:126: recipe for target 'cmTC_d21e4/fast' failed
make: *** [cmTC_d21e4/fast] Error 2


