[0.289s] -- The C compiler identification is GNU 7.4.0
[0.386s] -- The CXX compiler identification is GNU 7.4.0
[0.397s] -- Check for working C compiler: /usr/bin/cc
[0.508s] -- Check for working C compiler: /usr/bin/cc -- works
[0.509s] -- Detecting C compiler ABI info
[0.634s] -- Detecting C compiler ABI info - done
[0.642s] -- Detecting C compile features
[1.003s] -- Detecting C compile features - done
[1.008s] -- Check for working CXX compiler: /usr/bin/c++
[1.146s] -- Check for working CXX compiler: /usr/bin/c++ -- works
[1.148s] -- Detecting CXX compiler ABI info
[1.310s] -- Detecting CXX compiler ABI info - done
[1.319s] -- Detecting CXX compile features
[1.940s] -- Detecting CXX compile features - done
[1.950s] -- Found ament_cmake: 0.8.2 (/opt/workspace/install/ament_cmake/share/ament_cmake/cmake)
[2.024s] -- Found PythonInterp: /usr/bin/python3 (found suitable version "3.6.9", minimum required is "3") 
[2.024s] -- Using PYTHON_EXECUTABLE: /usr/bin/python3
[2.453s] -- Found rosidl_default_generators: 0.8.0 (/opt/workspace/install/rosidl_default_generators/share/rosidl_default_generators/cmake)
[2.690s] -- Found OpenSSL: /usr/lib/x86_64-linux-gnu/libcrypto.so (found version "1.1.1") 
[2.736s] -- Found FastRTPS: /opt/workspace/install/fastrtps/include  
[2.773s] -- Found rosidl_adapter: 0.8.2 (/opt/workspace/install/rosidl_adapter/share/rosidl_adapter/cmake)
[2.934s] -- Found rcl_interfaces: 0.8.0 (/opt/workspace/install/rcl_interfaces/share/rcl_interfaces/cmake)
[3.008s] -- Found PythonInterp: /usr/bin/python3 (found version "3.6.9") 
[3.427s] -- Using all available rosidl_typesupport_c: rosidl_typesupport_fastrtps_c;rosidl_typesupport_introspection_c
[3.463s] -- Found ament_cmake_cppcheck: 0.8.1 (/opt/workspace/install/ament_cmake_cppcheck/share/ament_cmake_cppcheck/cmake)
[3.470s] -- Found ament_cmake_cpplint: 0.8.1 (/opt/workspace/install/ament_cmake_cpplint/share/ament_cmake_cpplint/cmake)
[3.477s] -- Found ament_cmake_uncrustify: 0.8.1 (/opt/workspace/install/ament_cmake_uncrustify/share/ament_cmake_uncrustify/cmake)
[3.517s] -- Using all available rosidl_typesupport_cpp: rosidl_typesupport_introspection_cpp;rosidl_typesupport_fastrtps_cpp
[4.077s] -- Found rmw_implementation_cmake: 0.8.1 (/opt/workspace/install/rmw_implementation_cmake/share/rmw_implementation_cmake/cmake)
[4.153s] -- Found PythonInterp: /usr/bin/python3 (found suitable version "3.6.9", minimum required is "3.5") 
[4.159s] -- Found python_cmake_module: 0.8.0 (/opt/workspace/install/python_cmake_module/share/python_cmake_module/cmake)
[4.249s] -- Found PythonLibs: /usr/lib/x86_64-linux-gnu/libpython3.6m.so (found suitable version "3.6.9", minimum required is "3.5") 
[4.249s] -- Using PYTHON_EXECUTABLE: /usr/bin/python3
[4.250s] -- Using PYTHON_INCLUDE_DIRS: /usr/include/python3.6m
[4.250s] -- Using PYTHON_LIBRARIES: /usr/lib/x86_64-linux-gnu/libpython3.6m.so
[4.326s] -- Found PythonExtra: .so  
[4.992s] -- Found ament_cmake_flake8: 0.8.1 (/opt/workspace/install/ament_cmake_flake8/share/ament_cmake_flake8/cmake)
[5.003s] -- Found ament_cmake_pep257: 0.8.1 (/opt/workspace/install/ament_cmake_pep257/share/ament_cmake_pep257/cmake)
[5.023s] -- Configuring done
[5.289s] -- Generating done
[5.296s] -- Build files have been written to: /opt/workspace/build/composition_interfaces
[5.407s] [35m[1mScanning dependencies of target composition_interfaces__cpp[0m
[5.408s] [  2%] [34m[1mGenerating C code for ROS interfaces[0m
[5.434s] [  4%] [34m[1mGenerating C++ code for ROS interfaces[0m
[7.339s] [  4%] Built target composition_interfaces__cpp
[7.464s] [35m[1mScanning dependencies of target composition_interfaces__rosidl_generator_c[0m
[7.485s] [  6%] [32mBuilding C object CMakeFiles/composition_interfaces__rosidl_generator_c.dir/rosidl_generator_c/composition_interfaces/srv/load_node__functions.c.o[0m
[7.552s] [  8%] [32mBuilding C object CMakeFiles/composition_interfaces__rosidl_generator_c.dir/rosidl_generator_c/composition_interfaces/srv/unload_node__functions.c.o[0m
[7.615s] [ 10%] [32mBuilding C object CMakeFiles/composition_interfaces__rosidl_generator_c.dir/rosidl_generator_c/composition_interfaces/srv/list_nodes__functions.c.o[0m
[7.679s] [ 12%] [32m[1mLinking C shared library libcomposition_interfaces__rosidl_generator_c.so[0m
[7.741s] [ 12%] Built target composition_interfaces__rosidl_generator_c
[7.760s] [ 14%] [34m[1mGenerating C++ introspection for ROS interfaces[0m
[9.278s] [35m[1mScanning dependencies of target composition_interfaces__rosidl_typesupport_introspection_cpp[0m
[9.305s] [ 17%] [32mBuilding CXX object CMakeFiles/composition_interfaces__rosidl_typesupport_introspection_cpp.dir/rosidl_typesupport_introspection_cpp/composition_interfaces/srv/load_node__type_support.cpp.o[0m
[9.869s] [ 19%] [32mBuilding CXX object CMakeFiles/composition_interfaces__rosidl_typesupport_introspection_cpp.dir/rosidl_typesupport_introspection_cpp/composition_interfaces/srv/unload_node__type_support.cpp.o[0m
[10.239s] [ 21%] [32mBuilding CXX object CMakeFiles/composition_interfaces__rosidl_typesupport_introspection_cpp.dir/rosidl_typesupport_introspection_cpp/composition_interfaces/srv/list_nodes__type_support.cpp.o[0m
[10.690s] [ 23%] [32m[1mLinking CXX shared library libcomposition_interfaces__rosidl_typesupport_introspection_cpp.so[0m
[10.842s] [ 23%] Built target composition_interfaces__rosidl_typesupport_introspection_cpp
[10.868s] [ 25%] [34m[1mGenerating C introspection for ROS interfaces[0m
[12.369s] [35m[1mScanning dependencies of target composition_interfaces__rosidl_typesupport_introspection_c[0m
[12.396s] [ 27%] [32mBuilding C object CMakeFiles/composition_interfaces__rosidl_typesupport_introspection_c.dir/rosidl_typesupport_introspection_c/composition_interfaces/srv/load_node__type_support.c.o[0m
[12.459s] [ 29%] [32mBuilding C object CMakeFiles/composition_interfaces__rosidl_typesupport_introspection_c.dir/rosidl_typesupport_introspection_c/composition_interfaces/srv/unload_node__type_support.c.o[0m
[12.523s] [ 31%] [32mBuilding C object CMakeFiles/composition_interfaces__rosidl_typesupport_introspection_c.dir/rosidl_typesupport_introspection_c/composition_interfaces/srv/list_nodes__type_support.c.o[0m
[12.595s] [ 34%] [32m[1mLinking C shared library libcomposition_interfaces__rosidl_typesupport_introspection_c.so[0m
[12.650s] [ 34%] Built target composition_interfaces__rosidl_typesupport_introspection_c
[12.666s] [ 36%] [34m[1mGenerating C type support dispatch for ROS interfaces[0m
[13.873s] [35m[1mScanning dependencies of target composition_interfaces__rosidl_typesupport_c[0m
[13.902s] [ 38%] [32mBuilding CXX object CMakeFiles/composition_interfaces__rosidl_typesupport_c.dir/rosidl_typesupport_c/composition_interfaces/srv/load_node__type_support.cpp.o[0m
[13.955s] [ 40%] [32mBuilding CXX object CMakeFiles/composition_interfaces__rosidl_typesupport_c.dir/rosidl_typesupport_c/composition_interfaces/srv/unload_node__type_support.cpp.o[0m
[14.014s] [ 42%] [32mBuilding CXX object CMakeFiles/composition_interfaces__rosidl_typesupport_c.dir/rosidl_typesupport_c/composition_interfaces/srv/list_nodes__type_support.cpp.o[0m
[14.078s] [ 44%] [32m[1mLinking CXX shared library libcomposition_interfaces__rosidl_typesupport_c.so[0m
[14.163s] [ 44%] Built target composition_interfaces__rosidl_typesupport_c
[14.185s] [ 46%] [34m[1mGenerating C++ type support for eProsima Fast-RTPS[0m
[15.865s] [35m[1mScanning dependencies of target composition_interfaces__rosidl_typesupport_fastrtps_cpp[0m
[15.913s] [ 48%] [32mBuilding CXX object CMakeFiles/composition_interfaces__rosidl_typesupport_fastrtps_cpp.dir/rosidl_typesupport_fastrtps_cpp/composition_interfaces/srv/dds_fastrtps/load_node__type_support.cpp.o[0m
[16.689s] [ 51%] [32mBuilding CXX object CMakeFiles/composition_interfaces__rosidl_typesupport_fastrtps_cpp.dir/rosidl_typesupport_fastrtps_cpp/composition_interfaces/srv/dds_fastrtps/unload_node__type_support.cpp.o[0m
[16.693s] [ 53%] [32mBuilding CXX object CMakeFiles/composition_interfaces__rosidl_typesupport_fastrtps_cpp.dir/rosidl_typesupport_fastrtps_cpp/composition_interfaces/srv/dds_fastrtps/list_nodes__type_support.cpp.o[0m
[17.615s] [ 55%] [32m[1mLinking CXX shared library libcomposition_interfaces__rosidl_typesupport_fastrtps_cpp.so[0m
[17.837s] [ 55%] Built target composition_interfaces__rosidl_typesupport_fastrtps_cpp
[17.876s] [ 57%] [34m[1mGenerating C++ type support dispatch for ROS interfaces[0m
[17.923s] [ 59%] [34m[1mGenerating C type support for eProsima Fast-RTPS[0m
[19.924s] [35m[1mScanning dependencies of target composition_interfaces__rosidl_typesupport_cpp[0m
[20.019s] [ 61%] [32mBuilding CXX object CMakeFiles/composition_interfaces__rosidl_typesupport_cpp.dir/rosidl_typesupport_cpp/composition_interfaces/srv/list_nodes__type_support.cpp.o[0m
[20.038s] [ 63%] [32mBuilding CXX object CMakeFiles/composition_interfaces__rosidl_typesupport_cpp.dir/rosidl_typesupport_cpp/composition_interfaces/srv/load_node__type_support.cpp.o[0m
[20.337s] [35m[1mScanning dependencies of target composition_interfaces__rosidl_typesupport_fastrtps_c[0m
[20.555s] [ 65%] [32mBuilding CXX object CMakeFiles/composition_interfaces__rosidl_typesupport_fastrtps_c.dir/rosidl_typesupport_fastrtps_c/composition_interfaces/srv/list_nodes__type_support_c.cpp.o[0m
[20.570s] [ 68%] [32mBuilding CXX object CMakeFiles/composition_interfaces__rosidl_typesupport_fastrtps_c.dir/rosidl_typesupport_fastrtps_c/composition_interfaces/srv/load_node__type_support_c.cpp.o[0m
[20.929s] [ 70%] [32mBuilding CXX object CMakeFiles/composition_interfaces__rosidl_typesupport_cpp.dir/rosidl_typesupport_cpp/composition_interfaces/srv/unload_node__type_support.cpp.o[0m
[21.938s] [ 72%] [32mBuilding CXX object CMakeFiles/composition_interfaces__rosidl_typesupport_fastrtps_c.dir/rosidl_typesupport_fastrtps_c/composition_interfaces/srv/unload_node__type_support_c.cpp.o[0m
[22.056s] [ 74%] [32m[1mLinking CXX shared library libcomposition_interfaces__rosidl_typesupport_cpp.so[0m
[22.343s] [ 74%] Built target composition_interfaces__rosidl_typesupport_cpp
[22.930s] [ 76%] [32m[1mLinking CXX shared library libcomposition_interfaces__rosidl_typesupport_fastrtps_c.so[0m
[23.306s] [ 76%] Built target composition_interfaces__rosidl_typesupport_fastrtps_c
[23.423s] [35m[1mScanning dependencies of target composition_interfaces[0m
[23.499s] [ 76%] Built target composition_interfaces
[23.606s] [35m[1mScanning dependencies of target composition_interfaces__py[0m
[23.687s] [ 78%] [34m[1mGenerating Python code for ROS interfaces[0m
[30.161s] [ 78%] Built target composition_interfaces__py
[30.194s] [35m[1mScanning dependencies of target composition_interfaces__python[0m
[30.258s] [ 80%] [32mBuilding C object CMakeFiles/composition_interfaces__python.dir/rosidl_generator_py/composition_interfaces/srv/_load_node_s.c.o[0m
[30.512s] [ 82%] [32mBuilding C object CMakeFiles/composition_interfaces__python.dir/rosidl_generator_py/composition_interfaces/srv/_unload_node_s.c.o[0m
[30.708s] [ 85%] [32mBuilding C object CMakeFiles/composition_interfaces__python.dir/rosidl_generator_py/composition_interfaces/srv/_list_nodes_s.c.o[0m
[30.931s] [ 87%] [32m[1mLinking C shared library rosidl_generator_py/composition_interfaces/libcomposition_interfaces__python.so[0m
[31.009s] [ 87%] Built target composition_interfaces__python
[31.031s] [35m[1mScanning dependencies of target composition_interfaces__rosidl_typesupport_introspection_c__pyext[0m
[31.072s] [ 89%] [32mBuilding C object CMakeFiles/composition_interfaces__rosidl_typesupport_introspection_c__pyext.dir/rosidl_generator_py/composition_interfaces/_composition_interfaces_s.ep.rosidl_typesupport_introspection_c.c.o[0m
[31.285s] [ 91%] [32m[1mLinking C shared library rosidl_generator_py/composition_interfaces/composition_interfaces_s__rosidl_typesupport_introspection_c.cpython-36m-x86_64-linux-gnu.so[0m
[31.391s] [ 91%] Built target composition_interfaces__rosidl_typesupport_introspection_c__pyext
[31.412s] [35m[1mScanning dependencies of target composition_interfaces__rosidl_typesupport_fastrtps_c__pyext[0m
[31.457s] [ 93%] [32mBuilding C object CMakeFiles/composition_interfaces__rosidl_typesupport_fastrtps_c__pyext.dir/rosidl_generator_py/composition_interfaces/_composition_interfaces_s.ep.rosidl_typesupport_fastrtps_c.c.o[0m
[31.656s] [ 95%] [32m[1mLinking CXX shared library rosidl_generator_py/composition_interfaces/composition_interfaces_s__rosidl_typesupport_fastrtps_c.cpython-36m-x86_64-linux-gnu.so[0m
[31.792s] [ 95%] Built target composition_interfaces__rosidl_typesupport_fastrtps_c__pyext
[31.810s] [35m[1mScanning dependencies of target composition_interfaces__rosidl_typesupport_c__pyext[0m
[31.846s] [ 97%] [32mBuilding C object CMakeFiles/composition_interfaces__rosidl_typesupport_c__pyext.dir/rosidl_generator_py/composition_interfaces/_composition_interfaces_s.ep.rosidl_typesupport_c.c.o[0m
[32.057s] [100%] [32m[1mLinking C shared library rosidl_generator_py/composition_interfaces/composition_interfaces_s__rosidl_typesupport_c.cpython-36m-x86_64-linux-gnu.so[0m
[32.137s] [100%] Built target composition_interfaces__rosidl_typesupport_c__pyext
[32.430s] [  2%] Built target composition_interfaces__cpp
[32.474s] [ 12%] Built target composition_interfaces__rosidl_generator_c
[32.526s] [ 23%] Built target composition_interfaces__rosidl_typesupport_introspection_cpp
[32.566s] [ 34%] Built target composition_interfaces__rosidl_typesupport_introspection_c
[32.618s] [ 44%] Built target composition_interfaces__rosidl_typesupport_c
[32.680s] [ 55%] Built target composition_interfaces__rosidl_typesupport_fastrtps_cpp
[32.732s] [ 65%] Built target composition_interfaces__rosidl_typesupport_cpp
[32.784s] [ 76%] Built target composition_interfaces__rosidl_typesupport_fastrtps_c
[32.819s] [ 76%] Built target composition_interfaces
[32.871s] [ 78%] Built target composition_interfaces__py
[32.935s] [ 87%] Built target composition_interfaces__python
[32.994s] [ 91%] Built target composition_interfaces__rosidl_typesupport_introspection_c__pyext
[33.054s] [ 95%] Built target composition_interfaces__rosidl_typesupport_fastrtps_c__pyext
[33.102s] [100%] Built target composition_interfaces__rosidl_typesupport_c__pyext
[33.138s] [36mInstall the project...[0m
[33.152s] -- Install configuration: ""
[33.152s] -- Installing: /opt/workspace/install/composition_interfaces/share/ament_index/resource_index/rosidl_interfaces/composition_interfaces
[33.152s] -- Installing: /opt/workspace/install/composition_interfaces/lib/libcomposition_interfaces__rosidl_typesupport_c.so
[33.153s] -- Set runtime path of "/opt/workspace/install/composition_interfaces/lib/libcomposition_interfaces__rosidl_typesupport_c.so" to ""
[33.153s] -- Installing: /opt/workspace/install/composition_interfaces/share/composition_interfaces/environment/library_path.sh
[33.153s] -- Installing: /opt/workspace/install/composition_interfaces/share/composition_interfaces/environment/library_path.dsv
[33.154s] -- Installing: /opt/workspace/install/composition_interfaces/lib/libcomposition_interfaces__rosidl_typesupport_cpp.so
[33.154s] -- Set runtime path of "/opt/workspace/install/composition_interfaces/lib/libcomposition_interfaces__rosidl_typesupport_cpp.so" to ""
[33.154s] -- Installing: /opt/workspace/install/composition_interfaces/include/composition_interfaces
[33.155s] -- Installing: /opt/workspace/install/composition_interfaces/include/composition_interfaces/msg
[33.155s] -- Installing: /opt/workspace/install/composition_interfaces/include/composition_interfaces/msg/rosidl_typesupport_fastrtps_c__visibility_control.h
[33.155s] -- Installing: /opt/workspace/install/composition_interfaces/include/composition_interfaces/srv
[33.155s] -- Installing: /opt/workspace/install/composition_interfaces/include/composition_interfaces/srv/unload_node__rosidl_typesupport_fastrtps_c.h
[33.156s] -- Installing: /opt/workspace/install/composition_interfaces/include/composition_interfaces/srv/list_nodes__rosidl_typesupport_fastrtps_c.h
[33.156s] -- Installing: /opt/workspace/install/composition_interfaces/include/composition_interfaces/srv/load_node__rosidl_typesupport_fastrtps_c.h
[33.156s] -- Installing: /opt/workspace/install/composition_interfaces/lib/libcomposition_interfaces__rosidl_typesupport_fastrtps_c.so
[33.156s] -- Set runtime path of "/opt/workspace/install/composition_interfaces/lib/libcomposition_interfaces__rosidl_typesupport_fastrtps_c.so" to ""
[33.157s] -- Up-to-date: /opt/workspace/install/composition_interfaces/include/composition_interfaces
[33.157s] -- Up-to-date: /opt/workspace/install/composition_interfaces/include/composition_interfaces/msg
[33.157s] -- Installing: /opt/workspace/install/composition_interfaces/include/composition_interfaces/msg/rosidl_generator_c__visibility_control.h
[33.157s] -- Up-to-date: /opt/workspace/install/composition_interfaces/include/composition_interfaces/srv
[33.158s] -- Installing: /opt/workspace/install/composition_interfaces/include/composition_interfaces/srv/unload_node.h
[33.158s] -- Installing: /opt/workspace/install/composition_interfaces/include/composition_interfaces/srv/list_nodes__functions.c
[33.158s] -- Installing: /opt/workspace/install/composition_interfaces/include/composition_interfaces/srv/list_nodes.h
[33.158s] -- Installing: /opt/workspace/install/composition_interfaces/include/composition_interfaces/srv/unload_node__functions.h
[33.158s] -- Installing: /opt/workspace/install/composition_interfaces/include/composition_interfaces/srv/list_nodes__functions.h
[33.159s] -- Installing: /opt/workspace/install/composition_interfaces/include/composition_interfaces/srv/list_nodes__type_support.h
[33.159s] -- Installing: /opt/workspace/install/composition_interfaces/include/composition_interfaces/srv/load_node__functions.h
[33.159s] -- Installing: /opt/workspace/install/composition_interfaces/include/composition_interfaces/srv/list_nodes__struct.h
[33.160s] -- Installing: /opt/workspace/install/composition_interfaces/include/composition_interfaces/srv/load_node__struct.h
[33.160s] -- Installing: /opt/workspace/install/composition_interfaces/include/composition_interfaces/srv/load_node__functions.c
[33.160s] -- Installing: /opt/workspace/install/composition_interfaces/include/composition_interfaces/srv/unload_node__type_support.h
[33.160s] -- Installing: /opt/workspace/install/composition_interfaces/include/composition_interfaces/srv/load_node__type_support.h
[33.160s] -- Installing: /opt/workspace/install/composition_interfaces/include/composition_interfaces/srv/unload_node__struct.h
[33.161s] -- Installing: /opt/workspace/install/composition_interfaces/include/composition_interfaces/srv/unload_node__functions.c
[33.161s] -- Installing: /opt/workspace/install/composition_interfaces/include/composition_interfaces/srv/load_node.h
[33.161s] -- Installing: /opt/workspace/install/composition_interfaces/lib/libcomposition_interfaces__rosidl_generator_c.so
[33.161s] -- Set runtime path of "/opt/workspace/install/composition_interfaces/lib/libcomposition_interfaces__rosidl_generator_c.so" to ""
[33.162s] -- Up-to-date: /opt/workspace/install/composition_interfaces/include/composition_interfaces
[33.162s] -- Up-to-date: /opt/workspace/install/composition_interfaces/include/composition_interfaces/msg
[33.162s] -- Installing: /opt/workspace/install/composition_interfaces/include/composition_interfaces/msg/rosidl_typesupport_fastrtps_cpp__visibility_control.h
[33.162s] -- Up-to-date: /opt/workspace/install/composition_interfaces/include/composition_interfaces/srv
[33.162s] -- Installing: /opt/workspace/install/composition_interfaces/include/composition_interfaces/srv/unload_node__rosidl_typesupport_fastrtps_cpp.hpp
[33.163s] -- Installing: /opt/workspace/install/composition_interfaces/include/composition_interfaces/srv/list_nodes__rosidl_typesupport_fastrtps_cpp.hpp
[33.163s] -- Installing: /opt/workspace/install/composition_interfaces/include/composition_interfaces/srv/load_node__rosidl_typesupport_fastrtps_cpp.hpp
[33.163s] -- Installing: /opt/workspace/install/composition_interfaces/include/composition_interfaces/srv/dds_fastrtps
[33.163s] -- Installing: /opt/workspace/install/composition_interfaces/lib/libcomposition_interfaces__rosidl_typesupport_fastrtps_cpp.so
[33.164s] -- Set runtime path of "/opt/workspace/install/composition_interfaces/lib/libcomposition_interfaces__rosidl_typesupport_fastrtps_cpp.so" to ""
[33.164s] -- Up-to-date: /opt/workspace/install/composition_interfaces/include/composition_interfaces
[33.164s] -- Up-to-date: /opt/workspace/install/composition_interfaces/include/composition_interfaces/srv
[33.165s] -- Installing: /opt/workspace/install/composition_interfaces/include/composition_interfaces/srv/list_nodes__traits.hpp
[33.165s] -- Installing: /opt/workspace/install/composition_interfaces/include/composition_interfaces/srv/load_node__struct.hpp
[33.165s] -- Installing: /opt/workspace/install/composition_interfaces/include/composition_interfaces/srv/list_nodes.hpp
[33.165s] -- Installing: /opt/workspace/install/composition_interfaces/include/composition_interfaces/srv/load_node__traits.hpp
[33.166s] -- Installing: /opt/workspace/install/composition_interfaces/include/composition_interfaces/srv/load_node.hpp
[33.166s] -- Installing: /opt/workspace/install/composition_interfaces/include/composition_interfaces/srv/unload_node.hpp
[33.166s] -- Installing: /opt/workspace/install/composition_interfaces/include/composition_interfaces/srv/unload_node__traits.hpp
[33.166s] -- Installing: /opt/workspace/install/composition_interfaces/include/composition_interfaces/srv/unload_node__struct.hpp
[33.166s] -- Installing: /opt/workspace/install/composition_interfaces/include/composition_interfaces/srv/list_nodes__struct.hpp
[33.167s] -- Up-to-date: /opt/workspace/install/composition_interfaces/include/composition_interfaces
[33.167s] -- Up-to-date: /opt/workspace/install/composition_interfaces/include/composition_interfaces/msg
[33.167s] -- Installing: /opt/workspace/install/composition_interfaces/include/composition_interfaces/msg/rosidl_typesupport_introspection_c__visibility_control.h
[33.169s] -- Up-to-date: /opt/workspace/install/composition_interfaces/include/composition_interfaces/srv
[33.169s] -- Installing: /opt/workspace/install/composition_interfaces/include/composition_interfaces/srv/list_nodes__rosidl_typesupport_introspection_c.h
[33.169s] -- Installing: /opt/workspace/install/composition_interfaces/include/composition_interfaces/srv/load_node__rosidl_typesupport_introspection_c.h
[33.170s] -- Installing: /opt/workspace/install/composition_interfaces/include/composition_interfaces/srv/unload_node__rosidl_typesupport_introspection_c.h
[33.170s] -- Installing: /opt/workspace/install/composition_interfaces/include/composition_interfaces/srv/load_node__type_support.c
[33.170s] -- Installing: /opt/workspace/install/composition_interfaces/include/composition_interfaces/srv/list_nodes__type_support.c
[33.170s] -- Installing: /opt/workspace/install/composition_interfaces/include/composition_interfaces/srv/unload_node__type_support.c
[33.170s] -- Installing: /opt/workspace/install/composition_interfaces/lib/libcomposition_interfaces__rosidl_typesupport_introspection_c.so
[33.171s] -- Set runtime path of "/opt/workspace/install/composition_interfaces/lib/libcomposition_interfaces__rosidl_typesupport_introspection_c.so" to ""
[33.171s] -- Up-to-date: /opt/workspace/install/composition_interfaces/include/composition_interfaces
[33.171s] -- Up-to-date: /opt/workspace/install/composition_interfaces/include/composition_interfaces/srv
[33.171s] -- Installing: /opt/workspace/install/composition_interfaces/include/composition_interfaces/srv/load_node__rosidl_typesupport_introspection_cpp.hpp
[33.171s] -- Installing: /opt/workspace/install/composition_interfaces/include/composition_interfaces/srv/load_node__type_support.cpp
[33.172s] -- Installing: /opt/workspace/install/composition_interfaces/include/composition_interfaces/srv/list_nodes__type_support.cpp
[33.172s] -- Installing: /opt/workspace/install/composition_interfaces/include/composition_interfaces/srv/unload_node__rosidl_typesupport_introspection_cpp.hpp
[33.172s] -- Installing: /opt/workspace/install/composition_interfaces/include/composition_interfaces/srv/unload_node__type_support.cpp
[33.172s] -- Installing: /opt/workspace/install/composition_interfaces/include/composition_interfaces/srv/list_nodes__rosidl_typesupport_introspection_cpp.hpp
[33.172s] -- Installing: /opt/workspace/install/composition_interfaces/lib/libcomposition_interfaces__rosidl_typesupport_introspection_cpp.so
[33.172s] -- Set runtime path of "/opt/workspace/install/composition_interfaces/lib/libcomposition_interfaces__rosidl_typesupport_introspection_cpp.so" to ""
[33.173s] -- Installing: /opt/workspace/install/composition_interfaces/share/composition_interfaces/environment/pythonpath.sh
[33.173s] -- Installing: /opt/workspace/install/composition_interfaces/share/composition_interfaces/environment/pythonpath.dsv
[33.173s] -- Installing: /opt/workspace/install/composition_interfaces/lib/python3.6/site-packages/composition_interfaces/__init__.py
[33.255s] Compiling '/opt/workspace/install/composition_interfaces/lib/python3.6/site-packages/composition_interfaces/__init__.py'...
[33.261s] -- Installing: /opt/workspace/install/composition_interfaces/lib/python3.6/site-packages/composition_interfaces/srv
[33.262s] -- Installing: /opt/workspace/install/composition_interfaces/lib/python3.6/site-packages/composition_interfaces/srv/_unload_node.py
[33.262s] -- Installing: /opt/workspace/install/composition_interfaces/lib/python3.6/site-packages/composition_interfaces/srv/__init__.py
[33.262s] -- Installing: /opt/workspace/install/composition_interfaces/lib/python3.6/site-packages/composition_interfaces/srv/_load_node_s.c
[33.262s] -- Installing: /opt/workspace/install/composition_interfaces/lib/python3.6/site-packages/composition_interfaces/srv/_list_nodes.py
[33.262s] -- Installing: /opt/workspace/install/composition_interfaces/lib/python3.6/site-packages/composition_interfaces/srv/_unload_node_s.c
[33.263s] -- Installing: /opt/workspace/install/composition_interfaces/lib/python3.6/site-packages/composition_interfaces/srv/_list_nodes_s.c
[33.263s] -- Installing: /opt/workspace/install/composition_interfaces/lib/python3.6/site-packages/composition_interfaces/srv/_load_node.py
[33.263s] -- Installing: /opt/workspace/install/composition_interfaces/lib/python3.6/site-packages/composition_interfaces/composition_interfaces_s__rosidl_typesupport_c.cpython-36m-x86_64-linux-gnu.so
[33.264s] -- Set runtime path of "/opt/workspace/install/composition_interfaces/lib/python3.6/site-packages/composition_interfaces/composition_interfaces_s__rosidl_typesupport_c.cpython-36m-x86_64-linux-gnu.so" to ""
[33.264s] -- Installing: /opt/workspace/install/composition_interfaces/lib/python3.6/site-packages/composition_interfaces/composition_interfaces_s__rosidl_typesupport_introspection_c.cpython-36m-x86_64-linux-gnu.so
[33.265s] -- Set runtime path of "/opt/workspace/install/composition_interfaces/lib/python3.6/site-packages/composition_interfaces/composition_interfaces_s__rosidl_typesupport_introspection_c.cpython-36m-x86_64-linux-gnu.so" to ""
[33.265s] -- Installing: /opt/workspace/install/composition_interfaces/lib/python3.6/site-packages/composition_interfaces/composition_interfaces_s__rosidl_typesupport_fastrtps_c.cpython-36m-x86_64-linux-gnu.so
[33.266s] -- Set runtime path of "/opt/workspace/install/composition_interfaces/lib/python3.6/site-packages/composition_interfaces/composition_interfaces_s__rosidl_typesupport_fastrtps_c.cpython-36m-x86_64-linux-gnu.so" to ""
[33.267s] -- Installing: /opt/workspace/install/composition_interfaces/lib/libcomposition_interfaces__python.so
[33.267s] -- Set runtime path of "/opt/workspace/install/composition_interfaces/lib/libcomposition_interfaces__python.so" to ""
[33.268s] -- Installing: /opt/workspace/install/composition_interfaces/share/composition_interfaces/srv/LoadNode.idl
[33.268s] -- Installing: /opt/workspace/install/composition_interfaces/share/composition_interfaces/srv/ListNodes.idl
[33.268s] -- Installing: /opt/workspace/install/composition_interfaces/share/composition_interfaces/srv/UnloadNode.idl
[33.268s] -- Installing: /opt/workspace/install/composition_interfaces/share/composition_interfaces/srv/LoadNode.srv
[33.268s] -- Installing: /opt/workspace/install/composition_interfaces/share/composition_interfaces/srv/LoadNode_Request.msg
[33.269s] -- Installing: /opt/workspace/install/composition_interfaces/share/composition_interfaces/srv/LoadNode_Response.msg
[33.269s] -- Installing: /opt/workspace/install/composition_interfaces/share/composition_interfaces/srv/ListNodes.srv
[33.269s] -- Installing: /opt/workspace/install/composition_interfaces/share/composition_interfaces/srv/ListNodes_Request.msg
[33.269s] -- Installing: /opt/workspace/install/composition_interfaces/share/composition_interfaces/srv/ListNodes_Response.msg
[33.269s] -- Installing: /opt/workspace/install/composition_interfaces/share/composition_interfaces/srv/UnloadNode.srv
[33.270s] -- Installing: /opt/workspace/install/composition_interfaces/share/composition_interfaces/srv/UnloadNode_Request.msg
[33.270s] -- Installing: /opt/workspace/install/composition_interfaces/share/composition_interfaces/srv/UnloadNode_Response.msg
[33.270s] -- Installing: /opt/workspace/install/composition_interfaces/share/ament_index/resource_index/package_run_dependencies/composition_interfaces
[33.270s] -- Installing: /opt/workspace/install/composition_interfaces/share/ament_index/resource_index/parent_prefix_path/composition_interfaces
[33.270s] -- Installing: /opt/workspace/install/composition_interfaces/share/composition_interfaces/environment/ament_prefix_path.sh
[33.271s] -- Installing: /opt/workspace/install/composition_interfaces/share/composition_interfaces/environment/ament_prefix_path.dsv
[33.271s] -- Installing: /opt/workspace/install/composition_interfaces/share/composition_interfaces/environment/path.sh
[33.271s] -- Installing: /opt/workspace/install/composition_interfaces/share/composition_interfaces/environment/path.dsv
[33.272s] -- Installing: /opt/workspace/install/composition_interfaces/share/composition_interfaces/local_setup.bash
[33.272s] -- Installing: /opt/workspace/install/composition_interfaces/share/composition_interfaces/local_setup.sh
[33.272s] -- Installing: /opt/workspace/install/composition_interfaces/share/composition_interfaces/local_setup.zsh
[33.272s] -- Installing: /opt/workspace/install/composition_interfaces/share/composition_interfaces/local_setup.dsv
[33.272s] -- Installing: /opt/workspace/install/composition_interfaces/share/composition_interfaces/package.dsv
[33.273s] -- Installing: /opt/workspace/install/composition_interfaces/share/ament_index/resource_index/packages/composition_interfaces
[33.273s] -- Installing: /opt/workspace/install/composition_interfaces/share/composition_interfaces/cmake/rosidl_cmake-extras.cmake
[33.273s] -- Installing: /opt/workspace/install/composition_interfaces/share/composition_interfaces/cmake/ament_cmake_export_dependencies-extras.cmake
[33.273s] -- Installing: /opt/workspace/install/composition_interfaces/share/composition_interfaces/cmake/ament_cmake_export_libraries-extras.cmake
[33.273s] -- Installing: /opt/workspace/install/composition_interfaces/share/composition_interfaces/cmake/ament_cmake_export_include_directories-extras.cmake
[33.274s] -- Installing: /opt/workspace/install/composition_interfaces/share/composition_interfaces/cmake/composition_interfacesConfig.cmake
[33.274s] -- Installing: /opt/workspace/install/composition_interfaces/share/composition_interfaces/cmake/composition_interfacesConfig-version.cmake
[33.274s] -- Installing: /opt/workspace/install/composition_interfaces/share/composition_interfaces/package.xml
