[0.824s] [36mInstall the project...[0m
[0.851s] -- Install configuration: ""
[0.851s] -- Up-to-date: /opt/workspace/install/qt_dotgraph/share/qt_dotgraph/environment/pythonpath.sh
[0.851s] -- Up-to-date: /opt/workspace/install/qt_dotgraph/share/qt_dotgraph/environment/pythonpath.dsv
[0.851s] -- Up-to-date: /opt/workspace/install/qt_dotgraph/lib/python3.6/site-packages/qt_dotgraph
[0.851s] -- Up-to-date: /opt/workspace/install/qt_dotgraph/lib/python3.6/site-packages/qt_dotgraph/pydotfactory.py
[0.852s] -- Up-to-date: /opt/workspace/install/qt_dotgraph/lib/python3.6/site-packages/qt_dotgraph/__init__.py
[0.852s] -- Up-to-date: /opt/workspace/install/qt_dotgraph/lib/python3.6/site-packages/qt_dotgraph/graph_item.py
[0.852s] -- Up-to-date: /opt/workspace/install/qt_dotgraph/lib/python3.6/site-packages/qt_dotgraph/dot_shapes.py
[0.852s] -- Up-to-date: /opt/workspace/install/qt_dotgraph/lib/python3.6/site-packages/qt_dotgraph/node_item.py
[0.852s] -- Up-to-date: /opt/workspace/install/qt_dotgraph/lib/python3.6/site-packages/qt_dotgraph/pygraphvizfactory.py
[0.853s] -- Up-to-date: /opt/workspace/install/qt_dotgraph/lib/python3.6/site-packages/qt_dotgraph/colors.py
[0.853s] -- Up-to-date: /opt/workspace/install/qt_dotgraph/lib/python3.6/site-packages/qt_dotgraph/dot_to_qt.py
[0.853s] -- Up-to-date: /opt/workspace/install/qt_dotgraph/lib/python3.6/site-packages/qt_dotgraph/edge_item.py
[1.003s] Listing '/opt/workspace/install/qt_dotgraph/lib/python3.6/site-packages/qt_dotgraph'...
[1.039s] -- Up-to-date: /opt/workspace/install/qt_dotgraph/share/ament_index/resource_index/package_run_dependencies/qt_dotgraph
[1.039s] -- Up-to-date: /opt/workspace/install/qt_dotgraph/share/ament_index/resource_index/parent_prefix_path/qt_dotgraph
[1.040s] -- Up-to-date: /opt/workspace/install/qt_dotgraph/share/qt_dotgraph/environment/ament_prefix_path.sh
[1.040s] -- Up-to-date: /opt/workspace/install/qt_dotgraph/share/qt_dotgraph/environment/ament_prefix_path.dsv
[1.040s] -- Up-to-date: /opt/workspace/install/qt_dotgraph/share/qt_dotgraph/environment/path.sh
[1.040s] -- Up-to-date: /opt/workspace/install/qt_dotgraph/share/qt_dotgraph/environment/path.dsv
[1.040s] -- Up-to-date: /opt/workspace/install/qt_dotgraph/share/qt_dotgraph/local_setup.bash
[1.041s] -- Up-to-date: /opt/workspace/install/qt_dotgraph/share/qt_dotgraph/local_setup.sh
[1.041s] -- Up-to-date: /opt/workspace/install/qt_dotgraph/share/qt_dotgraph/local_setup.zsh
[1.041s] -- Up-to-date: /opt/workspace/install/qt_dotgraph/share/qt_dotgraph/local_setup.dsv
[1.041s] -- Up-to-date: /opt/workspace/install/qt_dotgraph/share/qt_dotgraph/package.dsv
[1.041s] -- Up-to-date: /opt/workspace/install/qt_dotgraph/share/ament_index/resource_index/packages/qt_dotgraph
[1.042s] -- Up-to-date: /opt/workspace/install/qt_dotgraph/share/qt_dotgraph/cmake/qt_dotgraphConfig.cmake
[1.042s] -- Up-to-date: /opt/workspace/install/qt_dotgraph/share/qt_dotgraph/cmake/qt_dotgraphConfig-version.cmake
[1.042s] -- Up-to-date: /opt/workspace/install/qt_dotgraph/share/qt_dotgraph/package.xml
