[0.472s] -- The C compiler identification is GNU 7.4.0
[0.626s] -- The CXX compiler identification is GNU 7.4.0
[0.638s] -- Check for working C compiler: /usr/bin/cc
[0.828s] -- Check for working C compiler: /usr/bin/cc -- works
[0.829s] -- Detecting C compiler ABI info
[0.999s] -- Detecting C compiler ABI info - done
[1.013s] -- Detecting C compile features
[1.499s] -- Detecting C compile features - done
[1.523s] -- Check for working CXX compiler: /usr/bin/c++
[1.753s] -- Check for working CXX compiler: /usr/bin/c++ -- works
[1.756s] -- Detecting CXX compiler ABI info
[1.958s] -- Detecting CXX compiler ABI info - done
[1.968s] -- Detecting CXX compile features
[2.817s] -- Detecting CXX compile features - done
[2.831s] -- Found ament_cmake: 0.8.2 (/opt/workspace/install/ament_cmake/share/ament_cmake/cmake)
[2.956s] -- Found PythonInterp: /usr/bin/python3 (found suitable version "3.6.9", minimum required is "3") 
[2.957s] -- Using PYTHON_EXECUTABLE: /usr/bin/python3
[3.567s] -- Found builtin_interfaces: 0.8.0 (/opt/workspace/install/builtin_interfaces/share/builtin_interfaces/cmake)
[3.648s] -- Found rosidl_adapter: 0.8.2 (/opt/workspace/install/rosidl_adapter/share/rosidl_adapter/cmake)
[3.707s] -- Found geometry_msgs: 0.8.1 (/opt/workspace/install/geometry_msgs/share/geometry_msgs/cmake)
[3.734s] -- Found rosidl_default_generators: 0.8.0 (/opt/workspace/install/rosidl_default_generators/share/rosidl_default_generators/cmake)
[4.006s] -- Found OpenSSL: /usr/lib/x86_64-linux-gnu/libcrypto.so (found version "1.1.1") 
[4.062s] -- Found FastRTPS: /opt/workspace/install/fastrtps/include  
[4.307s] -- Found PythonInterp: /usr/bin/python3 (found version "3.6.9") 
[5.204s] -- Using all available rosidl_typesupport_cpp: rosidl_typesupport_introspection_cpp;rosidl_typesupport_fastrtps_cpp
[5.299s] -- Found ament_cmake_cppcheck: 0.8.1 (/opt/workspace/install/ament_cmake_cppcheck/share/ament_cmake_cppcheck/cmake)
[5.311s] -- Found ament_cmake_cpplint: 0.8.1 (/opt/workspace/install/ament_cmake_cpplint/share/ament_cmake_cpplint/cmake)
[5.325s] -- Found ament_cmake_uncrustify: 0.8.1 (/opt/workspace/install/ament_cmake_uncrustify/share/ament_cmake_uncrustify/cmake)
[5.472s] -- Using all available rosidl_typesupport_c: rosidl_typesupport_fastrtps_c;rosidl_typesupport_introspection_c
[6.889s] -- Found rmw_implementation_cmake: 0.8.1 (/opt/workspace/install/rmw_implementation_cmake/share/rmw_implementation_cmake/cmake)
[6.993s] -- Found PythonInterp: /usr/bin/python3 (found suitable version "3.6.9", minimum required is "3.5") 
[7.006s] -- Found python_cmake_module: 0.8.0 (/opt/workspace/install/python_cmake_module/share/python_cmake_module/cmake)
[7.099s] -- Found PythonLibs: /usr/lib/x86_64-linux-gnu/libpython3.6m.so (found suitable version "3.6.9", minimum required is "3.5") 
[7.100s] -- Using PYTHON_EXECUTABLE: /usr/bin/python3
[7.100s] -- Using PYTHON_INCLUDE_DIRS: /usr/include/python3.6m
[7.100s] -- Using PYTHON_LIBRARIES: /usr/lib/x86_64-linux-gnu/libpython3.6m.so
[7.173s] -- Found PythonExtra: .so  
[8.112s] -- Found ament_cmake_flake8: 0.8.1 (/opt/workspace/install/ament_cmake_flake8/share/ament_cmake_flake8/cmake)
[8.124s] -- Found ament_cmake_pep257: 0.8.1 (/opt/workspace/install/ament_cmake_pep257/share/ament_cmake_pep257/cmake)
[8.148s] -- Configuring done
[8.596s] -- Generating done
[8.607s] -- Build files have been written to: /opt/workspace/build/visualization_msgs
[8.749s] [35m[1mScanning dependencies of target visualization_msgs__cpp[0m
[8.784s] [  0%] [34m[1mGenerating C++ code for ROS interfaces[0m
[15.436s] [  0%] Built target visualization_msgs__cpp
[15.464s] [  1%] [34m[1mGenerating C code for ROS interfaces[0m
[23.313s] [35m[1mScanning dependencies of target visualization_msgs__rosidl_generator_c[0m
[23.360s] [  2%] [32mBuilding C object CMakeFiles/visualization_msgs__rosidl_generator_c.dir/rosidl_generator_c/visualization_msgs/msg/image_marker__functions.c.o[0m
[23.471s] [  3%] [32mBuilding C object CMakeFiles/visualization_msgs__rosidl_generator_c.dir/rosidl_generator_c/visualization_msgs/msg/interactive_marker_init__functions.c.o[0m
[23.600s] [  3%] [32mBuilding C object CMakeFiles/visualization_msgs__rosidl_generator_c.dir/rosidl_generator_c/visualization_msgs/msg/interactive_marker_pose__functions.c.o[0m
[23.702s] [  4%] [32mBuilding C object CMakeFiles/visualization_msgs__rosidl_generator_c.dir/rosidl_generator_c/visualization_msgs/msg/interactive_marker_update__functions.c.o[0m
[23.825s] [  5%] [32mBuilding C object CMakeFiles/visualization_msgs__rosidl_generator_c.dir/rosidl_generator_c/visualization_msgs/msg/marker__functions.c.o[0m
[23.938s] [  6%] [32mBuilding C object CMakeFiles/visualization_msgs__rosidl_generator_c.dir/rosidl_generator_c/visualization_msgs/msg/marker_array__functions.c.o[0m
[24.045s] [  7%] [32mBuilding C object CMakeFiles/visualization_msgs__rosidl_generator_c.dir/rosidl_generator_c/visualization_msgs/msg/menu_entry__functions.c.o[0m
[24.130s] [  8%] [32mBuilding C object CMakeFiles/visualization_msgs__rosidl_generator_c.dir/rosidl_generator_c/visualization_msgs/srv/get_interactive_markers__functions.c.o[0m
[24.233s] [  9%] [32mBuilding C object CMakeFiles/visualization_msgs__rosidl_generator_c.dir/rosidl_generator_c/visualization_msgs/msg/interactive_marker_feedback__functions.c.o[0m
[24.328s] [ 10%] [32mBuilding C object CMakeFiles/visualization_msgs__rosidl_generator_c.dir/rosidl_generator_c/visualization_msgs/msg/interactive_marker_control__functions.c.o[0m
[24.423s] [ 11%] [32mBuilding C object CMakeFiles/visualization_msgs__rosidl_generator_c.dir/rosidl_generator_c/visualization_msgs/msg/interactive_marker__functions.c.o[0m
[24.550s] [ 12%] [32m[1mLinking C shared library libvisualization_msgs__rosidl_generator_c.so[0m
[24.663s] [ 12%] Built target visualization_msgs__rosidl_generator_c
[24.696s] [ 13%] [34m[1mGenerating C++ introspection for ROS interfaces[0m
[31.013s] [35m[1mScanning dependencies of target visualization_msgs__rosidl_typesupport_introspection_cpp[0m
[31.072s] [ 14%] [32mBuilding CXX object CMakeFiles/visualization_msgs__rosidl_typesupport_introspection_cpp.dir/rosidl_typesupport_introspection_cpp/visualization_msgs/msg/image_marker__type_support.cpp.o[0m
[31.711s] [ 15%] [32mBuilding CXX object CMakeFiles/visualization_msgs__rosidl_typesupport_introspection_cpp.dir/rosidl_typesupport_introspection_cpp/visualization_msgs/msg/interactive_marker_feedback__type_support.cpp.o[0m
[32.214s] [ 16%] [32mBuilding CXX object CMakeFiles/visualization_msgs__rosidl_typesupport_introspection_cpp.dir/rosidl_typesupport_introspection_cpp/visualization_msgs/msg/interactive_marker_init__type_support.cpp.o[0m
[32.940s] [ 17%] [32mBuilding CXX object CMakeFiles/visualization_msgs__rosidl_typesupport_introspection_cpp.dir/rosidl_typesupport_introspection_cpp/visualization_msgs/msg/interactive_marker_pose__type_support.cpp.o[0m
[33.501s] [ 18%] [32mBuilding CXX object CMakeFiles/visualization_msgs__rosidl_typesupport_introspection_cpp.dir/rosidl_typesupport_introspection_cpp/visualization_msgs/msg/interactive_marker_update__type_support.cpp.o[0m
[34.406s] [ 19%] [32mBuilding CXX object CMakeFiles/visualization_msgs__rosidl_typesupport_introspection_cpp.dir/rosidl_typesupport_introspection_cpp/visualization_msgs/msg/marker__type_support.cpp.o[0m
[35.109s] [ 20%] [32mBuilding CXX object CMakeFiles/visualization_msgs__rosidl_typesupport_introspection_cpp.dir/rosidl_typesupport_introspection_cpp/visualization_msgs/msg/marker_array__type_support.cpp.o[0m
[35.773s] [ 21%] [32mBuilding CXX object CMakeFiles/visualization_msgs__rosidl_typesupport_introspection_cpp.dir/rosidl_typesupport_introspection_cpp/visualization_msgs/msg/menu_entry__type_support.cpp.o[0m
[36.276s] [ 22%] [32mBuilding CXX object CMakeFiles/visualization_msgs__rosidl_typesupport_introspection_cpp.dir/rosidl_typesupport_introspection_cpp/visualization_msgs/srv/get_interactive_markers__type_support.cpp.o[0m
[37.087s] [ 23%] [32mBuilding CXX object CMakeFiles/visualization_msgs__rosidl_typesupport_introspection_cpp.dir/rosidl_typesupport_introspection_cpp/visualization_msgs/msg/interactive_marker_control__type_support.cpp.o[0m
[37.800s] [ 23%] [32mBuilding CXX object CMakeFiles/visualization_msgs__rosidl_typesupport_introspection_cpp.dir/rosidl_typesupport_introspection_cpp/visualization_msgs/msg/interactive_marker__type_support.cpp.o[0m
[38.579s] [ 24%] [32m[1mLinking CXX shared library libvisualization_msgs__rosidl_typesupport_introspection_cpp.so[0m
[38.859s] [ 24%] Built target visualization_msgs__rosidl_typesupport_introspection_cpp
[38.890s] [ 25%] [34m[1mGenerating C introspection for ROS interfaces[0m
[45.706s] [35m[1mScanning dependencies of target visualization_msgs__rosidl_typesupport_introspection_c[0m
[45.782s] [ 26%] [32mBuilding C object CMakeFiles/visualization_msgs__rosidl_typesupport_introspection_c.dir/rosidl_typesupport_introspection_c/visualization_msgs/msg/image_marker__type_support.c.o[0m
[45.903s] [ 27%] [32mBuilding C object CMakeFiles/visualization_msgs__rosidl_typesupport_introspection_c.dir/rosidl_typesupport_introspection_c/visualization_msgs/msg/interactive_marker_init__type_support.c.o[0m
[46.003s] [ 28%] [32mBuilding C object CMakeFiles/visualization_msgs__rosidl_typesupport_introspection_c.dir/rosidl_typesupport_introspection_c/visualization_msgs/msg/interactive_marker_pose__type_support.c.o[0m
[46.100s] [ 28%] [32mBuilding C object CMakeFiles/visualization_msgs__rosidl_typesupport_introspection_c.dir/rosidl_typesupport_introspection_c/visualization_msgs/msg/interactive_marker_update__type_support.c.o[0m
[46.190s] [ 29%] [32mBuilding C object CMakeFiles/visualization_msgs__rosidl_typesupport_introspection_c.dir/rosidl_typesupport_introspection_c/visualization_msgs/msg/marker__type_support.c.o[0m
[46.282s] [ 30%] [32mBuilding C object CMakeFiles/visualization_msgs__rosidl_typesupport_introspection_c.dir/rosidl_typesupport_introspection_c/visualization_msgs/msg/marker_array__type_support.c.o[0m
[46.363s] [ 31%] [32mBuilding C object CMakeFiles/visualization_msgs__rosidl_typesupport_introspection_c.dir/rosidl_typesupport_introspection_c/visualization_msgs/msg/menu_entry__type_support.c.o[0m
[46.434s] [ 32%] [32mBuilding C object CMakeFiles/visualization_msgs__rosidl_typesupport_introspection_c.dir/rosidl_typesupport_introspection_c/visualization_msgs/srv/get_interactive_markers__type_support.c.o[0m
[46.564s] [ 33%] [32mBuilding C object CMakeFiles/visualization_msgs__rosidl_typesupport_introspection_c.dir/rosidl_typesupport_introspection_c/visualization_msgs/msg/interactive_marker_feedback__type_support.c.o[0m
[46.655s] [ 34%] [32mBuilding C object CMakeFiles/visualization_msgs__rosidl_typesupport_introspection_c.dir/rosidl_typesupport_introspection_c/visualization_msgs/msg/interactive_marker_control__type_support.c.o[0m
[46.737s] [ 35%] [32mBuilding C object CMakeFiles/visualization_msgs__rosidl_typesupport_introspection_c.dir/rosidl_typesupport_introspection_c/visualization_msgs/msg/interactive_marker__type_support.c.o[0m
[46.852s] [ 36%] [32m[1mLinking C shared library libvisualization_msgs__rosidl_typesupport_introspection_c.so[0m
[46.947s] [ 36%] Built target visualization_msgs__rosidl_typesupport_introspection_c
[46.977s] [ 37%] [34m[1mGenerating C type support dispatch for ROS interfaces[0m
[52.815s] [35m[1mScanning dependencies of target visualization_msgs__rosidl_typesupport_c[0m
[52.871s] [ 38%] [32mBuilding CXX object CMakeFiles/visualization_msgs__rosidl_typesupport_c.dir/rosidl_typesupport_c/visualization_msgs/msg/image_marker__type_support.cpp.o[0m
[52.949s] [ 39%] [32mBuilding CXX object CMakeFiles/visualization_msgs__rosidl_typesupport_c.dir/rosidl_typesupport_c/visualization_msgs/msg/interactive_marker_pose__type_support.cpp.o[0m
[53.047s] [ 40%] [32mBuilding CXX object CMakeFiles/visualization_msgs__rosidl_typesupport_c.dir/rosidl_typesupport_c/visualization_msgs/msg/interactive_marker_update__type_support.cpp.o[0m
[53.118s] [ 41%] [32mBuilding CXX object CMakeFiles/visualization_msgs__rosidl_typesupport_c.dir/rosidl_typesupport_c/visualization_msgs/msg/marker__type_support.cpp.o[0m
[53.200s] [ 42%] [32mBuilding CXX object CMakeFiles/visualization_msgs__rosidl_typesupport_c.dir/rosidl_typesupport_c/visualization_msgs/msg/marker_array__type_support.cpp.o[0m
[53.273s] [ 43%] [32mBuilding CXX object CMakeFiles/visualization_msgs__rosidl_typesupport_c.dir/rosidl_typesupport_c/visualization_msgs/msg/menu_entry__type_support.cpp.o[0m
[53.339s] [ 44%] [32mBuilding CXX object CMakeFiles/visualization_msgs__rosidl_typesupport_c.dir/rosidl_typesupport_c/visualization_msgs/srv/get_interactive_markers__type_support.cpp.o[0m
[53.415s] [ 45%] [32mBuilding CXX object CMakeFiles/visualization_msgs__rosidl_typesupport_c.dir/rosidl_typesupport_c/visualization_msgs/msg/interactive_marker_init__type_support.cpp.o[0m
[53.502s] [ 46%] [32mBuilding CXX object CMakeFiles/visualization_msgs__rosidl_typesupport_c.dir/rosidl_typesupport_c/visualization_msgs/msg/interactive_marker_feedback__type_support.cpp.o[0m
[53.582s] [ 46%] [32mBuilding CXX object CMakeFiles/visualization_msgs__rosidl_typesupport_c.dir/rosidl_typesupport_c/visualization_msgs/msg/interactive_marker_control__type_support.cpp.o[0m
[53.652s] [ 47%] [32mBuilding CXX object CMakeFiles/visualization_msgs__rosidl_typesupport_c.dir/rosidl_typesupport_c/visualization_msgs/msg/interactive_marker__type_support.cpp.o[0m
[53.728s] [ 48%] [32m[1mLinking CXX shared library libvisualization_msgs__rosidl_typesupport_c.so[0m
[53.857s] [ 48%] Built target visualization_msgs__rosidl_typesupport_c
[53.885s] [ 49%] [34m[1mGenerating C++ type support dispatch for ROS interfaces[0m
[59.536s] [35m[1mScanning dependencies of target visualization_msgs__rosidl_typesupport_cpp[0m
[59.590s] [ 50%] [32mBuilding CXX object CMakeFiles/visualization_msgs__rosidl_typesupport_cpp.dir/rosidl_typesupport_cpp/visualization_msgs/msg/image_marker__type_support.cpp.o[0m
[60.103s] [ 51%] [32mBuilding CXX object CMakeFiles/visualization_msgs__rosidl_typesupport_cpp.dir/rosidl_typesupport_cpp/visualization_msgs/msg/interactive_marker_update__type_support.cpp.o[0m
[60.630s] [ 51%] [32mBuilding CXX object CMakeFiles/visualization_msgs__rosidl_typesupport_cpp.dir/rosidl_typesupport_cpp/visualization_msgs/msg/marker__type_support.cpp.o[0m
[61.183s] [ 52%] [32mBuilding CXX object CMakeFiles/visualization_msgs__rosidl_typesupport_cpp.dir/rosidl_typesupport_cpp/visualization_msgs/msg/marker_array__type_support.cpp.o[0m
[61.743s] [ 53%] [32mBuilding CXX object CMakeFiles/visualization_msgs__rosidl_typesupport_cpp.dir/rosidl_typesupport_cpp/visualization_msgs/msg/menu_entry__type_support.cpp.o[0m
[62.248s] [ 54%] [32mBuilding CXX object CMakeFiles/visualization_msgs__rosidl_typesupport_cpp.dir/rosidl_typesupport_cpp/visualization_msgs/srv/get_interactive_markers__type_support.cpp.o[0m
[62.797s] [ 55%] [32mBuilding CXX object CMakeFiles/visualization_msgs__rosidl_typesupport_cpp.dir/rosidl_typesupport_cpp/visualization_msgs/msg/interactive_marker_pose__type_support.cpp.o[0m
[63.365s] [ 56%] [32mBuilding CXX object CMakeFiles/visualization_msgs__rosidl_typesupport_cpp.dir/rosidl_typesupport_cpp/visualization_msgs/msg/interactive_marker_init__type_support.cpp.o[0m
[63.916s] [ 57%] [32mBuilding CXX object CMakeFiles/visualization_msgs__rosidl_typesupport_cpp.dir/rosidl_typesupport_cpp/visualization_msgs/msg/interactive_marker_feedback__type_support.cpp.o[0m
[64.419s] [ 58%] [32mBuilding CXX object CMakeFiles/visualization_msgs__rosidl_typesupport_cpp.dir/rosidl_typesupport_cpp/visualization_msgs/msg/interactive_marker_control__type_support.cpp.o[0m
[64.944s] [ 59%] [32mBuilding CXX object CMakeFiles/visualization_msgs__rosidl_typesupport_cpp.dir/rosidl_typesupport_cpp/visualization_msgs/msg/interactive_marker__type_support.cpp.o[0m
[65.525s] [ 60%] [32m[1mLinking CXX shared library libvisualization_msgs__rosidl_typesupport_cpp.so[0m
[65.652s] [ 60%] Built target visualization_msgs__rosidl_typesupport_cpp
[65.698s] [ 60%] [34m[1mGenerating C++ type support for eProsima Fast-RTPS[0m
[72.029s] [35m[1mScanning dependencies of target visualization_msgs__rosidl_typesupport_fastrtps_cpp[0m
[72.104s] [ 61%] [32mBuilding CXX object CMakeFiles/visualization_msgs__rosidl_typesupport_fastrtps_cpp.dir/rosidl_typesupport_fastrtps_cpp/visualization_msgs/msg/dds_fastrtps/image_marker__type_support.cpp.o[0m
[72.940s] [ 62%] [32mBuilding CXX object CMakeFiles/visualization_msgs__rosidl_typesupport_fastrtps_cpp.dir/rosidl_typesupport_fastrtps_cpp/visualization_msgs/msg/dds_fastrtps/marker__type_support.cpp.o[0m
[73.807s] [ 63%] [32mBuilding CXX object CMakeFiles/visualization_msgs__rosidl_typesupport_fastrtps_cpp.dir/rosidl_typesupport_fastrtps_cpp/visualization_msgs/msg/dds_fastrtps/marker_array__type_support.cpp.o[0m
[74.430s] [ 63%] [32mBuilding CXX object CMakeFiles/visualization_msgs__rosidl_typesupport_fastrtps_cpp.dir/rosidl_typesupport_fastrtps_cpp/visualization_msgs/msg/dds_fastrtps/menu_entry__type_support.cpp.o[0m
[75.035s] [ 64%] [32mBuilding CXX object CMakeFiles/visualization_msgs__rosidl_typesupport_fastrtps_cpp.dir/rosidl_typesupport_fastrtps_cpp/visualization_msgs/srv/dds_fastrtps/get_interactive_markers__type_support.cpp.o[0m
[75.850s] [ 65%] [32mBuilding CXX object CMakeFiles/visualization_msgs__rosidl_typesupport_fastrtps_cpp.dir/rosidl_typesupport_fastrtps_cpp/visualization_msgs/msg/dds_fastrtps/interactive_marker_update__type_support.cpp.o[0m
[76.755s] [ 66%] [32mBuilding CXX object CMakeFiles/visualization_msgs__rosidl_typesupport_fastrtps_cpp.dir/rosidl_typesupport_fastrtps_cpp/visualization_msgs/msg/dds_fastrtps/interactive_marker_pose__type_support.cpp.o[0m
[77.493s] [ 67%] [32mBuilding CXX object CMakeFiles/visualization_msgs__rosidl_typesupport_fastrtps_cpp.dir/rosidl_typesupport_fastrtps_cpp/visualization_msgs/msg/dds_fastrtps/interactive_marker_init__type_support.cpp.o[0m
[78.360s] [ 68%] [32mBuilding CXX object CMakeFiles/visualization_msgs__rosidl_typesupport_fastrtps_cpp.dir/rosidl_typesupport_fastrtps_cpp/visualization_msgs/msg/dds_fastrtps/interactive_marker_feedback__type_support.cpp.o[0m
[78.991s] [ 69%] [32mBuilding CXX object CMakeFiles/visualization_msgs__rosidl_typesupport_fastrtps_cpp.dir/rosidl_typesupport_fastrtps_cpp/visualization_msgs/msg/dds_fastrtps/interactive_marker_control__type_support.cpp.o[0m
[79.824s] [ 70%] [32mBuilding CXX object CMakeFiles/visualization_msgs__rosidl_typesupport_fastrtps_cpp.dir/rosidl_typesupport_fastrtps_cpp/visualization_msgs/msg/dds_fastrtps/interactive_marker__type_support.cpp.o[0m
[80.737s] [ 71%] [32m[1mLinking CXX shared library libvisualization_msgs__rosidl_typesupport_fastrtps_cpp.so[0m
[80.929s] [ 71%] Built target visualization_msgs__rosidl_typesupport_fastrtps_cpp
[80.950s] [ 72%] [34m[1mGenerating C type support for eProsima Fast-RTPS[0m
[86.142s] [35m[1mScanning dependencies of target visualization_msgs__rosidl_typesupport_fastrtps_c[0m
[86.234s] [ 73%] [32mBuilding CXX object CMakeFiles/visualization_msgs__rosidl_typesupport_fastrtps_c.dir/rosidl_typesupport_fastrtps_c/visualization_msgs/msg/image_marker__type_support_c.cpp.o[0m
[86.885s] [ 74%] [32mBuilding CXX object CMakeFiles/visualization_msgs__rosidl_typesupport_fastrtps_c.dir/rosidl_typesupport_fastrtps_c/visualization_msgs/msg/marker__type_support_c.cpp.o[0m
[87.501s] [ 75%] [32mBuilding CXX object CMakeFiles/visualization_msgs__rosidl_typesupport_fastrtps_c.dir/rosidl_typesupport_fastrtps_c/visualization_msgs/msg/marker_array__type_support_c.cpp.o[0m
[88.028s] [ 76%] [32mBuilding CXX object CMakeFiles/visualization_msgs__rosidl_typesupport_fastrtps_c.dir/rosidl_typesupport_fastrtps_c/visualization_msgs/msg/menu_entry__type_support_c.cpp.o[0m
[88.496s] [ 77%] [32mBuilding CXX object CMakeFiles/visualization_msgs__rosidl_typesupport_fastrtps_c.dir/rosidl_typesupport_fastrtps_c/visualization_msgs/srv/get_interactive_markers__type_support_c.cpp.o[0m
[89.014s] [ 78%] [32mBuilding CXX object CMakeFiles/visualization_msgs__rosidl_typesupport_fastrtps_c.dir/rosidl_typesupport_fastrtps_c/visualization_msgs/msg/interactive_marker_update__type_support_c.cpp.o[0m
[89.481s] [ 79%] [32mBuilding CXX object CMakeFiles/visualization_msgs__rosidl_typesupport_fastrtps_c.dir/rosidl_typesupport_fastrtps_c/visualization_msgs/msg/interactive_marker_pose__type_support_c.cpp.o[0m
[89.958s] [ 79%] [32mBuilding CXX object CMakeFiles/visualization_msgs__rosidl_typesupport_fastrtps_c.dir/rosidl_typesupport_fastrtps_c/visualization_msgs/msg/interactive_marker_init__type_support_c.cpp.o[0m
[90.447s] [ 80%] [32mBuilding CXX object CMakeFiles/visualization_msgs__rosidl_typesupport_fastrtps_c.dir/rosidl_typesupport_fastrtps_c/visualization_msgs/msg/interactive_marker_feedback__type_support_c.cpp.o[0m
[90.927s] [ 81%] [32mBuilding CXX object CMakeFiles/visualization_msgs__rosidl_typesupport_fastrtps_c.dir/rosidl_typesupport_fastrtps_c/visualization_msgs/msg/interactive_marker_control__type_support_c.cpp.o[0m
[91.387s] [ 82%] [32mBuilding CXX object CMakeFiles/visualization_msgs__rosidl_typesupport_fastrtps_c.dir/rosidl_typesupport_fastrtps_c/visualization_msgs/msg/interactive_marker__type_support_c.cpp.o[0m
[91.891s] [ 83%] [32m[1mLinking CXX shared library libvisualization_msgs__rosidl_typesupport_fastrtps_c.so[0m
[92.044s] [ 83%] Built target visualization_msgs__rosidl_typesupport_fastrtps_c
[92.067s] [35m[1mScanning dependencies of target visualization_msgs[0m
[92.090s] [ 83%] Built target visualization_msgs
[92.114s] [35m[1mScanning dependencies of target visualization_msgs__py[0m
[92.138s] [ 84%] [34m[1mGenerating Python code for ROS interfaces[0m
[101.880s] [ 84%] Built target visualization_msgs__py
[101.904s] [35m[1mScanning dependencies of target visualization_msgs__python[0m
[102.031s] [ 85%] [32mBuilding C object CMakeFiles/visualization_msgs__python.dir/rosidl_generator_py/visualization_msgs/msg/_image_marker_s.c.o[0m
[102.202s] [ 86%] [32mBuilding C object CMakeFiles/visualization_msgs__python.dir/rosidl_generator_py/visualization_msgs/msg/_marker_s.c.o[0m
[102.366s] [ 86%] [32mBuilding C object CMakeFiles/visualization_msgs__python.dir/rosidl_generator_py/visualization_msgs/msg/_marker_array_s.c.o[0m
[102.529s] [ 87%] [32mBuilding C object CMakeFiles/visualization_msgs__python.dir/rosidl_generator_py/visualization_msgs/msg/_menu_entry_s.c.o[0m
[102.675s] [ 88%] [32mBuilding C object CMakeFiles/visualization_msgs__python.dir/rosidl_generator_py/visualization_msgs/srv/_get_interactive_markers_s.c.o[0m
[102.874s] [ 89%] [32mBuilding C object CMakeFiles/visualization_msgs__python.dir/rosidl_generator_py/visualization_msgs/msg/_interactive_marker_update_s.c.o[0m
[103.047s] [ 90%] [32mBuilding C object CMakeFiles/visualization_msgs__python.dir/rosidl_generator_py/visualization_msgs/msg/_interactive_marker_pose_s.c.o[0m
[103.219s] [ 91%] [32mBuilding C object CMakeFiles/visualization_msgs__python.dir/rosidl_generator_py/visualization_msgs/msg/_interactive_marker_init_s.c.o[0m
[103.364s] [ 92%] [32mBuilding C object CMakeFiles/visualization_msgs__python.dir/rosidl_generator_py/visualization_msgs/msg/_interactive_marker_feedback_s.c.o[0m
[103.504s] [ 93%] [32mBuilding C object CMakeFiles/visualization_msgs__python.dir/rosidl_generator_py/visualization_msgs/msg/_interactive_marker_control_s.c.o[0m
[103.678s] [ 94%] [32mBuilding C object CMakeFiles/visualization_msgs__python.dir/rosidl_generator_py/visualization_msgs/msg/_interactive_marker_s.c.o[0m
[103.832s] [ 95%] [32m[1mLinking C shared library rosidl_generator_py/visualization_msgs/libvisualization_msgs__python.so[0m
[103.919s] [ 95%] Built target visualization_msgs__python
[103.944s] [35m[1mScanning dependencies of target visualization_msgs__rosidl_typesupport_c__pyext[0m
[103.999s] [ 95%] [32mBuilding C object CMakeFiles/visualization_msgs__rosidl_typesupport_c__pyext.dir/rosidl_generator_py/visualization_msgs/_visualization_msgs_s.ep.rosidl_typesupport_c.c.o[0m
[104.193s] [ 96%] [32m[1mLinking C shared library rosidl_generator_py/visualization_msgs/visualization_msgs_s__rosidl_typesupport_c.cpython-36m-x86_64-linux-gnu.so[0m
[104.308s] [ 96%] Built target visualization_msgs__rosidl_typesupport_c__pyext
[104.327s] [35m[1mScanning dependencies of target visualization_msgs__rosidl_typesupport_fastrtps_c__pyext[0m
[104.370s] [ 97%] [32mBuilding C object CMakeFiles/visualization_msgs__rosidl_typesupport_fastrtps_c__pyext.dir/rosidl_generator_py/visualization_msgs/_visualization_msgs_s.ep.rosidl_typesupport_fastrtps_c.c.o[0m
[104.580s] [ 98%] [32m[1mLinking CXX shared library rosidl_generator_py/visualization_msgs/visualization_msgs_s__rosidl_typesupport_fastrtps_c.cpython-36m-x86_64-linux-gnu.so[0m
[104.710s] [ 98%] Built target visualization_msgs__rosidl_typesupport_fastrtps_c__pyext
[104.729s] [35m[1mScanning dependencies of target visualization_msgs__rosidl_typesupport_introspection_c__pyext[0m
[104.774s] [ 99%] [32mBuilding C object CMakeFiles/visualization_msgs__rosidl_typesupport_introspection_c__pyext.dir/rosidl_generator_py/visualization_msgs/_visualization_msgs_s.ep.rosidl_typesupport_introspection_c.c.o[0m
[104.999s] [100%] [32m[1mLinking C shared library rosidl_generator_py/visualization_msgs/visualization_msgs_s__rosidl_typesupport_introspection_c.cpython-36m-x86_64-linux-gnu.so[0m
[105.112s] [100%] Built target visualization_msgs__rosidl_typesupport_introspection_c__pyext
[105.529s] [  0%] Built target visualization_msgs__cpp
[105.592s] [ 12%] Built target visualization_msgs__rosidl_generator_c
[105.653s] [ 24%] Built target visualization_msgs__rosidl_typesupport_introspection_cpp
[105.718s] [ 36%] Built target visualization_msgs__rosidl_typesupport_introspection_c
[105.774s] [ 48%] Built target visualization_msgs__rosidl_typesupport_c
[105.840s] [ 60%] Built target visualization_msgs__rosidl_typesupport_cpp
[105.905s] [ 71%] Built target visualization_msgs__rosidl_typesupport_fastrtps_cpp
[105.979s] [ 83%] Built target visualization_msgs__rosidl_typesupport_fastrtps_c
[106.021s] [ 83%] Built target visualization_msgs
[106.073s] [ 84%] Built target visualization_msgs__py
[106.146s] [ 95%] Built target visualization_msgs__python
[106.197s] [ 96%] Built target visualization_msgs__rosidl_typesupport_c__pyext
[106.250s] [ 98%] Built target visualization_msgs__rosidl_typesupport_fastrtps_c__pyext
[106.304s] [100%] Built target visualization_msgs__rosidl_typesupport_introspection_c__pyext
[106.347s] [36mInstall the project...[0m
[106.362s] -- Install configuration: ""
[106.363s] -- Installing: /opt/workspace/install/visualization_msgs/share/ament_index/resource_index/rosidl_interfaces/visualization_msgs
[106.363s] -- Installing: /opt/workspace/install/visualization_msgs/lib/libvisualization_msgs__rosidl_typesupport_cpp.so
[106.364s] -- Set runtime path of "/opt/workspace/install/visualization_msgs/lib/libvisualization_msgs__rosidl_typesupport_cpp.so" to ""
[106.364s] -- Installing: /opt/workspace/install/visualization_msgs/share/visualization_msgs/environment/library_path.sh
[106.364s] -- Installing: /opt/workspace/install/visualization_msgs/share/visualization_msgs/environment/library_path.dsv
[106.365s] -- Installing: /opt/workspace/install/visualization_msgs/lib/libvisualization_msgs__rosidl_typesupport_c.so
[106.365s] -- Set runtime path of "/opt/workspace/install/visualization_msgs/lib/libvisualization_msgs__rosidl_typesupport_c.so" to ""
[106.366s] -- Installing: /opt/workspace/install/visualization_msgs/include/visualization_msgs
[106.366s] -- Installing: /opt/workspace/install/visualization_msgs/include/visualization_msgs/msg
[106.366s] -- Installing: /opt/workspace/install/visualization_msgs/include/visualization_msgs/msg/menu_entry__type_support.cpp
[106.367s] -- Installing: /opt/workspace/install/visualization_msgs/include/visualization_msgs/msg/menu_entry__rosidl_typesupport_introspection_cpp.hpp
[106.367s] -- Installing: /opt/workspace/install/visualization_msgs/include/visualization_msgs/msg/image_marker__rosidl_typesupport_introspection_cpp.hpp
[106.367s] -- Installing: /opt/workspace/install/visualization_msgs/include/visualization_msgs/msg/marker__type_support.cpp
[106.368s] -- Installing: /opt/workspace/install/visualization_msgs/include/visualization_msgs/msg/interactive_marker_update__rosidl_typesupport_introspection_cpp.hpp
[106.368s] -- Installing: /opt/workspace/install/visualization_msgs/include/visualization_msgs/msg/image_marker__type_support.cpp
[106.368s] -- Installing: /opt/workspace/install/visualization_msgs/include/visualization_msgs/msg/interactive_marker__type_support.cpp
[106.368s] -- Installing: /opt/workspace/install/visualization_msgs/include/visualization_msgs/msg/interactive_marker_pose__type_support.cpp
[106.369s] -- Installing: /opt/workspace/install/visualization_msgs/include/visualization_msgs/msg/marker__rosidl_typesupport_introspection_cpp.hpp
[106.369s] -- Installing: /opt/workspace/install/visualization_msgs/include/visualization_msgs/msg/marker_array__type_support.cpp
[106.369s] -- Installing: /opt/workspace/install/visualization_msgs/include/visualization_msgs/msg/interactive_marker_control__rosidl_typesupport_introspection_cpp.hpp
[106.369s] -- Installing: /opt/workspace/install/visualization_msgs/include/visualization_msgs/msg/interactive_marker_feedback__type_support.cpp
[106.369s] -- Installing: /opt/workspace/install/visualization_msgs/include/visualization_msgs/msg/interactive_marker_init__rosidl_typesupport_introspection_cpp.hpp
[106.370s] -- Installing: /opt/workspace/install/visualization_msgs/include/visualization_msgs/msg/interactive_marker__rosidl_typesupport_introspection_cpp.hpp
[106.370s] -- Installing: /opt/workspace/install/visualization_msgs/include/visualization_msgs/msg/marker_array__rosidl_typesupport_introspection_cpp.hpp
[106.370s] -- Installing: /opt/workspace/install/visualization_msgs/include/visualization_msgs/msg/interactive_marker_feedback__rosidl_typesupport_introspection_cpp.hpp
[106.371s] -- Installing: /opt/workspace/install/visualization_msgs/include/visualization_msgs/msg/interactive_marker_control__type_support.cpp
[106.371s] -- Installing: /opt/workspace/install/visualization_msgs/include/visualization_msgs/msg/interactive_marker_init__type_support.cpp
[106.371s] -- Installing: /opt/workspace/install/visualization_msgs/include/visualization_msgs/msg/interactive_marker_pose__rosidl_typesupport_introspection_cpp.hpp
[106.372s] -- Installing: /opt/workspace/install/visualization_msgs/include/visualization_msgs/msg/interactive_marker_update__type_support.cpp
[106.372s] -- Installing: /opt/workspace/install/visualization_msgs/include/visualization_msgs/srv
[106.372s] -- Installing: /opt/workspace/install/visualization_msgs/include/visualization_msgs/srv/get_interactive_markers__rosidl_typesupport_introspection_cpp.hpp
[106.373s] -- Installing: /opt/workspace/install/visualization_msgs/include/visualization_msgs/srv/get_interactive_markers__type_support.cpp
[106.373s] -- Installing: /opt/workspace/install/visualization_msgs/lib/libvisualization_msgs__rosidl_typesupport_introspection_cpp.so
[106.373s] -- Set runtime path of "/opt/workspace/install/visualization_msgs/lib/libvisualization_msgs__rosidl_typesupport_introspection_cpp.so" to ""
[106.374s] -- Up-to-date: /opt/workspace/install/visualization_msgs/include/visualization_msgs
[106.374s] -- Up-to-date: /opt/workspace/install/visualization_msgs/include/visualization_msgs/msg
[106.374s] -- Installing: /opt/workspace/install/visualization_msgs/include/visualization_msgs/msg/menu_entry__functions.c
[106.375s] -- Installing: /opt/workspace/install/visualization_msgs/include/visualization_msgs/msg/menu_entry__functions.h
[106.375s] -- Installing: /opt/workspace/install/visualization_msgs/include/visualization_msgs/msg/interactive_marker_update__functions.c
[106.375s] -- Installing: /opt/workspace/install/visualization_msgs/include/visualization_msgs/msg/interactive_marker_pose__functions.c
[106.375s] -- Installing: /opt/workspace/install/visualization_msgs/include/visualization_msgs/msg/marker_array__type_support.h
[106.376s] -- Installing: /opt/workspace/install/visualization_msgs/include/visualization_msgs/msg/interactive_marker_feedback__functions.c
[106.376s] -- Installing: /opt/workspace/install/visualization_msgs/include/visualization_msgs/msg/marker__functions.c
[106.376s] -- Installing: /opt/workspace/install/visualization_msgs/include/visualization_msgs/msg/interactive_marker_control__functions.c
[106.377s] -- Installing: /opt/workspace/install/visualization_msgs/include/visualization_msgs/msg/interactive_marker__struct.h
[106.377s] -- Installing: /opt/workspace/install/visualization_msgs/include/visualization_msgs/msg/menu_entry__struct.h
[106.377s] -- Installing: /opt/workspace/install/visualization_msgs/include/visualization_msgs/msg/marker_array__functions.h
[106.377s] -- Installing: /opt/workspace/install/visualization_msgs/include/visualization_msgs/msg/interactive_marker_update__type_support.h
[106.378s] -- Installing: /opt/workspace/install/visualization_msgs/include/visualization_msgs/msg/image_marker__type_support.h
[106.378s] -- Installing: /opt/workspace/install/visualization_msgs/include/visualization_msgs/msg/interactive_marker__type_support.h
[106.378s] -- Installing: /opt/workspace/install/visualization_msgs/include/visualization_msgs/msg/image_marker__struct.h
[106.378s] -- Installing: /opt/workspace/install/visualization_msgs/include/visualization_msgs/msg/interactive_marker_feedback__type_support.h
[106.379s] -- Installing: /opt/workspace/install/visualization_msgs/include/visualization_msgs/msg/marker_array__struct.h
[106.379s] -- Installing: /opt/workspace/install/visualization_msgs/include/visualization_msgs/msg/interactive_marker_update.h
[106.379s] -- Installing: /opt/workspace/install/visualization_msgs/include/visualization_msgs/msg/interactive_marker_control__functions.h
[106.379s] -- Installing: /opt/workspace/install/visualization_msgs/include/visualization_msgs/msg/marker__functions.h
[106.380s] -- Installing: /opt/workspace/install/visualization_msgs/include/visualization_msgs/msg/interactive_marker_pose__type_support.h
[106.380s] -- Installing: /opt/workspace/install/visualization_msgs/include/visualization_msgs/msg/interactive_marker__functions.h
[106.380s] -- Installing: /opt/workspace/install/visualization_msgs/include/visualization_msgs/msg/interactive_marker_pose.h
[106.380s] -- Installing: /opt/workspace/install/visualization_msgs/include/visualization_msgs/msg/interactive_marker_init__functions.h
[106.381s] -- Installing: /opt/workspace/install/visualization_msgs/include/visualization_msgs/msg/interactive_marker_feedback.h
[106.381s] -- Installing: /opt/workspace/install/visualization_msgs/include/visualization_msgs/msg/image_marker.h
[106.381s] -- Installing: /opt/workspace/install/visualization_msgs/include/visualization_msgs/msg/marker.h
[106.382s] -- Installing: /opt/workspace/install/visualization_msgs/include/visualization_msgs/msg/interactive_marker.h
[106.382s] -- Installing: /opt/workspace/install/visualization_msgs/include/visualization_msgs/msg/marker_array__functions.c
[106.382s] -- Installing: /opt/workspace/install/visualization_msgs/include/visualization_msgs/msg/interactive_marker_pose__functions.h
[106.382s] -- Installing: /opt/workspace/install/visualization_msgs/include/visualization_msgs/msg/interactive_marker_init__functions.c
[106.383s] -- Installing: /opt/workspace/install/visualization_msgs/include/visualization_msgs/msg/menu_entry.h
[106.383s] -- Installing: /opt/workspace/install/visualization_msgs/include/visualization_msgs/msg/interactive_marker_init__type_support.h
[106.383s] -- Installing: /opt/workspace/install/visualization_msgs/include/visualization_msgs/msg/interactive_marker_control__type_support.h
[106.383s] -- Installing: /opt/workspace/install/visualization_msgs/include/visualization_msgs/msg/interactive_marker_pose__struct.h
[106.384s] -- Installing: /opt/workspace/install/visualization_msgs/include/visualization_msgs/msg/image_marker__functions.h
[106.384s] -- Installing: /opt/workspace/install/visualization_msgs/include/visualization_msgs/msg/interactive_marker_init__struct.h
[106.384s] -- Installing: /opt/workspace/install/visualization_msgs/include/visualization_msgs/msg/interactive_marker_update__struct.h
[106.384s] -- Installing: /opt/workspace/install/visualization_msgs/include/visualization_msgs/msg/marker__type_support.h
[106.385s] -- Installing: /opt/workspace/install/visualization_msgs/include/visualization_msgs/msg/image_marker__functions.c
[106.385s] -- Installing: /opt/workspace/install/visualization_msgs/include/visualization_msgs/msg/interactive_marker_control.h
[106.385s] -- Installing: /opt/workspace/install/visualization_msgs/include/visualization_msgs/msg/interactive_marker_update__functions.h
[106.386s] -- Installing: /opt/workspace/install/visualization_msgs/include/visualization_msgs/msg/interactive_marker_feedback__functions.h
[106.386s] -- Installing: /opt/workspace/install/visualization_msgs/include/visualization_msgs/msg/marker__struct.h
[106.386s] -- Installing: /opt/workspace/install/visualization_msgs/include/visualization_msgs/msg/menu_entry__type_support.h
[106.387s] -- Installing: /opt/workspace/install/visualization_msgs/include/visualization_msgs/msg/marker_array.h
[106.387s] -- Installing: /opt/workspace/install/visualization_msgs/include/visualization_msgs/msg/interactive_marker_init.h
[106.387s] -- Installing: /opt/workspace/install/visualization_msgs/include/visualization_msgs/msg/interactive_marker__functions.c
[106.387s] -- Installing: /opt/workspace/install/visualization_msgs/include/visualization_msgs/msg/interactive_marker_feedback__struct.h
[106.387s] -- Installing: /opt/workspace/install/visualization_msgs/include/visualization_msgs/msg/interactive_marker_control__struct.h
[106.388s] -- Installing: /opt/workspace/install/visualization_msgs/include/visualization_msgs/msg/rosidl_generator_c__visibility_control.h
[106.388s] -- Up-to-date: /opt/workspace/install/visualization_msgs/include/visualization_msgs/srv
[106.388s] -- Installing: /opt/workspace/install/visualization_msgs/include/visualization_msgs/srv/get_interactive_markers.h
[106.388s] -- Installing: /opt/workspace/install/visualization_msgs/include/visualization_msgs/srv/get_interactive_markers__type_support.h
[106.389s] -- Installing: /opt/workspace/install/visualization_msgs/include/visualization_msgs/srv/get_interactive_markers__functions.h
[106.389s] -- Installing: /opt/workspace/install/visualization_msgs/include/visualization_msgs/srv/get_interactive_markers__functions.c
[106.389s] -- Installing: /opt/workspace/install/visualization_msgs/include/visualization_msgs/srv/get_interactive_markers__struct.h
[106.389s] -- Installing: /opt/workspace/install/visualization_msgs/lib/libvisualization_msgs__rosidl_generator_c.so
[106.390s] -- Set runtime path of "/opt/workspace/install/visualization_msgs/lib/libvisualization_msgs__rosidl_generator_c.so" to ""
[106.390s] -- Up-to-date: /opt/workspace/install/visualization_msgs/include/visualization_msgs
[106.390s] -- Up-to-date: /opt/workspace/install/visualization_msgs/include/visualization_msgs/msg
[106.390s] -- Installing: /opt/workspace/install/visualization_msgs/include/visualization_msgs/msg/image_marker__struct.hpp
[106.390s] -- Installing: /opt/workspace/install/visualization_msgs/include/visualization_msgs/msg/interactive_marker_update__traits.hpp
[106.391s] -- Installing: /opt/workspace/install/visualization_msgs/include/visualization_msgs/msg/marker_array.hpp
[106.391s] -- Installing: /opt/workspace/install/visualization_msgs/include/visualization_msgs/msg/interactive_marker_update__struct.hpp
[106.391s] -- Installing: /opt/workspace/install/visualization_msgs/include/visualization_msgs/msg/image_marker.hpp
[106.391s] -- Installing: /opt/workspace/install/visualization_msgs/include/visualization_msgs/msg/interactive_marker_init.hpp
[106.391s] -- Installing: /opt/workspace/install/visualization_msgs/include/visualization_msgs/msg/interactive_marker_control.hpp
[106.392s] -- Installing: /opt/workspace/install/visualization_msgs/include/visualization_msgs/msg/interactive_marker_pose__struct.hpp
[106.392s] -- Installing: /opt/workspace/install/visualization_msgs/include/visualization_msgs/msg/interactive_marker_pose.hpp
[106.392s] -- Installing: /opt/workspace/install/visualization_msgs/include/visualization_msgs/msg/interactive_marker_init__struct.hpp
[106.392s] -- Installing: /opt/workspace/install/visualization_msgs/include/visualization_msgs/msg/menu_entry.hpp
[106.392s] -- Installing: /opt/workspace/install/visualization_msgs/include/visualization_msgs/msg/interactive_marker_init__traits.hpp
[106.393s] -- Installing: /opt/workspace/install/visualization_msgs/include/visualization_msgs/msg/interactive_marker__struct.hpp
[106.393s] -- Installing: /opt/workspace/install/visualization_msgs/include/visualization_msgs/msg/interactive_marker_feedback__traits.hpp
[106.393s] -- Installing: /opt/workspace/install/visualization_msgs/include/visualization_msgs/msg/interactive_marker.hpp
[106.393s] -- Installing: /opt/workspace/install/visualization_msgs/include/visualization_msgs/msg/image_marker__traits.hpp
[106.393s] -- Installing: /opt/workspace/install/visualization_msgs/include/visualization_msgs/msg/interactive_marker_feedback__struct.hpp
[106.393s] -- Installing: /opt/workspace/install/visualization_msgs/include/visualization_msgs/msg/interactive_marker_control__traits.hpp
[106.394s] -- Installing: /opt/workspace/install/visualization_msgs/include/visualization_msgs/msg/marker__struct.hpp
[106.394s] -- Installing: /opt/workspace/install/visualization_msgs/include/visualization_msgs/msg/marker_array__traits.hpp
[106.394s] -- Installing: /opt/workspace/install/visualization_msgs/include/visualization_msgs/msg/interactive_marker_update.hpp
[106.394s] -- Installing: /opt/workspace/install/visualization_msgs/include/visualization_msgs/msg/marker__traits.hpp
[106.394s] -- Installing: /opt/workspace/install/visualization_msgs/include/visualization_msgs/msg/interactive_marker_pose__traits.hpp
[106.395s] -- Installing: /opt/workspace/install/visualization_msgs/include/visualization_msgs/msg/marker.hpp
[106.395s] -- Installing: /opt/workspace/install/visualization_msgs/include/visualization_msgs/msg/menu_entry__traits.hpp
[106.395s] -- Installing: /opt/workspace/install/visualization_msgs/include/visualization_msgs/msg/interactive_marker_control__struct.hpp
[106.395s] -- Installing: /opt/workspace/install/visualization_msgs/include/visualization_msgs/msg/interactive_marker__traits.hpp
[106.395s] -- Installing: /opt/workspace/install/visualization_msgs/include/visualization_msgs/msg/menu_entry__struct.hpp
[106.395s] -- Installing: /opt/workspace/install/visualization_msgs/include/visualization_msgs/msg/marker_array__struct.hpp
[106.396s] -- Installing: /opt/workspace/install/visualization_msgs/include/visualization_msgs/msg/interactive_marker_feedback.hpp
[106.396s] -- Up-to-date: /opt/workspace/install/visualization_msgs/include/visualization_msgs/srv
[106.396s] -- Installing: /opt/workspace/install/visualization_msgs/include/visualization_msgs/srv/get_interactive_markers__struct.hpp
[106.396s] -- Installing: /opt/workspace/install/visualization_msgs/include/visualization_msgs/srv/get_interactive_markers.hpp
[106.396s] -- Installing: /opt/workspace/install/visualization_msgs/include/visualization_msgs/srv/get_interactive_markers__traits.hpp
[106.397s] -- Up-to-date: /opt/workspace/install/visualization_msgs/include/visualization_msgs
[106.397s] -- Up-to-date: /opt/workspace/install/visualization_msgs/include/visualization_msgs/msg
[106.397s] -- Installing: /opt/workspace/install/visualization_msgs/include/visualization_msgs/msg/image_marker__rosidl_typesupport_introspection_c.h
[106.397s] -- Installing: /opt/workspace/install/visualization_msgs/include/visualization_msgs/msg/rosidl_typesupport_introspection_c__visibility_control.h
[106.397s] -- Installing: /opt/workspace/install/visualization_msgs/include/visualization_msgs/msg/interactive_marker__type_support.c
[106.397s] -- Installing: /opt/workspace/install/visualization_msgs/include/visualization_msgs/msg/interactive_marker_update__rosidl_typesupport_introspection_c.h
[106.398s] -- Installing: /opt/workspace/install/visualization_msgs/include/visualization_msgs/msg/interactive_marker__rosidl_typesupport_introspection_c.h
[106.398s] -- Installing: /opt/workspace/install/visualization_msgs/include/visualization_msgs/msg/interactive_marker_control__type_support.c
[106.398s] -- Installing: /opt/workspace/install/visualization_msgs/include/visualization_msgs/msg/image_marker__type_support.c
[106.398s] -- Installing: /opt/workspace/install/visualization_msgs/include/visualization_msgs/msg/interactive_marker_init__type_support.c
[106.398s] -- Installing: /opt/workspace/install/visualization_msgs/include/visualization_msgs/msg/marker__type_support.c
[106.398s] -- Installing: /opt/workspace/install/visualization_msgs/include/visualization_msgs/msg/interactive_marker_init__rosidl_typesupport_introspection_c.h
[106.399s] -- Installing: /opt/workspace/install/visualization_msgs/include/visualization_msgs/msg/interactive_marker_control__rosidl_typesupport_introspection_c.h
[106.399s] -- Installing: /opt/workspace/install/visualization_msgs/include/visualization_msgs/msg/marker__rosidl_typesupport_introspection_c.h
[106.399s] -- Installing: /opt/workspace/install/visualization_msgs/include/visualization_msgs/msg/interactive_marker_pose__type_support.c
[106.399s] -- Installing: /opt/workspace/install/visualization_msgs/include/visualization_msgs/msg/interactive_marker_feedback__rosidl_typesupport_introspection_c.h
[106.399s] -- Installing: /opt/workspace/install/visualization_msgs/include/visualization_msgs/msg/interactive_marker_pose__rosidl_typesupport_introspection_c.h
[106.400s] -- Installing: /opt/workspace/install/visualization_msgs/include/visualization_msgs/msg/marker_array__type_support.c
[106.400s] -- Installing: /opt/workspace/install/visualization_msgs/include/visualization_msgs/msg/menu_entry__rosidl_typesupport_introspection_c.h
[106.400s] -- Installing: /opt/workspace/install/visualization_msgs/include/visualization_msgs/msg/interactive_marker_feedback__type_support.c
[106.400s] -- Installing: /opt/workspace/install/visualization_msgs/include/visualization_msgs/msg/menu_entry__type_support.c
[106.400s] -- Installing: /opt/workspace/install/visualization_msgs/include/visualization_msgs/msg/interactive_marker_update__type_support.c
[106.400s] -- Installing: /opt/workspace/install/visualization_msgs/include/visualization_msgs/msg/marker_array__rosidl_typesupport_introspection_c.h
[106.401s] -- Up-to-date: /opt/workspace/install/visualization_msgs/include/visualization_msgs/srv
[106.401s] -- Installing: /opt/workspace/install/visualization_msgs/include/visualization_msgs/srv/get_interactive_markers__rosidl_typesupport_introspection_c.h
[106.401s] -- Installing: /opt/workspace/install/visualization_msgs/include/visualization_msgs/srv/get_interactive_markers__type_support.c
[106.401s] -- Installing: /opt/workspace/install/visualization_msgs/lib/libvisualization_msgs__rosidl_typesupport_introspection_c.so
[106.401s] -- Set runtime path of "/opt/workspace/install/visualization_msgs/lib/libvisualization_msgs__rosidl_typesupport_introspection_c.so" to ""
[106.402s] -- Up-to-date: /opt/workspace/install/visualization_msgs/include/visualization_msgs
[106.402s] -- Up-to-date: /opt/workspace/install/visualization_msgs/include/visualization_msgs/msg
[106.402s] -- Installing: /opt/workspace/install/visualization_msgs/include/visualization_msgs/msg/interactive_marker__rosidl_typesupport_fastrtps_c.h
[106.402s] -- Installing: /opt/workspace/install/visualization_msgs/include/visualization_msgs/msg/marker__rosidl_typesupport_fastrtps_c.h
[106.402s] -- Installing: /opt/workspace/install/visualization_msgs/include/visualization_msgs/msg/interactive_marker_init__rosidl_typesupport_fastrtps_c.h
[106.402s] -- Installing: /opt/workspace/install/visualization_msgs/include/visualization_msgs/msg/interactive_marker_control__rosidl_typesupport_fastrtps_c.h
[106.403s] -- Installing: /opt/workspace/install/visualization_msgs/include/visualization_msgs/msg/interactive_marker_update__rosidl_typesupport_fastrtps_c.h
[106.403s] -- Installing: /opt/workspace/install/visualization_msgs/include/visualization_msgs/msg/marker_array__rosidl_typesupport_fastrtps_c.h
[106.403s] -- Installing: /opt/workspace/install/visualization_msgs/include/visualization_msgs/msg/menu_entry__rosidl_typesupport_fastrtps_c.h
[106.403s] -- Installing: /opt/workspace/install/visualization_msgs/include/visualization_msgs/msg/rosidl_typesupport_fastrtps_c__visibility_control.h
[106.403s] -- Installing: /opt/workspace/install/visualization_msgs/include/visualization_msgs/msg/image_marker__rosidl_typesupport_fastrtps_c.h
[106.403s] -- Installing: /opt/workspace/install/visualization_msgs/include/visualization_msgs/msg/interactive_marker_feedback__rosidl_typesupport_fastrtps_c.h
[106.404s] -- Installing: /opt/workspace/install/visualization_msgs/include/visualization_msgs/msg/interactive_marker_pose__rosidl_typesupport_fastrtps_c.h
[106.404s] -- Up-to-date: /opt/workspace/install/visualization_msgs/include/visualization_msgs/srv
[106.404s] -- Installing: /opt/workspace/install/visualization_msgs/include/visualization_msgs/srv/get_interactive_markers__rosidl_typesupport_fastrtps_c.h
[106.404s] -- Installing: /opt/workspace/install/visualization_msgs/lib/libvisualization_msgs__rosidl_typesupport_fastrtps_c.so
[106.404s] -- Set runtime path of "/opt/workspace/install/visualization_msgs/lib/libvisualization_msgs__rosidl_typesupport_fastrtps_c.so" to ""
[106.405s] -- Up-to-date: /opt/workspace/install/visualization_msgs/include/visualization_msgs
[106.405s] -- Up-to-date: /opt/workspace/install/visualization_msgs/include/visualization_msgs/msg
[106.405s] -- Installing: /opt/workspace/install/visualization_msgs/include/visualization_msgs/msg/menu_entry__rosidl_typesupport_fastrtps_cpp.hpp
[106.405s] -- Installing: /opt/workspace/install/visualization_msgs/include/visualization_msgs/msg/interactive_marker_update__rosidl_typesupport_fastrtps_cpp.hpp
[106.405s] -- Installing: /opt/workspace/install/visualization_msgs/include/visualization_msgs/msg/marker__rosidl_typesupport_fastrtps_cpp.hpp
[106.405s] -- Installing: /opt/workspace/install/visualization_msgs/include/visualization_msgs/msg/interactive_marker__rosidl_typesupport_fastrtps_cpp.hpp
[106.406s] -- Installing: /opt/workspace/install/visualization_msgs/include/visualization_msgs/msg/marker_array__rosidl_typesupport_fastrtps_cpp.hpp
[106.406s] -- Installing: /opt/workspace/install/visualization_msgs/include/visualization_msgs/msg/interactive_marker_pose__rosidl_typesupport_fastrtps_cpp.hpp
[106.406s] -- Installing: /opt/workspace/install/visualization_msgs/include/visualization_msgs/msg/rosidl_typesupport_fastrtps_cpp__visibility_control.h
[106.406s] -- Installing: /opt/workspace/install/visualization_msgs/include/visualization_msgs/msg/interactive_marker_feedback__rosidl_typesupport_fastrtps_cpp.hpp
[106.406s] -- Installing: /opt/workspace/install/visualization_msgs/include/visualization_msgs/msg/interactive_marker_control__rosidl_typesupport_fastrtps_cpp.hpp
[106.407s] -- Installing: /opt/workspace/install/visualization_msgs/include/visualization_msgs/msg/image_marker__rosidl_typesupport_fastrtps_cpp.hpp
[106.407s] -- Installing: /opt/workspace/install/visualization_msgs/include/visualization_msgs/msg/dds_fastrtps
[106.407s] -- Installing: /opt/workspace/install/visualization_msgs/include/visualization_msgs/msg/interactive_marker_init__rosidl_typesupport_fastrtps_cpp.hpp
[106.407s] -- Up-to-date: /opt/workspace/install/visualization_msgs/include/visualization_msgs/srv
[106.407s] -- Installing: /opt/workspace/install/visualization_msgs/include/visualization_msgs/srv/get_interactive_markers__rosidl_typesupport_fastrtps_cpp.hpp
[106.407s] -- Installing: /opt/workspace/install/visualization_msgs/include/visualization_msgs/srv/dds_fastrtps
[106.408s] -- Installing: /opt/workspace/install/visualization_msgs/lib/libvisualization_msgs__rosidl_typesupport_fastrtps_cpp.so
[106.408s] -- Set runtime path of "/opt/workspace/install/visualization_msgs/lib/libvisualization_msgs__rosidl_typesupport_fastrtps_cpp.so" to ""
[106.408s] -- Installing: /opt/workspace/install/visualization_msgs/share/visualization_msgs/environment/pythonpath.sh
[106.408s] -- Installing: /opt/workspace/install/visualization_msgs/share/visualization_msgs/environment/pythonpath.dsv
[106.408s] -- Installing: /opt/workspace/install/visualization_msgs/lib/python3.6/site-packages/visualization_msgs/__init__.py
[106.474s] Compiling '/opt/workspace/install/visualization_msgs/lib/python3.6/site-packages/visualization_msgs/__init__.py'...
[106.480s] -- Installing: /opt/workspace/install/visualization_msgs/lib/python3.6/site-packages/visualization_msgs/msg
[106.480s] -- Installing: /opt/workspace/install/visualization_msgs/lib/python3.6/site-packages/visualization_msgs/msg/_marker_array_s.c
[106.480s] -- Installing: /opt/workspace/install/visualization_msgs/lib/python3.6/site-packages/visualization_msgs/msg/_menu_entry.py
[106.481s] -- Installing: /opt/workspace/install/visualization_msgs/lib/python3.6/site-packages/visualization_msgs/msg/__init__.py
[106.481s] -- Installing: /opt/workspace/install/visualization_msgs/lib/python3.6/site-packages/visualization_msgs/msg/_interactive_marker_pose_s.c
[106.481s] -- Installing: /opt/workspace/install/visualization_msgs/lib/python3.6/site-packages/visualization_msgs/msg/_interactive_marker.py
[106.482s] -- Installing: /opt/workspace/install/visualization_msgs/lib/python3.6/site-packages/visualization_msgs/msg/_interactive_marker_update_s.c
[106.482s] -- Installing: /opt/workspace/install/visualization_msgs/lib/python3.6/site-packages/visualization_msgs/msg/_interactive_marker_s.c
[106.482s] -- Installing: /opt/workspace/install/visualization_msgs/lib/python3.6/site-packages/visualization_msgs/msg/_marker.py
[106.483s] -- Installing: /opt/workspace/install/visualization_msgs/lib/python3.6/site-packages/visualization_msgs/msg/_interactive_marker_feedback_s.c
[106.483s] -- Installing: /opt/workspace/install/visualization_msgs/lib/python3.6/site-packages/visualization_msgs/msg/_interactive_marker_update.py
[106.483s] -- Installing: /opt/workspace/install/visualization_msgs/lib/python3.6/site-packages/visualization_msgs/msg/_image_marker_s.c
[106.483s] -- Installing: /opt/workspace/install/visualization_msgs/lib/python3.6/site-packages/visualization_msgs/msg/_interactive_marker_init.py
[106.484s] -- Installing: /opt/workspace/install/visualization_msgs/lib/python3.6/site-packages/visualization_msgs/msg/_interactive_marker_init_s.c
[106.484s] -- Installing: /opt/workspace/install/visualization_msgs/lib/python3.6/site-packages/visualization_msgs/msg/_image_marker.py
[106.484s] -- Installing: /opt/workspace/install/visualization_msgs/lib/python3.6/site-packages/visualization_msgs/msg/_interactive_marker_control_s.c
[106.484s] -- Installing: /opt/workspace/install/visualization_msgs/lib/python3.6/site-packages/visualization_msgs/msg/_marker_array.py
[106.484s] -- Installing: /opt/workspace/install/visualization_msgs/lib/python3.6/site-packages/visualization_msgs/msg/_interactive_marker_feedback.py
[106.485s] -- Installing: /opt/workspace/install/visualization_msgs/lib/python3.6/site-packages/visualization_msgs/msg/_marker_s.c
[106.485s] -- Installing: /opt/workspace/install/visualization_msgs/lib/python3.6/site-packages/visualization_msgs/msg/_menu_entry_s.c
[106.485s] -- Installing: /opt/workspace/install/visualization_msgs/lib/python3.6/site-packages/visualization_msgs/msg/_interactive_marker_control.py
[106.485s] -- Installing: /opt/workspace/install/visualization_msgs/lib/python3.6/site-packages/visualization_msgs/msg/_interactive_marker_pose.py
[106.485s] -- Installing: /opt/workspace/install/visualization_msgs/lib/python3.6/site-packages/visualization_msgs/srv
[106.486s] -- Installing: /opt/workspace/install/visualization_msgs/lib/python3.6/site-packages/visualization_msgs/srv/_get_interactive_markers.py
[106.486s] -- Installing: /opt/workspace/install/visualization_msgs/lib/python3.6/site-packages/visualization_msgs/srv/__init__.py
[106.486s] -- Installing: /opt/workspace/install/visualization_msgs/lib/python3.6/site-packages/visualization_msgs/srv/_get_interactive_markers_s.c
[106.486s] -- Installing: /opt/workspace/install/visualization_msgs/lib/python3.6/site-packages/visualization_msgs/visualization_msgs_s__rosidl_typesupport_c.cpython-36m-x86_64-linux-gnu.so
[106.487s] -- Set runtime path of "/opt/workspace/install/visualization_msgs/lib/python3.6/site-packages/visualization_msgs/visualization_msgs_s__rosidl_typesupport_c.cpython-36m-x86_64-linux-gnu.so" to ""
[106.487s] -- Installing: /opt/workspace/install/visualization_msgs/lib/python3.6/site-packages/visualization_msgs/visualization_msgs_s__rosidl_typesupport_introspection_c.cpython-36m-x86_64-linux-gnu.so
[106.487s] -- Set runtime path of "/opt/workspace/install/visualization_msgs/lib/python3.6/site-packages/visualization_msgs/visualization_msgs_s__rosidl_typesupport_introspection_c.cpython-36m-x86_64-linux-gnu.so" to ""
[106.487s] -- Installing: /opt/workspace/install/visualization_msgs/lib/python3.6/site-packages/visualization_msgs/visualization_msgs_s__rosidl_typesupport_fastrtps_c.cpython-36m-x86_64-linux-gnu.so
[106.488s] -- Set runtime path of "/opt/workspace/install/visualization_msgs/lib/python3.6/site-packages/visualization_msgs/visualization_msgs_s__rosidl_typesupport_fastrtps_c.cpython-36m-x86_64-linux-gnu.so" to ""
[106.489s] -- Installing: /opt/workspace/install/visualization_msgs/lib/libvisualization_msgs__python.so
[106.489s] -- Set runtime path of "/opt/workspace/install/visualization_msgs/lib/libvisualization_msgs__python.so" to ""
[106.491s] -- Installing: /opt/workspace/install/visualization_msgs/share/visualization_msgs/msg/ImageMarker.idl
[106.492s] -- Installing: /opt/workspace/install/visualization_msgs/share/visualization_msgs/msg/InteractiveMarker.idl
[106.492s] -- Installing: /opt/workspace/install/visualization_msgs/share/visualization_msgs/msg/InteractiveMarkerControl.idl
[106.494s] -- Installing: /opt/workspace/install/visualization_msgs/share/visualization_msgs/msg/InteractiveMarkerFeedback.idl
[106.495s] -- Installing: /opt/workspace/install/visualization_msgs/share/visualization_msgs/msg/InteractiveMarkerInit.idl
[106.495s] -- Installing: /opt/workspace/install/visualization_msgs/share/visualization_msgs/msg/InteractiveMarkerPose.idl
[106.495s] -- Installing: /opt/workspace/install/visualization_msgs/share/visualization_msgs/msg/InteractiveMarkerUpdate.idl
[106.495s] -- Installing: /opt/workspace/install/visualization_msgs/share/visualization_msgs/msg/Marker.idl
[106.496s] -- Installing: /opt/workspace/install/visualization_msgs/share/visualization_msgs/msg/MarkerArray.idl
[106.496s] -- Installing: /opt/workspace/install/visualization_msgs/share/visualization_msgs/msg/MenuEntry.idl
[106.496s] -- Installing: /opt/workspace/install/visualization_msgs/share/visualization_msgs/srv/GetInteractiveMarkers.idl
[106.496s] -- Installing: /opt/workspace/install/visualization_msgs/share/visualization_msgs/msg/ImageMarker.msg
[106.497s] -- Installing: /opt/workspace/install/visualization_msgs/share/visualization_msgs/msg/InteractiveMarker.msg
[106.497s] -- Installing: /opt/workspace/install/visualization_msgs/share/visualization_msgs/msg/InteractiveMarkerControl.msg
[106.497s] -- Installing: /opt/workspace/install/visualization_msgs/share/visualization_msgs/msg/InteractiveMarkerFeedback.msg
[106.497s] -- Installing: /opt/workspace/install/visualization_msgs/share/visualization_msgs/msg/InteractiveMarkerInit.msg
[106.498s] -- Installing: /opt/workspace/install/visualization_msgs/share/visualization_msgs/msg/InteractiveMarkerPose.msg
[106.498s] -- Installing: /opt/workspace/install/visualization_msgs/share/visualization_msgs/msg/InteractiveMarkerUpdate.msg
[106.498s] -- Installing: /opt/workspace/install/visualization_msgs/share/visualization_msgs/msg/Marker.msg
[106.499s] -- Installing: /opt/workspace/install/visualization_msgs/share/visualization_msgs/msg/MarkerArray.msg
[106.499s] -- Installing: /opt/workspace/install/visualization_msgs/share/visualization_msgs/msg/MenuEntry.msg
[106.499s] -- Installing: /opt/workspace/install/visualization_msgs/share/visualization_msgs/srv/GetInteractiveMarkers.srv
[106.499s] -- Installing: /opt/workspace/install/visualization_msgs/share/visualization_msgs/srv/GetInteractiveMarkers_Request.msg
[106.500s] -- Installing: /opt/workspace/install/visualization_msgs/share/visualization_msgs/srv/GetInteractiveMarkers_Response.msg
[106.500s] -- Installing: /opt/workspace/install/visualization_msgs/share/ament_index/resource_index/package_run_dependencies/visualization_msgs
[106.500s] -- Installing: /opt/workspace/install/visualization_msgs/share/ament_index/resource_index/parent_prefix_path/visualization_msgs
[106.501s] -- Installing: /opt/workspace/install/visualization_msgs/share/visualization_msgs/environment/ament_prefix_path.sh
[106.501s] -- Installing: /opt/workspace/install/visualization_msgs/share/visualization_msgs/environment/ament_prefix_path.dsv
[106.501s] -- Installing: /opt/workspace/install/visualization_msgs/share/visualization_msgs/environment/path.sh
[106.501s] -- Installing: /opt/workspace/install/visualization_msgs/share/visualization_msgs/environment/path.dsv
[106.502s] -- Installing: /opt/workspace/install/visualization_msgs/share/visualization_msgs/local_setup.bash
[106.502s] -- Installing: /opt/workspace/install/visualization_msgs/share/visualization_msgs/local_setup.sh
[106.502s] -- Installing: /opt/workspace/install/visualization_msgs/share/visualization_msgs/local_setup.zsh
[106.502s] -- Installing: /opt/workspace/install/visualization_msgs/share/visualization_msgs/local_setup.dsv
[106.502s] -- Installing: /opt/workspace/install/visualization_msgs/share/visualization_msgs/package.dsv
[106.503s] -- Installing: /opt/workspace/install/visualization_msgs/share/ament_index/resource_index/packages/visualization_msgs
[106.503s] -- Installing: /opt/workspace/install/visualization_msgs/share/visualization_msgs/cmake/rosidl_cmake-extras.cmake
[106.503s] -- Installing: /opt/workspace/install/visualization_msgs/share/visualization_msgs/cmake/ament_cmake_export_dependencies-extras.cmake
[106.503s] -- Installing: /opt/workspace/install/visualization_msgs/share/visualization_msgs/cmake/ament_cmake_export_libraries-extras.cmake
[106.503s] -- Installing: /opt/workspace/install/visualization_msgs/share/visualization_msgs/cmake/ament_cmake_export_include_directories-extras.cmake
[106.503s] -- Installing: /opt/workspace/install/visualization_msgs/share/visualization_msgs/cmake/visualization_msgsConfig.cmake
[106.503s] -- Installing: /opt/workspace/install/visualization_msgs/share/visualization_msgs/cmake/visualization_msgsConfig-version.cmake
[106.504s] -- Installing: /opt/workspace/install/visualization_msgs/share/visualization_msgs/package.xml
