[0.827s] [36mInstall the project...[0m
[0.842s] -- Install configuration: ""
[0.842s] -- Up-to-date: /opt/workspace/install/rmw_implementation_cmake/share/ament_index/resource_index/package_run_dependencies/rmw_implementation_cmake
[0.844s] -- Up-to-date: /opt/workspace/install/rmw_implementation_cmake/share/ament_index/resource_index/parent_prefix_path/rmw_implementation_cmake
[0.844s] -- Up-to-date: /opt/workspace/install/rmw_implementation_cmake/share/rmw_implementation_cmake/environment/ament_prefix_path.sh
[0.845s] -- Up-to-date: /opt/workspace/install/rmw_implementation_cmake/share/rmw_implementation_cmake/environment/ament_prefix_path.dsv
[0.845s] -- Up-to-date: /opt/workspace/install/rmw_implementation_cmake/share/rmw_implementation_cmake/environment/path.sh
[0.845s] -- Up-to-date: /opt/workspace/install/rmw_implementation_cmake/share/rmw_implementation_cmake/environment/path.dsv
[0.845s] -- Up-to-date: /opt/workspace/install/rmw_implementation_cmake/share/rmw_implementation_cmake/local_setup.bash
[0.849s] -- Up-to-date: /opt/workspace/install/rmw_implementation_cmake/share/rmw_implementation_cmake/local_setup.sh
[0.849s] -- Up-to-date: /opt/workspace/install/rmw_implementation_cmake/share/rmw_implementation_cmake/local_setup.zsh
[0.849s] -- Up-to-date: /opt/workspace/install/rmw_implementation_cmake/share/rmw_implementation_cmake/local_setup.dsv
[0.850s] -- Up-to-date: /opt/workspace/install/rmw_implementation_cmake/share/rmw_implementation_cmake/package.dsv
[0.850s] -- Up-to-date: /opt/workspace/install/rmw_implementation_cmake/share/ament_index/resource_index/packages/rmw_implementation_cmake
[0.851s] -- Up-to-date: /opt/workspace/install/rmw_implementation_cmake/share/rmw_implementation_cmake/cmake/rmw_implementation_cmake-extras.cmake
[0.851s] -- Up-to-date: /opt/workspace/install/rmw_implementation_cmake/share/rmw_implementation_cmake/cmake/ament_cmake_export_dependencies-extras.cmake
[0.851s] -- Up-to-date: /opt/workspace/install/rmw_implementation_cmake/share/rmw_implementation_cmake/cmake/rmw_implementation_cmakeConfig.cmake
[0.851s] -- Up-to-date: /opt/workspace/install/rmw_implementation_cmake/share/rmw_implementation_cmake/cmake/rmw_implementation_cmakeConfig-version.cmake
[0.852s] -- Up-to-date: /opt/workspace/install/rmw_implementation_cmake/share/rmw_implementation_cmake/package.xml
[0.852s] -- Up-to-date: /opt/workspace/install/rmw_implementation_cmake/share/rmw_implementation_cmake/cmake
[0.852s] -- Up-to-date: /opt/workspace/install/rmw_implementation_cmake/share/rmw_implementation_cmake/cmake/get_available_rmw_implementations.cmake
[0.852s] -- Up-to-date: /opt/workspace/install/rmw_implementation_cmake/share/rmw_implementation_cmake/cmake/call_for_each_rmw_implementation.cmake
[0.852s] -- Up-to-date: /opt/workspace/install/rmw_implementation_cmake/share/rmw_implementation_cmake/cmake/get_default_rmw_implementation.cmake
