[0.618s] [  8%] Built target gtest_main
[0.651s] [ 28%] Built target class_loader
[0.660s] [ 36%] Built target gtest
[0.668s] [ 44%] Built target class_loader_Test_Fviz
[0.723s] [ 52%] Built target class_loader_TestPlugins2
[0.743s] [ 60%] Built target class_loader_TestPlugins1
[0.753s] [ 68%] Built target class_loader_Test_FvizDefaultPlugin
[0.764s] [ 76%] Built target class_loader_Test_Fviz_Main
[0.814s] [ 84%] Built target class_loader_utest
[0.845s] [ 92%] Built target class_loader_unique_ptr_test
[0.863s] [100%] Built target class_loader_fviz_test
[1.331s] [  8%] Built target gtest_main
[1.338s] [ 28%] Built target class_loader
[1.346s] [ 36%] Built target class_loader_Test_Fviz
[1.349s] [ 44%] Built target gtest
[1.417s] [ 52%] Built target class_loader_TestPlugins1
[1.441s] [ 60%] Built target class_loader_Test_Fviz_Main
[1.442s] [ 68%] Built target class_loader_Test_FvizDefaultPlugin
[1.451s] [ 76%] Built target class_loader_TestPlugins2
[1.524s] [ 84%] Built target class_loader_fviz_test
[1.546s] [ 92%] Built target class_loader_utest
[1.555s] [100%] Built target class_loader_unique_ptr_test
[1.610s] [36mInstall the project...[0m
[1.623s] -- Install configuration: ""
[1.624s] -- Up-to-date: /opt/workspace/install/class_loader/share/class_loader/environment/library_path.sh
[1.625s] -- Up-to-date: /opt/workspace/install/class_loader/share/class_loader/environment/library_path.dsv
[1.627s] -- Up-to-date: /opt/workspace/install/class_loader/share/ament_index/resource_index/package_run_dependencies/class_loader
[1.627s] -- Up-to-date: /opt/workspace/install/class_loader/share/ament_index/resource_index/parent_prefix_path/class_loader
[1.628s] -- Up-to-date: /opt/workspace/install/class_loader/share/class_loader/environment/ament_prefix_path.sh
[1.628s] -- Up-to-date: /opt/workspace/install/class_loader/share/class_loader/environment/ament_prefix_path.dsv
[1.628s] -- Up-to-date: /opt/workspace/install/class_loader/share/class_loader/environment/path.sh
[1.629s] -- Up-to-date: /opt/workspace/install/class_loader/share/class_loader/environment/path.dsv
[1.629s] -- Up-to-date: /opt/workspace/install/class_loader/share/class_loader/local_setup.bash
[1.630s] -- Up-to-date: /opt/workspace/install/class_loader/share/class_loader/local_setup.sh
[1.630s] -- Up-to-date: /opt/workspace/install/class_loader/share/class_loader/local_setup.zsh
[1.630s] -- Up-to-date: /opt/workspace/install/class_loader/share/class_loader/local_setup.dsv
[1.630s] -- Installing: /opt/workspace/install/class_loader/share/class_loader/package.dsv
[1.631s] -- Up-to-date: /opt/workspace/install/class_loader/share/ament_index/resource_index/packages/class_loader
[1.632s] -- Up-to-date: /opt/workspace/install/class_loader/share/class_loader/cmake/class_loader-extras.cmake
[1.632s] -- Up-to-date: /opt/workspace/install/class_loader/share/class_loader/cmake/ament_cmake_export_dependencies-extras.cmake
[1.632s] -- Up-to-date: /opt/workspace/install/class_loader/share/class_loader/cmake/ament_cmake_export_include_directories-extras.cmake
[1.633s] -- Up-to-date: /opt/workspace/install/class_loader/share/class_loader/cmake/ament_cmake_export_libraries-extras.cmake
[1.633s] -- Up-to-date: /opt/workspace/install/class_loader/share/class_loader/cmake/class_loaderConfig.cmake
[1.635s] -- Up-to-date: /opt/workspace/install/class_loader/share/class_loader/cmake/class_loaderConfig-version.cmake
[1.638s] -- Up-to-date: /opt/workspace/install/class_loader/share/class_loader/package.xml
[1.638s] -- Up-to-date: /opt/workspace/install/class_loader/lib/libclass_loader.so
[1.638s] -- Up-to-date: /opt/workspace/install/class_loader/share/class_loader/cmake
[1.638s] -- Up-to-date: /opt/workspace/install/class_loader/share/class_loader/cmake/class_loader_hide_library_symbols.cmake
[1.639s] -- Up-to-date: /opt/workspace/install/class_loader/include/class_loader
[1.639s] -- Up-to-date: /opt/workspace/install/class_loader/include/class_loader/class_loader_core.hpp
[1.639s] -- Up-to-date: /opt/workspace/install/class_loader/include/class_loader/register_macro.hpp
[1.640s] -- Up-to-date: /opt/workspace/install/class_loader/include/class_loader/meta_object.hpp
[1.640s] -- Up-to-date: /opt/workspace/install/class_loader/include/class_loader/visibility_control.hpp
[1.640s] -- Up-to-date: /opt/workspace/install/class_loader/include/class_loader/class_loader.hpp
[1.640s] -- Up-to-date: /opt/workspace/install/class_loader/include/class_loader/multi_library_class_loader.hpp
[1.641s] -- Up-to-date: /opt/workspace/install/class_loader/include/class_loader/exceptions.hpp
