Determining if the pthread_create exist failed with the following output:
Change Dir: /opt/workspace/build/dummy_map_server/CMakeFiles/CMakeTmp

Run Build Command:"/usr/bin/make" "cmTC_9991e/fast"
/usr/bin/make -f CMakeFiles/cmTC_9991e.dir/build.make CMakeFiles/cmTC_9991e.dir/build
make[1]: Entering directory '/opt/workspace/build/dummy_map_server/CMakeFiles/CMakeTmp'
Building C object CMakeFiles/cmTC_9991e.dir/CheckSymbolExists.c.o
/usr/bin/cc    -o CMakeFiles/cmTC_9991e.dir/CheckSymbolExists.c.o   -c /opt/workspace/build/dummy_map_server/CMakeFiles/CMakeTmp/CheckSymbolExists.c
Linking C executable cmTC_9991e
/usr/bin/cmake -E cmake_link_script CMakeFiles/cmTC_9991e.dir/link.txt --verbose=1
/usr/bin/cc      CMakeFiles/cmTC_9991e.dir/CheckSymbolExists.c.o  -o cmTC_9991e 
CMakeFiles/cmTC_9991e.dir/CheckSymbolExists.c.o: In function `main':
CheckSymbolExists.c:(.text+0x1b): undefined reference to `pthread_create'
collect2: error: ld returned 1 exit status
CMakeFiles/cmTC_9991e.dir/build.make:97: recipe for target 'cmTC_9991e' failed
make[1]: *** [cmTC_9991e] Error 1
make[1]: Leaving directory '/opt/workspace/build/dummy_map_server/CMakeFiles/CMakeTmp'
Makefile:126: recipe for target 'cmTC_9991e/fast' failed
make: *** [cmTC_9991e/fast] Error 2

File /opt/workspace/build/dummy_map_server/CMakeFiles/CMakeTmp/CheckSymbolExists.c:
/* */
#include <pthread.h>

int main(int argc, char** argv)
{
  (void)argv;
#ifndef pthread_create
  return ((int*)(&pthread_create))[argc];
#else
  (void)argc;
  return 0;
#endif
}

Determining if the function pthread_create exists in the pthreads failed with the following output:
Change Dir: /opt/workspace/build/dummy_map_server/CMakeFiles/CMakeTmp

Run Build Command:"/usr/bin/make" "cmTC_22156/fast"
/usr/bin/make -f CMakeFiles/cmTC_22156.dir/build.make CMakeFiles/cmTC_22156.dir/build
make[1]: Entering directory '/opt/workspace/build/dummy_map_server/CMakeFiles/CMakeTmp'
Building C object CMakeFiles/cmTC_22156.dir/CheckFunctionExists.c.o
/usr/bin/cc   -DCHECK_FUNCTION_EXISTS=pthread_create   -o CMakeFiles/cmTC_22156.dir/CheckFunctionExists.c.o   -c /usr/share/cmake-3.10/Modules/CheckFunctionExists.c
Linking C executable cmTC_22156
/usr/bin/cmake -E cmake_link_script CMakeFiles/cmTC_22156.dir/link.txt --verbose=1
/usr/bin/cc  -DCHECK_FUNCTION_EXISTS=pthread_create    CMakeFiles/cmTC_22156.dir/CheckFunctionExists.c.o  -o cmTC_22156 -lpthreads 
/usr/bin/ld: cannot find -lpthreads
collect2: error: ld returned 1 exit status
CMakeFiles/cmTC_22156.dir/build.make:97: recipe for target 'cmTC_22156' failed
make[1]: *** [cmTC_22156] Error 1
make[1]: Leaving directory '/opt/workspace/build/dummy_map_server/CMakeFiles/CMakeTmp'
Makefile:126: recipe for target 'cmTC_22156/fast' failed
make: *** [cmTC_22156/fast] Error 2


