[0.134s] Invoking command in '/opt/workspace/build/rviz_rendering': AMENT_PREFIX_PATH=/opt/workspace/install/resource_retriever:/opt/workspace/install/ament_index_cpp:/opt/workspace/install/eigen3_cmake_module:/opt/workspace/install/ament_cmake_uncrustify:/opt/workspace/install/ament_cmake_cpplint:/opt/workspace/install/ament_cmake_cppcheck:/opt/workspace/install/ament_uncrustify:/opt/workspace/install/uncrustify_vendor:/opt/workspace/install/rviz_ogre_vendor:/opt/workspace/install/rviz_assimp_vendor:/opt/workspace/install/libcurl_vendor:/opt/workspace/install/ament_cmake_lint_cmake:/opt/workspace/install/ament_cmake_gmock:/opt/workspace/install/ament_lint_cmake:/opt/workspace/install/ament_cpplint:/opt/workspace/install/ament_cmake_gtest:/opt/workspace/install/ament_cmake:/opt/workspace/install/ament_cmake_test:/opt/workspace/install/ament_cmake_target_dependencies:/opt/workspace/install/ament_cmake_export_interfaces:/opt/workspace/install/ament_cmake_export_dependencies:/opt/workspace/install/ament_cmake_version:/opt/workspace/install/ament_cmake_python:/opt/workspace/install/ament_cmake_libraries:/opt/workspace/install/ament_cmake_include_directories:/opt/workspace/install/ament_cmake_export_link_flags:/opt/workspace/install/ament_cmake_export_libraries:/opt/workspace/install/ament_cmake_export_include_directories:/opt/workspace/install/ament_cmake_export_definitions:/opt/workspace/install/ament_cmake_core:/opt/workspace/install/ament_package:/opt/workspace/install/ament_cppcheck:${AMENT_PREFIX_PATH} CMAKE_PREFIX_PATH=/opt/workspace/install/resource_retriever:/opt/workspace/install/ament_index_cpp:/opt/workspace/install/eigen3_cmake_module:/opt/workspace/install/ament_cmake_uncrustify:/opt/workspace/install/ament_cmake_cpplint:/opt/workspace/install/ament_cmake_cppcheck:/opt/workspace/install/uncrustify_vendor:/opt/workspace/install/rviz_ogre_vendor:/opt/workspace/install/rviz_assimp_vendor:/opt/workspace/install/libcurl_vendor:/opt/workspace/install/ament_cmake_lint_cmake:/opt/workspace/install/ament_cmake_gmock:/opt/workspace/install/ament_cmake_gtest:/opt/workspace/install/ament_cmake:/opt/workspace/install/ament_cmake_test:/opt/workspace/install/ament_cmake_target_dependencies:/opt/workspace/install/ament_cmake_export_interfaces:/opt/workspace/install/ament_cmake_export_dependencies:/opt/workspace/install/ament_cmake_version:/opt/workspace/install/ament_cmake_python:/opt/workspace/install/ament_cmake_libraries:/opt/workspace/install/ament_cmake_include_directories:/opt/workspace/install/ament_cmake_export_link_flags:/opt/workspace/install/ament_cmake_export_libraries:/opt/workspace/install/ament_cmake_export_include_directories:/opt/workspace/install/ament_cmake_export_definitions:/opt/workspace/install/gmock_vendor:/opt/workspace/install/ament_cmake_core:/opt/workspace/install/gtest_vendor:/opt/ros/eloquent LD_LIBRARY_PATH=/opt/workspace/install/resource_retriever/lib:/opt/workspace/install/ament_index_cpp/lib:/opt/workspace/install/rviz_ogre_vendor/opt/rviz_ogre_vendor/lib:/opt/workspace/install/rviz_assimp_vendor/opt/rviz_assimp_vendor/lib:/opt/workspace/install/libcurl_vendor/opt/libcurl_vendor/lib:${LD_LIBRARY_PATH} PATH=/opt/workspace/install/ament_uncrustify/bin:/opt/workspace/install/ament_lint_cmake/bin:/opt/workspace/install/ament_cpplint/bin:/opt/workspace/install/ament_cppcheck/bin:${PATH} PKG_CONFIG_PATH=/opt/workspace/install/gmock_vendor/lib/x86_64-linux-gnu/pkgconfig:/opt/workspace/install/gmock_vendor/lib/pkgconfig:/opt/workspace/install/gtest_vendor/lib/x86_64-linux-gnu/pkgconfig:/opt/workspace/install/gtest_vendor/lib/pkgconfig PYTHONPATH=/opt/workspace/install/ament_uncrustify/lib/python3.6/site-packages:/opt/workspace/install/ament_lint_cmake/lib/python3.6/site-packages:/opt/workspace/install/ament_cpplint/lib/python3.6/site-packages:/opt/workspace/install/ament_cmake_test/lib/python3.6/site-packages:/opt/workspace/install/ament_package/lib/python3.6/site-packages:/opt/workspace/install/ament_cppcheck/lib/python3.6/site-packages:${PYTHONPATH} /usr/bin/cmake /opt/workspace/src/ros2/rviz/rviz_rendering -DCMAKE_INSTALL_PREFIX=/opt/workspace/install/rviz_rendering
[0.147s] /usr/bin/cmake: /opt/workspace/install/libcurl_vendor/opt/libcurl_vendor/lib/libcurl.so.4: no version information available (required by /usr/bin/cmake)
[0.254s] -- The C compiler identification is GNU 7.4.0
[0.361s] -- The CXX compiler identification is GNU 7.4.0
[0.370s] -- Check for working C compiler: /usr/bin/cc
[0.492s] -- Check for working C compiler: /usr/bin/cc -- works
[0.494s] -- Detecting C compiler ABI info
[0.628s] -- Detecting C compiler ABI info - done
[0.642s] -- Detecting C compile features
[1.045s] -- Detecting C compile features - done
[1.051s] -- Check for working CXX compiler: /usr/bin/c++
[1.236s] -- Check for working CXX compiler: /usr/bin/c++ -- works
[1.238s] -- Detecting CXX compiler ABI info
[1.418s] -- Detecting CXX compiler ABI info - done
[1.435s] -- Detecting CXX compile features
[2.077s] -- Detecting CXX compile features - done
[2.081s] -- Found ament_cmake: 0.8.2 (/opt/workspace/install/ament_cmake/share/ament_cmake/cmake)
[2.145s] -- Found PythonInterp: /usr/bin/python3 (found suitable version "3.6.9", minimum required is "3") 
[2.146s] -- Using PYTHON_EXECUTABLE: /usr/bin/python3
[2.581s] -- Found rviz_ogre_vendor: 7.0.4 (/opt/workspace/install/rviz_ogre_vendor/share/rviz_ogre_vendor/cmake)
[2.582s] -- Setting OGRE_DIR to: '/opt/workspace/install/rviz_ogre_vendor/share/rviz_ogre_vendor/cmake/../../../opt/rviz_ogre_vendor/lib/OGRE/cmake'
[2.591s] -- Found OGRE
[2.591s] --   static     : OFF
[2.591s] --   components : HLMS;MeshLodGenerator;Overlay;Paging;Property;RTShaderSystem;Terrain;Volume
[2.592s] --   plugins    : Plugin_BSPSceneManager;Plugin_OctreeSceneManager;Plugin_PCZSceneManager;Plugin_ParticleFX;RenderSystem_GL;RenderSystem_GL3Plus;Codec_STBI;Codec_EXR
[2.592s] --   media      : /opt/workspace/install/rviz_ogre_vendor/opt/rviz_ogre_vendor/share/OGRE/Media
[2.592s] -- OGRE_LIBRARIES: OgreHLMS;OgreMeshLodGenerator;OgreOverlay;OgrePaging;OgreProperty;OgreRTShaderSystem;OgreTerrain;OgreVolume;OgreMain
[2.592s] -- OGRE_LIBRARY_DIRS: /opt/workspace/install/rviz_ogre_vendor/opt/rviz_ogre_vendor/lib
[2.592s] -- OGRE_PLUGINS: Plugin_BSPSceneManager;Plugin_OctreeSceneManager;Plugin_PCZSceneManager;Plugin_ParticleFX;RenderSystem_GL;RenderSystem_GL3Plus;Codec_STBI;Codec_EXR
[2.593s] -- OGRE_PLUGIN_DIR: /opt/workspace/install/rviz_ogre_vendor/opt/rviz_ogre_vendor/lib/OGRE
[2.593s] -- rviz_ogre_vendor::OgreOverlay for IMPORTED_LOCATION_RELEASE: /opt/workspace/install/rviz_ogre_vendor/opt/rviz_ogre_vendor/lib/libOgreOverlay.so
[2.593s] -- rviz_ogre_vendor::OgreOverlay for IMPORTED_LOCATION_DEBUG: /opt/workspace/install/rviz_ogre_vendor/opt/rviz_ogre_vendor/lib/libOgreOverlay.so
[2.594s] -- rviz_ogre_vendor::OgreMain for IMPORTED_LOCATION_RELEASE: /opt/workspace/install/rviz_ogre_vendor/opt/rviz_ogre_vendor/lib/libOgreMain.so
[2.594s] -- rviz_ogre_vendor::OgreMain for IMPORTED_LOCATION_DEBUG: /opt/workspace/install/rviz_ogre_vendor/opt/rviz_ogre_vendor/lib/libOgreMain.so
[2.608s] -- Could not find freeimage library
[2.658s] -- Found ZLIB: /usr/lib/x86_64-linux-gnu/libz.so (found version "1.2.11") 
[2.674s] -- Found OpenGL: /usr/lib/x86_64-linux-gnu/libOpenGL.so   
[2.757s] -- Looking for XOpenDisplay in /usr/lib/x86_64-linux-gnu/libX11.so;/usr/lib/x86_64-linux-gnu/libXext.so
[2.894s] -- Looking for XOpenDisplay in /usr/lib/x86_64-linux-gnu/libX11.so;/usr/lib/x86_64-linux-gnu/libXext.so - found
[2.895s] -- Looking for gethostbyname
[3.019s] -- Looking for gethostbyname - found
[3.020s] -- Looking for connect
[3.143s] -- Looking for connect - found
[3.144s] -- Looking for remove
[3.289s] -- Looking for remove - found
[3.290s] -- Looking for shmat
[3.421s] -- Looking for shmat - found
[3.422s] -- Looking for IceConnectionNumber in ICE
[3.562s] -- Looking for IceConnectionNumber in ICE - found
[3.563s] -- Found X11: /usr/lib/x86_64-linux-gnu/libX11.so
[3.568s] -- rviz_ogre_vendor::RenderSystem_GL for IMPORTED_LOCATION_RELEASE: _render_system_gl_static_library_abs-NOTFOUND
[3.569s] -- rviz_ogre_vendor::RenderSystem_GL for IMPORTED_LOCATION_DEBUG: _render_system_gl_static_library_abs-NOTFOUND
[3.573s] -- Found rviz_assimp_vendor: 7.0.4 (/opt/workspace/install/rviz_assimp_vendor/share/rviz_assimp_vendor/cmake)
[3.583s] -- library: assimp
[3.610s] -- Found ament_index_cpp: 0.7.2 (/opt/workspace/install/ament_index_cpp/share/ament_index_cpp/cmake)
[3.616s] -- Found eigen3_cmake_module: 0.1.1 (/opt/workspace/install/eigen3_cmake_module/share/eigen3_cmake_module/cmake)
[3.630s] -- Found Eigen3: TRUE (found version "3.3.4") 
[3.632s] -- Found resource_retriever: 2.2.1 (/opt/workspace/install/resource_retriever/share/resource_retriever/cmake)
[3.648s] -- library: /usr/lib/x86_64-linux-gnu/libcurl.so
[3.662s] -- Found ament_cmake_cppcheck: 0.8.1 (/opt/workspace/install/ament_cmake_cppcheck/share/ament_cmake_cppcheck/cmake)
[3.665s] -- Found ament_cmake_cpplint: 0.8.1 (/opt/workspace/install/ament_cmake_cpplint/share/ament_cmake_cpplint/cmake)
[3.669s] -- Found ament_cmake_lint_cmake: 0.8.1 (/opt/workspace/install/ament_cmake_lint_cmake/share/ament_cmake_lint_cmake/cmake)
[3.671s] -- Found ament_cmake_uncrustify: 0.8.1 (/opt/workspace/install/ament_cmake_uncrustify/share/ament_cmake_uncrustify/cmake)
[3.680s] -- Found ament_cmake_gmock: 0.8.2 (/opt/workspace/install/ament_cmake_gmock/share/ament_cmake_gmock/cmake)
[3.684s] -- Found ament_cmake_gtest: 0.8.2 (/opt/workspace/install/ament_cmake_gtest/share/ament_cmake_gtest/cmake)
[3.692s] -- Found gmock sources under '/opt/workspace/install/gmock_vendor/src/gmock_vendor': C++ tests using 'Google Mock' will be built
[3.701s] -- Found gtest sources under '/opt/workspace/install/gtest_vendor/src/gtest_vendor': C++ tests using 'Google Test' will be built
[3.889s] -- Configuring done
[4.108s] -- Generating done
[4.119s] -- Build files have been written to: /opt/workspace/build/rviz_rendering
[4.134s] Invoked command in '/opt/workspace/build/rviz_rendering' returned '0': AMENT_PREFIX_PATH=/opt/workspace/install/resource_retriever:/opt/workspace/install/ament_index_cpp:/opt/workspace/install/eigen3_cmake_module:/opt/workspace/install/ament_cmake_uncrustify:/opt/workspace/install/ament_cmake_cpplint:/opt/workspace/install/ament_cmake_cppcheck:/opt/workspace/install/ament_uncrustify:/opt/workspace/install/uncrustify_vendor:/opt/workspace/install/rviz_ogre_vendor:/opt/workspace/install/rviz_assimp_vendor:/opt/workspace/install/libcurl_vendor:/opt/workspace/install/ament_cmake_lint_cmake:/opt/workspace/install/ament_cmake_gmock:/opt/workspace/install/ament_lint_cmake:/opt/workspace/install/ament_cpplint:/opt/workspace/install/ament_cmake_gtest:/opt/workspace/install/ament_cmake:/opt/workspace/install/ament_cmake_test:/opt/workspace/install/ament_cmake_target_dependencies:/opt/workspace/install/ament_cmake_export_interfaces:/opt/workspace/install/ament_cmake_export_dependencies:/opt/workspace/install/ament_cmake_version:/opt/workspace/install/ament_cmake_python:/opt/workspace/install/ament_cmake_libraries:/opt/workspace/install/ament_cmake_include_directories:/opt/workspace/install/ament_cmake_export_link_flags:/opt/workspace/install/ament_cmake_export_libraries:/opt/workspace/install/ament_cmake_export_include_directories:/opt/workspace/install/ament_cmake_export_definitions:/opt/workspace/install/ament_cmake_core:/opt/workspace/install/ament_package:/opt/workspace/install/ament_cppcheck:${AMENT_PREFIX_PATH} CMAKE_PREFIX_PATH=/opt/workspace/install/resource_retriever:/opt/workspace/install/ament_index_cpp:/opt/workspace/install/eigen3_cmake_module:/opt/workspace/install/ament_cmake_uncrustify:/opt/workspace/install/ament_cmake_cpplint:/opt/workspace/install/ament_cmake_cppcheck:/opt/workspace/install/uncrustify_vendor:/opt/workspace/install/rviz_ogre_vendor:/opt/workspace/install/rviz_assimp_vendor:/opt/workspace/install/libcurl_vendor:/opt/workspace/install/ament_cmake_lint_cmake:/opt/workspace/install/ament_cmake_gmock:/opt/workspace/install/ament_cmake_gtest:/opt/workspace/install/ament_cmake:/opt/workspace/install/ament_cmake_test:/opt/workspace/install/ament_cmake_target_dependencies:/opt/workspace/install/ament_cmake_export_interfaces:/opt/workspace/install/ament_cmake_export_dependencies:/opt/workspace/install/ament_cmake_version:/opt/workspace/install/ament_cmake_python:/opt/workspace/install/ament_cmake_libraries:/opt/workspace/install/ament_cmake_include_directories:/opt/workspace/install/ament_cmake_export_link_flags:/opt/workspace/install/ament_cmake_export_libraries:/opt/workspace/install/ament_cmake_export_include_directories:/opt/workspace/install/ament_cmake_export_definitions:/opt/workspace/install/gmock_vendor:/opt/workspace/install/ament_cmake_core:/opt/workspace/install/gtest_vendor:/opt/ros/eloquent LD_LIBRARY_PATH=/opt/workspace/install/resource_retriever/lib:/opt/workspace/install/ament_index_cpp/lib:/opt/workspace/install/rviz_ogre_vendor/opt/rviz_ogre_vendor/lib:/opt/workspace/install/rviz_assimp_vendor/opt/rviz_assimp_vendor/lib:/opt/workspace/install/libcurl_vendor/opt/libcurl_vendor/lib:${LD_LIBRARY_PATH} PATH=/opt/workspace/install/ament_uncrustify/bin:/opt/workspace/install/ament_lint_cmake/bin:/opt/workspace/install/ament_cpplint/bin:/opt/workspace/install/ament_cppcheck/bin:${PATH} PKG_CONFIG_PATH=/opt/workspace/install/gmock_vendor/lib/x86_64-linux-gnu/pkgconfig:/opt/workspace/install/gmock_vendor/lib/pkgconfig:/opt/workspace/install/gtest_vendor/lib/x86_64-linux-gnu/pkgconfig:/opt/workspace/install/gtest_vendor/lib/pkgconfig PYTHONPATH=/opt/workspace/install/ament_uncrustify/lib/python3.6/site-packages:/opt/workspace/install/ament_lint_cmake/lib/python3.6/site-packages:/opt/workspace/install/ament_cpplint/lib/python3.6/site-packages:/opt/workspace/install/ament_cmake_test/lib/python3.6/site-packages:/opt/workspace/install/ament_package/lib/python3.6/site-packages:/opt/workspace/install/ament_cppcheck/lib/python3.6/site-packages:${PYTHONPATH} /usr/bin/cmake /opt/workspace/src/ros2/rviz/rviz_rendering -DCMAKE_INSTALL_PREFIX=/opt/workspace/install/rviz_rendering
[4.137s] Invoking command in '/opt/workspace/build/rviz_rendering': AMENT_PREFIX_PATH=/opt/workspace/install/resource_retriever:/opt/workspace/install/ament_index_cpp:/opt/workspace/install/eigen3_cmake_module:/opt/workspace/install/ament_cmake_uncrustify:/opt/workspace/install/ament_cmake_cpplint:/opt/workspace/install/ament_cmake_cppcheck:/opt/workspace/install/ament_uncrustify:/opt/workspace/install/uncrustify_vendor:/opt/workspace/install/rviz_ogre_vendor:/opt/workspace/install/rviz_assimp_vendor:/opt/workspace/install/libcurl_vendor:/opt/workspace/install/ament_cmake_lint_cmake:/opt/workspace/install/ament_cmake_gmock:/opt/workspace/install/ament_lint_cmake:/opt/workspace/install/ament_cpplint:/opt/workspace/install/ament_cmake_gtest:/opt/workspace/install/ament_cmake:/opt/workspace/install/ament_cmake_test:/opt/workspace/install/ament_cmake_target_dependencies:/opt/workspace/install/ament_cmake_export_interfaces:/opt/workspace/install/ament_cmake_export_dependencies:/opt/workspace/install/ament_cmake_version:/opt/workspace/install/ament_cmake_python:/opt/workspace/install/ament_cmake_libraries:/opt/workspace/install/ament_cmake_include_directories:/opt/workspace/install/ament_cmake_export_link_flags:/opt/workspace/install/ament_cmake_export_libraries:/opt/workspace/install/ament_cmake_export_include_directories:/opt/workspace/install/ament_cmake_export_definitions:/opt/workspace/install/ament_cmake_core:/opt/workspace/install/ament_package:/opt/workspace/install/ament_cppcheck:${AMENT_PREFIX_PATH} CMAKE_PREFIX_PATH=/opt/workspace/install/resource_retriever:/opt/workspace/install/ament_index_cpp:/opt/workspace/install/eigen3_cmake_module:/opt/workspace/install/ament_cmake_uncrustify:/opt/workspace/install/ament_cmake_cpplint:/opt/workspace/install/ament_cmake_cppcheck:/opt/workspace/install/uncrustify_vendor:/opt/workspace/install/rviz_ogre_vendor:/opt/workspace/install/rviz_assimp_vendor:/opt/workspace/install/libcurl_vendor:/opt/workspace/install/ament_cmake_lint_cmake:/opt/workspace/install/ament_cmake_gmock:/opt/workspace/install/ament_cmake_gtest:/opt/workspace/install/ament_cmake:/opt/workspace/install/ament_cmake_test:/opt/workspace/install/ament_cmake_target_dependencies:/opt/workspace/install/ament_cmake_export_interfaces:/opt/workspace/install/ament_cmake_export_dependencies:/opt/workspace/install/ament_cmake_version:/opt/workspace/install/ament_cmake_python:/opt/workspace/install/ament_cmake_libraries:/opt/workspace/install/ament_cmake_include_directories:/opt/workspace/install/ament_cmake_export_link_flags:/opt/workspace/install/ament_cmake_export_libraries:/opt/workspace/install/ament_cmake_export_include_directories:/opt/workspace/install/ament_cmake_export_definitions:/opt/workspace/install/gmock_vendor:/opt/workspace/install/ament_cmake_core:/opt/workspace/install/gtest_vendor:/opt/ros/eloquent LD_LIBRARY_PATH=/opt/workspace/install/resource_retriever/lib:/opt/workspace/install/ament_index_cpp/lib:/opt/workspace/install/rviz_ogre_vendor/opt/rviz_ogre_vendor/lib:/opt/workspace/install/rviz_assimp_vendor/opt/rviz_assimp_vendor/lib:/opt/workspace/install/libcurl_vendor/opt/libcurl_vendor/lib:${LD_LIBRARY_PATH} PATH=/opt/workspace/install/ament_uncrustify/bin:/opt/workspace/install/ament_lint_cmake/bin:/opt/workspace/install/ament_cpplint/bin:/opt/workspace/install/ament_cppcheck/bin:${PATH} PKG_CONFIG_PATH=/opt/workspace/install/gmock_vendor/lib/x86_64-linux-gnu/pkgconfig:/opt/workspace/install/gmock_vendor/lib/pkgconfig:/opt/workspace/install/gtest_vendor/lib/x86_64-linux-gnu/pkgconfig:/opt/workspace/install/gtest_vendor/lib/pkgconfig PYTHONPATH=/opt/workspace/install/ament_uncrustify/lib/python3.6/site-packages:/opt/workspace/install/ament_lint_cmake/lib/python3.6/site-packages:/opt/workspace/install/ament_cpplint/lib/python3.6/site-packages:/opt/workspace/install/ament_cmake_test/lib/python3.6/site-packages:/opt/workspace/install/ament_package/lib/python3.6/site-packages:/opt/workspace/install/ament_cppcheck/lib/python3.6/site-packages:${PYTHONPATH} /usr/bin/cmake --build /opt/workspace/build/rviz_rendering -- -j8 -l8
[4.147s] /usr/bin/cmake: /opt/workspace/install/libcurl_vendor/opt/libcurl_vendor/lib/libcurl.so.4: no version information available (required by /usr/bin/cmake)
[4.173s] /usr/bin/cmake: /opt/workspace/install/libcurl_vendor/opt/libcurl_vendor/lib/libcurl.so.4: no version information available (required by /usr/bin/cmake)
[4.193s] /usr/bin/cmake: /opt/workspace/install/libcurl_vendor/opt/libcurl_vendor/lib/libcurl.so.4: no version information available (required by /usr/bin/cmake)
[4.216s] /usr/bin/cmake: /opt/workspace/install/libcurl_vendor/opt/libcurl_vendor/lib/libcurl.so.4: no version information available (required by /usr/bin/cmake)
[4.227s] [35m[1mScanning dependencies of target gmock_autogen[0m
[4.237s] /usr/bin/cmake: /opt/workspace/install/libcurl_vendor/opt/libcurl_vendor/lib/libcurl.so.4: no version information available (required by /usr/bin/cmake)
[4.249s] [  1%] [34m[1mAutomatic MOC for target gmock[0m
[4.256s] /usr/bin/cmake: /opt/workspace/install/libcurl_vendor/opt/libcurl_vendor/lib/libcurl.so.4: no version information available (required by /usr/bin/cmake)
[4.288s] /usr/bin/cmake: /opt/workspace/install/libcurl_vendor/opt/libcurl_vendor/lib/libcurl.so.4: no version information available (required by /usr/bin/cmake)
[4.298s] [  1%] Built target gmock_autogen
[4.308s] /usr/bin/cmake: /opt/workspace/install/libcurl_vendor/opt/libcurl_vendor/lib/libcurl.so.4: no version information available (required by /usr/bin/cmake)
[4.318s] [35m[1mScanning dependencies of target gmock_main_autogen[0m
[4.328s] /usr/bin/cmake: /opt/workspace/install/libcurl_vendor/opt/libcurl_vendor/lib/libcurl.so.4: no version information available (required by /usr/bin/cmake)
[4.340s] [  2%] [34m[1mAutomatic MOC for target gmock_main[0m
[4.348s] /usr/bin/cmake: /opt/workspace/install/libcurl_vendor/opt/libcurl_vendor/lib/libcurl.so.4: no version information available (required by /usr/bin/cmake)
[4.383s] /usr/bin/cmake: /opt/workspace/install/libcurl_vendor/opt/libcurl_vendor/lib/libcurl.so.4: no version information available (required by /usr/bin/cmake)
[4.394s] [  2%] Built target gmock_main_autogen
[4.403s] /usr/bin/cmake: /opt/workspace/install/libcurl_vendor/opt/libcurl_vendor/lib/libcurl.so.4: no version information available (required by /usr/bin/cmake)
[4.415s] [35m[1mScanning dependencies of target gmock[0m
[4.472s] /usr/bin/cmake: /opt/workspace/install/libcurl_vendor/opt/libcurl_vendor/lib/libcurl.so.4: no version information available (required by /usr/bin/cmake)
[4.482s] [  3%] [32mBuilding CXX object gmock/CMakeFiles/gmock.dir/opt/workspace/install/gtest_vendor/src/gtest_vendor/src/gtest-all.cc.o[0m
[10.617s] /usr/bin/cmake: /opt/workspace/install/libcurl_vendor/opt/libcurl_vendor/lib/libcurl.so.4: no version information available (required by /usr/bin/cmake)
[10.626s] [  5%] [32mBuilding CXX object gmock/CMakeFiles/gmock.dir/gmock_autogen/mocs_compilation.cpp.o[0m
[10.659s] /usr/bin/cmake: /opt/workspace/install/libcurl_vendor/opt/libcurl_vendor/lib/libcurl.so.4: no version information available (required by /usr/bin/cmake)
[10.668s] [  6%] [32mBuilding CXX object gmock/CMakeFiles/gmock.dir/src/gmock-all.cc.o[0m
[14.103s] /usr/bin/cmake: /opt/workspace/install/libcurl_vendor/opt/libcurl_vendor/lib/libcurl.so.4: no version information available (required by /usr/bin/cmake)
[14.114s] [  7%] [32m[1mLinking CXX static library libgmock.a[0m
[14.121s] /usr/bin/cmake: /opt/workspace/install/libcurl_vendor/opt/libcurl_vendor/lib/libcurl.so.4: no version information available (required by /usr/bin/cmake)
[14.139s] /usr/bin/cmake: /opt/workspace/install/libcurl_vendor/opt/libcurl_vendor/lib/libcurl.so.4: no version information available (required by /usr/bin/cmake)
[14.238s] /usr/bin/cmake: /opt/workspace/install/libcurl_vendor/opt/libcurl_vendor/lib/libcurl.so.4: no version information available (required by /usr/bin/cmake)
[14.248s] [  7%] Built target gmock
[14.279s] /usr/bin/cmake: /opt/workspace/install/libcurl_vendor/opt/libcurl_vendor/lib/libcurl.so.4: no version information available (required by /usr/bin/cmake)
[14.305s] [35m[1mScanning dependencies of target gmock_main[0m
[14.344s] /usr/bin/cmake: /opt/workspace/install/libcurl_vendor/opt/libcurl_vendor/lib/libcurl.so.4: no version information available (required by /usr/bin/cmake)
[14.353s] [  9%] [32mBuilding CXX object gmock/CMakeFiles/gmock_main.dir/src/gmock_main.cc.o[0m
[16.171s] /usr/bin/cmake: /opt/workspace/install/libcurl_vendor/opt/libcurl_vendor/lib/libcurl.so.4: no version information available (required by /usr/bin/cmake)
[16.180s] [ 10%] [32mBuilding CXX object gmock/CMakeFiles/gmock_main.dir/gmock_main_autogen/mocs_compilation.cpp.o[0m
[16.213s] /usr/bin/cmake: /opt/workspace/install/libcurl_vendor/opt/libcurl_vendor/lib/libcurl.so.4: no version information available (required by /usr/bin/cmake)
[16.223s] [ 11%] [32m[1mLinking CXX static library libgmock_main.a[0m
[16.229s] /usr/bin/cmake: /opt/workspace/install/libcurl_vendor/opt/libcurl_vendor/lib/libcurl.so.4: no version information available (required by /usr/bin/cmake)
[16.247s] /usr/bin/cmake: /opt/workspace/install/libcurl_vendor/opt/libcurl_vendor/lib/libcurl.so.4: no version information available (required by /usr/bin/cmake)
[16.270s] /usr/bin/cmake: /opt/workspace/install/libcurl_vendor/opt/libcurl_vendor/lib/libcurl.so.4: no version information available (required by /usr/bin/cmake)
[16.280s] [ 11%] Built target gmock_main
[16.290s] /usr/bin/cmake: /opt/workspace/install/libcurl_vendor/opt/libcurl_vendor/lib/libcurl.so.4: no version information available (required by /usr/bin/cmake)
[16.300s] [35m[1mScanning dependencies of target rviz_rendering_autogen[0m
[16.311s] /usr/bin/cmake: /opt/workspace/install/libcurl_vendor/opt/libcurl_vendor/lib/libcurl.so.4: no version information available (required by /usr/bin/cmake)
[16.321s] [ 12%] [34m[1mAutomatic MOC for target rviz_rendering[0m
[16.328s] /usr/bin/cmake: /opt/workspace/install/libcurl_vendor/opt/libcurl_vendor/lib/libcurl.so.4: no version information available (required by /usr/bin/cmake)
[16.509s] /usr/bin/cmake: /opt/workspace/install/libcurl_vendor/opt/libcurl_vendor/lib/libcurl.so.4: no version information available (required by /usr/bin/cmake)
[16.522s] [ 12%] Built target rviz_rendering_autogen
[16.533s] /usr/bin/cmake: /opt/workspace/install/libcurl_vendor/opt/libcurl_vendor/lib/libcurl.so.4: no version information available (required by /usr/bin/cmake)
[16.544s] [35m[1mScanning dependencies of target rviz_rendering[0m
[17.002s] /usr/bin/cmake: /opt/workspace/install/libcurl_vendor/opt/libcurl_vendor/lib/libcurl.so.4: no version information available (required by /usr/bin/cmake)
[17.012s] [ 14%] [32mBuilding CXX object CMakeFiles/rviz_rendering.dir/src/rviz_rendering/apply_visibility_bits.cpp.o[0m
[19.136s] /usr/bin/cmake: /opt/workspace/install/libcurl_vendor/opt/libcurl_vendor/lib/libcurl.so.4: no version information available (required by /usr/bin/cmake)
[19.144s] [ 15%] [32mBuilding CXX object CMakeFiles/rviz_rendering.dir/src/rviz_rendering/ogre_render_window_impl.cpp.o[0m
[24.436s] /usr/bin/cmake: /opt/workspace/install/libcurl_vendor/opt/libcurl_vendor/lib/libcurl.so.4: no version information available (required by /usr/bin/cmake)
[24.445s] [ 16%] [32mBuilding CXX object CMakeFiles/rviz_rendering.dir/src/rviz_rendering/orthographic.cpp.o[0m
[25.703s] /usr/bin/cmake: /opt/workspace/install/libcurl_vendor/opt/libcurl_vendor/lib/libcurl.so.4: no version information available (required by /usr/bin/cmake)
[25.713s] [ 18%] [32mBuilding CXX object CMakeFiles/rviz_rendering.dir/src/rviz_rendering/render_system.cpp.o[0m
[30.669s] /usr/bin/cmake: /opt/workspace/install/libcurl_vendor/opt/libcurl_vendor/lib/libcurl.so.4: no version information available (required by /usr/bin/cmake)
[30.679s] [ 19%] [32mBuilding CXX object CMakeFiles/rviz_rendering.dir/src/rviz_rendering/render_window.cpp.o[0m
[35.716s] /usr/bin/cmake: /opt/workspace/install/libcurl_vendor/opt/libcurl_vendor/lib/libcurl.so.4: no version information available (required by /usr/bin/cmake)
[35.724s] [ 20%] [32mBuilding CXX object CMakeFiles/rviz_rendering.dir/src/rviz_rendering/resource_config.cpp.o[0m
[36.019s] /usr/bin/cmake: /opt/workspace/install/libcurl_vendor/opt/libcurl_vendor/lib/libcurl.so.4: no version information available (required by /usr/bin/cmake)
[36.028s] [ 22%] [32mBuilding CXX object CMakeFiles/rviz_rendering.dir/src/rviz_rendering/mesh_loader_helpers/stl_loader.cpp.o[0m
[38.625s] /usr/bin/cmake: /opt/workspace/install/libcurl_vendor/opt/libcurl_vendor/lib/libcurl.so.4: no version information available (required by /usr/bin/cmake)
[38.634s] [ 23%] [32mBuilding CXX object CMakeFiles/rviz_rendering.dir/src/rviz_rendering/mesh_loader_helpers/assimp_loader.cpp.o[0m
[42.884s] /usr/bin/cmake: /opt/workspace/install/libcurl_vendor/opt/libcurl_vendor/lib/libcurl.so.4: no version information available (required by /usr/bin/cmake)
[42.894s] [ 24%] [32mBuilding CXX object CMakeFiles/rviz_rendering.dir/src/rviz_rendering/string_helper.cpp.o[0m
[43.755s] /usr/bin/cmake: /opt/workspace/install/libcurl_vendor/opt/libcurl_vendor/lib/libcurl.so.4: no version information available (required by /usr/bin/cmake)
[43.764s] [ 25%] [32mBuilding CXX object CMakeFiles/rviz_rendering.dir/src/rviz_rendering/objects/arrow.cpp.o[0m
[47.008s] /usr/bin/cmake: /opt/workspace/install/libcurl_vendor/opt/libcurl_vendor/lib/libcurl.so.4: no version information available (required by /usr/bin/cmake)
[47.017s] [ 27%] [32mBuilding CXX object CMakeFiles/rviz_rendering.dir/src/rviz_rendering/objects/axes.cpp.o[0m
[50.179s] /usr/bin/cmake: /opt/workspace/install/libcurl_vendor/opt/libcurl_vendor/lib/libcurl.so.4: no version information available (required by /usr/bin/cmake)
[50.186s] [ 28%] [32mBuilding CXX object CMakeFiles/rviz_rendering.dir/src/rviz_rendering/objects/billboard_line.cpp.o[0m
[53.857s] /usr/bin/cmake: /opt/workspace/install/libcurl_vendor/opt/libcurl_vendor/lib/libcurl.so.4: no version information available (required by /usr/bin/cmake)
[53.867s] [ 29%] [32mBuilding CXX object CMakeFiles/rviz_rendering.dir/src/rviz_rendering/objects/covariance_visual.cpp.o[0m
[66.324s] /usr/bin/cmake: /opt/workspace/install/libcurl_vendor/opt/libcurl_vendor/lib/libcurl.so.4: no version information available (required by /usr/bin/cmake)
[66.333s] [ 31%] [32mBuilding CXX object CMakeFiles/rviz_rendering.dir/src/rviz_rendering/objects/grid.cpp.o[0m
[70.142s] /usr/bin/cmake: /opt/workspace/install/libcurl_vendor/opt/libcurl_vendor/lib/libcurl.so.4: no version information available (required by /usr/bin/cmake)
[70.153s] [ 32%] [32mBuilding CXX object CMakeFiles/rviz_rendering.dir/src/rviz_rendering/objects/line.cpp.o[0m
[73.422s] /usr/bin/cmake: /opt/workspace/install/libcurl_vendor/opt/libcurl_vendor/lib/libcurl.so.4: no version information available (required by /usr/bin/cmake)
[73.431s] [ 33%] [32mBuilding CXX object CMakeFiles/rviz_rendering.dir/src/rviz_rendering/objects/movable_text.cpp.o[0m
[77.883s] /usr/bin/cmake: /opt/workspace/install/libcurl_vendor/opt/libcurl_vendor/lib/libcurl.so.4: no version information available (required by /usr/bin/cmake)
[77.893s] [ 35%] [32mBuilding CXX object CMakeFiles/rviz_rendering.dir/src/rviz_rendering/objects/object.cpp.o[0m
[79.014s] /usr/bin/cmake: /opt/workspace/install/libcurl_vendor/opt/libcurl_vendor/lib/libcurl.so.4: no version information available (required by /usr/bin/cmake)
[79.023s] [ 36%] [32mBuilding CXX object CMakeFiles/rviz_rendering.dir/src/rviz_rendering/objects/point_cloud.cpp.o[0m
[83.855s] /usr/bin/cmake: /opt/workspace/install/libcurl_vendor/opt/libcurl_vendor/lib/libcurl.so.4: no version information available (required by /usr/bin/cmake)
[83.864s] [ 37%] [32mBuilding CXX object CMakeFiles/rviz_rendering.dir/src/rviz_rendering/objects/point_cloud_renderable.cpp.o[0m
[87.786s] /usr/bin/cmake: /opt/workspace/install/libcurl_vendor/opt/libcurl_vendor/lib/libcurl.so.4: no version information available (required by /usr/bin/cmake)
[87.796s] [ 38%] [32mBuilding CXX object CMakeFiles/rviz_rendering.dir/src/rviz_rendering/objects/shape.cpp.o[0m
[91.523s] /usr/bin/cmake: /opt/workspace/install/libcurl_vendor/opt/libcurl_vendor/lib/libcurl.so.4: no version information available (required by /usr/bin/cmake)
[91.532s] [ 40%] [32mBuilding CXX object CMakeFiles/rviz_rendering.dir/src/rviz_rendering/objects/wrench_visual.cpp.o[0m
[94.864s] /usr/bin/cmake: /opt/workspace/install/libcurl_vendor/opt/libcurl_vendor/lib/libcurl.so.4: no version information available (required by /usr/bin/cmake)
[94.870s] [ 41%] [32mBuilding CXX object CMakeFiles/rviz_rendering.dir/test/rviz_rendering/ogre_testing_environment.cpp.o[0m
[98.954s] /usr/bin/cmake: /opt/workspace/install/libcurl_vendor/opt/libcurl_vendor/lib/libcurl.so.4: no version information available (required by /usr/bin/cmake)
[98.962s] [ 42%] [32mBuilding CXX object CMakeFiles/rviz_rendering.dir/test/rviz_rendering/scene_graph_introspection.cpp.o[0m
[102.595s] /usr/bin/cmake: /opt/workspace/install/libcurl_vendor/opt/libcurl_vendor/lib/libcurl.so.4: no version information available (required by /usr/bin/cmake)
[102.604s] [ 44%] [32mBuilding CXX object CMakeFiles/rviz_rendering.dir/rviz_rendering_autogen/mocs_compilation.cpp.o[0m
[105.248s] /usr/bin/cmake: /opt/workspace/install/libcurl_vendor/opt/libcurl_vendor/lib/libcurl.so.4: no version information available (required by /usr/bin/cmake)
[105.257s] [ 45%] [32mBuilding CXX object CMakeFiles/rviz_rendering.dir/src/rviz_rendering/ogre_logging.cpp.o[0m
[106.026s] /usr/bin/cmake: /opt/workspace/install/libcurl_vendor/opt/libcurl_vendor/lib/libcurl.so.4: no version information available (required by /usr/bin/cmake)
[106.032s] [ 46%] [32mBuilding CXX object CMakeFiles/rviz_rendering.dir/src/rviz_rendering/mesh_loader.cpp.o[0m
[109.025s] /usr/bin/cmake: /opt/workspace/install/libcurl_vendor/opt/libcurl_vendor/lib/libcurl.so.4: no version information available (required by /usr/bin/cmake)
[109.033s] [ 48%] [32mBuilding CXX object CMakeFiles/rviz_rendering.dir/src/rviz_rendering/material_manager.cpp.o[0m
[111.039s] /usr/bin/cmake: /opt/workspace/install/libcurl_vendor/opt/libcurl_vendor/lib/libcurl.so.4: no version information available (required by /usr/bin/cmake)
[111.045s] [ 49%] [32mBuilding CXX object CMakeFiles/rviz_rendering.dir/src/rviz_rendering/logging.cpp.o[0m
[111.521s] /usr/bin/cmake: /opt/workspace/install/libcurl_vendor/opt/libcurl_vendor/lib/libcurl.so.4: no version information available (required by /usr/bin/cmake)
[111.527s] [ 50%] [32mBuilding CXX object CMakeFiles/rviz_rendering.dir/src/rviz_rendering/viewport_projection_finder.cpp.o[0m
[113.324s] /usr/bin/cmake: /opt/workspace/install/libcurl_vendor/opt/libcurl_vendor/lib/libcurl.so.4: no version information available (required by /usr/bin/cmake)
[113.330s] [ 51%] [32mBuilding CXX object CMakeFiles/rviz_rendering.dir/src/rviz_rendering/geometry.cpp.o[0m
[114.646s] /usr/bin/cmake: /opt/workspace/install/libcurl_vendor/opt/libcurl_vendor/lib/libcurl.so.4: no version information available (required by /usr/bin/cmake)
[114.651s] [ 53%] [32m[1mLinking CXX shared library librviz_rendering.so[0m
[114.655s] /usr/bin/cmake: /opt/workspace/install/libcurl_vendor/opt/libcurl_vendor/lib/libcurl.so.4: no version information available (required by /usr/bin/cmake)
[115.282s] /usr/bin/cmake: /opt/workspace/install/libcurl_vendor/opt/libcurl_vendor/lib/libcurl.so.4: no version information available (required by /usr/bin/cmake)
[115.289s] [ 53%] Built target rviz_rendering
[115.297s] /usr/bin/cmake: /opt/workspace/install/libcurl_vendor/opt/libcurl_vendor/lib/libcurl.so.4: no version information available (required by /usr/bin/cmake)
[115.306s] [35m[1mScanning dependencies of target point_cloud_renderable_test_target_autogen[0m
[115.313s] /usr/bin/cmake: /opt/workspace/install/libcurl_vendor/opt/libcurl_vendor/lib/libcurl.so.4: no version information available (required by /usr/bin/cmake)
[115.319s] [ 54%] [34m[1mAutomatic MOC for target point_cloud_renderable_test_target[0m
[115.325s] /usr/bin/cmake: /opt/workspace/install/libcurl_vendor/opt/libcurl_vendor/lib/libcurl.so.4: no version information available (required by /usr/bin/cmake)
[115.350s] /usr/bin/cmake: /opt/workspace/install/libcurl_vendor/opt/libcurl_vendor/lib/libcurl.so.4: no version information available (required by /usr/bin/cmake)
[115.356s] [ 54%] Built target point_cloud_renderable_test_target_autogen
[115.362s] /usr/bin/cmake: /opt/workspace/install/libcurl_vendor/opt/libcurl_vendor/lib/libcurl.so.4: no version information available (required by /usr/bin/cmake)
[115.368s] [35m[1mScanning dependencies of target wrench_visual_test_target_autogen[0m
[115.375s] /usr/bin/cmake: /opt/workspace/install/libcurl_vendor/opt/libcurl_vendor/lib/libcurl.so.4: no version information available (required by /usr/bin/cmake)
[115.383s] [ 55%] [34m[1mAutomatic MOC for target wrench_visual_test_target[0m
[115.387s] /usr/bin/cmake: /opt/workspace/install/libcurl_vendor/opt/libcurl_vendor/lib/libcurl.so.4: no version information available (required by /usr/bin/cmake)
[115.409s] /usr/bin/cmake: /opt/workspace/install/libcurl_vendor/opt/libcurl_vendor/lib/libcurl.so.4: no version information available (required by /usr/bin/cmake)
[115.417s] [ 55%] Built target wrench_visual_test_target_autogen
[115.424s] /usr/bin/cmake: /opt/workspace/install/libcurl_vendor/opt/libcurl_vendor/lib/libcurl.so.4: no version information available (required by /usr/bin/cmake)
[115.430s] [35m[1mScanning dependencies of target point_cloud_test_target_autogen[0m
[115.436s] /usr/bin/cmake: /opt/workspace/install/libcurl_vendor/opt/libcurl_vendor/lib/libcurl.so.4: no version information available (required by /usr/bin/cmake)
[115.442s] [ 57%] [34m[1mAutomatic MOC for target point_cloud_test_target[0m
[115.446s] /usr/bin/cmake: /opt/workspace/install/libcurl_vendor/opt/libcurl_vendor/lib/libcurl.so.4: no version information available (required by /usr/bin/cmake)
[115.465s] /usr/bin/cmake: /opt/workspace/install/libcurl_vendor/opt/libcurl_vendor/lib/libcurl.so.4: no version information available (required by /usr/bin/cmake)
[115.471s] [ 57%] Built target point_cloud_test_target_autogen
[115.477s] /usr/bin/cmake: /opt/workspace/install/libcurl_vendor/opt/libcurl_vendor/lib/libcurl.so.4: no version information available (required by /usr/bin/cmake)
[115.485s] [35m[1mScanning dependencies of target point_cloud_renderable_test_target[0m
[115.540s] /usr/bin/cmake: /opt/workspace/install/libcurl_vendor/opt/libcurl_vendor/lib/libcurl.so.4: no version information available (required by /usr/bin/cmake)
[115.546s] [ 58%] [32mBuilding CXX object CMakeFiles/point_cloud_renderable_test_target.dir/test/rviz_rendering/objects/point_cloud_renderable_test.cpp.o[0m
[118.907s] /usr/bin/cmake: /opt/workspace/install/libcurl_vendor/opt/libcurl_vendor/lib/libcurl.so.4: no version information available (required by /usr/bin/cmake)
[118.915s] [ 59%] [32mBuilding CXX object CMakeFiles/point_cloud_renderable_test_target.dir/point_cloud_renderable_test_target_autogen/mocs_compilation.cpp.o[0m
[118.937s] /usr/bin/cmake: /opt/workspace/install/libcurl_vendor/opt/libcurl_vendor/lib/libcurl.so.4: no version information available (required by /usr/bin/cmake)
[118.942s] [ 61%] [32m[1mLinking CXX executable point_cloud_renderable_test_target[0m
[118.946s] /usr/bin/cmake: /opt/workspace/install/libcurl_vendor/opt/libcurl_vendor/lib/libcurl.so.4: no version information available (required by /usr/bin/cmake)
[119.546s] /usr/bin/cmake: /opt/workspace/install/libcurl_vendor/opt/libcurl_vendor/lib/libcurl.so.4: no version information available (required by /usr/bin/cmake)
[119.555s] [ 61%] Built target point_cloud_renderable_test_target
[119.562s] /usr/bin/cmake: /opt/workspace/install/libcurl_vendor/opt/libcurl_vendor/lib/libcurl.so.4: no version information available (required by /usr/bin/cmake)
[119.569s] [35m[1mScanning dependencies of target wrench_visual_test_target[0m
[119.626s] /usr/bin/cmake: /opt/workspace/install/libcurl_vendor/opt/libcurl_vendor/lib/libcurl.so.4: no version information available (required by /usr/bin/cmake)
[119.632s] [ 62%] [32mBuilding CXX object CMakeFiles/wrench_visual_test_target.dir/test/rviz_rendering/objects/wrench_visual_test.cpp.o[0m
[123.034s] /usr/bin/cmake: /opt/workspace/install/libcurl_vendor/opt/libcurl_vendor/lib/libcurl.so.4: no version information available (required by /usr/bin/cmake)
[123.039s] [ 63%] [32mBuilding CXX object CMakeFiles/wrench_visual_test_target.dir/wrench_visual_test_target_autogen/mocs_compilation.cpp.o[0m
[123.060s] /usr/bin/cmake: /opt/workspace/install/libcurl_vendor/opt/libcurl_vendor/lib/libcurl.so.4: no version information available (required by /usr/bin/cmake)
[123.068s] [ 64%] [32m[1mLinking CXX executable wrench_visual_test_target[0m
[123.072s] /usr/bin/cmake: /opt/workspace/install/libcurl_vendor/opt/libcurl_vendor/lib/libcurl.so.4: no version information available (required by /usr/bin/cmake)
[123.685s] /usr/bin/cmake: /opt/workspace/install/libcurl_vendor/opt/libcurl_vendor/lib/libcurl.so.4: no version information available (required by /usr/bin/cmake)
[123.694s] [ 64%] Built target wrench_visual_test_target
[123.702s] /usr/bin/cmake: /opt/workspace/install/libcurl_vendor/opt/libcurl_vendor/lib/libcurl.so.4: no version information available (required by /usr/bin/cmake)
[123.702s] /usr/bin/cmake: /opt/workspace/install/libcurl_vendor/opt/libcurl_vendor/lib/libcurl.so.4: no version information available (required by /usr/bin/cmake)
[123.702s] /usr/bin/cmake: /opt/workspace/install/libcurl_vendor/opt/libcurl_vendor/lib/libcurl.so.4: no version information available (required by /usr/bin/cmake)
[123.710s] [35m[1mScanning dependencies of target grid_test_target_autogen[0m
[123.711s] [35m[1mScanning dependencies of target movable_text_test_target_autogen[0m
[123.711s] [35m[1mScanning dependencies of target point_cloud_test_target[0m
[123.719s] /usr/bin/cmake: /opt/workspace/install/libcurl_vendor/opt/libcurl_vendor/lib/libcurl.so.4: no version information available (required by /usr/bin/cmake)
[123.719s] /usr/bin/cmake: /opt/workspace/install/libcurl_vendor/opt/libcurl_vendor/lib/libcurl.so.4: no version information available (required by /usr/bin/cmake)
[123.726s] [ 66%] [34m[1mAutomatic MOC for target grid_test_target[0m
[123.727s] [ 67%] [34m[1mAutomatic MOC for target movable_text_test_target[0m
[123.732s] /usr/bin/cmake: /opt/workspace/install/libcurl_vendor/opt/libcurl_vendor/lib/libcurl.so.4: no version information available (required by /usr/bin/cmake)
[123.733s] /usr/bin/cmake: /opt/workspace/install/libcurl_vendor/opt/libcurl_vendor/lib/libcurl.so.4: no version information available (required by /usr/bin/cmake)
[123.758s] /usr/bin/cmake: /opt/workspace/install/libcurl_vendor/opt/libcurl_vendor/lib/libcurl.so.4: no version information available (required by /usr/bin/cmake)
[123.759s] /usr/bin/cmake: /opt/workspace/install/libcurl_vendor/opt/libcurl_vendor/lib/libcurl.so.4: no version information available (required by /usr/bin/cmake)
[123.766s] [ 67%] Built target grid_test_target_autogen
[123.767s] [ 67%] Built target movable_text_test_target_autogen
[123.774s] /usr/bin/cmake: /opt/workspace/install/libcurl_vendor/opt/libcurl_vendor/lib/libcurl.so.4: no version information available (required by /usr/bin/cmake)
[123.774s] /usr/bin/cmake: /opt/workspace/install/libcurl_vendor/opt/libcurl_vendor/lib/libcurl.so.4: no version information available (required by /usr/bin/cmake)
[123.782s] [35m[1mScanning dependencies of target billboard_line_test_target_autogen[0m
[123.782s] [35m[1mScanning dependencies of target string_helper_test_autogen[0m
[123.790s] /usr/bin/cmake: /opt/workspace/install/libcurl_vendor/opt/libcurl_vendor/lib/libcurl.so.4: no version information available (required by /usr/bin/cmake)
[123.793s] /usr/bin/cmake: /opt/workspace/install/libcurl_vendor/opt/libcurl_vendor/lib/libcurl.so.4: no version information available (required by /usr/bin/cmake)
[123.798s] [ 68%] [34m[1mAutomatic MOC for target string_helper_test[0m
[123.801s] [ 70%] [34m[1mAutomatic MOC for target billboard_line_test_target[0m
[123.805s] /usr/bin/cmake: /opt/workspace/install/libcurl_vendor/opt/libcurl_vendor/lib/libcurl.so.4: no version information available (required by /usr/bin/cmake)
[123.807s] /usr/bin/cmake: /opt/workspace/install/libcurl_vendor/opt/libcurl_vendor/lib/libcurl.so.4: no version information available (required by /usr/bin/cmake)
[123.826s] /usr/bin/cmake: /opt/workspace/install/libcurl_vendor/opt/libcurl_vendor/lib/libcurl.so.4: no version information available (required by /usr/bin/cmake)
[123.830s] /usr/bin/cmake: /opt/workspace/install/libcurl_vendor/opt/libcurl_vendor/lib/libcurl.so.4: no version information available (required by /usr/bin/cmake)
[123.831s] /usr/bin/cmake: /opt/workspace/install/libcurl_vendor/opt/libcurl_vendor/lib/libcurl.so.4: no version information available (required by /usr/bin/cmake)
[123.835s] [ 71%] [32mBuilding CXX object CMakeFiles/point_cloud_test_target.dir/point_cloud_test_target_autogen/mocs_compilation.cpp.o[0m
[123.836s] [ 72%] [32mBuilding CXX object CMakeFiles/point_cloud_test_target.dir/test/rviz_rendering/objects/point_cloud_test.cpp.o[0m
[123.840s] [ 72%] Built target string_helper_test_autogen
[123.844s] /usr/bin/cmake: /opt/workspace/install/libcurl_vendor/opt/libcurl_vendor/lib/libcurl.so.4: no version information available (required by /usr/bin/cmake)
[123.850s] /usr/bin/cmake: /opt/workspace/install/libcurl_vendor/opt/libcurl_vendor/lib/libcurl.so.4: no version information available (required by /usr/bin/cmake)
[123.855s] [ 72%] Built target billboard_line_test_target_autogen
[123.860s] [35m[1mScanning dependencies of target movable_text_test_target[0m
[123.864s] /usr/bin/cmake: /opt/workspace/install/libcurl_vendor/opt/libcurl_vendor/lib/libcurl.so.4: no version information available (required by /usr/bin/cmake)
[123.873s] [35m[1mScanning dependencies of target string_helper_test[0m
[123.916s] /usr/bin/cmake: /opt/workspace/install/libcurl_vendor/opt/libcurl_vendor/lib/libcurl.so.4: no version information available (required by /usr/bin/cmake)
[123.916s] /usr/bin/cmake: /opt/workspace/install/libcurl_vendor/opt/libcurl_vendor/lib/libcurl.so.4: no version information available (required by /usr/bin/cmake)
[123.925s] [ 74%] [32mBuilding CXX object CMakeFiles/string_helper_test.dir/string_helper_test_autogen/mocs_compilation.cpp.o[0m
[123.926s] [ 75%] [32mBuilding CXX object CMakeFiles/string_helper_test.dir/test/rviz_rendering/string_helper_test.cpp.o[0m
[123.929s] /usr/bin/cmake: /opt/workspace/install/libcurl_vendor/opt/libcurl_vendor/lib/libcurl.so.4: no version information available (required by /usr/bin/cmake)
[123.938s] [ 76%] [32mBuilding CXX object CMakeFiles/movable_text_test_target.dir/test/rviz_rendering/objects/movable_text_test.cpp.o[0m
[123.958s] /usr/bin/cmake: /opt/workspace/install/libcurl_vendor/opt/libcurl_vendor/lib/libcurl.so.4: no version information available (required by /usr/bin/cmake)
[123.966s] [ 77%] [32mBuilding CXX object CMakeFiles/movable_text_test_target.dir/movable_text_test_target_autogen/mocs_compilation.cpp.o[0m
[126.368s] /usr/bin/cmake: /opt/workspace/install/libcurl_vendor/opt/libcurl_vendor/lib/libcurl.so.4: no version information available (required by /usr/bin/cmake)
[126.376s] [ 79%] [32m[1mLinking CXX executable string_helper_test[0m
[126.402s] /usr/bin/cmake: /opt/workspace/install/libcurl_vendor/opt/libcurl_vendor/lib/libcurl.so.4: no version information available (required by /usr/bin/cmake)
[127.142s] /usr/bin/cmake: /opt/workspace/install/libcurl_vendor/opt/libcurl_vendor/lib/libcurl.so.4: no version information available (required by /usr/bin/cmake)
[127.152s] [ 79%] Built target string_helper_test
[127.203s] /usr/bin/cmake: /opt/workspace/install/libcurl_vendor/opt/libcurl_vendor/lib/libcurl.so.4: no version information available (required by /usr/bin/cmake)
[127.221s] [35m[1mScanning dependencies of target grid_test_target[0m
[127.226s] /usr/bin/cmake: /opt/workspace/install/libcurl_vendor/opt/libcurl_vendor/lib/libcurl.so.4: no version information available (required by /usr/bin/cmake)
[127.252s] [35m[1mScanning dependencies of target billboard_line_test_target[0m
[127.414s] /usr/bin/cmake: /opt/workspace/install/libcurl_vendor/opt/libcurl_vendor/lib/libcurl.so.4: no version information available (required by /usr/bin/cmake)
[127.422s] /usr/bin/cmake: /opt/workspace/install/libcurl_vendor/opt/libcurl_vendor/lib/libcurl.so.4: no version information available (required by /usr/bin/cmake)
[127.434s] /usr/bin/cmake: /opt/workspace/install/libcurl_vendor/opt/libcurl_vendor/lib/libcurl.so.4: no version information available (required by /usr/bin/cmake)
[127.447s] /usr/bin/cmake: /opt/workspace/install/libcurl_vendor/opt/libcurl_vendor/lib/libcurl.so.4: no version information available (required by /usr/bin/cmake)
[127.456s] [ 80%] [32mBuilding CXX object CMakeFiles/grid_test_target.dir/grid_test_target_autogen/mocs_compilation.cpp.o[0m
[127.456s] [ 81%] [32mBuilding CXX object CMakeFiles/billboard_line_test_target.dir/test/rviz_rendering/objects/billboard_line_test.cpp.o[0m
[127.456s] [ 83%] [32mBuilding CXX object CMakeFiles/billboard_line_test_target.dir/billboard_line_test_target_autogen/mocs_compilation.cpp.o[0m
[127.463s] [ 84%] [32mBuilding CXX object CMakeFiles/grid_test_target.dir/test/rviz_rendering/objects/grid_test.cpp.o[0m
[130.799s] /usr/bin/cmake: /opt/workspace/install/libcurl_vendor/opt/libcurl_vendor/lib/libcurl.so.4: no version information available (required by /usr/bin/cmake)
[130.809s] [ 85%] [32m[1mLinking CXX executable movable_text_test_target[0m
[130.826s] /usr/bin/cmake: /opt/workspace/install/libcurl_vendor/opt/libcurl_vendor/lib/libcurl.so.4: no version information available (required by /usr/bin/cmake)
[132.302s] /usr/bin/cmake: /opt/workspace/install/libcurl_vendor/opt/libcurl_vendor/lib/libcurl.so.4: no version information available (required by /usr/bin/cmake)
[132.312s] [ 85%] Built target movable_text_test_target
[135.196s] /usr/bin/cmake: /opt/workspace/install/libcurl_vendor/opt/libcurl_vendor/lib/libcurl.so.4: no version information available (required by /usr/bin/cmake)
[135.210s] [ 87%] [32m[1mLinking CXX executable grid_test_target[0m
[135.230s] /usr/bin/cmake: /opt/workspace/install/libcurl_vendor/opt/libcurl_vendor/lib/libcurl.so.4: no version information available (required by /usr/bin/cmake)
[135.386s] /usr/bin/cmake: /opt/workspace/install/libcurl_vendor/opt/libcurl_vendor/lib/libcurl.so.4: no version information available (required by /usr/bin/cmake)
[135.396s] [ 88%] [32m[1mLinking CXX executable billboard_line_test_target[0m
[135.402s] /usr/bin/cmake: /opt/workspace/install/libcurl_vendor/opt/libcurl_vendor/lib/libcurl.so.4: no version information available (required by /usr/bin/cmake)
[136.242s] /usr/bin/cmake: /opt/workspace/install/libcurl_vendor/opt/libcurl_vendor/lib/libcurl.so.4: no version information available (required by /usr/bin/cmake)
[136.252s] [ 88%] Built target grid_test_target
[136.425s] /usr/bin/cmake: /opt/workspace/install/libcurl_vendor/opt/libcurl_vendor/lib/libcurl.so.4: no version information available (required by /usr/bin/cmake)
[136.435s] [ 88%] Built target billboard_line_test_target
[137.473s] /usr/bin/cmake: /opt/workspace/install/libcurl_vendor/opt/libcurl_vendor/lib/libcurl.so.4: no version information available (required by /usr/bin/cmake)
[137.482s] [ 89%] [32m[1mLinking CXX executable point_cloud_test_target[0m
[137.487s] /usr/bin/cmake: /opt/workspace/install/libcurl_vendor/opt/libcurl_vendor/lib/libcurl.so.4: no version information available (required by /usr/bin/cmake)
[138.635s] /usr/bin/cmake: /opt/workspace/install/libcurl_vendor/opt/libcurl_vendor/lib/libcurl.so.4: no version information available (required by /usr/bin/cmake)
[138.645s] [ 89%] Built target point_cloud_test_target
[138.654s] /usr/bin/cmake: /opt/workspace/install/libcurl_vendor/opt/libcurl_vendor/lib/libcurl.so.4: no version information available (required by /usr/bin/cmake)
[138.664s] [35m[1mScanning dependencies of target line_test_target_autogen[0m
[138.673s] /usr/bin/cmake: /opt/workspace/install/libcurl_vendor/opt/libcurl_vendor/lib/libcurl.so.4: no version information available (required by /usr/bin/cmake)
[138.683s] [ 90%] [34m[1mAutomatic MOC for target line_test_target[0m
[138.690s] /usr/bin/cmake: /opt/workspace/install/libcurl_vendor/opt/libcurl_vendor/lib/libcurl.so.4: no version information available (required by /usr/bin/cmake)
[138.717s] /usr/bin/cmake: /opt/workspace/install/libcurl_vendor/opt/libcurl_vendor/lib/libcurl.so.4: no version information available (required by /usr/bin/cmake)
[138.724s] [ 90%] Built target line_test_target_autogen
[138.732s] /usr/bin/cmake: /opt/workspace/install/libcurl_vendor/opt/libcurl_vendor/lib/libcurl.so.4: no version information available (required by /usr/bin/cmake)
[138.742s] [35m[1mScanning dependencies of target covariance_visual_test_target_autogen[0m
[138.750s] /usr/bin/cmake: /opt/workspace/install/libcurl_vendor/opt/libcurl_vendor/lib/libcurl.so.4: no version information available (required by /usr/bin/cmake)
[138.757s] [ 92%] [34m[1mAutomatic MOC for target covariance_visual_test_target[0m
[138.763s] /usr/bin/cmake: /opt/workspace/install/libcurl_vendor/opt/libcurl_vendor/lib/libcurl.so.4: no version information available (required by /usr/bin/cmake)
[138.789s] /usr/bin/cmake: /opt/workspace/install/libcurl_vendor/opt/libcurl_vendor/lib/libcurl.so.4: no version information available (required by /usr/bin/cmake)
[138.799s] [ 92%] Built target covariance_visual_test_target_autogen
[138.807s] /usr/bin/cmake: /opt/workspace/install/libcurl_vendor/opt/libcurl_vendor/lib/libcurl.so.4: no version information available (required by /usr/bin/cmake)
[138.814s] [35m[1mScanning dependencies of target line_test_target[0m
[138.908s] /usr/bin/cmake: /opt/workspace/install/libcurl_vendor/opt/libcurl_vendor/lib/libcurl.so.4: no version information available (required by /usr/bin/cmake)
[138.915s] [ 93%] [32mBuilding CXX object CMakeFiles/line_test_target.dir/test/rviz_rendering/objects/line_test.cpp.o[0m
[143.847s] /usr/bin/cmake: /opt/workspace/install/libcurl_vendor/opt/libcurl_vendor/lib/libcurl.so.4: no version information available (required by /usr/bin/cmake)
[143.853s] [ 94%] [32mBuilding CXX object CMakeFiles/line_test_target.dir/line_test_target_autogen/mocs_compilation.cpp.o[0m
[143.875s] /usr/bin/cmake: /opt/workspace/install/libcurl_vendor/opt/libcurl_vendor/lib/libcurl.so.4: no version information available (required by /usr/bin/cmake)
[143.883s] [ 96%] [32m[1mLinking CXX executable line_test_target[0m
[143.887s] /usr/bin/cmake: /opt/workspace/install/libcurl_vendor/opt/libcurl_vendor/lib/libcurl.so.4: no version information available (required by /usr/bin/cmake)
[144.543s] /usr/bin/cmake: /opt/workspace/install/libcurl_vendor/opt/libcurl_vendor/lib/libcurl.so.4: no version information available (required by /usr/bin/cmake)
[144.553s] [ 96%] Built target line_test_target
[144.561s] /usr/bin/cmake: /opt/workspace/install/libcurl_vendor/opt/libcurl_vendor/lib/libcurl.so.4: no version information available (required by /usr/bin/cmake)
[144.571s] [35m[1mScanning dependencies of target covariance_visual_test_target[0m
[144.730s] /usr/bin/cmake: /opt/workspace/install/libcurl_vendor/opt/libcurl_vendor/lib/libcurl.so.4: no version information available (required by /usr/bin/cmake)
[144.739s] [ 97%] [32mBuilding CXX object CMakeFiles/covariance_visual_test_target.dir/test/rviz_rendering/objects/covariance_visual_test.cpp.o[0m
[150.138s] /usr/bin/cmake: /opt/workspace/install/libcurl_vendor/opt/libcurl_vendor/lib/libcurl.so.4: no version information available (required by /usr/bin/cmake)
[150.144s] [ 98%] [32mBuilding CXX object CMakeFiles/covariance_visual_test_target.dir/covariance_visual_test_target_autogen/mocs_compilation.cpp.o[0m
[150.165s] /usr/bin/cmake: /opt/workspace/install/libcurl_vendor/opt/libcurl_vendor/lib/libcurl.so.4: no version information available (required by /usr/bin/cmake)
[150.174s] [100%] [32m[1mLinking CXX executable covariance_visual_test_target[0m
[150.178s] /usr/bin/cmake: /opt/workspace/install/libcurl_vendor/opt/libcurl_vendor/lib/libcurl.so.4: no version information available (required by /usr/bin/cmake)
[150.782s] /usr/bin/cmake: /opt/workspace/install/libcurl_vendor/opt/libcurl_vendor/lib/libcurl.so.4: no version information available (required by /usr/bin/cmake)
[150.788s] [100%] Built target covariance_visual_test_target
[150.792s] /usr/bin/cmake: /opt/workspace/install/libcurl_vendor/opt/libcurl_vendor/lib/libcurl.so.4: no version information available (required by /usr/bin/cmake)
[150.803s] Invoked command in '/opt/workspace/build/rviz_rendering' returned '0': AMENT_PREFIX_PATH=/opt/workspace/install/resource_retriever:/opt/workspace/install/ament_index_cpp:/opt/workspace/install/eigen3_cmake_module:/opt/workspace/install/ament_cmake_uncrustify:/opt/workspace/install/ament_cmake_cpplint:/opt/workspace/install/ament_cmake_cppcheck:/opt/workspace/install/ament_uncrustify:/opt/workspace/install/uncrustify_vendor:/opt/workspace/install/rviz_ogre_vendor:/opt/workspace/install/rviz_assimp_vendor:/opt/workspace/install/libcurl_vendor:/opt/workspace/install/ament_cmake_lint_cmake:/opt/workspace/install/ament_cmake_gmock:/opt/workspace/install/ament_lint_cmake:/opt/workspace/install/ament_cpplint:/opt/workspace/install/ament_cmake_gtest:/opt/workspace/install/ament_cmake:/opt/workspace/install/ament_cmake_test:/opt/workspace/install/ament_cmake_target_dependencies:/opt/workspace/install/ament_cmake_export_interfaces:/opt/workspace/install/ament_cmake_export_dependencies:/opt/workspace/install/ament_cmake_version:/opt/workspace/install/ament_cmake_python:/opt/workspace/install/ament_cmake_libraries:/opt/workspace/install/ament_cmake_include_directories:/opt/workspace/install/ament_cmake_export_link_flags:/opt/workspace/install/ament_cmake_export_libraries:/opt/workspace/install/ament_cmake_export_include_directories:/opt/workspace/install/ament_cmake_export_definitions:/opt/workspace/install/ament_cmake_core:/opt/workspace/install/ament_package:/opt/workspace/install/ament_cppcheck:${AMENT_PREFIX_PATH} CMAKE_PREFIX_PATH=/opt/workspace/install/resource_retriever:/opt/workspace/install/ament_index_cpp:/opt/workspace/install/eigen3_cmake_module:/opt/workspace/install/ament_cmake_uncrustify:/opt/workspace/install/ament_cmake_cpplint:/opt/workspace/install/ament_cmake_cppcheck:/opt/workspace/install/uncrustify_vendor:/opt/workspace/install/rviz_ogre_vendor:/opt/workspace/install/rviz_assimp_vendor:/opt/workspace/install/libcurl_vendor:/opt/workspace/install/ament_cmake_lint_cmake:/opt/workspace/install/ament_cmake_gmock:/opt/workspace/install/ament_cmake_gtest:/opt/workspace/install/ament_cmake:/opt/workspace/install/ament_cmake_test:/opt/workspace/install/ament_cmake_target_dependencies:/opt/workspace/install/ament_cmake_export_interfaces:/opt/workspace/install/ament_cmake_export_dependencies:/opt/workspace/install/ament_cmake_version:/opt/workspace/install/ament_cmake_python:/opt/workspace/install/ament_cmake_libraries:/opt/workspace/install/ament_cmake_include_directories:/opt/workspace/install/ament_cmake_export_link_flags:/opt/workspace/install/ament_cmake_export_libraries:/opt/workspace/install/ament_cmake_export_include_directories:/opt/workspace/install/ament_cmake_export_definitions:/opt/workspace/install/gmock_vendor:/opt/workspace/install/ament_cmake_core:/opt/workspace/install/gtest_vendor:/opt/ros/eloquent LD_LIBRARY_PATH=/opt/workspace/install/resource_retriever/lib:/opt/workspace/install/ament_index_cpp/lib:/opt/workspace/install/rviz_ogre_vendor/opt/rviz_ogre_vendor/lib:/opt/workspace/install/rviz_assimp_vendor/opt/rviz_assimp_vendor/lib:/opt/workspace/install/libcurl_vendor/opt/libcurl_vendor/lib:${LD_LIBRARY_PATH} PATH=/opt/workspace/install/ament_uncrustify/bin:/opt/workspace/install/ament_lint_cmake/bin:/opt/workspace/install/ament_cpplint/bin:/opt/workspace/install/ament_cppcheck/bin:${PATH} PKG_CONFIG_PATH=/opt/workspace/install/gmock_vendor/lib/x86_64-linux-gnu/pkgconfig:/opt/workspace/install/gmock_vendor/lib/pkgconfig:/opt/workspace/install/gtest_vendor/lib/x86_64-linux-gnu/pkgconfig:/opt/workspace/install/gtest_vendor/lib/pkgconfig PYTHONPATH=/opt/workspace/install/ament_uncrustify/lib/python3.6/site-packages:/opt/workspace/install/ament_lint_cmake/lib/python3.6/site-packages:/opt/workspace/install/ament_cpplint/lib/python3.6/site-packages:/opt/workspace/install/ament_cmake_test/lib/python3.6/site-packages:/opt/workspace/install/ament_package/lib/python3.6/site-packages:/opt/workspace/install/ament_cppcheck/lib/python3.6/site-packages:${PYTHONPATH} /usr/bin/cmake --build /opt/workspace/build/rviz_rendering -- -j8 -l8
[150.970s] Invoking command in '/opt/workspace/build/rviz_rendering': AMENT_PREFIX_PATH=/opt/workspace/install/resource_retriever:/opt/workspace/install/ament_index_cpp:/opt/workspace/install/eigen3_cmake_module:/opt/workspace/install/ament_cmake_uncrustify:/opt/workspace/install/ament_cmake_cpplint:/opt/workspace/install/ament_cmake_cppcheck:/opt/workspace/install/ament_uncrustify:/opt/workspace/install/uncrustify_vendor:/opt/workspace/install/rviz_ogre_vendor:/opt/workspace/install/rviz_assimp_vendor:/opt/workspace/install/libcurl_vendor:/opt/workspace/install/ament_cmake_lint_cmake:/opt/workspace/install/ament_cmake_gmock:/opt/workspace/install/ament_lint_cmake:/opt/workspace/install/ament_cpplint:/opt/workspace/install/ament_cmake_gtest:/opt/workspace/install/ament_cmake:/opt/workspace/install/ament_cmake_test:/opt/workspace/install/ament_cmake_target_dependencies:/opt/workspace/install/ament_cmake_export_interfaces:/opt/workspace/install/ament_cmake_export_dependencies:/opt/workspace/install/ament_cmake_version:/opt/workspace/install/ament_cmake_python:/opt/workspace/install/ament_cmake_libraries:/opt/workspace/install/ament_cmake_include_directories:/opt/workspace/install/ament_cmake_export_link_flags:/opt/workspace/install/ament_cmake_export_libraries:/opt/workspace/install/ament_cmake_export_include_directories:/opt/workspace/install/ament_cmake_export_definitions:/opt/workspace/install/ament_cmake_core:/opt/workspace/install/ament_package:/opt/workspace/install/ament_cppcheck:${AMENT_PREFIX_PATH} CMAKE_PREFIX_PATH=/opt/workspace/install/resource_retriever:/opt/workspace/install/ament_index_cpp:/opt/workspace/install/eigen3_cmake_module:/opt/workspace/install/ament_cmake_uncrustify:/opt/workspace/install/ament_cmake_cpplint:/opt/workspace/install/ament_cmake_cppcheck:/opt/workspace/install/uncrustify_vendor:/opt/workspace/install/rviz_ogre_vendor:/opt/workspace/install/rviz_assimp_vendor:/opt/workspace/install/libcurl_vendor:/opt/workspace/install/ament_cmake_lint_cmake:/opt/workspace/install/ament_cmake_gmock:/opt/workspace/install/ament_cmake_gtest:/opt/workspace/install/ament_cmake:/opt/workspace/install/ament_cmake_test:/opt/workspace/install/ament_cmake_target_dependencies:/opt/workspace/install/ament_cmake_export_interfaces:/opt/workspace/install/ament_cmake_export_dependencies:/opt/workspace/install/ament_cmake_version:/opt/workspace/install/ament_cmake_python:/opt/workspace/install/ament_cmake_libraries:/opt/workspace/install/ament_cmake_include_directories:/opt/workspace/install/ament_cmake_export_link_flags:/opt/workspace/install/ament_cmake_export_libraries:/opt/workspace/install/ament_cmake_export_include_directories:/opt/workspace/install/ament_cmake_export_definitions:/opt/workspace/install/gmock_vendor:/opt/workspace/install/ament_cmake_core:/opt/workspace/install/gtest_vendor:/opt/ros/eloquent LD_LIBRARY_PATH=/opt/workspace/install/resource_retriever/lib:/opt/workspace/install/ament_index_cpp/lib:/opt/workspace/install/rviz_ogre_vendor/opt/rviz_ogre_vendor/lib:/opt/workspace/install/rviz_assimp_vendor/opt/rviz_assimp_vendor/lib:/opt/workspace/install/libcurl_vendor/opt/libcurl_vendor/lib:${LD_LIBRARY_PATH} PATH=/opt/workspace/install/ament_uncrustify/bin:/opt/workspace/install/ament_lint_cmake/bin:/opt/workspace/install/ament_cpplint/bin:/opt/workspace/install/ament_cppcheck/bin:${PATH} PKG_CONFIG_PATH=/opt/workspace/install/gmock_vendor/lib/x86_64-linux-gnu/pkgconfig:/opt/workspace/install/gmock_vendor/lib/pkgconfig:/opt/workspace/install/gtest_vendor/lib/x86_64-linux-gnu/pkgconfig:/opt/workspace/install/gtest_vendor/lib/pkgconfig PYTHONPATH=/opt/workspace/install/ament_uncrustify/lib/python3.6/site-packages:/opt/workspace/install/ament_lint_cmake/lib/python3.6/site-packages:/opt/workspace/install/ament_cpplint/lib/python3.6/site-packages:/opt/workspace/install/ament_cmake_test/lib/python3.6/site-packages:/opt/workspace/install/ament_package/lib/python3.6/site-packages:/opt/workspace/install/ament_cppcheck/lib/python3.6/site-packages:${PYTHONPATH} /usr/bin/cmake --build /opt/workspace/build/rviz_rendering --target install -- -j8 -l8
[150.977s] /usr/bin/cmake: /opt/workspace/install/libcurl_vendor/opt/libcurl_vendor/lib/libcurl.so.4: no version information available (required by /usr/bin/cmake)
[150.993s] /usr/bin/cmake: /opt/workspace/install/libcurl_vendor/opt/libcurl_vendor/lib/libcurl.so.4: no version information available (required by /usr/bin/cmake)
[151.012s] /usr/bin/cmake: /opt/workspace/install/libcurl_vendor/opt/libcurl_vendor/lib/libcurl.so.4: no version information available (required by /usr/bin/cmake)
[151.031s] /usr/bin/cmake: /opt/workspace/install/libcurl_vendor/opt/libcurl_vendor/lib/libcurl.so.4: no version information available (required by /usr/bin/cmake)
[151.045s] /usr/bin/cmake: /opt/workspace/install/libcurl_vendor/opt/libcurl_vendor/lib/libcurl.so.4: no version information available (required by /usr/bin/cmake)
[151.051s] [  1%] [34m[1mAutomatic MOC for target gmock[0m
[151.056s] /usr/bin/cmake: /opt/workspace/install/libcurl_vendor/opt/libcurl_vendor/lib/libcurl.so.4: no version information available (required by /usr/bin/cmake)
[151.071s] /usr/bin/cmake: /opt/workspace/install/libcurl_vendor/opt/libcurl_vendor/lib/libcurl.so.4: no version information available (required by /usr/bin/cmake)
[151.079s] [  1%] Built target gmock_autogen
[151.087s] /usr/bin/cmake: /opt/workspace/install/libcurl_vendor/opt/libcurl_vendor/lib/libcurl.so.4: no version information available (required by /usr/bin/cmake)
[151.102s] /usr/bin/cmake: /opt/workspace/install/libcurl_vendor/opt/libcurl_vendor/lib/libcurl.so.4: no version information available (required by /usr/bin/cmake)
[151.110s] [  2%] [34m[1mAutomatic MOC for target gmock_main[0m
[151.115s] /usr/bin/cmake: /opt/workspace/install/libcurl_vendor/opt/libcurl_vendor/lib/libcurl.so.4: no version information available (required by /usr/bin/cmake)
[151.130s] /usr/bin/cmake: /opt/workspace/install/libcurl_vendor/opt/libcurl_vendor/lib/libcurl.so.4: no version information available (required by /usr/bin/cmake)
[151.138s] [  2%] Built target gmock_main_autogen
[151.146s] /usr/bin/cmake: /opt/workspace/install/libcurl_vendor/opt/libcurl_vendor/lib/libcurl.so.4: no version information available (required by /usr/bin/cmake)
[151.165s] /usr/bin/cmake: /opt/workspace/install/libcurl_vendor/opt/libcurl_vendor/lib/libcurl.so.4: no version information available (required by /usr/bin/cmake)
[151.173s] [  7%] Built target gmock
[151.180s] /usr/bin/cmake: /opt/workspace/install/libcurl_vendor/opt/libcurl_vendor/lib/libcurl.so.4: no version information available (required by /usr/bin/cmake)
[151.199s] /usr/bin/cmake: /opt/workspace/install/libcurl_vendor/opt/libcurl_vendor/lib/libcurl.so.4: no version information available (required by /usr/bin/cmake)
[151.208s] [ 11%] Built target gmock_main
[151.215s] /usr/bin/cmake: /opt/workspace/install/libcurl_vendor/opt/libcurl_vendor/lib/libcurl.so.4: no version information available (required by /usr/bin/cmake)
[151.231s] /usr/bin/cmake: /opt/workspace/install/libcurl_vendor/opt/libcurl_vendor/lib/libcurl.so.4: no version information available (required by /usr/bin/cmake)
[151.239s] [ 12%] [34m[1mAutomatic MOC for target rviz_rendering[0m
[151.245s] /usr/bin/cmake: /opt/workspace/install/libcurl_vendor/opt/libcurl_vendor/lib/libcurl.so.4: no version information available (required by /usr/bin/cmake)
[151.262s] /usr/bin/cmake: /opt/workspace/install/libcurl_vendor/opt/libcurl_vendor/lib/libcurl.so.4: no version information available (required by /usr/bin/cmake)
[151.270s] [ 12%] Built target rviz_rendering_autogen
[151.308s] /usr/bin/cmake: /opt/workspace/install/libcurl_vendor/opt/libcurl_vendor/lib/libcurl.so.4: no version information available (required by /usr/bin/cmake)
[151.378s] /usr/bin/cmake: /opt/workspace/install/libcurl_vendor/opt/libcurl_vendor/lib/libcurl.so.4: no version information available (required by /usr/bin/cmake)
[151.387s] [ 53%] Built target rviz_rendering
[151.392s] /usr/bin/cmake: /opt/workspace/install/libcurl_vendor/opt/libcurl_vendor/lib/libcurl.so.4: no version information available (required by /usr/bin/cmake)
[151.406s] /usr/bin/cmake: /opt/workspace/install/libcurl_vendor/opt/libcurl_vendor/lib/libcurl.so.4: no version information available (required by /usr/bin/cmake)
[151.414s] [ 54%] [34m[1mAutomatic MOC for target point_cloud_renderable_test_target[0m
[151.418s] /usr/bin/cmake: /opt/workspace/install/libcurl_vendor/opt/libcurl_vendor/lib/libcurl.so.4: no version information available (required by /usr/bin/cmake)
[151.430s] /usr/bin/cmake: /opt/workspace/install/libcurl_vendor/opt/libcurl_vendor/lib/libcurl.so.4: no version information available (required by /usr/bin/cmake)
[151.436s] [ 54%] Built target point_cloud_renderable_test_target_autogen
[151.442s] /usr/bin/cmake: /opt/workspace/install/libcurl_vendor/opt/libcurl_vendor/lib/libcurl.so.4: no version information available (required by /usr/bin/cmake)
[151.455s] /usr/bin/cmake: /opt/workspace/install/libcurl_vendor/opt/libcurl_vendor/lib/libcurl.so.4: no version information available (required by /usr/bin/cmake)
[151.463s] [ 55%] [34m[1mAutomatic MOC for target wrench_visual_test_target[0m
[151.468s] /usr/bin/cmake: /opt/workspace/install/libcurl_vendor/opt/libcurl_vendor/lib/libcurl.so.4: no version information available (required by /usr/bin/cmake)
[151.483s] /usr/bin/cmake: /opt/workspace/install/libcurl_vendor/opt/libcurl_vendor/lib/libcurl.so.4: no version information available (required by /usr/bin/cmake)
[151.491s] [ 55%] Built target wrench_visual_test_target_autogen
[151.498s] /usr/bin/cmake: /opt/workspace/install/libcurl_vendor/opt/libcurl_vendor/lib/libcurl.so.4: no version information available (required by /usr/bin/cmake)
[151.514s] /usr/bin/cmake: /opt/workspace/install/libcurl_vendor/opt/libcurl_vendor/lib/libcurl.so.4: no version information available (required by /usr/bin/cmake)
[151.522s] [ 57%] [34m[1mAutomatic MOC for target point_cloud_test_target[0m
[151.527s] /usr/bin/cmake: /opt/workspace/install/libcurl_vendor/opt/libcurl_vendor/lib/libcurl.so.4: no version information available (required by /usr/bin/cmake)
[151.542s] /usr/bin/cmake: /opt/workspace/install/libcurl_vendor/opt/libcurl_vendor/lib/libcurl.so.4: no version information available (required by /usr/bin/cmake)
[151.547s] [ 57%] Built target point_cloud_test_target_autogen
[151.556s] /usr/bin/cmake: /opt/workspace/install/libcurl_vendor/opt/libcurl_vendor/lib/libcurl.so.4: no version information available (required by /usr/bin/cmake)
[151.580s] /usr/bin/cmake: /opt/workspace/install/libcurl_vendor/opt/libcurl_vendor/lib/libcurl.so.4: no version information available (required by /usr/bin/cmake)
[151.588s] [ 61%] Built target point_cloud_renderable_test_target
[151.597s] /usr/bin/cmake: /opt/workspace/install/libcurl_vendor/opt/libcurl_vendor/lib/libcurl.so.4: no version information available (required by /usr/bin/cmake)
[151.626s] /usr/bin/cmake: /opt/workspace/install/libcurl_vendor/opt/libcurl_vendor/lib/libcurl.so.4: no version information available (required by /usr/bin/cmake)
[151.634s] [ 64%] Built target wrench_visual_test_target
[151.643s] /usr/bin/cmake: /opt/workspace/install/libcurl_vendor/opt/libcurl_vendor/lib/libcurl.so.4: no version information available (required by /usr/bin/cmake)
[151.672s] /usr/bin/cmake: /opt/workspace/install/libcurl_vendor/opt/libcurl_vendor/lib/libcurl.so.4: no version information available (required by /usr/bin/cmake)
[151.680s] [ 68%] Built target point_cloud_test_target
[151.687s] /usr/bin/cmake: /opt/workspace/install/libcurl_vendor/opt/libcurl_vendor/lib/libcurl.so.4: no version information available (required by /usr/bin/cmake)
[151.702s] /usr/bin/cmake: /opt/workspace/install/libcurl_vendor/opt/libcurl_vendor/lib/libcurl.so.4: no version information available (required by /usr/bin/cmake)
[151.707s] [ 70%] [34m[1mAutomatic MOC for target movable_text_test_target[0m
[151.712s] /usr/bin/cmake: /opt/workspace/install/libcurl_vendor/opt/libcurl_vendor/lib/libcurl.so.4: no version information available (required by /usr/bin/cmake)
[151.727s] /usr/bin/cmake: /opt/workspace/install/libcurl_vendor/opt/libcurl_vendor/lib/libcurl.so.4: no version information available (required by /usr/bin/cmake)
[151.732s] [ 70%] Built target movable_text_test_target_autogen
[151.738s] /usr/bin/cmake: /opt/workspace/install/libcurl_vendor/opt/libcurl_vendor/lib/libcurl.so.4: no version information available (required by /usr/bin/cmake)
[151.751s] /usr/bin/cmake: /opt/workspace/install/libcurl_vendor/opt/libcurl_vendor/lib/libcurl.so.4: no version information available (required by /usr/bin/cmake)
[151.759s] [ 71%] [34m[1mAutomatic MOC for target grid_test_target[0m
[151.765s] /usr/bin/cmake: /opt/workspace/install/libcurl_vendor/opt/libcurl_vendor/lib/libcurl.so.4: no version information available (required by /usr/bin/cmake)
[151.779s] /usr/bin/cmake: /opt/workspace/install/libcurl_vendor/opt/libcurl_vendor/lib/libcurl.so.4: no version information available (required by /usr/bin/cmake)
[151.785s] [ 71%] Built target grid_test_target_autogen
[151.792s] /usr/bin/cmake: /opt/workspace/install/libcurl_vendor/opt/libcurl_vendor/lib/libcurl.so.4: no version information available (required by /usr/bin/cmake)
[151.813s] /usr/bin/cmake: /opt/workspace/install/libcurl_vendor/opt/libcurl_vendor/lib/libcurl.so.4: no version information available (required by /usr/bin/cmake)
[151.821s] [ 75%] Built target movable_text_test_target
[151.828s] /usr/bin/cmake: /opt/workspace/install/libcurl_vendor/opt/libcurl_vendor/lib/libcurl.so.4: no version information available (required by /usr/bin/cmake)
[151.853s] /usr/bin/cmake: /opt/workspace/install/libcurl_vendor/opt/libcurl_vendor/lib/libcurl.so.4: no version information available (required by /usr/bin/cmake)
[151.858s] [ 79%] Built target grid_test_target
[151.865s] /usr/bin/cmake: /opt/workspace/install/libcurl_vendor/opt/libcurl_vendor/lib/libcurl.so.4: no version information available (required by /usr/bin/cmake)
[151.880s] /usr/bin/cmake: /opt/workspace/install/libcurl_vendor/opt/libcurl_vendor/lib/libcurl.so.4: no version information available (required by /usr/bin/cmake)
[151.888s] [ 80%] [34m[1mAutomatic MOC for target billboard_line_test_target[0m
[151.893s] /usr/bin/cmake: /opt/workspace/install/libcurl_vendor/opt/libcurl_vendor/lib/libcurl.so.4: no version information available (required by /usr/bin/cmake)
[151.908s] /usr/bin/cmake: /opt/workspace/install/libcurl_vendor/opt/libcurl_vendor/lib/libcurl.so.4: no version information available (required by /usr/bin/cmake)
[151.913s] [ 80%] Built target billboard_line_test_target_autogen
[151.920s] /usr/bin/cmake: /opt/workspace/install/libcurl_vendor/opt/libcurl_vendor/lib/libcurl.so.4: no version information available (required by /usr/bin/cmake)
[151.931s] /usr/bin/cmake: /opt/workspace/install/libcurl_vendor/opt/libcurl_vendor/lib/libcurl.so.4: no version information available (required by /usr/bin/cmake)
[151.937s] [ 81%] [34m[1mAutomatic MOC for target string_helper_test[0m
[151.941s] /usr/bin/cmake: /opt/workspace/install/libcurl_vendor/opt/libcurl_vendor/lib/libcurl.so.4: no version information available (required by /usr/bin/cmake)
[151.952s] /usr/bin/cmake: /opt/workspace/install/libcurl_vendor/opt/libcurl_vendor/lib/libcurl.so.4: no version information available (required by /usr/bin/cmake)
[151.958s] [ 81%] Built target string_helper_test_autogen
[151.966s] /usr/bin/cmake: /opt/workspace/install/libcurl_vendor/opt/libcurl_vendor/lib/libcurl.so.4: no version information available (required by /usr/bin/cmake)
[151.990s] /usr/bin/cmake: /opt/workspace/install/libcurl_vendor/opt/libcurl_vendor/lib/libcurl.so.4: no version information available (required by /usr/bin/cmake)
[151.995s] [ 85%] Built target billboard_line_test_target
[152.003s] /usr/bin/cmake: /opt/workspace/install/libcurl_vendor/opt/libcurl_vendor/lib/libcurl.so.4: no version information available (required by /usr/bin/cmake)
[152.025s] /usr/bin/cmake: /opt/workspace/install/libcurl_vendor/opt/libcurl_vendor/lib/libcurl.so.4: no version information available (required by /usr/bin/cmake)
[152.033s] [ 89%] Built target string_helper_test
[152.040s] /usr/bin/cmake: /opt/workspace/install/libcurl_vendor/opt/libcurl_vendor/lib/libcurl.so.4: no version information available (required by /usr/bin/cmake)
[152.056s] /usr/bin/cmake: /opt/workspace/install/libcurl_vendor/opt/libcurl_vendor/lib/libcurl.so.4: no version information available (required by /usr/bin/cmake)
[152.064s] [ 90%] [34m[1mAutomatic MOC for target line_test_target[0m
[152.068s] /usr/bin/cmake: /opt/workspace/install/libcurl_vendor/opt/libcurl_vendor/lib/libcurl.so.4: no version information available (required by /usr/bin/cmake)
[152.080s] /usr/bin/cmake: /opt/workspace/install/libcurl_vendor/opt/libcurl_vendor/lib/libcurl.so.4: no version information available (required by /usr/bin/cmake)
[152.088s] [ 90%] Built target line_test_target_autogen
[152.095s] /usr/bin/cmake: /opt/workspace/install/libcurl_vendor/opt/libcurl_vendor/lib/libcurl.so.4: no version information available (required by /usr/bin/cmake)
[152.108s] /usr/bin/cmake: /opt/workspace/install/libcurl_vendor/opt/libcurl_vendor/lib/libcurl.so.4: no version information available (required by /usr/bin/cmake)
[152.116s] [ 92%] [34m[1mAutomatic MOC for target covariance_visual_test_target[0m
[152.121s] /usr/bin/cmake: /opt/workspace/install/libcurl_vendor/opt/libcurl_vendor/lib/libcurl.so.4: no version information available (required by /usr/bin/cmake)
[152.133s] /usr/bin/cmake: /opt/workspace/install/libcurl_vendor/opt/libcurl_vendor/lib/libcurl.so.4: no version information available (required by /usr/bin/cmake)
[152.142s] [ 92%] Built target covariance_visual_test_target_autogen
[152.152s] /usr/bin/cmake: /opt/workspace/install/libcurl_vendor/opt/libcurl_vendor/lib/libcurl.so.4: no version information available (required by /usr/bin/cmake)
[152.185s] /usr/bin/cmake: /opt/workspace/install/libcurl_vendor/opt/libcurl_vendor/lib/libcurl.so.4: no version information available (required by /usr/bin/cmake)
[152.194s] [ 96%] Built target line_test_target
[152.206s] /usr/bin/cmake: /opt/workspace/install/libcurl_vendor/opt/libcurl_vendor/lib/libcurl.so.4: no version information available (required by /usr/bin/cmake)
[152.238s] /usr/bin/cmake: /opt/workspace/install/libcurl_vendor/opt/libcurl_vendor/lib/libcurl.so.4: no version information available (required by /usr/bin/cmake)
[152.244s] [100%] Built target covariance_visual_test_target
[152.248s] /usr/bin/cmake: /opt/workspace/install/libcurl_vendor/opt/libcurl_vendor/lib/libcurl.so.4: no version information available (required by /usr/bin/cmake)
[152.266s] /usr/bin/cmake: /opt/workspace/install/libcurl_vendor/opt/libcurl_vendor/lib/libcurl.so.4: no version information available (required by /usr/bin/cmake)
[152.274s] [36mInstall the project...[0m
[152.277s] /usr/bin/cmake: /opt/workspace/install/libcurl_vendor/opt/libcurl_vendor/lib/libcurl.so.4: no version information available (required by /usr/bin/cmake)
[152.283s] -- Install configuration: ""
[152.284s] -- Installing: /opt/workspace/install/rviz_rendering/share/rviz_rendering/environment/library_path.sh
[152.284s] -- Installing: /opt/workspace/install/rviz_rendering/share/rviz_rendering/environment/library_path.dsv
[152.284s] -- Installing: /opt/workspace/install/rviz_rendering/lib/librviz_rendering.so
[152.289s] -- Set runtime path of "/opt/workspace/install/rviz_rendering/lib/librviz_rendering.so" to ""
[152.289s] -- Installing: /opt/workspace/install/rviz_rendering/include
[152.289s] -- Installing: /opt/workspace/install/rviz_rendering/include/test
[152.290s] -- Installing: /opt/workspace/install/rviz_rendering/include/test/rviz_rendering
[152.290s] -- Installing: /opt/workspace/install/rviz_rendering/include/test/rviz_rendering/ogre_testing_environment.hpp
[152.290s] -- Installing: /opt/workspace/install/rviz_rendering/include/test/rviz_rendering/scene_graph_introspection.hpp
[152.291s] -- Installing: /opt/workspace/install/rviz_rendering/include/rviz_rendering
[152.291s] -- Installing: /opt/workspace/install/rviz_rendering/include/rviz_rendering/rviz_rendering.hpp
[152.291s] -- Installing: /opt/workspace/install/rviz_rendering/include/rviz_rendering/objects
[152.291s] -- Installing: /opt/workspace/install/rviz_rendering/include/rviz_rendering/objects/point_cloud_renderable.hpp
[152.292s] -- Installing: /opt/workspace/install/rviz_rendering/include/rviz_rendering/objects/covariance_visual.hpp
[152.292s] -- Installing: /opt/workspace/install/rviz_rendering/include/rviz_rendering/objects/wrench_visual.hpp
[152.292s] -- Installing: /opt/workspace/install/rviz_rendering/include/rviz_rendering/objects/point_cloud.hpp
[152.292s] -- Installing: /opt/workspace/install/rviz_rendering/include/rviz_rendering/objects/billboard_line.hpp
[152.293s] -- Installing: /opt/workspace/install/rviz_rendering/include/rviz_rendering/objects/grid.hpp
[152.293s] -- Installing: /opt/workspace/install/rviz_rendering/include/rviz_rendering/objects/movable_text.hpp
[152.293s] -- Installing: /opt/workspace/install/rviz_rendering/include/rviz_rendering/objects/object.hpp
[152.293s] -- Installing: /opt/workspace/install/rviz_rendering/include/rviz_rendering/objects/arrow.hpp
[152.294s] -- Installing: /opt/workspace/install/rviz_rendering/include/rviz_rendering/objects/line.hpp
[152.294s] -- Installing: /opt/workspace/install/rviz_rendering/include/rviz_rendering/objects/shape.hpp
[152.295s] -- Installing: /opt/workspace/install/rviz_rendering/include/rviz_rendering/objects/axes.hpp
[152.295s] -- Installing: /opt/workspace/install/rviz_rendering/include/rviz_rendering/ogre_logging.hpp
[152.295s] -- Installing: /opt/workspace/install/rviz_rendering/include/rviz_rendering/visibility_control.hpp
[152.296s] -- Installing: /opt/workspace/install/rviz_rendering/include/rviz_rendering/orthographic.hpp
[152.296s] -- Installing: /opt/workspace/install/rviz_rendering/include/rviz_rendering/logging_handler.hpp
[152.296s] -- Installing: /opt/workspace/install/rviz_rendering/include/rviz_rendering/render_window.hpp
[152.296s] -- Installing: /opt/workspace/install/rviz_rendering/include/rviz_rendering/geometry.hpp
[152.297s] -- Installing: /opt/workspace/install/rviz_rendering/include/rviz_rendering/logging.hpp
[152.297s] -- Installing: /opt/workspace/install/rviz_rendering/include/rviz_rendering/apply_visibility_bits.hpp
[152.297s] -- Installing: /opt/workspace/install/rviz_rendering/include/rviz_rendering/resource_config.hpp
[152.297s] -- Installing: /opt/workspace/install/rviz_rendering/include/rviz_rendering/material_manager.hpp
[152.298s] -- Installing: /opt/workspace/install/rviz_rendering/include/rviz_rendering/viewport_projection_finder.hpp
[152.298s] -- Installing: /opt/workspace/install/rviz_rendering/include/rviz_rendering/mesh_loader.hpp
[152.298s] -- Installing: /opt/workspace/install/rviz_rendering/include/rviz_rendering/custom_parameter_indices.hpp
[152.298s] -- Installing: /opt/workspace/install/rviz_rendering/share/rviz_rendering/cmake
[152.299s] -- Installing: /opt/workspace/install/rviz_rendering/share/rviz_rendering/cmake/register_rviz_ogre_media_exports_hook.cmake
[152.299s] -- Installing: /opt/workspace/install/rviz_rendering/share/rviz_rendering/cmake/register_rviz_ogre_media_exports.cmake
[152.299s] -- Installing: /opt/workspace/install/rviz_rendering/share/rviz_rendering/cmake/register_rviz_ogre_media_exports_hook-extras.cmake
[152.299s] -- Installing: /opt/workspace/install/rviz_rendering/share/rviz_rendering/ogre_media
[152.300s] -- Installing: /opt/workspace/install/rviz_rendering/share/rviz_rendering/ogre_media/textures
[152.300s] -- Installing: /opt/workspace/install/rviz_rendering/share/rviz_rendering/ogre_media/textures/no_image.png
[152.300s] -- Installing: /opt/workspace/install/rviz_rendering/share/rviz_rendering/ogre_media/textures/test_20x20.png
[152.301s] -- Installing: /opt/workspace/install/rviz_rendering/share/rviz_rendering/ogre_media/materials
[152.301s] -- Installing: /opt/workspace/install/rviz_rendering/share/rviz_rendering/ogre_media/materials/scripts150
[152.301s] -- Installing: /opt/workspace/install/rviz_rendering/share/rviz_rendering/ogre_media/materials/scripts150/point_cloud_flat_square.material
[152.301s] -- Installing: /opt/workspace/install/rviz_rendering/share/rviz_rendering/ogre_media/materials/scripts150/point_cloud_sphere.material
[152.302s] -- Installing: /opt/workspace/install/rviz_rendering/share/rviz_rendering/ogre_media/materials/scripts150/point_cloud_box.material
[152.302s] -- Installing: /opt/workspace/install/rviz_rendering/share/rviz_rendering/ogre_media/materials/scripts150/point_cloud_square.material
[152.302s] -- Installing: /opt/workspace/install/rviz_rendering/share/rviz_rendering/ogre_media/materials/glsl150
[152.302s] -- Installing: /opt/workspace/install/rviz_rendering/share/rviz_rendering/ogre_media/materials/glsl150/box.geom
[152.302s] -- Installing: /opt/workspace/install/rviz_rendering/share/rviz_rendering/ogre_media/materials/glsl150/glsl150.program
[152.303s] -- Installing: /opt/workspace/install/rviz_rendering/share/rviz_rendering/ogre_media/materials/glsl150/billboard.geom
[152.303s] -- Installing: /opt/workspace/install/rviz_rendering/share/rviz_rendering/ogre_media/materials/glsl150/pass_pos_color.vert
[152.303s] -- Installing: /opt/workspace/install/rviz_rendering/share/rviz_rendering/ogre_media/materials/scripts120
[152.303s] -- Installing: /opt/workspace/install/rviz_rendering/share/rviz_rendering/ogre_media/materials/scripts120/point_cloud_flat_square.material
[152.304s] -- Installing: /opt/workspace/install/rviz_rendering/share/rviz_rendering/ogre_media/materials/scripts120/point_cloud_sphere.material
[152.304s] -- Installing: /opt/workspace/install/rviz_rendering/share/rviz_rendering/ogre_media/materials/scripts120/point_cloud_box.material
[152.304s] -- Installing: /opt/workspace/install/rviz_rendering/share/rviz_rendering/ogre_media/materials/scripts120/point_cloud_square.material
[152.304s] -- Installing: /opt/workspace/install/rviz_rendering/share/rviz_rendering/ogre_media/materials/scripts
[152.304s] -- Installing: /opt/workspace/install/rviz_rendering/share/rviz_rendering/ogre_media/materials/scripts/point_cloud_point.material
[152.305s] -- Installing: /opt/workspace/install/rviz_rendering/share/rviz_rendering/ogre_media/materials/scripts/indexed_8bit_image.material
[152.305s] -- Installing: /opt/workspace/install/rviz_rendering/share/rviz_rendering/ogre_media/materials/scripts/default_pick_and_depth.material
[152.305s] -- Installing: /opt/workspace/install/rviz_rendering/share/rviz_rendering/ogre_media/materials/scripts/point_cloud_tile.material
[152.305s] -- Installing: /opt/workspace/install/rviz_rendering/share/rviz_rendering/ogre_media/materials/glsl120
[152.305s] -- Installing: /opt/workspace/install/rviz_rendering/share/rviz_rendering/ogre_media/materials/glsl120/pass_color.frag
[152.306s] -- Installing: /opt/workspace/install/rviz_rendering/share/rviz_rendering/ogre_media/materials/glsl120/depth.vert
[152.306s] -- Installing: /opt/workspace/install/rviz_rendering/share/rviz_rendering/ogre_media/materials/glsl120/depth.frag
[152.306s] -- Installing: /opt/workspace/install/rviz_rendering/share/rviz_rendering/ogre_media/materials/glsl120/include
[152.306s] -- Installing: /opt/workspace/install/rviz_rendering/share/rviz_rendering/ogre_media/materials/glsl120/include/circle_impl.frag
[152.307s] -- Installing: /opt/workspace/install/rviz_rendering/share/rviz_rendering/ogre_media/materials/glsl120/include/pack_depth.frag
[152.307s] -- Installing: /opt/workspace/install/rviz_rendering/share/rviz_rendering/ogre_media/materials/glsl120/include/pass_depth.vert
[152.307s] -- Installing: /opt/workspace/install/rviz_rendering/share/rviz_rendering/ogre_media/materials/glsl120/flat_color_circle.frag
[152.307s] -- Installing: /opt/workspace/install/rviz_rendering/share/rviz_rendering/ogre_media/materials/glsl120/black.frag
[152.308s] -- Installing: /opt/workspace/install/rviz_rendering/share/rviz_rendering/ogre_media/materials/glsl120/pass_color_circle.frag
[152.308s] -- Installing: /opt/workspace/install/rviz_rendering/share/rviz_rendering/ogre_media/materials/glsl120/pickcolor.frag
[152.308s] -- Installing: /opt/workspace/install/rviz_rendering/share/rviz_rendering/ogre_media/materials/glsl120/indexed_8bit_image.frag
[152.308s] -- Installing: /opt/workspace/install/rviz_rendering/share/rviz_rendering/ogre_media/materials/glsl120/pickcolor_circle.frag
[152.309s] -- Installing: /opt/workspace/install/rviz_rendering/share/rviz_rendering/ogre_media/materials/glsl120/glsl120.program
[152.309s] -- Installing: /opt/workspace/install/rviz_rendering/share/rviz_rendering/ogre_media/materials/glsl120/shaded_circle.frag
[152.309s] -- Installing: /opt/workspace/install/rviz_rendering/share/rviz_rendering/ogre_media/materials/glsl120/nogp
[152.309s] -- Installing: /opt/workspace/install/rviz_rendering/share/rviz_rendering/ogre_media/materials/glsl120/nogp/nogp.program
[152.309s] -- Installing: /opt/workspace/install/rviz_rendering/share/rviz_rendering/ogre_media/materials/glsl120/nogp/box.frag
[152.310s] -- Installing: /opt/workspace/install/rviz_rendering/share/rviz_rendering/ogre_media/materials/glsl120/nogp/box.vert
[152.310s] -- Installing: /opt/workspace/install/rviz_rendering/share/rviz_rendering/ogre_media/materials/glsl120/nogp/billboard.vert
[152.310s] -- Installing: /opt/workspace/install/rviz_rendering/share/rviz_rendering/ogre_media/materials/glsl120/nogp/billboard_tile.vert
[152.310s] -- Installing: /opt/workspace/install/rviz_rendering/share/rviz_rendering/ogre_media/materials/glsl120/test_glsl.sh
[152.310s] -- Installing: /opt/workspace/install/rviz_rendering/share/rviz_rendering/ogre_media/materials/glsl120/indexed_8bit_image.vert
[152.311s] -- Installing: /opt/workspace/install/rviz_rendering/share/rviz_rendering/ogre_media/materials/glsl120/flat_color.frag
[152.311s] -- Installing: /opt/workspace/install/rviz_rendering/share/rviz_rendering/ogre_media/materials/glsl120/depth_circle.frag
[152.311s] -- Installing: /opt/workspace/install/rviz_rendering/share/rviz_rendering/ogre_media/materials/glsl120/point.vert
[152.311s] -- Installing: /opt/workspace/install/rviz_rendering/share/rviz_rendering/ogre_media/materials/glsl120/smooth_square.frag
[152.311s] -- Installing: /opt/workspace/install/rviz_rendering/share/rviz_rendering/ogre_media/models
[152.311s] -- Installing: /opt/workspace/install/rviz_rendering/share/rviz_rendering/ogre_media/models/rviz_cube.mesh
[152.312s] -- Installing: /opt/workspace/install/rviz_rendering/share/rviz_rendering/ogre_media/models/rviz_cone.mesh
[152.312s] -- Installing: /opt/workspace/install/rviz_rendering/share/rviz_rendering/ogre_media/models/rviz_cylinder.mesh
[152.312s] -- Installing: /opt/workspace/install/rviz_rendering/share/rviz_rendering/ogre_media/models/rviz_sphere.mesh
[152.313s] -- Installing: /opt/workspace/install/rviz_rendering/share/rviz_rendering/ogre_media/fonts
[152.313s] -- Installing: /opt/workspace/install/rviz_rendering/share/rviz_rendering/ogre_media/fonts/liberation_sans.fontdef
[152.317s] -- Installing: /opt/workspace/install/rviz_rendering/share/rviz_rendering/ogre_media/fonts/liberation-sans
[152.317s] -- Installing: /opt/workspace/install/rviz_rendering/share/rviz_rendering/ogre_media/fonts/liberation-sans/LiberationSans-Regular.ttf
[152.317s] -- Installing: /opt/workspace/install/rviz_rendering/share/rviz_rendering/ogre_media/fonts/liberation-sans/LiberationSans-BoldItalic.ttf
[152.318s] -- Installing: /opt/workspace/install/rviz_rendering/share/rviz_rendering/ogre_media/fonts/liberation-sans/SIL Open Font License.txt
[152.318s] -- Installing: /opt/workspace/install/rviz_rendering/share/rviz_rendering/ogre_media/fonts/liberation-sans/LiberationSans-Italic.ttf
[152.318s] -- Installing: /opt/workspace/install/rviz_rendering/share/rviz_rendering/ogre_media/fonts/liberation-sans/LiberationSans-Bold.ttf
[152.319s] -- Installing: /opt/workspace/install/rviz_rendering/share/rviz_rendering/ogre_media/fonts/README.md
[152.319s] -- Installing: /opt/workspace/install/rviz_rendering/share/rviz_rendering/ogre_media/plugins.cfg
[152.319s] -- Installing: /opt/workspace/install/rviz_rendering/share/ament_index/resource_index/package_run_dependencies/rviz_rendering
[152.319s] -- Installing: /opt/workspace/install/rviz_rendering/share/ament_index/resource_index/parent_prefix_path/rviz_rendering
[152.320s] -- Installing: /opt/workspace/install/rviz_rendering/share/rviz_rendering/environment/ament_prefix_path.sh
[152.320s] -- Installing: /opt/workspace/install/rviz_rendering/share/rviz_rendering/environment/ament_prefix_path.dsv
[152.321s] -- Installing: /opt/workspace/install/rviz_rendering/share/rviz_rendering/environment/path.sh
[152.321s] -- Installing: /opt/workspace/install/rviz_rendering/share/rviz_rendering/environment/path.dsv
[152.321s] -- Installing: /opt/workspace/install/rviz_rendering/share/rviz_rendering/local_setup.bash
[152.321s] -- Installing: /opt/workspace/install/rviz_rendering/share/rviz_rendering/local_setup.sh
[152.322s] -- Installing: /opt/workspace/install/rviz_rendering/share/rviz_rendering/local_setup.zsh
[152.322s] -- Installing: /opt/workspace/install/rviz_rendering/share/rviz_rendering/local_setup.dsv
[152.322s] -- Installing: /opt/workspace/install/rviz_rendering/share/rviz_rendering/package.dsv
[152.323s] -- Installing: /opt/workspace/install/rviz_rendering/share/ament_index/resource_index/packages/rviz_rendering
[152.323s] -- Installing: /opt/workspace/install/rviz_rendering/share/rviz_rendering/cmake/rviz_renderingExport.cmake
[152.323s] -- Installing: /opt/workspace/install/rviz_rendering/share/rviz_rendering/cmake/rviz_renderingExport-noconfig.cmake
[152.323s] -- Up-to-date: /opt/workspace/install/rviz_rendering/share/rviz_rendering/cmake/register_rviz_ogre_media_exports_hook-extras.cmake
[152.324s] -- Up-to-date: /opt/workspace/install/rviz_rendering/share/rviz_rendering/cmake/register_rviz_ogre_media_exports.cmake
[152.324s] -- Installing: /opt/workspace/install/rviz_rendering/share/rviz_rendering/cmake/ament_cmake_export_interfaces-extras.cmake
[152.324s] -- Installing: /opt/workspace/install/rviz_rendering/share/rviz_rendering/cmake/ament_cmake_export_dependencies-extras.cmake
[152.324s] -- Installing: /opt/workspace/install/rviz_rendering/share/rviz_rendering/cmake/ament_cmake_export_include_directories-extras.cmake
[152.325s] -- Installing: /opt/workspace/install/rviz_rendering/share/rviz_rendering/cmake/ament_cmake_export_libraries-extras.cmake
[152.325s] -- Installing: /opt/workspace/install/rviz_rendering/share/rviz_rendering/cmake/rviz_renderingConfig.cmake
[152.325s] -- Installing: /opt/workspace/install/rviz_rendering/share/rviz_rendering/cmake/rviz_renderingConfig-version.cmake
[152.325s] -- Installing: /opt/workspace/install/rviz_rendering/share/rviz_rendering/package.xml
[152.326s] Invoked command in '/opt/workspace/build/rviz_rendering' returned '0': AMENT_PREFIX_PATH=/opt/workspace/install/resource_retriever:/opt/workspace/install/ament_index_cpp:/opt/workspace/install/eigen3_cmake_module:/opt/workspace/install/ament_cmake_uncrustify:/opt/workspace/install/ament_cmake_cpplint:/opt/workspace/install/ament_cmake_cppcheck:/opt/workspace/install/ament_uncrustify:/opt/workspace/install/uncrustify_vendor:/opt/workspace/install/rviz_ogre_vendor:/opt/workspace/install/rviz_assimp_vendor:/opt/workspace/install/libcurl_vendor:/opt/workspace/install/ament_cmake_lint_cmake:/opt/workspace/install/ament_cmake_gmock:/opt/workspace/install/ament_lint_cmake:/opt/workspace/install/ament_cpplint:/opt/workspace/install/ament_cmake_gtest:/opt/workspace/install/ament_cmake:/opt/workspace/install/ament_cmake_test:/opt/workspace/install/ament_cmake_target_dependencies:/opt/workspace/install/ament_cmake_export_interfaces:/opt/workspace/install/ament_cmake_export_dependencies:/opt/workspace/install/ament_cmake_version:/opt/workspace/install/ament_cmake_python:/opt/workspace/install/ament_cmake_libraries:/opt/workspace/install/ament_cmake_include_directories:/opt/workspace/install/ament_cmake_export_link_flags:/opt/workspace/install/ament_cmake_export_libraries:/opt/workspace/install/ament_cmake_export_include_directories:/opt/workspace/install/ament_cmake_export_definitions:/opt/workspace/install/ament_cmake_core:/opt/workspace/install/ament_package:/opt/workspace/install/ament_cppcheck:${AMENT_PREFIX_PATH} CMAKE_PREFIX_PATH=/opt/workspace/install/resource_retriever:/opt/workspace/install/ament_index_cpp:/opt/workspace/install/eigen3_cmake_module:/opt/workspace/install/ament_cmake_uncrustify:/opt/workspace/install/ament_cmake_cpplint:/opt/workspace/install/ament_cmake_cppcheck:/opt/workspace/install/uncrustify_vendor:/opt/workspace/install/rviz_ogre_vendor:/opt/workspace/install/rviz_assimp_vendor:/opt/workspace/install/libcurl_vendor:/opt/workspace/install/ament_cmake_lint_cmake:/opt/workspace/install/ament_cmake_gmock:/opt/workspace/install/ament_cmake_gtest:/opt/workspace/install/ament_cmake:/opt/workspace/install/ament_cmake_test:/opt/workspace/install/ament_cmake_target_dependencies:/opt/workspace/install/ament_cmake_export_interfaces:/opt/workspace/install/ament_cmake_export_dependencies:/opt/workspace/install/ament_cmake_version:/opt/workspace/install/ament_cmake_python:/opt/workspace/install/ament_cmake_libraries:/opt/workspace/install/ament_cmake_include_directories:/opt/workspace/install/ament_cmake_export_link_flags:/opt/workspace/install/ament_cmake_export_libraries:/opt/workspace/install/ament_cmake_export_include_directories:/opt/workspace/install/ament_cmake_export_definitions:/opt/workspace/install/gmock_vendor:/opt/workspace/install/ament_cmake_core:/opt/workspace/install/gtest_vendor:/opt/ros/eloquent LD_LIBRARY_PATH=/opt/workspace/install/resource_retriever/lib:/opt/workspace/install/ament_index_cpp/lib:/opt/workspace/install/rviz_ogre_vendor/opt/rviz_ogre_vendor/lib:/opt/workspace/install/rviz_assimp_vendor/opt/rviz_assimp_vendor/lib:/opt/workspace/install/libcurl_vendor/opt/libcurl_vendor/lib:${LD_LIBRARY_PATH} PATH=/opt/workspace/install/ament_uncrustify/bin:/opt/workspace/install/ament_lint_cmake/bin:/opt/workspace/install/ament_cpplint/bin:/opt/workspace/install/ament_cppcheck/bin:${PATH} PKG_CONFIG_PATH=/opt/workspace/install/gmock_vendor/lib/x86_64-linux-gnu/pkgconfig:/opt/workspace/install/gmock_vendor/lib/pkgconfig:/opt/workspace/install/gtest_vendor/lib/x86_64-linux-gnu/pkgconfig:/opt/workspace/install/gtest_vendor/lib/pkgconfig PYTHONPATH=/opt/workspace/install/ament_uncrustify/lib/python3.6/site-packages:/opt/workspace/install/ament_lint_cmake/lib/python3.6/site-packages:/opt/workspace/install/ament_cpplint/lib/python3.6/site-packages:/opt/workspace/install/ament_cmake_test/lib/python3.6/site-packages:/opt/workspace/install/ament_package/lib/python3.6/site-packages:/opt/workspace/install/ament_cppcheck/lib/python3.6/site-packages:${PYTHONPATH} /usr/bin/cmake --build /opt/workspace/build/rviz_rendering --target install -- -j8 -l8
