[0.427s] [36mInstall the project...[0m
[0.445s] -- Install configuration: ""
[0.445s] -- Up-to-date: /opt/workspace/install/ament_cmake_pep257/share/ament_index/resource_index/package_run_dependencies/ament_cmake_pep257
[0.445s] -- Up-to-date: /opt/workspace/install/ament_cmake_pep257/share/ament_index/resource_index/parent_prefix_path/ament_cmake_pep257
[0.445s] -- Up-to-date: /opt/workspace/install/ament_cmake_pep257/share/ament_cmake_pep257/environment/ament_prefix_path.sh
[0.445s] -- Up-to-date: /opt/workspace/install/ament_cmake_pep257/share/ament_cmake_pep257/environment/ament_prefix_path.dsv
[0.445s] -- Up-to-date: /opt/workspace/install/ament_cmake_pep257/share/ament_cmake_pep257/environment/path.sh
[0.445s] -- Up-to-date: /opt/workspace/install/ament_cmake_pep257/share/ament_cmake_pep257/environment/path.dsv
[0.446s] -- Up-to-date: /opt/workspace/install/ament_cmake_pep257/share/ament_cmake_pep257/local_setup.bash
[0.446s] -- Up-to-date: /opt/workspace/install/ament_cmake_pep257/share/ament_cmake_pep257/local_setup.sh
[0.446s] -- Up-to-date: /opt/workspace/install/ament_cmake_pep257/share/ament_cmake_pep257/local_setup.zsh
[0.446s] -- Up-to-date: /opt/workspace/install/ament_cmake_pep257/share/ament_cmake_pep257/local_setup.dsv
[0.446s] -- Installing: /opt/workspace/install/ament_cmake_pep257/share/ament_cmake_pep257/package.dsv
[0.446s] -- Up-to-date: /opt/workspace/install/ament_cmake_pep257/share/ament_index/resource_index/packages/ament_cmake_pep257
[0.447s] -- Up-to-date: /opt/workspace/install/ament_cmake_pep257/share/ament_cmake_pep257/cmake/ament_cmake_pep257-extras.cmake
[0.447s] -- Up-to-date: /opt/workspace/install/ament_cmake_pep257/share/ament_cmake_pep257/cmake/ament_cmake_pep257Config.cmake
[0.447s] -- Up-to-date: /opt/workspace/install/ament_cmake_pep257/share/ament_cmake_pep257/cmake/ament_cmake_pep257Config-version.cmake
[0.447s] -- Up-to-date: /opt/workspace/install/ament_cmake_pep257/share/ament_cmake_pep257/package.xml
[0.447s] -- Up-to-date: /opt/workspace/install/ament_cmake_pep257/share/ament_cmake_pep257/cmake
[0.447s] -- Up-to-date: /opt/workspace/install/ament_cmake_pep257/share/ament_cmake_pep257/cmake/ament_cmake_pep257_lint_hook.cmake
[0.448s] -- Up-to-date: /opt/workspace/install/ament_cmake_pep257/share/ament_cmake_pep257/cmake/ament_pep257.cmake
