[0.046s] Invoking command in '/opt/workspace/build/fastrtps': CMAKE_PREFIX_PATH=/opt/workspace/install/foonathan_memory_vendor:/opt/workspace/install/fastcdr LD_LIBRARY_PATH=/opt/workspace/install/fastcdr/lib:${LD_LIBRARY_PATH} PKG_CONFIG_PATH=/opt/workspace/install/foonathan_memory_vendor/lib/x86_64-linux-gnu/pkgconfig:/opt/workspace/install/foonathan_memory_vendor/lib/pkgconfig /usr/bin/cmake /opt/workspace/src/eProsima/Fast-RTPS -DSECURITY=ON -DCMAKE_INSTALL_PREFIX=/opt/workspace/install/fastrtps
[0.067s] -- Setting build type to 'Release' as none was specified.
[0.194s] -- The C compiler identification is GNU 7.4.0
[0.317s] -- The CXX compiler identification is GNU 7.4.0
[0.325s] -- Check for working C compiler: /usr/bin/cc
[0.468s] -- Check for working C compiler: /usr/bin/cc -- works
[0.471s] -- Detecting C compiler ABI info
[0.609s] -- Detecting C compiler ABI info - done
[0.653s] -- Detecting C compile features
[1.054s] -- Detecting C compile features - done
[1.059s] -- Check for working CXX compiler: /usr/bin/c++
[1.236s] -- Check for working CXX compiler: /usr/bin/c++ -- works
[1.239s] -- Detecting CXX compiler ABI info
[1.413s] -- Detecting CXX compiler ABI info - done
[1.438s] -- Detecting CXX compile features
[2.251s] -- Detecting CXX compile features - done
[2.253s] -- Configuring Fast RTPS
[2.253s] -- Version: 1.9.3
[2.253s] -- To change the version modify the file configure.ac
[2.263s] -- Performing Test SUPPORTS_CXX14
[2.449s] -- Performing Test SUPPORTS_CXX14 - Success
[2.457s] -- Performing Test SUPPORTS_CXX1Y
[2.624s] -- Performing Test SUPPORTS_CXX1Y - Success
[2.633s] -- Performing Test SUPPORTS_CXX11
[2.817s] -- Performing Test SUPPORTS_CXX11 - Success
[2.819s] -- Check if the system is big endian
[2.819s] -- Searching 16 bit integer
[2.821s] -- Looking for sys/types.h
[2.982s] -- Looking for sys/types.h - found
[2.982s] -- Looking for stdint.h
[3.124s] -- Looking for stdint.h - found
[3.124s] -- Looking for stddef.h
[3.288s] -- Looking for stddef.h - found
[3.291s] -- Check size of unsigned short
[3.451s] -- Check size of unsigned short - done
[3.452s] -- Using unsigned short
[3.609s] -- Check if the system is big endian - little endian
[3.614s] -- fastcdr library found...
[3.646s] -- Found tinyxml2: /usr/lib/x86_64-linux-gnu/libtinyxml2.so  
[3.783s] -- Found OpenSSL: /usr/lib/x86_64-linux-gnu/libcrypto.so (found version "1.1.1") 
[3.785s] -- OpenSSL library 1.1.1 found...
[3.802s] -- Looking for pthread.h
[3.955s] -- Looking for pthread.h - found
[3.955s] -- Looking for pthread_kill
[4.032s] -- Looking for pthread_kill - not found
[4.035s] -- Looking for pthread_create in pthreads
[4.166s] -- Looking for pthread_create in pthreads - not found
[4.167s] -- Looking for pthread_create in pthread
[4.326s] -- Looking for pthread_create in pthread - found
[4.329s] -- Found Threads: TRUE  
[4.365s] -- Found GTest: /usr/lib/libgtest.a  
[4.545s] -- Found GMock: /usr/lib/libgmock.a  
[4.594s] -- Configuring done
[4.727s] -- Generating done
[4.734s] -- Build files have been written to: /opt/workspace/build/fastrtps
[4.741s] Invoked command in '/opt/workspace/build/fastrtps' returned '0': CMAKE_PREFIX_PATH=/opt/workspace/install/foonathan_memory_vendor:/opt/workspace/install/fastcdr LD_LIBRARY_PATH=/opt/workspace/install/fastcdr/lib:${LD_LIBRARY_PATH} PKG_CONFIG_PATH=/opt/workspace/install/foonathan_memory_vendor/lib/x86_64-linux-gnu/pkgconfig:/opt/workspace/install/foonathan_memory_vendor/lib/pkgconfig /usr/bin/cmake /opt/workspace/src/eProsima/Fast-RTPS -DSECURITY=ON -DCMAKE_INSTALL_PREFIX=/opt/workspace/install/fastrtps
[4.747s] Invoking command in '/opt/workspace/build/fastrtps': CMAKE_PREFIX_PATH=/opt/workspace/install/foonathan_memory_vendor:/opt/workspace/install/fastcdr LD_LIBRARY_PATH=/opt/workspace/install/fastcdr/lib:${LD_LIBRARY_PATH} PKG_CONFIG_PATH=/opt/workspace/install/foonathan_memory_vendor/lib/x86_64-linux-gnu/pkgconfig:/opt/workspace/install/foonathan_memory_vendor/lib/pkgconfig /usr/bin/cmake --build /opt/workspace/build/fastrtps -- -j8 -l8
[4.870s] [35m[1mScanning dependencies of target fastrtps[0m
[5.634s] [  0%] [32mBuilding CXX object src/cpp/CMakeFiles/fastrtps.dir/log/Log.cpp.o[0m
[10.620s] [  1%] [32mBuilding CXX object src/cpp/CMakeFiles/fastrtps.dir/utils/IPLocator.cpp.o[0m
[12.590s] [  1%] [32mBuilding CXX object src/cpp/CMakeFiles/fastrtps.dir/utils/System.cpp.o[0m
[12.665s] [  2%] [32mBuilding CXX object src/cpp/CMakeFiles/fastrtps.dir/rtps/common/Time_t.cpp.o[0m
[13.307s] [  3%] [32mBuilding CXX object src/cpp/CMakeFiles/fastrtps.dir/rtps/resources/ResourceEvent.cpp.o[0m
[16.433s] [  3%] [32mBuilding CXX object src/cpp/CMakeFiles/fastrtps.dir/rtps/resources/TimedEvent.cpp.o[0m
[18.462s] [  4%] [32mBuilding CXX object src/cpp/CMakeFiles/fastrtps.dir/rtps/resources/TimedEventImpl.cpp.o[0m
[21.721s] [  5%] [32mBuilding CXX object src/cpp/CMakeFiles/fastrtps.dir/rtps/resources/AsyncWriterThread.cpp.o[0m
[24.599s] [  5%] [32mBuilding CXX object src/cpp/CMakeFiles/fastrtps.dir/rtps/resources/AsyncInterestTree.cpp.o[0m
[28.798s] [  6%] [32mBuilding CXX object src/cpp/CMakeFiles/fastrtps.dir/rtps/writer/LivelinessManager.cpp.o[0m
[31.410s] [  7%] [32mBuilding CXX object src/cpp/CMakeFiles/fastrtps.dir/rtps/writer/RTPSWriter.cpp.o[0m
[36.802s] [  7%] [32mBuilding CXX object src/cpp/CMakeFiles/fastrtps.dir/rtps/writer/StatefulWriter.cpp.o[0m
[45.188s] [  8%] [32mBuilding CXX object src/cpp/CMakeFiles/fastrtps.dir/rtps/writer/ReaderProxy.cpp.o[0m
[51.165s] [  9%] [32mBuilding CXX object src/cpp/CMakeFiles/fastrtps.dir/rtps/writer/StatelessWriter.cpp.o[0m
[57.854s] [  9%] [32mBuilding CXX object src/cpp/CMakeFiles/fastrtps.dir/rtps/writer/ReaderLocator.cpp.o[0m
[62.438s] [ 10%] [32mBuilding CXX object src/cpp/CMakeFiles/fastrtps.dir/rtps/history/CacheChangePool.cpp.o[0m
[64.166s] [ 11%] [32mBuilding CXX object src/cpp/CMakeFiles/fastrtps.dir/rtps/history/History.cpp.o[0m
[66.042s] [ 11%] [32mBuilding CXX object src/cpp/CMakeFiles/fastrtps.dir/rtps/history/WriterHistory.cpp.o[0m
[69.974s] [ 12%] [32mBuilding CXX object src/cpp/CMakeFiles/fastrtps.dir/rtps/history/ReaderHistory.cpp.o[0m
[73.400s] [ 13%] [32mBuilding CXX object src/cpp/CMakeFiles/fastrtps.dir/rtps/reader/WriterProxy.cpp.o[0m
[78.169s] [ 13%] [32mBuilding CXX object src/cpp/CMakeFiles/fastrtps.dir/rtps/reader/StatefulReader.cpp.o[0m
[83.355s] [ 14%] [32mBuilding CXX object src/cpp/CMakeFiles/fastrtps.dir/rtps/reader/StatelessReader.cpp.o[0m
[87.623s] [ 15%] [32mBuilding CXX object src/cpp/CMakeFiles/fastrtps.dir/rtps/reader/RTPSReader.cpp.o[0m
[92.403s] [ 15%] [32mBuilding CXX object src/cpp/CMakeFiles/fastrtps.dir/rtps/messages/RTPSMessageCreator.cpp.o[0m
[94.721s] [ 16%] [32mBuilding CXX object src/cpp/CMakeFiles/fastrtps.dir/rtps/messages/RTPSMessageGroup.cpp.o[0m
[99.897s] [ 17%] [32mBuilding CXX object src/cpp/CMakeFiles/fastrtps.dir/rtps/messages/MessageReceiver.cpp.o[0m
[105.144s] [ 17%] [32mBuilding CXX object src/cpp/CMakeFiles/fastrtps.dir/rtps/network/NetworkFactory.cpp.o[0m
[107.594s] [ 18%] [32mBuilding CXX object src/cpp/CMakeFiles/fastrtps.dir/rtps/network/ReceiverResource.cpp.o[0m
[108.923s] [ 19%] [32mBuilding CXX object src/cpp/CMakeFiles/fastrtps.dir/rtps/participant/RTPSParticipant.cpp.o[0m
[111.552s] [ 19%] [32mBuilding CXX object src/cpp/CMakeFiles/fastrtps.dir/rtps/participant/RTPSParticipantImpl.cpp.o[0m
[115.568s] [ 20%] [32mBuilding CXX object src/cpp/CMakeFiles/fastrtps.dir/rtps/RTPSDomain.cpp.o[0m
[116.585s] [ 21%] [32mBuilding CXX object src/cpp/CMakeFiles/fastrtps.dir/utils/StringMatching.cpp.o[0m
[116.646s] [ 21%] [32mBuilding CXX object src/cpp/CMakeFiles/fastrtps.dir/utils/md5.cpp.o[0m
[117.299s] [ 22%] [32mBuilding CXX object src/cpp/CMakeFiles/fastrtps.dir/Domain.cpp.o[0m
[117.358s] [ 22%] [32mBuilding CXX object src/cpp/CMakeFiles/fastrtps.dir/participant/Participant.cpp.o[0m
[118.408s] [ 23%] [32mBuilding CXX object src/cpp/CMakeFiles/fastrtps.dir/participant/ParticipantImpl.cpp.o[0m
[119.465s] [ 24%] [32mBuilding CXX object src/cpp/CMakeFiles/fastrtps.dir/utils/IPFinder.cpp.o[0m
[125.614s] [ 24%] [32mBuilding CXX object src/cpp/CMakeFiles/fastrtps.dir/subscriber/Subscriber.cpp.o[0m
[127.147s] [ 25%] [32mBuilding CXX object src/cpp/CMakeFiles/fastrtps.dir/subscriber/SubscriberImpl.cpp.o[0m
[130.808s] [ 26%] [32mBuilding CXX object src/cpp/CMakeFiles/fastrtps.dir/subscriber/SubscriberHistory.cpp.o[0m
[133.536s] [ 26%] [32mBuilding CXX object src/cpp/CMakeFiles/fastrtps.dir/transport/ChannelResource.cpp.o[0m
[134.757s] [ 27%] [32mBuilding CXX object src/cpp/CMakeFiles/fastrtps.dir/transport/UDPChannelResource.cpp.o[0m
[135.769s] [ 28%] [32mBuilding CXX object src/cpp/CMakeFiles/fastrtps.dir/transport/TCPChannelResource.cpp.o[0m
[136.780s] [ 29%] [32mBuilding CXX object src/cpp/CMakeFiles/fastrtps.dir/publisher/PublisherHistory.cpp.o[0m
[136.949s] [ 30%] [32mBuilding CXX object src/cpp/CMakeFiles/fastrtps.dir/publisher/PublisherImpl.cpp.o[0m
[136.964s] [ 30%] [32mBuilding CXX object src/cpp/CMakeFiles/fastrtps.dir/transport/TCPChannelResourceBasic.cpp.o[0m
[137.982s] [ 30%] [32mBuilding CXX object src/cpp/CMakeFiles/fastrtps.dir/publisher/Publisher.cpp.o[0m
[139.012s] [ 31%] [32mBuilding CXX object src/cpp/CMakeFiles/fastrtps.dir/utils/eClock.cpp.o[0m
[139.925s] [ 31%] [32mBuilding CXX object src/cpp/CMakeFiles/fastrtps.dir/log/FileConsumer.cpp.o[0m
[140.076s] [ 32%] [32mBuilding CXX object src/cpp/CMakeFiles/fastrtps.dir/transport/TCPAcceptor.cpp.o[0m
[140.350s] [ 33%] [32mBuilding CXX object src/cpp/CMakeFiles/fastrtps.dir/transport/TCPAcceptorBasic.cpp.o[0m
[145.300s] [ 34%] [32mBuilding CXX object src/cpp/CMakeFiles/fastrtps.dir/transport/TCPv6Transport.cpp.o[0m
[146.316s] [ 34%] [32mBuilding CXX object src/cpp/CMakeFiles/fastrtps.dir/transport/test_UDPv4Transport.cpp.o[0m
[147.333s] [ 35%] [32mBuilding CXX object src/cpp/CMakeFiles/fastrtps.dir/transport/UDPv6Transport.cpp.o[0m
[148.353s] [ 35%] [32mBuilding CXX object src/cpp/CMakeFiles/fastrtps.dir/transport/TCPv4Transport.cpp.o[0m
[148.835s] [ 36%] [32mBuilding CXX object src/cpp/CMakeFiles/fastrtps.dir/transport/UDPTransportInterface.cpp.o[0m
[149.371s] [ 37%] [32mBuilding CXX object src/cpp/CMakeFiles/fastrtps.dir/transport/tcp/TCPControlMessage.cpp.o[0m
[150.395s] [ 38%] [32mBuilding CXX object src/cpp/CMakeFiles/fastrtps.dir/transport/tcp/RTCPMessageManager.cpp.o[0m
[151.028s] [ 39%] [32mBuilding CXX object src/cpp/CMakeFiles/fastrtps.dir/transport/TCPTransportInterface.cpp.o[0m
[152.090s] [ 39%] [32mBuilding CXX object src/cpp/CMakeFiles/fastrtps.dir/types/AnnotationDescriptor.cpp.o[0m
[153.166s] [ 39%] [32mBuilding CXX object src/cpp/CMakeFiles/fastrtps.dir/transport/UDPv4Transport.cpp.o[0m
[153.873s] [ 40%] [32mBuilding CXX object src/cpp/CMakeFiles/fastrtps.dir/log/StdoutConsumer.cpp.o[0m
[154.598s] [ 41%] [32mBuilding CXX object src/cpp/CMakeFiles/fastrtps.dir/types/AnnotationParameterValue.cpp.o[0m
[155.406s] [ 42%] [32mBuilding CXX object src/cpp/CMakeFiles/fastrtps.dir/types/DynamicData.cpp.o[0m
[160.760s] [ 42%] [32mBuilding CXX object src/cpp/CMakeFiles/fastrtps.dir/types/DynamicTypeBuilderPtr.cpp.o[0m
[161.469s] [ 43%] [32mBuilding CXX object src/cpp/CMakeFiles/fastrtps.dir/types/DynamicTypeBuilderFactory.cpp.o[0m
[161.473s] [ 44%] [32mBuilding CXX object src/cpp/CMakeFiles/fastrtps.dir/types/DynamicTypeBuilder.cpp.o[0m
[162.490s] [ 45%] [32mBuilding CXX object src/cpp/CMakeFiles/fastrtps.dir/types/DynamicTypeMember.cpp.o[0m
[163.509s] [ 46%] [32mBuilding CXX object src/cpp/CMakeFiles/fastrtps.dir/types/DynamicDataPtr.cpp.o[0m
[163.940s] [ 46%] [32mBuilding CXX object src/cpp/CMakeFiles/fastrtps.dir/types/DynamicTypePtr.cpp.o[0m
[163.956s] [ 46%] [32mBuilding CXX object src/cpp/CMakeFiles/fastrtps.dir/types/MemberDescriptor.cpp.o[0m
[163.976s] [ 47%] [32mBuilding CXX object src/cpp/CMakeFiles/fastrtps.dir/types/TypeDescriptor.cpp.o[0m
[164.391s] [ 48%] [32mBuilding CXX object src/cpp/CMakeFiles/fastrtps.dir/types/DynamicPubSubType.cpp.o[0m
[165.022s] [ 49%] [32mBuilding CXX object src/cpp/CMakeFiles/fastrtps.dir/types/TypeIdentifier.cpp.o[0m
[167.603s] [ 50%] [32mBuilding CXX object src/cpp/CMakeFiles/fastrtps.dir/types/TypeNamesGenerator.cpp.o[0m
[169.171s] [ 50%] [32mBuilding CXX object src/cpp/CMakeFiles/fastrtps.dir/types/TypesBase.cpp.o[0m
[169.696s] [ 51%] [32mBuilding CXX object src/cpp/CMakeFiles/fastrtps.dir/types/BuiltinAnnotationsTypeObject.cpp.o[0m
[170.709s] [ 52%] [32mBuilding CXX object src/cpp/CMakeFiles/fastrtps.dir/attributes/TopicAttributes.cpp.o[0m
[171.726s] [ 53%] [32mBuilding CXX object src/cpp/CMakeFiles/fastrtps.dir/types/TypeObjectFactory.cpp.o[0m
[172.747s] [ 53%] [32mBuilding CXX object src/cpp/CMakeFiles/fastrtps.dir/types/TypeObjectHashId.cpp.o[0m
[173.055s] [ 54%] [32mBuilding CXX object src/cpp/CMakeFiles/fastrtps.dir/types/TypeObject.cpp.o[0m
[173.827s] [ 54%] [32mBuilding CXX object src/cpp/CMakeFiles/fastrtps.dir/qos/ParameterList.cpp.o[0m
[174.903s] [ 55%] [32mBuilding CXX object src/cpp/CMakeFiles/fastrtps.dir/qos/ParameterTypes.cpp.o[0m
[181.175s] [ 56%] [32mBuilding CXX object src/cpp/CMakeFiles/fastrtps.dir/qos/ReaderQos.cpp.o[0m
[181.180s] [ 57%] [32mBuilding CXX object src/cpp/CMakeFiles/fastrtps.dir/rtps/builtin/BuiltinProtocols.cpp.o[0m
[182.198s] [ 57%] [32mBuilding CXX object src/cpp/CMakeFiles/fastrtps.dir/rtps/builtin/discovery/participant/DirectMessageSender.cpp.o[0m
[183.217s] [ 57%] [32mBuilding CXX object src/cpp/CMakeFiles/fastrtps.dir/qos/WriterQos.cpp.o[0m
[184.279s] [ 58%] [32mBuilding CXX object src/cpp/CMakeFiles/fastrtps.dir/qos/QosPolicies.cpp.o[0m
[184.299s] [ 58%] [32mBuilding CXX object src/cpp/CMakeFiles/fastrtps.dir/types/TypeIdentifierTypes.cpp.o[0m
[185.360s] [ 59%] [32mBuilding CXX object src/cpp/CMakeFiles/fastrtps.dir/rtps/builtin/discovery/participant/PDP.cpp.o[0m
[190.770s] [ 59%] [32mBuilding CXX object src/cpp/CMakeFiles/fastrtps.dir/rtps/builtin/discovery/participant/PDPServer.cpp.o[0m
[192.786s] [ 60%] [32mBuilding CXX object src/cpp/CMakeFiles/fastrtps.dir/rtps/builtin/discovery/participant/timedevent/DSClientEvent.cpp.o[0m
[194.804s] [ 61%] [32mBuilding CXX object src/cpp/CMakeFiles/fastrtps.dir/rtps/builtin/discovery/participant/PDPClient.cpp.o[0m
[195.723s] [ 62%] [32mBuilding CXX object src/cpp/CMakeFiles/fastrtps.dir/rtps/builtin/discovery/participant/PDPServerListener.cpp.o[0m
[196.620s] [ 63%] [32mBuilding CXX object src/cpp/CMakeFiles/fastrtps.dir/rtps/builtin/discovery/participant/timedevent/DServerEvent.cpp.o[0m
[197.644s] [ 63%] [32mBuilding CXX object src/cpp/CMakeFiles/fastrtps.dir/rtps/builtin/discovery/endpoint/EDP.cpp.o[0m
[198.704s] [ 63%] [32mBuilding CXX object src/cpp/CMakeFiles/fastrtps.dir/rtps/builtin/discovery/participant/PDPListener.cpp.o[0m
[199.776s] [ 64%] [32mBuilding CXX object src/cpp/CMakeFiles/fastrtps.dir/rtps/builtin/discovery/participant/PDPSimple.cpp.o[0m
[205.379s] [ 65%] [32mBuilding CXX object src/cpp/CMakeFiles/fastrtps.dir/rtps/builtin/discovery/endpoint/EDPServerListeners.cpp.o[0m
[208.316s] [ 65%] [32mBuilding CXX object src/cpp/CMakeFiles/fastrtps.dir/rtps/builtin/discovery/endpoint/EDPStatic.cpp.o[0m
[211.832s] [ 66%] [32mBuilding CXX object src/cpp/CMakeFiles/fastrtps.dir/rtps/builtin/liveliness/WLP.cpp.o[0m
[215.843s] [ 67%] [32mBuilding CXX object src/cpp/CMakeFiles/fastrtps.dir/rtps/builtin/liveliness/WLPListener.cpp.o[0m
[215.843s] [ 68%] [32mBuilding CXX object src/cpp/CMakeFiles/fastrtps.dir/rtps/builtin/discovery/endpoint/EDPSimpleListeners.cpp.o[0m
[216.127s] [ 68%] [32mBuilding CXX object src/cpp/CMakeFiles/fastrtps.dir/rtps/builtin/discovery/endpoint/EDPServer.cpp.o[0m
[216.131s] [ 69%] [32mBuilding CXX object src/cpp/CMakeFiles/fastrtps.dir/rtps/builtin/discovery/endpoint/EDPClient.cpp.o[0m
[217.156s] [ 69%] [32mBuilding CXX object src/cpp/CMakeFiles/fastrtps.dir/rtps/builtin/data/ParticipantProxyData.cpp.o[0m
[218.189s] [ 70%] [32mBuilding CXX object src/cpp/CMakeFiles/fastrtps.dir/types/DynamicType.cpp.o[0m
[218.219s] [ 71%] [32mBuilding CXX object src/cpp/CMakeFiles/fastrtps.dir/rtps/builtin/discovery/endpoint/EDPSimple.cpp.o[0m
[218.685s] [ 71%] [32mBuilding CXX object src/cpp/CMakeFiles/fastrtps.dir/types/DynamicDataFactory.cpp.o[0m
[219.741s] [ 72%] [32mBuilding CXX object src/cpp/CMakeFiles/fastrtps.dir/rtps/builtin/data/WriterProxyData.cpp.o[0m
[225.123s] [ 72%] [32mBuilding CXX object src/cpp/CMakeFiles/fastrtps.dir/rtps/common/Token.cpp.o[0m
[225.562s] [ 73%] [32mBuilding CXX object src/cpp/CMakeFiles/fastrtps.dir/xmlparser/XMLParserCommon.cpp.o[0m
[225.597s] [ 74%] [32mBuilding CXX object src/cpp/CMakeFiles/fastrtps.dir/xmlparser/XMLElementParser.cpp.o[0m
[226.613s] [ 74%] [32mBuilding CXX object src/cpp/CMakeFiles/fastrtps.dir/xmlparser/XMLEndpointParser.cpp.o[0m
[227.629s] [ 75%] [32mBuilding CXX object src/cpp/CMakeFiles/fastrtps.dir/rtps/attributes/PropertyPolicy.cpp.o[0m
[228.642s] [ 75%] [32mBuilding CXX object src/cpp/CMakeFiles/fastrtps.dir/rtps/exceptions/Exception.cpp.o[0m
[228.655s] [ 76%] [32mBuilding CXX object src/cpp/CMakeFiles/fastrtps.dir/rtps/flowcontrol/FlowController.cpp.o[0m
[228.967s] [ 77%] [32mBuilding CXX object src/cpp/CMakeFiles/fastrtps.dir/xmlparser/XMLParser.cpp.o[0m
[230.008s] [ 78%] [32mBuilding CXX object src/cpp/CMakeFiles/fastrtps.dir/xmlparser/XMLProfileManager.cpp.o[0m
[235.748s] [ 79%] [32mBuilding CXX object src/cpp/CMakeFiles/fastrtps.dir/rtps/writer/StatefulPersistentWriter.cpp.o[0m
[236.644s] [ 79%] [32mBuilding CXX object src/cpp/CMakeFiles/fastrtps.dir/rtps/reader/StatelessPersistentReader.cpp.o[0m
[237.660s] [ 80%] [32mBuilding CXX object src/cpp/CMakeFiles/fastrtps.dir/rtps/reader/StatefulPersistentReader.cpp.o[0m
[238.678s] [ 81%] [32mBuilding CXX object src/cpp/CMakeFiles/fastrtps.dir/rtps/writer/StatelessPersistentWriter.cpp.o[0m
[239.328s] [ 81%] [32mBuilding CXX object src/cpp/CMakeFiles/fastrtps.dir/rtps/writer/PersistentWriter.cpp.o[0m
[240.348s] [ 82%] [32mBuilding CXX object src/cpp/CMakeFiles/fastrtps.dir/rtps/persistence/PersistenceFactory.cpp.o[0m
[242.935s] [ 82%] [32mBuilding CXX object src/cpp/CMakeFiles/fastrtps.dir/transport/TCPChannelResourceSecure.cpp.o[0m
[245.947s] [ 83%] [32mBuilding CXX object src/cpp/CMakeFiles/fastrtps.dir/transport/TCPAcceptorSecure.cpp.o[0m
[245.951s] [ 84%] [32mBuilding CXX object src/cpp/CMakeFiles/fastrtps.dir/utils/TimedConditionVariable.cpp.o[0m
[245.959s] [ 84%] [32mBuilding CXX object src/cpp/CMakeFiles/fastrtps.dir/rtps/persistence/SQLite3PersistenceService.cpp.o[0m
[245.962s] [ 85%] [32mBuilding C object src/cpp/CMakeFiles/fastrtps.dir/rtps/persistence/sqlite3.c.o[0m
[246.375s] [ 86%] [32mBuilding CXX object src/cpp/CMakeFiles/fastrtps.dir/rtps/flowcontrol/ThroughputControllerDescriptor.cpp.o[0m
[246.431s] [ 87%] [32mBuilding CXX object src/cpp/CMakeFiles/fastrtps.dir/rtps/security/exceptions/SecurityException.cpp.o[0m
[246.771s] [ 87%] [32mBuilding CXX object src/cpp/CMakeFiles/fastrtps.dir/rtps/security/common/SharedSecretHandle.cpp.o[0m
[247.290s] [ 88%] [32mBuilding CXX object src/cpp/CMakeFiles/fastrtps.dir/rtps/security/SecurityManager.cpp.o[0m
[247.307s] [ 88%] [32mBuilding CXX object src/cpp/CMakeFiles/fastrtps.dir/rtps/flowcontrol/ThroughputController.cpp.o[0m
[248.068s] [ 89%] [32mBuilding CXX object src/cpp/CMakeFiles/fastrtps.dir/rtps/security/SecurityPluginFactory.cpp.o[0m
[248.117s] [ 90%] [32mBuilding CXX object src/cpp/CMakeFiles/fastrtps.dir/rtps/builtin/data/ReaderProxyData.cpp.o[0m
[249.204s] [ 90%] [32mBuilding CXX object src/cpp/CMakeFiles/fastrtps.dir/security/OpenSSLInit.cpp.o[0m
[249.714s] [ 91%] [32mBuilding CXX object src/cpp/CMakeFiles/fastrtps.dir/security/authentication/PKIDH.cpp.o[0m
[250.205s] [ 92%] [32mBuilding CXX object src/cpp/CMakeFiles/fastrtps.dir/security/accesscontrol/Permissions.cpp.o[0m
[250.436s] [ 92%] [32mBuilding CXX object src/cpp/CMakeFiles/fastrtps.dir/security/cryptography/AESGCMGMAC.cpp.o[0m
[251.692s] [ 93%] [32mBuilding CXX object src/cpp/CMakeFiles/fastrtps.dir/security/cryptography/AESGCMGMAC_KeyExchange.cpp.o[0m
[253.039s] [ 94%] [32mBuilding CXX object src/cpp/CMakeFiles/fastrtps.dir/security/cryptography/AESGCMGMAC_KeyFactory.cpp.o[0m
[254.086s] [ 94%] [32mBuilding CXX object src/cpp/CMakeFiles/fastrtps.dir/security/cryptography/AESGCMGMAC_Transform.cpp.o[0m
[254.210s] [ 95%] [32mBuilding CXX object src/cpp/CMakeFiles/fastrtps.dir/security/cryptography/AESGCMGMAC_Types.cpp.o[0m
[255.314s] [ 96%] [32mBuilding CXX object src/cpp/CMakeFiles/fastrtps.dir/security/authentication/PKIIdentityHandle.cpp.o[0m
[274.802s] [ 96%] [32mBuilding CXX object src/cpp/CMakeFiles/fastrtps.dir/security/accesscontrol/GovernanceParser.cpp.o[0m
[274.804s] [ 97%] [32mBuilding CXX object src/cpp/CMakeFiles/fastrtps.dir/security/accesscontrol/PermissionsParser.cpp.o[0m
[274.805s] [ 97%] [32mBuilding CXX object src/cpp/CMakeFiles/fastrtps.dir/security/authentication/PKIHandshakeHandle.cpp.o[0m
[274.806s] [ 98%] [32mBuilding CXX object src/cpp/CMakeFiles/fastrtps.dir/security/accesscontrol/AccessPermissionsHandle.cpp.o[0m
[274.806s] [ 99%] [32mBuilding CXX object src/cpp/CMakeFiles/fastrtps.dir/security/accesscontrol/CommonParser.cpp.o[0m
[277.661s] [100%] [32m[1mLinking CXX shared library libfastrtps.so[0m
[278.127s] [100%] Built target fastrtps
