[0.084s] Invoking command in '/opt/workspace/build/ament_cmake_export_include_directories': AMENT_PREFIX_PATH=/opt/workspace/install/ament_cmake_core:/opt/workspace/install/ament_package:${AMENT_PREFIX_PATH} CMAKE_PREFIX_PATH=/opt/workspace/install/ament_cmake_core:/opt/ros/eloquent PYTHONPATH=/opt/workspace/install/ament_package/lib/python3.6/site-packages:${PYTHONPATH} /usr/bin/cmake /opt/workspace/src/ament/ament_cmake/ament_cmake_export_include_directories -DCMAKE_INSTALL_PREFIX=/opt/workspace/install/ament_cmake_export_include_directories
[0.235s] -- Found ament_cmake_core: 0.8.2 (/opt/workspace/install/ament_cmake_core/share/ament_cmake_core/cmake)
[0.317s] -- Found PythonInterp: /usr/bin/python3 (found suitable version "3.6.9", minimum required is "3") 
[0.321s] -- Using PYTHON_EXECUTABLE: /usr/bin/python3
[0.975s] -- Configuring done
[0.979s] -- Generating done
[0.980s] -- Build files have been written to: /opt/workspace/build/ament_cmake_export_include_directories
[1.116s] Invoked command in '/opt/workspace/build/ament_cmake_export_include_directories' returned '0': AMENT_PREFIX_PATH=/opt/workspace/install/ament_cmake_core:/opt/workspace/install/ament_package:${AMENT_PREFIX_PATH} CMAKE_PREFIX_PATH=/opt/workspace/install/ament_cmake_core:/opt/ros/eloquent PYTHONPATH=/opt/workspace/install/ament_package/lib/python3.6/site-packages:${PYTHONPATH} /usr/bin/cmake /opt/workspace/src/ament/ament_cmake/ament_cmake_export_include_directories -DCMAKE_INSTALL_PREFIX=/opt/workspace/install/ament_cmake_export_include_directories
[1.118s] Invoking command in '/opt/workspace/build/ament_cmake_export_include_directories': AMENT_PREFIX_PATH=/opt/workspace/install/ament_cmake_core:/opt/workspace/install/ament_package:${AMENT_PREFIX_PATH} CMAKE_PREFIX_PATH=/opt/workspace/install/ament_cmake_core:/opt/ros/eloquent PYTHONPATH=/opt/workspace/install/ament_package/lib/python3.6/site-packages:${PYTHONPATH} /usr/bin/cmake --build /opt/workspace/build/ament_cmake_export_include_directories -- -j8 -l8
[1.308s] Invoked command in '/opt/workspace/build/ament_cmake_export_include_directories' returned '0': AMENT_PREFIX_PATH=/opt/workspace/install/ament_cmake_core:/opt/workspace/install/ament_package:${AMENT_PREFIX_PATH} CMAKE_PREFIX_PATH=/opt/workspace/install/ament_cmake_core:/opt/ros/eloquent PYTHONPATH=/opt/workspace/install/ament_package/lib/python3.6/site-packages:${PYTHONPATH} /usr/bin/cmake --build /opt/workspace/build/ament_cmake_export_include_directories -- -j8 -l8
[1.457s] Invoking command in '/opt/workspace/build/ament_cmake_export_include_directories': AMENT_PREFIX_PATH=/opt/workspace/install/ament_cmake_core:/opt/workspace/install/ament_package:${AMENT_PREFIX_PATH} CMAKE_PREFIX_PATH=/opt/workspace/install/ament_cmake_core:/opt/ros/eloquent PYTHONPATH=/opt/workspace/install/ament_package/lib/python3.6/site-packages:${PYTHONPATH} /usr/bin/cmake --build /opt/workspace/build/ament_cmake_export_include_directories --target install -- -j8 -l8
[1.706s] [36mInstall the project...[0m
[1.739s] -- Install configuration: ""
[1.740s] -- Installing: /opt/workspace/install/ament_cmake_export_include_directories/share/ament_index/resource_index/package_run_dependencies/ament_cmake_export_include_directories
[1.740s] -- Installing: /opt/workspace/install/ament_cmake_export_include_directories/share/ament_index/resource_index/parent_prefix_path/ament_cmake_export_include_directories
[1.741s] -- Installing: /opt/workspace/install/ament_cmake_export_include_directories/share/ament_cmake_export_include_directories/environment/ament_prefix_path.sh
[1.741s] -- Installing: /opt/workspace/install/ament_cmake_export_include_directories/share/ament_cmake_export_include_directories/environment/ament_prefix_path.dsv
[1.743s] -- Installing: /opt/workspace/install/ament_cmake_export_include_directories/share/ament_cmake_export_include_directories/environment/path.sh
[1.744s] -- Installing: /opt/workspace/install/ament_cmake_export_include_directories/share/ament_cmake_export_include_directories/environment/path.dsv
[1.745s] -- Installing: /opt/workspace/install/ament_cmake_export_include_directories/share/ament_cmake_export_include_directories/local_setup.bash
[1.746s] -- Installing: /opt/workspace/install/ament_cmake_export_include_directories/share/ament_cmake_export_include_directories/local_setup.sh
[1.746s] -- Installing: /opt/workspace/install/ament_cmake_export_include_directories/share/ament_cmake_export_include_directories/local_setup.zsh
[1.746s] -- Installing: /opt/workspace/install/ament_cmake_export_include_directories/share/ament_cmake_export_include_directories/local_setup.dsv
[1.746s] -- Installing: /opt/workspace/install/ament_cmake_export_include_directories/share/ament_cmake_export_include_directories/package.dsv
[1.747s] -- Installing: /opt/workspace/install/ament_cmake_export_include_directories/share/ament_index/resource_index/packages/ament_cmake_export_include_directories
[1.747s] -- Installing: /opt/workspace/install/ament_cmake_export_include_directories/share/ament_cmake_export_include_directories/cmake/ament_cmake_export_include_directories-extras.cmake
[1.748s] -- Installing: /opt/workspace/install/ament_cmake_export_include_directories/share/ament_cmake_export_include_directories/cmake/ament_cmake_export_include_directoriesConfig.cmake
[1.748s] -- Installing: /opt/workspace/install/ament_cmake_export_include_directories/share/ament_cmake_export_include_directories/cmake/ament_cmake_export_include_directoriesConfig-version.cmake
[1.749s] -- Installing: /opt/workspace/install/ament_cmake_export_include_directories/share/ament_cmake_export_include_directories/package.xml
[1.749s] -- Up-to-date: /opt/workspace/install/ament_cmake_export_include_directories/share/ament_cmake_export_include_directories/cmake
[1.749s] -- Installing: /opt/workspace/install/ament_cmake_export_include_directories/share/ament_cmake_export_include_directories/cmake/ament_cmake_export_include_directories_package_hook.cmake
[1.749s] -- Installing: /opt/workspace/install/ament_cmake_export_include_directories/share/ament_cmake_export_include_directories/cmake/ament_export_include_directories.cmake
[1.750s] -- Installing: /opt/workspace/install/ament_cmake_export_include_directories/share/ament_cmake_export_include_directories/cmake/ament_cmake_export_include_directories-extras.cmake.in
[1.880s] Invoked command in '/opt/workspace/build/ament_cmake_export_include_directories' returned '0': AMENT_PREFIX_PATH=/opt/workspace/install/ament_cmake_core:/opt/workspace/install/ament_package:${AMENT_PREFIX_PATH} CMAKE_PREFIX_PATH=/opt/workspace/install/ament_cmake_core:/opt/ros/eloquent PYTHONPATH=/opt/workspace/install/ament_package/lib/python3.6/site-packages:${PYTHONPATH} /usr/bin/cmake --build /opt/workspace/build/ament_cmake_export_include_directories --target install -- -j8 -l8
