[1.674s] [100%] Built target libyaml-10c9078
[2.655s] [100%] Built target libyaml-10c9078
[2.689s] [36mInstall the project...[0m
[2.706s] -- Install configuration: ""
[2.707s] -- Up-to-date: /opt/workspace/install/libyaml_vendor
[2.707s] -- Up-to-date: /opt/workspace/install/libyaml_vendor/lib
[2.707s] -- Up-to-date: /opt/workspace/install/libyaml_vendor/lib/libyaml.so
[2.708s] -- Up-to-date: /opt/workspace/install/libyaml_vendor/include
[2.708s] -- Up-to-date: /opt/workspace/install/libyaml_vendor/include/yaml.h
[2.708s] -- Up-to-date: /opt/workspace/install/libyaml_vendor/cmake
[2.708s] -- Up-to-date: /opt/workspace/install/libyaml_vendor/cmake/yamlConfig.cmake
[2.709s] -- Up-to-date: /opt/workspace/install/libyaml_vendor/cmake/yamlTargets-noconfig.cmake
[2.709s] -- Up-to-date: /opt/workspace/install/libyaml_vendor/cmake/yamlTargets.cmake
[2.709s] -- Up-to-date: /opt/workspace/install/libyaml_vendor/cmake/yamlConfigVersion.cmake
[2.709s] -- Up-to-date: /opt/workspace/install/libyaml_vendor/share/libyaml_vendor/environment/library_path.sh
[2.710s] -- Up-to-date: /opt/workspace/install/libyaml_vendor/share/libyaml_vendor/environment/library_path.dsv
[2.710s] -- Up-to-date: /opt/workspace/install/libyaml_vendor/share/ament_index/resource_index/package_run_dependencies/libyaml_vendor
[2.710s] -- Up-to-date: /opt/workspace/install/libyaml_vendor/share/ament_index/resource_index/parent_prefix_path/libyaml_vendor
[2.710s] -- Up-to-date: /opt/workspace/install/libyaml_vendor/share/libyaml_vendor/environment/ament_prefix_path.sh
[2.711s] -- Up-to-date: /opt/workspace/install/libyaml_vendor/share/libyaml_vendor/environment/ament_prefix_path.dsv
[2.711s] -- Up-to-date: /opt/workspace/install/libyaml_vendor/share/libyaml_vendor/environment/path.sh
[2.711s] -- Up-to-date: /opt/workspace/install/libyaml_vendor/share/libyaml_vendor/environment/path.dsv
[2.711s] -- Up-to-date: /opt/workspace/install/libyaml_vendor/share/libyaml_vendor/local_setup.bash
[2.711s] -- Up-to-date: /opt/workspace/install/libyaml_vendor/share/libyaml_vendor/local_setup.sh
[2.712s] -- Up-to-date: /opt/workspace/install/libyaml_vendor/share/libyaml_vendor/local_setup.zsh
[2.712s] -- Up-to-date: /opt/workspace/install/libyaml_vendor/share/libyaml_vendor/local_setup.dsv
[2.712s] -- Installing: /opt/workspace/install/libyaml_vendor/share/libyaml_vendor/package.dsv
[2.712s] -- Up-to-date: /opt/workspace/install/libyaml_vendor/share/ament_index/resource_index/packages/libyaml_vendor
[2.713s] -- Up-to-date: /opt/workspace/install/libyaml_vendor/share/libyaml_vendor/cmake/ament_cmake_export_libraries-extras.cmake
[2.713s] -- Up-to-date: /opt/workspace/install/libyaml_vendor/share/libyaml_vendor/cmake/libyaml_vendorConfig.cmake
[2.713s] -- Up-to-date: /opt/workspace/install/libyaml_vendor/share/libyaml_vendor/cmake/libyaml_vendorConfig-version.cmake
[2.713s] -- Up-to-date: /opt/workspace/install/libyaml_vendor/share/libyaml_vendor/package.xml
