[0.167s] -- The C compiler identification is GNU 7.4.0
[0.282s] -- The CXX compiler identification is GNU 7.4.0
[0.292s] -- Check for working C compiler: /usr/bin/cc
[0.433s] -- Check for working C compiler: /usr/bin/cc -- works
[0.435s] -- Detecting C compiler ABI info
[0.576s] -- Detecting C compiler ABI info - done
[0.589s] -- Detecting C compile features
[1.022s] -- Detecting C compile features - done
[1.027s] -- Check for working CXX compiler: /usr/bin/c++
[1.194s] -- Check for working CXX compiler: /usr/bin/c++ -- works
[1.196s] -- Detecting CXX compiler ABI info
[1.351s] -- Detecting CXX compiler ABI info - done
[1.364s] -- Detecting CXX compile features
[2.009s] -- Detecting CXX compile features - done
[2.011s] -- Found ament_cmake: 0.8.2 (/opt/workspace/install/ament_cmake/share/ament_cmake/cmake)
[2.054s] -- Found PythonInterp: /usr/bin/python3 (found suitable version "3.6.9", minimum required is "3") 
[2.054s] -- Using PYTHON_EXECUTABLE: /usr/bin/python3
[2.630s] -- Configuring done
[2.641s] -- Generating done
[2.644s] -- Build files have been written to: /opt/workspace/build/shared_queues_vendor
[2.728s] [35m[1mScanning dependencies of target singleproducerconsumer[0m
[2.749s] [  6%] [34m[1mCreating directories for 'singleproducerconsumer'[0m
[2.870s] [ 12%] [34m[1mPerforming download step (download, verify and extract) for 'singleproducerconsumer'[0m
[2.895s] -- Downloading...
[2.896s]    dst='/opt/workspace/build/shared_queues_vendor/single/ef7dfbf553288064347d51b8ac335f1ca489032a.zip'
[2.896s]    timeout='60 seconds'
[2.896s] -- Using src='https://github.com/cameron314/readerwriterqueue/archive/ef7dfbf553288064347d51b8ac335f1ca489032a.zip'
[3.171s] -- [download 100% complete]
[3.457s] -- verifying file...
[3.458s]        file='/opt/workspace/build/shared_queues_vendor/single/ef7dfbf553288064347d51b8ac335f1ca489032a.zip'
[3.458s] -- Downloading... done
[3.499s] -- extracting...
[3.499s]      src='/opt/workspace/build/shared_queues_vendor/single/ef7dfbf553288064347d51b8ac335f1ca489032a.zip'
[3.499s]      dst='/opt/workspace/build/shared_queues_vendor/singleproducerconsumer-prefix/src/singleproducerconsumer'
[3.499s] -- extracting... [tar xfz]
[3.521s] -- extracting... [analysis]
[3.521s] -- extracting... [rename]
[3.521s] -- extracting... [clean up]
[3.522s] -- extracting... done
[3.560s] [ 18%] [34m[1mNo patch step for 'singleproducerconsumer'[0m
[3.609s] [ 25%] [34m[1mNo update step for 'singleproducerconsumer'[0m
[3.659s] [ 31%] [34m[1mNo configure step for 'singleproducerconsumer'[0m
[3.709s] [ 37%] [34m[1mNo build step for 'singleproducerconsumer'[0m
[3.761s] [ 43%] [34m[1mNo install step for 'singleproducerconsumer'[0m
[3.813s] [ 50%] [34m[1mCompleted 'singleproducerconsumer'[0m
[3.888s] [ 50%] Built target singleproducerconsumer
[3.907s] [35m[1mScanning dependencies of target concurrentqueue[0m
[3.928s] [ 56%] [34m[1mCreating directories for 'concurrentqueue'[0m
[4.055s] [ 62%] [34m[1mPerforming download step (download, verify and extract) for 'concurrentqueue'[0m
[4.072s] -- Downloading...
[4.073s]    dst='/opt/workspace/build/shared_queues_vendor/multiple/8f65a8734d77c3cc00d74c0532efca872931d3ce.zip'
[4.078s]    timeout='60 seconds'
[4.079s] -- Using src='https://github.com/cameron314/concurrentqueue/archive/8f65a8734d77c3cc00d74c0532efca872931d3ce.zip'
[4.331s] -- [download 100% complete]
[5.376s] -- verifying file...
[5.376s]        file='/opt/workspace/build/shared_queues_vendor/multiple/8f65a8734d77c3cc00d74c0532efca872931d3ce.zip'
[5.382s] -- Downloading... done
[5.422s] -- extracting...
[5.422s]      src='/opt/workspace/build/shared_queues_vendor/multiple/8f65a8734d77c3cc00d74c0532efca872931d3ce.zip'
[5.423s]      dst='/opt/workspace/build/shared_queues_vendor/concurrentqueue-prefix/src/concurrentqueue'
[5.423s] -- extracting... [tar xfz]
[5.621s] -- extracting... [analysis]
[5.622s] -- extracting... [rename]
[5.622s] -- extracting... [clean up]
[5.625s] -- extracting... done
[5.660s] [ 68%] [34m[1mNo patch step for 'concurrentqueue'[0m
[5.710s] [ 75%] [34m[1mNo update step for 'concurrentqueue'[0m
[5.759s] [ 81%] [34m[1mNo configure step for 'concurrentqueue'[0m
[5.801s] [ 87%] [34m[1mNo build step for 'concurrentqueue'[0m
[5.848s] [ 93%] [34m[1mNo install step for 'concurrentqueue'[0m
[5.891s] [100%] [34m[1mCompleted 'concurrentqueue'[0m
[5.960s] [100%] Built target concurrentqueue
[6.163s] [ 50%] Built target singleproducerconsumer
[6.211s] [100%] Built target concurrentqueue
[6.248s] [36mInstall the project...[0m
[6.266s] -- Install configuration: ""
[6.266s] -- Installing: /opt/workspace/install/shared_queues_vendor/include/moodycamel/atomicops.h
[6.267s] -- Installing: /opt/workspace/install/shared_queues_vendor/include/moodycamel/readerwriterqueue.h
[6.267s] -- Installing: /opt/workspace/install/shared_queues_vendor/include/moodycamel/concurrentqueue.h
[6.267s] -- Installing: /opt/workspace/install/shared_queues_vendor/include/moodycamel/blockingconcurrentqueue.h
[6.268s] -- Installing: /opt/workspace/install/shared_queues_vendor/share/ament_index/resource_index/package_run_dependencies/shared_queues_vendor
[6.268s] -- Installing: /opt/workspace/install/shared_queues_vendor/share/ament_index/resource_index/parent_prefix_path/shared_queues_vendor
[6.268s] -- Installing: /opt/workspace/install/shared_queues_vendor/share/shared_queues_vendor/environment/ament_prefix_path.sh
[6.269s] -- Installing: /opt/workspace/install/shared_queues_vendor/share/shared_queues_vendor/environment/ament_prefix_path.dsv
[6.269s] -- Installing: /opt/workspace/install/shared_queues_vendor/share/shared_queues_vendor/environment/path.sh
[6.269s] -- Installing: /opt/workspace/install/shared_queues_vendor/share/shared_queues_vendor/environment/path.dsv
[6.270s] -- Installing: /opt/workspace/install/shared_queues_vendor/share/shared_queues_vendor/local_setup.bash
[6.270s] -- Installing: /opt/workspace/install/shared_queues_vendor/share/shared_queues_vendor/local_setup.sh
[6.270s] -- Installing: /opt/workspace/install/shared_queues_vendor/share/shared_queues_vendor/local_setup.zsh
[6.270s] -- Installing: /opt/workspace/install/shared_queues_vendor/share/shared_queues_vendor/local_setup.dsv
[6.271s] -- Installing: /opt/workspace/install/shared_queues_vendor/share/shared_queues_vendor/package.dsv
[6.271s] -- Installing: /opt/workspace/install/shared_queues_vendor/share/ament_index/resource_index/packages/shared_queues_vendor
[6.271s] -- Installing: /opt/workspace/install/shared_queues_vendor/share/shared_queues_vendor/cmake/ament_cmake_export_include_directories-extras.cmake
[6.272s] -- Installing: /opt/workspace/install/shared_queues_vendor/share/shared_queues_vendor/cmake/shared_queues_vendorConfig.cmake
[6.272s] -- Installing: /opt/workspace/install/shared_queues_vendor/share/shared_queues_vendor/cmake/shared_queues_vendorConfig-version.cmake
[6.272s] -- Installing: /opt/workspace/install/shared_queues_vendor/share/shared_queues_vendor/package.xml
