[0.239s] -- Found ament_cmake: 0.8.2 (/opt/workspace/install/ament_cmake/share/ament_cmake/cmake)
[0.296s] -- Found PythonInterp: /usr/bin/python3 (found suitable version "3.6.9", minimum required is "3") 
[0.297s] -- Using PYTHON_EXECUTABLE: /usr/bin/python3
[0.822s] -- Found ament_lint_auto: 0.8.1 (/opt/workspace/install/ament_lint_auto/share/ament_lint_auto/cmake)
[1.017s] -- Added test 'copyright' to check for copyright in CMake / C / C++ / Python code
[1.022s] -- Added test 'flake8' to check Python code syntax and style conventions
[1.024s] -- Added test 'lint_cmake' to check CMake code style
[1.026s] -- Added test 'pep257' to check Python code against some of the style conventions in PEP 257
[1.030s] -- Added test 'xmllint' to check XML markup files
[1.035s] -- Configuring done
[1.040s] -- Generating done
[1.042s] -- Build files have been written to: /opt/workspace/build/rosidl_generator_dds_idl
[1.389s] [36mInstall the project...[0m
[1.408s] -- Install configuration: ""
[1.408s] -- Installing: /opt/workspace/install/rosidl_generator_dds_idl/share/rosidl_generator_dds_idl/environment/pythonpath.sh
[1.408s] -- Installing: /opt/workspace/install/rosidl_generator_dds_idl/share/rosidl_generator_dds_idl/environment/pythonpath.dsv
[1.409s] -- Installing: /opt/workspace/install/rosidl_generator_dds_idl/lib/python3.6/site-packages/rosidl_generator_dds_idl
[1.409s] -- Installing: /opt/workspace/install/rosidl_generator_dds_idl/lib/python3.6/site-packages/rosidl_generator_dds_idl/__init__.py
[1.499s] Listing '/opt/workspace/install/rosidl_generator_dds_idl/lib/python3.6/site-packages/rosidl_generator_dds_idl'...
[1.499s] Compiling '/opt/workspace/install/rosidl_generator_dds_idl/lib/python3.6/site-packages/rosidl_generator_dds_idl/__init__.py'...
[1.507s] -- Installing: /opt/workspace/install/rosidl_generator_dds_idl/share/ament_index/resource_index/package_run_dependencies/rosidl_generator_dds_idl
[1.508s] -- Installing: /opt/workspace/install/rosidl_generator_dds_idl/share/ament_index/resource_index/parent_prefix_path/rosidl_generator_dds_idl
[1.509s] -- Installing: /opt/workspace/install/rosidl_generator_dds_idl/share/rosidl_generator_dds_idl/environment/ament_prefix_path.sh
[1.510s] -- Installing: /opt/workspace/install/rosidl_generator_dds_idl/share/rosidl_generator_dds_idl/environment/ament_prefix_path.dsv
[1.510s] -- Installing: /opt/workspace/install/rosidl_generator_dds_idl/share/rosidl_generator_dds_idl/environment/path.sh
[1.511s] -- Installing: /opt/workspace/install/rosidl_generator_dds_idl/share/rosidl_generator_dds_idl/environment/path.dsv
[1.512s] -- Installing: /opt/workspace/install/rosidl_generator_dds_idl/share/rosidl_generator_dds_idl/local_setup.bash
[1.513s] -- Installing: /opt/workspace/install/rosidl_generator_dds_idl/share/rosidl_generator_dds_idl/local_setup.sh
[1.514s] -- Installing: /opt/workspace/install/rosidl_generator_dds_idl/share/rosidl_generator_dds_idl/local_setup.zsh
[1.514s] -- Installing: /opt/workspace/install/rosidl_generator_dds_idl/share/rosidl_generator_dds_idl/local_setup.dsv
[1.514s] -- Installing: /opt/workspace/install/rosidl_generator_dds_idl/share/rosidl_generator_dds_idl/package.dsv
[1.515s] -- Installing: /opt/workspace/install/rosidl_generator_dds_idl/share/ament_index/resource_index/packages/rosidl_generator_dds_idl
[1.515s] -- Installing: /opt/workspace/install/rosidl_generator_dds_idl/share/rosidl_generator_dds_idl/cmake/rosidl_generator_dds_idl-extras.cmake
[1.515s] -- Installing: /opt/workspace/install/rosidl_generator_dds_idl/share/rosidl_generator_dds_idl/cmake/rosidl_generator_dds_idlConfig.cmake
[1.516s] -- Installing: /opt/workspace/install/rosidl_generator_dds_idl/share/rosidl_generator_dds_idl/cmake/rosidl_generator_dds_idlConfig-version.cmake
[1.516s] -- Installing: /opt/workspace/install/rosidl_generator_dds_idl/share/rosidl_generator_dds_idl/package.xml
[1.516s] -- Installing: /opt/workspace/install/rosidl_generator_dds_idl/lib/rosidl_generator_dds_idl/rosidl_generator_dds_idl
[1.525s] -- Up-to-date: /opt/workspace/install/rosidl_generator_dds_idl/share/rosidl_generator_dds_idl/cmake
[1.531s] -- Installing: /opt/workspace/install/rosidl_generator_dds_idl/share/rosidl_generator_dds_idl/cmake/rosidl_generate_dds_interfaces.cmake
[1.531s] -- Installing: /opt/workspace/install/rosidl_generator_dds_idl/share/rosidl_generator_dds_idl/resource
[1.531s] -- Installing: /opt/workspace/install/rosidl_generator_dds_idl/share/rosidl_generator_dds_idl/resource/msg.idl.em
[1.532s] -- Installing: /opt/workspace/install/rosidl_generator_dds_idl/share/rosidl_generator_dds_idl/resource/srv.idl.em
[1.532s] -- Installing: /opt/workspace/install/rosidl_generator_dds_idl/share/rosidl_generator_dds_idl/resource/idl.idl.em
[1.532s] -- Installing: /opt/workspace/install/rosidl_generator_dds_idl/share/rosidl_generator_dds_idl/resource/action.idl.em
