[0.203s] -- Found ament_cmake: 0.8.2 (/opt/workspace/install/ament_cmake/share/ament_cmake/cmake)
[0.263s] -- Found PythonInterp: /usr/bin/python3 (found suitable version "3.6.9", minimum required is "3") 
[0.264s] -- Using PYTHON_EXECUTABLE: /usr/bin/python3
[0.803s] -- Found ament_lint_auto: 0.8.1 (/opt/workspace/install/ament_lint_auto/share/ament_lint_auto/cmake)
[0.997s] -- Added test 'copyright' to check for copyright in CMake / C / C++ / Python code
[1.003s] -- Added test 'flake8' to check Python code syntax and style conventions
[1.005s] -- Added test 'lint_cmake' to check CMake code style
[1.008s] -- Added test 'pep257' to check Python code against some of the style conventions in PEP 257
[1.012s] -- Added test 'xmllint' to check XML markup files
[1.700s] -- Configuring done
[1.704s] -- Generating done
[1.706s] -- Build files have been written to: /opt/workspace/build/rosidl_parser
[2.015s] [36mInstall the project...[0m
[2.037s] -- Install configuration: ""
[2.037s] -- Installing: /opt/workspace/install/rosidl_parser/share/rosidl_parser/environment/pythonpath.sh
[2.037s] -- Installing: /opt/workspace/install/rosidl_parser/share/rosidl_parser/environment/pythonpath.dsv
[2.038s] -- Installing: /opt/workspace/install/rosidl_parser/lib/python3.6/site-packages/rosidl_parser
[2.038s] -- Installing: /opt/workspace/install/rosidl_parser/lib/python3.6/site-packages/rosidl_parser/definition.py
[2.038s] -- Installing: /opt/workspace/install/rosidl_parser/lib/python3.6/site-packages/rosidl_parser/__init__.py
[2.039s] -- Installing: /opt/workspace/install/rosidl_parser/lib/python3.6/site-packages/rosidl_parser/grammar.lark
[2.039s] -- Installing: /opt/workspace/install/rosidl_parser/lib/python3.6/site-packages/rosidl_parser/parser.py
[2.137s] Listing '/opt/workspace/install/rosidl_parser/lib/python3.6/site-packages/rosidl_parser'...
[2.137s] Compiling '/opt/workspace/install/rosidl_parser/lib/python3.6/site-packages/rosidl_parser/__init__.py'...
[2.138s] Compiling '/opt/workspace/install/rosidl_parser/lib/python3.6/site-packages/rosidl_parser/definition.py'...
[2.138s] Compiling '/opt/workspace/install/rosidl_parser/lib/python3.6/site-packages/rosidl_parser/parser.py'...
[2.146s] -- Installing: /opt/workspace/install/rosidl_parser/share/ament_index/resource_index/package_run_dependencies/rosidl_parser
[2.146s] -- Installing: /opt/workspace/install/rosidl_parser/share/ament_index/resource_index/parent_prefix_path/rosidl_parser
[2.146s] -- Installing: /opt/workspace/install/rosidl_parser/share/rosidl_parser/environment/ament_prefix_path.sh
[2.148s] -- Installing: /opt/workspace/install/rosidl_parser/share/rosidl_parser/environment/ament_prefix_path.dsv
[2.149s] -- Installing: /opt/workspace/install/rosidl_parser/share/rosidl_parser/environment/path.sh
[2.150s] -- Installing: /opt/workspace/install/rosidl_parser/share/rosidl_parser/environment/path.dsv
[2.150s] -- Installing: /opt/workspace/install/rosidl_parser/share/rosidl_parser/local_setup.bash
[2.151s] -- Installing: /opt/workspace/install/rosidl_parser/share/rosidl_parser/local_setup.sh
[2.152s] -- Installing: /opt/workspace/install/rosidl_parser/share/rosidl_parser/local_setup.zsh
[2.153s] -- Installing: /opt/workspace/install/rosidl_parser/share/rosidl_parser/local_setup.dsv
[2.154s] -- Installing: /opt/workspace/install/rosidl_parser/share/rosidl_parser/package.dsv
[2.156s] -- Installing: /opt/workspace/install/rosidl_parser/share/ament_index/resource_index/packages/rosidl_parser
[2.157s] -- Installing: /opt/workspace/install/rosidl_parser/share/rosidl_parser/cmake/rosidl_parserConfig.cmake
[2.158s] -- Installing: /opt/workspace/install/rosidl_parser/share/rosidl_parser/cmake/rosidl_parserConfig-version.cmake
[2.159s] -- Installing: /opt/workspace/install/rosidl_parser/share/rosidl_parser/package.xml
[2.160s] -- Installing: /opt/workspace/install/rosidl_parser/lib/rosidl_parser/idl2png
