[0.957s] Invoking command in '/opt/workspace/src/ament/ament_lint/ament_flake8': AMENT_PREFIX_PATH=/opt/workspace/install/ament_lint:${AMENT_PREFIX_PATH} PYTHONPATH=/opt/workspace/install/ament_flake8/lib/python3.6/site-packages:/opt/workspace/install/ament_lint/lib/python3.6/site-packages:${PYTHONPATH} /usr/bin/python3 setup.py egg_info --egg-base /opt/workspace/build/ament_flake8 build --build-base /opt/workspace/build/ament_flake8/build install --prefix /opt/workspace/install/ament_flake8 --record /opt/workspace/build/ament_flake8/install.log --single-version-externally-managed
[1.462s] running egg_info
[1.464s] creating /opt/workspace/build/ament_flake8/ament_flake8.egg-info
[1.464s] writing /opt/workspace/build/ament_flake8/ament_flake8.egg-info/PKG-INFO
[1.465s] writing dependency_links to /opt/workspace/build/ament_flake8/ament_flake8.egg-info/dependency_links.txt
[1.465s] writing entry points to /opt/workspace/build/ament_flake8/ament_flake8.egg-info/entry_points.txt
[1.465s] writing requirements to /opt/workspace/build/ament_flake8/ament_flake8.egg-info/requires.txt
[1.465s] writing top-level names to /opt/workspace/build/ament_flake8/ament_flake8.egg-info/top_level.txt
[1.466s] writing manifest file '/opt/workspace/build/ament_flake8/ament_flake8.egg-info/SOURCES.txt'
[1.547s] reading manifest file '/opt/workspace/build/ament_flake8/ament_flake8.egg-info/SOURCES.txt'
[1.549s] writing manifest file '/opt/workspace/build/ament_flake8/ament_flake8.egg-info/SOURCES.txt'
[1.550s] running build
[1.550s] running build_py
[1.550s] creating /opt/workspace/build/ament_flake8/build
[1.551s] creating /opt/workspace/build/ament_flake8/build/lib
[1.551s] creating /opt/workspace/build/ament_flake8/build/lib/ament_flake8
[1.551s] copying ament_flake8/__init__.py -> /opt/workspace/build/ament_flake8/build/lib/ament_flake8
[1.551s] copying ament_flake8/pytest_marker.py -> /opt/workspace/build/ament_flake8/build/lib/ament_flake8
[1.552s] copying ament_flake8/legacy.py -> /opt/workspace/build/ament_flake8/build/lib/ament_flake8
[1.552s] copying ament_flake8/main.py -> /opt/workspace/build/ament_flake8/build/lib/ament_flake8
[1.552s] creating /opt/workspace/build/ament_flake8/build/lib/ament_flake8/configuration
[1.552s] copying ament_flake8/configuration/ament_flake8.ini -> /opt/workspace/build/ament_flake8/build/lib/ament_flake8/configuration
[1.553s] running install
[1.553s] running install_lib
[1.554s] creating /opt/workspace/install/ament_flake8/lib/python3.6/site-packages/ament_flake8
[1.554s] copying /opt/workspace/build/ament_flake8/build/lib/ament_flake8/__init__.py -> /opt/workspace/install/ament_flake8/lib/python3.6/site-packages/ament_flake8
[1.555s] copying /opt/workspace/build/ament_flake8/build/lib/ament_flake8/pytest_marker.py -> /opt/workspace/install/ament_flake8/lib/python3.6/site-packages/ament_flake8
[1.555s] copying /opt/workspace/build/ament_flake8/build/lib/ament_flake8/legacy.py -> /opt/workspace/install/ament_flake8/lib/python3.6/site-packages/ament_flake8
[1.555s] copying /opt/workspace/build/ament_flake8/build/lib/ament_flake8/main.py -> /opt/workspace/install/ament_flake8/lib/python3.6/site-packages/ament_flake8
[1.555s] creating /opt/workspace/install/ament_flake8/lib/python3.6/site-packages/ament_flake8/configuration
[1.556s] copying /opt/workspace/build/ament_flake8/build/lib/ament_flake8/configuration/ament_flake8.ini -> /opt/workspace/install/ament_flake8/lib/python3.6/site-packages/ament_flake8/configuration
[1.556s] byte-compiling /opt/workspace/install/ament_flake8/lib/python3.6/site-packages/ament_flake8/__init__.py to __init__.cpython-36.pyc
[1.556s] byte-compiling /opt/workspace/install/ament_flake8/lib/python3.6/site-packages/ament_flake8/pytest_marker.py to pytest_marker.cpython-36.pyc
[1.557s] byte-compiling /opt/workspace/install/ament_flake8/lib/python3.6/site-packages/ament_flake8/legacy.py to legacy.cpython-36.pyc
[1.558s] byte-compiling /opt/workspace/install/ament_flake8/lib/python3.6/site-packages/ament_flake8/main.py to main.cpython-36.pyc
[1.560s] running install_data
[1.561s] copying package.xml -> /opt/workspace/install/ament_flake8/share/ament_flake8
[1.562s] creating /opt/workspace/install/ament_flake8/share/ament_index
[1.562s] creating /opt/workspace/install/ament_flake8/share/ament_index/resource_index
[1.569s] creating /opt/workspace/install/ament_flake8/share/ament_index/resource_index/packages
[1.570s] copying resource/ament_flake8 -> /opt/workspace/install/ament_flake8/share/ament_index/resource_index/packages
[1.571s] running install_egg_info
[1.571s] Copying /opt/workspace/build/ament_flake8/ament_flake8.egg-info to /opt/workspace/install/ament_flake8/lib/python3.6/site-packages/ament_flake8-0.8.1-py3.6.egg-info
[1.571s] running install_scripts
[1.620s] Installing ament_flake8 script to /opt/workspace/install/ament_flake8/bin
[1.620s] writing list of installed files to '/opt/workspace/build/ament_flake8/install.log'
[2.544s] Invoked command in '/opt/workspace/src/ament/ament_lint/ament_flake8' returned '0': AMENT_PREFIX_PATH=/opt/workspace/install/ament_lint:${AMENT_PREFIX_PATH} PYTHONPATH=/opt/workspace/install/ament_flake8/lib/python3.6/site-packages:/opt/workspace/install/ament_lint/lib/python3.6/site-packages:${PYTHONPATH} /usr/bin/python3 setup.py egg_info --egg-base /opt/workspace/build/ament_flake8 build --build-base /opt/workspace/build/ament_flake8/build install --prefix /opt/workspace/install/ament_flake8 --record /opt/workspace/build/ament_flake8/install.log --single-version-externally-managed
