Determining if the pthread_create exist failed with the following output:
Change Dir: /opt/workspace/build/tf2_ros/CMakeFiles/CMakeTmp

Run Build Command:"/usr/bin/make" "cmTC_9b5b8/fast"
/usr/bin/make -f CMakeFiles/cmTC_9b5b8.dir/build.make CMakeFiles/cmTC_9b5b8.dir/build
make[1]: Entering directory '/opt/workspace/build/tf2_ros/CMakeFiles/CMakeTmp'
Building C object CMakeFiles/cmTC_9b5b8.dir/CheckSymbolExists.c.o
/usr/bin/cc    -o CMakeFiles/cmTC_9b5b8.dir/CheckSymbolExists.c.o   -c /opt/workspace/build/tf2_ros/CMakeFiles/CMakeTmp/CheckSymbolExists.c
Linking C executable cmTC_9b5b8
/usr/bin/cmake -E cmake_link_script CMakeFiles/cmTC_9b5b8.dir/link.txt --verbose=1
/usr/bin/cc      CMakeFiles/cmTC_9b5b8.dir/CheckSymbolExists.c.o  -o cmTC_9b5b8 
CMakeFiles/cmTC_9b5b8.dir/CheckSymbolExists.c.o: In function `main':
CheckSymbolExists.c:(.text+0x1b): undefined reference to `pthread_create'
collect2: error: ld returned 1 exit status
CMakeFiles/cmTC_9b5b8.dir/build.make:97: recipe for target 'cmTC_9b5b8' failed
make[1]: *** [cmTC_9b5b8] Error 1
make[1]: Leaving directory '/opt/workspace/build/tf2_ros/CMakeFiles/CMakeTmp'
Makefile:126: recipe for target 'cmTC_9b5b8/fast' failed
make: *** [cmTC_9b5b8/fast] Error 2

File /opt/workspace/build/tf2_ros/CMakeFiles/CMakeTmp/CheckSymbolExists.c:
/* */
#include <pthread.h>

int main(int argc, char** argv)
{
  (void)argv;
#ifndef pthread_create
  return ((int*)(&pthread_create))[argc];
#else
  (void)argc;
  return 0;
#endif
}

Determining if the function pthread_create exists in the pthreads failed with the following output:
Change Dir: /opt/workspace/build/tf2_ros/CMakeFiles/CMakeTmp

Run Build Command:"/usr/bin/make" "cmTC_625f2/fast"
/usr/bin/make -f CMakeFiles/cmTC_625f2.dir/build.make CMakeFiles/cmTC_625f2.dir/build
make[1]: Entering directory '/opt/workspace/build/tf2_ros/CMakeFiles/CMakeTmp'
Building C object CMakeFiles/cmTC_625f2.dir/CheckFunctionExists.c.o
/usr/bin/cc   -DCHECK_FUNCTION_EXISTS=pthread_create   -o CMakeFiles/cmTC_625f2.dir/CheckFunctionExists.c.o   -c /usr/share/cmake-3.10/Modules/CheckFunctionExists.c
Linking C executable cmTC_625f2
/usr/bin/cmake -E cmake_link_script CMakeFiles/cmTC_625f2.dir/link.txt --verbose=1
/usr/bin/cc  -DCHECK_FUNCTION_EXISTS=pthread_create    CMakeFiles/cmTC_625f2.dir/CheckFunctionExists.c.o  -o cmTC_625f2 -lpthreads 
/usr/bin/ld: cannot find -lpthreads
collect2: error: ld returned 1 exit status
CMakeFiles/cmTC_625f2.dir/build.make:97: recipe for target 'cmTC_625f2' failed
make[1]: *** [cmTC_625f2] Error 1
make[1]: Leaving directory '/opt/workspace/build/tf2_ros/CMakeFiles/CMakeTmp'
Makefile:126: recipe for target 'cmTC_625f2/fast' failed
make: *** [cmTC_625f2/fast] Error 2


