[0.534s] -- The C compiler identification is GNU 7.4.0
[0.669s] -- The CXX compiler identification is GNU 7.4.0
[0.685s] -- Check for working C compiler: /usr/bin/cc
[0.861s] -- Check for working C compiler: /usr/bin/cc -- works
[0.863s] -- Detecting C compiler ABI info
[1.028s] -- Detecting C compiler ABI info - done
[1.042s] -- Detecting C compile features
[1.565s] -- Detecting C compile features - done
[1.571s] -- Check for working CXX compiler: /usr/bin/c++
[1.785s] -- Check for working CXX compiler: /usr/bin/c++ -- works
[1.788s] -- Detecting CXX compiler ABI info
[2.000s] -- Detecting CXX compiler ABI info - done
[2.014s] -- Detecting CXX compile features
[2.851s] -- Detecting CXX compile features - done
[2.864s] -- Found ament_cmake: 0.8.2 (/opt/workspace/install/ament_cmake/share/ament_cmake/cmake)
[2.976s] -- Found PythonInterp: /usr/bin/python3 (found suitable version "3.6.9", minimum required is "3") 
[2.976s] -- Using PYTHON_EXECUTABLE: /usr/bin/python3
[3.574s] -- Found geometry_msgs: 0.8.1 (/opt/workspace/install/geometry_msgs/share/geometry_msgs/cmake)
[3.687s] -- Found rosidl_adapter: 0.8.2 (/opt/workspace/install/rosidl_adapter/share/rosidl_adapter/cmake)
[3.783s] -- Found message_filters: 3.2.3 (/opt/workspace/install/message_filters/share/message_filters/cmake)
[3.788s] -- Found rclcpp: 0.8.4 (/opt/workspace/install/rclcpp/share/rclcpp/cmake)
[3.844s] -- Found rmw_implementation_cmake: 0.8.1 (/opt/workspace/install/rmw_implementation_cmake/share/rmw_implementation_cmake/cmake)
[3.858s] -- Using RMW implementation 'rmw_fastrtps_cpp' as default
[3.860s] -- Looking for pthread.h
[4.052s] -- Looking for pthread.h - found
[4.052s] -- Looking for pthread_create
[4.233s] -- Looking for pthread_create - not found
[4.234s] -- Looking for pthread_create in pthreads
[4.385s] -- Looking for pthread_create in pthreads - not found
[4.386s] -- Looking for pthread_create in pthread
[4.564s] -- Looking for pthread_create in pthread - found
[4.566s] -- Found Threads: TRUE  
[4.676s] -- Found rclcpp_action: 0.8.4 (/opt/workspace/install/rclcpp_action/share/rclcpp_action/cmake)
[4.856s] -- Found tf2: 0.12.5 (/opt/workspace/install/tf2/share/tf2/cmake)
[4.873s] -- Found tf2_msgs: 0.12.5 (/opt/workspace/install/tf2_msgs/share/tf2_msgs/cmake)
[6.153s] -- Found ament_cmake_gtest: 0.8.2 (/opt/workspace/install/ament_cmake_gtest/share/ament_cmake_gtest/cmake)
[6.171s] -- Found gtest sources under '/opt/workspace/install/gtest_vendor/src/gtest_vendor': C++ tests using 'Google Test' will be built
[6.176s] -- Check if compiler accepts -pthread
[6.370s] -- Check if compiler accepts -pthread - yes
[6.644s] -- Found python_cmake_module: 0.8.0 (/opt/workspace/install/python_cmake_module/share/python_cmake_module/cmake)
[6.728s] -- Found PythonInterp: /usr/bin/python3 (found suitable version "3.6.9", minimum required is "3.5") 
[6.754s] -- Found PythonLibs: /usr/lib/x86_64-linux-gnu/libpython3.6m.so (found suitable version "3.6.9", minimum required is "3.5") 
[6.755s] -- Using PYTHON_EXECUTABLE: /usr/bin/python3
[6.755s] -- Using PYTHON_INCLUDE_DIRS: /usr/include/python3.6m
[6.755s] -- Using PYTHON_LIBRARIES: /usr/lib/x86_64-linux-gnu/libpython3.6m.so
[6.840s] -- Found PythonExtra: .so  
[6.853s] -- Found ament_cmake_pytest: 0.8.2 (/opt/workspace/install/ament_cmake_pytest/share/ament_cmake_pytest/cmake)
[7.881s] -- Configuring done
[8.584s] -- Generating done
[8.591s] -- Build files have been written to: /opt/workspace/build/tf2_ros
[8.744s] [35m[1mScanning dependencies of target tf2_ros[0m
[8.954s] [  2%] [32mBuilding CXX object CMakeFiles/tf2_ros.dir/src/buffer.cpp.o[0m
[13.253s] [  5%] [32mBuilding CXX object CMakeFiles/tf2_ros.dir/src/transform_broadcaster.cpp.o[0m
[16.225s] [  7%] [32mBuilding CXX object CMakeFiles/tf2_ros.dir/src/static_transform_broadcaster.cpp.o[0m
[19.210s] [ 10%] [32mBuilding CXX object CMakeFiles/tf2_ros.dir/src/buffer_server.cpp.o[0m
[22.974s] [ 13%] [32mBuilding CXX object CMakeFiles/tf2_ros.dir/src/buffer_client.cpp.o[0m
[27.570s] [ 15%] [32mBuilding CXX object CMakeFiles/tf2_ros.dir/src/transform_listener.cpp.o[0m
[34.288s] [ 18%] [32mBuilding CXX object CMakeFiles/tf2_ros.dir/src/create_timer_ros.cpp.o[0m
[37.559s] [ 21%] [32m[1mLinking CXX shared library libtf2_ros.so[0m
[38.523s] [ 21%] Built target tf2_ros
[38.554s] [35m[1mScanning dependencies of target gtest[0m
[38.607s] [ 23%] [32mBuilding CXX object gtest/CMakeFiles/gtest.dir/src/gtest-all.cc.o[0m
[44.592s] [ 26%] [32m[1mLinking CXX static library libgtest.a[0m
[44.737s] [ 26%] Built target gtest
[44.780s] [35m[1mScanning dependencies of target tf2_monitor[0m
[44.886s] [ 28%] [32mBuilding CXX object CMakeFiles/tf2_monitor.dir/src/tf2_monitor.cpp.o[0m
[51.821s] [ 31%] [32m[1mLinking CXX executable tf2_monitor[0m
[53.156s] [ 31%] Built target tf2_monitor
[53.190s] [35m[1mScanning dependencies of target buffer_server[0m
[53.308s] [ 34%] [32mBuilding CXX object CMakeFiles/buffer_server.dir/src/buffer_server_main.cpp.o[0m
[58.806s] [ 36%] [32m[1mLinking CXX executable buffer_server[0m
[60.073s] [ 36%] Built target buffer_server
[60.105s] [35m[1mScanning dependencies of target static_transform_publisher[0m
[60.203s] [ 39%] [32mBuilding CXX object CMakeFiles/static_transform_publisher.dir/src/static_transform_broadcaster_program.cpp.o[0m
[65.219s] [ 42%] [32m[1mLinking CXX executable static_transform_publisher[0m
[66.463s] [ 42%] Built target static_transform_publisher
[66.496s] [35m[1mScanning dependencies of target tf2_echo[0m
[66.607s] [ 44%] [32mBuilding CXX object CMakeFiles/tf2_echo.dir/src/tf2_echo.cpp.o[0m
[70.102s] [ 47%] [32m[1mLinking CXX executable tf2_echo[0m
[71.096s] [ 47%] Built target tf2_echo
[71.126s] [35m[1mScanning dependencies of target gtest_main[0m
[71.170s] [ 50%] [32mBuilding CXX object gtest/CMakeFiles/gtest_main.dir/src/gtest_main.cc.o[0m
[72.609s] [ 52%] [32m[1mLinking CXX static library libgtest_main.a[0m
[72.696s] [ 52%] Built target gtest_main
[72.724s] [35m[1mScanning dependencies of target tf2_ros_test_message_filter[0m
[72.858s] [ 55%] [32mBuilding CXX object CMakeFiles/tf2_ros_test_message_filter.dir/test/message_filter_test.cpp.o[0m
[83.688s] [ 57%] [32m[1mLinking CXX executable tf2_ros_test_message_filter[0m
[84.995s] [ 57%] Built target tf2_ros_test_message_filter
[85.032s] [35m[1mScanning dependencies of target tf2_ros_test_transform_broadcaster[0m
[85.156s] [ 60%] [32mBuilding CXX object CMakeFiles/tf2_ros_test_transform_broadcaster.dir/test/test_transform_broadcaster.cpp.o[0m
[90.660s] [ 63%] [32m[1mLinking CXX executable tf2_ros_test_transform_broadcaster[0m
[91.667s] [ 63%] Built target tf2_ros_test_transform_broadcaster
[91.696s] [35m[1mScanning dependencies of target tf2_ros_test_listener[0m
[91.823s] [ 65%] [32mBuilding CXX object CMakeFiles/tf2_ros_test_listener.dir/test/listener_unittest.cpp.o[0m
[99.234s] [ 68%] [32m[1mLinking CXX executable tf2_ros_test_listener[0m
[100.691s] [ 68%] Built target tf2_ros_test_listener
[100.725s] [35m[1mScanning dependencies of target tf2_ros_test_static_transform_broadcaster[0m
[100.842s] [ 71%] [32mBuilding CXX object CMakeFiles/tf2_ros_test_static_transform_broadcaster.dir/test/test_static_transform_broadcaster.cpp.o[0m
[106.643s] [ 73%] [32m[1mLinking CXX executable tf2_ros_test_static_transform_broadcaster[0m
[107.641s] [ 73%] Built target tf2_ros_test_static_transform_broadcaster
[107.675s] [35m[1mScanning dependencies of target tf2_ros_test_time_reset[0m
[107.801s] [ 76%] [32mBuilding CXX object CMakeFiles/tf2_ros_test_time_reset.dir/test/time_reset_test.cpp.o[0m
[114.486s] [ 78%] [32m[1mLinking CXX executable tf2_ros_test_time_reset[0m
[115.787s] [ 78%] Built target tf2_ros_test_time_reset
[115.821s] [35m[1mScanning dependencies of target tf2_ros_test_transform_listener[0m
[115.933s] [ 81%] [32mBuilding CXX object CMakeFiles/tf2_ros_test_transform_listener.dir/test/test_transform_listener.cpp.o[0m
[122.961s] [ 84%] [32m[1mLinking CXX executable tf2_ros_test_transform_listener[0m
[124.090s] [ 84%] Built target tf2_ros_test_transform_listener
[124.121s] [35m[1mScanning dependencies of target test_buffer_client[0m
[124.253s] [ 86%] [32mBuilding CXX object CMakeFiles/test_buffer_client.dir/test/test_buffer_client.cpp.o[0m
[131.189s] [ 89%] [32m[1mLinking CXX executable test_buffer_client[0m
[132.372s] [ 89%] Built target test_buffer_client
[132.411s] [35m[1mScanning dependencies of target test_buffer_server[0m
[132.562s] [ 92%] [32mBuilding CXX object CMakeFiles/test_buffer_server.dir/test/test_buffer_server.cpp.o[0m
[141.266s] [ 94%] [32m[1mLinking CXX executable test_buffer_server[0m
[142.530s] [ 94%] Built target test_buffer_server
[142.558s] [35m[1mScanning dependencies of target test_buffer[0m
[142.672s] [ 97%] [32mBuilding CXX object CMakeFiles/test_buffer.dir/test/test_buffer.cpp.o[0m
[147.502s] [100%] [32m[1mLinking CXX executable test_buffer[0m
[148.498s] [100%] Built target test_buffer
[148.872s] [ 21%] Built target tf2_ros
[148.931s] [ 26%] Built target gtest
[149.003s] [ 31%] Built target tf2_monitor
[149.082s] [ 36%] Built target buffer_server
[149.157s] [ 42%] Built target static_transform_publisher
[149.231s] [ 47%] Built target tf2_echo
[149.289s] [ 52%] Built target gtest_main
[149.371s] [ 57%] Built target tf2_ros_test_message_filter
[149.446s] [ 63%] Built target tf2_ros_test_transform_broadcaster
[149.529s] [ 68%] Built target tf2_ros_test_listener
[149.609s] [ 73%] Built target tf2_ros_test_static_transform_broadcaster
[149.686s] [ 78%] Built target tf2_ros_test_time_reset
[149.769s] [ 84%] Built target tf2_ros_test_transform_listener
[149.858s] [ 89%] Built target test_buffer_client
[149.953s] [ 94%] Built target test_buffer_server
[150.035s] [100%] Built target test_buffer
[150.094s] [36mInstall the project...[0m
[150.121s] -- Install configuration: ""
[150.121s] -- Installing: /opt/workspace/install/tf2_ros/share/tf2_ros/environment/pythonpath.sh
[150.122s] -- Installing: /opt/workspace/install/tf2_ros/share/tf2_ros/environment/pythonpath.dsv
[150.122s] -- Installing: /opt/workspace/install/tf2_ros/lib/python3.6/site-packages/tf2_ros
[150.123s] -- Installing: /opt/workspace/install/tf2_ros/lib/python3.6/site-packages/tf2_ros/transform_broadcaster.py
[150.124s] -- Installing: /opt/workspace/install/tf2_ros/lib/python3.6/site-packages/tf2_ros/static_transform_broadcaster.py
[150.124s] -- Installing: /opt/workspace/install/tf2_ros/lib/python3.6/site-packages/tf2_ros/__init__.py
[150.124s] -- Installing: /opt/workspace/install/tf2_ros/lib/python3.6/site-packages/tf2_ros/buffer_client.py
[150.124s] -- Installing: /opt/workspace/install/tf2_ros/lib/python3.6/site-packages/tf2_ros/buffer.py
[150.125s] -- Installing: /opt/workspace/install/tf2_ros/lib/python3.6/site-packages/tf2_ros/buffer_interface.py
[150.126s] -- Installing: /opt/workspace/install/tf2_ros/lib/python3.6/site-packages/tf2_ros/transform_listener.py
[150.275s] Listing '/opt/workspace/install/tf2_ros/lib/python3.6/site-packages/tf2_ros'...
[150.276s] Compiling '/opt/workspace/install/tf2_ros/lib/python3.6/site-packages/tf2_ros/__init__.py'...
[150.276s] Compiling '/opt/workspace/install/tf2_ros/lib/python3.6/site-packages/tf2_ros/buffer.py'...
[150.276s] Compiling '/opt/workspace/install/tf2_ros/lib/python3.6/site-packages/tf2_ros/buffer_client.py'...
[150.276s] Compiling '/opt/workspace/install/tf2_ros/lib/python3.6/site-packages/tf2_ros/buffer_interface.py'...
[150.276s] Compiling '/opt/workspace/install/tf2_ros/lib/python3.6/site-packages/tf2_ros/static_transform_broadcaster.py'...
[150.277s] Compiling '/opt/workspace/install/tf2_ros/lib/python3.6/site-packages/tf2_ros/transform_broadcaster.py'...
[150.277s] Compiling '/opt/workspace/install/tf2_ros/lib/python3.6/site-packages/tf2_ros/transform_listener.py'...
[150.287s] -- Installing: /opt/workspace/install/tf2_ros/lib/libtf2_ros.so
[150.293s] -- Set runtime path of "/opt/workspace/install/tf2_ros/lib/libtf2_ros.so" to ""
[150.294s] -- Installing: /opt/workspace/install/tf2_ros/lib/tf2_ros/buffer_server
[150.296s] -- Set runtime path of "/opt/workspace/install/tf2_ros/lib/tf2_ros/buffer_server" to ""
[150.297s] -- Installing: /opt/workspace/install/tf2_ros/lib/tf2_ros/static_transform_publisher
[150.300s] -- Set runtime path of "/opt/workspace/install/tf2_ros/lib/tf2_ros/static_transform_publisher" to ""
[150.300s] -- Installing: /opt/workspace/install/tf2_ros/lib/tf2_ros/tf2_echo
[150.302s] -- Set runtime path of "/opt/workspace/install/tf2_ros/lib/tf2_ros/tf2_echo" to ""
[150.303s] -- Installing: /opt/workspace/install/tf2_ros/lib/tf2_ros/tf2_monitor
[150.307s] -- Set runtime path of "/opt/workspace/install/tf2_ros/lib/tf2_ros/tf2_monitor" to ""
[150.308s] -- Installing: /opt/workspace/install/tf2_ros/include/tf2_ros
[150.309s] -- Installing: /opt/workspace/install/tf2_ros/include/tf2_ros/transform_broadcaster.h
[150.309s] -- Installing: /opt/workspace/install/tf2_ros/include/tf2_ros/async_buffer_interface.h
[150.310s] -- Installing: /opt/workspace/install/tf2_ros/include/tf2_ros/visibility_control.h
[150.311s] -- Installing: /opt/workspace/install/tf2_ros/include/tf2_ros/transform_listener.h
[150.312s] -- Installing: /opt/workspace/install/tf2_ros/include/tf2_ros/buffer_client.h
[150.312s] -- Installing: /opt/workspace/install/tf2_ros/include/tf2_ros/create_timer_interface.h
[150.313s] -- Installing: /opt/workspace/install/tf2_ros/include/tf2_ros/create_timer_ros.h
[150.314s] -- Installing: /opt/workspace/install/tf2_ros/include/tf2_ros/buffer_server.h
[150.314s] -- Installing: /opt/workspace/install/tf2_ros/include/tf2_ros/buffer.h
[150.315s] -- Installing: /opt/workspace/install/tf2_ros/include/tf2_ros/qos.hpp
[150.316s] -- Installing: /opt/workspace/install/tf2_ros/include/tf2_ros/static_transform_broadcaster.h
[150.316s] -- Installing: /opt/workspace/install/tf2_ros/include/tf2_ros/message_filter.h
[150.317s] -- Installing: /opt/workspace/install/tf2_ros/include/tf2_ros/buffer_interface.h
[150.318s] -- Installing: /opt/workspace/install/tf2_ros/share/tf2_ros/environment/library_path.sh
[150.319s] -- Installing: /opt/workspace/install/tf2_ros/share/tf2_ros/environment/library_path.dsv
[150.320s] -- Installing: /opt/workspace/install/tf2_ros/share/ament_index/resource_index/package_run_dependencies/tf2_ros
[150.321s] -- Installing: /opt/workspace/install/tf2_ros/share/ament_index/resource_index/parent_prefix_path/tf2_ros
[150.321s] -- Installing: /opt/workspace/install/tf2_ros/share/tf2_ros/environment/ament_prefix_path.sh
[150.322s] -- Installing: /opt/workspace/install/tf2_ros/share/tf2_ros/environment/ament_prefix_path.dsv
[150.323s] -- Installing: /opt/workspace/install/tf2_ros/share/tf2_ros/environment/path.sh
[150.326s] -- Installing: /opt/workspace/install/tf2_ros/share/tf2_ros/environment/path.dsv
[150.327s] -- Installing: /opt/workspace/install/tf2_ros/share/tf2_ros/local_setup.bash
[150.328s] -- Installing: /opt/workspace/install/tf2_ros/share/tf2_ros/local_setup.sh
[150.329s] -- Installing: /opt/workspace/install/tf2_ros/share/tf2_ros/local_setup.zsh
[150.330s] -- Installing: /opt/workspace/install/tf2_ros/share/tf2_ros/local_setup.dsv
[150.331s] -- Installing: /opt/workspace/install/tf2_ros/share/tf2_ros/package.dsv
[150.332s] -- Installing: /opt/workspace/install/tf2_ros/share/ament_index/resource_index/packages/tf2_ros
[150.333s] -- Installing: /opt/workspace/install/tf2_ros/share/tf2_ros/cmake/ament_cmake_export_include_directories-extras.cmake
[150.333s] -- Installing: /opt/workspace/install/tf2_ros/share/tf2_ros/cmake/ament_cmake_export_libraries-extras.cmake
[150.334s] -- Installing: /opt/workspace/install/tf2_ros/share/tf2_ros/cmake/ament_cmake_export_dependencies-extras.cmake
[150.335s] -- Installing: /opt/workspace/install/tf2_ros/share/tf2_ros/cmake/tf2_rosConfig.cmake
[150.336s] -- Installing: /opt/workspace/install/tf2_ros/share/tf2_ros/cmake/tf2_rosConfig-version.cmake
[150.336s] -- Installing: /opt/workspace/install/tf2_ros/share/tf2_ros/package.xml
