[0.536s] -- The C compiler identification is GNU 7.4.0
[0.664s] -- The CXX compiler identification is GNU 7.4.0
[0.676s] -- Check for working C compiler: /usr/bin/cc
[0.855s] -- Check for working C compiler: /usr/bin/cc -- works
[0.856s] -- Detecting C compiler ABI info
[1.026s] -- Detecting C compiler ABI info - done
[1.039s] -- Detecting C compile features
[1.543s] -- Detecting C compile features - done
[1.548s] -- Check for working CXX compiler: /usr/bin/c++
[1.743s] -- Check for working CXX compiler: /usr/bin/c++ -- works
[1.745s] -- Detecting CXX compiler ABI info
[1.945s] -- Detecting CXX compiler ABI info - done
[1.958s] -- Detecting CXX compile features
[2.778s] -- Detecting CXX compile features - done
[2.790s] -- Found ament_cmake: 0.8.2 (/opt/workspace/install/ament_cmake/share/ament_cmake/cmake)
[2.903s] -- Found PythonInterp: /usr/bin/python3 (found suitable version "3.6.9", minimum required is "3") 
[2.904s] -- Using PYTHON_EXECUTABLE: /usr/bin/python3
[3.696s] -- Configuring done
[3.701s] -- Generating done
[3.703s] -- Build files have been written to: /opt/workspace/build/tf2_tools
[4.611s] [36mInstall the project...[0m
[4.635s] -- Install configuration: ""
[4.635s] -- Installing: /opt/workspace/install/tf2_tools/lib/tf2_tools/view_frames.py
[4.636s] -- Installing: /opt/workspace/install/tf2_tools/share/ament_index/resource_index/package_run_dependencies/tf2_tools
[4.636s] -- Installing: /opt/workspace/install/tf2_tools/share/ament_index/resource_index/parent_prefix_path/tf2_tools
[4.636s] -- Installing: /opt/workspace/install/tf2_tools/share/tf2_tools/environment/ament_prefix_path.sh
[4.637s] -- Installing: /opt/workspace/install/tf2_tools/share/tf2_tools/environment/ament_prefix_path.dsv
[4.637s] -- Installing: /opt/workspace/install/tf2_tools/share/tf2_tools/environment/path.sh
[4.637s] -- Installing: /opt/workspace/install/tf2_tools/share/tf2_tools/environment/path.dsv
[4.638s] -- Installing: /opt/workspace/install/tf2_tools/share/tf2_tools/local_setup.bash
[4.638s] -- Installing: /opt/workspace/install/tf2_tools/share/tf2_tools/local_setup.sh
[4.638s] -- Installing: /opt/workspace/install/tf2_tools/share/tf2_tools/local_setup.zsh
[4.638s] -- Installing: /opt/workspace/install/tf2_tools/share/tf2_tools/local_setup.dsv
[4.639s] -- Installing: /opt/workspace/install/tf2_tools/share/tf2_tools/package.dsv
[4.639s] -- Installing: /opt/workspace/install/tf2_tools/share/ament_index/resource_index/packages/tf2_tools
[4.640s] -- Installing: /opt/workspace/install/tf2_tools/share/tf2_tools/cmake/tf2_toolsConfig.cmake
[4.640s] -- Installing: /opt/workspace/install/tf2_tools/share/tf2_tools/cmake/tf2_toolsConfig-version.cmake
[4.640s] -- Installing: /opt/workspace/install/tf2_tools/share/tf2_tools/package.xml
