/opt/workspace/install/ros2bag/lib/python3.6/site-packages/ros2bag/__init__.py
/opt/workspace/install/ros2bag/lib/python3.6/site-packages/ros2bag/api/__init__.py
/opt/workspace/install/ros2bag/lib/python3.6/site-packages/ros2bag/verb/play.py
/opt/workspace/install/ros2bag/lib/python3.6/site-packages/ros2bag/verb/__init__.py
/opt/workspace/install/ros2bag/lib/python3.6/site-packages/ros2bag/verb/record.py
/opt/workspace/install/ros2bag/lib/python3.6/site-packages/ros2bag/verb/info.py
/opt/workspace/install/ros2bag/lib/python3.6/site-packages/ros2bag/command/bag.py
/opt/workspace/install/ros2bag/lib/python3.6/site-packages/ros2bag/command/__init__.py
/opt/workspace/install/ros2bag/lib/python3.6/site-packages/ros2bag/__pycache__/__init__.cpython-36.pyc
/opt/workspace/install/ros2bag/lib/python3.6/site-packages/ros2bag/api/__pycache__/__init__.cpython-36.pyc
/opt/workspace/install/ros2bag/lib/python3.6/site-packages/ros2bag/verb/__pycache__/play.cpython-36.pyc
/opt/workspace/install/ros2bag/lib/python3.6/site-packages/ros2bag/verb/__pycache__/__init__.cpython-36.pyc
/opt/workspace/install/ros2bag/lib/python3.6/site-packages/ros2bag/verb/__pycache__/record.cpython-36.pyc
/opt/workspace/install/ros2bag/lib/python3.6/site-packages/ros2bag/verb/__pycache__/info.cpython-36.pyc
/opt/workspace/install/ros2bag/lib/python3.6/site-packages/ros2bag/command/__pycache__/bag.cpython-36.pyc
/opt/workspace/install/ros2bag/lib/python3.6/site-packages/ros2bag/command/__pycache__/__init__.cpython-36.pyc
/opt/workspace/install/ros2bag/share/ros2bag/package.xml
/opt/workspace/install/ros2bag/share/ament_index/resource_index/packages/ros2bag
/opt/workspace/install/ros2bag/lib/python3.6/site-packages/ros2bag-0.2.2-py3.6.egg-info/dependency_links.txt
/opt/workspace/install/ros2bag/lib/python3.6/site-packages/ros2bag-0.2.2-py3.6.egg-info/zip-safe
/opt/workspace/install/ros2bag/lib/python3.6/site-packages/ros2bag-0.2.2-py3.6.egg-info/top_level.txt
/opt/workspace/install/ros2bag/lib/python3.6/site-packages/ros2bag-0.2.2-py3.6.egg-info/entry_points.txt
/opt/workspace/install/ros2bag/lib/python3.6/site-packages/ros2bag-0.2.2-py3.6.egg-info/requires.txt
/opt/workspace/install/ros2bag/lib/python3.6/site-packages/ros2bag-0.2.2-py3.6.egg-info/PKG-INFO
/opt/workspace/install/ros2bag/lib/python3.6/site-packages/ros2bag-0.2.2-py3.6.egg-info/SOURCES.txt
