/opt/workspace/install/launch_ros/lib/python3.6/site-packages/launch_ros/__init__.py
/opt/workspace/install/launch_ros/lib/python3.6/site-packages/launch_ros/remap_rule_type.py
/opt/workspace/install/launch_ros/lib/python3.6/site-packages/launch_ros/parameters_type.py
/opt/workspace/install/launch_ros/lib/python3.6/site-packages/launch_ros/default_launch_description.py
/opt/workspace/install/launch_ros/lib/python3.6/site-packages/launch_ros/substitutions/__init__.py
/opt/workspace/install/launch_ros/lib/python3.6/site-packages/launch_ros/substitutions/executable_in_package.py
/opt/workspace/install/launch_ros/lib/python3.6/site-packages/launch_ros/substitutions/find_package.py
/opt/workspace/install/launch_ros/lib/python3.6/site-packages/launch_ros/events/__init__.py
/opt/workspace/install/launch_ros/lib/python3.6/site-packages/launch_ros/utilities/__init__.py
/opt/workspace/install/launch_ros/lib/python3.6/site-packages/launch_ros/utilities/normalize_parameters.py
/opt/workspace/install/launch_ros/lib/python3.6/site-packages/launch_ros/utilities/normalize_remap_rule.py
/opt/workspace/install/launch_ros/lib/python3.6/site-packages/launch_ros/utilities/to_parameters_list.py
/opt/workspace/install/launch_ros/lib/python3.6/site-packages/launch_ros/utilities/evaluate_parameters.py
/opt/workspace/install/launch_ros/lib/python3.6/site-packages/launch_ros/event_handlers/on_state_transition.py
/opt/workspace/install/launch_ros/lib/python3.6/site-packages/launch_ros/event_handlers/__init__.py
/opt/workspace/install/launch_ros/lib/python3.6/site-packages/launch_ros/actions/lifecycle_node.py
/opt/workspace/install/launch_ros/lib/python3.6/site-packages/launch_ros/actions/push_ros_namespace.py
/opt/workspace/install/launch_ros/lib/python3.6/site-packages/launch_ros/actions/__init__.py
/opt/workspace/install/launch_ros/lib/python3.6/site-packages/launch_ros/actions/load_composable_nodes.py
/opt/workspace/install/launch_ros/lib/python3.6/site-packages/launch_ros/actions/node.py
/opt/workspace/install/launch_ros/lib/python3.6/site-packages/launch_ros/actions/composable_node_container.py
/opt/workspace/install/launch_ros/lib/python3.6/site-packages/launch_ros/descriptions/__init__.py
/opt/workspace/install/launch_ros/lib/python3.6/site-packages/launch_ros/descriptions/composable_node.py
/opt/workspace/install/launch_ros/lib/python3.6/site-packages/launch_ros/events/lifecycle/__init__.py
/opt/workspace/install/launch_ros/lib/python3.6/site-packages/launch_ros/events/lifecycle/state_transition.py
/opt/workspace/install/launch_ros/lib/python3.6/site-packages/launch_ros/events/lifecycle/change_state.py
/opt/workspace/install/launch_ros/lib/python3.6/site-packages/launch_ros/events/lifecycle/lifecycle_node_matchers.py
/opt/workspace/install/launch_ros/lib/python3.6/site-packages/launch_ros/__pycache__/__init__.cpython-36.pyc
/opt/workspace/install/launch_ros/lib/python3.6/site-packages/launch_ros/__pycache__/remap_rule_type.cpython-36.pyc
/opt/workspace/install/launch_ros/lib/python3.6/site-packages/launch_ros/__pycache__/parameters_type.cpython-36.pyc
/opt/workspace/install/launch_ros/lib/python3.6/site-packages/launch_ros/__pycache__/default_launch_description.cpython-36.pyc
/opt/workspace/install/launch_ros/lib/python3.6/site-packages/launch_ros/substitutions/__pycache__/__init__.cpython-36.pyc
/opt/workspace/install/launch_ros/lib/python3.6/site-packages/launch_ros/substitutions/__pycache__/executable_in_package.cpython-36.pyc
/opt/workspace/install/launch_ros/lib/python3.6/site-packages/launch_ros/substitutions/__pycache__/find_package.cpython-36.pyc
/opt/workspace/install/launch_ros/lib/python3.6/site-packages/launch_ros/events/__pycache__/__init__.cpython-36.pyc
/opt/workspace/install/launch_ros/lib/python3.6/site-packages/launch_ros/utilities/__pycache__/__init__.cpython-36.pyc
/opt/workspace/install/launch_ros/lib/python3.6/site-packages/launch_ros/utilities/__pycache__/normalize_parameters.cpython-36.pyc
/opt/workspace/install/launch_ros/lib/python3.6/site-packages/launch_ros/utilities/__pycache__/normalize_remap_rule.cpython-36.pyc
/opt/workspace/install/launch_ros/lib/python3.6/site-packages/launch_ros/utilities/__pycache__/to_parameters_list.cpython-36.pyc
/opt/workspace/install/launch_ros/lib/python3.6/site-packages/launch_ros/utilities/__pycache__/evaluate_parameters.cpython-36.pyc
/opt/workspace/install/launch_ros/lib/python3.6/site-packages/launch_ros/event_handlers/__pycache__/on_state_transition.cpython-36.pyc
/opt/workspace/install/launch_ros/lib/python3.6/site-packages/launch_ros/event_handlers/__pycache__/__init__.cpython-36.pyc
/opt/workspace/install/launch_ros/lib/python3.6/site-packages/launch_ros/actions/__pycache__/lifecycle_node.cpython-36.pyc
/opt/workspace/install/launch_ros/lib/python3.6/site-packages/launch_ros/actions/__pycache__/push_ros_namespace.cpython-36.pyc
/opt/workspace/install/launch_ros/lib/python3.6/site-packages/launch_ros/actions/__pycache__/__init__.cpython-36.pyc
/opt/workspace/install/launch_ros/lib/python3.6/site-packages/launch_ros/actions/__pycache__/load_composable_nodes.cpython-36.pyc
/opt/workspace/install/launch_ros/lib/python3.6/site-packages/launch_ros/actions/__pycache__/node.cpython-36.pyc
/opt/workspace/install/launch_ros/lib/python3.6/site-packages/launch_ros/actions/__pycache__/composable_node_container.cpython-36.pyc
/opt/workspace/install/launch_ros/lib/python3.6/site-packages/launch_ros/descriptions/__pycache__/__init__.cpython-36.pyc
/opt/workspace/install/launch_ros/lib/python3.6/site-packages/launch_ros/descriptions/__pycache__/composable_node.cpython-36.pyc
/opt/workspace/install/launch_ros/lib/python3.6/site-packages/launch_ros/events/lifecycle/__pycache__/__init__.cpython-36.pyc
/opt/workspace/install/launch_ros/lib/python3.6/site-packages/launch_ros/events/lifecycle/__pycache__/state_transition.cpython-36.pyc
/opt/workspace/install/launch_ros/lib/python3.6/site-packages/launch_ros/events/lifecycle/__pycache__/change_state.cpython-36.pyc
/opt/workspace/install/launch_ros/lib/python3.6/site-packages/launch_ros/events/lifecycle/__pycache__/lifecycle_node_matchers.cpython-36.pyc
/opt/workspace/install/launch_ros/share/launch_ros/package.xml
/opt/workspace/install/launch_ros/share/ament_index/resource_index/packages/launch_ros
/opt/workspace/install/launch_ros/lib/python3.6/site-packages/launch_ros-0.9.5-py3.6.egg-info/dependency_links.txt
/opt/workspace/install/launch_ros/lib/python3.6/site-packages/launch_ros-0.9.5-py3.6.egg-info/zip-safe
/opt/workspace/install/launch_ros/lib/python3.6/site-packages/launch_ros-0.9.5-py3.6.egg-info/top_level.txt
/opt/workspace/install/launch_ros/lib/python3.6/site-packages/launch_ros-0.9.5-py3.6.egg-info/entry_points.txt
/opt/workspace/install/launch_ros/lib/python3.6/site-packages/launch_ros-0.9.5-py3.6.egg-info/requires.txt
/opt/workspace/install/launch_ros/lib/python3.6/site-packages/launch_ros-0.9.5-py3.6.egg-info/PKG-INFO
/opt/workspace/install/launch_ros/lib/python3.6/site-packages/launch_ros-0.9.5-py3.6.egg-info/SOURCES.txt
