[0.780s] -- The C compiler identification is GNU 7.4.0
[0.921s] -- The CXX compiler identification is GNU 7.4.0
[0.934s] -- Check for working C compiler: /usr/bin/cc
[1.119s] -- Check for working C compiler: /usr/bin/cc -- works
[1.121s] -- Detecting C compiler ABI info
[1.305s] -- Detecting C compiler ABI info - done
[1.318s] -- Detecting C compile features
[1.842s] -- Detecting C compile features - done
[1.849s] -- Check for working CXX compiler: /usr/bin/c++
[2.040s] -- Check for working CXX compiler: /usr/bin/c++ -- works
[2.042s] -- Detecting CXX compiler ABI info
[2.225s] -- Detecting CXX compiler ABI info - done
[2.237s] -- Detecting CXX compile features
[3.022s] -- Detecting CXX compile features - done
[3.037s] -- Found ament_cmake: 0.8.2 (/opt/workspace/install/ament_cmake/share/ament_cmake/cmake)
[3.170s] -- Found PythonInterp: /usr/bin/python3 (found suitable version "3.6.9", minimum required is "3") 
[3.170s] -- Using PYTHON_EXECUTABLE: /usr/bin/python3
[3.847s] -- Found rclcpp: 0.8.4 (/opt/workspace/install/rclcpp/share/rclcpp/cmake)
[3.955s] -- Found rosidl_adapter: 0.8.2 (/opt/workspace/install/rosidl_adapter/share/rosidl_adapter/cmake)
[4.048s] -- Found rmw_implementation_cmake: 0.8.1 (/opt/workspace/install/rmw_implementation_cmake/share/rmw_implementation_cmake/cmake)
[4.067s] -- Using RMW implementation 'rmw_fastrtps_cpp' as default
[4.068s] -- Looking for pthread.h
[4.240s] -- Looking for pthread.h - found
[4.241s] -- Looking for pthread_create
[4.428s] -- Looking for pthread_create - not found
[4.429s] -- Looking for pthread_create in pthreads
[4.569s] -- Looking for pthread_create in pthreads - not found
[4.569s] -- Looking for pthread_create in pthread
[4.733s] -- Looking for pthread_create in pthread - found
[4.735s] -- Found Threads: TRUE  
[4.865s] -- Found rclcpp_components: 0.8.4 (/opt/workspace/install/rclcpp_components/share/rclcpp_components/cmake)
[4.896s] -- Found poco_vendor:  (/opt/workspace/install/poco_vendor/share/poco_vendor/cmake)
[4.993s] -- Found std_msgs: 0.8.1 (/opt/workspace/install/std_msgs/share/std_msgs/cmake)
[5.258s] -- Found OpenSSL: /usr/lib/x86_64-linux-gnu/libcrypto.so (found version "1.1.1") 
[5.333s] -- Found FastRTPS: /opt/workspace/install/fastrtps/include  
[6.009s] -- Found ament_lint_auto: 0.8.1 (/opt/workspace/install/ament_lint_auto/share/ament_lint_auto/cmake)
[6.423s] -- Found python_cmake_module: 0.8.0 (/opt/workspace/install/python_cmake_module/share/python_cmake_module/cmake)
[6.510s] -- Found PythonInterp: /usr/bin/python3 (found suitable version "3.6.9", minimum required is "3.5") 
[6.526s] -- Found PythonLibs: /usr/lib/x86_64-linux-gnu/libpython3.6m.so (found suitable version "3.6.9", minimum required is "3.5") 
[6.526s] -- Using PYTHON_EXECUTABLE: /usr/bin/python3
[6.527s] -- Using PYTHON_INCLUDE_DIRS: /usr/include/python3.6m
[6.527s] -- Using PYTHON_LIBRARIES: /usr/lib/x86_64-linux-gnu/libpython3.6m.so
[6.616s] -- Found PythonExtra: .so  
[6.662s] -- Added test 'copyright' to check for copyright in CMake / C / C++ / Python code
[6.666s] -- Added test 'cppcheck' to perform static code analysis on C / C++ code
[6.668s] -- Configured cppcheck include dirs: /opt/workspace/src/ros2/demos/demo_nodes_cpp_native/include
[6.673s] -- Added test 'cpplint' to check C / C++ code against the Google style
[6.676s] -- Added test 'lint_cmake' to check CMake code style
[6.681s] -- Added test 'uncrustify' to check C / C++ code style
[6.684s] -- Added test 'xmllint' to check XML markup files
[6.693s] -- Configuring done
[6.750s] -- Generating done
[6.754s] -- Build files have been written to: /opt/workspace/build/demo_nodes_cpp_native
[6.898s] [35m[1mScanning dependencies of target talker_native[0m
[7.026s] [ 25%] [32mBuilding CXX object CMakeFiles/talker_native.dir/src/talker.cpp.o[0m
[13.719s] [ 50%] [32m[1mLinking CXX shared library libtalker_native.so[0m
[14.390s] [ 50%] Built target talker_native
[14.424s] [35m[1mScanning dependencies of target talker[0m
[14.523s] [ 75%] [32mBuilding CXX object CMakeFiles/talker.dir/rclcpp_components/node_main_talker.cpp.o[0m
[17.957s] [100%] [32m[1mLinking CXX executable talker[0m
[18.484s] [100%] Built target talker
[18.778s] [ 50%] Built target talker_native
[18.865s] [100%] Built target talker
[18.922s] [36mInstall the project...[0m
[18.949s] -- Install configuration: ""
[18.950s] -- Installing: /opt/workspace/install/demo_nodes_cpp_native/lib/demo_nodes_cpp_native/talker
[18.951s] -- Set runtime path of "/opt/workspace/install/demo_nodes_cpp_native/lib/demo_nodes_cpp_native/talker" to ""
[18.952s] -- Installing: /opt/workspace/install/demo_nodes_cpp_native/lib/libtalker_native.so
[18.955s] -- Set runtime path of "/opt/workspace/install/demo_nodes_cpp_native/lib/libtalker_native.so" to ""
[18.956s] -- Installing: /opt/workspace/install/demo_nodes_cpp_native/share/ament_index/resource_index/package_run_dependencies/demo_nodes_cpp_native
[18.957s] -- Installing: /opt/workspace/install/demo_nodes_cpp_native/share/ament_index/resource_index/parent_prefix_path/demo_nodes_cpp_native
[18.958s] -- Installing: /opt/workspace/install/demo_nodes_cpp_native/share/demo_nodes_cpp_native/environment/ament_prefix_path.sh
[18.959s] -- Installing: /opt/workspace/install/demo_nodes_cpp_native/share/demo_nodes_cpp_native/environment/ament_prefix_path.dsv
[18.959s] -- Installing: /opt/workspace/install/demo_nodes_cpp_native/share/demo_nodes_cpp_native/environment/path.sh
[18.960s] -- Installing: /opt/workspace/install/demo_nodes_cpp_native/share/demo_nodes_cpp_native/environment/path.dsv
[18.961s] -- Installing: /opt/workspace/install/demo_nodes_cpp_native/share/demo_nodes_cpp_native/local_setup.bash
[18.961s] -- Installing: /opt/workspace/install/demo_nodes_cpp_native/share/demo_nodes_cpp_native/local_setup.sh
[18.962s] -- Installing: /opt/workspace/install/demo_nodes_cpp_native/share/demo_nodes_cpp_native/local_setup.zsh
[18.964s] -- Installing: /opt/workspace/install/demo_nodes_cpp_native/share/demo_nodes_cpp_native/local_setup.dsv
[18.965s] -- Installing: /opt/workspace/install/demo_nodes_cpp_native/share/demo_nodes_cpp_native/package.dsv
[18.965s] -- Installing: /opt/workspace/install/demo_nodes_cpp_native/share/ament_index/resource_index/packages/demo_nodes_cpp_native
[18.966s] -- Installing: /opt/workspace/install/demo_nodes_cpp_native/share/ament_index/resource_index/rclcpp_components/demo_nodes_cpp_native
[18.967s] -- Installing: /opt/workspace/install/demo_nodes_cpp_native/share/demo_nodes_cpp_native/cmake/demo_nodes_cpp_nativeConfig.cmake
[18.967s] -- Installing: /opt/workspace/install/demo_nodes_cpp_native/share/demo_nodes_cpp_native/cmake/demo_nodes_cpp_nativeConfig-version.cmake
[18.968s] -- Installing: /opt/workspace/install/demo_nodes_cpp_native/share/demo_nodes_cpp_native/package.xml
