[0.649s] -- The C compiler identification is GNU 7.4.0
[0.792s] -- The CXX compiler identification is GNU 7.4.0
[0.806s] -- Check for working C compiler: /usr/bin/cc
[0.989s] -- Check for working C compiler: /usr/bin/cc -- works
[0.991s] -- Detecting C compiler ABI info
[1.185s] -- Detecting C compiler ABI info - done
[1.199s] -- Detecting C compile features
[1.766s] -- Detecting C compile features - done
[1.772s] -- Check for working CXX compiler: /usr/bin/c++
[1.975s] -- Check for working CXX compiler: /usr/bin/c++ -- works
[1.976s] -- Detecting CXX compiler ABI info
[2.178s] -- Detecting CXX compiler ABI info - done
[2.191s] -- Detecting CXX compile features
[3.007s] -- Detecting CXX compile features - done
[3.020s] -- Found ament_cmake_auto: 0.8.2 (/opt/workspace/install/ament_cmake_auto/share/ament_cmake_auto/cmake)
[3.150s] -- Found PythonInterp: /usr/bin/python3 (found suitable version "3.6.9", minimum required is "3") 
[3.150s] -- Using PYTHON_EXECUTABLE: /usr/bin/python3
[4.167s] -- Found rosidl_adapter: 0.8.2 (/opt/workspace/install/rosidl_adapter/share/rosidl_adapter/cmake)
[4.376s] -- Found rmw_implementation_cmake: 0.8.1 (/opt/workspace/install/rmw_implementation_cmake/share/rmw_implementation_cmake/cmake)
[4.391s] -- Using RMW implementation 'rmw_fastrtps_cpp' as default
[4.393s] -- Looking for pthread.h
[4.570s] -- Looking for pthread.h - found
[4.571s] -- Looking for pthread_create
[4.752s] -- Looking for pthread_create - not found
[4.755s] -- Looking for pthread_create in pthreads
[4.909s] -- Looking for pthread_create in pthreads - not found
[4.910s] -- Looking for pthread_create in pthread
[5.097s] -- Looking for pthread_create in pthread - found
[5.100s] -- Found Threads: TRUE  
[5.446s] -- Found Eigen3: TRUE (found version "3.3.4") 
[5.464s] -- Configuring done
[5.469s] -- Generating done
[5.474s] -- Build files have been written to: /opt/workspace/build/tf2_sensor_msgs
[5.833s] [36mInstall the project...[0m
[5.863s] -- Install configuration: ""
[5.863s] -- Installing: /opt/workspace/install/tf2_sensor_msgs/include
[5.863s] -- Installing: /opt/workspace/install/tf2_sensor_msgs/include/tf2_sensor_msgs
[5.864s] -- Installing: /opt/workspace/install/tf2_sensor_msgs/include/tf2_sensor_msgs/tf2_sensor_msgs.h
[5.864s] -- Installing: /opt/workspace/install/tf2_sensor_msgs/share/ament_index/resource_index/package_run_dependencies/tf2_sensor_msgs
[5.865s] -- Installing: /opt/workspace/install/tf2_sensor_msgs/share/ament_index/resource_index/parent_prefix_path/tf2_sensor_msgs
[5.865s] -- Installing: /opt/workspace/install/tf2_sensor_msgs/share/tf2_sensor_msgs/environment/ament_prefix_path.sh
[5.866s] -- Installing: /opt/workspace/install/tf2_sensor_msgs/share/tf2_sensor_msgs/environment/ament_prefix_path.dsv
[5.866s] -- Installing: /opt/workspace/install/tf2_sensor_msgs/share/tf2_sensor_msgs/environment/path.sh
[5.866s] -- Installing: /opt/workspace/install/tf2_sensor_msgs/share/tf2_sensor_msgs/environment/path.dsv
[5.867s] -- Installing: /opt/workspace/install/tf2_sensor_msgs/share/tf2_sensor_msgs/local_setup.bash
[5.867s] -- Installing: /opt/workspace/install/tf2_sensor_msgs/share/tf2_sensor_msgs/local_setup.sh
[5.867s] -- Installing: /opt/workspace/install/tf2_sensor_msgs/share/tf2_sensor_msgs/local_setup.zsh
[5.868s] -- Installing: /opt/workspace/install/tf2_sensor_msgs/share/tf2_sensor_msgs/local_setup.dsv
[5.868s] -- Installing: /opt/workspace/install/tf2_sensor_msgs/share/tf2_sensor_msgs/package.dsv
[5.869s] -- Installing: /opt/workspace/install/tf2_sensor_msgs/share/ament_index/resource_index/packages/tf2_sensor_msgs
[5.869s] -- Installing: /opt/workspace/install/tf2_sensor_msgs/share/tf2_sensor_msgs/cmake/ament_cmake_export_dependencies-extras.cmake
[5.869s] -- Installing: /opt/workspace/install/tf2_sensor_msgs/share/tf2_sensor_msgs/cmake/ament_cmake_export_include_directories-extras.cmake
[5.870s] -- Installing: /opt/workspace/install/tf2_sensor_msgs/share/tf2_sensor_msgs/cmake/tf2_sensor_msgsConfig.cmake
[5.870s] -- Installing: /opt/workspace/install/tf2_sensor_msgs/share/tf2_sensor_msgs/cmake/tf2_sensor_msgsConfig-version.cmake
[5.870s] -- Installing: /opt/workspace/install/tf2_sensor_msgs/share/tf2_sensor_msgs/package.xml
