[0.512s] [36mInstall the project...[0m
[0.530s] -- Install configuration: ""
[0.530s] -- Up-to-date: /opt/workspace/install/ament_cmake_xmllint/share/ament_index/resource_index/package_run_dependencies/ament_cmake_xmllint
[0.531s] -- Up-to-date: /opt/workspace/install/ament_cmake_xmllint/share/ament_index/resource_index/parent_prefix_path/ament_cmake_xmllint
[0.532s] -- Up-to-date: /opt/workspace/install/ament_cmake_xmllint/share/ament_cmake_xmllint/environment/ament_prefix_path.sh
[0.532s] -- Up-to-date: /opt/workspace/install/ament_cmake_xmllint/share/ament_cmake_xmllint/environment/ament_prefix_path.dsv
[0.532s] -- Up-to-date: /opt/workspace/install/ament_cmake_xmllint/share/ament_cmake_xmllint/environment/path.sh
[0.533s] -- Up-to-date: /opt/workspace/install/ament_cmake_xmllint/share/ament_cmake_xmllint/environment/path.dsv
[0.533s] -- Up-to-date: /opt/workspace/install/ament_cmake_xmllint/share/ament_cmake_xmllint/local_setup.bash
[0.533s] -- Up-to-date: /opt/workspace/install/ament_cmake_xmllint/share/ament_cmake_xmllint/local_setup.sh
[0.534s] -- Up-to-date: /opt/workspace/install/ament_cmake_xmllint/share/ament_cmake_xmllint/local_setup.zsh
[0.534s] -- Up-to-date: /opt/workspace/install/ament_cmake_xmllint/share/ament_cmake_xmllint/local_setup.dsv
[0.534s] -- Installing: /opt/workspace/install/ament_cmake_xmllint/share/ament_cmake_xmllint/package.dsv
[0.534s] -- Up-to-date: /opt/workspace/install/ament_cmake_xmllint/share/ament_index/resource_index/packages/ament_cmake_xmllint
[0.534s] -- Up-to-date: /opt/workspace/install/ament_cmake_xmllint/share/ament_cmake_xmllint/cmake/ament_cmake_xmllint-extras.cmake
[0.535s] -- Up-to-date: /opt/workspace/install/ament_cmake_xmllint/share/ament_cmake_xmllint/cmake/ament_cmake_xmllintConfig.cmake
[0.535s] -- Up-to-date: /opt/workspace/install/ament_cmake_xmllint/share/ament_cmake_xmllint/cmake/ament_cmake_xmllintConfig-version.cmake
[0.535s] -- Up-to-date: /opt/workspace/install/ament_cmake_xmllint/share/ament_cmake_xmllint/package.xml
[0.535s] -- Up-to-date: /opt/workspace/install/ament_cmake_xmllint/share/ament_cmake_xmllint/cmake
[0.535s] -- Up-to-date: /opt/workspace/install/ament_cmake_xmllint/share/ament_cmake_xmllint/cmake/ament_cmake_xmllint_lint_hook.cmake
[0.536s] -- Up-to-date: /opt/workspace/install/ament_cmake_xmllint/share/ament_cmake_xmllint/cmake/ament_xmllint.cmake
