[5.027s] running egg_info
[5.029s] creating /opt/workspace/build/examples_rclpy_minimal_action_client/examples_rclpy_minimal_action_client.egg-info
[5.029s] writing /opt/workspace/build/examples_rclpy_minimal_action_client/examples_rclpy_minimal_action_client.egg-info/PKG-INFO
[5.030s] writing dependency_links to /opt/workspace/build/examples_rclpy_minimal_action_client/examples_rclpy_minimal_action_client.egg-info/dependency_links.txt
[5.030s] writing entry points to /opt/workspace/build/examples_rclpy_minimal_action_client/examples_rclpy_minimal_action_client.egg-info/entry_points.txt
[5.031s] writing requirements to /opt/workspace/build/examples_rclpy_minimal_action_client/examples_rclpy_minimal_action_client.egg-info/requires.txt
[5.034s] writing top-level names to /opt/workspace/build/examples_rclpy_minimal_action_client/examples_rclpy_minimal_action_client.egg-info/top_level.txt
[5.048s] writing manifest file '/opt/workspace/build/examples_rclpy_minimal_action_client/examples_rclpy_minimal_action_client.egg-info/SOURCES.txt'
[5.172s] reading manifest file '/opt/workspace/build/examples_rclpy_minimal_action_client/examples_rclpy_minimal_action_client.egg-info/SOURCES.txt'
[5.176s] writing manifest file '/opt/workspace/build/examples_rclpy_minimal_action_client/examples_rclpy_minimal_action_client.egg-info/SOURCES.txt'
[5.177s] running build
[5.178s] running build_py
[5.179s] creating /opt/workspace/build/examples_rclpy_minimal_action_client/build
[5.179s] creating /opt/workspace/build/examples_rclpy_minimal_action_client/build/lib
[5.180s] creating /opt/workspace/build/examples_rclpy_minimal_action_client/build/lib/examples_rclpy_minimal_action_client
[5.181s] copying examples_rclpy_minimal_action_client/client_not_composable.py -> /opt/workspace/build/examples_rclpy_minimal_action_client/build/lib/examples_rclpy_minimal_action_client
[5.186s] copying examples_rclpy_minimal_action_client/__init__.py -> /opt/workspace/build/examples_rclpy_minimal_action_client/build/lib/examples_rclpy_minimal_action_client
[5.186s] copying examples_rclpy_minimal_action_client/client_cancel.py -> /opt/workspace/build/examples_rclpy_minimal_action_client/build/lib/examples_rclpy_minimal_action_client
[5.192s] copying examples_rclpy_minimal_action_client/client.py -> /opt/workspace/build/examples_rclpy_minimal_action_client/build/lib/examples_rclpy_minimal_action_client
[5.196s] running install
[5.197s] running install_lib
[5.200s] creating /opt/workspace/install/examples_rclpy_minimal_action_client/lib/python3.6/site-packages/examples_rclpy_minimal_action_client
[5.201s] copying /opt/workspace/build/examples_rclpy_minimal_action_client/build/lib/examples_rclpy_minimal_action_client/client_not_composable.py -> /opt/workspace/install/examples_rclpy_minimal_action_client/lib/python3.6/site-packages/examples_rclpy_minimal_action_client
[5.202s] copying /opt/workspace/build/examples_rclpy_minimal_action_client/build/lib/examples_rclpy_minimal_action_client/__init__.py -> /opt/workspace/install/examples_rclpy_minimal_action_client/lib/python3.6/site-packages/examples_rclpy_minimal_action_client
[5.203s] copying /opt/workspace/build/examples_rclpy_minimal_action_client/build/lib/examples_rclpy_minimal_action_client/client_cancel.py -> /opt/workspace/install/examples_rclpy_minimal_action_client/lib/python3.6/site-packages/examples_rclpy_minimal_action_client
[5.204s] copying /opt/workspace/build/examples_rclpy_minimal_action_client/build/lib/examples_rclpy_minimal_action_client/client.py -> /opt/workspace/install/examples_rclpy_minimal_action_client/lib/python3.6/site-packages/examples_rclpy_minimal_action_client
[5.207s] byte-compiling /opt/workspace/install/examples_rclpy_minimal_action_client/lib/python3.6/site-packages/examples_rclpy_minimal_action_client/client_not_composable.py to client_not_composable.cpython-36.pyc
[5.209s] byte-compiling /opt/workspace/install/examples_rclpy_minimal_action_client/lib/python3.6/site-packages/examples_rclpy_minimal_action_client/__init__.py to __init__.cpython-36.pyc
[5.210s] byte-compiling /opt/workspace/install/examples_rclpy_minimal_action_client/lib/python3.6/site-packages/examples_rclpy_minimal_action_client/client_cancel.py to client_cancel.cpython-36.pyc
[5.211s] byte-compiling /opt/workspace/install/examples_rclpy_minimal_action_client/lib/python3.6/site-packages/examples_rclpy_minimal_action_client/client.py to client.cpython-36.pyc
[5.213s] running install_data
[5.239s] creating /opt/workspace/install/examples_rclpy_minimal_action_client/share/ament_index
[5.239s] creating /opt/workspace/install/examples_rclpy_minimal_action_client/share/ament_index/resource_index
[5.239s] creating /opt/workspace/install/examples_rclpy_minimal_action_client/share/ament_index/resource_index/packages
[5.239s] copying resource/examples_rclpy_minimal_action_client -> /opt/workspace/install/examples_rclpy_minimal_action_client/share/ament_index/resource_index/packages
[5.240s] copying package.xml -> /opt/workspace/install/examples_rclpy_minimal_action_client/share/examples_rclpy_minimal_action_client
[5.240s] running install_egg_info
[5.241s] Copying /opt/workspace/build/examples_rclpy_minimal_action_client/examples_rclpy_minimal_action_client.egg-info to /opt/workspace/install/examples_rclpy_minimal_action_client/lib/python3.6/site-packages/examples_rclpy_minimal_action_client-0.8.2-py3.6.egg-info
[5.243s] running install_scripts
[5.314s] Installing client script to /opt/workspace/install/examples_rclpy_minimal_action_client/lib/examples_rclpy_minimal_action_client
[5.314s] Installing client_cancel script to /opt/workspace/install/examples_rclpy_minimal_action_client/lib/examples_rclpy_minimal_action_client
[5.315s] Installing client_not_composable script to /opt/workspace/install/examples_rclpy_minimal_action_client/lib/examples_rclpy_minimal_action_client
[5.315s] writing list of installed files to '/opt/workspace/build/examples_rclpy_minimal_action_client/install.log'
