[0.439s] -- The C compiler identification is GNU 7.4.0
[0.558s] -- The CXX compiler identification is GNU 7.4.0
[0.569s] -- Check for working C compiler: /usr/bin/cc
[0.718s] -- Check for working C compiler: /usr/bin/cc -- works
[0.720s] -- Detecting C compiler ABI info
[0.882s] -- Detecting C compiler ABI info - done
[0.894s] -- Detecting C compile features
[1.421s] -- Detecting C compile features - done
[1.426s] -- Check for working CXX compiler: /usr/bin/c++
[1.603s] -- Check for working CXX compiler: /usr/bin/c++ -- works
[1.605s] -- Detecting CXX compiler ABI info
[1.801s] -- Detecting CXX compiler ABI info - done
[1.814s] -- Detecting CXX compile features
[2.564s] -- Detecting CXX compile features - done
[2.574s] -- Found ament_cmake: 0.8.2 (/opt/workspace/install/ament_cmake/share/ament_cmake/cmake)
[2.675s] -- Found PythonInterp: /usr/bin/python3 (found suitable version "3.6.9", minimum required is "3") 
[2.675s] -- Using PYTHON_EXECUTABLE: /usr/bin/python3
[3.255s] -- Found rclcpp: 0.8.4 (/opt/workspace/install/rclcpp/share/rclcpp/cmake)
[3.355s] -- Found rosidl_adapter: 0.8.2 (/opt/workspace/install/rosidl_adapter/share/rosidl_adapter/cmake)
[3.448s] -- Found rmw_implementation_cmake: 0.8.1 (/opt/workspace/install/rmw_implementation_cmake/share/rmw_implementation_cmake/cmake)
[3.460s] -- Using RMW implementation 'rmw_fastrtps_cpp' as default
[3.462s] -- Looking for pthread.h
[3.633s] -- Looking for pthread.h - found
[3.635s] -- Looking for pthread_create
[3.810s] -- Looking for pthread_create - not found
[3.810s] -- Looking for pthread_create in pthreads
[3.948s] -- Looking for pthread_create in pthreads - not found
[3.949s] -- Looking for pthread_create in pthread
[4.110s] -- Looking for pthread_create in pthread - found
[4.112s] -- Found Threads: TRUE  
[4.226s] -- Found std_msgs: 0.8.1 (/opt/workspace/install/std_msgs/share/std_msgs/cmake)
[4.500s] -- Configuring done
[4.528s] -- Generating done
[4.532s] -- Build files have been written to: /opt/workspace/build/examples_rclcpp_multithreaded_executor
[4.666s] [35m[1mScanning dependencies of target multithreaded_executor[0m
[4.766s] [ 50%] [32mBuilding CXX object CMakeFiles/multithreaded_executor.dir/multithreaded_executor.cpp.o[0m
[11.831s] [100%] [32m[1mLinking CXX executable multithreaded_executor[0m
[12.515s] [100%] Built target multithreaded_executor
[12.755s] [100%] Built target multithreaded_executor
[12.808s] [36mInstall the project...[0m
[12.831s] -- Install configuration: ""
[12.831s] -- Installing: /opt/workspace/install/examples_rclcpp_multithreaded_executor/lib/examples_rclcpp_multithreaded_executor/multithreaded_executor
[12.834s] -- Set runtime path of "/opt/workspace/install/examples_rclcpp_multithreaded_executor/lib/examples_rclcpp_multithreaded_executor/multithreaded_executor" to ""
[12.834s] -- Installing: /opt/workspace/install/examples_rclcpp_multithreaded_executor/share/ament_index/resource_index/package_run_dependencies/examples_rclcpp_multithreaded_executor
[12.835s] -- Installing: /opt/workspace/install/examples_rclcpp_multithreaded_executor/share/ament_index/resource_index/parent_prefix_path/examples_rclcpp_multithreaded_executor
[12.835s] -- Installing: /opt/workspace/install/examples_rclcpp_multithreaded_executor/share/examples_rclcpp_multithreaded_executor/environment/ament_prefix_path.sh
[12.835s] -- Installing: /opt/workspace/install/examples_rclcpp_multithreaded_executor/share/examples_rclcpp_multithreaded_executor/environment/ament_prefix_path.dsv
[12.836s] -- Installing: /opt/workspace/install/examples_rclcpp_multithreaded_executor/share/examples_rclcpp_multithreaded_executor/environment/path.sh
[12.837s] -- Installing: /opt/workspace/install/examples_rclcpp_multithreaded_executor/share/examples_rclcpp_multithreaded_executor/environment/path.dsv
[12.837s] -- Installing: /opt/workspace/install/examples_rclcpp_multithreaded_executor/share/examples_rclcpp_multithreaded_executor/local_setup.bash
[12.837s] -- Installing: /opt/workspace/install/examples_rclcpp_multithreaded_executor/share/examples_rclcpp_multithreaded_executor/local_setup.sh
[12.838s] -- Installing: /opt/workspace/install/examples_rclcpp_multithreaded_executor/share/examples_rclcpp_multithreaded_executor/local_setup.zsh
[12.838s] -- Installing: /opt/workspace/install/examples_rclcpp_multithreaded_executor/share/examples_rclcpp_multithreaded_executor/local_setup.dsv
[12.838s] -- Installing: /opt/workspace/install/examples_rclcpp_multithreaded_executor/share/examples_rclcpp_multithreaded_executor/package.dsv
[12.839s] -- Installing: /opt/workspace/install/examples_rclcpp_multithreaded_executor/share/ament_index/resource_index/packages/examples_rclcpp_multithreaded_executor
[12.839s] -- Installing: /opt/workspace/install/examples_rclcpp_multithreaded_executor/share/examples_rclcpp_multithreaded_executor/cmake/examples_rclcpp_multithreaded_executorConfig.cmake
[12.839s] -- Installing: /opt/workspace/install/examples_rclcpp_multithreaded_executor/share/examples_rclcpp_multithreaded_executor/cmake/examples_rclcpp_multithreaded_executorConfig-version.cmake
[12.840s] -- Installing: /opt/workspace/install/examples_rclcpp_multithreaded_executor/share/examples_rclcpp_multithreaded_executor/package.xml
