[0.692s] -- The C compiler identification is GNU 7.4.0
[0.823s] -- The CXX compiler identification is GNU 7.4.0
[0.836s] -- Check for working C compiler: /usr/bin/cc
[1.017s] -- Check for working C compiler: /usr/bin/cc -- works
[1.019s] -- Detecting C compiler ABI info
[1.198s] -- Detecting C compiler ABI info - done
[1.211s] -- Detecting C compile features
[1.749s] -- Detecting C compile features - done
[1.754s] -- Check for working CXX compiler: /usr/bin/c++
[1.960s] -- Check for working CXX compiler: /usr/bin/c++ -- works
[1.962s] -- Detecting CXX compiler ABI info
[2.177s] -- Detecting CXX compiler ABI info - done
[2.190s] -- Detecting CXX compile features
[3.035s] -- Detecting CXX compile features - done
[3.049s] -- Found ament_cmake: 0.8.2 (/opt/workspace/install/ament_cmake/share/ament_cmake/cmake)
[3.178s] -- Found PythonInterp: /usr/bin/python3 (found suitable version "3.6.9", minimum required is "3") 
[3.179s] -- Using PYTHON_EXECUTABLE: /usr/bin/python3
[3.860s] -- Found rclcpp: 0.8.4 (/opt/workspace/install/rclcpp/share/rclcpp/cmake)
[3.986s] -- Found rosidl_adapter: 0.8.2 (/opt/workspace/install/rosidl_adapter/share/rosidl_adapter/cmake)
[4.090s] -- Found rmw_implementation_cmake: 0.8.1 (/opt/workspace/install/rmw_implementation_cmake/share/rmw_implementation_cmake/cmake)
[4.110s] -- Using RMW implementation 'rmw_fastrtps_cpp' as default
[4.112s] -- Looking for pthread.h
[4.284s] -- Looking for pthread.h - found
[4.285s] -- Looking for pthread_create
[4.465s] -- Looking for pthread_create - not found
[4.466s] -- Looking for pthread_create in pthreads
[4.609s] -- Looking for pthread_create in pthreads - not found
[4.609s] -- Looking for pthread_create in pthread
[4.773s] -- Looking for pthread_create in pthread - found
[4.775s] -- Found Threads: TRUE  
[4.903s] -- Found tf2: 0.12.5 (/opt/workspace/install/tf2/share/tf2/cmake)
[4.925s] -- Found tf2_geometry_msgs: 0.12.5 (/opt/workspace/install/tf2_geometry_msgs/share/tf2_geometry_msgs/cmake)
[5.183s] -- Found visualization_msgs: 0.8.1 (/opt/workspace/install/visualization_msgs/share/visualization_msgs/cmake)
[5.626s] -- Found ament_cmake_gtest: 0.8.2 (/opt/workspace/install/ament_cmake_gtest/share/ament_cmake_gtest/cmake)
[5.640s] -- Found ament_lint_auto: 0.8.1 (/opt/workspace/install/ament_lint_auto/share/ament_lint_auto/cmake)
[5.970s] -- Found gtest sources under '/opt/workspace/install/gtest_vendor/src/gtest_vendor': C++ tests using 'Google Test' will be built
[5.975s] -- Check if compiler accepts -pthread
[6.177s] -- Check if compiler accepts -pthread - yes
[6.536s] -- Added test 'copyright' to check for copyright in CMake / C / C++ / Python code
[6.548s] -- Added test 'cppcheck' to perform static code analysis on C / C++ code
[6.551s] -- Configured cppcheck include dirs: /opt/workspace/src/ros-visualization/interactive_markers/include
[6.562s] -- Added test 'cpplint' to check C / C++ code against the Google style
[6.566s] -- Added test 'flake8' to check Python code syntax and style conventions
[6.572s] -- Added test 'lint_cmake' to check CMake code style
[6.576s] -- Added test 'pep257' to check Python code against some of the style conventions in PEP 257
[6.591s] -- Added test 'uncrustify' to check C / C++ code style
[6.595s] -- Added test 'xmllint' to check XML markup files
[6.608s] -- Configuring done
[6.786s] -- Generating done
[6.791s] -- Build files have been written to: /opt/workspace/build/interactive_markers
[6.936s] [35m[1mScanning dependencies of target interactive_markers[0m
[7.103s] [  7%] [32mBuilding CXX object CMakeFiles/interactive_markers.dir/src/interactive_marker_server.cpp.o[0m
[17.025s] [ 14%] [32mBuilding CXX object CMakeFiles/interactive_markers.dir/src/message_context.cpp.o[0m
[20.906s] [ 21%] [32mBuilding CXX object CMakeFiles/interactive_markers.dir/src/interactive_marker_client.cpp.o[0m
[30.205s] [ 28%] [32mBuilding CXX object CMakeFiles/interactive_markers.dir/src/menu_handler.cpp.o[0m
[34.189s] [ 35%] [32mBuilding CXX object CMakeFiles/interactive_markers.dir/src/tools.cpp.o[0m
[35.650s] [ 42%] [32m[1mLinking CXX shared library libinteractive_markers.so[0m
[37.064s] [ 42%] Built target interactive_markers
[37.093s] [35m[1mScanning dependencies of target gtest_main[0m
[37.138s] [ 50%] [32mBuilding CXX object gtest/CMakeFiles/gtest_main.dir/src/gtest_main.cc.o[0m
[38.493s] [ 57%] [32m[1mLinking CXX static library libgtest_main.a[0m
[38.579s] [ 57%] Built target gtest_main
[38.612s] [35m[1mScanning dependencies of target gtest[0m
[38.663s] [ 64%] [32mBuilding CXX object gtest/CMakeFiles/gtest.dir/src/gtest-all.cc.o[0m
[44.722s] [ 71%] [32m[1mLinking CXX static library libgtest.a[0m
[44.855s] [ 71%] Built target gtest
[44.888s] [35m[1mScanning dependencies of target test_interactive_marker_server[0m
[45.002s] [ 78%] [32mBuilding CXX object CMakeFiles/test_interactive_marker_server.dir/test/interactive_markers/test_interactive_marker_server.cpp.o[0m
[56.455s] [ 85%] [32m[1mLinking CXX executable test_interactive_marker_server[0m
[58.109s] [ 85%] Built target test_interactive_marker_server
[58.146s] [35m[1mScanning dependencies of target test_interactive_marker_client[0m
[58.297s] [ 92%] [32mBuilding CXX object CMakeFiles/test_interactive_marker_client.dir/test/interactive_markers/test_interactive_marker_client.cpp.o[0m
[69.411s] [100%] [32m[1mLinking CXX executable test_interactive_marker_client[0m
[71.011s] [100%] Built target test_interactive_marker_client
[71.292s] [ 42%] Built target interactive_markers
[71.357s] [ 57%] Built target gtest_main
[71.422s] [ 71%] Built target gtest
[71.504s] [ 85%] Built target test_interactive_marker_server
[71.591s] [100%] Built target test_interactive_marker_client
[71.644s] [36mInstall the project...[0m
[71.669s] -- Install configuration: ""
[71.670s] -- Installing: /opt/workspace/install/interactive_markers/share/interactive_markers/environment/pythonpath.sh
[71.670s] -- Installing: /opt/workspace/install/interactive_markers/share/interactive_markers/environment/pythonpath.dsv
[71.670s] -- Installing: /opt/workspace/install/interactive_markers/lib/python3.6/site-packages/interactive_markers
[71.671s] -- Installing: /opt/workspace/install/interactive_markers/lib/python3.6/site-packages/interactive_markers/__init__.py
[71.671s] -- Installing: /opt/workspace/install/interactive_markers/lib/python3.6/site-packages/interactive_markers/menu_handler.py
[71.671s] -- Installing: /opt/workspace/install/interactive_markers/lib/python3.6/site-packages/interactive_markers/interactive_marker_server.py
[71.805s] Listing '/opt/workspace/install/interactive_markers/lib/python3.6/site-packages/interactive_markers'...
[71.806s] Compiling '/opt/workspace/install/interactive_markers/lib/python3.6/site-packages/interactive_markers/__init__.py'...
[71.806s] Compiling '/opt/workspace/install/interactive_markers/lib/python3.6/site-packages/interactive_markers/interactive_marker_server.py'...
[71.806s] Compiling '/opt/workspace/install/interactive_markers/lib/python3.6/site-packages/interactive_markers/menu_handler.py'...
[71.811s] -- Installing: /opt/workspace/install/interactive_markers/lib/libinteractive_markers.so
[71.819s] -- Set runtime path of "/opt/workspace/install/interactive_markers/lib/libinteractive_markers.so" to ""
[71.819s] -- Installing: /opt/workspace/install/interactive_markers/include
[71.819s] -- Installing: /opt/workspace/install/interactive_markers/include/interactive_markers
[71.819s] -- Installing: /opt/workspace/install/interactive_markers/include/interactive_markers/tools.hpp
[71.820s] -- Installing: /opt/workspace/install/interactive_markers/include/interactive_markers/interactive_marker_client.hpp
[71.820s] -- Installing: /opt/workspace/install/interactive_markers/include/interactive_markers/visibility_control.hpp
[71.820s] -- Installing: /opt/workspace/install/interactive_markers/include/interactive_markers/message_context.hpp
[71.820s] -- Installing: /opt/workspace/install/interactive_markers/include/interactive_markers/menu_handler.hpp
[71.820s] -- Installing: /opt/workspace/install/interactive_markers/include/interactive_markers/interactive_marker_server.hpp
[71.821s] -- Installing: /opt/workspace/install/interactive_markers/include/interactive_markers/exceptions.hpp
[71.821s] -- Installing: /opt/workspace/install/interactive_markers/share/interactive_markers/environment/library_path.sh
[71.821s] -- Installing: /opt/workspace/install/interactive_markers/share/interactive_markers/environment/library_path.dsv
[71.821s] -- Installing: /opt/workspace/install/interactive_markers/share/ament_index/resource_index/package_run_dependencies/interactive_markers
[71.821s] -- Installing: /opt/workspace/install/interactive_markers/share/ament_index/resource_index/parent_prefix_path/interactive_markers
[71.821s] -- Installing: /opt/workspace/install/interactive_markers/share/interactive_markers/environment/ament_prefix_path.sh
[71.822s] -- Installing: /opt/workspace/install/interactive_markers/share/interactive_markers/environment/ament_prefix_path.dsv
[71.822s] -- Installing: /opt/workspace/install/interactive_markers/share/interactive_markers/environment/path.sh
[71.822s] -- Installing: /opt/workspace/install/interactive_markers/share/interactive_markers/environment/path.dsv
[71.823s] -- Installing: /opt/workspace/install/interactive_markers/share/interactive_markers/local_setup.bash
[71.823s] -- Installing: /opt/workspace/install/interactive_markers/share/interactive_markers/local_setup.sh
[71.823s] -- Installing: /opt/workspace/install/interactive_markers/share/interactive_markers/local_setup.zsh
[71.824s] -- Installing: /opt/workspace/install/interactive_markers/share/interactive_markers/local_setup.dsv
[71.824s] -- Installing: /opt/workspace/install/interactive_markers/share/interactive_markers/package.dsv
[71.824s] -- Installing: /opt/workspace/install/interactive_markers/share/ament_index/resource_index/packages/interactive_markers
[71.824s] -- Installing: /opt/workspace/install/interactive_markers/share/interactive_markers/cmake/ament_cmake_export_dependencies-extras.cmake
[71.825s] -- Installing: /opt/workspace/install/interactive_markers/share/interactive_markers/cmake/ament_cmake_export_include_directories-extras.cmake
[71.825s] -- Installing: /opt/workspace/install/interactive_markers/share/interactive_markers/cmake/ament_cmake_export_libraries-extras.cmake
[71.825s] -- Installing: /opt/workspace/install/interactive_markers/share/interactive_markers/cmake/interactive_markersConfig.cmake
[71.825s] -- Installing: /opt/workspace/install/interactive_markers/share/interactive_markers/cmake/interactive_markersConfig-version.cmake
[71.825s] -- Installing: /opt/workspace/install/interactive_markers/share/interactive_markers/package.xml
