[0.468s] [36mInstall the project...[0m
[0.483s] -- Install configuration: ""
[0.483s] -- Up-to-date: /opt/workspace/install/ament_cmake_export_include_directories/share/ament_index/resource_index/package_run_dependencies/ament_cmake_export_include_directories
[0.484s] -- Up-to-date: /opt/workspace/install/ament_cmake_export_include_directories/share/ament_index/resource_index/parent_prefix_path/ament_cmake_export_include_directories
[0.484s] -- Up-to-date: /opt/workspace/install/ament_cmake_export_include_directories/share/ament_cmake_export_include_directories/environment/ament_prefix_path.sh
[0.484s] -- Up-to-date: /opt/workspace/install/ament_cmake_export_include_directories/share/ament_cmake_export_include_directories/environment/ament_prefix_path.dsv
[0.485s] -- Up-to-date: /opt/workspace/install/ament_cmake_export_include_directories/share/ament_cmake_export_include_directories/environment/path.sh
[0.485s] -- Up-to-date: /opt/workspace/install/ament_cmake_export_include_directories/share/ament_cmake_export_include_directories/environment/path.dsv
[0.485s] -- Up-to-date: /opt/workspace/install/ament_cmake_export_include_directories/share/ament_cmake_export_include_directories/local_setup.bash
[0.486s] -- Up-to-date: /opt/workspace/install/ament_cmake_export_include_directories/share/ament_cmake_export_include_directories/local_setup.sh
[0.486s] -- Up-to-date: /opt/workspace/install/ament_cmake_export_include_directories/share/ament_cmake_export_include_directories/local_setup.zsh
[0.486s] -- Up-to-date: /opt/workspace/install/ament_cmake_export_include_directories/share/ament_cmake_export_include_directories/local_setup.dsv
[0.486s] -- Up-to-date: /opt/workspace/install/ament_cmake_export_include_directories/share/ament_cmake_export_include_directories/package.dsv
[0.487s] -- Up-to-date: /opt/workspace/install/ament_cmake_export_include_directories/share/ament_index/resource_index/packages/ament_cmake_export_include_directories
[0.488s] -- Up-to-date: /opt/workspace/install/ament_cmake_export_include_directories/share/ament_cmake_export_include_directories/cmake/ament_cmake_export_include_directories-extras.cmake
[0.488s] -- Up-to-date: /opt/workspace/install/ament_cmake_export_include_directories/share/ament_cmake_export_include_directories/cmake/ament_cmake_export_include_directoriesConfig.cmake
[0.488s] -- Up-to-date: /opt/workspace/install/ament_cmake_export_include_directories/share/ament_cmake_export_include_directories/cmake/ament_cmake_export_include_directoriesConfig-version.cmake
[0.489s] -- Up-to-date: /opt/workspace/install/ament_cmake_export_include_directories/share/ament_cmake_export_include_directories/package.xml
[0.489s] -- Up-to-date: /opt/workspace/install/ament_cmake_export_include_directories/share/ament_cmake_export_include_directories/cmake
[0.492s] -- Up-to-date: /opt/workspace/install/ament_cmake_export_include_directories/share/ament_cmake_export_include_directories/cmake/ament_cmake_export_include_directories_package_hook.cmake
[0.493s] -- Up-to-date: /opt/workspace/install/ament_cmake_export_include_directories/share/ament_cmake_export_include_directories/cmake/ament_export_include_directories.cmake
[0.493s] -- Up-to-date: /opt/workspace/install/ament_cmake_export_include_directories/share/ament_cmake_export_include_directories/cmake/ament_cmake_export_include_directories-extras.cmake.in
