/opt/workspace/install/topic_monitor/lib/python3.6/site-packages/topic_monitor/__init__.py
/opt/workspace/install/topic_monitor/lib/python3.6/site-packages/topic_monitor/scripts/__init__.py
/opt/workspace/install/topic_monitor/lib/python3.6/site-packages/topic_monitor/scripts/topic_monitor.py
/opt/workspace/install/topic_monitor/lib/python3.6/site-packages/topic_monitor/scripts/data_publisher.py
/opt/workspace/install/topic_monitor/lib/python3.6/site-packages/topic_monitor/__pycache__/__init__.cpython-36.pyc
/opt/workspace/install/topic_monitor/lib/python3.6/site-packages/topic_monitor/scripts/__pycache__/__init__.cpython-36.pyc
/opt/workspace/install/topic_monitor/lib/python3.6/site-packages/topic_monitor/scripts/__pycache__/topic_monitor.cpython-36.pyc
/opt/workspace/install/topic_monitor/lib/python3.6/site-packages/topic_monitor/scripts/__pycache__/data_publisher.cpython-36.pyc
/opt/workspace/install/topic_monitor/share/ament_index/resource_index/packages/topic_monitor
/opt/workspace/install/topic_monitor/share/topic_monitor/package.xml
/opt/workspace/install/topic_monitor/share/topic_monitor/launch/reliability_demo.launch.py
/opt/workspace/install/topic_monitor/share/topic_monitor/launch/fragmentation_demo.launch.py
/opt/workspace/install/topic_monitor/share/topic_monitor/launch/depth_demo.launch.py
/opt/workspace/install/topic_monitor/lib/python3.6/site-packages/topic_monitor-0.8.4-py3.6.egg-info/dependency_links.txt
/opt/workspace/install/topic_monitor/lib/python3.6/site-packages/topic_monitor-0.8.4-py3.6.egg-info/zip-safe
/opt/workspace/install/topic_monitor/lib/python3.6/site-packages/topic_monitor-0.8.4-py3.6.egg-info/top_level.txt
/opt/workspace/install/topic_monitor/lib/python3.6/site-packages/topic_monitor-0.8.4-py3.6.egg-info/entry_points.txt
/opt/workspace/install/topic_monitor/lib/python3.6/site-packages/topic_monitor-0.8.4-py3.6.egg-info/requires.txt
/opt/workspace/install/topic_monitor/lib/python3.6/site-packages/topic_monitor-0.8.4-py3.6.egg-info/PKG-INFO
/opt/workspace/install/topic_monitor/lib/python3.6/site-packages/topic_monitor-0.8.4-py3.6.egg-info/SOURCES.txt
/opt/workspace/install/topic_monitor/lib/topic_monitor/data_publisher
/opt/workspace/install/topic_monitor/lib/topic_monitor/topic_monitor
