Determining if the pthread_create exist failed with the following output:
Change Dir: /opt/workspace/build/rosbag2_converter_default_plugins/CMakeFiles/CMakeTmp

Run Build Command:"/usr/bin/make" "cmTC_92fe1/fast"
/usr/bin/make -f CMakeFiles/cmTC_92fe1.dir/build.make CMakeFiles/cmTC_92fe1.dir/build
make[1]: Entering directory '/opt/workspace/build/rosbag2_converter_default_plugins/CMakeFiles/CMakeTmp'
Building C object CMakeFiles/cmTC_92fe1.dir/CheckSymbolExists.c.o
/usr/bin/cc    -o CMakeFiles/cmTC_92fe1.dir/CheckSymbolExists.c.o   -c /opt/workspace/build/rosbag2_converter_default_plugins/CMakeFiles/CMakeTmp/CheckSymbolExists.c
Linking C executable cmTC_92fe1
/usr/bin/cmake -E cmake_link_script CMakeFiles/cmTC_92fe1.dir/link.txt --verbose=1
/usr/bin/cc      CMakeFiles/cmTC_92fe1.dir/CheckSymbolExists.c.o  -o cmTC_92fe1 
CMakeFiles/cmTC_92fe1.dir/CheckSymbolExists.c.o: In function `main':
CheckSymbolExists.c:(.text+0x1b): undefined reference to `pthread_create'
collect2: error: ld returned 1 exit status
CMakeFiles/cmTC_92fe1.dir/build.make:97: recipe for target 'cmTC_92fe1' failed
make[1]: *** [cmTC_92fe1] Error 1
make[1]: Leaving directory '/opt/workspace/build/rosbag2_converter_default_plugins/CMakeFiles/CMakeTmp'
Makefile:126: recipe for target 'cmTC_92fe1/fast' failed
make: *** [cmTC_92fe1/fast] Error 2

File /opt/workspace/build/rosbag2_converter_default_plugins/CMakeFiles/CMakeTmp/CheckSymbolExists.c:
/* */
#include <pthread.h>

int main(int argc, char** argv)
{
  (void)argv;
#ifndef pthread_create
  return ((int*)(&pthread_create))[argc];
#else
  (void)argc;
  return 0;
#endif
}

Determining if the function pthread_create exists in the pthreads failed with the following output:
Change Dir: /opt/workspace/build/rosbag2_converter_default_plugins/CMakeFiles/CMakeTmp

Run Build Command:"/usr/bin/make" "cmTC_b71ce/fast"
/usr/bin/make -f CMakeFiles/cmTC_b71ce.dir/build.make CMakeFiles/cmTC_b71ce.dir/build
make[1]: Entering directory '/opt/workspace/build/rosbag2_converter_default_plugins/CMakeFiles/CMakeTmp'
Building C object CMakeFiles/cmTC_b71ce.dir/CheckFunctionExists.c.o
/usr/bin/cc   -DCHECK_FUNCTION_EXISTS=pthread_create   -o CMakeFiles/cmTC_b71ce.dir/CheckFunctionExists.c.o   -c /usr/share/cmake-3.10/Modules/CheckFunctionExists.c
Linking C executable cmTC_b71ce
/usr/bin/cmake -E cmake_link_script CMakeFiles/cmTC_b71ce.dir/link.txt --verbose=1
/usr/bin/cc  -DCHECK_FUNCTION_EXISTS=pthread_create    CMakeFiles/cmTC_b71ce.dir/CheckFunctionExists.c.o  -o cmTC_b71ce -lpthreads 
/usr/bin/ld: cannot find -lpthreads
collect2: error: ld returned 1 exit status
CMakeFiles/cmTC_b71ce.dir/build.make:97: recipe for target 'cmTC_b71ce' failed
make[1]: *** [cmTC_b71ce] Error 1
make[1]: Leaving directory '/opt/workspace/build/rosbag2_converter_default_plugins/CMakeFiles/CMakeTmp'
Makefile:126: recipe for target 'cmTC_b71ce/fast' failed
make: *** [cmTC_b71ce/fast] Error 2


