[0.168s] -- Found ament_cmake_core: 0.8.2 (/opt/workspace/install/ament_cmake_core/share/ament_cmake_core/cmake)
[0.233s] -- Found PythonInterp: /usr/bin/python3 (found suitable version "3.6.9", minimum required is "3") 
[0.234s] -- Using PYTHON_EXECUTABLE: /usr/bin/python3
[0.620s] -- Found ament_cmake_test: 0.8.2 (/opt/workspace/install/ament_cmake_test/share/ament_cmake_test/cmake)
[0.792s] -- Found ament_cmake_copyright: 0.8.1 (/opt/workspace/install/ament_cmake_copyright/share/ament_cmake_copyright/cmake)
[0.796s] -- Found ament_cmake_lint_cmake: 0.8.1 (/opt/workspace/install/ament_cmake_lint_cmake/share/ament_cmake_lint_cmake/cmake)
[0.799s] -- Configuring done
[0.805s] -- Generating done
[0.806s] -- Build files have been written to: /opt/workspace/build/ament_cmake_pyflakes
[1.134s] [36mInstall the project...[0m
[1.154s] -- Install configuration: ""
[1.155s] -- Installing: /opt/workspace/install/ament_cmake_pyflakes/share/ament_index/resource_index/package_run_dependencies/ament_cmake_pyflakes
[1.156s] -- Installing: /opt/workspace/install/ament_cmake_pyflakes/share/ament_index/resource_index/parent_prefix_path/ament_cmake_pyflakes
[1.157s] -- Installing: /opt/workspace/install/ament_cmake_pyflakes/share/ament_cmake_pyflakes/environment/ament_prefix_path.sh
[1.157s] -- Installing: /opt/workspace/install/ament_cmake_pyflakes/share/ament_cmake_pyflakes/environment/ament_prefix_path.dsv
[1.158s] -- Installing: /opt/workspace/install/ament_cmake_pyflakes/share/ament_cmake_pyflakes/environment/path.sh
[1.158s] -- Installing: /opt/workspace/install/ament_cmake_pyflakes/share/ament_cmake_pyflakes/environment/path.dsv
[1.159s] -- Installing: /opt/workspace/install/ament_cmake_pyflakes/share/ament_cmake_pyflakes/local_setup.bash
[1.159s] -- Installing: /opt/workspace/install/ament_cmake_pyflakes/share/ament_cmake_pyflakes/local_setup.sh
[1.160s] -- Installing: /opt/workspace/install/ament_cmake_pyflakes/share/ament_cmake_pyflakes/local_setup.zsh
[1.161s] -- Installing: /opt/workspace/install/ament_cmake_pyflakes/share/ament_cmake_pyflakes/local_setup.dsv
[1.161s] -- Installing: /opt/workspace/install/ament_cmake_pyflakes/share/ament_cmake_pyflakes/package.dsv
[1.161s] -- Installing: /opt/workspace/install/ament_cmake_pyflakes/share/ament_index/resource_index/packages/ament_cmake_pyflakes
[1.162s] -- Installing: /opt/workspace/install/ament_cmake_pyflakes/share/ament_cmake_pyflakes/cmake/ament_cmake_pyflakes-extras.cmake
[1.163s] -- Installing: /opt/workspace/install/ament_cmake_pyflakes/share/ament_cmake_pyflakes/cmake/ament_cmake_pyflakesConfig.cmake
[1.163s] -- Installing: /opt/workspace/install/ament_cmake_pyflakes/share/ament_cmake_pyflakes/cmake/ament_cmake_pyflakesConfig-version.cmake
[1.163s] -- Installing: /opt/workspace/install/ament_cmake_pyflakes/share/ament_cmake_pyflakes/package.xml
[1.163s] -- Up-to-date: /opt/workspace/install/ament_cmake_pyflakes/share/ament_cmake_pyflakes/cmake
[1.164s] -- Installing: /opt/workspace/install/ament_cmake_pyflakes/share/ament_cmake_pyflakes/cmake/ament_cmake_pyflakes_lint_hook.cmake
[1.167s] -- Installing: /opt/workspace/install/ament_cmake_pyflakes/share/ament_cmake_pyflakes/cmake/ament_pyflakes.cmake
