/opt/workspace/install/examples_rclpy_executors/lib/python3.6/site-packages/examples_rclpy_executors/__init__.py
/opt/workspace/install/examples_rclpy_executors/lib/python3.6/site-packages/examples_rclpy_executors/listener.py
/opt/workspace/install/examples_rclpy_executors/lib/python3.6/site-packages/examples_rclpy_executors/custom_executor.py
/opt/workspace/install/examples_rclpy_executors/lib/python3.6/site-packages/examples_rclpy_executors/talker.py
/opt/workspace/install/examples_rclpy_executors/lib/python3.6/site-packages/examples_rclpy_executors/composed.py
/opt/workspace/install/examples_rclpy_executors/lib/python3.6/site-packages/examples_rclpy_executors/callback_group.py
/opt/workspace/install/examples_rclpy_executors/lib/python3.6/site-packages/examples_rclpy_executors/custom_callback_group.py
/opt/workspace/install/examples_rclpy_executors/lib/python3.6/site-packages/examples_rclpy_executors/__pycache__/__init__.cpython-36.pyc
/opt/workspace/install/examples_rclpy_executors/lib/python3.6/site-packages/examples_rclpy_executors/__pycache__/listener.cpython-36.pyc
/opt/workspace/install/examples_rclpy_executors/lib/python3.6/site-packages/examples_rclpy_executors/__pycache__/custom_executor.cpython-36.pyc
/opt/workspace/install/examples_rclpy_executors/lib/python3.6/site-packages/examples_rclpy_executors/__pycache__/talker.cpython-36.pyc
/opt/workspace/install/examples_rclpy_executors/lib/python3.6/site-packages/examples_rclpy_executors/__pycache__/composed.cpython-36.pyc
/opt/workspace/install/examples_rclpy_executors/lib/python3.6/site-packages/examples_rclpy_executors/__pycache__/callback_group.cpython-36.pyc
/opt/workspace/install/examples_rclpy_executors/lib/python3.6/site-packages/examples_rclpy_executors/__pycache__/custom_callback_group.cpython-36.pyc
/opt/workspace/install/examples_rclpy_executors/share/ament_index/resource_index/packages/examples_rclpy_executors
/opt/workspace/install/examples_rclpy_executors/share/examples_rclpy_executors/package.xml
/opt/workspace/install/examples_rclpy_executors/lib/python3.6/site-packages/examples_rclpy_executors-0.8.2-py3.6.egg-info/dependency_links.txt
/opt/workspace/install/examples_rclpy_executors/lib/python3.6/site-packages/examples_rclpy_executors-0.8.2-py3.6.egg-info/zip-safe
/opt/workspace/install/examples_rclpy_executors/lib/python3.6/site-packages/examples_rclpy_executors-0.8.2-py3.6.egg-info/top_level.txt
/opt/workspace/install/examples_rclpy_executors/lib/python3.6/site-packages/examples_rclpy_executors-0.8.2-py3.6.egg-info/entry_points.txt
/opt/workspace/install/examples_rclpy_executors/lib/python3.6/site-packages/examples_rclpy_executors-0.8.2-py3.6.egg-info/requires.txt
/opt/workspace/install/examples_rclpy_executors/lib/python3.6/site-packages/examples_rclpy_executors-0.8.2-py3.6.egg-info/PKG-INFO
/opt/workspace/install/examples_rclpy_executors/lib/python3.6/site-packages/examples_rclpy_executors-0.8.2-py3.6.egg-info/SOURCES.txt
/opt/workspace/install/examples_rclpy_executors/lib/examples_rclpy_executors/callback_group
/opt/workspace/install/examples_rclpy_executors/lib/examples_rclpy_executors/composed
/opt/workspace/install/examples_rclpy_executors/lib/examples_rclpy_executors/custom_callback_group
/opt/workspace/install/examples_rclpy_executors/lib/examples_rclpy_executors/custom_executor
/opt/workspace/install/examples_rclpy_executors/lib/examples_rclpy_executors/listener
/opt/workspace/install/examples_rclpy_executors/lib/examples_rclpy_executors/talker
