/opt/workspace/install/rqt_topic/lib/python3.6/site-packages/rqt_topic/__init__.py
/opt/workspace/install/rqt_topic/lib/python3.6/site-packages/rqt_topic/topic_info.py
/opt/workspace/install/rqt_topic/lib/python3.6/site-packages/rqt_topic/topic_widget.py
/opt/workspace/install/rqt_topic/lib/python3.6/site-packages/rqt_topic/topic.py
/opt/workspace/install/rqt_topic/lib/python3.6/site-packages/rqt_topic/__pycache__/__init__.cpython-36.pyc
/opt/workspace/install/rqt_topic/lib/python3.6/site-packages/rqt_topic/__pycache__/topic_info.cpython-36.pyc
/opt/workspace/install/rqt_topic/lib/python3.6/site-packages/rqt_topic/__pycache__/topic_widget.cpython-36.pyc
/opt/workspace/install/rqt_topic/lib/python3.6/site-packages/rqt_topic/__pycache__/topic.cpython-36.pyc
/opt/workspace/install/rqt_topic/share/ament_index/resource_index/packages/rqt_topic
/opt/workspace/install/rqt_topic/share/rqt_topic/resource/TopicWidget.ui
/opt/workspace/install/rqt_topic/share/rqt_topic/package.xml
/opt/workspace/install/rqt_topic/share/rqt_topic/plugin.xml
/opt/workspace/install/rqt_topic/lib/rqt_topic/rqt_topic
/opt/workspace/install/rqt_topic/lib/python3.6/site-packages/rqt_topic-0.4.9-py3.6.egg-info/dependency_links.txt
/opt/workspace/install/rqt_topic/lib/python3.6/site-packages/rqt_topic-0.4.9-py3.6.egg-info/zip-safe
/opt/workspace/install/rqt_topic/lib/python3.6/site-packages/rqt_topic-0.4.9-py3.6.egg-info/top_level.txt
/opt/workspace/install/rqt_topic/lib/python3.6/site-packages/rqt_topic-0.4.9-py3.6.egg-info/requires.txt
/opt/workspace/install/rqt_topic/lib/python3.6/site-packages/rqt_topic-0.4.9-py3.6.egg-info/PKG-INFO
/opt/workspace/install/rqt_topic/lib/python3.6/site-packages/rqt_topic-0.4.9-py3.6.egg-info/SOURCES.txt
/opt/workspace/install/rqt_topic/bin/rqt_topic
