[0.790s] -- The C compiler identification is GNU 7.4.0
[0.950s] -- The CXX compiler identification is GNU 7.4.0
[0.963s] -- Check for working C compiler: /usr/bin/cc
[1.169s] -- Check for working C compiler: /usr/bin/cc -- works
[1.170s] -- Detecting C compiler ABI info
[1.418s] -- Detecting C compiler ABI info - done
[1.440s] -- Detecting C compile features
[2.313s] -- Detecting C compile features - done
[2.320s] -- Check for working CXX compiler: /usr/bin/c++
[2.699s] -- Check for working CXX compiler: /usr/bin/c++ -- works
[2.700s] -- Detecting CXX compiler ABI info
[2.993s] -- Detecting CXX compiler ABI info - done
[3.022s] -- Detecting CXX compile features
[4.466s] -- Detecting CXX compile features - done
[4.478s] -- Found ament_cmake: 0.8.2 (/opt/workspace/install/ament_cmake/share/ament_cmake/cmake)
[4.667s] -- Found PythonInterp: /usr/bin/python3 (found suitable version "3.6.9", minimum required is "3") 
[4.668s] -- Using PYTHON_EXECUTABLE: /usr/bin/python3
[5.606s] -- Found rosidl_default_generators: 0.8.0 (/opt/workspace/install/rosidl_default_generators/share/rosidl_default_generators/cmake)
[6.155s] -- Found OpenSSL: /usr/lib/x86_64-linux-gnu/libcrypto.so (found version "1.1.1") 
[6.274s] -- Found FastRTPS: /opt/workspace/install/fastrtps/include  
[6.330s] -- Found rosidl_adapter: 0.8.2 (/opt/workspace/install/rosidl_adapter/share/rosidl_adapter/cmake)
[6.708s] -- Found PythonInterp: /usr/bin/python3 (found version "3.6.9") 
[7.575s] -- Using all available rosidl_typesupport_c: rosidl_typesupport_fastrtps_c;rosidl_typesupport_introspection_c
[7.600s] -- Found ament_cmake_cppcheck: 0.8.1 (/opt/workspace/install/ament_cmake_cppcheck/share/ament_cmake_cppcheck/cmake)
[7.612s] -- Found ament_cmake_cpplint: 0.8.1 (/opt/workspace/install/ament_cmake_cpplint/share/ament_cmake_cpplint/cmake)
[7.622s] -- Found ament_cmake_uncrustify: 0.8.1 (/opt/workspace/install/ament_cmake_uncrustify/share/ament_cmake_uncrustify/cmake)
[7.659s] -- Using all available rosidl_typesupport_cpp: rosidl_typesupport_introspection_cpp;rosidl_typesupport_fastrtps_cpp
[8.049s] -- Found rmw_implementation_cmake: 0.8.1 (/opt/workspace/install/rmw_implementation_cmake/share/rmw_implementation_cmake/cmake)
[8.119s] -- Found PythonInterp: /usr/bin/python3 (found suitable version "3.6.9", minimum required is "3.5") 
[8.126s] -- Found python_cmake_module: 0.8.0 (/opt/workspace/install/python_cmake_module/share/python_cmake_module/cmake)
[8.212s] -- Found PythonLibs: /usr/lib/x86_64-linux-gnu/libpython3.6m.so (found suitable version "3.6.9", minimum required is "3.5") 
[8.212s] -- Using PYTHON_EXECUTABLE: /usr/bin/python3
[8.212s] -- Using PYTHON_INCLUDE_DIRS: /usr/include/python3.6m
[8.212s] -- Using PYTHON_LIBRARIES: /usr/lib/x86_64-linux-gnu/libpython3.6m.so
[8.284s] -- Found PythonExtra: .so  
[8.777s] -- Found ament_cmake_flake8: 0.8.1 (/opt/workspace/install/ament_cmake_flake8/share/ament_cmake_flake8/cmake)
[8.786s] -- Found ament_cmake_pep257: 0.8.1 (/opt/workspace/install/ament_cmake_pep257/share/ament_cmake_pep257/cmake)
[8.799s] -- Found ament_lint_auto: 0.8.1 (/opt/workspace/install/ament_lint_auto/share/ament_lint_auto/cmake)
[8.848s] -- Added test 'lint_cmake' to check CMake code style
[8.850s] -- Added test 'xmllint' to check XML markup files
[8.861s] -- Configuring done
[8.993s] -- Generating done
[9.000s] -- Build files have been written to: /opt/workspace/build/lifecycle_msgs
[9.111s] [35m[1mScanning dependencies of target lifecycle_msgs__cpp[0m
[9.134s] [  1%] [34m[1mGenerating C++ code for ROS interfaces[0m
[11.534s] [  1%] Built target lifecycle_msgs__cpp
[11.555s] [  2%] [34m[1mGenerating C code for ROS interfaces[0m
[14.779s] [35m[1mScanning dependencies of target lifecycle_msgs__rosidl_generator_c[0m
[14.806s] [  3%] [32mBuilding C object CMakeFiles/lifecycle_msgs__rosidl_generator_c.dir/rosidl_generator_c/lifecycle_msgs/msg/state__functions.c.o[0m
[14.865s] [  4%] [32mBuilding C object CMakeFiles/lifecycle_msgs__rosidl_generator_c.dir/rosidl_generator_c/lifecycle_msgs/srv/change_state__functions.c.o[0m
[14.937s] [  5%] [32mBuilding C object CMakeFiles/lifecycle_msgs__rosidl_generator_c.dir/rosidl_generator_c/lifecycle_msgs/srv/get_available_states__functions.c.o[0m
[15.000s] [  6%] [32mBuilding C object CMakeFiles/lifecycle_msgs__rosidl_generator_c.dir/rosidl_generator_c/lifecycle_msgs/srv/get_available_transitions__functions.c.o[0m
[15.065s] [  8%] [32mBuilding C object CMakeFiles/lifecycle_msgs__rosidl_generator_c.dir/rosidl_generator_c/lifecycle_msgs/srv/get_state__functions.c.o[0m
[15.148s] [  9%] [32mBuilding C object CMakeFiles/lifecycle_msgs__rosidl_generator_c.dir/rosidl_generator_c/lifecycle_msgs/msg/transition_event__functions.c.o[0m
[15.208s] [ 10%] [32mBuilding C object CMakeFiles/lifecycle_msgs__rosidl_generator_c.dir/rosidl_generator_c/lifecycle_msgs/msg/transition_description__functions.c.o[0m
[15.286s] [ 11%] [32mBuilding C object CMakeFiles/lifecycle_msgs__rosidl_generator_c.dir/rosidl_generator_c/lifecycle_msgs/msg/transition__functions.c.o[0m
[15.349s] [ 12%] [32m[1mLinking C shared library liblifecycle_msgs__rosidl_generator_c.so[0m
[15.427s] [ 12%] Built target lifecycle_msgs__rosidl_generator_c
[15.449s] [ 13%] [34m[1mGenerating C++ introspection for ROS interfaces[0m
[17.684s] [35m[1mScanning dependencies of target lifecycle_msgs__rosidl_typesupport_introspection_cpp[0m
[17.714s] [ 14%] [32mBuilding CXX object CMakeFiles/lifecycle_msgs__rosidl_typesupport_introspection_cpp.dir/rosidl_typesupport_introspection_cpp/lifecycle_msgs/msg/state__type_support.cpp.o[0m
[18.167s] [ 16%] [32mBuilding CXX object CMakeFiles/lifecycle_msgs__rosidl_typesupport_introspection_cpp.dir/rosidl_typesupport_introspection_cpp/lifecycle_msgs/msg/transition_event__type_support.cpp.o[0m
[18.601s] [ 17%] [32mBuilding CXX object CMakeFiles/lifecycle_msgs__rosidl_typesupport_introspection_cpp.dir/rosidl_typesupport_introspection_cpp/lifecycle_msgs/srv/change_state__type_support.cpp.o[0m
[19.029s] [ 18%] [32mBuilding CXX object CMakeFiles/lifecycle_msgs__rosidl_typesupport_introspection_cpp.dir/rosidl_typesupport_introspection_cpp/lifecycle_msgs/srv/get_available_states__type_support.cpp.o[0m
[19.494s] [ 19%] [32mBuilding CXX object CMakeFiles/lifecycle_msgs__rosidl_typesupport_introspection_cpp.dir/rosidl_typesupport_introspection_cpp/lifecycle_msgs/srv/get_available_transitions__type_support.cpp.o[0m
[20.074s] [ 20%] [32mBuilding CXX object CMakeFiles/lifecycle_msgs__rosidl_typesupport_introspection_cpp.dir/rosidl_typesupport_introspection_cpp/lifecycle_msgs/srv/get_state__type_support.cpp.o[0m
[20.548s] [ 21%] [32mBuilding CXX object CMakeFiles/lifecycle_msgs__rosidl_typesupport_introspection_cpp.dir/rosidl_typesupport_introspection_cpp/lifecycle_msgs/msg/transition_description__type_support.cpp.o[0m
[21.017s] [ 22%] [32mBuilding CXX object CMakeFiles/lifecycle_msgs__rosidl_typesupport_introspection_cpp.dir/rosidl_typesupport_introspection_cpp/lifecycle_msgs/msg/transition__type_support.cpp.o[0m
[21.497s] [ 24%] [32m[1mLinking CXX shared library liblifecycle_msgs__rosidl_typesupport_introspection_cpp.so[0m
[21.640s] [ 24%] Built target lifecycle_msgs__rosidl_typesupport_introspection_cpp
[21.666s] [ 25%] [34m[1mGenerating C introspection for ROS interfaces[0m
[21.667s] [ 26%] [34m[1mGenerating C type support dispatch for ROS interfaces[0m
[23.955s] [35m[1mScanning dependencies of target lifecycle_msgs__rosidl_typesupport_c[0m
[24.013s] [ 27%] [32mBuilding CXX object CMakeFiles/lifecycle_msgs__rosidl_typesupport_c.dir/rosidl_typesupport_c/lifecycle_msgs/msg/state__type_support.cpp.o[0m
[24.119s] [ 28%] [32mBuilding CXX object CMakeFiles/lifecycle_msgs__rosidl_typesupport_c.dir/rosidl_typesupport_c/lifecycle_msgs/srv/change_state__type_support.cpp.o[0m
[24.253s] [ 29%] [32mBuilding CXX object CMakeFiles/lifecycle_msgs__rosidl_typesupport_c.dir/rosidl_typesupport_c/lifecycle_msgs/srv/get_available_states__type_support.cpp.o[0m
[24.347s] [ 31%] [32mBuilding CXX object CMakeFiles/lifecycle_msgs__rosidl_typesupport_c.dir/rosidl_typesupport_c/lifecycle_msgs/srv/get_available_transitions__type_support.cpp.o[0m
[24.458s] [ 32%] [32mBuilding CXX object CMakeFiles/lifecycle_msgs__rosidl_typesupport_c.dir/rosidl_typesupport_c/lifecycle_msgs/srv/get_state__type_support.cpp.o[0m
[24.571s] [ 33%] [32mBuilding CXX object CMakeFiles/lifecycle_msgs__rosidl_typesupport_c.dir/rosidl_typesupport_c/lifecycle_msgs/msg/transition_event__type_support.cpp.o[0m
[24.645s] [ 34%] [32mBuilding CXX object CMakeFiles/lifecycle_msgs__rosidl_typesupport_c.dir/rosidl_typesupport_c/lifecycle_msgs/msg/transition_description__type_support.cpp.o[0m
[24.727s] [ 35%] [32mBuilding CXX object CMakeFiles/lifecycle_msgs__rosidl_typesupport_c.dir/rosidl_typesupport_c/lifecycle_msgs/msg/transition__type_support.cpp.o[0m
[24.815s] [ 36%] [32m[1mLinking CXX shared library liblifecycle_msgs__rosidl_typesupport_c.so[0m
[24.914s] [35m[1mScanning dependencies of target lifecycle_msgs__rosidl_typesupport_introspection_c[0m
[24.951s] [ 36%] Built target lifecycle_msgs__rosidl_typesupport_c
[24.979s] [ 37%] [32mBuilding C object CMakeFiles/lifecycle_msgs__rosidl_typesupport_introspection_c.dir/rosidl_typesupport_introspection_c/lifecycle_msgs/msg/state__type_support.c.o[0m
[25.051s] [ 39%] [32mBuilding C object CMakeFiles/lifecycle_msgs__rosidl_typesupport_introspection_c.dir/rosidl_typesupport_introspection_c/lifecycle_msgs/srv/get_available_states__type_support.c.o[0m
[25.155s] [ 40%] [32mBuilding C object CMakeFiles/lifecycle_msgs__rosidl_typesupport_introspection_c.dir/rosidl_typesupport_introspection_c/lifecycle_msgs/srv/get_available_transitions__type_support.c.o[0m
[25.258s] [ 41%] [32mBuilding C object CMakeFiles/lifecycle_msgs__rosidl_typesupport_introspection_c.dir/rosidl_typesupport_introspection_c/lifecycle_msgs/srv/get_state__type_support.c.o[0m
[25.367s] [ 42%] [32mBuilding C object CMakeFiles/lifecycle_msgs__rosidl_typesupport_introspection_c.dir/rosidl_typesupport_introspection_c/lifecycle_msgs/srv/change_state__type_support.c.o[0m
[25.451s] [ 43%] [32mBuilding C object CMakeFiles/lifecycle_msgs__rosidl_typesupport_introspection_c.dir/rosidl_typesupport_introspection_c/lifecycle_msgs/msg/transition_event__type_support.c.o[0m
[25.544s] [ 44%] [32mBuilding C object CMakeFiles/lifecycle_msgs__rosidl_typesupport_introspection_c.dir/rosidl_typesupport_introspection_c/lifecycle_msgs/msg/transition_description__type_support.c.o[0m
[25.647s] [ 45%] [32mBuilding C object CMakeFiles/lifecycle_msgs__rosidl_typesupport_introspection_c.dir/rosidl_typesupport_introspection_c/lifecycle_msgs/msg/transition__type_support.c.o[0m
[25.724s] [ 47%] [32m[1mLinking C shared library liblifecycle_msgs__rosidl_typesupport_introspection_c.so[0m
[25.799s] [ 47%] Built target lifecycle_msgs__rosidl_typesupport_introspection_c
[25.830s] [ 48%] [34m[1mGenerating C++ type support dispatch for ROS interfaces[0m
[28.159s] [35m[1mScanning dependencies of target lifecycle_msgs__rosidl_typesupport_cpp[0m
[28.199s] [ 49%] [32mBuilding CXX object CMakeFiles/lifecycle_msgs__rosidl_typesupport_cpp.dir/rosidl_typesupport_cpp/lifecycle_msgs/msg/state__type_support.cpp.o[0m
[28.720s] [ 50%] [32mBuilding CXX object CMakeFiles/lifecycle_msgs__rosidl_typesupport_cpp.dir/rosidl_typesupport_cpp/lifecycle_msgs/srv/get_available_transitions__type_support.cpp.o[0m
[29.221s] [ 51%] [32mBuilding CXX object CMakeFiles/lifecycle_msgs__rosidl_typesupport_cpp.dir/rosidl_typesupport_cpp/lifecycle_msgs/srv/get_state__type_support.cpp.o[0m
[29.760s] [ 52%] [32mBuilding CXX object CMakeFiles/lifecycle_msgs__rosidl_typesupport_cpp.dir/rosidl_typesupport_cpp/lifecycle_msgs/srv/get_available_states__type_support.cpp.o[0m
[30.291s] [ 54%] [32mBuilding CXX object CMakeFiles/lifecycle_msgs__rosidl_typesupport_cpp.dir/rosidl_typesupport_cpp/lifecycle_msgs/srv/change_state__type_support.cpp.o[0m
[30.810s] [ 55%] [32mBuilding CXX object CMakeFiles/lifecycle_msgs__rosidl_typesupport_cpp.dir/rosidl_typesupport_cpp/lifecycle_msgs/msg/transition_event__type_support.cpp.o[0m
[31.314s] [ 56%] [32mBuilding CXX object CMakeFiles/lifecycle_msgs__rosidl_typesupport_cpp.dir/rosidl_typesupport_cpp/lifecycle_msgs/msg/transition_description__type_support.cpp.o[0m
[31.791s] [ 57%] [32mBuilding CXX object CMakeFiles/lifecycle_msgs__rosidl_typesupport_cpp.dir/rosidl_typesupport_cpp/lifecycle_msgs/msg/transition__type_support.cpp.o[0m
[32.296s] [ 58%] [32m[1mLinking CXX shared library liblifecycle_msgs__rosidl_typesupport_cpp.so[0m
[32.402s] [ 58%] Built target lifecycle_msgs__rosidl_typesupport_cpp
[32.434s] [ 59%] [34m[1mGenerating C++ type support for eProsima Fast-RTPS[0m
[35.188s] [35m[1mScanning dependencies of target lifecycle_msgs__rosidl_typesupport_fastrtps_cpp[0m
[35.247s] [ 60%] [32mBuilding CXX object CMakeFiles/lifecycle_msgs__rosidl_typesupport_fastrtps_cpp.dir/rosidl_typesupport_fastrtps_cpp/lifecycle_msgs/msg/dds_fastrtps/state__type_support.cpp.o[0m
[35.950s] [ 62%] [32mBuilding CXX object CMakeFiles/lifecycle_msgs__rosidl_typesupport_fastrtps_cpp.dir/rosidl_typesupport_fastrtps_cpp/lifecycle_msgs/srv/dds_fastrtps/get_state__type_support.cpp.o[0m
[36.743s] [ 63%] [32mBuilding CXX object CMakeFiles/lifecycle_msgs__rosidl_typesupport_fastrtps_cpp.dir/rosidl_typesupport_fastrtps_cpp/lifecycle_msgs/srv/dds_fastrtps/get_available_transitions__type_support.cpp.o[0m
[37.519s] [ 64%] [32mBuilding CXX object CMakeFiles/lifecycle_msgs__rosidl_typesupport_fastrtps_cpp.dir/rosidl_typesupport_fastrtps_cpp/lifecycle_msgs/srv/dds_fastrtps/get_available_states__type_support.cpp.o[0m
[38.275s] [ 65%] [32mBuilding CXX object CMakeFiles/lifecycle_msgs__rosidl_typesupport_fastrtps_cpp.dir/rosidl_typesupport_fastrtps_cpp/lifecycle_msgs/srv/dds_fastrtps/change_state__type_support.cpp.o[0m
[38.977s] [ 66%] [32mBuilding CXX object CMakeFiles/lifecycle_msgs__rosidl_typesupport_fastrtps_cpp.dir/rosidl_typesupport_fastrtps_cpp/lifecycle_msgs/msg/dds_fastrtps/transition_event__type_support.cpp.o[0m
[39.705s] [ 67%] [32mBuilding CXX object CMakeFiles/lifecycle_msgs__rosidl_typesupport_fastrtps_cpp.dir/rosidl_typesupport_fastrtps_cpp/lifecycle_msgs/msg/dds_fastrtps/transition_description__type_support.cpp.o[0m
[40.457s] [ 68%] [32mBuilding CXX object CMakeFiles/lifecycle_msgs__rosidl_typesupport_fastrtps_cpp.dir/rosidl_typesupport_fastrtps_cpp/lifecycle_msgs/msg/dds_fastrtps/transition__type_support.cpp.o[0m
[41.198s] [ 70%] [32m[1mLinking CXX shared library liblifecycle_msgs__rosidl_typesupport_fastrtps_cpp.so[0m
[41.368s] [ 70%] Built target lifecycle_msgs__rosidl_typesupport_fastrtps_cpp
[41.410s] [ 71%] [34m[1mGenerating C type support for eProsima Fast-RTPS[0m
[44.163s] [35m[1mScanning dependencies of target lifecycle_msgs__rosidl_typesupport_fastrtps_c[0m
[44.220s] [ 72%] [32mBuilding CXX object CMakeFiles/lifecycle_msgs__rosidl_typesupport_fastrtps_c.dir/rosidl_typesupport_fastrtps_c/lifecycle_msgs/msg/state__type_support_c.cpp.o[0m
[44.815s] [ 73%] [32mBuilding CXX object CMakeFiles/lifecycle_msgs__rosidl_typesupport_fastrtps_c.dir/rosidl_typesupport_fastrtps_c/lifecycle_msgs/srv/get_state__type_support_c.cpp.o[0m
[45.466s] [ 74%] [32mBuilding CXX object CMakeFiles/lifecycle_msgs__rosidl_typesupport_fastrtps_c.dir/rosidl_typesupport_fastrtps_c/lifecycle_msgs/srv/get_available_transitions__type_support_c.cpp.o[0m
[46.103s] [ 75%] [32mBuilding CXX object CMakeFiles/lifecycle_msgs__rosidl_typesupport_fastrtps_c.dir/rosidl_typesupport_fastrtps_c/lifecycle_msgs/srv/get_available_states__type_support_c.cpp.o[0m
[46.801s] [ 77%] [32mBuilding CXX object CMakeFiles/lifecycle_msgs__rosidl_typesupport_fastrtps_c.dir/rosidl_typesupport_fastrtps_c/lifecycle_msgs/srv/change_state__type_support_c.cpp.o[0m
[47.409s] [ 78%] [32mBuilding CXX object CMakeFiles/lifecycle_msgs__rosidl_typesupport_fastrtps_c.dir/rosidl_typesupport_fastrtps_c/lifecycle_msgs/msg/transition_event__type_support_c.cpp.o[0m
[48.027s] [ 79%] [32mBuilding CXX object CMakeFiles/lifecycle_msgs__rosidl_typesupport_fastrtps_c.dir/rosidl_typesupport_fastrtps_c/lifecycle_msgs/msg/transition_description__type_support_c.cpp.o[0m
[48.625s] [ 80%] [32mBuilding CXX object CMakeFiles/lifecycle_msgs__rosidl_typesupport_fastrtps_c.dir/rosidl_typesupport_fastrtps_c/lifecycle_msgs/msg/transition__type_support_c.cpp.o[0m
[49.184s] [ 81%] [32m[1mLinking CXX shared library liblifecycle_msgs__rosidl_typesupport_fastrtps_c.so[0m
[49.352s] [ 81%] Built target lifecycle_msgs__rosidl_typesupport_fastrtps_c
[49.378s] [35m[1mScanning dependencies of target lifecycle_msgs[0m
[49.397s] [ 81%] Built target lifecycle_msgs
[49.419s] [35m[1mScanning dependencies of target lifecycle_msgs__py[0m
[49.439s] [ 82%] [34m[1mGenerating Python code for ROS interfaces[0m
[54.342s] [ 82%] Built target lifecycle_msgs__py
[54.364s] [35m[1mScanning dependencies of target lifecycle_msgs__python[0m
[54.424s] [ 83%] [32mBuilding C object CMakeFiles/lifecycle_msgs__python.dir/rosidl_generator_py/lifecycle_msgs/msg/_state_s.c.o[0m
[54.547s] [ 85%] [32mBuilding C object CMakeFiles/lifecycle_msgs__python.dir/rosidl_generator_py/lifecycle_msgs/srv/_get_state_s.c.o[0m
[54.702s] [ 86%] [32mBuilding C object CMakeFiles/lifecycle_msgs__python.dir/rosidl_generator_py/lifecycle_msgs/srv/_get_available_transitions_s.c.o[0m
[54.854s] [ 87%] [32mBuilding C object CMakeFiles/lifecycle_msgs__python.dir/rosidl_generator_py/lifecycle_msgs/srv/_get_available_states_s.c.o[0m
[54.995s] [ 88%] [32mBuilding C object CMakeFiles/lifecycle_msgs__python.dir/rosidl_generator_py/lifecycle_msgs/srv/_change_state_s.c.o[0m
[55.127s] [ 89%] [32mBuilding C object CMakeFiles/lifecycle_msgs__python.dir/rosidl_generator_py/lifecycle_msgs/msg/_transition_event_s.c.o[0m
[55.254s] [ 90%] [32mBuilding C object CMakeFiles/lifecycle_msgs__python.dir/rosidl_generator_py/lifecycle_msgs/msg/_transition_description_s.c.o[0m
[55.407s] [ 91%] [32mBuilding C object CMakeFiles/lifecycle_msgs__python.dir/rosidl_generator_py/lifecycle_msgs/msg/_transition_s.c.o[0m
[55.535s] [ 93%] [32m[1mLinking C shared library rosidl_generator_py/lifecycle_msgs/liblifecycle_msgs__python.so[0m
[55.607s] [ 93%] Built target lifecycle_msgs__python
[55.623s] [35m[1mScanning dependencies of target lifecycle_msgs__rosidl_typesupport_c__pyext[0m
[55.663s] [ 94%] [32mBuilding C object CMakeFiles/lifecycle_msgs__rosidl_typesupport_c__pyext.dir/rosidl_generator_py/lifecycle_msgs/_lifecycle_msgs_s.ep.rosidl_typesupport_c.c.o[0m
[55.912s] [ 95%] [32m[1mLinking C shared library rosidl_generator_py/lifecycle_msgs/lifecycle_msgs_s__rosidl_typesupport_c.cpython-36m-x86_64-linux-gnu.so[0m
[55.969s] [ 95%] Built target lifecycle_msgs__rosidl_typesupport_c__pyext
[55.990s] [35m[1mScanning dependencies of target lifecycle_msgs__rosidl_typesupport_introspection_c__pyext[0m
[56.033s] [ 96%] [32mBuilding C object CMakeFiles/lifecycle_msgs__rosidl_typesupport_introspection_c__pyext.dir/rosidl_generator_py/lifecycle_msgs/_lifecycle_msgs_s.ep.rosidl_typesupport_introspection_c.c.o[0m
[56.286s] [ 97%] [32m[1mLinking C shared library rosidl_generator_py/lifecycle_msgs/lifecycle_msgs_s__rosidl_typesupport_introspection_c.cpython-36m-x86_64-linux-gnu.so[0m
[56.350s] [ 97%] Built target lifecycle_msgs__rosidl_typesupport_introspection_c__pyext
[56.374s] [35m[1mScanning dependencies of target lifecycle_msgs__rosidl_typesupport_fastrtps_c__pyext[0m
[56.418s] [ 98%] [32mBuilding C object CMakeFiles/lifecycle_msgs__rosidl_typesupport_fastrtps_c__pyext.dir/rosidl_generator_py/lifecycle_msgs/_lifecycle_msgs_s.ep.rosidl_typesupport_fastrtps_c.c.o[0m
[56.685s] [100%] [32m[1mLinking CXX shared library rosidl_generator_py/lifecycle_msgs/lifecycle_msgs_s__rosidl_typesupport_fastrtps_c.cpython-36m-x86_64-linux-gnu.so[0m
[56.788s] [100%] Built target lifecycle_msgs__rosidl_typesupport_fastrtps_c__pyext
[57.157s] [  1%] Built target lifecycle_msgs__cpp
[57.194s] [ 12%] Built target lifecycle_msgs__rosidl_generator_c
[57.242s] [ 24%] Built target lifecycle_msgs__rosidl_typesupport_introspection_cpp
[57.288s] [ 35%] Built target lifecycle_msgs__rosidl_typesupport_introspection_c
[57.338s] [ 47%] Built target lifecycle_msgs__rosidl_typesupport_c
[57.383s] [ 58%] Built target lifecycle_msgs__rosidl_typesupport_cpp
[57.440s] [ 70%] Built target lifecycle_msgs__rosidl_typesupport_fastrtps_cpp
[57.498s] [ 81%] Built target lifecycle_msgs__rosidl_typesupport_fastrtps_c
[57.541s] [ 81%] Built target lifecycle_msgs
[57.583s] [ 82%] Built target lifecycle_msgs__py
[57.631s] [ 93%] Built target lifecycle_msgs__python
[57.670s] [ 95%] Built target lifecycle_msgs__rosidl_typesupport_c__pyext
[57.719s] [ 97%] Built target lifecycle_msgs__rosidl_typesupport_introspection_c__pyext
[57.774s] [100%] Built target lifecycle_msgs__rosidl_typesupport_fastrtps_c__pyext
[57.815s] [36mInstall the project...[0m
[57.834s] -- Install configuration: ""
[57.834s] -- Installing: /opt/workspace/install/lifecycle_msgs/share/ament_index/resource_index/rosidl_interfaces/lifecycle_msgs
[57.835s] -- Installing: /opt/workspace/install/lifecycle_msgs/lib/liblifecycle_msgs__rosidl_typesupport_c.so
[57.835s] -- Set runtime path of "/opt/workspace/install/lifecycle_msgs/lib/liblifecycle_msgs__rosidl_typesupport_c.so" to ""
[57.835s] -- Installing: /opt/workspace/install/lifecycle_msgs/share/lifecycle_msgs/environment/library_path.sh
[57.836s] -- Installing: /opt/workspace/install/lifecycle_msgs/share/lifecycle_msgs/environment/library_path.dsv
[57.836s] -- Installing: /opt/workspace/install/lifecycle_msgs/lib/liblifecycle_msgs__rosidl_typesupport_cpp.so
[57.836s] -- Set runtime path of "/opt/workspace/install/lifecycle_msgs/lib/liblifecycle_msgs__rosidl_typesupport_cpp.so" to ""
[57.837s] -- Installing: /opt/workspace/install/lifecycle_msgs/include/lifecycle_msgs
[57.837s] -- Installing: /opt/workspace/install/lifecycle_msgs/include/lifecycle_msgs/msg
[57.837s] -- Installing: /opt/workspace/install/lifecycle_msgs/include/lifecycle_msgs/msg/transition_event__rosidl_typesupport_fastrtps_c.h
[57.838s] -- Installing: /opt/workspace/install/lifecycle_msgs/include/lifecycle_msgs/msg/transition_description__rosidl_typesupport_fastrtps_c.h
[57.838s] -- Installing: /opt/workspace/install/lifecycle_msgs/include/lifecycle_msgs/msg/transition__rosidl_typesupport_fastrtps_c.h
[57.838s] -- Installing: /opt/workspace/install/lifecycle_msgs/include/lifecycle_msgs/msg/rosidl_typesupport_fastrtps_c__visibility_control.h
[57.838s] -- Installing: /opt/workspace/install/lifecycle_msgs/include/lifecycle_msgs/msg/state__rosidl_typesupport_fastrtps_c.h
[57.839s] -- Installing: /opt/workspace/install/lifecycle_msgs/include/lifecycle_msgs/srv
[57.839s] -- Installing: /opt/workspace/install/lifecycle_msgs/include/lifecycle_msgs/srv/get_available_states__rosidl_typesupport_fastrtps_c.h
[57.839s] -- Installing: /opt/workspace/install/lifecycle_msgs/include/lifecycle_msgs/srv/get_available_transitions__rosidl_typesupport_fastrtps_c.h
[57.839s] -- Installing: /opt/workspace/install/lifecycle_msgs/include/lifecycle_msgs/srv/change_state__rosidl_typesupport_fastrtps_c.h
[57.840s] -- Installing: /opt/workspace/install/lifecycle_msgs/include/lifecycle_msgs/srv/get_state__rosidl_typesupport_fastrtps_c.h
[57.840s] -- Installing: /opt/workspace/install/lifecycle_msgs/lib/liblifecycle_msgs__rosidl_typesupport_fastrtps_c.so
[57.840s] -- Set runtime path of "/opt/workspace/install/lifecycle_msgs/lib/liblifecycle_msgs__rosidl_typesupport_fastrtps_c.so" to ""
[57.840s] -- Up-to-date: /opt/workspace/install/lifecycle_msgs/include/lifecycle_msgs
[57.840s] -- Up-to-date: /opt/workspace/install/lifecycle_msgs/include/lifecycle_msgs/msg
[57.840s] -- Installing: /opt/workspace/install/lifecycle_msgs/include/lifecycle_msgs/msg/state__functions.h
[57.841s] -- Installing: /opt/workspace/install/lifecycle_msgs/include/lifecycle_msgs/msg/transition__type_support.h
[57.841s] -- Installing: /opt/workspace/install/lifecycle_msgs/include/lifecycle_msgs/msg/state__type_support.h
[57.841s] -- Installing: /opt/workspace/install/lifecycle_msgs/include/lifecycle_msgs/msg/transition_event__type_support.h
[57.841s] -- Installing: /opt/workspace/install/lifecycle_msgs/include/lifecycle_msgs/msg/transition_description__struct.h
[57.842s] -- Installing: /opt/workspace/install/lifecycle_msgs/include/lifecycle_msgs/msg/state__functions.c
[57.842s] -- Installing: /opt/workspace/install/lifecycle_msgs/include/lifecycle_msgs/msg/transition__struct.h
[57.842s] -- Installing: /opt/workspace/install/lifecycle_msgs/include/lifecycle_msgs/msg/transition_description__type_support.h
[57.842s] -- Installing: /opt/workspace/install/lifecycle_msgs/include/lifecycle_msgs/msg/transition_description__functions.h
[57.843s] -- Installing: /opt/workspace/install/lifecycle_msgs/include/lifecycle_msgs/msg/state__struct.h
[57.843s] -- Installing: /opt/workspace/install/lifecycle_msgs/include/lifecycle_msgs/msg/transition_event__functions.h
[57.843s] -- Installing: /opt/workspace/install/lifecycle_msgs/include/lifecycle_msgs/msg/state.h
[57.843s] -- Installing: /opt/workspace/install/lifecycle_msgs/include/lifecycle_msgs/msg/transition__functions.h
[57.843s] -- Installing: /opt/workspace/install/lifecycle_msgs/include/lifecycle_msgs/msg/transition_event__functions.c
[57.844s] -- Installing: /opt/workspace/install/lifecycle_msgs/include/lifecycle_msgs/msg/transition_event.h
[57.844s] -- Installing: /opt/workspace/install/lifecycle_msgs/include/lifecycle_msgs/msg/transition_description__functions.c
[57.845s] -- Installing: /opt/workspace/install/lifecycle_msgs/include/lifecycle_msgs/msg/transition_description.h
[57.845s] -- Installing: /opt/workspace/install/lifecycle_msgs/include/lifecycle_msgs/msg/transition__functions.c
[57.845s] -- Installing: /opt/workspace/install/lifecycle_msgs/include/lifecycle_msgs/msg/transition_event__struct.h
[57.845s] -- Installing: /opt/workspace/install/lifecycle_msgs/include/lifecycle_msgs/msg/transition.h
[57.845s] -- Installing: /opt/workspace/install/lifecycle_msgs/include/lifecycle_msgs/msg/rosidl_generator_c__visibility_control.h
[57.846s] -- Up-to-date: /opt/workspace/install/lifecycle_msgs/include/lifecycle_msgs/srv
[57.846s] -- Installing: /opt/workspace/install/lifecycle_msgs/include/lifecycle_msgs/srv/get_available_transitions__functions.h
[57.846s] -- Installing: /opt/workspace/install/lifecycle_msgs/include/lifecycle_msgs/srv/get_available_states.h
[57.847s] -- Installing: /opt/workspace/install/lifecycle_msgs/include/lifecycle_msgs/srv/change_state__functions.c
[57.847s] -- Installing: /opt/workspace/install/lifecycle_msgs/include/lifecycle_msgs/srv/get_state__functions.h
[57.847s] -- Installing: /opt/workspace/install/lifecycle_msgs/include/lifecycle_msgs/srv/get_available_transitions__functions.c
[57.847s] -- Installing: /opt/workspace/install/lifecycle_msgs/include/lifecycle_msgs/srv/get_state__struct.h
[57.847s] -- Installing: /opt/workspace/install/lifecycle_msgs/include/lifecycle_msgs/srv/get_state__functions.c
[57.848s] -- Installing: /opt/workspace/install/lifecycle_msgs/include/lifecycle_msgs/srv/get_available_transitions__struct.h
[57.848s] -- Installing: /opt/workspace/install/lifecycle_msgs/include/lifecycle_msgs/srv/get_available_states__functions.c
[57.848s] -- Installing: /opt/workspace/install/lifecycle_msgs/include/lifecycle_msgs/srv/change_state.h
[57.848s] -- Installing: /opt/workspace/install/lifecycle_msgs/include/lifecycle_msgs/srv/get_available_transitions__type_support.h
[57.848s] -- Installing: /opt/workspace/install/lifecycle_msgs/include/lifecycle_msgs/srv/get_available_states__struct.h
[57.849s] -- Installing: /opt/workspace/install/lifecycle_msgs/include/lifecycle_msgs/srv/get_state.h
[57.849s] -- Installing: /opt/workspace/install/lifecycle_msgs/include/lifecycle_msgs/srv/change_state__type_support.h
[57.849s] -- Installing: /opt/workspace/install/lifecycle_msgs/include/lifecycle_msgs/srv/get_available_states__type_support.h
[57.850s] -- Installing: /opt/workspace/install/lifecycle_msgs/include/lifecycle_msgs/srv/get_available_transitions.h
[57.850s] -- Installing: /opt/workspace/install/lifecycle_msgs/include/lifecycle_msgs/srv/change_state__struct.h
[57.850s] -- Installing: /opt/workspace/install/lifecycle_msgs/include/lifecycle_msgs/srv/get_available_states__functions.h
[57.850s] -- Installing: /opt/workspace/install/lifecycle_msgs/include/lifecycle_msgs/srv/get_state__type_support.h
[57.851s] -- Installing: /opt/workspace/install/lifecycle_msgs/include/lifecycle_msgs/srv/change_state__functions.h
[57.851s] -- Installing: /opt/workspace/install/lifecycle_msgs/lib/liblifecycle_msgs__rosidl_generator_c.so
[57.851s] -- Set runtime path of "/opt/workspace/install/lifecycle_msgs/lib/liblifecycle_msgs__rosidl_generator_c.so" to ""
[57.852s] -- Up-to-date: /opt/workspace/install/lifecycle_msgs/include/lifecycle_msgs
[57.852s] -- Up-to-date: /opt/workspace/install/lifecycle_msgs/include/lifecycle_msgs/msg
[57.852s] -- Installing: /opt/workspace/install/lifecycle_msgs/include/lifecycle_msgs/msg/state__rosidl_typesupport_fastrtps_cpp.hpp
[57.852s] -- Installing: /opt/workspace/install/lifecycle_msgs/include/lifecycle_msgs/msg/transition__rosidl_typesupport_fastrtps_cpp.hpp
[57.853s] -- Installing: /opt/workspace/install/lifecycle_msgs/include/lifecycle_msgs/msg/transition_description__rosidl_typesupport_fastrtps_cpp.hpp
[57.853s] -- Installing: /opt/workspace/install/lifecycle_msgs/include/lifecycle_msgs/msg/rosidl_typesupport_fastrtps_cpp__visibility_control.h
[57.853s] -- Installing: /opt/workspace/install/lifecycle_msgs/include/lifecycle_msgs/msg/transition_event__rosidl_typesupport_fastrtps_cpp.hpp
[57.853s] -- Installing: /opt/workspace/install/lifecycle_msgs/include/lifecycle_msgs/msg/dds_fastrtps
[57.854s] -- Up-to-date: /opt/workspace/install/lifecycle_msgs/include/lifecycle_msgs/srv
[57.854s] -- Installing: /opt/workspace/install/lifecycle_msgs/include/lifecycle_msgs/srv/get_available_states__rosidl_typesupport_fastrtps_cpp.hpp
[57.854s] -- Installing: /opt/workspace/install/lifecycle_msgs/include/lifecycle_msgs/srv/get_available_transitions__rosidl_typesupport_fastrtps_cpp.hpp
[57.854s] -- Installing: /opt/workspace/install/lifecycle_msgs/include/lifecycle_msgs/srv/change_state__rosidl_typesupport_fastrtps_cpp.hpp
[57.854s] -- Installing: /opt/workspace/install/lifecycle_msgs/include/lifecycle_msgs/srv/get_state__rosidl_typesupport_fastrtps_cpp.hpp
[57.855s] -- Installing: /opt/workspace/install/lifecycle_msgs/include/lifecycle_msgs/srv/dds_fastrtps
[57.855s] -- Installing: /opt/workspace/install/lifecycle_msgs/lib/liblifecycle_msgs__rosidl_typesupport_fastrtps_cpp.so
[57.856s] -- Set runtime path of "/opt/workspace/install/lifecycle_msgs/lib/liblifecycle_msgs__rosidl_typesupport_fastrtps_cpp.so" to ""
[57.857s] -- Up-to-date: /opt/workspace/install/lifecycle_msgs/include/lifecycle_msgs
[57.857s] -- Up-to-date: /opt/workspace/install/lifecycle_msgs/include/lifecycle_msgs/msg
[57.857s] -- Installing: /opt/workspace/install/lifecycle_msgs/include/lifecycle_msgs/msg/state__struct.hpp
[57.857s] -- Installing: /opt/workspace/install/lifecycle_msgs/include/lifecycle_msgs/msg/transition.hpp
[57.858s] -- Installing: /opt/workspace/install/lifecycle_msgs/include/lifecycle_msgs/msg/transition_description__traits.hpp
[57.858s] -- Installing: /opt/workspace/install/lifecycle_msgs/include/lifecycle_msgs/msg/transition__traits.hpp
[57.858s] -- Installing: /opt/workspace/install/lifecycle_msgs/include/lifecycle_msgs/msg/transition_event__traits.hpp
[57.858s] -- Installing: /opt/workspace/install/lifecycle_msgs/include/lifecycle_msgs/msg/transition_description.hpp
[57.858s] -- Installing: /opt/workspace/install/lifecycle_msgs/include/lifecycle_msgs/msg/state.hpp
[57.859s] -- Installing: /opt/workspace/install/lifecycle_msgs/include/lifecycle_msgs/msg/transition_event__struct.hpp
[57.859s] -- Installing: /opt/workspace/install/lifecycle_msgs/include/lifecycle_msgs/msg/transition__struct.hpp
[57.859s] -- Installing: /opt/workspace/install/lifecycle_msgs/include/lifecycle_msgs/msg/transition_event.hpp
[57.859s] -- Installing: /opt/workspace/install/lifecycle_msgs/include/lifecycle_msgs/msg/transition_description__struct.hpp
[57.859s] -- Installing: /opt/workspace/install/lifecycle_msgs/include/lifecycle_msgs/msg/state__traits.hpp
[57.860s] -- Up-to-date: /opt/workspace/install/lifecycle_msgs/include/lifecycle_msgs/srv
[57.860s] -- Installing: /opt/workspace/install/lifecycle_msgs/include/lifecycle_msgs/srv/get_available_transitions.hpp
[57.860s] -- Installing: /opt/workspace/install/lifecycle_msgs/include/lifecycle_msgs/srv/get_available_states.hpp
[57.860s] -- Installing: /opt/workspace/install/lifecycle_msgs/include/lifecycle_msgs/srv/change_state__struct.hpp
[57.860s] -- Installing: /opt/workspace/install/lifecycle_msgs/include/lifecycle_msgs/srv/get_state__struct.hpp
[57.860s] -- Installing: /opt/workspace/install/lifecycle_msgs/include/lifecycle_msgs/srv/change_state.hpp
[57.861s] -- Installing: /opt/workspace/install/lifecycle_msgs/include/lifecycle_msgs/srv/get_state.hpp
[57.861s] -- Installing: /opt/workspace/install/lifecycle_msgs/include/lifecycle_msgs/srv/get_available_transitions__traits.hpp
[57.861s] -- Installing: /opt/workspace/install/lifecycle_msgs/include/lifecycle_msgs/srv/get_available_states__struct.hpp
[57.861s] -- Installing: /opt/workspace/install/lifecycle_msgs/include/lifecycle_msgs/srv/get_available_transitions__struct.hpp
[57.861s] -- Installing: /opt/workspace/install/lifecycle_msgs/include/lifecycle_msgs/srv/change_state__traits.hpp
[57.862s] -- Installing: /opt/workspace/install/lifecycle_msgs/include/lifecycle_msgs/srv/get_state__traits.hpp
[57.862s] -- Installing: /opt/workspace/install/lifecycle_msgs/include/lifecycle_msgs/srv/get_available_states__traits.hpp
[57.862s] -- Up-to-date: /opt/workspace/install/lifecycle_msgs/include/lifecycle_msgs
[57.862s] -- Up-to-date: /opt/workspace/install/lifecycle_msgs/include/lifecycle_msgs/msg
[57.862s] -- Installing: /opt/workspace/install/lifecycle_msgs/include/lifecycle_msgs/msg/transition__rosidl_typesupport_introspection_c.h
[57.862s] -- Installing: /opt/workspace/install/lifecycle_msgs/include/lifecycle_msgs/msg/rosidl_typesupport_introspection_c__visibility_control.h
[57.863s] -- Installing: /opt/workspace/install/lifecycle_msgs/include/lifecycle_msgs/msg/transition_description__rosidl_typesupport_introspection_c.h
[57.863s] -- Installing: /opt/workspace/install/lifecycle_msgs/include/lifecycle_msgs/msg/transition__type_support.c
[57.863s] -- Installing: /opt/workspace/install/lifecycle_msgs/include/lifecycle_msgs/msg/transition_description__type_support.c
[57.863s] -- Installing: /opt/workspace/install/lifecycle_msgs/include/lifecycle_msgs/msg/state__rosidl_typesupport_introspection_c.h
[57.863s] -- Installing: /opt/workspace/install/lifecycle_msgs/include/lifecycle_msgs/msg/transition_event__rosidl_typesupport_introspection_c.h
[57.863s] -- Installing: /opt/workspace/install/lifecycle_msgs/include/lifecycle_msgs/msg/transition_event__type_support.c
[57.864s] -- Installing: /opt/workspace/install/lifecycle_msgs/include/lifecycle_msgs/msg/state__type_support.c
[57.864s] -- Up-to-date: /opt/workspace/install/lifecycle_msgs/include/lifecycle_msgs/srv
[57.864s] -- Installing: /opt/workspace/install/lifecycle_msgs/include/lifecycle_msgs/srv/change_state__type_support.c
[57.864s] -- Installing: /opt/workspace/install/lifecycle_msgs/include/lifecycle_msgs/srv/get_state__type_support.c
[57.864s] -- Installing: /opt/workspace/install/lifecycle_msgs/include/lifecycle_msgs/srv/get_available_transitions__type_support.c
[57.865s] -- Installing: /opt/workspace/install/lifecycle_msgs/include/lifecycle_msgs/srv/get_available_states__type_support.c
[57.865s] -- Installing: /opt/workspace/install/lifecycle_msgs/include/lifecycle_msgs/srv/get_available_transitions__rosidl_typesupport_introspection_c.h
[57.865s] -- Installing: /opt/workspace/install/lifecycle_msgs/include/lifecycle_msgs/srv/get_available_states__rosidl_typesupport_introspection_c.h
[57.865s] -- Installing: /opt/workspace/install/lifecycle_msgs/include/lifecycle_msgs/srv/get_state__rosidl_typesupport_introspection_c.h
[57.865s] -- Installing: /opt/workspace/install/lifecycle_msgs/include/lifecycle_msgs/srv/change_state__rosidl_typesupport_introspection_c.h
[57.865s] -- Installing: /opt/workspace/install/lifecycle_msgs/lib/liblifecycle_msgs__rosidl_typesupport_introspection_c.so
[57.866s] -- Set runtime path of "/opt/workspace/install/lifecycle_msgs/lib/liblifecycle_msgs__rosidl_typesupport_introspection_c.so" to ""
[57.866s] -- Up-to-date: /opt/workspace/install/lifecycle_msgs/include/lifecycle_msgs
[57.866s] -- Up-to-date: /opt/workspace/install/lifecycle_msgs/include/lifecycle_msgs/msg
[57.866s] -- Installing: /opt/workspace/install/lifecycle_msgs/include/lifecycle_msgs/msg/state__rosidl_typesupport_introspection_cpp.hpp
[57.866s] -- Installing: /opt/workspace/install/lifecycle_msgs/include/lifecycle_msgs/msg/transition__rosidl_typesupport_introspection_cpp.hpp
[57.867s] -- Installing: /opt/workspace/install/lifecycle_msgs/include/lifecycle_msgs/msg/transition_event__rosidl_typesupport_introspection_cpp.hpp
[57.867s] -- Installing: /opt/workspace/install/lifecycle_msgs/include/lifecycle_msgs/msg/transition_description__type_support.cpp
[57.867s] -- Installing: /opt/workspace/install/lifecycle_msgs/include/lifecycle_msgs/msg/transition_event__type_support.cpp
[57.867s] -- Installing: /opt/workspace/install/lifecycle_msgs/include/lifecycle_msgs/msg/transition_description__rosidl_typesupport_introspection_cpp.hpp
[57.867s] -- Installing: /opt/workspace/install/lifecycle_msgs/include/lifecycle_msgs/msg/transition__type_support.cpp
[57.867s] -- Installing: /opt/workspace/install/lifecycle_msgs/include/lifecycle_msgs/msg/state__type_support.cpp
[57.868s] -- Up-to-date: /opt/workspace/install/lifecycle_msgs/include/lifecycle_msgs/srv
[57.868s] -- Installing: /opt/workspace/install/lifecycle_msgs/include/lifecycle_msgs/srv/get_state__type_support.cpp
[57.868s] -- Installing: /opt/workspace/install/lifecycle_msgs/include/lifecycle_msgs/srv/get_available_transitions__type_support.cpp
[57.868s] -- Installing: /opt/workspace/install/lifecycle_msgs/include/lifecycle_msgs/srv/get_state__rosidl_typesupport_introspection_cpp.hpp
[57.868s] -- Installing: /opt/workspace/install/lifecycle_msgs/include/lifecycle_msgs/srv/get_available_transitions__rosidl_typesupport_introspection_cpp.hpp
[57.868s] -- Installing: /opt/workspace/install/lifecycle_msgs/include/lifecycle_msgs/srv/get_available_states__rosidl_typesupport_introspection_cpp.hpp
[57.869s] -- Installing: /opt/workspace/install/lifecycle_msgs/include/lifecycle_msgs/srv/change_state__type_support.cpp
[57.869s] -- Installing: /opt/workspace/install/lifecycle_msgs/include/lifecycle_msgs/srv/get_available_states__type_support.cpp
[57.869s] -- Installing: /opt/workspace/install/lifecycle_msgs/include/lifecycle_msgs/srv/change_state__rosidl_typesupport_introspection_cpp.hpp
[57.869s] -- Installing: /opt/workspace/install/lifecycle_msgs/lib/liblifecycle_msgs__rosidl_typesupport_introspection_cpp.so
[57.869s] -- Set runtime path of "/opt/workspace/install/lifecycle_msgs/lib/liblifecycle_msgs__rosidl_typesupport_introspection_cpp.so" to ""
[57.869s] -- Installing: /opt/workspace/install/lifecycle_msgs/share/lifecycle_msgs/environment/pythonpath.sh
[57.870s] -- Installing: /opt/workspace/install/lifecycle_msgs/share/lifecycle_msgs/environment/pythonpath.dsv
[57.870s] -- Installing: /opt/workspace/install/lifecycle_msgs/lib/python3.6/site-packages/lifecycle_msgs/__init__.py
[57.963s] Compiling '/opt/workspace/install/lifecycle_msgs/lib/python3.6/site-packages/lifecycle_msgs/__init__.py'...
[57.970s] -- Installing: /opt/workspace/install/lifecycle_msgs/lib/python3.6/site-packages/lifecycle_msgs/msg
[57.970s] -- Installing: /opt/workspace/install/lifecycle_msgs/lib/python3.6/site-packages/lifecycle_msgs/msg/_transition.py
[57.970s] -- Installing: /opt/workspace/install/lifecycle_msgs/lib/python3.6/site-packages/lifecycle_msgs/msg/_state.py
[57.970s] -- Installing: /opt/workspace/install/lifecycle_msgs/lib/python3.6/site-packages/lifecycle_msgs/msg/__init__.py
[57.971s] -- Installing: /opt/workspace/install/lifecycle_msgs/lib/python3.6/site-packages/lifecycle_msgs/msg/_transition_description_s.c
[57.971s] -- Installing: /opt/workspace/install/lifecycle_msgs/lib/python3.6/site-packages/lifecycle_msgs/msg/_transition_event_s.c
[57.971s] -- Installing: /opt/workspace/install/lifecycle_msgs/lib/python3.6/site-packages/lifecycle_msgs/msg/_transition_s.c
[57.971s] -- Installing: /opt/workspace/install/lifecycle_msgs/lib/python3.6/site-packages/lifecycle_msgs/msg/_state_s.c
[57.972s] -- Installing: /opt/workspace/install/lifecycle_msgs/lib/python3.6/site-packages/lifecycle_msgs/msg/_transition_event.py
[57.972s] -- Installing: /opt/workspace/install/lifecycle_msgs/lib/python3.6/site-packages/lifecycle_msgs/msg/_transition_description.py
[57.972s] -- Installing: /opt/workspace/install/lifecycle_msgs/lib/python3.6/site-packages/lifecycle_msgs/srv
[57.972s] -- Installing: /opt/workspace/install/lifecycle_msgs/lib/python3.6/site-packages/lifecycle_msgs/srv/_get_available_transitions_s.c
[57.973s] -- Installing: /opt/workspace/install/lifecycle_msgs/lib/python3.6/site-packages/lifecycle_msgs/srv/__init__.py
[57.973s] -- Installing: /opt/workspace/install/lifecycle_msgs/lib/python3.6/site-packages/lifecycle_msgs/srv/_get_available_states.py
[57.973s] -- Installing: /opt/workspace/install/lifecycle_msgs/lib/python3.6/site-packages/lifecycle_msgs/srv/_change_state_s.c
[57.973s] -- Installing: /opt/workspace/install/lifecycle_msgs/lib/python3.6/site-packages/lifecycle_msgs/srv/_get_state_s.c
[57.973s] -- Installing: /opt/workspace/install/lifecycle_msgs/lib/python3.6/site-packages/lifecycle_msgs/srv/_get_available_states_s.c
[57.973s] -- Installing: /opt/workspace/install/lifecycle_msgs/lib/python3.6/site-packages/lifecycle_msgs/srv/_get_state.py
[57.974s] -- Installing: /opt/workspace/install/lifecycle_msgs/lib/python3.6/site-packages/lifecycle_msgs/srv/_get_available_transitions.py
[57.974s] -- Installing: /opt/workspace/install/lifecycle_msgs/lib/python3.6/site-packages/lifecycle_msgs/srv/_change_state.py
[57.974s] -- Installing: /opt/workspace/install/lifecycle_msgs/lib/python3.6/site-packages/lifecycle_msgs/lifecycle_msgs_s__rosidl_typesupport_c.cpython-36m-x86_64-linux-gnu.so
[57.974s] -- Set runtime path of "/opt/workspace/install/lifecycle_msgs/lib/python3.6/site-packages/lifecycle_msgs/lifecycle_msgs_s__rosidl_typesupport_c.cpython-36m-x86_64-linux-gnu.so" to ""
[57.974s] -- Installing: /opt/workspace/install/lifecycle_msgs/lib/python3.6/site-packages/lifecycle_msgs/lifecycle_msgs_s__rosidl_typesupport_introspection_c.cpython-36m-x86_64-linux-gnu.so
[57.975s] -- Set runtime path of "/opt/workspace/install/lifecycle_msgs/lib/python3.6/site-packages/lifecycle_msgs/lifecycle_msgs_s__rosidl_typesupport_introspection_c.cpython-36m-x86_64-linux-gnu.so" to ""
[57.975s] -- Installing: /opt/workspace/install/lifecycle_msgs/lib/python3.6/site-packages/lifecycle_msgs/lifecycle_msgs_s__rosidl_typesupport_fastrtps_c.cpython-36m-x86_64-linux-gnu.so
[57.976s] -- Set runtime path of "/opt/workspace/install/lifecycle_msgs/lib/python3.6/site-packages/lifecycle_msgs/lifecycle_msgs_s__rosidl_typesupport_fastrtps_c.cpython-36m-x86_64-linux-gnu.so" to ""
[57.977s] -- Installing: /opt/workspace/install/lifecycle_msgs/lib/liblifecycle_msgs__python.so
[57.977s] -- Set runtime path of "/opt/workspace/install/lifecycle_msgs/lib/liblifecycle_msgs__python.so" to ""
[57.977s] -- Installing: /opt/workspace/install/lifecycle_msgs/share/lifecycle_msgs/msg/State.idl
[57.978s] -- Installing: /opt/workspace/install/lifecycle_msgs/share/lifecycle_msgs/msg/Transition.idl
[57.978s] -- Installing: /opt/workspace/install/lifecycle_msgs/share/lifecycle_msgs/msg/TransitionDescription.idl
[57.978s] -- Installing: /opt/workspace/install/lifecycle_msgs/share/lifecycle_msgs/msg/TransitionEvent.idl
[57.978s] -- Installing: /opt/workspace/install/lifecycle_msgs/share/lifecycle_msgs/srv/ChangeState.idl
[57.978s] -- Installing: /opt/workspace/install/lifecycle_msgs/share/lifecycle_msgs/srv/GetAvailableStates.idl
[57.979s] -- Installing: /opt/workspace/install/lifecycle_msgs/share/lifecycle_msgs/srv/GetAvailableTransitions.idl
[57.979s] -- Installing: /opt/workspace/install/lifecycle_msgs/share/lifecycle_msgs/srv/GetState.idl
[57.979s] -- Installing: /opt/workspace/install/lifecycle_msgs/share/lifecycle_msgs/msg/State.msg
[57.979s] -- Installing: /opt/workspace/install/lifecycle_msgs/share/lifecycle_msgs/msg/Transition.msg
[57.980s] -- Installing: /opt/workspace/install/lifecycle_msgs/share/lifecycle_msgs/msg/TransitionDescription.msg
[57.980s] -- Installing: /opt/workspace/install/lifecycle_msgs/share/lifecycle_msgs/msg/TransitionEvent.msg
[57.980s] -- Installing: /opt/workspace/install/lifecycle_msgs/share/lifecycle_msgs/srv/ChangeState.srv
[57.980s] -- Installing: /opt/workspace/install/lifecycle_msgs/share/lifecycle_msgs/srv/ChangeState_Request.msg
[57.981s] -- Installing: /opt/workspace/install/lifecycle_msgs/share/lifecycle_msgs/srv/ChangeState_Response.msg
[57.981s] -- Installing: /opt/workspace/install/lifecycle_msgs/share/lifecycle_msgs/srv/GetAvailableStates.srv
[57.981s] -- Installing: /opt/workspace/install/lifecycle_msgs/share/lifecycle_msgs/srv/GetAvailableStates_Request.msg
[57.981s] -- Installing: /opt/workspace/install/lifecycle_msgs/share/lifecycle_msgs/srv/GetAvailableStates_Response.msg
[57.981s] -- Installing: /opt/workspace/install/lifecycle_msgs/share/lifecycle_msgs/srv/GetAvailableTransitions.srv
[57.982s] -- Installing: /opt/workspace/install/lifecycle_msgs/share/lifecycle_msgs/srv/GetAvailableTransitions_Request.msg
[57.982s] -- Installing: /opt/workspace/install/lifecycle_msgs/share/lifecycle_msgs/srv/GetAvailableTransitions_Response.msg
[57.982s] -- Installing: /opt/workspace/install/lifecycle_msgs/share/lifecycle_msgs/srv/GetState.srv
[57.982s] -- Installing: /opt/workspace/install/lifecycle_msgs/share/lifecycle_msgs/srv/GetState_Request.msg
[57.983s] -- Installing: /opt/workspace/install/lifecycle_msgs/share/lifecycle_msgs/srv/GetState_Response.msg
[57.983s] -- Installing: /opt/workspace/install/lifecycle_msgs/share/ament_index/resource_index/package_run_dependencies/lifecycle_msgs
[57.983s] -- Installing: /opt/workspace/install/lifecycle_msgs/share/ament_index/resource_index/parent_prefix_path/lifecycle_msgs
[57.983s] -- Installing: /opt/workspace/install/lifecycle_msgs/share/lifecycle_msgs/environment/ament_prefix_path.sh
[57.983s] -- Installing: /opt/workspace/install/lifecycle_msgs/share/lifecycle_msgs/environment/ament_prefix_path.dsv
[57.984s] -- Installing: /opt/workspace/install/lifecycle_msgs/share/lifecycle_msgs/environment/path.sh
[57.984s] -- Installing: /opt/workspace/install/lifecycle_msgs/share/lifecycle_msgs/environment/path.dsv
[57.984s] -- Installing: /opt/workspace/install/lifecycle_msgs/share/lifecycle_msgs/local_setup.bash
[57.984s] -- Installing: /opt/workspace/install/lifecycle_msgs/share/lifecycle_msgs/local_setup.sh
[57.984s] -- Installing: /opt/workspace/install/lifecycle_msgs/share/lifecycle_msgs/local_setup.zsh
[57.985s] -- Installing: /opt/workspace/install/lifecycle_msgs/share/lifecycle_msgs/local_setup.dsv
[57.985s] -- Installing: /opt/workspace/install/lifecycle_msgs/share/lifecycle_msgs/package.dsv
[57.985s] -- Installing: /opt/workspace/install/lifecycle_msgs/share/ament_index/resource_index/packages/lifecycle_msgs
[57.985s] -- Installing: /opt/workspace/install/lifecycle_msgs/share/lifecycle_msgs/cmake/rosidl_cmake-extras.cmake
[57.985s] -- Installing: /opt/workspace/install/lifecycle_msgs/share/lifecycle_msgs/cmake/ament_cmake_export_libraries-extras.cmake
[57.986s] -- Installing: /opt/workspace/install/lifecycle_msgs/share/lifecycle_msgs/cmake/ament_cmake_export_include_directories-extras.cmake
[57.986s] -- Installing: /opt/workspace/install/lifecycle_msgs/share/lifecycle_msgs/cmake/ament_cmake_export_dependencies-extras.cmake
[57.986s] -- Installing: /opt/workspace/install/lifecycle_msgs/share/lifecycle_msgs/cmake/lifecycle_msgsConfig.cmake
[57.986s] -- Installing: /opt/workspace/install/lifecycle_msgs/share/lifecycle_msgs/cmake/lifecycle_msgsConfig-version.cmake
[57.986s] -- Installing: /opt/workspace/install/lifecycle_msgs/share/lifecycle_msgs/package.xml
