Determining if the pthread_create exist failed with the following output:
Change Dir: /opt/workspace/build/quality_of_service_demo_cpp/CMakeFiles/CMakeTmp

Run Build Command:"/usr/bin/make" "cmTC_3b7f0/fast"
/usr/bin/make -f CMakeFiles/cmTC_3b7f0.dir/build.make CMakeFiles/cmTC_3b7f0.dir/build
make[1]: Entering directory '/opt/workspace/build/quality_of_service_demo_cpp/CMakeFiles/CMakeTmp'
Building C object CMakeFiles/cmTC_3b7f0.dir/CheckSymbolExists.c.o
/usr/bin/cc    -o CMakeFiles/cmTC_3b7f0.dir/CheckSymbolExists.c.o   -c /opt/workspace/build/quality_of_service_demo_cpp/CMakeFiles/CMakeTmp/CheckSymbolExists.c
Linking C executable cmTC_3b7f0
/usr/bin/cmake -E cmake_link_script CMakeFiles/cmTC_3b7f0.dir/link.txt --verbose=1
/usr/bin/cc      CMakeFiles/cmTC_3b7f0.dir/CheckSymbolExists.c.o  -o cmTC_3b7f0 
CMakeFiles/cmTC_3b7f0.dir/CheckSymbolExists.c.o: In function `main':
CheckSymbolExists.c:(.text+0x1b): undefined reference to `pthread_create'
collect2: error: ld returned 1 exit status
CMakeFiles/cmTC_3b7f0.dir/build.make:97: recipe for target 'cmTC_3b7f0' failed
make[1]: *** [cmTC_3b7f0] Error 1
make[1]: Leaving directory '/opt/workspace/build/quality_of_service_demo_cpp/CMakeFiles/CMakeTmp'
Makefile:126: recipe for target 'cmTC_3b7f0/fast' failed
make: *** [cmTC_3b7f0/fast] Error 2

File /opt/workspace/build/quality_of_service_demo_cpp/CMakeFiles/CMakeTmp/CheckSymbolExists.c:
/* */
#include <pthread.h>

int main(int argc, char** argv)
{
  (void)argv;
#ifndef pthread_create
  return ((int*)(&pthread_create))[argc];
#else
  (void)argc;
  return 0;
#endif
}

Determining if the function pthread_create exists in the pthreads failed with the following output:
Change Dir: /opt/workspace/build/quality_of_service_demo_cpp/CMakeFiles/CMakeTmp

Run Build Command:"/usr/bin/make" "cmTC_37354/fast"
/usr/bin/make -f CMakeFiles/cmTC_37354.dir/build.make CMakeFiles/cmTC_37354.dir/build
make[1]: Entering directory '/opt/workspace/build/quality_of_service_demo_cpp/CMakeFiles/CMakeTmp'
Building C object CMakeFiles/cmTC_37354.dir/CheckFunctionExists.c.o
/usr/bin/cc   -DCHECK_FUNCTION_EXISTS=pthread_create   -o CMakeFiles/cmTC_37354.dir/CheckFunctionExists.c.o   -c /usr/share/cmake-3.10/Modules/CheckFunctionExists.c
Linking C executable cmTC_37354
/usr/bin/cmake -E cmake_link_script CMakeFiles/cmTC_37354.dir/link.txt --verbose=1
/usr/bin/cc  -DCHECK_FUNCTION_EXISTS=pthread_create    CMakeFiles/cmTC_37354.dir/CheckFunctionExists.c.o  -o cmTC_37354 -lpthreads 
/usr/bin/ld: cannot find -lpthreads
collect2: error: ld returned 1 exit status
CMakeFiles/cmTC_37354.dir/build.make:97: recipe for target 'cmTC_37354' failed
make[1]: *** [cmTC_37354] Error 1
make[1]: Leaving directory '/opt/workspace/build/quality_of_service_demo_cpp/CMakeFiles/CMakeTmp'
Makefile:126: recipe for target 'cmTC_37354/fast' failed
make: *** [cmTC_37354/fast] Error 2


