Determining if the pthread_create exist failed with the following output:
Change Dir: /opt/workspace/build/logging_demo/CMakeFiles/CMakeTmp

Run Build Command:"/usr/bin/make" "cmTC_4874d/fast"
/usr/bin/make -f CMakeFiles/cmTC_4874d.dir/build.make CMakeFiles/cmTC_4874d.dir/build
make[1]: Entering directory '/opt/workspace/build/logging_demo/CMakeFiles/CMakeTmp'
Building C object CMakeFiles/cmTC_4874d.dir/CheckSymbolExists.c.o
/usr/bin/cc    -o CMakeFiles/cmTC_4874d.dir/CheckSymbolExists.c.o   -c /opt/workspace/build/logging_demo/CMakeFiles/CMakeTmp/CheckSymbolExists.c
Linking C executable cmTC_4874d
/usr/bin/cmake -E cmake_link_script CMakeFiles/cmTC_4874d.dir/link.txt --verbose=1
/usr/bin/cc      CMakeFiles/cmTC_4874d.dir/CheckSymbolExists.c.o  -o cmTC_4874d 
CMakeFiles/cmTC_4874d.dir/CheckSymbolExists.c.o: In function `main':
CheckSymbolExists.c:(.text+0x1b): undefined reference to `pthread_create'
collect2: error: ld returned 1 exit status
CMakeFiles/cmTC_4874d.dir/build.make:97: recipe for target 'cmTC_4874d' failed
make[1]: *** [cmTC_4874d] Error 1
make[1]: Leaving directory '/opt/workspace/build/logging_demo/CMakeFiles/CMakeTmp'
Makefile:126: recipe for target 'cmTC_4874d/fast' failed
make: *** [cmTC_4874d/fast] Error 2

File /opt/workspace/build/logging_demo/CMakeFiles/CMakeTmp/CheckSymbolExists.c:
/* */
#include <pthread.h>

int main(int argc, char** argv)
{
  (void)argv;
#ifndef pthread_create
  return ((int*)(&pthread_create))[argc];
#else
  (void)argc;
  return 0;
#endif
}

Determining if the function pthread_create exists in the pthreads failed with the following output:
Change Dir: /opt/workspace/build/logging_demo/CMakeFiles/CMakeTmp

Run Build Command:"/usr/bin/make" "cmTC_e3eb0/fast"
/usr/bin/make -f CMakeFiles/cmTC_e3eb0.dir/build.make CMakeFiles/cmTC_e3eb0.dir/build
make[1]: Entering directory '/opt/workspace/build/logging_demo/CMakeFiles/CMakeTmp'
Building C object CMakeFiles/cmTC_e3eb0.dir/CheckFunctionExists.c.o
/usr/bin/cc   -DCHECK_FUNCTION_EXISTS=pthread_create   -o CMakeFiles/cmTC_e3eb0.dir/CheckFunctionExists.c.o   -c /usr/share/cmake-3.10/Modules/CheckFunctionExists.c
Linking C executable cmTC_e3eb0
/usr/bin/cmake -E cmake_link_script CMakeFiles/cmTC_e3eb0.dir/link.txt --verbose=1
/usr/bin/cc  -DCHECK_FUNCTION_EXISTS=pthread_create    CMakeFiles/cmTC_e3eb0.dir/CheckFunctionExists.c.o  -o cmTC_e3eb0 -lpthreads 
/usr/bin/ld: cannot find -lpthreads
collect2: error: ld returned 1 exit status
CMakeFiles/cmTC_e3eb0.dir/build.make:97: recipe for target 'cmTC_e3eb0' failed
make[1]: *** [cmTC_e3eb0] Error 1
make[1]: Leaving directory '/opt/workspace/build/logging_demo/CMakeFiles/CMakeTmp'
Makefile:126: recipe for target 'cmTC_e3eb0/fast' failed
make: *** [cmTC_e3eb0/fast] Error 2


