Determining if the pthread_create exist failed with the following output:
Change Dir: /opt/workspace/build/tf2/CMakeFiles/CMakeTmp

Run Build Command:"/usr/bin/make" "cmTC_0312e/fast"
/usr/bin/make -f CMakeFiles/cmTC_0312e.dir/build.make CMakeFiles/cmTC_0312e.dir/build
make[1]: Entering directory '/opt/workspace/build/tf2/CMakeFiles/CMakeTmp'
Building C object CMakeFiles/cmTC_0312e.dir/CheckSymbolExists.c.o
/usr/bin/cc    -o CMakeFiles/cmTC_0312e.dir/CheckSymbolExists.c.o   -c /opt/workspace/build/tf2/CMakeFiles/CMakeTmp/CheckSymbolExists.c
Linking C executable cmTC_0312e
/usr/bin/cmake -E cmake_link_script CMakeFiles/cmTC_0312e.dir/link.txt --verbose=1
/usr/bin/cc      CMakeFiles/cmTC_0312e.dir/CheckSymbolExists.c.o  -o cmTC_0312e 
CMakeFiles/cmTC_0312e.dir/CheckSymbolExists.c.o: In function `main':
CheckSymbolExists.c:(.text+0x1b): undefined reference to `pthread_create'
collect2: error: ld returned 1 exit status
CMakeFiles/cmTC_0312e.dir/build.make:97: recipe for target 'cmTC_0312e' failed
make[1]: *** [cmTC_0312e] Error 1
make[1]: Leaving directory '/opt/workspace/build/tf2/CMakeFiles/CMakeTmp'
Makefile:126: recipe for target 'cmTC_0312e/fast' failed
make: *** [cmTC_0312e/fast] Error 2

File /opt/workspace/build/tf2/CMakeFiles/CMakeTmp/CheckSymbolExists.c:
/* */
#include <pthread.h>

int main(int argc, char** argv)
{
  (void)argv;
#ifndef pthread_create
  return ((int*)(&pthread_create))[argc];
#else
  (void)argc;
  return 0;
#endif
}

