Determining if the pthread_create exist failed with the following output:
Change Dir: /opt/workspace/build/lifecycle/CMakeFiles/CMakeTmp

Run Build Command:"/usr/bin/make" "cmTC_2fa30/fast"
/usr/bin/make -f CMakeFiles/cmTC_2fa30.dir/build.make CMakeFiles/cmTC_2fa30.dir/build
make[1]: Entering directory '/opt/workspace/build/lifecycle/CMakeFiles/CMakeTmp'
Building C object CMakeFiles/cmTC_2fa30.dir/CheckSymbolExists.c.o
/usr/bin/cc    -o CMakeFiles/cmTC_2fa30.dir/CheckSymbolExists.c.o   -c /opt/workspace/build/lifecycle/CMakeFiles/CMakeTmp/CheckSymbolExists.c
Linking C executable cmTC_2fa30
/usr/bin/cmake -E cmake_link_script CMakeFiles/cmTC_2fa30.dir/link.txt --verbose=1
/usr/bin/cc      CMakeFiles/cmTC_2fa30.dir/CheckSymbolExists.c.o  -o cmTC_2fa30 
CMakeFiles/cmTC_2fa30.dir/CheckSymbolExists.c.o: In function `main':
CheckSymbolExists.c:(.text+0x1b): undefined reference to `pthread_create'
collect2: error: ld returned 1 exit status
CMakeFiles/cmTC_2fa30.dir/build.make:97: recipe for target 'cmTC_2fa30' failed
make[1]: *** [cmTC_2fa30] Error 1
make[1]: Leaving directory '/opt/workspace/build/lifecycle/CMakeFiles/CMakeTmp'
Makefile:126: recipe for target 'cmTC_2fa30/fast' failed
make: *** [cmTC_2fa30/fast] Error 2

File /opt/workspace/build/lifecycle/CMakeFiles/CMakeTmp/CheckSymbolExists.c:
/* */
#include <pthread.h>

int main(int argc, char** argv)
{
  (void)argv;
#ifndef pthread_create
  return ((int*)(&pthread_create))[argc];
#else
  (void)argc;
  return 0;
#endif
}

Determining if the function pthread_create exists in the pthreads failed with the following output:
Change Dir: /opt/workspace/build/lifecycle/CMakeFiles/CMakeTmp

Run Build Command:"/usr/bin/make" "cmTC_3e01c/fast"
/usr/bin/make -f CMakeFiles/cmTC_3e01c.dir/build.make CMakeFiles/cmTC_3e01c.dir/build
make[1]: Entering directory '/opt/workspace/build/lifecycle/CMakeFiles/CMakeTmp'
Building C object CMakeFiles/cmTC_3e01c.dir/CheckFunctionExists.c.o
/usr/bin/cc   -DCHECK_FUNCTION_EXISTS=pthread_create   -o CMakeFiles/cmTC_3e01c.dir/CheckFunctionExists.c.o   -c /usr/share/cmake-3.10/Modules/CheckFunctionExists.c
Linking C executable cmTC_3e01c
/usr/bin/cmake -E cmake_link_script CMakeFiles/cmTC_3e01c.dir/link.txt --verbose=1
/usr/bin/cc  -DCHECK_FUNCTION_EXISTS=pthread_create    CMakeFiles/cmTC_3e01c.dir/CheckFunctionExists.c.o  -o cmTC_3e01c -lpthreads 
/usr/bin/ld: cannot find -lpthreads
collect2: error: ld returned 1 exit status
CMakeFiles/cmTC_3e01c.dir/build.make:97: recipe for target 'cmTC_3e01c' failed
make[1]: *** [cmTC_3e01c] Error 1
make[1]: Leaving directory '/opt/workspace/build/lifecycle/CMakeFiles/CMakeTmp'
Makefile:126: recipe for target 'cmTC_3e01c/fast' failed
make: *** [cmTC_3e01c/fast] Error 2


