[0.427s] -- The C compiler identification is GNU 7.4.0
[0.550s] -- The CXX compiler identification is GNU 7.4.0
[0.566s] -- Check for working C compiler: /usr/bin/cc
[0.725s] -- Check for working C compiler: /usr/bin/cc -- works
[0.726s] -- Detecting C compiler ABI info
[0.878s] -- Detecting C compiler ABI info - done
[0.893s] -- Detecting C compile features
[1.334s] -- Detecting C compile features - done
[1.340s] -- Check for working CXX compiler: /usr/bin/c++
[1.519s] -- Check for working CXX compiler: /usr/bin/c++ -- works
[1.521s] -- Detecting CXX compiler ABI info
[1.697s] -- Detecting CXX compiler ABI info - done
[1.709s] -- Detecting CXX compile features
[2.581s] -- Detecting CXX compile features - done
[2.595s] -- Found ament_cmake: 0.8.2 (/opt/workspace/install/ament_cmake/share/ament_cmake/cmake)
[2.696s] -- Found PythonInterp: /usr/bin/python3 (found suitable version "3.6.9", minimum required is "3") 
[2.697s] -- Using PYTHON_EXECUTABLE: /usr/bin/python3
[3.554s] -- Configuring done
[3.558s] -- Generating done
[3.561s] -- Build files have been written to: /opt/workspace/build/rqt_top
[3.921s] [36mInstall the project...[0m
[3.942s] -- Install configuration: ""
[3.942s] -- Installing: /opt/workspace/install/rqt_top/share/rqt_top/environment/pythonpath.sh
[3.943s] -- Installing: /opt/workspace/install/rqt_top/share/rqt_top/environment/pythonpath.dsv
[3.943s] -- Installing: /opt/workspace/install/rqt_top/lib/python3.6/site-packages/rqt_top
[3.943s] -- Installing: /opt/workspace/install/rqt_top/lib/python3.6/site-packages/rqt_top/__init__.py
[3.943s] -- Installing: /opt/workspace/install/rqt_top/lib/python3.6/site-packages/rqt_top/top_plugin.py
[3.944s] -- Installing: /opt/workspace/install/rqt_top/lib/python3.6/site-packages/rqt_top/node_info.py
[4.056s] Listing '/opt/workspace/install/rqt_top/lib/python3.6/site-packages/rqt_top'...
[4.057s] Compiling '/opt/workspace/install/rqt_top/lib/python3.6/site-packages/rqt_top/__init__.py'...
[4.057s] Compiling '/opt/workspace/install/rqt_top/lib/python3.6/site-packages/rqt_top/node_info.py'...
[4.057s] Compiling '/opt/workspace/install/rqt_top/lib/python3.6/site-packages/rqt_top/top_plugin.py'...
[4.064s] -- Installing: /opt/workspace/install/rqt_top/share/rqt_top/plugin.xml
[4.065s] -- Installing: /opt/workspace/install/rqt_top/lib/rqt_top/rqt_top
[4.066s] -- Installing: /opt/workspace/install/rqt_top/share/ament_index/resource_index/package_run_dependencies/rqt_top
[4.067s] -- Installing: /opt/workspace/install/rqt_top/share/ament_index/resource_index/parent_prefix_path/rqt_top
[4.067s] -- Installing: /opt/workspace/install/rqt_top/share/rqt_top/environment/ament_prefix_path.sh
[4.067s] -- Installing: /opt/workspace/install/rqt_top/share/rqt_top/environment/ament_prefix_path.dsv
[4.067s] -- Installing: /opt/workspace/install/rqt_top/share/rqt_top/environment/path.sh
[4.068s] -- Installing: /opt/workspace/install/rqt_top/share/rqt_top/environment/path.dsv
[4.068s] -- Installing: /opt/workspace/install/rqt_top/share/rqt_top/local_setup.bash
[4.068s] -- Installing: /opt/workspace/install/rqt_top/share/rqt_top/local_setup.sh
[4.068s] -- Installing: /opt/workspace/install/rqt_top/share/rqt_top/local_setup.zsh
[4.069s] -- Installing: /opt/workspace/install/rqt_top/share/rqt_top/local_setup.dsv
[4.069s] -- Installing: /opt/workspace/install/rqt_top/share/rqt_top/package.dsv
[4.069s] -- Installing: /opt/workspace/install/rqt_top/share/ament_index/resource_index/packages/rqt_top
[4.069s] -- Installing: /opt/workspace/install/rqt_top/share/rqt_top/cmake/rqt_topConfig.cmake
[4.069s] -- Installing: /opt/workspace/install/rqt_top/share/rqt_top/cmake/rqt_topConfig-version.cmake
[4.070s] -- Installing: /opt/workspace/install/rqt_top/share/rqt_top/package.xml
