[0.722s] [36mInstall the project...[0m
[0.742s] -- Install configuration: ""
[0.744s] -- Up-to-date: /opt/workspace/install/cyclonedds_cmake_module/share/ament_index/resource_index/package_run_dependencies/cyclonedds_cmake_module
[0.744s] -- Up-to-date: /opt/workspace/install/cyclonedds_cmake_module/share/ament_index/resource_index/parent_prefix_path/cyclonedds_cmake_module
[0.744s] -- Up-to-date: /opt/workspace/install/cyclonedds_cmake_module/share/cyclonedds_cmake_module/environment/ament_prefix_path.sh
[0.745s] -- Up-to-date: /opt/workspace/install/cyclonedds_cmake_module/share/cyclonedds_cmake_module/environment/ament_prefix_path.dsv
[0.745s] -- Up-to-date: /opt/workspace/install/cyclonedds_cmake_module/share/cyclonedds_cmake_module/environment/path.sh
[0.745s] -- Up-to-date: /opt/workspace/install/cyclonedds_cmake_module/share/cyclonedds_cmake_module/environment/path.dsv
[0.745s] -- Up-to-date: /opt/workspace/install/cyclonedds_cmake_module/share/cyclonedds_cmake_module/local_setup.bash
[0.745s] -- Up-to-date: /opt/workspace/install/cyclonedds_cmake_module/share/cyclonedds_cmake_module/local_setup.sh
[0.746s] -- Up-to-date: /opt/workspace/install/cyclonedds_cmake_module/share/cyclonedds_cmake_module/local_setup.zsh
[0.746s] -- Up-to-date: /opt/workspace/install/cyclonedds_cmake_module/share/cyclonedds_cmake_module/local_setup.dsv
[0.746s] -- Up-to-date: /opt/workspace/install/cyclonedds_cmake_module/share/cyclonedds_cmake_module/package.dsv
[0.746s] -- Up-to-date: /opt/workspace/install/cyclonedds_cmake_module/share/ament_index/resource_index/packages/cyclonedds_cmake_module
[0.746s] -- Up-to-date: /opt/workspace/install/cyclonedds_cmake_module/share/cyclonedds_cmake_module/cmake/cyclonedds_cmake_module-extras.cmake
[0.747s] -- Up-to-date: /opt/workspace/install/cyclonedds_cmake_module/share/cyclonedds_cmake_module/cmake/cyclonedds_cmake_moduleConfig.cmake
[0.747s] -- Up-to-date: /opt/workspace/install/cyclonedds_cmake_module/share/cyclonedds_cmake_module/cmake/cyclonedds_cmake_moduleConfig-version.cmake
[0.747s] -- Up-to-date: /opt/workspace/install/cyclonedds_cmake_module/share/cyclonedds_cmake_module/package.xml
[0.747s] -- Up-to-date: /opt/workspace/install/cyclonedds_cmake_module/share/cyclonedds_cmake_module/cmake
[0.747s] -- Up-to-date: /opt/workspace/install/cyclonedds_cmake_module/share/cyclonedds_cmake_module/cmake/Modules
[0.748s] -- Up-to-date: /opt/workspace/install/cyclonedds_cmake_module/share/cyclonedds_cmake_module/cmake/Modules/FindCycloneDDS.cmake
