[0.398s] /usr/bin/cmake: /opt/workspace/install/libcurl_vendor/opt/libcurl_vendor/lib/libcurl.so.4: no version information available (required by /usr/bin/cmake)
[4.875s] /usr/bin/cmake: /opt/workspace/install/libcurl_vendor/opt/libcurl_vendor/lib/libcurl.so.4: no version information available (required by /usr/bin/cmake)
[4.893s] /usr/bin/cmake: /opt/workspace/install/libcurl_vendor/opt/libcurl_vendor/lib/libcurl.so.4: no version information available (required by /usr/bin/cmake)
[4.911s] /usr/bin/cmake: /opt/workspace/install/libcurl_vendor/opt/libcurl_vendor/lib/libcurl.so.4: no version information available (required by /usr/bin/cmake)
[4.932s] /usr/bin/cmake: /opt/workspace/install/libcurl_vendor/opt/libcurl_vendor/lib/libcurl.so.4: no version information available (required by /usr/bin/cmake)
[4.933s] /usr/bin/cmake: /opt/workspace/install/libcurl_vendor/opt/libcurl_vendor/lib/libcurl.so.4: no version information available (required by /usr/bin/cmake)
[4.952s] /usr/bin/cmake: /opt/workspace/install/libcurl_vendor/opt/libcurl_vendor/lib/libcurl.so.4: no version information available (required by /usr/bin/cmake)
[4.952s] /usr/bin/cmake: /opt/workspace/install/libcurl_vendor/opt/libcurl_vendor/lib/libcurl.so.4: no version information available (required by /usr/bin/cmake)
[4.968s] /usr/bin/cmake: /opt/workspace/install/libcurl_vendor/opt/libcurl_vendor/lib/libcurl.so.4: no version information available (required by /usr/bin/cmake)
[4.968s] /usr/bin/cmake: /opt/workspace/install/libcurl_vendor/opt/libcurl_vendor/lib/libcurl.so.4: no version information available (required by /usr/bin/cmake)
[4.997s] /usr/bin/cmake/usr/bin/cmake: : /opt/workspace/install/libcurl_vendor/opt/libcurl_vendor/lib/libcurl.so.4: no version information available (required by /usr/bin/cmake)
[4.997s] /opt/workspace/install/libcurl_vendor/opt/libcurl_vendor/lib/libcurl.so.4: no version information available (required by /usr/bin/cmake)
[5.017s] /usr/bin/cmake: /opt/workspace/install/libcurl_vendor/opt/libcurl_vendor/lib/libcurl.so.4: no version information available (required by /usr/bin/cmake)
[5.017s] /usr/bin/cmake: /opt/workspace/install/libcurl_vendor/opt/libcurl_vendor/lib/libcurl.so.4: no version information available (required by /usr/bin/cmake)
[5.072s] /usr/bin/cmake: /opt/workspace/install/libcurl_vendor/opt/libcurl_vendor/lib/libcurl.so.4: no version information available (required by /usr/bin/cmake)
[5.076s] /usr/bin/cmake: /opt/workspace/install/libcurl_vendor/opt/libcurl_vendor/lib/libcurl.so.4: no version information available (required by /usr/bin/cmake)
[5.147s] /usr/bin/cmake: /opt/workspace/install/libcurl_vendor/opt/libcurl_vendor/lib/libcurl.so.4: no version information available (required by /usr/bin/cmake)
[5.148s] /usr/bin/cmake: /opt/workspace/install/libcurl_vendor/opt/libcurl_vendor/lib/libcurl.so.4: no version information available (required by /usr/bin/cmake)
[7.906s] /usr/bin/cmake: /opt/workspace/install/libcurl_vendor/opt/libcurl_vendor/lib/libcurl.so.4: no version information available (required by /usr/bin/cmake)
[7.923s] /usr/bin/cmake: /opt/workspace/install/libcurl_vendor/opt/libcurl_vendor/lib/libcurl.so.4: no version information available (required by /usr/bin/cmake)
[8.286s] /usr/bin/cmake: /opt/workspace/install/libcurl_vendor/opt/libcurl_vendor/lib/libcurl.so.4: no version information available (required by /usr/bin/cmake)
[8.288s] /usr/bin/cmake: /opt/workspace/install/libcurl_vendor/opt/libcurl_vendor/lib/libcurl.so.4: no version information available (required by /usr/bin/cmake)
[8.304s] /usr/bin/cmake: /opt/workspace/install/libcurl_vendor/opt/libcurl_vendor/lib/libcurl.so.4: no version information available (required by /usr/bin/cmake)
[10.861s] /usr/bin/cmake: /opt/workspace/install/libcurl_vendor/opt/libcurl_vendor/lib/libcurl.so.4: no version information available (required by /usr/bin/cmake)
[10.878s] /usr/bin/cmake: /opt/workspace/install/libcurl_vendor/opt/libcurl_vendor/lib/libcurl.so.4: no version information available (required by /usr/bin/cmake)
[10.935s] /usr/bin/cmake: /opt/workspace/install/libcurl_vendor/opt/libcurl_vendor/lib/libcurl.so.4: no version information available (required by /usr/bin/cmake)
[10.955s] /usr/bin/cmake: /opt/workspace/install/libcurl_vendor/opt/libcurl_vendor/lib/libcurl.so.4: no version information available (required by /usr/bin/cmake)
[10.977s] /usr/bin/cmake: /opt/workspace/install/libcurl_vendor/opt/libcurl_vendor/lib/libcurl.so.4: no version information available (required by /usr/bin/cmake)
[11.001s] /usr/bin/cmake/usr/bin/cmake: /opt/workspace/install/libcurl_vendor/opt/libcurl_vendor/lib/libcurl.so.4: no version information available (required by /usr/bin/cmake)
[11.002s] : /opt/workspace/install/libcurl_vendor/opt/libcurl_vendor/lib/libcurl.so.4: no version information available (required by /usr/bin/cmake)
[11.022s] /usr/bin/cmake: /opt/workspace/install/libcurl_vendor/opt/libcurl_vendor/lib/libcurl.so.4: no version information available (required by /usr/bin/cmake)
[11.022s] /usr/bin/cmake: /opt/workspace/install/libcurl_vendor/opt/libcurl_vendor/lib/libcurl.so.4: no version information available (required by /usr/bin/cmake)
[11.038s] /usr/bin/cmake: /opt/workspace/install/libcurl_vendor/opt/libcurl_vendor/lib/libcurl.so.4: no version information available (required by /usr/bin/cmake)
[11.039s] /usr/bin/cmake: /opt/workspace/install/libcurl_vendor/opt/libcurl_vendor/lib/libcurl.so.4: no version information available (required by /usr/bin/cmake)
[11.056s] /usr/bin/cmake/usr/bin/cmake: /opt/workspace/install/libcurl_vendor/opt/libcurl_vendor/lib/libcurl.so.4: no version information available (required by /usr/bin/cmake)
[11.056s] : /opt/workspace/install/libcurl_vendor/opt/libcurl_vendor/lib/libcurl.so.4: no version information available (required by /usr/bin/cmake)
[11.077s] /usr/bin/cmake: /opt/workspace/install/libcurl_vendor/opt/libcurl_vendor/lib/libcurl.so.4: no version information available (required by /usr/bin/cmake)
[11.078s] /usr/bin/cmake: /opt/workspace/install/libcurl_vendor/opt/libcurl_vendor/lib/libcurl.so.4: no version information available (required by /usr/bin/cmake)
[11.104s] /usr/bin/cmake: /opt/workspace/install/libcurl_vendor/opt/libcurl_vendor/lib/libcurl.so.4: no version information available (required by /usr/bin/cmake)
[11.116s] /usr/bin/cmake: /opt/workspace/install/libcurl_vendor/opt/libcurl_vendor/lib/libcurl.so.4: no version information available (required by /usr/bin/cmake)
[11.130s] /usr/bin/cmake: /opt/workspace/install/libcurl_vendor/opt/libcurl_vendor/lib/libcurl.so.4: no version information available (required by /usr/bin/cmake)
[11.149s] /usr/bin/cmake: /opt/workspace/install/libcurl_vendor/opt/libcurl_vendor/lib/libcurl.so.4: no version information available (required by /usr/bin/cmake)
[11.163s] /usr/bin/cmake: /opt/workspace/install/libcurl_vendor/opt/libcurl_vendor/lib/libcurl.so.4: no version information available (required by /usr/bin/cmake)
