[0.398s] /usr/bin/cmake: /opt/workspace/install/libcurl_vendor/opt/libcurl_vendor/lib/libcurl.so.4: no version information available (required by /usr/bin/cmake)
[0.473s] -- The C compiler identification is GNU 7.4.0
[0.552s] -- The CXX compiler identification is GNU 7.4.0
[0.560s] -- Check for working C compiler: /usr/bin/cc
[0.661s] -- Check for working C compiler: /usr/bin/cc -- works
[0.661s] -- Detecting C compiler ABI info
[0.763s] -- Detecting C compiler ABI info - done
[0.770s] -- Detecting C compile features
[1.086s] -- Detecting C compile features - done
[1.089s] -- Check for working CXX compiler: /usr/bin/c++
[1.202s] -- Check for working CXX compiler: /usr/bin/c++ -- works
[1.203s] -- Detecting CXX compiler ABI info
[1.318s] -- Detecting CXX compiler ABI info - done
[1.325s] -- Detecting CXX compile features
[1.807s] -- Detecting CXX compile features - done
[1.818s] -- Found ament_cmake: 0.8.2 (/opt/workspace/install/ament_cmake/share/ament_cmake/cmake)
[1.893s] -- Found PythonInterp: /usr/bin/python3 (found suitable version "3.6.9", minimum required is "3") 
[1.894s] -- Using PYTHON_EXECUTABLE: /usr/bin/python3
[2.290s] -- Found rviz_common: 7.0.4 (/opt/workspace/install/rviz_common/share/rviz_common/cmake)
[2.549s] -- Setting OGRE_DIR to: '/opt/workspace/install/rviz_ogre_vendor/share/rviz_ogre_vendor/cmake/../../../opt/rviz_ogre_vendor/lib/OGRE/cmake'
[2.552s] -- Found OGRE
[2.552s] --   static     : OFF
[2.553s] --   components : HLMS;MeshLodGenerator;Overlay;Paging;Property;RTShaderSystem;Terrain;Volume
[2.553s] --   plugins    : Plugin_BSPSceneManager;Plugin_OctreeSceneManager;Plugin_PCZSceneManager;Plugin_ParticleFX;RenderSystem_GL;RenderSystem_GL3Plus;Codec_STBI;Codec_EXR
[2.553s] --   media      : /opt/workspace/install/rviz_ogre_vendor/opt/rviz_ogre_vendor/share/OGRE/Media
[2.553s] -- OGRE_LIBRARIES: OgreHLMS;OgreMeshLodGenerator;OgreOverlay;OgrePaging;OgreProperty;OgreRTShaderSystem;OgreTerrain;OgreVolume;OgreMain
[2.553s] -- OGRE_LIBRARY_DIRS: /opt/workspace/install/rviz_ogre_vendor/opt/rviz_ogre_vendor/lib
[2.553s] -- OGRE_PLUGINS: Plugin_BSPSceneManager;Plugin_OctreeSceneManager;Plugin_PCZSceneManager;Plugin_ParticleFX;RenderSystem_GL;RenderSystem_GL3Plus;Codec_STBI;Codec_EXR
[2.553s] -- OGRE_PLUGIN_DIR: /opt/workspace/install/rviz_ogre_vendor/opt/rviz_ogre_vendor/lib/OGRE
[2.553s] -- rviz_ogre_vendor::OgreOverlay for IMPORTED_LOCATION_RELEASE: /opt/workspace/install/rviz_ogre_vendor/opt/rviz_ogre_vendor/lib/libOgreOverlay.so
[2.554s] -- rviz_ogre_vendor::OgreOverlay for IMPORTED_LOCATION_DEBUG: /opt/workspace/install/rviz_ogre_vendor/opt/rviz_ogre_vendor/lib/libOgreOverlay.so
[2.554s] -- rviz_ogre_vendor::OgreMain for IMPORTED_LOCATION_RELEASE: /opt/workspace/install/rviz_ogre_vendor/opt/rviz_ogre_vendor/lib/libOgreMain.so
[2.554s] -- rviz_ogre_vendor::OgreMain for IMPORTED_LOCATION_DEBUG: /opt/workspace/install/rviz_ogre_vendor/opt/rviz_ogre_vendor/lib/libOgreMain.so
[2.556s] -- Could not find freeimage library
[2.601s] -- Found ZLIB: /usr/lib/x86_64-linux-gnu/libz.so (found version "1.2.11") 
[2.619s] -- Found OpenGL: /usr/lib/x86_64-linux-gnu/libOpenGL.so   
[2.720s] -- Looking for XOpenDisplay in /usr/lib/x86_64-linux-gnu/libX11.so;/usr/lib/x86_64-linux-gnu/libXext.so
[2.832s] -- Looking for XOpenDisplay in /usr/lib/x86_64-linux-gnu/libX11.so;/usr/lib/x86_64-linux-gnu/libXext.so - found
[2.832s] -- Looking for gethostbyname
[2.935s] -- Looking for gethostbyname - found
[2.935s] -- Looking for connect
[3.047s] -- Looking for connect - found
[3.047s] -- Looking for remove
[3.160s] -- Looking for remove - found
[3.160s] -- Looking for shmat
[3.270s] -- Looking for shmat - found
[3.271s] -- Looking for IceConnectionNumber in ICE
[3.379s] -- Looking for IceConnectionNumber in ICE - found
[3.379s] -- Found X11: /usr/lib/x86_64-linux-gnu/libX11.so
[3.383s] -- rviz_ogre_vendor::RenderSystem_GL for IMPORTED_LOCATION_RELEASE: _render_system_gl_static_library_abs-NOTFOUND
[3.383s] -- rviz_ogre_vendor::RenderSystem_GL for IMPORTED_LOCATION_DEBUG: _render_system_gl_static_library_abs-NOTFOUND
[3.442s] -- library: /usr/lib/x86_64-linux-gnu/libcurl.so
[3.524s] -- Found rosidl_adapter: 0.8.2 (/opt/workspace/install/rosidl_adapter/share/rosidl_adapter/cmake)
[3.599s] -- Found tinyxml2_vendor:  (/opt/workspace/install/tinyxml2_vendor/share/tinyxml2_vendor/cmake)
[3.625s] -- Found TinyXML2: /usr/lib/x86_64-linux-gnu/libtinyxml2.so  
[3.644s] -- Found poco_vendor:  (/opt/workspace/install/poco_vendor/share/poco_vendor/cmake)
[3.723s] -- Found rmw_implementation_cmake: 0.8.1 (/opt/workspace/install/rmw_implementation_cmake/share/rmw_implementation_cmake/cmake)
[3.735s] -- Using RMW implementation 'rmw_fastrtps_cpp' as default
[3.736s] -- Looking for pthread.h
[3.840s] -- Looking for pthread.h - found
[3.841s] -- Looking for pthread_create
[3.949s] -- Looking for pthread_create - not found
[3.949s] -- Looking for pthread_create in pthreads
[4.041s] -- Looking for pthread_create in pthreads - not found
[4.041s] -- Looking for pthread_create in pthread
[4.144s] -- Looking for pthread_create in pthread - found
[4.146s] -- Found Threads: TRUE  
[4.485s] -- Setting yaml-cpp_DIR to: '/opt/workspace/install/yaml_cpp_vendor/share/yaml_cpp_vendor/cmake/../../../opt/yaml_cpp_vendor/lib/cmake/yaml-cpp'
[4.504s] -- Found ament_cmake_cppcheck: 0.8.1 (/opt/workspace/install/ament_cmake_cppcheck/share/ament_cmake_cppcheck/cmake)
[4.513s] -- Found ament_cmake_cpplint: 0.8.1 (/opt/workspace/install/ament_cmake_cpplint/share/ament_cmake_cpplint/cmake)
[4.522s] -- Found ament_cmake_lint_cmake: 0.8.1 (/opt/workspace/install/ament_cmake_lint_cmake/share/ament_cmake_lint_cmake/cmake)
[4.532s] -- Found ament_cmake_uncrustify: 0.8.1 (/opt/workspace/install/ament_cmake_uncrustify/share/ament_cmake_uncrustify/cmake)
[4.761s] -- Configuring done
[4.852s] -- Generating done
[4.855s] -- Build files have been written to: /opt/workspace/build/rviz2
[4.875s] /usr/bin/cmake: /opt/workspace/install/libcurl_vendor/opt/libcurl_vendor/lib/libcurl.so.4: no version information available (required by /usr/bin/cmake)
[4.893s] /usr/bin/cmake: /opt/workspace/install/libcurl_vendor/opt/libcurl_vendor/lib/libcurl.so.4: no version information available (required by /usr/bin/cmake)
[4.911s] /usr/bin/cmake: /opt/workspace/install/libcurl_vendor/opt/libcurl_vendor/lib/libcurl.so.4: no version information available (required by /usr/bin/cmake)
[4.932s] /usr/bin/cmake: /opt/workspace/install/libcurl_vendor/opt/libcurl_vendor/lib/libcurl.so.4: no version information available (required by /usr/bin/cmake)
[4.933s] /usr/bin/cmake: /opt/workspace/install/libcurl_vendor/opt/libcurl_vendor/lib/libcurl.so.4: no version information available (required by /usr/bin/cmake)
[4.938s] [35m[1mScanning dependencies of target send_lots_of_points_node_autogen[0m
[4.938s] [35m[1mScanning dependencies of target rviz2_autogen[0m
[4.952s] /usr/bin/cmake: /opt/workspace/install/libcurl_vendor/opt/libcurl_vendor/lib/libcurl.so.4: no version information available (required by /usr/bin/cmake)
[4.952s] /usr/bin/cmake: /opt/workspace/install/libcurl_vendor/opt/libcurl_vendor/lib/libcurl.so.4: no version information available (required by /usr/bin/cmake)
[4.957s] [ 25%] [34m[1mAutomatic MOC for target rviz2[0m
[4.957s] [ 25%] [34m[1mAutomatic MOC for target send_lots_of_points_node[0m
[4.968s] /usr/bin/cmake: /opt/workspace/install/libcurl_vendor/opt/libcurl_vendor/lib/libcurl.so.4: no version information available (required by /usr/bin/cmake)
[4.968s] /usr/bin/cmake: /opt/workspace/install/libcurl_vendor/opt/libcurl_vendor/lib/libcurl.so.4: no version information available (required by /usr/bin/cmake)
[4.997s] /usr/bin/cmake/usr/bin/cmake: : /opt/workspace/install/libcurl_vendor/opt/libcurl_vendor/lib/libcurl.so.4: no version information available (required by /usr/bin/cmake)
[4.997s] /opt/workspace/install/libcurl_vendor/opt/libcurl_vendor/lib/libcurl.so.4: no version information available (required by /usr/bin/cmake)
[5.002s] [ 25%] Built target rviz2_autogen
[5.002s] [ 25%] Built target send_lots_of_points_node_autogen
[5.017s] /usr/bin/cmake: /opt/workspace/install/libcurl_vendor/opt/libcurl_vendor/lib/libcurl.so.4: no version information available (required by /usr/bin/cmake)
[5.017s] /usr/bin/cmake: /opt/workspace/install/libcurl_vendor/opt/libcurl_vendor/lib/libcurl.so.4: no version information available (required by /usr/bin/cmake)
[5.022s] [35m[1mScanning dependencies of target send_lots_of_points_node[0m
[5.022s] [35m[1mScanning dependencies of target rviz2[0m
[5.072s] /usr/bin/cmake: /opt/workspace/install/libcurl_vendor/opt/libcurl_vendor/lib/libcurl.so.4: no version information available (required by /usr/bin/cmake)
[5.076s] /usr/bin/cmake: /opt/workspace/install/libcurl_vendor/opt/libcurl_vendor/lib/libcurl.so.4: no version information available (required by /usr/bin/cmake)
[5.078s] [ 37%] [32mBuilding CXX object test/tools/CMakeFiles/send_lots_of_points_node.dir/send_lots_of_points_node.cpp.o[0m
[5.084s] [ 50%] [32mBuilding CXX object test/tools/CMakeFiles/send_lots_of_points_node.dir/send_lots_of_points_node_autogen/mocs_compilation.cpp.o[0m
[5.147s] /usr/bin/cmake: /opt/workspace/install/libcurl_vendor/opt/libcurl_vendor/lib/libcurl.so.4: no version information available (required by /usr/bin/cmake)
[5.148s] /usr/bin/cmake: /opt/workspace/install/libcurl_vendor/opt/libcurl_vendor/lib/libcurl.so.4: no version information available (required by /usr/bin/cmake)
[5.153s] [ 75%] [32mBuilding CXX object CMakeFiles/rviz2.dir/src/main.cpp.o[0m
[5.153s] [ 75%] [32mBuilding CXX object CMakeFiles/rviz2.dir/rviz2_autogen/mocs_compilation.cpp.o[0m
[7.906s] /usr/bin/cmake: /opt/workspace/install/libcurl_vendor/opt/libcurl_vendor/lib/libcurl.so.4: no version information available (required by /usr/bin/cmake)
[7.912s] [ 87%] [32m[1mLinking CXX executable send_lots_of_points_node[0m
[7.923s] /usr/bin/cmake: /opt/workspace/install/libcurl_vendor/opt/libcurl_vendor/lib/libcurl.so.4: no version information available (required by /usr/bin/cmake)
[8.286s] /usr/bin/cmake: /opt/workspace/install/libcurl_vendor/opt/libcurl_vendor/lib/libcurl.so.4: no version information available (required by /usr/bin/cmake)
[8.288s] /usr/bin/cmake: /opt/workspace/install/libcurl_vendor/opt/libcurl_vendor/lib/libcurl.so.4: no version information available (required by /usr/bin/cmake)
[8.292s] [ 87%] Built target send_lots_of_points_node
[8.294s] [100%] [32m[1mLinking CXX executable rviz2[0m
[8.304s] /usr/bin/cmake: /opt/workspace/install/libcurl_vendor/opt/libcurl_vendor/lib/libcurl.so.4: no version information available (required by /usr/bin/cmake)
[10.861s] /usr/bin/cmake: /opt/workspace/install/libcurl_vendor/opt/libcurl_vendor/lib/libcurl.so.4: no version information available (required by /usr/bin/cmake)
[10.867s] [100%] Built target rviz2
[10.878s] /usr/bin/cmake: /opt/workspace/install/libcurl_vendor/opt/libcurl_vendor/lib/libcurl.so.4: no version information available (required by /usr/bin/cmake)
[10.935s] /usr/bin/cmake: /opt/workspace/install/libcurl_vendor/opt/libcurl_vendor/lib/libcurl.so.4: no version information available (required by /usr/bin/cmake)
[10.955s] /usr/bin/cmake: /opt/workspace/install/libcurl_vendor/opt/libcurl_vendor/lib/libcurl.so.4: no version information available (required by /usr/bin/cmake)
[10.977s] /usr/bin/cmake: /opt/workspace/install/libcurl_vendor/opt/libcurl_vendor/lib/libcurl.so.4: no version information available (required by /usr/bin/cmake)
[11.001s] /usr/bin/cmake/usr/bin/cmake: /opt/workspace/install/libcurl_vendor/opt/libcurl_vendor/lib/libcurl.so.4: no version information available (required by /usr/bin/cmake)
[11.002s] : /opt/workspace/install/libcurl_vendor/opt/libcurl_vendor/lib/libcurl.so.4: no version information available (required by /usr/bin/cmake)
[11.022s] /usr/bin/cmake: /opt/workspace/install/libcurl_vendor/opt/libcurl_vendor/lib/libcurl.so.4: no version information available (required by /usr/bin/cmake)
[11.022s] /usr/bin/cmake: /opt/workspace/install/libcurl_vendor/opt/libcurl_vendor/lib/libcurl.so.4: no version information available (required by /usr/bin/cmake)
[11.027s] [ 25%] [34m[1mAutomatic MOC for target send_lots_of_points_node[0m
[11.028s] [ 25%] [34m[1mAutomatic MOC for target rviz2[0m
[11.038s] /usr/bin/cmake: /opt/workspace/install/libcurl_vendor/opt/libcurl_vendor/lib/libcurl.so.4: no version information available (required by /usr/bin/cmake)
[11.039s] /usr/bin/cmake: /opt/workspace/install/libcurl_vendor/opt/libcurl_vendor/lib/libcurl.so.4: no version information available (required by /usr/bin/cmake)
[11.056s] /usr/bin/cmake/usr/bin/cmake: /opt/workspace/install/libcurl_vendor/opt/libcurl_vendor/lib/libcurl.so.4: no version information available (required by /usr/bin/cmake)
[11.056s] : /opt/workspace/install/libcurl_vendor/opt/libcurl_vendor/lib/libcurl.so.4: no version information available (required by /usr/bin/cmake)
[11.061s] [ 25%] Built target send_lots_of_points_node_autogen
[11.061s] [ 25%] Built target rviz2_autogen
[11.077s] /usr/bin/cmake: /opt/workspace/install/libcurl_vendor/opt/libcurl_vendor/lib/libcurl.so.4: no version information available (required by /usr/bin/cmake)
[11.078s] /usr/bin/cmake: /opt/workspace/install/libcurl_vendor/opt/libcurl_vendor/lib/libcurl.so.4: no version information available (required by /usr/bin/cmake)
[11.104s] /usr/bin/cmake: /opt/workspace/install/libcurl_vendor/opt/libcurl_vendor/lib/libcurl.so.4: no version information available (required by /usr/bin/cmake)
[11.109s] [ 62%] Built target send_lots_of_points_node
[11.116s] /usr/bin/cmake: /opt/workspace/install/libcurl_vendor/opt/libcurl_vendor/lib/libcurl.so.4: no version information available (required by /usr/bin/cmake)
[11.121s] [100%] Built target rviz2
[11.130s] /usr/bin/cmake: /opt/workspace/install/libcurl_vendor/opt/libcurl_vendor/lib/libcurl.so.4: no version information available (required by /usr/bin/cmake)
[11.149s] /usr/bin/cmake: /opt/workspace/install/libcurl_vendor/opt/libcurl_vendor/lib/libcurl.so.4: no version information available (required by /usr/bin/cmake)
[11.154s] [36mInstall the project...[0m
[11.163s] /usr/bin/cmake: /opt/workspace/install/libcurl_vendor/opt/libcurl_vendor/lib/libcurl.so.4: no version information available (required by /usr/bin/cmake)
[11.169s] -- Install configuration: ""
[11.169s] -- Installing: /opt/workspace/install/rviz2/bin/rviz2
[11.169s] -- Set runtime path of "/opt/workspace/install/rviz2/bin/rviz2" to "/opt/workspace/install/rviz_common/lib:/opt/workspace/install/rviz_ogre_vendor/opt/rviz_ogre_vendor/lib:/opt/workspace/install/console_bridge_vendor/lib:/opt/workspace/install/rviz_rendering/lib:/opt/workspace/install/ament_index_cpp/lib:/opt/workspace/install/resource_retriever/lib:/opt/workspace/install/orocos_kdl/lib:/opt/workspace/install/class_loader/lib:/opt/workspace/install/rcutils/lib:/opt/workspace/install/sensor_msgs/lib:/opt/workspace/install/tf2_ros/lib:/opt/workspace/install/rclcpp/lib:/opt/workspace/install/rcl/lib:/opt/workspace/install/rcl_interfaces/lib:/opt/workspace/install/rmw_implementation/lib:/opt/workspace/install/rmw/lib:/opt/workspace/install/rcl_logging_spdlog/lib:/opt/workspace/install/rcpputils/lib:/opt/workspace/install/rosgraph_msgs/lib:/opt/workspace/install/rcl_yaml_param_parser/lib:/opt/workspace/install/tracetools/lib:/opt/workspace/install/std_msgs/lib:/opt/workspace/install/geometry_msgs/lib:/opt/workspace/install/builtin_interfaces/lib:/opt/workspace/install/unique_identifier_msgs/lib:/opt/workspace/install/rosidl_typesupport_cpp/lib:/opt/workspace/install/rosidl_typesupport_c/lib:/opt/workspace/install/rosidl_typesupport_introspection_cpp/lib:/opt/workspace/install/rosidl_typesupport_introspection_c/lib:/opt/workspace/install/rosidl_generator_c/lib:/opt/workspace/install/action_msgs/lib:/opt/workspace/install/tf2_msgs/lib:/opt/workspace/install/tf2/lib:/opt/workspace/install/message_filters/lib:/opt/workspace/install/urdf/lib:/opt/workspace/install/urdfdom/lib:/opt/workspace/install/yaml_cpp_vendor/opt/yaml_cpp_vendor/lib"
[11.169s] -- Installing: /opt/workspace/install/rviz2/lib/rviz2/rviz2
[11.170s] -- Set runtime path of "/opt/workspace/install/rviz2/lib/rviz2/rviz2" to "/opt/workspace/install/rviz_common/lib:/opt/workspace/install/rviz_ogre_vendor/opt/rviz_ogre_vendor/lib:/opt/workspace/install/console_bridge_vendor/lib:/opt/workspace/install/rviz_rendering/lib:/opt/workspace/install/ament_index_cpp/lib:/opt/workspace/install/resource_retriever/lib:/opt/workspace/install/orocos_kdl/lib:/opt/workspace/install/class_loader/lib:/opt/workspace/install/rcutils/lib:/opt/workspace/install/sensor_msgs/lib:/opt/workspace/install/tf2_ros/lib:/opt/workspace/install/rclcpp/lib:/opt/workspace/install/rcl/lib:/opt/workspace/install/rcl_interfaces/lib:/opt/workspace/install/rmw_implementation/lib:/opt/workspace/install/rmw/lib:/opt/workspace/install/rcl_logging_spdlog/lib:/opt/workspace/install/rcpputils/lib:/opt/workspace/install/rosgraph_msgs/lib:/opt/workspace/install/rcl_yaml_param_parser/lib:/opt/workspace/install/tracetools/lib:/opt/workspace/install/std_msgs/lib:/opt/workspace/install/geometry_msgs/lib:/opt/workspace/install/builtin_interfaces/lib:/opt/workspace/install/unique_identifier_msgs/lib:/opt/workspace/install/rosidl_typesupport_cpp/lib:/opt/workspace/install/rosidl_typesupport_c/lib:/opt/workspace/install/rosidl_typesupport_introspection_cpp/lib:/opt/workspace/install/rosidl_typesupport_introspection_c/lib:/opt/workspace/install/rosidl_generator_c/lib:/opt/workspace/install/action_msgs/lib:/opt/workspace/install/tf2_msgs/lib:/opt/workspace/install/tf2/lib:/opt/workspace/install/message_filters/lib:/opt/workspace/install/urdf/lib:/opt/workspace/install/urdfdom/lib:/opt/workspace/install/yaml_cpp_vendor/opt/yaml_cpp_vendor/lib"
[11.170s] -- Installing: /opt/workspace/install/rviz2/share/ament_index/resource_index/package_run_dependencies/rviz2
[11.170s] -- Installing: /opt/workspace/install/rviz2/share/ament_index/resource_index/parent_prefix_path/rviz2
[11.170s] -- Installing: /opt/workspace/install/rviz2/share/rviz2/environment/ament_prefix_path.sh
[11.170s] -- Installing: /opt/workspace/install/rviz2/share/rviz2/environment/ament_prefix_path.dsv
[11.171s] -- Installing: /opt/workspace/install/rviz2/share/rviz2/environment/path.sh
[11.171s] -- Installing: /opt/workspace/install/rviz2/share/rviz2/environment/path.dsv
[11.171s] -- Installing: /opt/workspace/install/rviz2/share/rviz2/local_setup.bash
[11.171s] -- Installing: /opt/workspace/install/rviz2/share/rviz2/local_setup.sh
[11.171s] -- Installing: /opt/workspace/install/rviz2/share/rviz2/local_setup.zsh
[11.171s] -- Installing: /opt/workspace/install/rviz2/share/rviz2/local_setup.dsv
[11.172s] -- Installing: /opt/workspace/install/rviz2/share/rviz2/package.dsv
[11.172s] -- Installing: /opt/workspace/install/rviz2/share/ament_index/resource_index/packages/rviz2
[11.172s] -- Installing: /opt/workspace/install/rviz2/share/rviz2/cmake/rviz2Config.cmake
[11.172s] -- Installing: /opt/workspace/install/rviz2/share/rviz2/cmake/rviz2Config-version.cmake
[11.172s] -- Installing: /opt/workspace/install/rviz2/share/rviz2/package.xml
