[0.989s] -- The C compiler identification is GNU 7.4.0
[1.209s] -- The CXX compiler identification is GNU 7.4.0
[1.240s] -- Check for working C compiler: /usr/bin/cc
[1.547s] -- Check for working C compiler: /usr/bin/cc -- works
[1.548s] -- Detecting C compiler ABI info
[1.815s] -- Detecting C compiler ABI info - done
[1.828s] -- Detecting C compile features
[2.612s] -- Detecting C compile features - done
[2.617s] -- Check for working CXX compiler: /usr/bin/c++
[2.936s] -- Check for working CXX compiler: /usr/bin/c++ -- works
[2.937s] -- Detecting CXX compiler ABI info
[3.295s] -- Detecting CXX compiler ABI info - done
[3.308s] -- Detecting CXX compile features
[4.834s] -- Detecting CXX compile features - done
[4.847s] -- Found ament_cmake: 0.8.2 (/opt/workspace/install/ament_cmake/share/ament_cmake/cmake)
[5.088s] -- Found PythonInterp: /usr/bin/python3 (found suitable version "3.6.9", minimum required is "3") 
[5.088s] -- Using PYTHON_EXECUTABLE: /usr/bin/python3
[5.878s] -- Found nav_msgs: 0.8.1 (/opt/workspace/install/nav_msgs/share/nav_msgs/cmake)
[5.972s] -- Found rosidl_adapter: 0.8.2 (/opt/workspace/install/rosidl_adapter/share/rosidl_adapter/cmake)
[6.084s] -- Found rclcpp: 0.8.4 (/opt/workspace/install/rclcpp/share/rclcpp/cmake)
[6.135s] -- Found rmw_implementation_cmake: 0.8.1 (/opt/workspace/install/rmw_implementation_cmake/share/rmw_implementation_cmake/cmake)
[6.152s] -- Using RMW implementation 'rmw_fastrtps_cpp' as default
[6.154s] -- Looking for pthread.h
[6.430s] -- Looking for pthread.h - found
[6.431s] -- Looking for pthread_create
[6.704s] -- Looking for pthread_create - not found
[6.707s] -- Looking for pthread_create in pthreads
[7.039s] -- Looking for pthread_create in pthreads - not found
[7.047s] -- Looking for pthread_create in pthread
[7.413s] -- Looking for pthread_create in pthread - found
[7.418s] -- Found Threads: TRUE  
[7.644s] -- Found ament_lint_auto: 0.8.1 (/opt/workspace/install/ament_lint_auto/share/ament_lint_auto/cmake)
[7.948s] -- Added test 'copyright' to check for copyright in CMake / C / C++ / Python code
[7.951s] -- Added test 'cppcheck' to perform static code analysis on C / C++ code
[7.952s] -- Configured cppcheck include dirs: 
[7.956s] -- Added test 'cpplint' to check C / C++ code against the Google style
[7.960s] -- Added test 'lint_cmake' to check CMake code style
[7.962s] -- Added test 'uncrustify' to check C / C++ code style
[7.965s] -- Added test 'xmllint' to check XML markup files
[7.972s] -- Configuring done
[8.008s] -- Generating done
[8.012s] -- Build files have been written to: /opt/workspace/build/dummy_map_server
[8.145s] [35m[1mScanning dependencies of target dummy_map_server[0m
[8.235s] [ 50%] [32mBuilding CXX object CMakeFiles/dummy_map_server.dir/src/dummy_map_server.cpp.o[0m
[13.209s] [100%] [32m[1mLinking CXX executable dummy_map_server[0m
[13.902s] [100%] Built target dummy_map_server
[14.576s] [100%] Built target dummy_map_server
[14.631s] [36mInstall the project...[0m
[14.655s] -- Install configuration: ""
[14.655s] -- Installing: /opt/workspace/install/dummy_map_server/lib/dummy_map_server/dummy_map_server
[14.657s] -- Set runtime path of "/opt/workspace/install/dummy_map_server/lib/dummy_map_server/dummy_map_server" to ""
[14.658s] -- Installing: /opt/workspace/install/dummy_map_server/share/ament_index/resource_index/package_run_dependencies/dummy_map_server
[14.658s] -- Installing: /opt/workspace/install/dummy_map_server/share/ament_index/resource_index/parent_prefix_path/dummy_map_server
[14.659s] -- Installing: /opt/workspace/install/dummy_map_server/share/dummy_map_server/environment/ament_prefix_path.sh
[14.659s] -- Installing: /opt/workspace/install/dummy_map_server/share/dummy_map_server/environment/ament_prefix_path.dsv
[14.659s] -- Installing: /opt/workspace/install/dummy_map_server/share/dummy_map_server/environment/path.sh
[14.660s] -- Installing: /opt/workspace/install/dummy_map_server/share/dummy_map_server/environment/path.dsv
[14.660s] -- Installing: /opt/workspace/install/dummy_map_server/share/dummy_map_server/local_setup.bash
[14.660s] -- Installing: /opt/workspace/install/dummy_map_server/share/dummy_map_server/local_setup.sh
[14.661s] -- Installing: /opt/workspace/install/dummy_map_server/share/dummy_map_server/local_setup.zsh
[14.661s] -- Installing: /opt/workspace/install/dummy_map_server/share/dummy_map_server/local_setup.dsv
[14.661s] -- Installing: /opt/workspace/install/dummy_map_server/share/dummy_map_server/package.dsv
[14.662s] -- Installing: /opt/workspace/install/dummy_map_server/share/ament_index/resource_index/packages/dummy_map_server
[14.662s] -- Installing: /opt/workspace/install/dummy_map_server/share/dummy_map_server/cmake/dummy_map_serverConfig.cmake
[14.662s] -- Installing: /opt/workspace/install/dummy_map_server/share/dummy_map_server/cmake/dummy_map_serverConfig-version.cmake
[14.662s] -- Installing: /opt/workspace/install/dummy_map_server/share/dummy_map_server/package.xml
