[1.316s] [100%] Built target yaml_cpp-0f9a586
[2.406s] [100%] Built target yaml_cpp-0f9a586
[2.437s] [36mInstall the project...[0m
[2.456s] -- Install configuration: ""
[2.456s] -- Up-to-date: /opt/workspace/install/yaml_cpp_vendor/opt/yaml_cpp_vendor
[2.456s] -- Up-to-date: /opt/workspace/install/yaml_cpp_vendor/opt/yaml_cpp_vendor/lib
[2.456s] -- Up-to-date: /opt/workspace/install/yaml_cpp_vendor/opt/yaml_cpp_vendor/lib/libyaml-cpp.so.0.6
[2.457s] -- Up-to-date: /opt/workspace/install/yaml_cpp_vendor/opt/yaml_cpp_vendor/lib/libyaml-cpp.so
[2.457s] -- Up-to-date: /opt/workspace/install/yaml_cpp_vendor/opt/yaml_cpp_vendor/lib/pkgconfig
[2.457s] -- Up-to-date: /opt/workspace/install/yaml_cpp_vendor/opt/yaml_cpp_vendor/lib/pkgconfig/yaml-cpp.pc
[2.457s] -- Up-to-date: /opt/workspace/install/yaml_cpp_vendor/opt/yaml_cpp_vendor/lib/libyaml-cpp.so.0.6.2
[2.458s] -- Up-to-date: /opt/workspace/install/yaml_cpp_vendor/opt/yaml_cpp_vendor/lib/cmake
[2.458s] -- Up-to-date: /opt/workspace/install/yaml_cpp_vendor/opt/yaml_cpp_vendor/lib/cmake/yaml-cpp
[2.461s] -- Up-to-date: /opt/workspace/install/yaml_cpp_vendor/opt/yaml_cpp_vendor/lib/cmake/yaml-cpp/yaml-cpp-config.cmake
[2.462s] -- Up-to-date: /opt/workspace/install/yaml_cpp_vendor/opt/yaml_cpp_vendor/lib/cmake/yaml-cpp/yaml-cpp-targets.cmake
[2.462s] -- Up-to-date: /opt/workspace/install/yaml_cpp_vendor/opt/yaml_cpp_vendor/lib/cmake/yaml-cpp/yaml-cpp-targets-release.cmake
[2.463s] -- Up-to-date: /opt/workspace/install/yaml_cpp_vendor/opt/yaml_cpp_vendor/lib/cmake/yaml-cpp/yaml-cpp-config-version.cmake
[2.463s] -- Up-to-date: /opt/workspace/install/yaml_cpp_vendor/opt/yaml_cpp_vendor/include
[2.466s] -- Up-to-date: /opt/workspace/install/yaml_cpp_vendor/opt/yaml_cpp_vendor/include/yaml-cpp
[2.467s] -- Up-to-date: /opt/workspace/install/yaml_cpp_vendor/opt/yaml_cpp_vendor/include/yaml-cpp/emitfromevents.h
[2.467s] -- Up-to-date: /opt/workspace/install/yaml_cpp_vendor/opt/yaml_cpp_vendor/include/yaml-cpp/null.h
[2.467s] -- Up-to-date: /opt/workspace/install/yaml_cpp_vendor/opt/yaml_cpp_vendor/include/yaml-cpp/eventhandler.h
[2.468s] -- Up-to-date: /opt/workspace/install/yaml_cpp_vendor/opt/yaml_cpp_vendor/include/yaml-cpp/dll.h
[2.468s] -- Up-to-date: /opt/workspace/install/yaml_cpp_vendor/opt/yaml_cpp_vendor/include/yaml-cpp/traits.h
[2.468s] -- Up-to-date: /opt/workspace/install/yaml_cpp_vendor/opt/yaml_cpp_vendor/include/yaml-cpp/mark.h
[2.468s] -- Up-to-date: /opt/workspace/install/yaml_cpp_vendor/opt/yaml_cpp_vendor/include/yaml-cpp/exceptions.h
[2.468s] -- Up-to-date: /opt/workspace/install/yaml_cpp_vendor/opt/yaml_cpp_vendor/include/yaml-cpp/binary.h
[2.468s] -- Up-to-date: /opt/workspace/install/yaml_cpp_vendor/opt/yaml_cpp_vendor/include/yaml-cpp/anchor.h
[2.469s] -- Up-to-date: /opt/workspace/install/yaml_cpp_vendor/opt/yaml_cpp_vendor/include/yaml-cpp/contrib
[2.469s] -- Up-to-date: /opt/workspace/install/yaml_cpp_vendor/opt/yaml_cpp_vendor/include/yaml-cpp/contrib/anchordict.h
[2.469s] -- Up-to-date: /opt/workspace/install/yaml_cpp_vendor/opt/yaml_cpp_vendor/include/yaml-cpp/contrib/graphbuilder.h
[2.469s] -- Up-to-date: /opt/workspace/install/yaml_cpp_vendor/opt/yaml_cpp_vendor/include/yaml-cpp/emitterdef.h
[2.469s] -- Up-to-date: /opt/workspace/install/yaml_cpp_vendor/opt/yaml_cpp_vendor/include/yaml-cpp/emitterstyle.h
[2.469s] -- Up-to-date: /opt/workspace/install/yaml_cpp_vendor/opt/yaml_cpp_vendor/include/yaml-cpp/node
[2.469s] -- Up-to-date: /opt/workspace/install/yaml_cpp_vendor/opt/yaml_cpp_vendor/include/yaml-cpp/node/type.h
[2.470s] -- Up-to-date: /opt/workspace/install/yaml_cpp_vendor/opt/yaml_cpp_vendor/include/yaml-cpp/node/impl.h
[2.470s] -- Up-to-date: /opt/workspace/install/yaml_cpp_vendor/opt/yaml_cpp_vendor/include/yaml-cpp/node/iterator.h
[2.470s] -- Up-to-date: /opt/workspace/install/yaml_cpp_vendor/opt/yaml_cpp_vendor/include/yaml-cpp/node/node.h
[2.471s] -- Up-to-date: /opt/workspace/install/yaml_cpp_vendor/opt/yaml_cpp_vendor/include/yaml-cpp/node/emit.h
[2.472s] -- Up-to-date: /opt/workspace/install/yaml_cpp_vendor/opt/yaml_cpp_vendor/include/yaml-cpp/node/parse.h
[2.475s] -- Up-to-date: /opt/workspace/install/yaml_cpp_vendor/opt/yaml_cpp_vendor/include/yaml-cpp/node/detail
[2.475s] -- Up-to-date: /opt/workspace/install/yaml_cpp_vendor/opt/yaml_cpp_vendor/include/yaml-cpp/node/detail/impl.h
[2.475s] -- Up-to-date: /opt/workspace/install/yaml_cpp_vendor/opt/yaml_cpp_vendor/include/yaml-cpp/node/detail/iterator_fwd.h
[2.476s] -- Up-to-date: /opt/workspace/install/yaml_cpp_vendor/opt/yaml_cpp_vendor/include/yaml-cpp/node/detail/bool_type.h
[2.476s] -- Up-to-date: /opt/workspace/install/yaml_cpp_vendor/opt/yaml_cpp_vendor/include/yaml-cpp/node/detail/iterator.h
[2.476s] -- Up-to-date: /opt/workspace/install/yaml_cpp_vendor/opt/yaml_cpp_vendor/include/yaml-cpp/node/detail/node.h
[2.477s] -- Up-to-date: /opt/workspace/install/yaml_cpp_vendor/opt/yaml_cpp_vendor/include/yaml-cpp/node/detail/memory.h
[2.477s] -- Up-to-date: /opt/workspace/install/yaml_cpp_vendor/opt/yaml_cpp_vendor/include/yaml-cpp/node/detail/node_data.h
[2.477s] -- Up-to-date: /opt/workspace/install/yaml_cpp_vendor/opt/yaml_cpp_vendor/include/yaml-cpp/node/detail/node_iterator.h
[2.478s] -- Up-to-date: /opt/workspace/install/yaml_cpp_vendor/opt/yaml_cpp_vendor/include/yaml-cpp/node/detail/node_ref.h
[2.479s] -- Up-to-date: /opt/workspace/install/yaml_cpp_vendor/opt/yaml_cpp_vendor/include/yaml-cpp/node/ptr.h
[2.479s] -- Up-to-date: /opt/workspace/install/yaml_cpp_vendor/opt/yaml_cpp_vendor/include/yaml-cpp/node/convert.h
[2.479s] -- Up-to-date: /opt/workspace/install/yaml_cpp_vendor/opt/yaml_cpp_vendor/include/yaml-cpp/stlemitter.h
[2.479s] -- Up-to-date: /opt/workspace/install/yaml_cpp_vendor/opt/yaml_cpp_vendor/include/yaml-cpp/parser.h
[2.480s] -- Up-to-date: /opt/workspace/install/yaml_cpp_vendor/opt/yaml_cpp_vendor/include/yaml-cpp/noncopyable.h
[2.480s] -- Up-to-date: /opt/workspace/install/yaml_cpp_vendor/opt/yaml_cpp_vendor/include/yaml-cpp/emittermanip.h
[2.481s] -- Up-to-date: /opt/workspace/install/yaml_cpp_vendor/opt/yaml_cpp_vendor/include/yaml-cpp/yaml.h
[2.482s] -- Up-to-date: /opt/workspace/install/yaml_cpp_vendor/opt/yaml_cpp_vendor/include/yaml-cpp/ostream_wrapper.h
[2.483s] -- Up-to-date: /opt/workspace/install/yaml_cpp_vendor/opt/yaml_cpp_vendor/include/yaml-cpp/emitter.h
[2.483s] -- Up-to-date: /opt/workspace/install/yaml_cpp_vendor/share/yaml_cpp_vendor/environment/yaml_cpp_vendor_library_path.sh
[2.488s] -- Up-to-date: /opt/workspace/install/yaml_cpp_vendor/share/yaml_cpp_vendor/environment/yaml_cpp_vendor_library_path.dsv
[2.489s] -- Up-to-date: /opt/workspace/install/yaml_cpp_vendor/share/ament_index/resource_index/package_run_dependencies/yaml_cpp_vendor
[2.489s] -- Up-to-date: /opt/workspace/install/yaml_cpp_vendor/share/ament_index/resource_index/parent_prefix_path/yaml_cpp_vendor
[2.489s] -- Up-to-date: /opt/workspace/install/yaml_cpp_vendor/share/yaml_cpp_vendor/environment/ament_prefix_path.sh
[2.489s] -- Up-to-date: /opt/workspace/install/yaml_cpp_vendor/share/yaml_cpp_vendor/environment/ament_prefix_path.dsv
[2.489s] -- Up-to-date: /opt/workspace/install/yaml_cpp_vendor/share/yaml_cpp_vendor/environment/path.sh
[2.489s] -- Up-to-date: /opt/workspace/install/yaml_cpp_vendor/share/yaml_cpp_vendor/environment/path.dsv
[2.491s] -- Up-to-date: /opt/workspace/install/yaml_cpp_vendor/share/yaml_cpp_vendor/local_setup.bash
[2.491s] -- Up-to-date: /opt/workspace/install/yaml_cpp_vendor/share/yaml_cpp_vendor/local_setup.sh
[2.495s] -- Up-to-date: /opt/workspace/install/yaml_cpp_vendor/share/yaml_cpp_vendor/local_setup.zsh
[2.495s] -- Up-to-date: /opt/workspace/install/yaml_cpp_vendor/share/yaml_cpp_vendor/local_setup.dsv
[2.496s] -- Installing: /opt/workspace/install/yaml_cpp_vendor/share/yaml_cpp_vendor/package.dsv
[2.496s] -- Up-to-date: /opt/workspace/install/yaml_cpp_vendor/share/ament_index/resource_index/packages/yaml_cpp_vendor
[2.496s] -- Up-to-date: /opt/workspace/install/yaml_cpp_vendor/share/yaml_cpp_vendor/cmake/yaml_cpp_vendor-extras.cmake
[2.496s] -- Up-to-date: /opt/workspace/install/yaml_cpp_vendor/share/yaml_cpp_vendor/cmake/yaml_cpp_vendorConfig.cmake
[2.497s] -- Up-to-date: /opt/workspace/install/yaml_cpp_vendor/share/yaml_cpp_vendor/cmake/yaml_cpp_vendorConfig-version.cmake
[2.497s] -- Up-to-date: /opt/workspace/install/yaml_cpp_vendor/share/yaml_cpp_vendor/package.xml
