[0.319s] Invoking command in '/opt/workspace/build/yaml_cpp_vendor': AMENT_PREFIX_PATH=/opt/workspace/install/ament_cmake:/opt/workspace/install/ament_cmake_test:/opt/workspace/install/ament_cmake_target_dependencies:/opt/workspace/install/ament_cmake_export_interfaces:/opt/workspace/install/ament_cmake_export_dependencies:/opt/workspace/install/ament_cmake_version:/opt/workspace/install/ament_cmake_python:/opt/workspace/install/ament_cmake_libraries:/opt/workspace/install/ament_cmake_include_directories:/opt/workspace/install/ament_cmake_export_link_flags:/opt/workspace/install/ament_cmake_export_libraries:/opt/workspace/install/ament_cmake_export_include_directories:/opt/workspace/install/ament_cmake_export_definitions:/opt/workspace/install/ament_cmake_core:/opt/workspace/install/ament_package:${AMENT_PREFIX_PATH} CMAKE_PREFIX_PATH=/opt/workspace/install/ament_cmake:/opt/workspace/install/ament_cmake_test:/opt/workspace/install/ament_cmake_target_dependencies:/opt/workspace/install/ament_cmake_export_interfaces:/opt/workspace/install/ament_cmake_export_dependencies:/opt/workspace/install/ament_cmake_version:/opt/workspace/install/ament_cmake_python:/opt/workspace/install/ament_cmake_libraries:/opt/workspace/install/ament_cmake_include_directories:/opt/workspace/install/ament_cmake_export_link_flags:/opt/workspace/install/ament_cmake_export_libraries:/opt/workspace/install/ament_cmake_export_include_directories:/opt/workspace/install/ament_cmake_export_definitions:/opt/workspace/install/ament_cmake_core:/opt/ros/eloquent PYTHONPATH=/opt/workspace/install/ament_cmake_test/lib/python3.6/site-packages:/opt/workspace/install/ament_package/lib/python3.6/site-packages:${PYTHONPATH} /usr/bin/cmake /opt/workspace/src/ros2/yaml_cpp_vendor -DCMAKE_INSTALL_PREFIX=/opt/workspace/install/yaml_cpp_vendor
[0.631s] -- The C compiler identification is GNU 7.4.0
[0.985s] -- The CXX compiler identification is GNU 7.4.0
[1.005s] -- Check for working C compiler: /usr/bin/cc
[1.469s] -- Check for working C compiler: /usr/bin/cc -- works
[1.471s] -- Detecting C compiler ABI info
[1.915s] -- Detecting C compiler ABI info - done
[1.932s] -- Detecting C compile features
[3.340s] -- Detecting C compile features - done
[3.346s] -- Check for working CXX compiler: /usr/bin/c++
[3.851s] -- Check for working CXX compiler: /usr/bin/c++ -- works
[3.853s] -- Detecting CXX compiler ABI info
[4.177s] -- Detecting CXX compiler ABI info - done
[4.191s] -- Detecting CXX compile features
[4.960s] -- Detecting CXX compile features - done
[4.962s] -- Found ament_cmake: 0.8.2 (/opt/workspace/install/ament_cmake/share/ament_cmake/cmake)
[5.004s] -- Found PythonInterp: /usr/bin/python3 (found suitable version "3.6.9", minimum required is "3") 
[5.004s] -- Using PYTHON_EXECUTABLE: /usr/bin/python3
[5.746s] -- Configuring done
[5.765s] -- Generating done
[5.770s] -- Build files have been written to: /opt/workspace/build/yaml_cpp_vendor
[5.773s] Invoked command in '/opt/workspace/build/yaml_cpp_vendor' returned '0': AMENT_PREFIX_PATH=/opt/workspace/install/ament_cmake:/opt/workspace/install/ament_cmake_test:/opt/workspace/install/ament_cmake_target_dependencies:/opt/workspace/install/ament_cmake_export_interfaces:/opt/workspace/install/ament_cmake_export_dependencies:/opt/workspace/install/ament_cmake_version:/opt/workspace/install/ament_cmake_python:/opt/workspace/install/ament_cmake_libraries:/opt/workspace/install/ament_cmake_include_directories:/opt/workspace/install/ament_cmake_export_link_flags:/opt/workspace/install/ament_cmake_export_libraries:/opt/workspace/install/ament_cmake_export_include_directories:/opt/workspace/install/ament_cmake_export_definitions:/opt/workspace/install/ament_cmake_core:/opt/workspace/install/ament_package:${AMENT_PREFIX_PATH} CMAKE_PREFIX_PATH=/opt/workspace/install/ament_cmake:/opt/workspace/install/ament_cmake_test:/opt/workspace/install/ament_cmake_target_dependencies:/opt/workspace/install/ament_cmake_export_interfaces:/opt/workspace/install/ament_cmake_export_dependencies:/opt/workspace/install/ament_cmake_version:/opt/workspace/install/ament_cmake_python:/opt/workspace/install/ament_cmake_libraries:/opt/workspace/install/ament_cmake_include_directories:/opt/workspace/install/ament_cmake_export_link_flags:/opt/workspace/install/ament_cmake_export_libraries:/opt/workspace/install/ament_cmake_export_include_directories:/opt/workspace/install/ament_cmake_export_definitions:/opt/workspace/install/ament_cmake_core:/opt/ros/eloquent PYTHONPATH=/opt/workspace/install/ament_cmake_test/lib/python3.6/site-packages:/opt/workspace/install/ament_package/lib/python3.6/site-packages:${PYTHONPATH} /usr/bin/cmake /opt/workspace/src/ros2/yaml_cpp_vendor -DCMAKE_INSTALL_PREFIX=/opt/workspace/install/yaml_cpp_vendor
[5.776s] Invoking command in '/opt/workspace/build/yaml_cpp_vendor': AMENT_PREFIX_PATH=/opt/workspace/install/ament_cmake:/opt/workspace/install/ament_cmake_test:/opt/workspace/install/ament_cmake_target_dependencies:/opt/workspace/install/ament_cmake_export_interfaces:/opt/workspace/install/ament_cmake_export_dependencies:/opt/workspace/install/ament_cmake_version:/opt/workspace/install/ament_cmake_python:/opt/workspace/install/ament_cmake_libraries:/opt/workspace/install/ament_cmake_include_directories:/opt/workspace/install/ament_cmake_export_link_flags:/opt/workspace/install/ament_cmake_export_libraries:/opt/workspace/install/ament_cmake_export_include_directories:/opt/workspace/install/ament_cmake_export_definitions:/opt/workspace/install/ament_cmake_core:/opt/workspace/install/ament_package:${AMENT_PREFIX_PATH} CMAKE_PREFIX_PATH=/opt/workspace/install/ament_cmake:/opt/workspace/install/ament_cmake_test:/opt/workspace/install/ament_cmake_target_dependencies:/opt/workspace/install/ament_cmake_export_interfaces:/opt/workspace/install/ament_cmake_export_dependencies:/opt/workspace/install/ament_cmake_version:/opt/workspace/install/ament_cmake_python:/opt/workspace/install/ament_cmake_libraries:/opt/workspace/install/ament_cmake_include_directories:/opt/workspace/install/ament_cmake_export_link_flags:/opt/workspace/install/ament_cmake_export_libraries:/opt/workspace/install/ament_cmake_export_include_directories:/opt/workspace/install/ament_cmake_export_definitions:/opt/workspace/install/ament_cmake_core:/opt/ros/eloquent PYTHONPATH=/opt/workspace/install/ament_cmake_test/lib/python3.6/site-packages:/opt/workspace/install/ament_package/lib/python3.6/site-packages:${PYTHONPATH} /usr/bin/cmake --build /opt/workspace/build/yaml_cpp_vendor -- -j8 -l8
[5.899s] [35m[1mScanning dependencies of target yaml_cpp-0f9a586[0m
[5.955s] [ 12%] [34m[1mCreating directories for 'yaml_cpp-0f9a586'[0m
[6.134s] [ 25%] [34m[1mPerforming download step (download, verify and extract) for 'yaml_cpp-0f9a586'[0m
[6.155s] -- Downloading...
[6.155s]    dst='/opt/workspace/build/yaml_cpp_vendor/yaml_cpp-0f9a586-prefix/src/0f9a586ca1dc29c2ecb8dd715a315b93e3f40f79.zip'
[6.155s]    timeout='600 seconds'
[6.155s] -- Using src='https://github.com/jbeder/yaml-cpp/archive/0f9a586ca1dc29c2ecb8dd715a315b93e3f40f79.zip'
[6.402s] -- [download 100% complete]
[7.004s] -- verifying file...
[7.005s]        file='/opt/workspace/build/yaml_cpp_vendor/yaml_cpp-0f9a586-prefix/src/0f9a586ca1dc29c2ecb8dd715a315b93e3f40f79.zip'
[7.009s] -- Downloading... done
[7.041s] -- extracting...
[7.042s]      src='/opt/workspace/build/yaml_cpp_vendor/yaml_cpp-0f9a586-prefix/src/0f9a586ca1dc29c2ecb8dd715a315b93e3f40f79.zip'
[7.042s]      dst='/opt/workspace/build/yaml_cpp_vendor/yaml_cpp-0f9a586-prefix/src/yaml_cpp-0f9a586'
[7.043s] -- extracting... [tar xfz]
[7.132s] -- extracting... [analysis]
[7.132s] -- extracting... [rename]
[7.132s] -- extracting... [clean up]
[7.134s] -- extracting... done
[7.177s] [ 37%] [34m[1mNo patch step for 'yaml_cpp-0f9a586'[0m
[7.226s] [ 50%] [34m[1mNo update step for 'yaml_cpp-0f9a586'[0m
[7.275s] [ 62%] [34m[1mPerforming configure step for 'yaml_cpp-0f9a586'[0m
[7.414s] -- The C compiler identification is GNU 7.4.0
[7.557s] -- The CXX compiler identification is GNU 7.4.0
[7.569s] -- Check for working C compiler: /usr/bin/cc
[7.725s] -- Check for working C compiler: /usr/bin/cc -- works
[7.726s] -- Detecting C compiler ABI info
[7.856s] -- Detecting C compiler ABI info - done
[7.880s] -- Detecting C compile features
[8.332s] -- Detecting C compile features - done
[8.338s] -- Check for working CXX compiler: /usr/bin/c++
[8.492s] -- Check for working CXX compiler: /usr/bin/c++ -- works
[8.492s] -- Detecting CXX compiler ABI info
[8.648s] -- Detecting CXX compiler ABI info - done
[8.665s] -- Detecting CXX compile features
[9.434s] -- Detecting CXX compile features - done
[9.458s] -- Performing Test FLAG_WEXTRA
[9.621s] -- Performing Test FLAG_WEXTRA - Success
[9.631s] -- Configuring done
[9.665s] -- Generating done
[9.667s] -- Build files have been written to: /opt/workspace/build/yaml_cpp_vendor/yaml_cpp-0f9a586-prefix/src/yaml_cpp-0f9a586-build
[9.705s] [ 75%] [34m[1mPerforming build step for 'yaml_cpp-0f9a586'[0m
[9.792s] [35m[1mScanning dependencies of target yaml-cpp[0m
[9.833s] [  3%] [32mBuilding CXX object CMakeFiles/yaml-cpp.dir/src/binary.cpp.o[0m
[10.319s] [  6%] [32mBuilding CXX object CMakeFiles/yaml-cpp.dir/src/emitterutils.cpp.o[0m
[15.262s] [ 10%] [32mBuilding CXX object CMakeFiles/yaml-cpp.dir/src/exceptions.cpp.o[0m
[15.850s] [ 13%] [32mBuilding CXX object CMakeFiles/yaml-cpp.dir/src/exp.cpp.o[0m
[16.809s] [ 17%] [32mBuilding CXX object CMakeFiles/yaml-cpp.dir/src/memory.cpp.o[0m
[17.912s] [ 20%] [32mBuilding CXX object CMakeFiles/yaml-cpp.dir/src/node.cpp.o[0m
[18.521s] [ 24%] [32mBuilding CXX object CMakeFiles/yaml-cpp.dir/src/node_data.cpp.o[0m
[19.999s] [ 27%] [32mBuilding CXX object CMakeFiles/yaml-cpp.dir/src/nodebuilder.cpp.o[0m
[21.647s] [ 31%] [32mBuilding CXX object CMakeFiles/yaml-cpp.dir/src/nodeevents.cpp.o[0m
[22.959s] [ 34%] [32mBuilding CXX object CMakeFiles/yaml-cpp.dir/src/null.cpp.o[0m
[23.281s] [ 37%] [32mBuilding CXX object CMakeFiles/yaml-cpp.dir/src/ostream_wrapper.cpp.o[0m
[23.950s] [ 41%] [32mBuilding CXX object CMakeFiles/yaml-cpp.dir/src/parse.cpp.o[0m
[25.373s] [ 44%] [32mBuilding CXX object CMakeFiles/yaml-cpp.dir/src/parser.cpp.o[0m
[26.761s] [ 48%] [32mBuilding CXX object CMakeFiles/yaml-cpp.dir/src/regex_yaml.cpp.o[0m
[27.761s] [ 51%] [32mBuilding CXX object CMakeFiles/yaml-cpp.dir/src/scanner.cpp.o[0m
[31.985s] [ 55%] [32mBuilding CXX object CMakeFiles/yaml-cpp.dir/src/scanscalar.cpp.o[0m
[33.759s] [ 58%] [32mBuilding CXX object CMakeFiles/yaml-cpp.dir/src/scantag.cpp.o[0m
[36.590s] [ 62%] [32mBuilding CXX object CMakeFiles/yaml-cpp.dir/src/scantoken.cpp.o[0m
[40.579s] [ 65%] [32mBuilding CXX object CMakeFiles/yaml-cpp.dir/src/simplekey.cpp.o[0m
[41.485s] [ 68%] [32mBuilding CXX object CMakeFiles/yaml-cpp.dir/src/singledocparser.cpp.o[0m
[43.811s] [ 72%] [32mBuilding CXX object CMakeFiles/yaml-cpp.dir/src/stream.cpp.o[0m
[44.596s] [ 75%] [32mBuilding CXX object CMakeFiles/yaml-cpp.dir/src/tag.cpp.o[0m
[45.304s] [ 79%] [32mBuilding CXX object CMakeFiles/yaml-cpp.dir/src/emitterstate.cpp.o[0m
[46.675s] [ 82%] [32mBuilding CXX object CMakeFiles/yaml-cpp.dir/src/emitter.cpp.o[0m
[48.035s] [ 86%] [32mBuilding CXX object CMakeFiles/yaml-cpp.dir/src/emitfromevents.cpp.o[0m
[49.102s] [ 89%] [32mBuilding CXX object CMakeFiles/yaml-cpp.dir/src/emit.cpp.o[0m
[50.014s] [ 93%] [32mBuilding CXX object CMakeFiles/yaml-cpp.dir/src/directives.cpp.o[0m
[50.485s] [ 96%] [32mBuilding CXX object CMakeFiles/yaml-cpp.dir/src/convert.cpp.o[0m
[51.799s] [100%] [32m[1mLinking CXX shared library libyaml-cpp.so[0m
[52.026s] [100%] Built target yaml-cpp
[52.086s] [ 87%] [34m[1mPerforming install step for 'yaml_cpp-0f9a586'[0m
[52.192s] [100%] Built target yaml-cpp
[52.227s] [36mInstall the project...[0m
[52.245s] -- Install configuration: "Release"
[52.246s] -- Installing: /opt/workspace/build/yaml_cpp_vendor/yaml_cpp_install/lib/libyaml-cpp.so.0.6.2
[52.248s] -- Installing: /opt/workspace/build/yaml_cpp_vendor/yaml_cpp_install/lib/libyaml-cpp.so.0.6
[52.248s] -- Installing: /opt/workspace/build/yaml_cpp_vendor/yaml_cpp_install/lib/libyaml-cpp.so
[52.249s] -- Installing: /opt/workspace/build/yaml_cpp_vendor/yaml_cpp_install/include/yaml-cpp
[52.250s] -- Installing: /opt/workspace/build/yaml_cpp_vendor/yaml_cpp_install/include/yaml-cpp/emitfromevents.h
[52.250s] -- Installing: /opt/workspace/build/yaml_cpp_vendor/yaml_cpp_install/include/yaml-cpp/null.h
[52.251s] -- Installing: /opt/workspace/build/yaml_cpp_vendor/yaml_cpp_install/include/yaml-cpp/eventhandler.h
[52.251s] -- Installing: /opt/workspace/build/yaml_cpp_vendor/yaml_cpp_install/include/yaml-cpp/dll.h
[52.252s] -- Installing: /opt/workspace/build/yaml_cpp_vendor/yaml_cpp_install/include/yaml-cpp/traits.h
[52.253s] -- Installing: /opt/workspace/build/yaml_cpp_vendor/yaml_cpp_install/include/yaml-cpp/mark.h
[52.253s] -- Installing: /opt/workspace/build/yaml_cpp_vendor/yaml_cpp_install/include/yaml-cpp/exceptions.h
[52.254s] -- Installing: /opt/workspace/build/yaml_cpp_vendor/yaml_cpp_install/include/yaml-cpp/binary.h
[52.254s] -- Installing: /opt/workspace/build/yaml_cpp_vendor/yaml_cpp_install/include/yaml-cpp/anchor.h
[52.255s] -- Installing: /opt/workspace/build/yaml_cpp_vendor/yaml_cpp_install/include/yaml-cpp/contrib
[52.255s] -- Installing: /opt/workspace/build/yaml_cpp_vendor/yaml_cpp_install/include/yaml-cpp/contrib/anchordict.h
[52.256s] -- Installing: /opt/workspace/build/yaml_cpp_vendor/yaml_cpp_install/include/yaml-cpp/contrib/graphbuilder.h
[52.257s] -- Installing: /opt/workspace/build/yaml_cpp_vendor/yaml_cpp_install/include/yaml-cpp/emitterdef.h
[52.257s] -- Installing: /opt/workspace/build/yaml_cpp_vendor/yaml_cpp_install/include/yaml-cpp/emitterstyle.h
[52.258s] -- Installing: /opt/workspace/build/yaml_cpp_vendor/yaml_cpp_install/include/yaml-cpp/node
[52.258s] -- Installing: /opt/workspace/build/yaml_cpp_vendor/yaml_cpp_install/include/yaml-cpp/node/type.h
[52.259s] -- Installing: /opt/workspace/build/yaml_cpp_vendor/yaml_cpp_install/include/yaml-cpp/node/impl.h
[52.260s] -- Installing: /opt/workspace/build/yaml_cpp_vendor/yaml_cpp_install/include/yaml-cpp/node/iterator.h
[52.260s] -- Installing: /opt/workspace/build/yaml_cpp_vendor/yaml_cpp_install/include/yaml-cpp/node/node.h
[52.261s] -- Installing: /opt/workspace/build/yaml_cpp_vendor/yaml_cpp_install/include/yaml-cpp/node/emit.h
[52.261s] -- Installing: /opt/workspace/build/yaml_cpp_vendor/yaml_cpp_install/include/yaml-cpp/node/parse.h
[52.262s] -- Installing: /opt/workspace/build/yaml_cpp_vendor/yaml_cpp_install/include/yaml-cpp/node/detail
[52.263s] -- Installing: /opt/workspace/build/yaml_cpp_vendor/yaml_cpp_install/include/yaml-cpp/node/detail/impl.h
[52.263s] -- Installing: /opt/workspace/build/yaml_cpp_vendor/yaml_cpp_install/include/yaml-cpp/node/detail/iterator_fwd.h
[52.263s] -- Installing: /opt/workspace/build/yaml_cpp_vendor/yaml_cpp_install/include/yaml-cpp/node/detail/bool_type.h
[52.264s] -- Installing: /opt/workspace/build/yaml_cpp_vendor/yaml_cpp_install/include/yaml-cpp/node/detail/iterator.h
[52.264s] -- Installing: /opt/workspace/build/yaml_cpp_vendor/yaml_cpp_install/include/yaml-cpp/node/detail/node.h
[52.264s] -- Installing: /opt/workspace/build/yaml_cpp_vendor/yaml_cpp_install/include/yaml-cpp/node/detail/memory.h
[52.264s] -- Installing: /opt/workspace/build/yaml_cpp_vendor/yaml_cpp_install/include/yaml-cpp/node/detail/node_data.h
[52.265s] -- Installing: /opt/workspace/build/yaml_cpp_vendor/yaml_cpp_install/include/yaml-cpp/node/detail/node_iterator.h
[52.265s] -- Installing: /opt/workspace/build/yaml_cpp_vendor/yaml_cpp_install/include/yaml-cpp/node/detail/node_ref.h
[52.265s] -- Installing: /opt/workspace/build/yaml_cpp_vendor/yaml_cpp_install/include/yaml-cpp/node/ptr.h
[52.265s] -- Installing: /opt/workspace/build/yaml_cpp_vendor/yaml_cpp_install/include/yaml-cpp/node/convert.h
[52.266s] -- Installing: /opt/workspace/build/yaml_cpp_vendor/yaml_cpp_install/include/yaml-cpp/stlemitter.h
[52.266s] -- Installing: /opt/workspace/build/yaml_cpp_vendor/yaml_cpp_install/include/yaml-cpp/parser.h
[52.266s] -- Installing: /opt/workspace/build/yaml_cpp_vendor/yaml_cpp_install/include/yaml-cpp/noncopyable.h
[52.266s] -- Installing: /opt/workspace/build/yaml_cpp_vendor/yaml_cpp_install/include/yaml-cpp/emittermanip.h
[52.267s] -- Installing: /opt/workspace/build/yaml_cpp_vendor/yaml_cpp_install/include/yaml-cpp/yaml.h
[52.267s] -- Installing: /opt/workspace/build/yaml_cpp_vendor/yaml_cpp_install/include/yaml-cpp/ostream_wrapper.h
[52.267s] -- Installing: /opt/workspace/build/yaml_cpp_vendor/yaml_cpp_install/include/yaml-cpp/emitter.h
[52.268s] -- Installing: /opt/workspace/build/yaml_cpp_vendor/yaml_cpp_install/lib/cmake/yaml-cpp/yaml-cpp-config.cmake
[52.268s] -- Installing: /opt/workspace/build/yaml_cpp_vendor/yaml_cpp_install/lib/cmake/yaml-cpp/yaml-cpp-config-version.cmake
[52.268s] -- Installing: /opt/workspace/build/yaml_cpp_vendor/yaml_cpp_install/lib/cmake/yaml-cpp/yaml-cpp-targets.cmake
[52.268s] -- Installing: /opt/workspace/build/yaml_cpp_vendor/yaml_cpp_install/lib/cmake/yaml-cpp/yaml-cpp-targets-release.cmake
[52.269s] -- Installing: /opt/workspace/build/yaml_cpp_vendor/yaml_cpp_install/lib/pkgconfig/yaml-cpp.pc
[52.313s] [100%] [34m[1mCompleted 'yaml_cpp-0f9a586'[0m
[52.393s] [100%] Built target yaml_cpp-0f9a586
[52.423s] Invoked command in '/opt/workspace/build/yaml_cpp_vendor' returned '0': AMENT_PREFIX_PATH=/opt/workspace/install/ament_cmake:/opt/workspace/install/ament_cmake_test:/opt/workspace/install/ament_cmake_target_dependencies:/opt/workspace/install/ament_cmake_export_interfaces:/opt/workspace/install/ament_cmake_export_dependencies:/opt/workspace/install/ament_cmake_version:/opt/workspace/install/ament_cmake_python:/opt/workspace/install/ament_cmake_libraries:/opt/workspace/install/ament_cmake_include_directories:/opt/workspace/install/ament_cmake_export_link_flags:/opt/workspace/install/ament_cmake_export_libraries:/opt/workspace/install/ament_cmake_export_include_directories:/opt/workspace/install/ament_cmake_export_definitions:/opt/workspace/install/ament_cmake_core:/opt/workspace/install/ament_package:${AMENT_PREFIX_PATH} CMAKE_PREFIX_PATH=/opt/workspace/install/ament_cmake:/opt/workspace/install/ament_cmake_test:/opt/workspace/install/ament_cmake_target_dependencies:/opt/workspace/install/ament_cmake_export_interfaces:/opt/workspace/install/ament_cmake_export_dependencies:/opt/workspace/install/ament_cmake_version:/opt/workspace/install/ament_cmake_python:/opt/workspace/install/ament_cmake_libraries:/opt/workspace/install/ament_cmake_include_directories:/opt/workspace/install/ament_cmake_export_link_flags:/opt/workspace/install/ament_cmake_export_libraries:/opt/workspace/install/ament_cmake_export_include_directories:/opt/workspace/install/ament_cmake_export_definitions:/opt/workspace/install/ament_cmake_core:/opt/ros/eloquent PYTHONPATH=/opt/workspace/install/ament_cmake_test/lib/python3.6/site-packages:/opt/workspace/install/ament_package/lib/python3.6/site-packages:${PYTHONPATH} /usr/bin/cmake --build /opt/workspace/build/yaml_cpp_vendor -- -j8 -l8
[52.480s] Invoking command in '/opt/workspace/build/yaml_cpp_vendor': AMENT_PREFIX_PATH=/opt/workspace/install/ament_cmake:/opt/workspace/install/ament_cmake_test:/opt/workspace/install/ament_cmake_target_dependencies:/opt/workspace/install/ament_cmake_export_interfaces:/opt/workspace/install/ament_cmake_export_dependencies:/opt/workspace/install/ament_cmake_version:/opt/workspace/install/ament_cmake_python:/opt/workspace/install/ament_cmake_libraries:/opt/workspace/install/ament_cmake_include_directories:/opt/workspace/install/ament_cmake_export_link_flags:/opt/workspace/install/ament_cmake_export_libraries:/opt/workspace/install/ament_cmake_export_include_directories:/opt/workspace/install/ament_cmake_export_definitions:/opt/workspace/install/ament_cmake_core:/opt/workspace/install/ament_package:${AMENT_PREFIX_PATH} CMAKE_PREFIX_PATH=/opt/workspace/install/ament_cmake:/opt/workspace/install/ament_cmake_test:/opt/workspace/install/ament_cmake_target_dependencies:/opt/workspace/install/ament_cmake_export_interfaces:/opt/workspace/install/ament_cmake_export_dependencies:/opt/workspace/install/ament_cmake_version:/opt/workspace/install/ament_cmake_python:/opt/workspace/install/ament_cmake_libraries:/opt/workspace/install/ament_cmake_include_directories:/opt/workspace/install/ament_cmake_export_link_flags:/opt/workspace/install/ament_cmake_export_libraries:/opt/workspace/install/ament_cmake_export_include_directories:/opt/workspace/install/ament_cmake_export_definitions:/opt/workspace/install/ament_cmake_core:/opt/ros/eloquent PYTHONPATH=/opt/workspace/install/ament_cmake_test/lib/python3.6/site-packages:/opt/workspace/install/ament_package/lib/python3.6/site-packages:${PYTHONPATH} /usr/bin/cmake --build /opt/workspace/build/yaml_cpp_vendor --target install -- -j8 -l8
[52.612s] [100%] Built target yaml_cpp-0f9a586
[52.654s] [36mInstall the project...[0m
[52.674s] -- Install configuration: ""
[52.674s] -- Installing: /opt/workspace/install/yaml_cpp_vendor/opt/yaml_cpp_vendor
[52.674s] -- Installing: /opt/workspace/install/yaml_cpp_vendor/opt/yaml_cpp_vendor/lib
[52.675s] -- Installing: /opt/workspace/install/yaml_cpp_vendor/opt/yaml_cpp_vendor/lib/libyaml-cpp.so.0.6
[52.675s] -- Installing: /opt/workspace/install/yaml_cpp_vendor/opt/yaml_cpp_vendor/lib/libyaml-cpp.so
[52.676s] -- Installing: /opt/workspace/install/yaml_cpp_vendor/opt/yaml_cpp_vendor/lib/pkgconfig
[52.677s] -- Installing: /opt/workspace/install/yaml_cpp_vendor/opt/yaml_cpp_vendor/lib/pkgconfig/yaml-cpp.pc
[52.677s] -- Installing: /opt/workspace/install/yaml_cpp_vendor/opt/yaml_cpp_vendor/lib/libyaml-cpp.so.0.6.2
[52.678s] -- Installing: /opt/workspace/install/yaml_cpp_vendor/opt/yaml_cpp_vendor/lib/cmake
[52.678s] -- Installing: /opt/workspace/install/yaml_cpp_vendor/opt/yaml_cpp_vendor/lib/cmake/yaml-cpp
[52.678s] -- Installing: /opt/workspace/install/yaml_cpp_vendor/opt/yaml_cpp_vendor/lib/cmake/yaml-cpp/yaml-cpp-config.cmake
[52.679s] -- Installing: /opt/workspace/install/yaml_cpp_vendor/opt/yaml_cpp_vendor/lib/cmake/yaml-cpp/yaml-cpp-targets.cmake
[52.679s] -- Installing: /opt/workspace/install/yaml_cpp_vendor/opt/yaml_cpp_vendor/lib/cmake/yaml-cpp/yaml-cpp-targets-release.cmake
[52.679s] -- Installing: /opt/workspace/install/yaml_cpp_vendor/opt/yaml_cpp_vendor/lib/cmake/yaml-cpp/yaml-cpp-config-version.cmake
[52.679s] -- Installing: /opt/workspace/install/yaml_cpp_vendor/opt/yaml_cpp_vendor/include
[52.680s] -- Installing: /opt/workspace/install/yaml_cpp_vendor/opt/yaml_cpp_vendor/include/yaml-cpp
[52.680s] -- Installing: /opt/workspace/install/yaml_cpp_vendor/opt/yaml_cpp_vendor/include/yaml-cpp/emitfromevents.h
[52.680s] -- Installing: /opt/workspace/install/yaml_cpp_vendor/opt/yaml_cpp_vendor/include/yaml-cpp/null.h
[52.681s] -- Installing: /opt/workspace/install/yaml_cpp_vendor/opt/yaml_cpp_vendor/include/yaml-cpp/eventhandler.h
[52.681s] -- Installing: /opt/workspace/install/yaml_cpp_vendor/opt/yaml_cpp_vendor/include/yaml-cpp/dll.h
[52.681s] -- Installing: /opt/workspace/install/yaml_cpp_vendor/opt/yaml_cpp_vendor/include/yaml-cpp/traits.h
[52.682s] -- Installing: /opt/workspace/install/yaml_cpp_vendor/opt/yaml_cpp_vendor/include/yaml-cpp/mark.h
[52.682s] -- Installing: /opt/workspace/install/yaml_cpp_vendor/opt/yaml_cpp_vendor/include/yaml-cpp/exceptions.h
[52.683s] -- Installing: /opt/workspace/install/yaml_cpp_vendor/opt/yaml_cpp_vendor/include/yaml-cpp/binary.h
[52.683s] -- Installing: /opt/workspace/install/yaml_cpp_vendor/opt/yaml_cpp_vendor/include/yaml-cpp/anchor.h
[52.683s] -- Installing: /opt/workspace/install/yaml_cpp_vendor/opt/yaml_cpp_vendor/include/yaml-cpp/contrib
[52.683s] -- Installing: /opt/workspace/install/yaml_cpp_vendor/opt/yaml_cpp_vendor/include/yaml-cpp/contrib/anchordict.h
[52.684s] -- Installing: /opt/workspace/install/yaml_cpp_vendor/opt/yaml_cpp_vendor/include/yaml-cpp/contrib/graphbuilder.h
[52.684s] -- Installing: /opt/workspace/install/yaml_cpp_vendor/opt/yaml_cpp_vendor/include/yaml-cpp/emitterdef.h
[52.685s] -- Installing: /opt/workspace/install/yaml_cpp_vendor/opt/yaml_cpp_vendor/include/yaml-cpp/emitterstyle.h
[52.685s] -- Installing: /opt/workspace/install/yaml_cpp_vendor/opt/yaml_cpp_vendor/include/yaml-cpp/node
[52.685s] -- Installing: /opt/workspace/install/yaml_cpp_vendor/opt/yaml_cpp_vendor/include/yaml-cpp/node/type.h
[52.686s] -- Installing: /opt/workspace/install/yaml_cpp_vendor/opt/yaml_cpp_vendor/include/yaml-cpp/node/impl.h
[52.686s] -- Installing: /opt/workspace/install/yaml_cpp_vendor/opt/yaml_cpp_vendor/include/yaml-cpp/node/iterator.h
[52.686s] -- Installing: /opt/workspace/install/yaml_cpp_vendor/opt/yaml_cpp_vendor/include/yaml-cpp/node/node.h
[52.686s] -- Installing: /opt/workspace/install/yaml_cpp_vendor/opt/yaml_cpp_vendor/include/yaml-cpp/node/emit.h
[52.687s] -- Installing: /opt/workspace/install/yaml_cpp_vendor/opt/yaml_cpp_vendor/include/yaml-cpp/node/parse.h
[52.687s] -- Installing: /opt/workspace/install/yaml_cpp_vendor/opt/yaml_cpp_vendor/include/yaml-cpp/node/detail
[52.688s] -- Installing: /opt/workspace/install/yaml_cpp_vendor/opt/yaml_cpp_vendor/include/yaml-cpp/node/detail/impl.h
[52.688s] -- Installing: /opt/workspace/install/yaml_cpp_vendor/opt/yaml_cpp_vendor/include/yaml-cpp/node/detail/iterator_fwd.h
[52.688s] -- Installing: /opt/workspace/install/yaml_cpp_vendor/opt/yaml_cpp_vendor/include/yaml-cpp/node/detail/bool_type.h
[52.688s] -- Installing: /opt/workspace/install/yaml_cpp_vendor/opt/yaml_cpp_vendor/include/yaml-cpp/node/detail/iterator.h
[52.689s] -- Installing: /opt/workspace/install/yaml_cpp_vendor/opt/yaml_cpp_vendor/include/yaml-cpp/node/detail/node.h
[52.689s] -- Installing: /opt/workspace/install/yaml_cpp_vendor/opt/yaml_cpp_vendor/include/yaml-cpp/node/detail/memory.h
[52.689s] -- Installing: /opt/workspace/install/yaml_cpp_vendor/opt/yaml_cpp_vendor/include/yaml-cpp/node/detail/node_data.h
[52.697s] -- Installing: /opt/workspace/install/yaml_cpp_vendor/opt/yaml_cpp_vendor/include/yaml-cpp/node/detail/node_iterator.h
[52.698s] -- Installing: /opt/workspace/install/yaml_cpp_vendor/opt/yaml_cpp_vendor/include/yaml-cpp/node/detail/node_ref.h
[52.698s] -- Installing: /opt/workspace/install/yaml_cpp_vendor/opt/yaml_cpp_vendor/include/yaml-cpp/node/ptr.h
[52.704s] -- Installing: /opt/workspace/install/yaml_cpp_vendor/opt/yaml_cpp_vendor/include/yaml-cpp/node/convert.h
[52.704s] -- Installing: /opt/workspace/install/yaml_cpp_vendor/opt/yaml_cpp_vendor/include/yaml-cpp/stlemitter.h
[52.705s] -- Installing: /opt/workspace/install/yaml_cpp_vendor/opt/yaml_cpp_vendor/include/yaml-cpp/parser.h
[52.726s] -- Installing: /opt/workspace/install/yaml_cpp_vendor/opt/yaml_cpp_vendor/include/yaml-cpp/noncopyable.h
[52.726s] -- Installing: /opt/workspace/install/yaml_cpp_vendor/opt/yaml_cpp_vendor/include/yaml-cpp/emittermanip.h
[52.726s] -- Installing: /opt/workspace/install/yaml_cpp_vendor/opt/yaml_cpp_vendor/include/yaml-cpp/yaml.h
[52.726s] -- Installing: /opt/workspace/install/yaml_cpp_vendor/opt/yaml_cpp_vendor/include/yaml-cpp/ostream_wrapper.h
[52.726s] -- Installing: /opt/workspace/install/yaml_cpp_vendor/opt/yaml_cpp_vendor/include/yaml-cpp/emitter.h
[52.727s] -- Installing: /opt/workspace/install/yaml_cpp_vendor/share/yaml_cpp_vendor/environment/yaml_cpp_vendor_library_path.sh
[52.727s] -- Installing: /opt/workspace/install/yaml_cpp_vendor/share/yaml_cpp_vendor/environment/yaml_cpp_vendor_library_path.dsv
[52.727s] -- Installing: /opt/workspace/install/yaml_cpp_vendor/share/ament_index/resource_index/package_run_dependencies/yaml_cpp_vendor
[52.727s] -- Installing: /opt/workspace/install/yaml_cpp_vendor/share/ament_index/resource_index/parent_prefix_path/yaml_cpp_vendor
[52.727s] -- Installing: /opt/workspace/install/yaml_cpp_vendor/share/yaml_cpp_vendor/environment/ament_prefix_path.sh
[52.728s] -- Installing: /opt/workspace/install/yaml_cpp_vendor/share/yaml_cpp_vendor/environment/ament_prefix_path.dsv
[52.728s] -- Installing: /opt/workspace/install/yaml_cpp_vendor/share/yaml_cpp_vendor/environment/path.sh
[52.729s] -- Installing: /opt/workspace/install/yaml_cpp_vendor/share/yaml_cpp_vendor/environment/path.dsv
[52.729s] -- Installing: /opt/workspace/install/yaml_cpp_vendor/share/yaml_cpp_vendor/local_setup.bash
[52.729s] -- Installing: /opt/workspace/install/yaml_cpp_vendor/share/yaml_cpp_vendor/local_setup.sh
[52.729s] -- Installing: /opt/workspace/install/yaml_cpp_vendor/share/yaml_cpp_vendor/local_setup.zsh
[52.730s] -- Installing: /opt/workspace/install/yaml_cpp_vendor/share/yaml_cpp_vendor/local_setup.dsv
[52.730s] -- Installing: /opt/workspace/install/yaml_cpp_vendor/share/yaml_cpp_vendor/package.dsv
[52.730s] -- Installing: /opt/workspace/install/yaml_cpp_vendor/share/ament_index/resource_index/packages/yaml_cpp_vendor
[52.730s] -- Installing: /opt/workspace/install/yaml_cpp_vendor/share/yaml_cpp_vendor/cmake/yaml_cpp_vendor-extras.cmake
[52.730s] -- Installing: /opt/workspace/install/yaml_cpp_vendor/share/yaml_cpp_vendor/cmake/yaml_cpp_vendorConfig.cmake
[52.731s] -- Installing: /opt/workspace/install/yaml_cpp_vendor/share/yaml_cpp_vendor/cmake/yaml_cpp_vendorConfig-version.cmake
[52.731s] -- Installing: /opt/workspace/install/yaml_cpp_vendor/share/yaml_cpp_vendor/package.xml
[52.732s] Invoked command in '/opt/workspace/build/yaml_cpp_vendor' returned '0': AMENT_PREFIX_PATH=/opt/workspace/install/ament_cmake:/opt/workspace/install/ament_cmake_test:/opt/workspace/install/ament_cmake_target_dependencies:/opt/workspace/install/ament_cmake_export_interfaces:/opt/workspace/install/ament_cmake_export_dependencies:/opt/workspace/install/ament_cmake_version:/opt/workspace/install/ament_cmake_python:/opt/workspace/install/ament_cmake_libraries:/opt/workspace/install/ament_cmake_include_directories:/opt/workspace/install/ament_cmake_export_link_flags:/opt/workspace/install/ament_cmake_export_libraries:/opt/workspace/install/ament_cmake_export_include_directories:/opt/workspace/install/ament_cmake_export_definitions:/opt/workspace/install/ament_cmake_core:/opt/workspace/install/ament_package:${AMENT_PREFIX_PATH} CMAKE_PREFIX_PATH=/opt/workspace/install/ament_cmake:/opt/workspace/install/ament_cmake_test:/opt/workspace/install/ament_cmake_target_dependencies:/opt/workspace/install/ament_cmake_export_interfaces:/opt/workspace/install/ament_cmake_export_dependencies:/opt/workspace/install/ament_cmake_version:/opt/workspace/install/ament_cmake_python:/opt/workspace/install/ament_cmake_libraries:/opt/workspace/install/ament_cmake_include_directories:/opt/workspace/install/ament_cmake_export_link_flags:/opt/workspace/install/ament_cmake_export_libraries:/opt/workspace/install/ament_cmake_export_include_directories:/opt/workspace/install/ament_cmake_export_definitions:/opt/workspace/install/ament_cmake_core:/opt/ros/eloquent PYTHONPATH=/opt/workspace/install/ament_cmake_test/lib/python3.6/site-packages:/opt/workspace/install/ament_package/lib/python3.6/site-packages:${PYTHONPATH} /usr/bin/cmake --build /opt/workspace/build/yaml_cpp_vendor --target install -- -j8 -l8
