Determining if the pthread_create exist failed with the following output:
Change Dir: /opt/workspace/build/rosbag2_storage_default_plugins/CMakeFiles/CMakeTmp

Run Build Command:"/usr/bin/make" "cmTC_517cd/fast"
/usr/bin/make -f CMakeFiles/cmTC_517cd.dir/build.make CMakeFiles/cmTC_517cd.dir/build
make[1]: Entering directory '/opt/workspace/build/rosbag2_storage_default_plugins/CMakeFiles/CMakeTmp'
Building C object CMakeFiles/cmTC_517cd.dir/CheckSymbolExists.c.o
/usr/bin/cc    -o CMakeFiles/cmTC_517cd.dir/CheckSymbolExists.c.o   -c /opt/workspace/build/rosbag2_storage_default_plugins/CMakeFiles/CMakeTmp/CheckSymbolExists.c
Linking C executable cmTC_517cd
/usr/bin/cmake -E cmake_link_script CMakeFiles/cmTC_517cd.dir/link.txt --verbose=1
/usr/bin/cc      CMakeFiles/cmTC_517cd.dir/CheckSymbolExists.c.o  -o cmTC_517cd 
CMakeFiles/cmTC_517cd.dir/CheckSymbolExists.c.o: In function `main':
CheckSymbolExists.c:(.text+0x1b): undefined reference to `pthread_create'
collect2: error: ld returned 1 exit status
CMakeFiles/cmTC_517cd.dir/build.make:97: recipe for target 'cmTC_517cd' failed
make[1]: *** [cmTC_517cd] Error 1
make[1]: Leaving directory '/opt/workspace/build/rosbag2_storage_default_plugins/CMakeFiles/CMakeTmp'
Makefile:126: recipe for target 'cmTC_517cd/fast' failed
make: *** [cmTC_517cd/fast] Error 2

File /opt/workspace/build/rosbag2_storage_default_plugins/CMakeFiles/CMakeTmp/CheckSymbolExists.c:
/* */
#include <pthread.h>

int main(int argc, char** argv)
{
  (void)argv;
#ifndef pthread_create
  return ((int*)(&pthread_create))[argc];
#else
  (void)argc;
  return 0;
#endif
}

Determining if the function pthread_create exists in the pthreads failed with the following output:
Change Dir: /opt/workspace/build/rosbag2_storage_default_plugins/CMakeFiles/CMakeTmp

Run Build Command:"/usr/bin/make" "cmTC_252e0/fast"
/usr/bin/make -f CMakeFiles/cmTC_252e0.dir/build.make CMakeFiles/cmTC_252e0.dir/build
make[1]: Entering directory '/opt/workspace/build/rosbag2_storage_default_plugins/CMakeFiles/CMakeTmp'
Building C object CMakeFiles/cmTC_252e0.dir/CheckFunctionExists.c.o
/usr/bin/cc   -DCHECK_FUNCTION_EXISTS=pthread_create   -o CMakeFiles/cmTC_252e0.dir/CheckFunctionExists.c.o   -c /usr/share/cmake-3.10/Modules/CheckFunctionExists.c
Linking C executable cmTC_252e0
/usr/bin/cmake -E cmake_link_script CMakeFiles/cmTC_252e0.dir/link.txt --verbose=1
/usr/bin/cc  -DCHECK_FUNCTION_EXISTS=pthread_create    CMakeFiles/cmTC_252e0.dir/CheckFunctionExists.c.o  -o cmTC_252e0 -lpthreads 
/usr/bin/ld: cannot find -lpthreads
collect2: error: ld returned 1 exit status
CMakeFiles/cmTC_252e0.dir/build.make:97: recipe for target 'cmTC_252e0' failed
make[1]: *** [cmTC_252e0] Error 1
make[1]: Leaving directory '/opt/workspace/build/rosbag2_storage_default_plugins/CMakeFiles/CMakeTmp'
Makefile:126: recipe for target 'cmTC_252e0/fast' failed
make: *** [cmTC_252e0/fast] Error 2


