/opt/workspace/install/quality_of_service_demo_py/lib/python3.6/site-packages/quality_of_service_demo_py/__init__.py
/opt/workspace/install/quality_of_service_demo_py/lib/python3.6/site-packages/quality_of_service_demo_py/common_nodes.py
/opt/workspace/install/quality_of_service_demo_py/lib/python3.6/site-packages/quality_of_service_demo_py/lifespan.py
/opt/workspace/install/quality_of_service_demo_py/lib/python3.6/site-packages/quality_of_service_demo_py/liveliness.py
/opt/workspace/install/quality_of_service_demo_py/lib/python3.6/site-packages/quality_of_service_demo_py/deadline.py
/opt/workspace/install/quality_of_service_demo_py/lib/python3.6/site-packages/quality_of_service_demo_py/__pycache__/__init__.cpython-36.pyc
/opt/workspace/install/quality_of_service_demo_py/lib/python3.6/site-packages/quality_of_service_demo_py/__pycache__/common_nodes.cpython-36.pyc
/opt/workspace/install/quality_of_service_demo_py/lib/python3.6/site-packages/quality_of_service_demo_py/__pycache__/lifespan.cpython-36.pyc
/opt/workspace/install/quality_of_service_demo_py/lib/python3.6/site-packages/quality_of_service_demo_py/__pycache__/liveliness.cpython-36.pyc
/opt/workspace/install/quality_of_service_demo_py/lib/python3.6/site-packages/quality_of_service_demo_py/__pycache__/deadline.cpython-36.pyc
/opt/workspace/install/quality_of_service_demo_py/share/ament_index/resource_index/packages/quality_of_service_demo_py
/opt/workspace/install/quality_of_service_demo_py/share/quality_of_service_demo_py/package.xml
/opt/workspace/install/quality_of_service_demo_py/lib/python3.6/site-packages/quality_of_service_demo_py-0.8.4-py3.6.egg-info/dependency_links.txt
/opt/workspace/install/quality_of_service_demo_py/lib/python3.6/site-packages/quality_of_service_demo_py-0.8.4-py3.6.egg-info/zip-safe
/opt/workspace/install/quality_of_service_demo_py/lib/python3.6/site-packages/quality_of_service_demo_py-0.8.4-py3.6.egg-info/top_level.txt
/opt/workspace/install/quality_of_service_demo_py/lib/python3.6/site-packages/quality_of_service_demo_py-0.8.4-py3.6.egg-info/entry_points.txt
/opt/workspace/install/quality_of_service_demo_py/lib/python3.6/site-packages/quality_of_service_demo_py-0.8.4-py3.6.egg-info/requires.txt
/opt/workspace/install/quality_of_service_demo_py/lib/python3.6/site-packages/quality_of_service_demo_py-0.8.4-py3.6.egg-info/PKG-INFO
/opt/workspace/install/quality_of_service_demo_py/lib/python3.6/site-packages/quality_of_service_demo_py-0.8.4-py3.6.egg-info/SOURCES.txt
/opt/workspace/install/quality_of_service_demo_py/lib/quality_of_service_demo_py/deadline
/opt/workspace/install/quality_of_service_demo_py/lib/quality_of_service_demo_py/lifespan
/opt/workspace/install/quality_of_service_demo_py/lib/quality_of_service_demo_py/liveliness
