[0.465s] [ 57%] Built target ament_index_cpp
[0.483s] [ 71%] Built target gtest
[0.503s] [ 85%] Built target gtest_main
[0.563s] [100%] Built target ament_index_cpp_utest
[0.979s] [ 14%] Built target gtest_main
[0.993s] [ 28%] Built target gtest
[1.003s] [ 85%] Built target ament_index_cpp
[1.060s] [100%] Built target ament_index_cpp_utest
[1.116s] [36mInstall the project...[0m
[1.140s] -- Install configuration: ""
[1.141s] -- Up-to-date: /opt/workspace/install/ament_index_cpp/share/ament_index_cpp/environment/library_path.sh
[1.142s] -- Up-to-date: /opt/workspace/install/ament_index_cpp/share/ament_index_cpp/environment/library_path.dsv
[1.143s] -- Up-to-date: /opt/workspace/install/ament_index_cpp/share/ament_index/resource_index/package_run_dependencies/ament_index_cpp
[1.143s] -- Up-to-date: /opt/workspace/install/ament_index_cpp/share/ament_index/resource_index/parent_prefix_path/ament_index_cpp
[1.144s] -- Up-to-date: /opt/workspace/install/ament_index_cpp/share/ament_index_cpp/environment/ament_prefix_path.sh
[1.144s] -- Up-to-date: /opt/workspace/install/ament_index_cpp/share/ament_index_cpp/environment/ament_prefix_path.dsv
[1.150s] -- Up-to-date: /opt/workspace/install/ament_index_cpp/share/ament_index_cpp/environment/path.sh
[1.150s] -- Up-to-date: /opt/workspace/install/ament_index_cpp/share/ament_index_cpp/environment/path.dsv
[1.151s] -- Up-to-date: /opt/workspace/install/ament_index_cpp/share/ament_index_cpp/local_setup.bash
[1.151s] -- Up-to-date: /opt/workspace/install/ament_index_cpp/share/ament_index_cpp/local_setup.sh
[1.151s] -- Up-to-date: /opt/workspace/install/ament_index_cpp/share/ament_index_cpp/local_setup.zsh
[1.151s] -- Up-to-date: /opt/workspace/install/ament_index_cpp/share/ament_index_cpp/local_setup.dsv
[1.152s] -- Installing: /opt/workspace/install/ament_index_cpp/share/ament_index_cpp/package.dsv
[1.152s] -- Up-to-date: /opt/workspace/install/ament_index_cpp/share/ament_index/resource_index/packages/ament_index_cpp
[1.152s] -- Up-to-date: /opt/workspace/install/ament_index_cpp/share/ament_index_cpp/cmake/export_ament_index_cppExport.cmake
[1.152s] -- Up-to-date: /opt/workspace/install/ament_index_cpp/share/ament_index_cpp/cmake/export_ament_index_cppExport-noconfig.cmake
[1.153s] -- Up-to-date: /opt/workspace/install/ament_index_cpp/share/ament_index_cpp/cmake/ament_cmake_export_include_directories-extras.cmake
[1.153s] -- Up-to-date: /opt/workspace/install/ament_index_cpp/share/ament_index_cpp/cmake/ament_cmake_export_interfaces-extras.cmake
[1.153s] -- Up-to-date: /opt/workspace/install/ament_index_cpp/share/ament_index_cpp/cmake/ament_cmake_export_libraries-extras.cmake
[1.154s] -- Up-to-date: /opt/workspace/install/ament_index_cpp/share/ament_index_cpp/cmake/ament_index_cppConfig.cmake
[1.154s] -- Up-to-date: /opt/workspace/install/ament_index_cpp/share/ament_index_cpp/cmake/ament_index_cppConfig-version.cmake
[1.154s] -- Up-to-date: /opt/workspace/install/ament_index_cpp/share/ament_index_cpp/package.xml
[1.155s] -- Up-to-date: /opt/workspace/install/ament_index_cpp/include
[1.155s] -- Up-to-date: /opt/workspace/install/ament_index_cpp/include/ament_index_cpp
[1.155s] -- Up-to-date: /opt/workspace/install/ament_index_cpp/include/ament_index_cpp/get_packages_with_prefixes.hpp
[1.155s] -- Up-to-date: /opt/workspace/install/ament_index_cpp/include/ament_index_cpp/get_package_prefix.hpp
[1.156s] -- Up-to-date: /opt/workspace/install/ament_index_cpp/include/ament_index_cpp/visibility_control.h
[1.156s] -- Up-to-date: /opt/workspace/install/ament_index_cpp/include/ament_index_cpp/get_resource.hpp
[1.156s] -- Up-to-date: /opt/workspace/install/ament_index_cpp/include/ament_index_cpp/get_search_paths.hpp
[1.156s] -- Up-to-date: /opt/workspace/install/ament_index_cpp/include/ament_index_cpp/get_package_share_directory.hpp
[1.158s] -- Up-to-date: /opt/workspace/install/ament_index_cpp/include/ament_index_cpp/has_resource.hpp
[1.159s] -- Up-to-date: /opt/workspace/install/ament_index_cpp/include/ament_index_cpp/get_resources.hpp
[1.159s] -- Up-to-date: /opt/workspace/install/ament_index_cpp/lib/libament_index_cpp.so
