[0.239s] [ 50%] Built target singleproducerconsumer
[0.241s] [100%] Built target concurrentqueue
[2.169s] [ 50%] Built target concurrentqueue
[2.169s] [100%] Built target singleproducerconsumer
[2.170s] [36mInstall the project...[0m
[2.170s] -- Install configuration: ""
[2.170s] -- Up-to-date: /opt/workspace/install/shared_queues_vendor/include/moodycamel/atomicops.h
[2.170s] -- Up-to-date: /opt/workspace/install/shared_queues_vendor/include/moodycamel/readerwriterqueue.h
[2.171s] -- Up-to-date: /opt/workspace/install/shared_queues_vendor/include/moodycamel/concurrentqueue.h
[2.171s] -- Up-to-date: /opt/workspace/install/shared_queues_vendor/include/moodycamel/blockingconcurrentqueue.h
[2.171s] -- Up-to-date: /opt/workspace/install/shared_queues_vendor/share/ament_index/resource_index/package_run_dependencies/shared_queues_vendor
[2.171s] -- Up-to-date: /opt/workspace/install/shared_queues_vendor/share/ament_index/resource_index/parent_prefix_path/shared_queues_vendor
[2.171s] -- Up-to-date: /opt/workspace/install/shared_queues_vendor/share/shared_queues_vendor/environment/ament_prefix_path.sh
[2.172s] -- Up-to-date: /opt/workspace/install/shared_queues_vendor/share/shared_queues_vendor/environment/ament_prefix_path.dsv
[2.172s] -- Up-to-date: /opt/workspace/install/shared_queues_vendor/share/shared_queues_vendor/environment/path.sh
[2.172s] -- Up-to-date: /opt/workspace/install/shared_queues_vendor/share/shared_queues_vendor/environment/path.dsv
[2.172s] -- Up-to-date: /opt/workspace/install/shared_queues_vendor/share/shared_queues_vendor/local_setup.bash
[2.172s] -- Up-to-date: /opt/workspace/install/shared_queues_vendor/share/shared_queues_vendor/local_setup.sh
[2.173s] -- Up-to-date: /opt/workspace/install/shared_queues_vendor/share/shared_queues_vendor/local_setup.zsh
[2.173s] -- Up-to-date: /opt/workspace/install/shared_queues_vendor/share/shared_queues_vendor/local_setup.dsv
[2.173s] -- Installing: /opt/workspace/install/shared_queues_vendor/share/shared_queues_vendor/package.dsv
[2.173s] -- Up-to-date: /opt/workspace/install/shared_queues_vendor/share/ament_index/resource_index/packages/shared_queues_vendor
[2.173s] -- Up-to-date: /opt/workspace/install/shared_queues_vendor/share/shared_queues_vendor/cmake/ament_cmake_export_include_directories-extras.cmake
[2.174s] -- Up-to-date: /opt/workspace/install/shared_queues_vendor/share/shared_queues_vendor/cmake/shared_queues_vendorConfig.cmake
[2.174s] -- Up-to-date: /opt/workspace/install/shared_queues_vendor/share/shared_queues_vendor/cmake/shared_queues_vendorConfig-version.cmake
[2.174s] -- Up-to-date: /opt/workspace/install/shared_queues_vendor/share/shared_queues_vendor/package.xml
