/opt/workspace/install/ament_copyright/lib/python3.6/site-packages/ament_copyright/__init__.py
/opt/workspace/install/ament_copyright/lib/python3.6/site-packages/ament_copyright/pytest_marker.py
/opt/workspace/install/ament_copyright/lib/python3.6/site-packages/ament_copyright/crawler.py
/opt/workspace/install/ament_copyright/lib/python3.6/site-packages/ament_copyright/licenses.py
/opt/workspace/install/ament_copyright/lib/python3.6/site-packages/ament_copyright/main.py
/opt/workspace/install/ament_copyright/lib/python3.6/site-packages/ament_copyright/parser.py
/opt/workspace/install/ament_copyright/lib/python3.6/site-packages/ament_copyright/copyright_names.py
/opt/workspace/install/ament_copyright/lib/python3.6/site-packages/ament_copyright/template/mit_license.txt
/opt/workspace/install/ament_copyright/lib/python3.6/site-packages/ament_copyright/template/bsd2_header.txt
/opt/workspace/install/ament_copyright/lib/python3.6/site-packages/ament_copyright/template/lgplv3_contributing.txt
/opt/workspace/install/ament_copyright/lib/python3.6/site-packages/ament_copyright/template/apache2_license.txt
/opt/workspace/install/ament_copyright/lib/python3.6/site-packages/ament_copyright/template/lgplv3_header.txt
/opt/workspace/install/ament_copyright/lib/python3.6/site-packages/ament_copyright/template/gplv3_license.txt
/opt/workspace/install/ament_copyright/lib/python3.6/site-packages/ament_copyright/template/bsd2_license.txt
/opt/workspace/install/ament_copyright/lib/python3.6/site-packages/ament_copyright/template/mit_contributing.txt
/opt/workspace/install/ament_copyright/lib/python3.6/site-packages/ament_copyright/template/bsd2_contributing.txt
/opt/workspace/install/ament_copyright/lib/python3.6/site-packages/ament_copyright/template/mit_header.txt
/opt/workspace/install/ament_copyright/lib/python3.6/site-packages/ament_copyright/template/gplv3_contributing.txt
/opt/workspace/install/ament_copyright/lib/python3.6/site-packages/ament_copyright/template/lgplv3_license.txt
/opt/workspace/install/ament_copyright/lib/python3.6/site-packages/ament_copyright/template/apache2_contributing.txt
/opt/workspace/install/ament_copyright/lib/python3.6/site-packages/ament_copyright/template/gplv3_header.txt
/opt/workspace/install/ament_copyright/lib/python3.6/site-packages/ament_copyright/template/apache2_header.txt
/opt/workspace/install/ament_copyright/lib/python3.6/site-packages/ament_copyright/__pycache__/__init__.cpython-36.pyc
/opt/workspace/install/ament_copyright/lib/python3.6/site-packages/ament_copyright/__pycache__/pytest_marker.cpython-36.pyc
/opt/workspace/install/ament_copyright/lib/python3.6/site-packages/ament_copyright/__pycache__/crawler.cpython-36.pyc
/opt/workspace/install/ament_copyright/lib/python3.6/site-packages/ament_copyright/__pycache__/licenses.cpython-36.pyc
/opt/workspace/install/ament_copyright/lib/python3.6/site-packages/ament_copyright/__pycache__/main.cpython-36.pyc
/opt/workspace/install/ament_copyright/lib/python3.6/site-packages/ament_copyright/__pycache__/parser.cpython-36.pyc
/opt/workspace/install/ament_copyright/lib/python3.6/site-packages/ament_copyright/__pycache__/copyright_names.cpython-36.pyc
/opt/workspace/install/ament_copyright/share/ament_copyright/package.xml
/opt/workspace/install/ament_copyright/share/ament_index/resource_index/packages/ament_copyright
/opt/workspace/install/ament_copyright/lib/python3.6/site-packages/ament_copyright-0.8.1-py3.6.egg-info/dependency_links.txt
/opt/workspace/install/ament_copyright/lib/python3.6/site-packages/ament_copyright-0.8.1-py3.6.egg-info/not-zip-safe
/opt/workspace/install/ament_copyright/lib/python3.6/site-packages/ament_copyright-0.8.1-py3.6.egg-info/top_level.txt
/opt/workspace/install/ament_copyright/lib/python3.6/site-packages/ament_copyright-0.8.1-py3.6.egg-info/entry_points.txt
/opt/workspace/install/ament_copyright/lib/python3.6/site-packages/ament_copyright-0.8.1-py3.6.egg-info/requires.txt
/opt/workspace/install/ament_copyright/lib/python3.6/site-packages/ament_copyright-0.8.1-py3.6.egg-info/PKG-INFO
/opt/workspace/install/ament_copyright/lib/python3.6/site-packages/ament_copyright-0.8.1-py3.6.egg-info/SOURCES.txt
/opt/workspace/install/ament_copyright/bin/ament_copyright
