/opt/workspace/install/ros2action/lib/python3.6/site-packages/ros2action/__init__.py
/opt/workspace/install/ros2action/lib/python3.6/site-packages/ros2action/api/__init__.py
/opt/workspace/install/ros2action/lib/python3.6/site-packages/ros2action/verb/show.py
/opt/workspace/install/ros2action/lib/python3.6/site-packages/ros2action/verb/__init__.py
/opt/workspace/install/ros2action/lib/python3.6/site-packages/ros2action/verb/send_goal.py
/opt/workspace/install/ros2action/lib/python3.6/site-packages/ros2action/verb/list.py
/opt/workspace/install/ros2action/lib/python3.6/site-packages/ros2action/verb/info.py
/opt/workspace/install/ros2action/lib/python3.6/site-packages/ros2action/command/__init__.py
/opt/workspace/install/ros2action/lib/python3.6/site-packages/ros2action/command/action.py
/opt/workspace/install/ros2action/lib/python3.6/site-packages/ros2action/__pycache__/__init__.cpython-36.pyc
/opt/workspace/install/ros2action/lib/python3.6/site-packages/ros2action/api/__pycache__/__init__.cpython-36.pyc
/opt/workspace/install/ros2action/lib/python3.6/site-packages/ros2action/verb/__pycache__/show.cpython-36.pyc
/opt/workspace/install/ros2action/lib/python3.6/site-packages/ros2action/verb/__pycache__/__init__.cpython-36.pyc
/opt/workspace/install/ros2action/lib/python3.6/site-packages/ros2action/verb/__pycache__/send_goal.cpython-36.pyc
/opt/workspace/install/ros2action/lib/python3.6/site-packages/ros2action/verb/__pycache__/list.cpython-36.pyc
/opt/workspace/install/ros2action/lib/python3.6/site-packages/ros2action/verb/__pycache__/info.cpython-36.pyc
/opt/workspace/install/ros2action/lib/python3.6/site-packages/ros2action/command/__pycache__/__init__.cpython-36.pyc
/opt/workspace/install/ros2action/lib/python3.6/site-packages/ros2action/command/__pycache__/action.cpython-36.pyc
/opt/workspace/install/ros2action/share/ros2action/package.xml
/opt/workspace/install/ros2action/share/ament_index/resource_index/packages/ros2action
/opt/workspace/install/ros2action/lib/python3.6/site-packages/ros2action-0.8.7-py3.6.egg-info/dependency_links.txt
/opt/workspace/install/ros2action/lib/python3.6/site-packages/ros2action-0.8.7-py3.6.egg-info/zip-safe
/opt/workspace/install/ros2action/lib/python3.6/site-packages/ros2action-0.8.7-py3.6.egg-info/top_level.txt
/opt/workspace/install/ros2action/lib/python3.6/site-packages/ros2action-0.8.7-py3.6.egg-info/entry_points.txt
/opt/workspace/install/ros2action/lib/python3.6/site-packages/ros2action-0.8.7-py3.6.egg-info/requires.txt
/opt/workspace/install/ros2action/lib/python3.6/site-packages/ros2action-0.8.7-py3.6.egg-info/PKG-INFO
/opt/workspace/install/ros2action/lib/python3.6/site-packages/ros2action-0.8.7-py3.6.egg-info/SOURCES.txt
