/opt/workspace/install/ros2msg/lib/python3.6/site-packages/ros2msg/__init__.py
/opt/workspace/install/ros2msg/lib/python3.6/site-packages/ros2msg/api/__init__.py
/opt/workspace/install/ros2msg/lib/python3.6/site-packages/ros2msg/verb/show.py
/opt/workspace/install/ros2msg/lib/python3.6/site-packages/ros2msg/verb/__init__.py
/opt/workspace/install/ros2msg/lib/python3.6/site-packages/ros2msg/verb/package.py
/opt/workspace/install/ros2msg/lib/python3.6/site-packages/ros2msg/verb/list.py
/opt/workspace/install/ros2msg/lib/python3.6/site-packages/ros2msg/verb/packages.py
/opt/workspace/install/ros2msg/lib/python3.6/site-packages/ros2msg/command/__init__.py
/opt/workspace/install/ros2msg/lib/python3.6/site-packages/ros2msg/command/msg.py
/opt/workspace/install/ros2msg/lib/python3.6/site-packages/ros2msg/__pycache__/__init__.cpython-36.pyc
/opt/workspace/install/ros2msg/lib/python3.6/site-packages/ros2msg/api/__pycache__/__init__.cpython-36.pyc
/opt/workspace/install/ros2msg/lib/python3.6/site-packages/ros2msg/verb/__pycache__/show.cpython-36.pyc
/opt/workspace/install/ros2msg/lib/python3.6/site-packages/ros2msg/verb/__pycache__/__init__.cpython-36.pyc
/opt/workspace/install/ros2msg/lib/python3.6/site-packages/ros2msg/verb/__pycache__/package.cpython-36.pyc
/opt/workspace/install/ros2msg/lib/python3.6/site-packages/ros2msg/verb/__pycache__/list.cpython-36.pyc
/opt/workspace/install/ros2msg/lib/python3.6/site-packages/ros2msg/verb/__pycache__/packages.cpython-36.pyc
/opt/workspace/install/ros2msg/lib/python3.6/site-packages/ros2msg/command/__pycache__/__init__.cpython-36.pyc
/opt/workspace/install/ros2msg/lib/python3.6/site-packages/ros2msg/command/__pycache__/msg.cpython-36.pyc
/opt/workspace/install/ros2msg/share/ros2msg/package.xml
/opt/workspace/install/ros2msg/share/ament_index/resource_index/packages/ros2msg
/opt/workspace/install/ros2msg/lib/python3.6/site-packages/ros2msg-0.8.7-py3.6.egg-info/dependency_links.txt
/opt/workspace/install/ros2msg/lib/python3.6/site-packages/ros2msg-0.8.7-py3.6.egg-info/zip-safe
/opt/workspace/install/ros2msg/lib/python3.6/site-packages/ros2msg-0.8.7-py3.6.egg-info/top_level.txt
/opt/workspace/install/ros2msg/lib/python3.6/site-packages/ros2msg-0.8.7-py3.6.egg-info/entry_points.txt
/opt/workspace/install/ros2msg/lib/python3.6/site-packages/ros2msg-0.8.7-py3.6.egg-info/requires.txt
/opt/workspace/install/ros2msg/lib/python3.6/site-packages/ros2msg-0.8.7-py3.6.egg-info/PKG-INFO
/opt/workspace/install/ros2msg/lib/python3.6/site-packages/ros2msg-0.8.7-py3.6.egg-info/SOURCES.txt
