[0.445s] -- The C compiler identification is GNU 7.4.0
[0.579s] -- The CXX compiler identification is GNU 7.4.0
[0.597s] -- Check for working C compiler: /usr/bin/cc
[0.775s] -- Check for working C compiler: /usr/bin/cc -- works
[0.777s] -- Detecting C compiler ABI info
[0.945s] -- Detecting C compiler ABI info - done
[0.959s] -- Detecting C compile features
[1.413s] -- Detecting C compile features - done
[1.422s] -- Check for working CXX compiler: /usr/bin/c++
[1.600s] -- Check for working CXX compiler: /usr/bin/c++ -- works
[1.602s] -- Detecting CXX compiler ABI info
[1.794s] -- Detecting CXX compiler ABI info - done
[1.808s] -- Detecting CXX compile features
[2.596s] -- Detecting CXX compile features - done
[2.607s] -- Found ament_cmake: 0.8.2 (/opt/workspace/install/ament_cmake/share/ament_cmake/cmake)
[2.711s] -- Found PythonInterp: /usr/bin/python3 (found suitable version "3.6.9", minimum required is "3") 
[2.712s] -- Using PYTHON_EXECUTABLE: /usr/bin/python3
[3.295s] -- Found rclcpp: 0.8.4 (/opt/workspace/install/rclcpp/share/rclcpp/cmake)
[3.389s] -- Found rosidl_adapter: 0.8.2 (/opt/workspace/install/rosidl_adapter/share/rosidl_adapter/cmake)
[3.481s] -- Found rmw_implementation_cmake: 0.8.1 (/opt/workspace/install/rmw_implementation_cmake/share/rmw_implementation_cmake/cmake)
[3.494s] -- Using RMW implementation 'rmw_fastrtps_cpp' as default
[3.495s] -- Looking for pthread.h
[3.662s] -- Looking for pthread.h - found
[3.663s] -- Looking for pthread_create
[3.843s] -- Looking for pthread_create - not found
[3.844s] -- Looking for pthread_create in pthreads
[3.984s] -- Looking for pthread_create in pthreads - not found
[3.985s] -- Looking for pthread_create in pthread
[4.148s] -- Looking for pthread_create in pthread - found
[4.151s] -- Found Threads: TRUE  
[4.575s] -- Configuring done
[4.619s] -- Generating done
[4.626s] -- Build files have been written to: /opt/workspace/build/examples_rclcpp_minimal_timer
[4.757s] [35m[1mScanning dependencies of target timer_member_function[0m
[4.841s] [ 25%] [32mBuilding CXX object CMakeFiles/timer_member_function.dir/member_function.cpp.o[0m
[7.924s] [ 50%] [32m[1mLinking CXX executable timer_member_function[0m
[8.403s] [ 50%] Built target timer_member_function
[8.433s] [35m[1mScanning dependencies of target timer_lambda[0m
[8.514s] [ 75%] [32mBuilding CXX object CMakeFiles/timer_lambda.dir/lambda.cpp.o[0m
[11.630s] [100%] [32m[1mLinking CXX executable timer_lambda[0m
[12.135s] [100%] Built target timer_lambda
[12.390s] [ 50%] Built target timer_member_function
[12.457s] [100%] Built target timer_lambda
[12.505s] [36mInstall the project...[0m
[12.526s] -- Install configuration: ""
[12.527s] -- Installing: /opt/workspace/install/examples_rclcpp_minimal_timer/lib/examples_rclcpp_minimal_timer/timer_lambda
[12.528s] -- Set runtime path of "/opt/workspace/install/examples_rclcpp_minimal_timer/lib/examples_rclcpp_minimal_timer/timer_lambda" to ""
[12.528s] -- Installing: /opt/workspace/install/examples_rclcpp_minimal_timer/lib/examples_rclcpp_minimal_timer/timer_member_function
[12.529s] -- Set runtime path of "/opt/workspace/install/examples_rclcpp_minimal_timer/lib/examples_rclcpp_minimal_timer/timer_member_function" to ""
[12.530s] -- Installing: /opt/workspace/install/examples_rclcpp_minimal_timer/share/ament_index/resource_index/package_run_dependencies/examples_rclcpp_minimal_timer
[12.530s] -- Installing: /opt/workspace/install/examples_rclcpp_minimal_timer/share/ament_index/resource_index/parent_prefix_path/examples_rclcpp_minimal_timer
[12.531s] -- Installing: /opt/workspace/install/examples_rclcpp_minimal_timer/share/examples_rclcpp_minimal_timer/environment/ament_prefix_path.sh
[12.531s] -- Installing: /opt/workspace/install/examples_rclcpp_minimal_timer/share/examples_rclcpp_minimal_timer/environment/ament_prefix_path.dsv
[12.532s] -- Installing: /opt/workspace/install/examples_rclcpp_minimal_timer/share/examples_rclcpp_minimal_timer/environment/path.sh
[12.532s] -- Installing: /opt/workspace/install/examples_rclcpp_minimal_timer/share/examples_rclcpp_minimal_timer/environment/path.dsv
[12.532s] -- Installing: /opt/workspace/install/examples_rclcpp_minimal_timer/share/examples_rclcpp_minimal_timer/local_setup.bash
[12.532s] -- Installing: /opt/workspace/install/examples_rclcpp_minimal_timer/share/examples_rclcpp_minimal_timer/local_setup.sh
[12.533s] -- Installing: /opt/workspace/install/examples_rclcpp_minimal_timer/share/examples_rclcpp_minimal_timer/local_setup.zsh
[12.533s] -- Installing: /opt/workspace/install/examples_rclcpp_minimal_timer/share/examples_rclcpp_minimal_timer/local_setup.dsv
[12.533s] -- Installing: /opt/workspace/install/examples_rclcpp_minimal_timer/share/examples_rclcpp_minimal_timer/package.dsv
[12.534s] -- Installing: /opt/workspace/install/examples_rclcpp_minimal_timer/share/ament_index/resource_index/packages/examples_rclcpp_minimal_timer
[12.534s] -- Installing: /opt/workspace/install/examples_rclcpp_minimal_timer/share/examples_rclcpp_minimal_timer/cmake/examples_rclcpp_minimal_timerConfig.cmake
[12.535s] -- Installing: /opt/workspace/install/examples_rclcpp_minimal_timer/share/examples_rclcpp_minimal_timer/cmake/examples_rclcpp_minimal_timerConfig-version.cmake
[12.535s] -- Installing: /opt/workspace/install/examples_rclcpp_minimal_timer/share/examples_rclcpp_minimal_timer/package.xml
