[0.489s] /usr/bin/cmake: /opt/workspace/install/libcurl_vendor/opt/libcurl_vendor/lib/libcurl.so.4: no version information available (required by /usr/bin/cmake)
[8.821s] /usr/bin/cmake: /opt/workspace/install/libcurl_vendor/opt/libcurl_vendor/lib/libcurl.so.4: no version information available (required by /usr/bin/cmake)
[8.874s] /usr/bin/cmake: /opt/workspace/install/libcurl_vendor/opt/libcurl_vendor/lib/libcurl.so.4: no version information available (required by /usr/bin/cmake)
[8.915s] /usr/bin/cmake: /opt/workspace/install/libcurl_vendor/opt/libcurl_vendor/lib/libcurl.so.4: no version information available (required by /usr/bin/cmake)
[8.982s] /usr/bin/cmake: /opt/workspace/install/libcurl_vendor/opt/libcurl_vendor/lib/libcurl.so.4: no version information available (required by /usr/bin/cmake)
[9.019s] /usr/bin/cmake: /opt/workspace/install/libcurl_vendor/opt/libcurl_vendor/lib/libcurl.so.4: no version information available (required by /usr/bin/cmake)
[9.079s] /usr/bin/cmake: /opt/workspace/install/libcurl_vendor/opt/libcurl_vendor/lib/libcurl.so.4: no version information available (required by /usr/bin/cmake)
[9.091s] /usr/bin/cmake: /opt/workspace/install/libcurl_vendor/opt/libcurl_vendor/lib/libcurl.so.4: no version information available (required by /usr/bin/cmake)
[9.132s] /usr/bin/cmake: /opt/workspace/install/libcurl_vendor/opt/libcurl_vendor/lib/libcurl.so.4: no version information available (required by /usr/bin/cmake)
[9.145s] /usr/bin/cmake: /opt/workspace/install/libcurl_vendor/opt/libcurl_vendor/lib/libcurl.so.4: no version information available (required by /usr/bin/cmake)
[9.312s] /usr/bin/cmake: /opt/workspace/install/libcurl_vendor/opt/libcurl_vendor/lib/libcurl.so.4: no version information available (required by /usr/bin/cmake)
[9.388s] /usr/bin/cmake: /opt/workspace/install/libcurl_vendor/opt/libcurl_vendor/lib/libcurl.so.4: no version information available (required by /usr/bin/cmake)
[9.475s] /usr/bin/cmake: /opt/workspace/install/libcurl_vendor/opt/libcurl_vendor/lib/libcurl.so.4: no version information available (required by /usr/bin/cmake)
[9.563s] /usr/bin/cmake: /opt/workspace/install/libcurl_vendor/opt/libcurl_vendor/lib/libcurl.so.4: no version information available (required by /usr/bin/cmake)
[9.721s] /usr/bin/cmake: /opt/workspace/install/libcurl_vendor/opt/libcurl_vendor/lib/libcurl.so.4: no version information available (required by /usr/bin/cmake)
[9.832s] /usr/bin/cmake: /opt/workspace/install/libcurl_vendor/opt/libcurl_vendor/lib/libcurl.so.4: no version information available (required by /usr/bin/cmake)
[10.000s] /usr/bin/cmake/usr/bin/cmake: /opt/workspace/install/libcurl_vendor/opt/libcurl_vendor/lib/libcurl.so.4: no version information available (required by /usr/bin/cmake): /opt/workspace/install/libcurl_vendor/opt/libcurl_vendor/lib/libcurl.so.4
[10.001s] : no version information available (required by /usr/bin/cmake)
[16.247s] /usr/bin/cmake: /opt/workspace/install/libcurl_vendor/opt/libcurl_vendor/lib/libcurl.so.4: no version information available (required by /usr/bin/cmake)
[16.265s] /usr/bin/cmake: /opt/workspace/install/libcurl_vendor/opt/libcurl_vendor/lib/libcurl.so.4: no version information available (required by /usr/bin/cmake)
[16.282s] /usr/bin/cmake: /opt/workspace/install/libcurl_vendor/opt/libcurl_vendor/lib/libcurl.so.4: no version information available (required by /usr/bin/cmake)
[16.332s] /usr/bin/cmake: /opt/workspace/install/libcurl_vendor/opt/libcurl_vendor/lib/libcurl.so.4: no version information available (required by /usr/bin/cmake)
[18.469s] /usr/bin/cmake: /opt/workspace/install/libcurl_vendor/opt/libcurl_vendor/lib/libcurl.so.4: no version information available (required by /usr/bin/cmake)
[18.488s] /usr/bin/cmake: /opt/workspace/install/libcurl_vendor/opt/libcurl_vendor/lib/libcurl.so.4: no version information available (required by /usr/bin/cmake)
[18.525s] /usr/bin/cmake: /opt/workspace/install/libcurl_vendor/opt/libcurl_vendor/lib/libcurl.so.4: no version information available (required by /usr/bin/cmake)
[19.626s] /usr/bin/cmake: /opt/workspace/install/libcurl_vendor/opt/libcurl_vendor/lib/libcurl.so.4: no version information available (required by /usr/bin/cmake)
[19.667s] /usr/bin/cmake: /opt/workspace/install/libcurl_vendor/opt/libcurl_vendor/lib/libcurl.so.4: no version information available (required by /usr/bin/cmake)
[19.684s] /usr/bin/cmake: /opt/workspace/install/libcurl_vendor/opt/libcurl_vendor/lib/libcurl.so.4: no version information available (required by /usr/bin/cmake)
[19.702s] /usr/bin/cmake: /opt/workspace/install/libcurl_vendor/opt/libcurl_vendor/lib/libcurl.so.4: no version information available (required by /usr/bin/cmake)
[19.732s] /usr/bin/cmake: /opt/workspace/install/libcurl_vendor/opt/libcurl_vendor/lib/libcurl.so.4: no version information available (required by /usr/bin/cmake)
[19.765s] /usr/bin/cmake: /opt/workspace/install/libcurl_vendor/opt/libcurl_vendor/lib/libcurl.so.4: no version information available (required by /usr/bin/cmake)
[21.215s] /usr/bin/cmake: /opt/workspace/install/libcurl_vendor/opt/libcurl_vendor/lib/libcurl.so.4: no version information available (required by /usr/bin/cmake)
[21.223s] /usr/bin/cmake: /opt/workspace/install/libcurl_vendor/opt/libcurl_vendor/lib/libcurl.so.4: no version information available (required by /usr/bin/cmake)
[21.538s] /usr/bin/cmake: /opt/workspace/install/libcurl_vendor/opt/libcurl_vendor/lib/libcurl.so.4: no version information available (required by /usr/bin/cmake)
[22.565s] /usr/bin/cmake: /opt/workspace/install/libcurl_vendor/opt/libcurl_vendor/lib/libcurl.so.4: no version information available (required by /usr/bin/cmake)
[23.590s] /usr/bin/cmake: /opt/workspace/install/libcurl_vendor/opt/libcurl_vendor/lib/libcurl.so.4: no version information available (required by /usr/bin/cmake)
[24.672s] /usr/bin/cmake: /opt/workspace/install/libcurl_vendor/opt/libcurl_vendor/lib/libcurl.so.4: no version information available (required by /usr/bin/cmake)
[25.755s] /usr/bin/cmake: /opt/workspace/install/libcurl_vendor/opt/libcurl_vendor/lib/libcurl.so.4: no version information available (required by /usr/bin/cmake)
[30.970s] /usr/bin/cmake: /opt/workspace/install/libcurl_vendor/opt/libcurl_vendor/lib/libcurl.so.4: no version information available (required by /usr/bin/cmake)
[33.449s] /usr/bin/cmake: /opt/workspace/install/libcurl_vendor/opt/libcurl_vendor/lib/libcurl.so.4: no version information available (required by /usr/bin/cmake)
[36.066s] /usr/bin/cmake: /opt/workspace/install/libcurl_vendor/opt/libcurl_vendor/lib/libcurl.so.4: no version information available (required by /usr/bin/cmake)
[36.066s] /usr/bin/cmake: /opt/workspace/install/libcurl_vendor/opt/libcurl_vendor/lib/libcurl.so.4: no version information available (required by /usr/bin/cmake)
[36.071s] /usr/bin/cmake: /opt/workspace/install/libcurl_vendor/opt/libcurl_vendor/lib/libcurl.so.4: no version information available (required by /usr/bin/cmake)
[37.094s] /usr/bin/cmake: /opt/workspace/install/libcurl_vendor/opt/libcurl_vendor/lib/libcurl.so.4: no version information available (required by /usr/bin/cmake)
[37.936s] /usr/bin/cmake: /opt/workspace/install/libcurl_vendor/opt/libcurl_vendor/lib/libcurl.so.4: no version information available (required by /usr/bin/cmake)
[37.969s] /usr/bin/cmake: /opt/workspace/install/libcurl_vendor/opt/libcurl_vendor/lib/libcurl.so.4: no version information available (required by /usr/bin/cmake)
[39.056s] /usr/bin/cmake: /opt/workspace/install/libcurl_vendor/opt/libcurl_vendor/lib/libcurl.so.4: no version information available (required by /usr/bin/cmake)
[46.871s] /usr/bin/cmake: /opt/workspace/install/libcurl_vendor/opt/libcurl_vendor/lib/libcurl.so.4: no version information available (required by /usr/bin/cmake)
[50.895s] /usr/bin/cmake: /opt/workspace/install/libcurl_vendor/opt/libcurl_vendor/lib/libcurl.so.4: no version information available (required by /usr/bin/cmake)
[51.921s] /usr/bin/cmake: /opt/workspace/install/libcurl_vendor/opt/libcurl_vendor/lib/libcurl.so.4: no version information available (required by /usr/bin/cmake)
[52.949s] /usr/bin/cmake: /opt/workspace/install/libcurl_vendor/opt/libcurl_vendor/lib/libcurl.so.4: no version information available (required by /usr/bin/cmake)
[54.007s] /usr/bin/cmake: /opt/workspace/install/libcurl_vendor/opt/libcurl_vendor/lib/libcurl.so.4: no version information available (required by /usr/bin/cmake)
[54.090s] /usr/bin/cmake: /opt/workspace/install/libcurl_vendor/opt/libcurl_vendor/lib/libcurl.so.4: no version information available (required by /usr/bin/cmake)
[54.174s] /usr/bin/cmake: /opt/workspace/install/libcurl_vendor/opt/libcurl_vendor/lib/libcurl.so.4: no version information available (required by /usr/bin/cmake)
[54.385s] /usr/bin/cmake: /opt/workspace/install/libcurl_vendor/opt/libcurl_vendor/lib/libcurl.so.4: no version information available (required by /usr/bin/cmake)
[55.461s] /usr/bin/cmake: /opt/workspace/install/libcurl_vendor/opt/libcurl_vendor/lib/libcurl.so.4: no version information available (required by /usr/bin/cmake)
[55.653s] /usr/bin/cmake: /opt/workspace/install/libcurl_vendor/opt/libcurl_vendor/lib/libcurl.so.4: no version information available (required by /usr/bin/cmake)
[58.834s] /usr/bin/cmake: /opt/workspace/install/libcurl_vendor/opt/libcurl_vendor/lib/libcurl.so.4: no version information available (required by /usr/bin/cmake)
[60.419s] /usr/bin/cmake: /opt/workspace/install/libcurl_vendor/opt/libcurl_vendor/lib/libcurl.so.4: no version information available (required by /usr/bin/cmake)
[61.914s] /usr/bin/cmake: /opt/workspace/install/libcurl_vendor/opt/libcurl_vendor/lib/libcurl.so.4: no version information available (required by /usr/bin/cmake)
[63.343s] /usr/bin/cmake: /opt/workspace/install/libcurl_vendor/opt/libcurl_vendor/lib/libcurl.so.4: no version information available (required by /usr/bin/cmake)
[64.510s] /usr/bin/cmake: /opt/workspace/install/libcurl_vendor/opt/libcurl_vendor/lib/libcurl.so.4: no version information available (required by /usr/bin/cmake)
[65.601s] /usr/bin/cmake: /opt/workspace/install/libcurl_vendor/opt/libcurl_vendor/lib/libcurl.so.4: no version information available (required by /usr/bin/cmake)
[66.621s] /usr/bin/cmake: /opt/workspace/install/libcurl_vendor/opt/libcurl_vendor/lib/libcurl.so.4: no version information available (required by /usr/bin/cmake)
[67.664s] /usr/bin/cmake: /opt/workspace/install/libcurl_vendor/opt/libcurl_vendor/lib/libcurl.so.4: no version information available (required by /usr/bin/cmake)
[68.724s] /usr/bin/cmake: /opt/workspace/install/libcurl_vendor/opt/libcurl_vendor/lib/libcurl.so.4: no version information available (required by /usr/bin/cmake)
[69.797s] /usr/bin/cmake: /opt/workspace/install/libcurl_vendor/opt/libcurl_vendor/lib/libcurl.so.4: no version information available (required by /usr/bin/cmake)
[70.817s] /usr/bin/cmake: /opt/workspace/install/libcurl_vendor/opt/libcurl_vendor/lib/libcurl.so.4: no version information available (required by /usr/bin/cmake)
[70.988s] /usr/bin/cmake: /opt/workspace/install/libcurl_vendor/opt/libcurl_vendor/lib/libcurl.so.4: no version information available (required by /usr/bin/cmake)
[71.760s] /usr/bin/cmake: /opt/workspace/install/libcurl_vendor/opt/libcurl_vendor/lib/libcurl.so.4: no version information available (required by /usr/bin/cmake)
[72.343s] /usr/bin/cmake: /opt/workspace/install/libcurl_vendor/opt/libcurl_vendor/lib/libcurl.so.4: no version information available (required by /usr/bin/cmake)
[73.088s] /usr/bin/cmake: /opt/workspace/install/libcurl_vendor/opt/libcurl_vendor/lib/libcurl.so.4: no version information available (required by /usr/bin/cmake)
[73.522s] /usr/bin/cmake: /opt/workspace/install/libcurl_vendor/opt/libcurl_vendor/lib/libcurl.so.4: no version information available (required by /usr/bin/cmake)
[74.488s] /usr/bin/cmake: /opt/workspace/install/libcurl_vendor/opt/libcurl_vendor/lib/libcurl.so.4: no version information available (required by /usr/bin/cmake)
[74.963s] /usr/bin/cmake: /opt/workspace/install/libcurl_vendor/opt/libcurl_vendor/lib/libcurl.so.4: no version information available (required by /usr/bin/cmake)
[75.987s] /usr/bin/cmake: /opt/workspace/install/libcurl_vendor/opt/libcurl_vendor/lib/libcurl.so.4: no version information available (required by /usr/bin/cmake)
[75.987s] /usr/bin/cmake: /opt/workspace/install/libcurl_vendor/opt/libcurl_vendor/lib/libcurl.so.4: no version information available (required by /usr/bin/cmake)
[76.021s] /usr/bin/cmake: /opt/workspace/install/libcurl_vendor/opt/libcurl_vendor/lib/libcurl.so.4: no version information available (required by /usr/bin/cmake)
[77.046s] /usr/bin/cmake: /opt/workspace/install/libcurl_vendor/opt/libcurl_vendor/lib/libcurl.so.4: no version information available (required by /usr/bin/cmake)
[77.354s] /usr/bin/cmake: /opt/workspace/install/libcurl_vendor/opt/libcurl_vendor/lib/libcurl.so.4: no version information available (required by /usr/bin/cmake)
[77.880s] /usr/bin/cmake: /opt/workspace/install/libcurl_vendor/opt/libcurl_vendor/lib/libcurl.so.4: no version information available (required by /usr/bin/cmake)
[77.883s] /usr/bin/cmake: /opt/workspace/install/libcurl_vendor/opt/libcurl_vendor/lib/libcurl.so.4: no version information available (required by /usr/bin/cmake)
[78.572s] /usr/bin/cmake: /opt/workspace/install/libcurl_vendor/opt/libcurl_vendor/lib/libcurl.so.4: no version information available (required by /usr/bin/cmake)
[79.126s] /usr/bin/cmake: /opt/workspace/install/libcurl_vendor/opt/libcurl_vendor/lib/libcurl.so.4: no version information available (required by /usr/bin/cmake)
[79.275s] /usr/bin/cmake: /opt/workspace/install/libcurl_vendor/opt/libcurl_vendor/lib/libcurl.so.4: no version information available (required by /usr/bin/cmake)
[79.394s] /usr/bin/cmake: /opt/workspace/install/libcurl_vendor/opt/libcurl_vendor/lib/libcurl.so.4: no version information available (required by /usr/bin/cmake)
[79.547s] /usr/bin/cmake: /opt/workspace/install/libcurl_vendor/opt/libcurl_vendor/lib/libcurl.so.4: no version information available (required by /usr/bin/cmake)
[80.081s] /usr/bin/cmake: /opt/workspace/install/libcurl_vendor/opt/libcurl_vendor/lib/libcurl.so.4: no version information available (required by /usr/bin/cmake)
[80.739s] /usr/bin/cmake: /opt/workspace/install/libcurl_vendor/opt/libcurl_vendor/lib/libcurl.so.4: no version information available (required by /usr/bin/cmake)
[81.289s] /usr/bin/cmake: /opt/workspace/install/libcurl_vendor/opt/libcurl_vendor/lib/libcurl.so.4: no version information available (required by /usr/bin/cmake)
[81.455s] /usr/bin/cmake: /opt/workspace/install/libcurl_vendor/opt/libcurl_vendor/lib/libcurl.so.4: no version information available (required by /usr/bin/cmake)
[82.211s] /usr/bin/cmake: /opt/workspace/install/libcurl_vendor/opt/libcurl_vendor/lib/libcurl.so.4: no version information available (required by /usr/bin/cmake)
[82.514s] /usr/bin/cmake: /opt/workspace/install/libcurl_vendor/opt/libcurl_vendor/lib/libcurl.so.4: no version information available (required by /usr/bin/cmake)
[82.626s] /usr/bin/cmake: /opt/workspace/install/libcurl_vendor/opt/libcurl_vendor/lib/libcurl.so.4: no version information available (required by /usr/bin/cmake)
[83.274s] /usr/bin/cmake: /opt/workspace/install/libcurl_vendor/opt/libcurl_vendor/lib/libcurl.so.4: no version information available (required by /usr/bin/cmake)
[83.276s] /usr/bin/cmake: /opt/workspace/install/libcurl_vendor/opt/libcurl_vendor/lib/libcurl.so.4: no version information available (required by /usr/bin/cmake)
[85.802s] /usr/bin/cmake: /opt/workspace/install/libcurl_vendor/opt/libcurl_vendor/lib/libcurl.so.4: no version information available (required by /usr/bin/cmake)
[86.267s] /usr/bin/cmake: /opt/workspace/install/libcurl_vendor/opt/libcurl_vendor/lib/libcurl.so.4: no version information available (required by /usr/bin/cmake)
[87.928s] /usr/bin/cmake: /opt/workspace/install/libcurl_vendor/opt/libcurl_vendor/lib/libcurl.so.4: no version information available (required by /usr/bin/cmake)
[88.288s] /usr/bin/cmake: /opt/workspace/install/libcurl_vendor/opt/libcurl_vendor/lib/libcurl.so.4: no version information available (required by /usr/bin/cmake)
[88.479s] /usr/bin/cmake: /opt/workspace/install/libcurl_vendor/opt/libcurl_vendor/lib/libcurl.so.4: no version information available (required by /usr/bin/cmake)
[90.108s] /usr/bin/cmake: /opt/workspace/install/libcurl_vendor/opt/libcurl_vendor/lib/libcurl.so.4: no version information available (required by /usr/bin/cmake)
[90.302s] /usr/bin/cmake: /opt/workspace/install/libcurl_vendor/opt/libcurl_vendor/lib/libcurl.so.4: no version information available (required by /usr/bin/cmake)
[91.907s] /usr/bin/cmake: /opt/workspace/install/libcurl_vendor/opt/libcurl_vendor/lib/libcurl.so.4: no version information available (required by /usr/bin/cmake)
[92.805s] /usr/bin/cmake: /opt/workspace/install/libcurl_vendor/opt/libcurl_vendor/lib/libcurl.so.4: no version information available (required by /usr/bin/cmake)
[93.391s] /usr/bin/cmake: /opt/workspace/install/libcurl_vendor/opt/libcurl_vendor/lib/libcurl.so.4: no version information available (required by /usr/bin/cmake)
[93.437s] /usr/bin/cmake: /opt/workspace/install/libcurl_vendor/opt/libcurl_vendor/lib/libcurl.so.4: no version information available (required by /usr/bin/cmake)
[93.701s] /usr/bin/cmake: /opt/workspace/install/libcurl_vendor/opt/libcurl_vendor/lib/libcurl.so.4: no version information available (required by /usr/bin/cmake)
[98.099s] /usr/bin/cmake: /opt/workspace/install/libcurl_vendor/opt/libcurl_vendor/lib/libcurl.so.4: no version information available (required by /usr/bin/cmake)
[98.208s] /usr/bin/cmake: /opt/workspace/install/libcurl_vendor/opt/libcurl_vendor/lib/libcurl.so.4: no version information available (required by /usr/bin/cmake)
[99.809s] /usr/bin/cmake: /opt/workspace/install/libcurl_vendor/opt/libcurl_vendor/lib/libcurl.so.4: no version information available (required by /usr/bin/cmake)
[100.051s] /usr/bin/cmake: /opt/workspace/install/libcurl_vendor/opt/libcurl_vendor/lib/libcurl.so.4: no version information available (required by /usr/bin/cmake)
[100.076s] /usr/bin/cmake: /opt/workspace/install/libcurl_vendor/opt/libcurl_vendor/lib/libcurl.so.4: no version information available (required by /usr/bin/cmake)
[100.342s] /usr/bin/cmake: /opt/workspace/install/libcurl_vendor/opt/libcurl_vendor/lib/libcurl.so.4: no version information available (required by /usr/bin/cmake)
[100.923s] /usr/bin/cmake: /opt/workspace/install/libcurl_vendor/opt/libcurl_vendor/lib/libcurl.so.4: no version information available (required by /usr/bin/cmake)
[101.229s] /usr/bin/cmake: /opt/workspace/install/libcurl_vendor/opt/libcurl_vendor/lib/libcurl.so.4: no version information available (required by /usr/bin/cmake)
[108.583s] /usr/bin/cmake: /opt/workspace/install/libcurl_vendor/opt/libcurl_vendor/lib/libcurl.so.4: no version information available (required by /usr/bin/cmake)
[108.596s] /usr/bin/cmake: /opt/workspace/install/libcurl_vendor/opt/libcurl_vendor/lib/libcurl.so.4: no version information available (required by /usr/bin/cmake)
[111.939s] /usr/bin/cmake: /opt/workspace/install/libcurl_vendor/opt/libcurl_vendor/lib/libcurl.so.4: no version information available (required by /usr/bin/cmake)
[111.971s] /usr/bin/cmake: /opt/workspace/install/libcurl_vendor/opt/libcurl_vendor/lib/libcurl.so.4: no version information available (required by /usr/bin/cmake)
[111.972s] /usr/bin/cmake: /opt/workspace/install/libcurl_vendor/opt/libcurl_vendor/lib/libcurl.so.4: no version information available (required by /usr/bin/cmake)
[111.990s] /usr/bin/cmake/usr/bin/cmake: /opt/workspace/install/libcurl_vendor/opt/libcurl_vendor/lib/libcurl.so.4: no version information available (required by /usr/bin/cmake)
[111.990s] : /opt/workspace/install/libcurl_vendor/opt/libcurl_vendor/lib/libcurl.so.4: no version information available (required by /usr/bin/cmake)
[112.006s] /usr/bin/cmake/usr/bin/cmake: /opt/workspace/install/libcurl_vendor/opt/libcurl_vendor/lib/libcurl.so.4: no version information available (required by /usr/bin/cmake)
[112.006s] : /opt/workspace/install/libcurl_vendor/opt/libcurl_vendor/lib/libcurl.so.4: no version information available (required by /usr/bin/cmake)
[112.032s] /usr/bin/cmake/usr/bin/cmake: /opt/workspace/install/libcurl_vendor/opt/libcurl_vendor/lib/libcurl.so.4: no version information available (required by /usr/bin/cmake): /opt/workspace/install/libcurl_vendor/opt/libcurl_vendor/lib/libcurl.so.4: no version information available (required by /usr/bin/cmake)
[112.032s] 
[112.050s] /usr/bin/cmake/usr/bin/cmake: /opt/workspace/install/libcurl_vendor/opt/libcurl_vendor/lib/libcurl.so.4: no version information available (required by /usr/bin/cmake): /opt/workspace/install/libcurl_vendor/opt/libcurl_vendor/lib/libcurl.so.4: no version information available (required by /usr/bin/cmake)
[112.050s] 
[112.077s] /usr/bin/cmake: /opt/workspace/install/libcurl_vendor/opt/libcurl_vendor/lib/libcurl.so.4: no version information available (required by /usr/bin/cmake)
[112.079s] /usr/bin/cmake: /opt/workspace/install/libcurl_vendor/opt/libcurl_vendor/lib/libcurl.so.4: no version information available (required by /usr/bin/cmake)
[112.098s] /usr/bin/cmake: /opt/workspace/install/libcurl_vendor/opt/libcurl_vendor/lib/libcurl.so.4: no version information available (required by /usr/bin/cmake)
[112.102s] /usr/bin/cmake: /opt/workspace/install/libcurl_vendor/opt/libcurl_vendor/lib/libcurl.so.4: no version information available (required by /usr/bin/cmake)
[112.102s] /usr/bin/cmake: /opt/workspace/install/libcurl_vendor/opt/libcurl_vendor/lib/libcurl.so.4: no version information available (required by /usr/bin/cmake)
[112.964s] /usr/bin/cmake: /opt/workspace/install/libcurl_vendor/opt/libcurl_vendor/lib/libcurl.so.4: no version information available (required by /usr/bin/cmake)
[112.981s] /usr/bin/cmake: /opt/workspace/install/libcurl_vendor/opt/libcurl_vendor/lib/libcurl.so.4: no version information available (required by /usr/bin/cmake)
[113.001s] /usr/bin/cmake: /opt/workspace/install/libcurl_vendor/opt/libcurl_vendor/lib/libcurl.so.4: no version information available (required by /usr/bin/cmake)
[113.032s] /usr/bin/cmake: /opt/workspace/install/libcurl_vendor/opt/libcurl_vendor/lib/libcurl.so.4: no version information available (required by /usr/bin/cmake)
[113.058s] /usr/bin/cmake: /opt/workspace/install/libcurl_vendor/opt/libcurl_vendor/lib/libcurl.so.4: no version information available (required by /usr/bin/cmake)
[113.058s] /usr/bin/cmake: /opt/workspace/install/libcurl_vendor/opt/libcurl_vendor/lib/libcurl.so.4: no version information available (required by /usr/bin/cmake)
[113.069s] /usr/bin/cmake: /opt/workspace/install/libcurl_vendor/opt/libcurl_vendor/lib/libcurl.so.4: no version information available (required by /usr/bin/cmake)
[113.070s] /usr/bin/cmake: /opt/workspace/install/libcurl_vendor/opt/libcurl_vendor/lib/libcurl.so.4: no version information available (required by /usr/bin/cmake)
[113.089s] /usr/bin/cmake: /opt/workspace/install/libcurl_vendor/opt/libcurl_vendor/lib/libcurl.so.4: no version information available (required by /usr/bin/cmake)
[113.095s] /usr/bin/cmake: /opt/workspace/install/libcurl_vendor/opt/libcurl_vendor/lib/libcurl.so.4: no version information available (required by /usr/bin/cmake)
[113.098s] /usr/bin/cmake: /opt/workspace/install/libcurl_vendor/opt/libcurl_vendor/lib/libcurl.so.4: no version information available (required by /usr/bin/cmake)
[113.099s] /usr/bin/cmake: /opt/workspace/install/libcurl_vendor/opt/libcurl_vendor/lib/libcurl.so.4: no version information available (required by /usr/bin/cmake)
[113.116s] /usr/bin/cmake: /opt/workspace/install/libcurl_vendor/opt/libcurl_vendor/lib/libcurl.so.4: no version information available (required by /usr/bin/cmake)
[113.121s] /usr/bin/cmake: /opt/workspace/install/libcurl_vendor/opt/libcurl_vendor/lib/libcurl.so.4: no version information available (required by /usr/bin/cmake)
[113.126s] /usr/bin/cmake: /opt/workspace/install/libcurl_vendor/opt/libcurl_vendor/lib/libcurl.so.4: no version information available (required by /usr/bin/cmake)
[113.129s] /usr/bin/cmake: /opt/workspace/install/libcurl_vendor/opt/libcurl_vendor/lib/libcurl.so.4: no version information available (required by /usr/bin/cmake)
[113.172s] /usr/bin/cmake: /opt/workspace/install/libcurl_vendor/opt/libcurl_vendor/lib/libcurl.so.4: no version information available (required by /usr/bin/cmake)
[113.174s] /usr/bin/cmake: /opt/workspace/install/libcurl_vendor/opt/libcurl_vendor/lib/libcurl.so.4: no version information available (required by /usr/bin/cmake)
[113.209s] /usr/bin/cmake: /opt/workspace/install/libcurl_vendor/opt/libcurl_vendor/lib/libcurl.so.4: no version information available (required by /usr/bin/cmake)
[113.210s] /usr/bin/cmake: /opt/workspace/install/libcurl_vendor/opt/libcurl_vendor/lib/libcurl.so.4: no version information available (required by /usr/bin/cmake)
[113.281s] /usr/bin/cmake: /opt/workspace/install/libcurl_vendor/opt/libcurl_vendor/lib/libcurl.so.4: no version information available (required by /usr/bin/cmake)
[113.287s] /usr/bin/cmake: /opt/workspace/install/libcurl_vendor/opt/libcurl_vendor/lib/libcurl.so.4: no version information available (required by /usr/bin/cmake)
[113.337s] /usr/bin/cmake: /opt/workspace/install/libcurl_vendor/opt/libcurl_vendor/lib/libcurl.so.4: no version information available (required by /usr/bin/cmake)
[113.337s] /usr/bin/cmake: /opt/workspace/install/libcurl_vendor/opt/libcurl_vendor/lib/libcurl.so.4: no version information available (required by /usr/bin/cmake)
[113.344s] /usr/bin/cmake: /opt/workspace/install/libcurl_vendor/opt/libcurl_vendor/lib/libcurl.so.4: no version information available (required by /usr/bin/cmake)
[113.360s] /usr/bin/cmake: /opt/workspace/install/libcurl_vendor/opt/libcurl_vendor/lib/libcurl.so.4: no version information available (required by /usr/bin/cmake)
[113.388s] /usr/bin/cmake: /opt/workspace/install/libcurl_vendor/opt/libcurl_vendor/lib/libcurl.so.4: no version information available (required by /usr/bin/cmake)
[113.431s] /usr/bin/cmake: /opt/workspace/install/libcurl_vendor/opt/libcurl_vendor/lib/libcurl.so.4: no version information available (required by /usr/bin/cmake)
[113.562s] /usr/bin/cmake: /opt/workspace/install/libcurl_vendor/opt/libcurl_vendor/lib/libcurl.so.4: no version information available (required by /usr/bin/cmake)
[113.570s] /usr/bin/cmake: /opt/workspace/install/libcurl_vendor/opt/libcurl_vendor/lib/libcurl.so.4: no version information available (required by /usr/bin/cmake)
[113.584s] /usr/bin/cmake: /opt/workspace/install/libcurl_vendor/opt/libcurl_vendor/lib/libcurl.so.4: no version information available (required by /usr/bin/cmake)
[113.664s] /usr/bin/cmake: /opt/workspace/install/libcurl_vendor/opt/libcurl_vendor/lib/libcurl.so.4: no version information available (required by /usr/bin/cmake)
[115.103s] /usr/bin/cmake: /opt/workspace/install/libcurl_vendor/opt/libcurl_vendor/lib/libcurl.so.4: no version information available (required by /usr/bin/cmake)
[115.237s] /usr/bin/cmake: /opt/workspace/install/libcurl_vendor/opt/libcurl_vendor/lib/libcurl.so.4: no version information available (required by /usr/bin/cmake)
[115.263s] /usr/bin/cmake: /opt/workspace/install/libcurl_vendor/opt/libcurl_vendor/lib/libcurl.so.4: no version information available (required by /usr/bin/cmake)
[115.477s] /usr/bin/cmake: /opt/workspace/install/libcurl_vendor/opt/libcurl_vendor/lib/libcurl.so.4: no version information available (required by /usr/bin/cmake)
[115.536s] /usr/bin/cmake: /opt/workspace/install/libcurl_vendor/opt/libcurl_vendor/lib/libcurl.so.4: no version information available (required by /usr/bin/cmake)
[116.074s] /usr/bin/cmake: /opt/workspace/install/libcurl_vendor/opt/libcurl_vendor/lib/libcurl.so.4: no version information available (required by /usr/bin/cmake)
[116.138s] /usr/bin/cmake: /opt/workspace/install/libcurl_vendor/opt/libcurl_vendor/lib/libcurl.so.4: no version information available (required by /usr/bin/cmake)
[117.647s] /usr/bin/cmake: /opt/workspace/install/libcurl_vendor/opt/libcurl_vendor/lib/libcurl.so.4: no version information available (required by /usr/bin/cmake)
[117.729s] /usr/bin/cmake: /opt/workspace/install/libcurl_vendor/opt/libcurl_vendor/lib/libcurl.so.4: no version information available (required by /usr/bin/cmake)
[117.755s] /usr/bin/cmake: /opt/workspace/install/libcurl_vendor/opt/libcurl_vendor/lib/libcurl.so.4: no version information available (required by /usr/bin/cmake)
[118.401s] /usr/bin/cmake: /opt/workspace/install/libcurl_vendor/opt/libcurl_vendor/lib/libcurl.so.4: no version information available (required by /usr/bin/cmake)
[118.428s] /usr/bin/cmake: /opt/workspace/install/libcurl_vendor/opt/libcurl_vendor/lib/libcurl.so.4: no version information available (required by /usr/bin/cmake)
[118.503s] /usr/bin/cmake: /opt/workspace/install/libcurl_vendor/opt/libcurl_vendor/lib/libcurl.so.4: no version information available (required by /usr/bin/cmake)
[118.534s] /usr/bin/cmake: /opt/workspace/install/libcurl_vendor/opt/libcurl_vendor/lib/libcurl.so.4: no version information available (required by /usr/bin/cmake)
[118.568s] /usr/bin/cmake: /opt/workspace/install/libcurl_vendor/opt/libcurl_vendor/lib/libcurl.so.4: no version information available (required by /usr/bin/cmake)
[118.659s] /usr/bin/cmake: /opt/workspace/install/libcurl_vendor/opt/libcurl_vendor/lib/libcurl.so.4: no version information available (required by /usr/bin/cmake)
[118.697s] /usr/bin/cmake: /opt/workspace/install/libcurl_vendor/opt/libcurl_vendor/lib/libcurl.so.4: no version information available (required by /usr/bin/cmake)
[118.698s] /usr/bin/cmake: /opt/workspace/install/libcurl_vendor/opt/libcurl_vendor/lib/libcurl.so.4: no version information available (required by /usr/bin/cmake)
[118.709s] /usr/bin/cmake: /opt/workspace/install/libcurl_vendor/opt/libcurl_vendor/lib/libcurl.so.4: no version information available (required by /usr/bin/cmake)
[118.715s] /usr/bin/cmake: /opt/workspace/install/libcurl_vendor/opt/libcurl_vendor/lib/libcurl.so.4: no version information available (required by /usr/bin/cmake)
[118.737s] /usr/bin/cmake: /opt/workspace/install/libcurl_vendor/opt/libcurl_vendor/lib/libcurl.so.4: no version information available (required by /usr/bin/cmake)
[118.757s] /usr/bin/cmake: /opt/workspace/install/libcurl_vendor/opt/libcurl_vendor/lib/libcurl.so.4: no version information available (required by /usr/bin/cmake)
[118.757s] /usr/bin/cmake: /opt/workspace/install/libcurl_vendor/opt/libcurl_vendor/lib/libcurl.so.4: no version information available (required by /usr/bin/cmake)
[118.757s] /usr/bin/cmake: /opt/workspace/install/libcurl_vendor/opt/libcurl_vendor/lib/libcurl.so.4: no version information available (required by /usr/bin/cmake)
[118.785s] /usr/bin/cmake: /opt/workspace/install/libcurl_vendor/opt/libcurl_vendor/lib/libcurl.so.4: no version information available (required by /usr/bin/cmake)
[118.792s] /usr/bin/cmake: /opt/workspace/install/libcurl_vendor/opt/libcurl_vendor/lib/libcurl.so.4: no version information available (required by /usr/bin/cmake)
[118.792s] /usr/bin/cmake: /opt/workspace/install/libcurl_vendor/opt/libcurl_vendor/lib/libcurl.so.4: no version information available (required by /usr/bin/cmake)
[118.795s] /usr/bin/cmake: /opt/workspace/install/libcurl_vendor/opt/libcurl_vendor/lib/libcurl.so.4: no version information available (required by /usr/bin/cmake)
[118.822s] /usr/bin/cmake: /opt/workspace/install/libcurl_vendor/opt/libcurl_vendor/lib/libcurl.so.4: no version information available (required by /usr/bin/cmake)
[118.839s] /usr/bin/cmake: /opt/workspace/install/libcurl_vendor/opt/libcurl_vendor/lib/libcurl.so.4: no version information available (required by /usr/bin/cmake)
[118.873s] /usr/bin/cmake: /opt/workspace/install/libcurl_vendor/opt/libcurl_vendor/lib/libcurl.so.4: no version information available (required by /usr/bin/cmake)
[118.918s] /usr/bin/cmake: /opt/workspace/install/libcurl_vendor/opt/libcurl_vendor/lib/libcurl.so.4: no version information available (required by /usr/bin/cmake)
[118.948s] /usr/bin/cmake: /opt/workspace/install/libcurl_vendor/opt/libcurl_vendor/lib/libcurl.so.4: no version information available (required by /usr/bin/cmake)
[118.963s] /usr/bin/cmake: /opt/workspace/install/libcurl_vendor/opt/libcurl_vendor/lib/libcurl.so.4: no version information available (required by /usr/bin/cmake)
[118.998s] /usr/bin/cmake: /opt/workspace/install/libcurl_vendor/opt/libcurl_vendor/lib/libcurl.so.4: no version information available (required by /usr/bin/cmake)
[119.015s] /usr/bin/cmake: /opt/workspace/install/libcurl_vendor/opt/libcurl_vendor/lib/libcurl.so.4: no version information available (required by /usr/bin/cmake)
[119.031s] /usr/bin/cmake: /opt/workspace/install/libcurl_vendor/opt/libcurl_vendor/lib/libcurl.so.4: no version information available (required by /usr/bin/cmake)
[119.054s] /usr/bin/cmake: /opt/workspace/install/libcurl_vendor/opt/libcurl_vendor/lib/libcurl.so.4: no version information available (required by /usr/bin/cmake)
[119.085s] /usr/bin/cmake: /opt/workspace/install/libcurl_vendor/opt/libcurl_vendor/lib/libcurl.so.4: no version information available (required by /usr/bin/cmake)
[119.102s] /usr/bin/cmake: /opt/workspace/install/libcurl_vendor/opt/libcurl_vendor/lib/libcurl.so.4: no version information available (required by /usr/bin/cmake)
[119.124s] /usr/bin/cmake: /opt/workspace/install/libcurl_vendor/opt/libcurl_vendor/lib/libcurl.so.4: no version information available (required by /usr/bin/cmake)
[119.149s] /usr/bin/cmake: /opt/workspace/install/libcurl_vendor/opt/libcurl_vendor/lib/libcurl.so.4: no version information available (required by /usr/bin/cmake)
[119.164s] /usr/bin/cmake: /opt/workspace/install/libcurl_vendor/opt/libcurl_vendor/lib/libcurl.so.4: no version information available (required by /usr/bin/cmake)
[119.170s] /usr/bin/cmake: /opt/workspace/install/libcurl_vendor/opt/libcurl_vendor/lib/libcurl.so.4: no version information available (required by /usr/bin/cmake)
[119.202s] /usr/bin/cmake: /opt/workspace/install/libcurl_vendor/opt/libcurl_vendor/lib/libcurl.so.4: no version information available (required by /usr/bin/cmake)
[119.228s] /usr/bin/cmake: /opt/workspace/install/libcurl_vendor/opt/libcurl_vendor/lib/libcurl.so.4: no version information available (required by /usr/bin/cmake)
[119.268s] /usr/bin/cmake: /opt/workspace/install/libcurl_vendor/opt/libcurl_vendor/lib/libcurl.so.4: no version information available (required by /usr/bin/cmake)
[119.274s] /usr/bin/cmake: /opt/workspace/install/libcurl_vendor/opt/libcurl_vendor/lib/libcurl.so.4: no version information available (required by /usr/bin/cmake)
[119.277s] /usr/bin/cmake: /opt/workspace/install/libcurl_vendor/opt/libcurl_vendor/lib/libcurl.so.4: no version information available (required by /usr/bin/cmake)
[119.310s] /usr/bin/cmake: /opt/workspace/install/libcurl_vendor/opt/libcurl_vendor/lib/libcurl.so.4: no version information available (required by /usr/bin/cmake)
[119.328s] /usr/bin/cmake: /opt/workspace/install/libcurl_vendor/opt/libcurl_vendor/lib/libcurl.so.4: no version information available (required by /usr/bin/cmake)
[119.348s] /usr/bin/cmake: /opt/workspace/install/libcurl_vendor/opt/libcurl_vendor/lib/libcurl.so.4: no version information available (required by /usr/bin/cmake)
[119.433s] /usr/bin/cmake: /opt/workspace/install/libcurl_vendor/opt/libcurl_vendor/lib/libcurl.so.4: no version information available (required by /usr/bin/cmake)
[119.646s] /usr/bin/cmake: /opt/workspace/install/libcurl_vendor/opt/libcurl_vendor/lib/libcurl.so.4: no version information available (required by /usr/bin/cmake)
[119.721s] /usr/bin/cmake: /opt/workspace/install/libcurl_vendor/opt/libcurl_vendor/lib/libcurl.so.4: no version information available (required by /usr/bin/cmake)
[119.806s] /usr/bin/cmake: /opt/workspace/install/libcurl_vendor/opt/libcurl_vendor/lib/libcurl.so.4: no version information available (required by /usr/bin/cmake)
[119.936s] /usr/bin/cmake: /opt/workspace/install/libcurl_vendor/opt/libcurl_vendor/lib/libcurl.so.4: no version information available (required by /usr/bin/cmake)
[122.509s] /usr/bin/cmake: /opt/workspace/install/libcurl_vendor/opt/libcurl_vendor/lib/libcurl.so.4: no version information available (required by /usr/bin/cmake)
[122.618s] /usr/bin/cmake: /opt/workspace/install/libcurl_vendor/opt/libcurl_vendor/lib/libcurl.so.4: no version information available (required by /usr/bin/cmake)
[124.183s] /usr/bin/cmake: /opt/workspace/install/libcurl_vendor/opt/libcurl_vendor/lib/libcurl.so.4: no version information available (required by /usr/bin/cmake)
[124.245s] /usr/bin/cmake: /opt/workspace/install/libcurl_vendor/opt/libcurl_vendor/lib/libcurl.so.4: no version information available (required by /usr/bin/cmake)
[124.268s] /usr/bin/cmake: /opt/workspace/install/libcurl_vendor/opt/libcurl_vendor/lib/libcurl.so.4: no version information available (required by /usr/bin/cmake)
[124.405s] /usr/bin/cmake: /opt/workspace/install/libcurl_vendor/opt/libcurl_vendor/lib/libcurl.so.4: no version information available (required by /usr/bin/cmake)
[124.439s] /usr/bin/cmake: /opt/workspace/install/libcurl_vendor/opt/libcurl_vendor/lib/libcurl.so.4: no version information available (required by /usr/bin/cmake)
[124.633s] /usr/bin/cmake: /opt/workspace/install/libcurl_vendor/opt/libcurl_vendor/lib/libcurl.so.4: no version information available (required by /usr/bin/cmake)
[126.136s] /usr/bin/cmake: /opt/workspace/install/libcurl_vendor/opt/libcurl_vendor/lib/libcurl.so.4: no version information available (required by /usr/bin/cmake)
[126.198s] /usr/bin/cmake: /opt/workspace/install/libcurl_vendor/opt/libcurl_vendor/lib/libcurl.so.4: no version information available (required by /usr/bin/cmake)
[126.224s] /usr/bin/cmake: /opt/workspace/install/libcurl_vendor/opt/libcurl_vendor/lib/libcurl.so.4: no version information available (required by /usr/bin/cmake)
[128.132s] /usr/bin/cmake: /opt/workspace/install/libcurl_vendor/opt/libcurl_vendor/lib/libcurl.so.4: no version information available (required by /usr/bin/cmake)
[128.172s] /usr/bin/cmake: /opt/workspace/install/libcurl_vendor/opt/libcurl_vendor/lib/libcurl.so.4: no version information available (required by /usr/bin/cmake)
[128.291s] /usr/bin/cmake: /opt/workspace/install/libcurl_vendor/opt/libcurl_vendor/lib/libcurl.so.4: no version information available (required by /usr/bin/cmake)
[128.422s] /usr/bin/cmake: /opt/workspace/install/libcurl_vendor/opt/libcurl_vendor/lib/libcurl.so.4: no version information available (required by /usr/bin/cmake)
[129.307s] /usr/bin/cmake: /opt/workspace/install/libcurl_vendor/opt/libcurl_vendor/lib/libcurl.so.4: no version information available (required by /usr/bin/cmake)
[129.346s] /usr/bin/cmake: /opt/workspace/install/libcurl_vendor/opt/libcurl_vendor/lib/libcurl.so.4: no version information available (required by /usr/bin/cmake)
[129.371s] /usr/bin/cmake: /opt/workspace/install/libcurl_vendor/opt/libcurl_vendor/lib/libcurl.so.4: no version information available (required by /usr/bin/cmake)
[129.411s] /usr/bin/cmake: /opt/workspace/install/libcurl_vendor/opt/libcurl_vendor/lib/libcurl.so.4: no version information available (required by /usr/bin/cmake)
[129.433s] /usr/bin/cmake: /opt/workspace/install/libcurl_vendor/opt/libcurl_vendor/lib/libcurl.so.4: no version information available (required by /usr/bin/cmake)
[129.459s] /usr/bin/cmake: /opt/workspace/install/libcurl_vendor/opt/libcurl_vendor/lib/libcurl.so.4: no version information available (required by /usr/bin/cmake)
[129.488s] /usr/bin/cmake: /opt/workspace/install/libcurl_vendor/opt/libcurl_vendor/lib/libcurl.so.4: no version information available (required by /usr/bin/cmake)
[129.513s] /usr/bin/cmake: /opt/workspace/install/libcurl_vendor/opt/libcurl_vendor/lib/libcurl.so.4: no version information available (required by /usr/bin/cmake)
[132.457s] /usr/bin/cmake: /opt/workspace/install/libcurl_vendor/opt/libcurl_vendor/lib/libcurl.so.4: no version information available (required by /usr/bin/cmake)
[132.497s] /usr/bin/cmake: /opt/workspace/install/libcurl_vendor/opt/libcurl_vendor/lib/libcurl.so.4: no version information available (required by /usr/bin/cmake)
[132.549s] /usr/bin/cmake: /opt/workspace/install/libcurl_vendor/opt/libcurl_vendor/lib/libcurl.so.4: no version information available (required by /usr/bin/cmake)
[135.324s] /usr/bin/cmake: /opt/workspace/install/libcurl_vendor/opt/libcurl_vendor/lib/libcurl.so.4: no version information available (required by /usr/bin/cmake)
[135.340s] /usr/bin/cmake: /opt/workspace/install/libcurl_vendor/opt/libcurl_vendor/lib/libcurl.so.4: no version information available (required by /usr/bin/cmake)
[138.013s] /usr/bin/cmake: /opt/workspace/install/libcurl_vendor/opt/libcurl_vendor/lib/libcurl.so.4: no version information available (required by /usr/bin/cmake)
[138.062s] /usr/bin/cmake: /opt/workspace/install/libcurl_vendor/opt/libcurl_vendor/lib/libcurl.so.4: no version information available (required by /usr/bin/cmake)
[138.078s] /usr/bin/cmake: /opt/workspace/install/libcurl_vendor/opt/libcurl_vendor/lib/libcurl.so.4: no version information available (required by /usr/bin/cmake)
[141.052s] /usr/bin/cmake: /opt/workspace/install/libcurl_vendor/opt/libcurl_vendor/lib/libcurl.so.4: no version information available (required by /usr/bin/cmake)
[141.619s] /usr/bin/cmake: /opt/workspace/install/libcurl_vendor/opt/libcurl_vendor/lib/libcurl.so.4: no version information available (required by /usr/bin/cmake)
[141.634s] /usr/bin/cmake: /opt/workspace/install/libcurl_vendor/opt/libcurl_vendor/lib/libcurl.so.4: no version information available (required by /usr/bin/cmake)
[144.450s] /usr/bin/cmake: /opt/workspace/install/libcurl_vendor/opt/libcurl_vendor/lib/libcurl.so.4: no version information available (required by /usr/bin/cmake)
[144.466s] /usr/bin/cmake: /opt/workspace/install/libcurl_vendor/opt/libcurl_vendor/lib/libcurl.so.4: no version information available (required by /usr/bin/cmake)
[144.811s] /usr/bin/cmake: /opt/workspace/install/libcurl_vendor/opt/libcurl_vendor/lib/libcurl.so.4: no version information available (required by /usr/bin/cmake)
[144.843s] /usr/bin/cmake: /opt/workspace/install/libcurl_vendor/opt/libcurl_vendor/lib/libcurl.so.4: no version information available (required by /usr/bin/cmake)
[144.868s] /usr/bin/cmake: /opt/workspace/install/libcurl_vendor/opt/libcurl_vendor/lib/libcurl.so.4: no version information available (required by /usr/bin/cmake)
[144.893s] /usr/bin/cmake: /opt/workspace/install/libcurl_vendor/opt/libcurl_vendor/lib/libcurl.so.4: no version information available (required by /usr/bin/cmake)
[144.894s] /usr/bin/cmake: /opt/workspace/install/libcurl_vendor/opt/libcurl_vendor/lib/libcurl.so.4: no version information available (required by /usr/bin/cmake)
[144.895s] /usr/bin/cmake: /opt/workspace/install/libcurl_vendor/opt/libcurl_vendor/lib/libcurl.so.4: no version information available (required by /usr/bin/cmake)
[144.895s] /usr/bin/cmake: /opt/workspace/install/libcurl_vendor/opt/libcurl_vendor/lib/libcurl.so.4: no version information available (required by /usr/bin/cmake)
[144.896s] /usr/bin/cmake: /opt/workspace/install/libcurl_vendor/opt/libcurl_vendor/lib/libcurl.so.4: no version information available (required by /usr/bin/cmake)
[144.914s] /usr/bin/cmake: /opt/workspace/install/libcurl_vendor/opt/libcurl_vendor/lib/libcurl.so.4: no version information available (required by /usr/bin/cmake)
[144.917s] /usr/bin/cmake: /opt/workspace/install/libcurl_vendor/opt/libcurl_vendor/lib/libcurl.so.4: no version information available (required by /usr/bin/cmake)
[144.918s] /usr/bin/cmake: /opt/workspace/install/libcurl_vendor/opt/libcurl_vendor/lib/libcurl.so.4: no version information available (required by /usr/bin/cmake)
[144.921s] /usr/bin/cmake: /opt/workspace/install/libcurl_vendor/opt/libcurl_vendor/lib/libcurl.so.4: no version information available (required by /usr/bin/cmake)
[144.922s] /usr/bin/cmake: /opt/workspace/install/libcurl_vendor/opt/libcurl_vendor/lib/libcurl.so.4: no version information available (required by /usr/bin/cmake)
[144.932s] /usr/bin/cmake: /opt/workspace/install/libcurl_vendor/opt/libcurl_vendor/lib/libcurl.so.4: no version information available (required by /usr/bin/cmake)
[144.937s] /usr/bin/cmake: /opt/workspace/install/libcurl_vendor/opt/libcurl_vendor/lib/libcurl.so.4: no version information available (required by /usr/bin/cmake)
[144.937s] /usr/bin/cmake: /opt/workspace/install/libcurl_vendor/opt/libcurl_vendor/lib/libcurl.so.4: no version information available (required by /usr/bin/cmake)
[144.942s] /usr/bin/cmake: /opt/workspace/install/libcurl_vendor/opt/libcurl_vendor/lib/libcurl.so.4: no version information available (required by /usr/bin/cmake)
[144.944s] /usr/bin/cmake: /opt/workspace/install/libcurl_vendor/opt/libcurl_vendor/lib/libcurl.so.4: no version information available (required by /usr/bin/cmake)
[144.952s] /usr/bin/cmake: /opt/workspace/install/libcurl_vendor/opt/libcurl_vendor/lib/libcurl.so.4: no version information available (required by /usr/bin/cmake)
[144.957s] /usr/bin/cmake: /opt/workspace/install/libcurl_vendor/opt/libcurl_vendor/lib/libcurl.so.4: no version information available (required by /usr/bin/cmake)
[144.960s] /usr/bin/cmake: /opt/workspace/install/libcurl_vendor/opt/libcurl_vendor/lib/libcurl.so.4: no version information available (required by /usr/bin/cmake)
[144.966s] /usr/bin/cmake: /opt/workspace/install/libcurl_vendor/opt/libcurl_vendor/lib/libcurl.so.4: no version information available (required by /usr/bin/cmake)
[144.978s] /usr/bin/cmake: /opt/workspace/install/libcurl_vendor/opt/libcurl_vendor/lib/libcurl.so.4: no version information available (required by /usr/bin/cmake)
[144.979s] /usr/bin/cmake: /opt/workspace/install/libcurl_vendor/opt/libcurl_vendor/lib/libcurl.so.4: no version information available (required by /usr/bin/cmake)
[144.979s] /usr/bin/cmake: /opt/workspace/install/libcurl_vendor/opt/libcurl_vendor/lib/libcurl.so.4: no version information available (required by /usr/bin/cmake)
[144.981s] /usr/bin/cmake: /opt/workspace/install/libcurl_vendor/opt/libcurl_vendor/lib/libcurl.so.4: no version information available (required by /usr/bin/cmake)
[144.990s] /usr/bin/cmake: /opt/workspace/install/libcurl_vendor/opt/libcurl_vendor/lib/libcurl.so.4: no version information available (required by /usr/bin/cmake)
[145.004s] /usr/bin/cmake: /opt/workspace/install/libcurl_vendor/opt/libcurl_vendor/lib/libcurl.so.4: no version information available (required by /usr/bin/cmake)
[145.004s] /usr/bin/cmake: /opt/workspace/install/libcurl_vendor/opt/libcurl_vendor/lib/libcurl.so.4: no version information available (required by /usr/bin/cmake)
[145.007s] /usr/bin/cmake: /opt/workspace/install/libcurl_vendor/opt/libcurl_vendor/lib/libcurl.so.4: no version information available (required by /usr/bin/cmake)
[145.015s] /usr/bin/cmake: /opt/workspace/install/libcurl_vendor/opt/libcurl_vendor/lib/libcurl.so.4: no version information available (required by /usr/bin/cmake)
[145.135s] /usr/bin/cmake: /opt/workspace/install/libcurl_vendor/opt/libcurl_vendor/lib/libcurl.so.4: no version information available (required by /usr/bin/cmake)
[145.356s] /usr/bin/cmake: /opt/workspace/install/libcurl_vendor/opt/libcurl_vendor/lib/libcurl.so.4: no version information available (required by /usr/bin/cmake)
[145.376s] /usr/bin/cmake/usr/bin/cmake: /opt/workspace/install/libcurl_vendor/opt/libcurl_vendor/lib/libcurl.so.4: no version information available (required by /usr/bin/cmake)
[145.377s] : /opt/workspace/install/libcurl_vendor/opt/libcurl_vendor/lib/libcurl.so.4: no version information available (required by /usr/bin/cmake)
[145.377s] /usr/bin/cmake: /opt/workspace/install/libcurl_vendor/opt/libcurl_vendor/lib/libcurl.so.4: no version information available (required by /usr/bin/cmake)
[145.377s] /usr/bin/cmake: /opt/workspace/install/libcurl_vendor/opt/libcurl_vendor/lib/libcurl.so.4: no version information available (required by /usr/bin/cmake)
[145.395s] /usr/bin/cmake/usr/bin/cmake/usr/bin/cmake/usr/bin/cmake: /opt/workspace/install/libcurl_vendor/opt/libcurl_vendor/lib/libcurl.so.4: : /opt/workspace/install/libcurl_vendor/opt/libcurl_vendor/lib/libcurl.so.4: no version information available (required by /usr/bin/cmake)
[145.395s] : : /opt/workspace/install/libcurl_vendor/opt/libcurl_vendor/lib/libcurl.so.4: no version information available (required by /usr/bin/cmake)
[145.396s] /opt/workspace/install/libcurl_vendor/opt/libcurl_vendor/lib/libcurl.so.4: no version information available (required by /usr/bin/cmake)
[145.396s] no version information available (required by /usr/bin/cmake)
[145.411s] /usr/bin/cmake/usr/bin/cmake: /opt/workspace/install/libcurl_vendor/opt/libcurl_vendor/lib/libcurl.so.4: no version information available (required by /usr/bin/cmake)
[145.411s] : /opt/workspace/install/libcurl_vendor/opt/libcurl_vendor/lib/libcurl.so.4: no version information available (required by /usr/bin/cmake)
[145.414s] /usr/bin/cmake: /opt/workspace/install/libcurl_vendor/opt/libcurl_vendor/lib/libcurl.so.4: no version information available (required by /usr/bin/cmake)
[145.415s] /usr/bin/cmake: /opt/workspace/install/libcurl_vendor/opt/libcurl_vendor/lib/libcurl.so.4: no version information available (required by /usr/bin/cmake)
[145.430s] /usr/bin/cmake: /opt/workspace/install/libcurl_vendor/opt/libcurl_vendor/lib/libcurl.so.4: no version information available (required by /usr/bin/cmake)
[145.430s] /usr/bin/cmake: /opt/workspace/install/libcurl_vendor/opt/libcurl_vendor/lib/libcurl.so.4: no version information available (required by /usr/bin/cmake)
[145.435s] /usr/bin/cmake: /opt/workspace/install/libcurl_vendor/opt/libcurl_vendor/lib/libcurl.so.4: no version information available (required by /usr/bin/cmake)
[145.439s] /usr/bin/cmake: /opt/workspace/install/libcurl_vendor/opt/libcurl_vendor/lib/libcurl.so.4: no version information available (required by /usr/bin/cmake)
[145.453s] /usr/bin/cmake: /opt/workspace/install/libcurl_vendor/opt/libcurl_vendor/lib/libcurl.so.4: no version information available (required by /usr/bin/cmake)
[145.453s] /usr/bin/cmake: /opt/workspace/install/libcurl_vendor/opt/libcurl_vendor/lib/libcurl.so.4: no version information available (required by /usr/bin/cmake)
[145.455s] /usr/bin/cmake: /opt/workspace/install/libcurl_vendor/opt/libcurl_vendor/lib/libcurl.so.4: no version information available (required by /usr/bin/cmake)
[145.465s] /usr/bin/cmake: /opt/workspace/install/libcurl_vendor/opt/libcurl_vendor/lib/libcurl.so.4: no version information available (required by /usr/bin/cmake)
[145.475s] /usr/bin/cmake: /opt/workspace/install/libcurl_vendor/opt/libcurl_vendor/lib/libcurl.so.4: no version information available (required by /usr/bin/cmake)
[145.477s] /usr/bin/cmake: /opt/workspace/install/libcurl_vendor/opt/libcurl_vendor/lib/libcurl.so.4: no version information available (required by /usr/bin/cmake)
[145.481s] /usr/bin/cmake: /opt/workspace/install/libcurl_vendor/opt/libcurl_vendor/lib/libcurl.so.4: no version information available (required by /usr/bin/cmake)
[145.489s] /usr/bin/cmake: /opt/workspace/install/libcurl_vendor/opt/libcurl_vendor/lib/libcurl.so.4: no version information available (required by /usr/bin/cmake)
[145.495s] /usr/bin/cmake: /opt/workspace/install/libcurl_vendor/opt/libcurl_vendor/lib/libcurl.so.4: no version information available (required by /usr/bin/cmake)
[145.498s] /usr/bin/cmake: /opt/workspace/install/libcurl_vendor/opt/libcurl_vendor/lib/libcurl.so.4: no version information available (required by /usr/bin/cmake)
[145.504s] /usr/bin/cmake: /opt/workspace/install/libcurl_vendor/opt/libcurl_vendor/lib/libcurl.so.4: no version information available (required by /usr/bin/cmake)
[145.509s] /usr/bin/cmake: /opt/workspace/install/libcurl_vendor/opt/libcurl_vendor/lib/libcurl.so.4: no version information available (required by /usr/bin/cmake)
[145.513s] /usr/bin/cmake: /opt/workspace/install/libcurl_vendor/opt/libcurl_vendor/lib/libcurl.so.4: no version information available (required by /usr/bin/cmake)
[145.519s] /usr/bin/cmake: /opt/workspace/install/libcurl_vendor/opt/libcurl_vendor/lib/libcurl.so.4: no version information available (required by /usr/bin/cmake)
[145.525s] /usr/bin/cmake: /opt/workspace/install/libcurl_vendor/opt/libcurl_vendor/lib/libcurl.so.4: no version information available (required by /usr/bin/cmake)
[145.526s] /usr/bin/cmake: /opt/workspace/install/libcurl_vendor/opt/libcurl_vendor/lib/libcurl.so.4: no version information available (required by /usr/bin/cmake)
[145.533s] /usr/bin/cmake: /opt/workspace/install/libcurl_vendor/opt/libcurl_vendor/lib/libcurl.so.4: no version information available (required by /usr/bin/cmake)
[145.550s] /usr/bin/cmake: /opt/workspace/install/libcurl_vendor/opt/libcurl_vendor/lib/libcurl.so.4: no version information available (required by /usr/bin/cmake)
[145.553s] /usr/bin/cmake: /opt/workspace/install/libcurl_vendor/opt/libcurl_vendor/lib/libcurl.so.4: no version information available (required by /usr/bin/cmake)
[145.557s] /usr/bin/cmake: /opt/workspace/install/libcurl_vendor/opt/libcurl_vendor/lib/libcurl.so.4: no version information available (required by /usr/bin/cmake)
[145.562s] /usr/bin/cmake: /opt/workspace/install/libcurl_vendor/opt/libcurl_vendor/lib/libcurl.so.4: no version information available (required by /usr/bin/cmake)
[145.593s] /usr/bin/cmake: /opt/workspace/install/libcurl_vendor/opt/libcurl_vendor/lib/libcurl.so.4: no version information available (required by /usr/bin/cmake)
[145.593s] /usr/bin/cmake: /opt/workspace/install/libcurl_vendor/opt/libcurl_vendor/lib/libcurl.so.4: no version information available (required by /usr/bin/cmake)
[145.606s] /usr/bin/cmake: /opt/workspace/install/libcurl_vendor/opt/libcurl_vendor/lib/libcurl.so.4: no version information available (required by /usr/bin/cmake)
[145.615s] /usr/bin/cmake: /opt/workspace/install/libcurl_vendor/opt/libcurl_vendor/lib/libcurl.so.4: no version information available (required by /usr/bin/cmake)
[145.627s] /usr/bin/cmake: /opt/workspace/install/libcurl_vendor/opt/libcurl_vendor/lib/libcurl.so.4: no version information available (required by /usr/bin/cmake)
[145.629s] /usr/bin/cmake: /opt/workspace/install/libcurl_vendor/opt/libcurl_vendor/lib/libcurl.so.4: no version information available (required by /usr/bin/cmake)
[145.637s] /usr/bin/cmake: /opt/workspace/install/libcurl_vendor/opt/libcurl_vendor/lib/libcurl.so.4: no version information available (required by /usr/bin/cmake)
[145.647s] /usr/bin/cmake: /opt/workspace/install/libcurl_vendor/opt/libcurl_vendor/lib/libcurl.so.4: no version information available (required by /usr/bin/cmake)
[145.664s] /usr/bin/cmake: /opt/workspace/install/libcurl_vendor/opt/libcurl_vendor/lib/libcurl.so.4: no version information available (required by /usr/bin/cmake)
[145.668s] /usr/bin/cmake/usr/bin/cmake: /opt/workspace/install/libcurl_vendor/opt/libcurl_vendor/lib/libcurl.so.4: no version information available (required by /usr/bin/cmake)
[145.668s] : /opt/workspace/install/libcurl_vendor/opt/libcurl_vendor/lib/libcurl.so.4: no version information available (required by /usr/bin/cmake)
[145.683s] /usr/bin/cmake: /opt/workspace/install/libcurl_vendor/opt/libcurl_vendor/lib/libcurl.so.4: no version information available (required by /usr/bin/cmake)
[145.684s] /usr/bin/cmake: /opt/workspace/install/libcurl_vendor/opt/libcurl_vendor/lib/libcurl.so.4: no version information available (required by /usr/bin/cmake)
[145.688s] /usr/bin/cmake: /opt/workspace/install/libcurl_vendor/opt/libcurl_vendor/lib/libcurl.so.4: no version information available (required by /usr/bin/cmake)
[145.690s] /usr/bin/cmake: /opt/workspace/install/libcurl_vendor/opt/libcurl_vendor/lib/libcurl.so.4: no version information available (required by /usr/bin/cmake)
[145.705s] /usr/bin/cmake: /opt/workspace/install/libcurl_vendor/opt/libcurl_vendor/lib/libcurl.so.4: no version information available (required by /usr/bin/cmake)
[145.708s] /usr/bin/cmake: /opt/workspace/install/libcurl_vendor/opt/libcurl_vendor/lib/libcurl.so.4: no version information available (required by /usr/bin/cmake)
[145.712s] /usr/bin/cmake: /opt/workspace/install/libcurl_vendor/opt/libcurl_vendor/lib/libcurl.so.4: no version information available (required by /usr/bin/cmake)
[145.723s] /usr/bin/cmake/usr/bin/cmake: /opt/workspace/install/libcurl_vendor/opt/libcurl_vendor/lib/libcurl.so.4: /opt/workspace/install/libcurl_vendor/opt/libcurl_vendor/lib/libcurl.so.4: no version information available (required by /usr/bin/cmake)
[145.724s] : no version information available (required by /usr/bin/cmake)
[145.728s] /usr/bin/cmake: /opt/workspace/install/libcurl_vendor/opt/libcurl_vendor/lib/libcurl.so.4: no version information available (required by /usr/bin/cmake)
[145.741s] /usr/bin/cmake: /opt/workspace/install/libcurl_vendor/opt/libcurl_vendor/lib/libcurl.so.4: no version information available (required by /usr/bin/cmake)
[145.746s] /usr/bin/cmake/usr/bin/cmake: /opt/workspace/install/libcurl_vendor/opt/libcurl_vendor/lib/libcurl.so.4: no version information available (required by /usr/bin/cmake)
[145.746s] : /opt/workspace/install/libcurl_vendor/opt/libcurl_vendor/lib/libcurl.so.4: no version information available (required by /usr/bin/cmake)
[145.762s] /usr/bin/cmake: /opt/workspace/install/libcurl_vendor/opt/libcurl_vendor/lib/libcurl.so.4: no version information available (required by /usr/bin/cmake)
[145.768s] /usr/bin/cmake: /opt/workspace/install/libcurl_vendor/opt/libcurl_vendor/lib/libcurl.so.4: no version information available (required by /usr/bin/cmake)
[145.788s] /usr/bin/cmake: /opt/workspace/install/libcurl_vendor/opt/libcurl_vendor/lib/libcurl.so.4: no version information available (required by /usr/bin/cmake)
[145.797s] /usr/bin/cmake: /opt/workspace/install/libcurl_vendor/opt/libcurl_vendor/lib/libcurl.so.4: no version information available (required by /usr/bin/cmake)
[145.798s] /usr/bin/cmake: /opt/workspace/install/libcurl_vendor/opt/libcurl_vendor/lib/libcurl.so.4: no version information available (required by /usr/bin/cmake)
[145.811s] /usr/bin/cmake: /opt/workspace/install/libcurl_vendor/opt/libcurl_vendor/lib/libcurl.so.4: no version information available (required by /usr/bin/cmake)
[145.832s] /usr/bin/cmake: /opt/workspace/install/libcurl_vendor/opt/libcurl_vendor/lib/libcurl.so.4: no version information available (required by /usr/bin/cmake)
[145.847s] /usr/bin/cmake: /opt/workspace/install/libcurl_vendor/opt/libcurl_vendor/lib/libcurl.so.4: no version information available (required by /usr/bin/cmake)
