[0.037s] Invoking command in '/opt/workspace/build/urdfdom': AMENT_PREFIX_PATH=/opt/workspace/install/console_bridge_vendor:${AMENT_PREFIX_PATH} CMAKE_PREFIX_PATH=/opt/workspace/install/console_bridge_vendor:/opt/workspace/install/urdfdom_headers:/opt/workspace/install/tinyxml_vendor:/opt/ros/eloquent LD_LIBRARY_PATH=/opt/workspace/install/console_bridge_vendor/lib:${LD_LIBRARY_PATH} PKG_CONFIG_PATH=/opt/workspace/install/urdfdom_headers/lib/pkgconfig:/opt/workspace/install/tinyxml_vendor/lib/x86_64-linux-gnu/pkgconfig:/opt/workspace/install/tinyxml_vendor/lib/pkgconfig /usr/bin/cmake /opt/workspace/src/ros2/urdfdom -DCMAKE_INSTALL_PREFIX=/opt/workspace/install/urdfdom
[0.165s] -- The CXX compiler identification is GNU 7.4.0
[0.247s] -- The C compiler identification is GNU 7.4.0
[0.255s] -- Check for working CXX compiler: /usr/bin/c++
[0.424s] -- Check for working CXX compiler: /usr/bin/c++ -- works
[0.425s] -- Detecting CXX compiler ABI info
[0.596s] -- Detecting CXX compiler ABI info - done
[0.606s] -- Detecting CXX compile features
[1.324s] -- Detecting CXX compile features - done
[1.329s] -- Check for working C compiler: /usr/bin/cc
[1.457s] -- Check for working C compiler: /usr/bin/cc -- works
[1.458s] -- Detecting C compiler ABI info
[1.611s] -- Detecting C compiler ABI info - done
[1.626s] -- Detecting C compile features
[2.125s] -- Detecting C compile features - done
[2.126s] -- urdfdom version 1.0.0
[2.135s] -- Performing Test HAS_VISIBILITY
[2.279s] -- Performing Test HAS_VISIBILITY - Success
[2.280s] -- Found tinyxml_vendor:  (/opt/workspace/install/tinyxml_vendor/share/tinyxml_vendor/cmake)
[2.295s] -- Found TinyXML: /usr/lib/x86_64-linux-gnu/libtinyxml.so  
[2.302s] -- Found console_bridge_vendor: 1.2.0 (/opt/workspace/install/console_bridge_vendor/share/console_bridge_vendor/cmake)
[2.357s] -- Configuration successful. Type make to compile urdfdom
[2.360s] -- Configuring done
[2.436s] -- Generating done
[2.447s] -- Build files have been written to: /opt/workspace/build/urdfdom
[2.459s] Invoked command in '/opt/workspace/build/urdfdom' returned '0': AMENT_PREFIX_PATH=/opt/workspace/install/console_bridge_vendor:${AMENT_PREFIX_PATH} CMAKE_PREFIX_PATH=/opt/workspace/install/console_bridge_vendor:/opt/workspace/install/urdfdom_headers:/opt/workspace/install/tinyxml_vendor:/opt/ros/eloquent LD_LIBRARY_PATH=/opt/workspace/install/console_bridge_vendor/lib:${LD_LIBRARY_PATH} PKG_CONFIG_PATH=/opt/workspace/install/urdfdom_headers/lib/pkgconfig:/opt/workspace/install/tinyxml_vendor/lib/x86_64-linux-gnu/pkgconfig:/opt/workspace/install/tinyxml_vendor/lib/pkgconfig /usr/bin/cmake /opt/workspace/src/ros2/urdfdom -DCMAKE_INSTALL_PREFIX=/opt/workspace/install/urdfdom
[2.461s] Invoking command in '/opt/workspace/build/urdfdom': AMENT_PREFIX_PATH=/opt/workspace/install/console_bridge_vendor:${AMENT_PREFIX_PATH} CMAKE_PREFIX_PATH=/opt/workspace/install/console_bridge_vendor:/opt/workspace/install/urdfdom_headers:/opt/workspace/install/tinyxml_vendor:/opt/ros/eloquent LD_LIBRARY_PATH=/opt/workspace/install/console_bridge_vendor/lib:${LD_LIBRARY_PATH} PKG_CONFIG_PATH=/opt/workspace/install/urdfdom_headers/lib/pkgconfig:/opt/workspace/install/tinyxml_vendor/lib/x86_64-linux-gnu/pkgconfig:/opt/workspace/install/tinyxml_vendor/lib/pkgconfig /usr/bin/cmake --build /opt/workspace/build/urdfdom -- -j8 -l8
[2.564s] [35m[1mScanning dependencies of target urdfdom_model[0m
[2.605s] [  3%] [32mBuilding CXX object urdf_parser/CMakeFiles/urdfdom_model.dir/src/pose.cpp.o[0m
[4.687s] [  7%] [32mBuilding CXX object urdf_parser/CMakeFiles/urdfdom_model.dir/src/joint.cpp.o[0m
[7.439s] [ 10%] [32mBuilding CXX object urdf_parser/CMakeFiles/urdfdom_model.dir/src/link.cpp.o[0m
[11.177s] [ 14%] [32mBuilding CXX object urdf_parser/CMakeFiles/urdfdom_model.dir/src/model.cpp.o[0m
[15.448s] [ 17%] [32m[1mLinking CXX shared library ../lib/liburdfdom_model.so[0m
[15.666s] [ 17%] Built target urdfdom_model
[15.686s] [35m[1mScanning dependencies of target gtest[0m
[15.736s] [ 21%] [32mBuilding CXX object urdf_parser/test/CMakeFiles/gtest.dir/gtest/src/gtest-all.cc.o[0m
[26.702s] [ 25%] [32m[1mLinking CXX static library ../../lib/libgtest.a[0m
[26.779s] [ 25%] Built target gtest
[26.807s] [35m[1mScanning dependencies of target urdf_to_graphiz[0m
[26.830s] [ 28%] [32mBuilding CXX object urdf_parser/CMakeFiles/urdf_to_graphiz.dir/src/urdf_to_graphiz.cpp.o[0m
[28.610s] [ 32%] [32m[1mLinking CXX executable ../bin/urdf_to_graphiz[0m
[28.780s] [ 32%] Built target urdf_to_graphiz
[28.803s] [35m[1mScanning dependencies of target gtest_main[0m
[28.842s] [ 35%] [32mBuilding CXX object urdf_parser/test/CMakeFiles/gtest_main.dir/gtest/src/gtest_main.cc.o[0m
[30.060s] [ 39%] [32m[1mLinking CXX static library ../../lib/libgtest_main.a[0m
[30.120s] [ 39%] Built target gtest_main
[30.153s] [35m[1mScanning dependencies of target urdf_mem_test[0m
[30.182s] [ 42%] [32mBuilding CXX object urdf_parser/CMakeFiles/urdf_mem_test.dir/test/memtest.cpp.o[0m
[31.624s] [ 46%] [32m[1mLinking CXX executable ../bin/urdf_mem_test[0m
[31.790s] [ 46%] Built target urdf_mem_test
[31.818s] [35m[1mScanning dependencies of target urdf_unit_test[0m
[31.871s] [ 50%] [32mBuilding CXX object urdf_parser/test/CMakeFiles/urdf_unit_test.dir/urdf_unit_test.cpp.o[0m
[33.603s] [ 53%] [32m[1mLinking CXX executable ../../bin/urdf_unit_test[0m
[33.766s] [ 53%] Built target urdf_unit_test
[33.786s] [35m[1mScanning dependencies of target urdfdom_sensor[0m
[33.815s] [ 57%] [32mBuilding CXX object urdf_parser/CMakeFiles/urdfdom_sensor.dir/src/urdf_sensor.cpp.o[0m
[35.769s] [ 60%] [32m[1mLinking CXX shared library ../lib/liburdfdom_sensor.so[0m
[35.924s] [ 60%] Built target urdfdom_sensor
[35.944s] [35m[1mScanning dependencies of target urdfdom_world[0m
[35.967s] [ 64%] [32mBuilding CXX object urdf_parser/CMakeFiles/urdfdom_world.dir/src/pose.cpp.o[0m
[37.916s] [ 67%] [32mBuilding CXX object urdf_parser/CMakeFiles/urdfdom_world.dir/src/world.cpp.o[0m
[39.091s] [ 71%] [32mBuilding CXX object urdf_parser/CMakeFiles/urdfdom_world.dir/src/joint.cpp.o[0m
[41.469s] [ 75%] [32mBuilding CXX object urdf_parser/CMakeFiles/urdfdom_world.dir/src/link.cpp.o[0m
[44.838s] [ 78%] [32mBuilding CXX object urdf_parser/CMakeFiles/urdfdom_world.dir/src/model.cpp.o[0m
[48.821s] [ 82%] [32m[1mLinking CXX shared library ../lib/liburdfdom_world.so[0m
[49.016s] [ 82%] Built target urdfdom_world
[49.036s] [35m[1mScanning dependencies of target urdfdom_model_state[0m
[49.059s] [ 85%] [32mBuilding CXX object urdf_parser/CMakeFiles/urdfdom_model_state.dir/src/urdf_model_state.cpp.o[0m
[51.263s] [ 89%] [32mBuilding CXX object urdf_parser/CMakeFiles/urdfdom_model_state.dir/src/twist.cpp.o[0m
[52.519s] [ 92%] [32m[1mLinking CXX shared library ../lib/liburdfdom_model_state.so[0m
[52.709s] [ 92%] Built target urdfdom_model_state
[52.737s] [35m[1mScanning dependencies of target check_urdf[0m
[52.763s] [ 96%] [32mBuilding CXX object urdf_parser/CMakeFiles/check_urdf.dir/src/check_urdf.cpp.o[0m
[54.181s] [100%] [32m[1mLinking CXX executable ../bin/check_urdf[0m
[54.318s] [100%] Built target check_urdf
[54.342s] Invoked command in '/opt/workspace/build/urdfdom' returned '0': AMENT_PREFIX_PATH=/opt/workspace/install/console_bridge_vendor:${AMENT_PREFIX_PATH} CMAKE_PREFIX_PATH=/opt/workspace/install/console_bridge_vendor:/opt/workspace/install/urdfdom_headers:/opt/workspace/install/tinyxml_vendor:/opt/ros/eloquent LD_LIBRARY_PATH=/opt/workspace/install/console_bridge_vendor/lib:${LD_LIBRARY_PATH} PKG_CONFIG_PATH=/opt/workspace/install/urdfdom_headers/lib/pkgconfig:/opt/workspace/install/tinyxml_vendor/lib/x86_64-linux-gnu/pkgconfig:/opt/workspace/install/tinyxml_vendor/lib/pkgconfig /usr/bin/cmake --build /opt/workspace/build/urdfdom -- -j8 -l8
[54.466s] Invoking command in '/opt/workspace/build/urdfdom': AMENT_PREFIX_PATH=/opt/workspace/install/console_bridge_vendor:${AMENT_PREFIX_PATH} CMAKE_PREFIX_PATH=/opt/workspace/install/console_bridge_vendor:/opt/workspace/install/urdfdom_headers:/opt/workspace/install/tinyxml_vendor:/opt/ros/eloquent LD_LIBRARY_PATH=/opt/workspace/install/console_bridge_vendor/lib:${LD_LIBRARY_PATH} PKG_CONFIG_PATH=/opt/workspace/install/urdfdom_headers/lib/pkgconfig:/opt/workspace/install/tinyxml_vendor/lib/x86_64-linux-gnu/pkgconfig:/opt/workspace/install/tinyxml_vendor/lib/pkgconfig /usr/bin/cmake --build /opt/workspace/build/urdfdom --target install -- -j8 -l8
[54.572s] [ 17%] Built target urdfdom_model
[54.619s] [ 25%] Built target gtest
[54.662s] [ 32%] Built target urdf_to_graphiz
[54.703s] [ 39%] Built target gtest_main
[54.791s] [ 46%] Built target urdf_mem_test
[54.848s] [ 53%] Built target urdf_unit_test
[54.894s] [ 60%] Built target urdfdom_sensor
[54.944s] [ 82%] Built target urdfdom_world
[54.982s] [ 92%] Built target urdfdom_model_state
[55.019s] [100%] Built target check_urdf
[55.058s] [36mInstall the project...[0m
[55.074s] -- Install configuration: "Release"
[55.074s] -- Installing: /opt/workspace/install/urdfdom/share/urdfdom/package.xml
[55.074s] -- Installing: /opt/workspace/install/urdfdom/lib/urdfdom/cmake/urdfdom-config.cmake
[55.075s] -- Installing: /opt/workspace/install/urdfdom/lib/pkgconfig/urdfdom.pc
[55.076s] -- Installing: /opt/workspace/install/urdfdom/lib/liburdfdom_model.so.1.0
[55.076s] -- Installing: /opt/workspace/install/urdfdom/lib/liburdfdom_model.so
[55.076s] -- Set runtime path of "/opt/workspace/install/urdfdom/lib/liburdfdom_model.so.1.0" to ""
[55.077s] -- Installing: /opt/workspace/install/urdfdom/lib/liburdfdom_world.so.1.0
[55.077s] -- Installing: /opt/workspace/install/urdfdom/lib/liburdfdom_world.so
[55.078s] -- Set runtime path of "/opt/workspace/install/urdfdom/lib/liburdfdom_world.so.1.0" to ""
[55.078s] -- Installing: /opt/workspace/install/urdfdom/lib/liburdfdom_sensor.so.1.0
[55.078s] -- Installing: /opt/workspace/install/urdfdom/lib/liburdfdom_sensor.so
[55.079s] -- Set runtime path of "/opt/workspace/install/urdfdom/lib/liburdfdom_sensor.so.1.0" to ""
[55.079s] -- Installing: /opt/workspace/install/urdfdom/lib/liburdfdom_model_state.so.1.0
[55.079s] -- Installing: /opt/workspace/install/urdfdom/lib/liburdfdom_model_state.so
[55.080s] -- Set runtime path of "/opt/workspace/install/urdfdom/lib/liburdfdom_model_state.so.1.0" to ""
[55.081s] -- Installing: /opt/workspace/install/urdfdom/bin/check_urdf
[55.081s] -- Set runtime path of "/opt/workspace/install/urdfdom/bin/check_urdf" to ""
[55.081s] -- Installing: /opt/workspace/install/urdfdom/bin/urdf_to_graphiz
[55.082s] -- Set runtime path of "/opt/workspace/install/urdfdom/bin/urdf_to_graphiz" to ""
[55.082s] -- Installing: /opt/workspace/install/urdfdom/bin/urdf_mem_test
[55.083s] -- Set runtime path of "/opt/workspace/install/urdfdom/bin/urdf_mem_test" to ""
[55.083s] -- Installing: /opt/workspace/install/urdfdom/include/urdf_parser
[55.083s] -- Installing: /opt/workspace/install/urdfdom/include/urdf_parser/exportdecl.h
[55.084s] -- Installing: /opt/workspace/install/urdfdom/include/urdf_parser/urdf_parser.h
[55.092s] Invoked command in '/opt/workspace/build/urdfdom' returned '0': AMENT_PREFIX_PATH=/opt/workspace/install/console_bridge_vendor:${AMENT_PREFIX_PATH} CMAKE_PREFIX_PATH=/opt/workspace/install/console_bridge_vendor:/opt/workspace/install/urdfdom_headers:/opt/workspace/install/tinyxml_vendor:/opt/ros/eloquent LD_LIBRARY_PATH=/opt/workspace/install/console_bridge_vendor/lib:${LD_LIBRARY_PATH} PKG_CONFIG_PATH=/opt/workspace/install/urdfdom_headers/lib/pkgconfig:/opt/workspace/install/tinyxml_vendor/lib/x86_64-linux-gnu/pkgconfig:/opt/workspace/install/tinyxml_vendor/lib/pkgconfig /usr/bin/cmake --build /opt/workspace/build/urdfdom --target install -- -j8 -l8
