/opt/workspace/install/ros2interface/lib/python3.6/site-packages/ros2interface/__init__.py
/opt/workspace/install/ros2interface/lib/python3.6/site-packages/ros2interface/api/__init__.py
/opt/workspace/install/ros2interface/lib/python3.6/site-packages/ros2interface/verb/show.py
/opt/workspace/install/ros2interface/lib/python3.6/site-packages/ros2interface/verb/__init__.py
/opt/workspace/install/ros2interface/lib/python3.6/site-packages/ros2interface/verb/proto.py
/opt/workspace/install/ros2interface/lib/python3.6/site-packages/ros2interface/verb/package.py
/opt/workspace/install/ros2interface/lib/python3.6/site-packages/ros2interface/verb/list.py
/opt/workspace/install/ros2interface/lib/python3.6/site-packages/ros2interface/verb/packages.py
/opt/workspace/install/ros2interface/lib/python3.6/site-packages/ros2interface/command/__init__.py
/opt/workspace/install/ros2interface/lib/python3.6/site-packages/ros2interface/command/interface.py
/opt/workspace/install/ros2interface/lib/python3.6/site-packages/ros2interface/__pycache__/__init__.cpython-36.pyc
/opt/workspace/install/ros2interface/lib/python3.6/site-packages/ros2interface/api/__pycache__/__init__.cpython-36.pyc
/opt/workspace/install/ros2interface/lib/python3.6/site-packages/ros2interface/verb/__pycache__/show.cpython-36.pyc
/opt/workspace/install/ros2interface/lib/python3.6/site-packages/ros2interface/verb/__pycache__/__init__.cpython-36.pyc
/opt/workspace/install/ros2interface/lib/python3.6/site-packages/ros2interface/verb/__pycache__/proto.cpython-36.pyc
/opt/workspace/install/ros2interface/lib/python3.6/site-packages/ros2interface/verb/__pycache__/package.cpython-36.pyc
/opt/workspace/install/ros2interface/lib/python3.6/site-packages/ros2interface/verb/__pycache__/list.cpython-36.pyc
/opt/workspace/install/ros2interface/lib/python3.6/site-packages/ros2interface/verb/__pycache__/packages.cpython-36.pyc
/opt/workspace/install/ros2interface/lib/python3.6/site-packages/ros2interface/command/__pycache__/__init__.cpython-36.pyc
/opt/workspace/install/ros2interface/lib/python3.6/site-packages/ros2interface/command/__pycache__/interface.cpython-36.pyc
/opt/workspace/install/ros2interface/share/ros2interface/package.xml
/opt/workspace/install/ros2interface/share/ament_index/resource_index/packages/ros2interface
/opt/workspace/install/ros2interface/lib/python3.6/site-packages/ros2interface-0.8.7-py3.6.egg-info/dependency_links.txt
/opt/workspace/install/ros2interface/lib/python3.6/site-packages/ros2interface-0.8.7-py3.6.egg-info/zip-safe
/opt/workspace/install/ros2interface/lib/python3.6/site-packages/ros2interface-0.8.7-py3.6.egg-info/top_level.txt
/opt/workspace/install/ros2interface/lib/python3.6/site-packages/ros2interface-0.8.7-py3.6.egg-info/entry_points.txt
/opt/workspace/install/ros2interface/lib/python3.6/site-packages/ros2interface-0.8.7-py3.6.egg-info/requires.txt
/opt/workspace/install/ros2interface/lib/python3.6/site-packages/ros2interface-0.8.7-py3.6.egg-info/PKG-INFO
/opt/workspace/install/ros2interface/lib/python3.6/site-packages/ros2interface-0.8.7-py3.6.egg-info/SOURCES.txt
