[0.730s] [36mInstall the project...[0m
[0.766s] -- Install configuration: ""
[0.766s] -- Up-to-date: /opt/workspace/install/ament_cmake_ros/share/ament_index/resource_index/package_run_dependencies/ament_cmake_ros
[0.766s] -- Up-to-date: /opt/workspace/install/ament_cmake_ros/share/ament_index/resource_index/parent_prefix_path/ament_cmake_ros
[0.766s] -- Up-to-date: /opt/workspace/install/ament_cmake_ros/share/ament_cmake_ros/environment/ament_prefix_path.sh
[0.767s] -- Up-to-date: /opt/workspace/install/ament_cmake_ros/share/ament_cmake_ros/environment/ament_prefix_path.dsv
[0.767s] -- Up-to-date: /opt/workspace/install/ament_cmake_ros/share/ament_cmake_ros/environment/path.sh
[0.767s] -- Up-to-date: /opt/workspace/install/ament_cmake_ros/share/ament_cmake_ros/environment/path.dsv
[0.768s] -- Up-to-date: /opt/workspace/install/ament_cmake_ros/share/ament_cmake_ros/local_setup.bash
[0.768s] -- Up-to-date: /opt/workspace/install/ament_cmake_ros/share/ament_cmake_ros/local_setup.sh
[0.768s] -- Up-to-date: /opt/workspace/install/ament_cmake_ros/share/ament_cmake_ros/local_setup.zsh
[0.768s] -- Up-to-date: /opt/workspace/install/ament_cmake_ros/share/ament_cmake_ros/local_setup.dsv
[0.770s] -- Up-to-date: /opt/workspace/install/ament_cmake_ros/share/ament_cmake_ros/package.dsv
[0.770s] -- Up-to-date: /opt/workspace/install/ament_cmake_ros/share/ament_index/resource_index/packages/ament_cmake_ros
[0.770s] -- Up-to-date: /opt/workspace/install/ament_cmake_ros/share/ament_cmake_ros/cmake/ament_cmake_ros-extras.cmake
[0.771s] -- Up-to-date: /opt/workspace/install/ament_cmake_ros/share/ament_cmake_ros/cmake/ament_cmake_export_dependencies-extras.cmake
[0.771s] -- Up-to-date: /opt/workspace/install/ament_cmake_ros/share/ament_cmake_ros/cmake/ament_cmake_rosConfig.cmake
[0.771s] -- Up-to-date: /opt/workspace/install/ament_cmake_ros/share/ament_cmake_ros/cmake/ament_cmake_rosConfig-version.cmake
[0.771s] -- Up-to-date: /opt/workspace/install/ament_cmake_ros/share/ament_cmake_ros/package.xml
[0.771s] -- Up-to-date: /opt/workspace/install/ament_cmake_ros/share/ament_cmake_ros/cmake
[0.772s] -- Up-to-date: /opt/workspace/install/ament_cmake_ros/share/ament_cmake_ros/cmake/build_shared_libs.cmake
[0.772s] -- Up-to-date: /opt/workspace/install/ament_cmake_ros/share/ament_cmake_ros/cmake/ament_add_ros_isolated_gmock.cmake
[0.772s] -- Up-to-date: /opt/workspace/install/ament_cmake_ros/share/ament_cmake_ros/cmake/ament_add_ros_isolated_pytest.cmake
[0.772s] -- Up-to-date: /opt/workspace/install/ament_cmake_ros/share/ament_cmake_ros/cmake/ament_add_ros_isolated_gtest.cmake
[0.773s] -- Up-to-date: /opt/workspace/install/ament_cmake_ros/share/ament_cmake_ros/cmake/run_test_isolated.py
