/opt/workspace/install/tracetools_trace/lib/python3.6/site-packages/tracetools_trace/__init__.py
/opt/workspace/install/tracetools_trace/lib/python3.6/site-packages/tracetools_trace/trace.py
/opt/workspace/install/tracetools_trace/lib/python3.6/site-packages/tracetools_trace/tools/__init__.py
/opt/workspace/install/tracetools_trace/lib/python3.6/site-packages/tracetools_trace/tools/names.py
/opt/workspace/install/tracetools_trace/lib/python3.6/site-packages/tracetools_trace/tools/lttng_impl.py
/opt/workspace/install/tracetools_trace/lib/python3.6/site-packages/tracetools_trace/tools/path.py
/opt/workspace/install/tracetools_trace/lib/python3.6/site-packages/tracetools_trace/tools/lttng.py
/opt/workspace/install/tracetools_trace/lib/python3.6/site-packages/tracetools_trace/tools/lttng_stub.py
/opt/workspace/install/tracetools_trace/lib/python3.6/site-packages/tracetools_trace/tools/args.py
/opt/workspace/install/tracetools_trace/lib/python3.6/site-packages/tracetools_trace/__pycache__/__init__.cpython-36.pyc
/opt/workspace/install/tracetools_trace/lib/python3.6/site-packages/tracetools_trace/__pycache__/trace.cpython-36.pyc
/opt/workspace/install/tracetools_trace/lib/python3.6/site-packages/tracetools_trace/tools/__pycache__/__init__.cpython-36.pyc
/opt/workspace/install/tracetools_trace/lib/python3.6/site-packages/tracetools_trace/tools/__pycache__/names.cpython-36.pyc
/opt/workspace/install/tracetools_trace/lib/python3.6/site-packages/tracetools_trace/tools/__pycache__/lttng_impl.cpython-36.pyc
/opt/workspace/install/tracetools_trace/lib/python3.6/site-packages/tracetools_trace/tools/__pycache__/path.cpython-36.pyc
/opt/workspace/install/tracetools_trace/lib/python3.6/site-packages/tracetools_trace/tools/__pycache__/lttng.cpython-36.pyc
/opt/workspace/install/tracetools_trace/lib/python3.6/site-packages/tracetools_trace/tools/__pycache__/lttng_stub.cpython-36.pyc
/opt/workspace/install/tracetools_trace/lib/python3.6/site-packages/tracetools_trace/tools/__pycache__/args.cpython-36.pyc
/opt/workspace/install/tracetools_trace/share/tracetools_trace/package.xml
/opt/workspace/install/tracetools_trace/lib/python3.6/site-packages/tracetools_trace-0.2.10-py3.6.egg-info/dependency_links.txt
/opt/workspace/install/tracetools_trace/lib/python3.6/site-packages/tracetools_trace-0.2.10-py3.6.egg-info/top_level.txt
/opt/workspace/install/tracetools_trace/lib/python3.6/site-packages/tracetools_trace-0.2.10-py3.6.egg-info/entry_points.txt
/opt/workspace/install/tracetools_trace/lib/python3.6/site-packages/tracetools_trace-0.2.10-py3.6.egg-info/requires.txt
/opt/workspace/install/tracetools_trace/lib/python3.6/site-packages/tracetools_trace-0.2.10-py3.6.egg-info/PKG-INFO
/opt/workspace/install/tracetools_trace/lib/python3.6/site-packages/tracetools_trace-0.2.10-py3.6.egg-info/SOURCES.txt
/opt/workspace/install/tracetools_trace/lib/tracetools_trace/trace
