Determining if the pthread_create exist failed with the following output:
Change Dir: /opt/workspace/build/demo_nodes_cpp/CMakeFiles/CMakeTmp

Run Build Command:"/usr/bin/make" "cmTC_89013/fast"
/usr/bin/make -f CMakeFiles/cmTC_89013.dir/build.make CMakeFiles/cmTC_89013.dir/build
make[1]: Entering directory '/opt/workspace/build/demo_nodes_cpp/CMakeFiles/CMakeTmp'
Building C object CMakeFiles/cmTC_89013.dir/CheckSymbolExists.c.o
/usr/bin/cc    -o CMakeFiles/cmTC_89013.dir/CheckSymbolExists.c.o   -c /opt/workspace/build/demo_nodes_cpp/CMakeFiles/CMakeTmp/CheckSymbolExists.c
Linking C executable cmTC_89013
/usr/bin/cmake -E cmake_link_script CMakeFiles/cmTC_89013.dir/link.txt --verbose=1
/usr/bin/cc      CMakeFiles/cmTC_89013.dir/CheckSymbolExists.c.o  -o cmTC_89013 
CMakeFiles/cmTC_89013.dir/CheckSymbolExists.c.o: In function `main':
CheckSymbolExists.c:(.text+0x1b): undefined reference to `pthread_create'
collect2: error: ld returned 1 exit status
CMakeFiles/cmTC_89013.dir/build.make:97: recipe for target 'cmTC_89013' failed
make[1]: *** [cmTC_89013] Error 1
make[1]: Leaving directory '/opt/workspace/build/demo_nodes_cpp/CMakeFiles/CMakeTmp'
Makefile:126: recipe for target 'cmTC_89013/fast' failed
make: *** [cmTC_89013/fast] Error 2

File /opt/workspace/build/demo_nodes_cpp/CMakeFiles/CMakeTmp/CheckSymbolExists.c:
/* */
#include <pthread.h>

int main(int argc, char** argv)
{
  (void)argv;
#ifndef pthread_create
  return ((int*)(&pthread_create))[argc];
#else
  (void)argc;
  return 0;
#endif
}

Determining if the function pthread_create exists in the pthreads failed with the following output:
Change Dir: /opt/workspace/build/demo_nodes_cpp/CMakeFiles/CMakeTmp

Run Build Command:"/usr/bin/make" "cmTC_b6814/fast"
/usr/bin/make -f CMakeFiles/cmTC_b6814.dir/build.make CMakeFiles/cmTC_b6814.dir/build
make[1]: Entering directory '/opt/workspace/build/demo_nodes_cpp/CMakeFiles/CMakeTmp'
Building C object CMakeFiles/cmTC_b6814.dir/CheckFunctionExists.c.o
/usr/bin/cc   -DCHECK_FUNCTION_EXISTS=pthread_create   -o CMakeFiles/cmTC_b6814.dir/CheckFunctionExists.c.o   -c /usr/share/cmake-3.10/Modules/CheckFunctionExists.c
Linking C executable cmTC_b6814
/usr/bin/cmake -E cmake_link_script CMakeFiles/cmTC_b6814.dir/link.txt --verbose=1
/usr/bin/cc  -DCHECK_FUNCTION_EXISTS=pthread_create    CMakeFiles/cmTC_b6814.dir/CheckFunctionExists.c.o  -o cmTC_b6814 -lpthreads 
/usr/bin/ld: cannot find -lpthreads
collect2: error: ld returned 1 exit status
CMakeFiles/cmTC_b6814.dir/build.make:97: recipe for target 'cmTC_b6814' failed
make[1]: *** [cmTC_b6814] Error 1
make[1]: Leaving directory '/opt/workspace/build/demo_nodes_cpp/CMakeFiles/CMakeTmp'
Makefile:126: recipe for target 'cmTC_b6814/fast' failed
make: *** [cmTC_b6814/fast] Error 2


