[0.533s] [100%] Built target tlsf
[0.988s] [100%] Built target tlsf
[1.032s] [36mInstall the project...[0m
[1.049s] -- Install configuration: ""
[1.049s] -- Up-to-date: /opt/workspace/install/tlsf/share/tlsf/environment/library_path.sh
[1.050s] -- Up-to-date: /opt/workspace/install/tlsf/share/tlsf/environment/library_path.dsv
[1.050s] -- Up-to-date: /opt/workspace/install/tlsf/share/ament_index/resource_index/package_run_dependencies/tlsf
[1.051s] -- Up-to-date: /opt/workspace/install/tlsf/share/ament_index/resource_index/parent_prefix_path/tlsf
[1.051s] -- Up-to-date: /opt/workspace/install/tlsf/share/tlsf/environment/ament_prefix_path.sh
[1.054s] -- Up-to-date: /opt/workspace/install/tlsf/share/tlsf/environment/ament_prefix_path.dsv
[1.054s] -- Up-to-date: /opt/workspace/install/tlsf/share/tlsf/environment/path.sh
[1.054s] -- Up-to-date: /opt/workspace/install/tlsf/share/tlsf/environment/path.dsv
[1.055s] -- Up-to-date: /opt/workspace/install/tlsf/share/tlsf/local_setup.bash
[1.055s] -- Up-to-date: /opt/workspace/install/tlsf/share/tlsf/local_setup.sh
[1.055s] -- Up-to-date: /opt/workspace/install/tlsf/share/tlsf/local_setup.zsh
[1.055s] -- Up-to-date: /opt/workspace/install/tlsf/share/tlsf/local_setup.dsv
[1.055s] -- Up-to-date: /opt/workspace/install/tlsf/share/tlsf/package.dsv
[1.056s] -- Up-to-date: /opt/workspace/install/tlsf/share/ament_index/resource_index/packages/tlsf
[1.056s] -- Up-to-date: /opt/workspace/install/tlsf/share/tlsf/cmake/ament_cmake_export_include_directories-extras.cmake
[1.056s] -- Up-to-date: /opt/workspace/install/tlsf/share/tlsf/cmake/ament_cmake_export_libraries-extras.cmake
[1.056s] -- Up-to-date: /opt/workspace/install/tlsf/share/tlsf/cmake/tlsfConfig.cmake
[1.056s] -- Up-to-date: /opt/workspace/install/tlsf/share/tlsf/cmake/tlsfConfig-version.cmake
[1.057s] -- Up-to-date: /opt/workspace/install/tlsf/share/tlsf/package.xml
[1.057s] -- Up-to-date: /opt/workspace/install/tlsf/include
[1.057s] -- Up-to-date: /opt/workspace/install/tlsf/include/tlsf
[1.057s] -- Up-to-date: /opt/workspace/install/tlsf/include/tlsf/tlsf.h
[1.057s] -- Up-to-date: /opt/workspace/install/tlsf/lib/libtlsf.a
