[0.632s] -- The C compiler identification is GNU 7.4.0
[0.822s] -- The CXX compiler identification is GNU 7.4.0
[0.835s] -- Check for working C compiler: /usr/bin/cc
[1.121s] -- Check for working C compiler: /usr/bin/cc -- works
[1.123s] -- Detecting C compiler ABI info
[1.367s] -- Detecting C compiler ABI info - done
[1.385s] -- Detecting C compile features
[2.429s] -- Detecting C compile features - done
[2.434s] -- Check for working CXX compiler: /usr/bin/c++
[2.834s] -- Check for working CXX compiler: /usr/bin/c++ -- works
[2.836s] -- Detecting CXX compiler ABI info
[3.178s] -- Detecting CXX compiler ABI info - done
[3.190s] -- Detecting CXX compile features
[4.961s] -- Detecting CXX compile features - done
[4.978s] -- Found ament_cmake_ros: 0.8.0 (/opt/workspace/install/ament_cmake_ros/share/ament_cmake_ros/cmake)
[5.272s] -- Found PythonInterp: /usr/bin/python3 (found suitable version "3.6.9", minimum required is "3") 
[5.272s] -- Using PYTHON_EXECUTABLE: /usr/bin/python3
[6.318s] -- Found builtin_interfaces: 0.8.0 (/opt/workspace/install/builtin_interfaces/share/builtin_interfaces/cmake)
[6.403s] -- Found rosidl_adapter: 0.8.2 (/opt/workspace/install/rosidl_adapter/share/rosidl_adapter/cmake)
[6.482s] -- Found rcl: 0.8.4 (/opt/workspace/install/rcl/share/rcl/cmake)
[6.520s] -- Found rmw_implementation_cmake: 0.8.1 (/opt/workspace/install/rmw_implementation_cmake/share/rmw_implementation_cmake/cmake)
[6.540s] -- Using RMW implementation 'rmw_fastrtps_cpp' as default
[6.542s] -- Looking for pthread.h
[6.996s] -- Looking for pthread.h - found
[6.997s] -- Looking for pthread_create
[7.407s] -- Looking for pthread_create - not found
[7.407s] -- Looking for pthread_create in pthreads
[7.731s] -- Looking for pthread_create in pthreads - not found
[7.732s] -- Looking for pthread_create in pthread
[7.987s] -- Looking for pthread_create in pthread - found
[7.990s] -- Found Threads: TRUE  
[8.055s] -- Found rcpputils: 0.2.1 (/opt/workspace/install/rcpputils/share/rcpputils/cmake)
[8.061s] -- Found rosgraph_msgs: 0.8.0 (/opt/workspace/install/rosgraph_msgs/share/rosgraph_msgs/cmake)
[8.208s] -- Found ament_lint_auto: 0.8.1 (/opt/workspace/install/ament_lint_auto/share/ament_lint_auto/cmake)
[8.637s] -- Found gtest sources under '/opt/workspace/install/gtest_vendor/src/gtest_vendor': C++ tests using 'Google Test' will be built
[8.642s] -- Check if compiler accepts -pthread
[8.899s] -- Check if compiler accepts -pthread - yes
[9.090s] -- Found gmock sources under '/opt/workspace/install/gmock_vendor/src/gmock_vendor': C++ tests using 'Google Mock' will be built
[10.396s] -- Added test 'copyright' to check for copyright in CMake / C / C++ / Python code
[10.418s] -- Added test 'cppcheck' to perform static code analysis on C / C++ code
[10.438s] -- Configured cppcheck include dirs: /opt/workspace/src/ros2/rclcpp/rclcpp/include;/opt/workspace/src/ros2/rclcpp/rclcpp/test/
[10.459s] -- Added test 'cpplint' to check C / C++ code against the Google style
[10.470s] -- Added test 'lint_cmake' to check CMake code style
[10.494s] -- Added test 'uncrustify' to check C / C++ code style
[10.499s] -- Added test 'xmllint' to check XML markup files
[10.512s] -- Configuring done
[11.368s] -- Generating done
[11.383s] -- Build files have been written to: /opt/workspace/build/rclcpp
[11.537s] [35m[1mScanning dependencies of target gtest[0m
[11.599s] [  1%] [32mBuilding CXX object gtest/CMakeFiles/gtest.dir/src/gtest-all.cc.o[0m
[17.414s] [  2%] [32m[1mLinking CXX static library libgtest.a[0m
[17.534s] [  2%] Built target gtest
[17.562s] [35m[1mScanning dependencies of target gmock_main[0m
[17.626s] [  2%] [32mBuilding CXX object gmock/CMakeFiles/gmock_main.dir/src/gmock_main.cc.o[0m
[19.342s] [  3%] [32m[1mLinking CXX static library libgmock_main.a[0m
[19.441s] [  3%] Built target gmock_main
[19.470s] [35m[1mScanning dependencies of target gmock[0m
[19.536s] [  3%] [32mBuilding CXX object gmock/CMakeFiles/gmock.dir/opt/workspace/install/gtest_vendor/src/gtest_vendor/src/gtest-all.cc.o[0m
[24.605s] [  4%] [32mBuilding CXX object gmock/CMakeFiles/gmock.dir/src/gmock-all.cc.o[0m
[27.511s] [  5%] [32m[1mLinking CXX static library libgmock.a[0m
[27.645s] [  5%] Built target gmock
[27.686s] [35m[1mScanning dependencies of target gtest_main[0m
[27.722s] [  5%] [32mBuilding CXX object gtest/CMakeFiles/gtest_main.dir/src/gtest_main.cc.o[0m
[29.153s] [  6%] [32m[1mLinking CXX static library libgtest_main.a[0m
[29.223s] [  6%] Built target gtest_main
[29.254s] [  7%] [34m[1mExpanding logging.hpp.em[0m
[29.857s] [35m[1mScanning dependencies of target rclcpp[0m
[30.206s] [  8%] [32mBuilding CXX object CMakeFiles/rclcpp.dir/src/rclcpp/any_executable.cpp.o[0m
[31.955s] [  9%] [32mBuilding CXX object CMakeFiles/rclcpp.dir/src/rclcpp/contexts/default_context.cpp.o[0m
[32.763s] [ 10%] [32mBuilding CXX object CMakeFiles/rclcpp.dir/src/rclcpp/detail/rmw_implementation_specific_payload.cpp.o[0m
[32.810s] [ 11%] [32mBuilding CXX object CMakeFiles/rclcpp.dir/src/rclcpp/detail/rmw_implementation_specific_publisher_payload.cpp.o[0m
[32.897s] [ 11%] [32mBuilding CXX object CMakeFiles/rclcpp.dir/src/rclcpp/detail/rmw_implementation_specific_subscription_payload.cpp.o[0m
[32.982s] [ 12%] [32mBuilding CXX object CMakeFiles/rclcpp.dir/src/rclcpp/duration.cpp.o[0m
[33.796s] [ 13%] [32mBuilding CXX object CMakeFiles/rclcpp.dir/src/rclcpp/event.cpp.o[0m
[34.228s] [ 14%] [32mBuilding CXX object CMakeFiles/rclcpp.dir/src/rclcpp/exceptions.cpp.o[0m
[34.901s] [ 14%] [32mBuilding CXX object CMakeFiles/rclcpp.dir/src/rclcpp/executor.cpp.o[0m
[37.150s] [ 15%] [32mBuilding CXX object CMakeFiles/rclcpp.dir/src/rclcpp/executors.cpp.o[0m
[39.382s] [ 16%] [32mBuilding CXX object CMakeFiles/rclcpp.dir/src/rclcpp/expand_topic_or_service_name.cpp.o[0m
[40.195s] [ 16%] [32mBuilding CXX object CMakeFiles/rclcpp.dir/src/rclcpp/executors/multi_threaded_executor.cpp.o[0m
[42.023s] [ 17%] [32mBuilding CXX object CMakeFiles/rclcpp.dir/src/rclcpp/executors/single_threaded_executor.cpp.o[0m
[44.018s] [ 18%] [32mBuilding CXX object CMakeFiles/rclcpp.dir/src/rclcpp/graph_listener.cpp.o[0m
[46.166s] [ 19%] [32mBuilding CXX object CMakeFiles/rclcpp.dir/src/rclcpp/init_options.cpp.o[0m
[46.990s] [ 19%] [32mBuilding CXX object CMakeFiles/rclcpp.dir/src/rclcpp/intra_process_manager.cpp.o[0m
[48.521s] [ 20%] [32mBuilding CXX object CMakeFiles/rclcpp.dir/src/rclcpp/logger.cpp.o[0m
[49.176s] [ 21%] [32mBuilding CXX object CMakeFiles/rclcpp.dir/src/rclcpp/memory_strategies.cpp.o[0m
[52.295s] [ 22%] [32mBuilding CXX object CMakeFiles/rclcpp.dir/src/rclcpp/memory_strategy.cpp.o[0m
[54.288s] [ 22%] [32mBuilding CXX object CMakeFiles/rclcpp.dir/src/rclcpp/node.cpp.o[0m
[57.312s] [ 23%] [32mBuilding CXX object CMakeFiles/rclcpp.dir/src/rclcpp/node_options.cpp.o[0m
[59.152s] [ 24%] [32mBuilding CXX object CMakeFiles/rclcpp.dir/src/rclcpp/node_interfaces/node_base.cpp.o[0m
[60.822s] [ 25%] [32mBuilding CXX object CMakeFiles/rclcpp.dir/src/rclcpp/node_interfaces/node_clock.cpp.o[0m
[62.408s] [ 25%] [32mBuilding CXX object CMakeFiles/rclcpp.dir/src/rclcpp/node_interfaces/node_graph.cpp.o[0m
[64.433s] [ 26%] [32mBuilding CXX object CMakeFiles/rclcpp.dir/src/rclcpp/node_interfaces/node_logging.cpp.o[0m
[64.476s] [ 26%] [32mBuilding CXX object CMakeFiles/rclcpp.dir/src/rclcpp/context.cpp.o[0m
[66.096s] [ 27%] [32mBuilding CXX object CMakeFiles/rclcpp.dir/src/rclcpp/node_interfaces/node_parameters.cpp.o[0m
[66.395s] [ 27%] [32mBuilding CXX object CMakeFiles/rclcpp.dir/src/rclcpp/node_interfaces/node_services.cpp.o[0m
[73.064s] [ 28%] [32mBuilding CXX object CMakeFiles/rclcpp.dir/src/rclcpp/node_interfaces/node_timers.cpp.o[0m
[74.865s] [ 29%] [32mBuilding CXX object CMakeFiles/rclcpp.dir/src/rclcpp/node_interfaces/node_topics.cpp.o[0m
[76.799s] [ 29%] [32mBuilding CXX object CMakeFiles/rclcpp.dir/src/rclcpp/node_interfaces/node_waitables.cpp.o[0m
[78.556s] [ 30%] [32mBuilding CXX object CMakeFiles/rclcpp.dir/src/rclcpp/parameter.cpp.o[0m
[81.318s] [ 31%] [32mBuilding CXX object CMakeFiles/rclcpp.dir/src/rclcpp/parameter_value.cpp.o[0m
[82.788s] [ 32%] [32mBuilding CXX object CMakeFiles/rclcpp.dir/src/rclcpp/parameter_client.cpp.o[0m
[93.051s] [ 32%] [32mBuilding CXX object CMakeFiles/rclcpp.dir/src/rclcpp/parameter_events_filter.cpp.o[0m
[94.017s] [ 33%] [32mBuilding CXX object CMakeFiles/rclcpp.dir/src/rclcpp/parameter_map.cpp.o[0m
[95.470s] [ 34%] [32mBuilding CXX object CMakeFiles/rclcpp.dir/src/rclcpp/parameter_service.cpp.o[0m
[101.549s] [ 34%] [32mBuilding CXX object CMakeFiles/rclcpp.dir/src/rclcpp/publisher_base.cpp.o[0m
[104.026s] [ 35%] [32mBuilding CXX object CMakeFiles/rclcpp.dir/src/rclcpp/qos.cpp.o[0m
[104.843s] [ 36%] [32mBuilding CXX object CMakeFiles/rclcpp.dir/src/rclcpp/qos_event.cpp.o[0m
[106.048s] [ 37%] [32mBuilding CXX object CMakeFiles/rclcpp.dir/src/rclcpp/service.cpp.o[0m
[107.554s] [ 37%] [32mBuilding CXX object CMakeFiles/rclcpp.dir/src/rclcpp/signal_handler.cpp.o[0m
[109.087s] [ 38%] [32mBuilding CXX object CMakeFiles/rclcpp.dir/src/rclcpp/subscription_base.cpp.o[0m
[111.989s] [ 39%] [32mBuilding CXX object CMakeFiles/rclcpp.dir/src/rclcpp/subscription_intra_process_base.cpp.o[0m
[112.803s] [ 40%] [32mBuilding CXX object CMakeFiles/rclcpp.dir/src/rclcpp/time.cpp.o[0m
[114.161s] [ 40%] [32mBuilding CXX object CMakeFiles/rclcpp.dir/src/rclcpp/time_source.cpp.o[0m
[123.117s] [ 41%] [32mBuilding CXX object CMakeFiles/rclcpp.dir/src/rclcpp/timer.cpp.o[0m
[124.448s] [ 42%] [32mBuilding CXX object CMakeFiles/rclcpp.dir/src/rclcpp/type_support.cpp.o[0m
[125.010s] [ 42%] [32mBuilding CXX object CMakeFiles/rclcpp.dir/src/rclcpp/utilities.cpp.o[0m
[126.270s] [ 43%] [32mBuilding CXX object CMakeFiles/rclcpp.dir/src/rclcpp/waitable.cpp.o[0m
[126.724s] [ 44%] [32mBuilding CXX object CMakeFiles/rclcpp.dir/src/rclcpp/node_interfaces/node_time_source.cpp.o[0m
[129.114s] [ 45%] [32mBuilding CXX object CMakeFiles/rclcpp.dir/src/rclcpp/clock.cpp.o[0m
[129.915s] [ 46%] [32mBuilding CXX object CMakeFiles/rclcpp.dir/src/rclcpp/client.cpp.o[0m
[131.632s] [ 46%] [32mBuilding CXX object CMakeFiles/rclcpp.dir/src/rclcpp/callback_group.cpp.o[0m
[133.484s] [ 47%] [32m[1mLinking CXX shared library librclcpp.so[0m
[135.090s] [ 47%] Built target rclcpp
[135.119s] [35m[1mScanning dependencies of target test_function_traits[0m
[135.163s] [ 48%] [32mBuilding CXX object CMakeFiles/test_function_traits.dir/test/test_function_traits.cpp.o[0m
[136.700s] [ 49%] [32m[1mLinking CXX executable test_function_traits[0m
[136.983s] [ 49%] Built target test_function_traits
[137.009s] [35m[1mScanning dependencies of target test_intra_process_manager[0m
[137.093s] [ 49%] [32mBuilding CXX object CMakeFiles/test_intra_process_manager.dir/test/test_intra_process_manager.cpp.o[0m
[141.387s] [ 50%] [32m[1mLinking CXX executable test_intra_process_manager[0m
[142.133s] [ 50%] Built target test_intra_process_manager
[142.155s] [35m[1mScanning dependencies of target test_client[0m
[142.231s] [ 51%] [32mBuilding CXX object CMakeFiles/test_client.dir/test/test_client.cpp.o[0m
[145.584s] [ 51%] [32m[1mLinking CXX executable test_client[0m
[146.247s] [ 51%] Built target test_client
[146.273s] [35m[1mScanning dependencies of target test_utilities[0m
[146.331s] [ 52%] [32mBuilding CXX object CMakeFiles/test_utilities.dir/test/test_utilities.cpp.o[0m
[148.321s] [ 53%] [32m[1mLinking CXX executable test_utilities[0m
[148.952s] [ 53%] Built target test_utilities
[148.979s] [35m[1mScanning dependencies of target test_logging[0m
[149.061s] [ 54%] [32mBuilding CXX object CMakeFiles/test_logging.dir/test/test_logging.cpp.o[0m
[152.000s] [ 54%] [32m[1mLinking CXX executable test_logging[0m
[152.716s] [ 54%] Built target test_logging
[152.742s] [35m[1mScanning dependencies of target test_time[0m
[152.838s] [ 54%] [32mBuilding CXX object CMakeFiles/test_time.dir/test/test_time.cpp.o[0m
[156.082s] [ 55%] [32m[1mLinking CXX executable test_time[0m
[156.654s] [ 55%] Built target test_time
[156.682s] [35m[1mScanning dependencies of target test_executor[0m
[156.777s] [ 56%] [32mBuilding CXX object CMakeFiles/test_executor.dir/test/test_executor.cpp.o[0m
[159.537s] [ 57%] [32m[1mLinking CXX executable test_executor[0m
[159.964s] [ 57%] Built target test_executor
[159.990s] [35m[1mScanning dependencies of target test_timer[0m
[160.075s] [ 57%] [32mBuilding CXX object CMakeFiles/test_timer.dir/test/test_timer.cpp.o[0m
[163.282s] [ 58%] [32m[1mLinking CXX executable test_timer[0m
[163.886s] [ 58%] Built target test_timer
[163.911s] [35m[1mScanning dependencies of target test_loaned_message[0m
[164.001s] [ 59%] [32mBuilding CXX object CMakeFiles/test_loaned_message.dir/test/test_loaned_message.cpp.o[0m
[167.408s] [ 59%] [32m[1mLinking CXX executable test_loaned_message[0m
[167.890s] [ 59%] Built target test_loaned_message
[167.909s] [35m[1mScanning dependencies of target test_subscription[0m
[167.969s] [ 60%] [32mBuilding CXX object CMakeFiles/test_subscription.dir/test/test_subscription.cpp.o[0m
[173.019s] [ 61%] [32m[1mLinking CXX executable test_subscription[0m
[173.550s] [ 61%] Built target test_subscription
[173.568s] [35m[1mScanning dependencies of target test_intra_process_buffer[0m
[173.626s] [ 62%] [32mBuilding CXX object CMakeFiles/test_intra_process_buffer.dir/test/test_intra_process_buffer.cpp.o[0m
[176.351s] [ 63%] [32m[1mLinking CXX executable test_intra_process_buffer[0m
[176.776s] [ 63%] Built target test_intra_process_buffer
[176.800s] [35m[1mScanning dependencies of target test_create_timer[0m
[176.862s] [ 64%] [32mBuilding CXX object CMakeFiles/test_create_timer.dir/test/test_create_timer.cpp.o[0m
[179.289s] [ 65%] [32m[1mLinking CXX executable test_create_timer[0m
[179.729s] [ 65%] Built target test_create_timer
[179.753s] [35m[1mScanning dependencies of target test_service[0m
[179.811s] [ 66%] [32mBuilding CXX object CMakeFiles/test_service.dir/test/test_service.cpp.o[0m
[182.398s] [ 66%] [32m[1mLinking CXX executable test_service[0m
[182.822s] [35m[1mScanning dependencies of target test_time_source[0m
[182.876s] [ 66%] Built target test_service
[182.902s] [35m[1mScanning dependencies of target test_ring_buffer_implementation[0m
[182.904s] [ 67%] [32mBuilding CXX object CMakeFiles/test_time_source.dir/test/test_time_source.cpp.o[0m
[182.956s] [ 68%] [32mBuilding CXX object CMakeFiles/test_ring_buffer_implementation.dir/test/test_ring_buffer_implementation.cpp.o[0m
[183.958s] [35m[1mScanning dependencies of target test_node_global_args[0m
[184.049s] [ 69%] [32mBuilding CXX object CMakeFiles/test_node_global_args.dir/test/test_node_global_args.cpp.o[0m
[184.254s] [ 69%] [32m[1mLinking CXX executable test_ring_buffer_implementation[0m
[184.907s] [35m[1mScanning dependencies of target test_node_interfaces__get_node_interfaces[0m
[184.909s] [ 69%] Built target test_ring_buffer_implementation
[184.972s] [35m[1mScanning dependencies of target test_node_options[0m
[185.077s] [ 69%] [32mBuilding CXX object CMakeFiles/test_node_interfaces__get_node_interfaces.dir/test/node_interfaces/test_get_node_interfaces.cpp.o[0m
[185.093s] [ 70%] [32mBuilding CXX object CMakeFiles/test_node_options.dir/test/test_node_options.cpp.o[0m
[186.121s] [35m[1mScanning dependencies of target test_parameter_map[0m
[186.278s] [ 71%] [32mBuilding CXX object CMakeFiles/test_parameter_map.dir/test/test_parameter_map.cpp.o[0m
[188.738s] [ 72%] [32m[1mLinking CXX executable test_node_global_args[0m
[188.973s] [ 73%] [32m[1mLinking CXX executable test_node_options[0m
[189.888s] [ 73%] Built target test_node_global_args
[190.034s] [ 73%] Built target test_node_options
[190.092s] [ 74%] [32m[1mLinking CXX executable test_parameter_map[0m
[190.415s] [ 75%] [32m[1mLinking CXX executable test_node_interfaces__get_node_interfaces[0m
[190.445s] [ 76%] [32m[1mLinking CXX executable test_time_source[0m
[191.312s] [ 76%] Built target test_parameter_map
[191.342s] [ 76%] Built target test_node_interfaces__get_node_interfaces
[191.439s] [ 76%] Built target test_time_source
[191.469s] [35m[1mScanning dependencies of target test_publisher[0m
[191.565s] [ 76%] [32mBuilding CXX object CMakeFiles/test_publisher.dir/test/test_publisher.cpp.o[0m
[197.703s] [ 77%] [32m[1mLinking CXX executable test_publisher[0m
[198.243s] [ 77%] Built target test_publisher
[198.263s] [35m[1mScanning dependencies of target test_rate[0m
[198.308s] [ 78%] [32mBuilding CXX object CMakeFiles/test_rate.dir/test/test_rate.cpp.o[0m
[200.306s] [ 79%] [32m[1mLinking CXX executable test_rate[0m
[200.775s] [ 79%] Built target test_rate
[200.800s] [35m[1mScanning dependencies of target test_serialized_message_allocator[0m
[200.884s] [ 80%] [32mBuilding CXX object CMakeFiles/test_serialized_message_allocator.dir/test/test_serialized_message_allocator.cpp.o[0m
[205.710s] [ 81%] [32m[1mLinking CXX executable test_serialized_message_allocator[0m
[206.491s] [ 81%] Built target test_serialized_message_allocator
[206.520s] [35m[1mScanning dependencies of target test_publisher_subscription_count_api[0m
[206.617s] [ 82%] [32mBuilding CXX object CMakeFiles/test_publisher_subscription_count_api.dir/test/test_publisher_subscription_count_api.cpp.o[0m
[212.469s] [ 82%] [32m[1mLinking CXX executable test_publisher_subscription_count_api[0m
[213.082s] [ 82%] Built target test_publisher_subscription_count_api
[213.103s] [35m[1mScanning dependencies of target test_node[0m
[213.174s] [ 83%] [32mBuilding CXX object CMakeFiles/test_node.dir/test/test_node.cpp.o[0m
[217.177s] [35m[1mScanning dependencies of target test_subscription_publisher_count_api[0m
[217.273s] [ 83%] [32mBuilding CXX object CMakeFiles/test_subscription_publisher_count_api.dir/test/test_subscription_publisher_count_api.cpp.o[0m
[218.335s] [35m[1mScanning dependencies of target test_parameter[0m
[218.507s] [ 83%] [32mBuilding CXX object CMakeFiles/test_parameter.dir/test/test_parameter.cpp.o[0m
[219.510s] [35m[1mScanning dependencies of target test_parameter_events_filter[0m
[219.650s] [ 83%] [32mBuilding CXX object CMakeFiles/test_parameter_events_filter.dir/test/test_parameter_events_filter.cpp.o[0m
[219.673s] [35m[1mScanning dependencies of target test_expand_topic_or_service_name[0m
[219.790s] [ 84%] [32mBuilding CXX object CMakeFiles/test_expand_topic_or_service_name.dir/test/test_expand_topic_or_service_name.cpp.o[0m
[220.818s] [35m[1mScanning dependencies of target test_parameter_client[0m
[221.050s] [ 85%] [32mBuilding CXX object CMakeFiles/test_parameter_client.dir/test/test_parameter_client.cpp.o[0m
[222.064s] [35m[1mScanning dependencies of target test_init[0m
[222.262s] [ 85%] [32mBuilding CXX object CMakeFiles/test_init.dir/test/test_init.cpp.o[0m
[222.485s] [ 85%] [32m[1mLinking CXX executable test_expand_topic_or_service_name[0m
[222.775s] [ 85%] [32m[1mLinking CXX executable test_node[0m
[223.891s] [ 85%] Built target test_expand_topic_or_service_name
[224.054s] [ 86%] [32m[1mLinking CXX executable test_parameter_events_filter[0m
[224.251s] [ 86%] Built target test_node
[225.483s] [ 86%] Built target test_parameter_events_filter
[226.060s] [ 87%] [32m[1mLinking CXX executable test_init[0m
[227.180s] [ 87%] Built target test_init
[229.186s] [ 88%] [32m[1mLinking CXX executable test_subscription_publisher_count_api[0m
[229.213s] [ 89%] [32m[1mLinking CXX executable test_parameter[0m
[230.333s] [ 89%] Built target test_parameter
[230.446s] [ 89%] Built target test_subscription_publisher_count_api
[231.425s] [ 90%] [32m[1mLinking CXX executable test_parameter_client[0m
[232.266s] [ 90%] Built target test_parameter_client
[232.295s] [35m[1mScanning dependencies of target test_logger[0m
[232.363s] [ 91%] [32mBuilding CXX object CMakeFiles/test_logger.dir/test/test_logger.cpp.o[0m
[234.268s] [ 92%] [32m[1mLinking CXX executable test_logger[0m
[234.874s] [ 92%] Built target test_logger
[234.900s] [35m[1mScanning dependencies of target test_duration[0m
[234.990s] [ 93%] [32mBuilding CXX object CMakeFiles/test_duration.dir/test/test_duration.cpp.o[0m
[238.855s] [ 93%] [32m[1mLinking CXX executable test_duration[0m
[239.496s] [ 93%] Built target test_duration
[239.526s] [35m[1mScanning dependencies of target test_externally_defined_services[0m
[239.628s] [ 94%] [32mBuilding CXX object CMakeFiles/test_externally_defined_services.dir/test/test_externally_defined_services.cpp.o[0m
[244.036s] [ 95%] [32m[1mLinking CXX executable test_externally_defined_services[0m
[244.757s] [ 95%] Built target test_externally_defined_services
[244.786s] [35m[1mScanning dependencies of target test_multi_threaded_executor[0m
[244.886s] [ 96%] [32mBuilding CXX object CMakeFiles/test_multi_threaded_executor.dir/test/executors/test_multi_threaded_executor.cpp.o[0m
[249.000s] [ 97%] [32m[1mLinking CXX executable test_multi_threaded_executor[0m
[249.638s] [ 97%] Built target test_multi_threaded_executor
[249.674s] [35m[1mScanning dependencies of target test_find_weak_nodes[0m
[249.778s] [ 97%] [32mBuilding CXX object CMakeFiles/test_find_weak_nodes.dir/test/test_find_weak_nodes.cpp.o[0m
[255.048s] [ 98%] [32m[1mLinking CXX executable test_find_weak_nodes[0m
[255.750s] [ 98%] Built target test_find_weak_nodes
[255.771s] [35m[1mScanning dependencies of target test_subscription_traits[0m
[255.816s] [ 99%] [32mBuilding CXX object CMakeFiles/test_subscription_traits.dir/test/test_subscription_traits.cpp.o[0m
[256.751s] [100%] [32m[1mLinking CXX executable test_subscription_traits[0m
[257.013s] [100%] Built target test_subscription_traits
[257.496s] [  2%] Built target gtest
[257.556s] [  3%] Built target gmock_main
[257.618s] [  5%] Built target gmock
[257.679s] [  6%] Built target gtest_main
[257.871s] [ 47%] Built target rclcpp
[257.930s] [ 49%] Built target test_function_traits
[257.996s] [ 50%] Built target test_intra_process_manager
[258.065s] [ 51%] Built target test_client
[258.125s] [ 53%] Built target test_utilities
[258.187s] [ 54%] Built target test_logging
[258.254s] [ 55%] Built target test_time
[258.324s] [ 57%] Built target test_executor
[258.384s] [ 58%] Built target test_timer
[258.443s] [ 59%] Built target test_loaned_message
[258.515s] [ 61%] Built target test_subscription
[258.584s] [ 63%] Built target test_intra_process_buffer
[258.656s] [ 65%] Built target test_create_timer
[258.728s] [ 66%] Built target test_service
[258.798s] [ 68%] Built target test_time_source
[258.868s] [ 70%] Built target test_node_global_args
[258.931s] [ 72%] Built target test_parameter_map
[258.991s] [ 73%] Built target test_expand_topic_or_service_name
[259.053s] [ 74%] Built target test_parameter_events_filter
[259.123s] [ 75%] Built target test_parameter
[259.179s] [ 76%] Built target test_publisher
[259.229s] [ 78%] Built target test_rate
[259.280s] [ 80%] Built target test_serialized_message_allocator
[259.328s] [ 81%] Built target test_publisher_subscription_count_api
[259.375s] [ 82%] Built target test_node
[259.422s] [ 83%] Built target test_subscription_publisher_count_api
[259.479s] [ 84%] Built target test_find_weak_nodes
[259.543s] [ 86%] Built target test_multi_threaded_executor
[259.609s] [ 88%] Built target test_externally_defined_services
[259.675s] [ 89%] Built target test_duration
[259.731s] [ 91%] Built target test_logger
[259.787s] [ 92%] Built target test_ring_buffer_implementation
[259.850s] [ 93%] Built target test_node_interfaces__get_node_interfaces
[259.904s] [ 95%] Built target test_node_options
[259.970s] [ 97%] Built target test_parameter_client
[260.031s] [ 98%] Built target test_init
[260.093s] [100%] Built target test_subscription_traits
[260.149s] [36mInstall the project...[0m
[260.171s] -- Install configuration: ""
[260.171s] -- Installing: /opt/workspace/install/rclcpp/lib/librclcpp.so
[260.185s] -- Set runtime path of "/opt/workspace/install/rclcpp/lib/librclcpp.so" to ""
[260.186s] -- Installing: /opt/workspace/install/rclcpp/share/rclcpp/environment/library_path.sh
[260.186s] -- Installing: /opt/workspace/install/rclcpp/share/rclcpp/environment/library_path.dsv
[260.187s] -- Installing: /opt/workspace/build/rclcpp/test/resources
[260.187s] -- Installing: /opt/workspace/build/rclcpp/test/resources/test_node
[260.187s] -- Installing: /opt/workspace/build/rclcpp/test/resources/test_node/test_parameters.yaml
[260.188s] -- Installing: /opt/workspace/install/rclcpp/share/ament_index/resource_index/package_run_dependencies/rclcpp
[260.188s] -- Installing: /opt/workspace/install/rclcpp/share/ament_index/resource_index/parent_prefix_path/rclcpp
[260.188s] -- Installing: /opt/workspace/install/rclcpp/share/rclcpp/environment/ament_prefix_path.sh
[260.188s] -- Installing: /opt/workspace/install/rclcpp/share/rclcpp/environment/ament_prefix_path.dsv
[260.189s] -- Installing: /opt/workspace/install/rclcpp/share/rclcpp/environment/path.sh
[260.190s] -- Installing: /opt/workspace/install/rclcpp/share/rclcpp/environment/path.dsv
[260.190s] -- Installing: /opt/workspace/install/rclcpp/share/rclcpp/local_setup.bash
[260.190s] -- Installing: /opt/workspace/install/rclcpp/share/rclcpp/local_setup.sh
[260.191s] -- Installing: /opt/workspace/install/rclcpp/share/rclcpp/local_setup.zsh
[260.191s] -- Installing: /opt/workspace/install/rclcpp/share/rclcpp/local_setup.dsv
[260.191s] -- Installing: /opt/workspace/install/rclcpp/share/rclcpp/package.dsv
[260.191s] -- Installing: /opt/workspace/install/rclcpp/share/ament_index/resource_index/packages/rclcpp
[260.191s] -- Installing: /opt/workspace/install/rclcpp/share/rclcpp/cmake/ament_cmake_export_include_directories-extras.cmake
[260.192s] -- Installing: /opt/workspace/install/rclcpp/share/rclcpp/cmake/ament_cmake_export_libraries-extras.cmake
[260.192s] -- Installing: /opt/workspace/install/rclcpp/share/rclcpp/cmake/ament_cmake_export_dependencies-extras.cmake
[260.192s] -- Installing: /opt/workspace/install/rclcpp/share/rclcpp/cmake/rclcppConfig.cmake
[260.192s] -- Installing: /opt/workspace/install/rclcpp/share/rclcpp/cmake/rclcppConfig-version.cmake
[260.192s] -- Installing: /opt/workspace/install/rclcpp/share/rclcpp/package.xml
[260.193s] -- Installing: /opt/workspace/install/rclcpp/include
[260.193s] -- Installing: /opt/workspace/install/rclcpp/include/rclcpp
[260.193s] -- Installing: /opt/workspace/install/rclcpp/include/rclcpp/experimental
[260.193s] -- Installing: /opt/workspace/install/rclcpp/include/rclcpp/experimental/create_intra_process_buffer.hpp
[260.194s] -- Installing: /opt/workspace/install/rclcpp/include/rclcpp/experimental/subscription_intra_process_base.hpp
[260.194s] -- Installing: /opt/workspace/install/rclcpp/include/rclcpp/experimental/README.md
[260.194s] -- Installing: /opt/workspace/install/rclcpp/include/rclcpp/experimental/buffers
[260.195s] -- Installing: /opt/workspace/install/rclcpp/include/rclcpp/experimental/buffers/intra_process_buffer.hpp
[260.195s] -- Installing: /opt/workspace/install/rclcpp/include/rclcpp/experimental/buffers/buffer_implementation_base.hpp
[260.196s] -- Installing: /opt/workspace/install/rclcpp/include/rclcpp/experimental/buffers/ring_buffer_implementation.hpp
[260.196s] -- Installing: /opt/workspace/install/rclcpp/include/rclcpp/experimental/subscription_intra_process.hpp
[260.196s] -- Installing: /opt/workspace/install/rclcpp/include/rclcpp/experimental/intra_process_manager.hpp
[260.196s] -- Installing: /opt/workspace/install/rclcpp/include/rclcpp/executors.hpp
[260.197s] -- Installing: /opt/workspace/install/rclcpp/include/rclcpp/node_options.hpp
[260.197s] -- Installing: /opt/workspace/install/rclcpp/include/rclcpp/duration.hpp
[260.197s] -- Installing: /opt/workspace/install/rclcpp/include/rclcpp/subscription_base.hpp
[260.197s] -- Installing: /opt/workspace/install/rclcpp/include/rclcpp/expand_topic_or_service_name.hpp
[260.198s] -- Installing: /opt/workspace/install/rclcpp/include/rclcpp/create_service.hpp
[260.198s] -- Installing: /opt/workspace/install/rclcpp/include/rclcpp/clock.hpp
[260.198s] -- Installing: /opt/workspace/install/rclcpp/include/rclcpp/event.hpp
[260.199s] -- Installing: /opt/workspace/install/rclcpp/include/rclcpp/scope_exit.hpp
[260.199s] -- Installing: /opt/workspace/install/rclcpp/include/rclcpp/subscription_traits.hpp
[260.199s] -- Installing: /opt/workspace/install/rclcpp/include/rclcpp/rclcpp.hpp
[260.200s] -- Installing: /opt/workspace/install/rclcpp/include/rclcpp/parameter_value.hpp
[260.200s] -- Installing: /opt/workspace/install/rclcpp/include/rclcpp/rate.hpp
[260.200s] -- Installing: /opt/workspace/install/rclcpp/include/rclcpp/callback_group.hpp
[260.200s] -- Installing: /opt/workspace/install/rclcpp/include/rclcpp/graph_listener.hpp
[260.201s] -- Installing: /opt/workspace/install/rclcpp/include/rclcpp/visibility_control.hpp
[260.201s] -- Installing: /opt/workspace/install/rclcpp/include/rclcpp/waitable.hpp
[260.201s] -- Installing: /opt/workspace/install/rclcpp/include/rclcpp/time.hpp
[260.202s] -- Installing: /opt/workspace/install/rclcpp/include/rclcpp/subscription_options.hpp
[260.202s] -- Installing: /opt/workspace/install/rclcpp/include/rclcpp/parameter_map.hpp
[260.202s] -- Installing: /opt/workspace/install/rclcpp/include/rclcpp/strategies
[260.202s] -- Installing: /opt/workspace/install/rclcpp/include/rclcpp/strategies/allocator_memory_strategy.hpp
[260.203s] -- Installing: /opt/workspace/install/rclcpp/include/rclcpp/strategies/message_pool_memory_strategy.hpp
[260.203s] -- Installing: /opt/workspace/install/rclcpp/include/rclcpp/executors
[260.203s] -- Installing: /opt/workspace/install/rclcpp/include/rclcpp/executors/single_threaded_executor.hpp
[260.203s] -- Installing: /opt/workspace/install/rclcpp/include/rclcpp/executors/multi_threaded_executor.hpp
[260.204s] -- Installing: /opt/workspace/install/rclcpp/include/rclcpp/type_support_decl.hpp
[260.204s] -- Installing: /opt/workspace/install/rclcpp/include/rclcpp/client.hpp
[260.204s] -- Installing: /opt/workspace/install/rclcpp/include/rclcpp/any_subscription_callback.hpp
[260.204s] -- Installing: /opt/workspace/install/rclcpp/include/rclcpp/publisher_factory.hpp
[260.205s] -- Installing: /opt/workspace/install/rclcpp/include/rclcpp/create_timer.hpp
[260.205s] -- Installing: /opt/workspace/install/rclcpp/include/rclcpp/detail
[260.205s] -- Installing: /opt/workspace/install/rclcpp/include/rclcpp/detail/rmw_implementation_specific_publisher_payload.hpp
[260.205s] -- Installing: /opt/workspace/install/rclcpp/include/rclcpp/detail/resolve_use_intra_process.hpp
[260.205s] -- Installing: /opt/workspace/install/rclcpp/include/rclcpp/detail/rmw_implementation_specific_subscription_payload.hpp
[260.206s] -- Installing: /opt/workspace/install/rclcpp/include/rclcpp/detail/resolve_intra_process_buffer_type.hpp
[260.206s] -- Installing: /opt/workspace/install/rclcpp/include/rclcpp/detail/README.md
[260.206s] -- Installing: /opt/workspace/install/rclcpp/include/rclcpp/detail/rmw_implementation_specific_payload.hpp
[260.206s] -- Installing: /opt/workspace/install/rclcpp/include/rclcpp/qos.hpp
[260.206s] -- Installing: /opt/workspace/install/rclcpp/include/rclcpp/timer.hpp
[260.206s] -- Installing: /opt/workspace/install/rclcpp/include/rclcpp/allocator
[260.207s] -- Installing: /opt/workspace/install/rclcpp/include/rclcpp/allocator/allocator_common.hpp
[260.207s] -- Installing: /opt/workspace/install/rclcpp/include/rclcpp/allocator/allocator_deleter.hpp
[260.207s] -- Installing: /opt/workspace/install/rclcpp/include/rclcpp/parameter.hpp
[260.207s] -- Installing: /opt/workspace/install/rclcpp/include/rclcpp/create_subscription.hpp
[260.207s] -- Installing: /opt/workspace/install/rclcpp/include/rclcpp/subscription.hpp
[260.207s] -- Installing: /opt/workspace/install/rclcpp/include/rclcpp/node.hpp
[260.208s] -- Installing: /opt/workspace/install/rclcpp/include/rclcpp/node_impl.hpp
[260.208s] -- Installing: /opt/workspace/install/rclcpp/include/rclcpp/macros.hpp
[260.208s] -- Installing: /opt/workspace/install/rclcpp/include/rclcpp/publisher.hpp
[260.208s] -- Installing: /opt/workspace/install/rclcpp/include/rclcpp/utilities.hpp
[260.208s] -- Installing: /opt/workspace/install/rclcpp/include/rclcpp/node_interfaces
[260.209s] -- Installing: /opt/workspace/install/rclcpp/include/rclcpp/node_interfaces/node_waitables_interface.hpp
[260.209s] -- Installing: /opt/workspace/install/rclcpp/include/rclcpp/node_interfaces/node_topics.hpp
[260.209s] -- Installing: /opt/workspace/install/rclcpp/include/rclcpp/node_interfaces/node_topics_interface.hpp
[260.209s] -- Installing: /opt/workspace/install/rclcpp/include/rclcpp/node_interfaces/node_services.hpp
[260.210s] -- Installing: /opt/workspace/install/rclcpp/include/rclcpp/node_interfaces/node_timers_interface.hpp
[260.210s] -- Installing: /opt/workspace/install/rclcpp/include/rclcpp/node_interfaces/node_time_source_interface.hpp
[260.214s] -- Installing: /opt/workspace/install/rclcpp/include/rclcpp/node_interfaces/node_graph.hpp
[260.214s] -- Installing: /opt/workspace/install/rclcpp/include/rclcpp/node_interfaces/node_services_interface.hpp
[260.215s] -- Installing: /opt/workspace/install/rclcpp/include/rclcpp/node_interfaces/node_clock.hpp
[260.215s] -- Installing: /opt/workspace/install/rclcpp/include/rclcpp/node_interfaces/node_base.hpp
[260.215s] -- Installing: /opt/workspace/install/rclcpp/include/rclcpp/node_interfaces/node_time_source.hpp
[260.216s] -- Installing: /opt/workspace/install/rclcpp/include/rclcpp/node_interfaces/get_node_timers_interface.hpp
[260.216s] -- Installing: /opt/workspace/install/rclcpp/include/rclcpp/node_interfaces/node_graph_interface.hpp
[260.216s] -- Installing: /opt/workspace/install/rclcpp/include/rclcpp/node_interfaces/node_base_interface.hpp
[260.217s] -- Installing: /opt/workspace/install/rclcpp/include/rclcpp/node_interfaces/get_node_base_interface.hpp
[260.217s] -- Installing: /opt/workspace/install/rclcpp/include/rclcpp/node_interfaces/node_waitables.hpp
[260.217s] -- Installing: /opt/workspace/install/rclcpp/include/rclcpp/node_interfaces/node_timers.hpp
[260.218s] -- Installing: /opt/workspace/install/rclcpp/include/rclcpp/node_interfaces/node_parameters.hpp
[260.218s] -- Installing: /opt/workspace/install/rclcpp/include/rclcpp/node_interfaces/node_clock_interface.hpp
[260.218s] -- Installing: /opt/workspace/install/rclcpp/include/rclcpp/node_interfaces/node_parameters_interface.hpp
[260.219s] -- Installing: /opt/workspace/install/rclcpp/include/rclcpp/node_interfaces/node_logging_interface.hpp
[260.219s] -- Installing: /opt/workspace/install/rclcpp/include/rclcpp/node_interfaces/get_node_topics_interface.hpp
[260.219s] -- Installing: /opt/workspace/install/rclcpp/include/rclcpp/node_interfaces/node_logging.hpp
[260.220s] -- Installing: /opt/workspace/install/rclcpp/include/rclcpp/service.hpp
[260.220s] -- Installing: /opt/workspace/install/rclcpp/include/rclcpp/loaned_message.hpp
[260.220s] -- Installing: /opt/workspace/install/rclcpp/include/rclcpp/publisher_base.hpp
[260.220s] -- Installing: /opt/workspace/install/rclcpp/include/rclcpp/create_client.hpp
[260.221s] -- Installing: /opt/workspace/install/rclcpp/include/rclcpp/time_source.hpp
[260.221s] -- Installing: /opt/workspace/install/rclcpp/include/rclcpp/contexts
[260.221s] -- Installing: /opt/workspace/install/rclcpp/include/rclcpp/contexts/default_context.hpp
[260.222s] -- Installing: /opt/workspace/install/rclcpp/include/rclcpp/logger.hpp
[260.222s] -- Installing: /opt/workspace/install/rclcpp/include/rclcpp/executor.hpp
[260.222s] -- Installing: /opt/workspace/install/rclcpp/include/rclcpp/any_executable.hpp
[260.222s] -- Installing: /opt/workspace/install/rclcpp/include/rclcpp/memory_strategies.hpp
[260.223s] -- Installing: /opt/workspace/install/rclcpp/include/rclcpp/any_service_callback.hpp
[260.223s] -- Installing: /opt/workspace/install/rclcpp/include/rclcpp/message_memory_strategy.hpp
[260.223s] -- Installing: /opt/workspace/install/rclcpp/include/rclcpp/create_publisher.hpp
[260.224s] -- Installing: /opt/workspace/install/rclcpp/include/rclcpp/parameter_service.hpp
[260.224s] -- Installing: /opt/workspace/install/rclcpp/include/rclcpp/function_traits.hpp
[260.224s] -- Installing: /opt/workspace/install/rclcpp/include/rclcpp/intra_process_buffer_type.hpp
[260.230s] -- Installing: /opt/workspace/install/rclcpp/include/rclcpp/init_options.hpp
[260.230s] -- Installing: /opt/workspace/install/rclcpp/include/rclcpp/context.hpp
[260.231s] -- Installing: /opt/workspace/install/rclcpp/include/rclcpp/parameter_client.hpp
[260.232s] -- Installing: /opt/workspace/install/rclcpp/include/rclcpp/exceptions.hpp
[260.233s] -- Installing: /opt/workspace/install/rclcpp/include/rclcpp/subscription_factory.hpp
[260.233s] -- Installing: /opt/workspace/install/rclcpp/include/rclcpp/intra_process_setting.hpp
[260.234s] -- Installing: /opt/workspace/install/rclcpp/include/rclcpp/qos_event.hpp
[260.234s] -- Installing: /opt/workspace/install/rclcpp/include/rclcpp/memory_strategy.hpp
[260.235s] -- Installing: /opt/workspace/install/rclcpp/include/rclcpp/publisher_options.hpp
[260.235s] -- Installing: /opt/workspace/install/rclcpp/include/rclcpp/parameter_events_filter.hpp
[260.236s] -- Up-to-date: /opt/workspace/install/rclcpp/include
[260.236s] -- Up-to-date: /opt/workspace/install/rclcpp/include/rclcpp
[260.237s] -- Installing: /opt/workspace/install/rclcpp/include/rclcpp/logging.hpp
