Determining if the pthread_create exist failed with the following output:
Change Dir: /opt/workspace/build/examples_rclcpp_minimal_service/CMakeFiles/CMakeTmp

Run Build Command:"/usr/bin/make" "cmTC_f7d4e/fast"
/usr/bin/make -f CMakeFiles/cmTC_f7d4e.dir/build.make CMakeFiles/cmTC_f7d4e.dir/build
make[1]: Entering directory '/opt/workspace/build/examples_rclcpp_minimal_service/CMakeFiles/CMakeTmp'
Building C object CMakeFiles/cmTC_f7d4e.dir/CheckSymbolExists.c.o
/usr/bin/cc    -o CMakeFiles/cmTC_f7d4e.dir/CheckSymbolExists.c.o   -c /opt/workspace/build/examples_rclcpp_minimal_service/CMakeFiles/CMakeTmp/CheckSymbolExists.c
Linking C executable cmTC_f7d4e
/usr/bin/cmake -E cmake_link_script CMakeFiles/cmTC_f7d4e.dir/link.txt --verbose=1
/usr/bin/cc      CMakeFiles/cmTC_f7d4e.dir/CheckSymbolExists.c.o  -o cmTC_f7d4e 
CMakeFiles/cmTC_f7d4e.dir/CheckSymbolExists.c.o: In function `main':
CheckSymbolExists.c:(.text+0x1b): undefined reference to `pthread_create'
collect2: error: ld returned 1 exit status
CMakeFiles/cmTC_f7d4e.dir/build.make:97: recipe for target 'cmTC_f7d4e' failed
make[1]: *** [cmTC_f7d4e] Error 1
make[1]: Leaving directory '/opt/workspace/build/examples_rclcpp_minimal_service/CMakeFiles/CMakeTmp'
Makefile:126: recipe for target 'cmTC_f7d4e/fast' failed
make: *** [cmTC_f7d4e/fast] Error 2

File /opt/workspace/build/examples_rclcpp_minimal_service/CMakeFiles/CMakeTmp/CheckSymbolExists.c:
/* */
#include <pthread.h>

int main(int argc, char** argv)
{
  (void)argv;
#ifndef pthread_create
  return ((int*)(&pthread_create))[argc];
#else
  (void)argc;
  return 0;
#endif
}

Determining if the function pthread_create exists in the pthreads failed with the following output:
Change Dir: /opt/workspace/build/examples_rclcpp_minimal_service/CMakeFiles/CMakeTmp

Run Build Command:"/usr/bin/make" "cmTC_92e8c/fast"
/usr/bin/make -f CMakeFiles/cmTC_92e8c.dir/build.make CMakeFiles/cmTC_92e8c.dir/build
make[1]: Entering directory '/opt/workspace/build/examples_rclcpp_minimal_service/CMakeFiles/CMakeTmp'
Building C object CMakeFiles/cmTC_92e8c.dir/CheckFunctionExists.c.o
/usr/bin/cc   -DCHECK_FUNCTION_EXISTS=pthread_create   -o CMakeFiles/cmTC_92e8c.dir/CheckFunctionExists.c.o   -c /usr/share/cmake-3.10/Modules/CheckFunctionExists.c
Linking C executable cmTC_92e8c
/usr/bin/cmake -E cmake_link_script CMakeFiles/cmTC_92e8c.dir/link.txt --verbose=1
/usr/bin/cc  -DCHECK_FUNCTION_EXISTS=pthread_create    CMakeFiles/cmTC_92e8c.dir/CheckFunctionExists.c.o  -o cmTC_92e8c -lpthreads 
/usr/bin/ld: cannot find -lpthreads
collect2: error: ld returned 1 exit status
CMakeFiles/cmTC_92e8c.dir/build.make:97: recipe for target 'cmTC_92e8c' failed
make[1]: *** [cmTC_92e8c] Error 1
make[1]: Leaving directory '/opt/workspace/build/examples_rclcpp_minimal_service/CMakeFiles/CMakeTmp'
Makefile:126: recipe for target 'cmTC_92e8c/fast' failed
make: *** [cmTC_92e8c/fast] Error 2


