[0.602s] -- The C compiler identification is GNU 7.4.0
[0.729s] -- The CXX compiler identification is GNU 7.4.0
[0.742s] -- Check for working C compiler: /usr/bin/cc
[0.905s] -- Check for working C compiler: /usr/bin/cc -- works
[0.907s] -- Detecting C compiler ABI info
[1.076s] -- Detecting C compiler ABI info - done
[1.090s] -- Detecting C compile features
[1.620s] -- Detecting C compile features - done
[1.625s] -- Check for working CXX compiler: /usr/bin/c++
[1.824s] -- Check for working CXX compiler: /usr/bin/c++ -- works
[1.826s] -- Detecting CXX compiler ABI info
[2.033s] -- Detecting CXX compiler ABI info - done
[2.047s] -- Detecting CXX compile features
[3.007s] -- Detecting CXX compile features - done
[3.024s] -- Found ament_cmake: 0.8.2 (/opt/workspace/install/ament_cmake/share/ament_cmake/cmake)
[3.150s] -- Found PythonInterp: /usr/bin/python3 (found suitable version "3.6.9", minimum required is "3") 
[3.150s] -- Using PYTHON_EXECUTABLE: /usr/bin/python3
[3.880s] -- Found ament_cmake_ros: 0.8.0 (/opt/workspace/install/ament_cmake_ros/share/ament_cmake_ros/cmake)
[3.933s] -- Found rcl: 0.8.4 (/opt/workspace/install/rcl/share/rcl/cmake)
[4.043s] -- Found rosidl_adapter: 0.8.2 (/opt/workspace/install/rosidl_adapter/share/rosidl_adapter/cmake)
[4.149s] -- Found rmw_implementation_cmake: 0.8.1 (/opt/workspace/install/rmw_implementation_cmake/share/rmw_implementation_cmake/cmake)
[4.174s] -- Using RMW implementation 'rmw_fastrtps_cpp' as default
[4.177s] -- Looking for pthread.h
[4.366s] -- Looking for pthread.h - found
[4.368s] -- Looking for pthread_create
[4.553s] -- Looking for pthread_create - not found
[4.554s] -- Looking for pthread_create in pthreads
[4.707s] -- Looking for pthread_create in pthreads - not found
[4.708s] -- Looking for pthread_create in pthread
[4.896s] -- Looking for pthread_create in pthread - found
[4.899s] -- Found Threads: TRUE  
[4.970s] -- Found rclcpp: 0.8.4 (/opt/workspace/install/rclcpp/share/rclcpp/cmake)
[5.043s] -- Found rosbag2: 0.2.4 (/opt/workspace/install/rosbag2/share/rosbag2/cmake)
[5.075s] -- Found tinyxml2_vendor:  (/opt/workspace/install/tinyxml2_vendor/share/tinyxml2_vendor/cmake)
[5.138s] -- Found TinyXML2: /usr/lib/x86_64-linux-gnu/libtinyxml2.so  
[5.185s] -- Found poco_vendor:  (/opt/workspace/install/poco_vendor/share/poco_vendor/cmake)
[5.269s] -- Setting yaml-cpp_DIR to: '/opt/workspace/install/yaml_cpp_vendor/share/yaml_cpp_vendor/cmake/../../../opt/yaml_cpp_vendor/lib/cmake/yaml-cpp'
[5.293s] -- Found shared_queues_vendor: 0.2.4 (/opt/workspace/install/shared_queues_vendor/share/shared_queues_vendor/cmake)
[5.517s] -- Found python_cmake_module: 0.8.0 (/opt/workspace/install/python_cmake_module/share/python_cmake_module/cmake)
[5.614s] -- Found PythonInterp: /usr/bin/python3 (found suitable version "3.6.9", minimum required is "3.5") 
[5.638s] -- Found PythonLibs: /usr/lib/x86_64-linux-gnu/libpython3.6m.so (found suitable version "3.6.9", minimum required is "3.5") 
[5.639s] -- Using PYTHON_EXECUTABLE: /usr/bin/python3
[5.639s] -- Using PYTHON_INCLUDE_DIRS: /usr/include/python3.6m
[5.640s] -- Using PYTHON_LIBRARIES: /usr/lib/x86_64-linux-gnu/libpython3.6m.so
[5.737s] -- Found PythonExtra: .so  
[5.872s] -- Found ament_lint_auto: 0.8.1 (/opt/workspace/install/ament_lint_auto/share/ament_lint_auto/cmake)
[5.876s] -- Found test_msgs: 0.8.0 (/opt/workspace/install/test_msgs/share/test_msgs/cmake)
[5.928s] -- Found rosbag2_test_common: 0.2.4 (/opt/workspace/install/rosbag2_test_common/share/rosbag2_test_common/cmake)
[6.332s] -- Found gmock sources under '/opt/workspace/install/gmock_vendor/src/gmock_vendor': C++ tests using 'Google Mock' will be built
[6.360s] -- Found gtest sources under '/opt/workspace/install/gtest_vendor/src/gtest_vendor': C++ tests using 'Google Test' will be built
[6.925s] -- Found rmw_fastrtps_cpp: 0.8.1 (/opt/workspace/install/rmw_fastrtps_cpp/share/rmw_fastrtps_cpp/cmake)
[7.171s] -- Found OpenSSL: /usr/lib/x86_64-linux-gnu/libcrypto.so (found version "1.1.1") 
[7.250s] -- Found FastRTPS: /opt/workspace/install/fastrtps/include  
[7.923s] -- Added test 'copyright' to check for copyright in CMake / C / C++ / Python code
[7.931s] -- Added test 'cpplint' to check C / C++ code against the Google style
[7.935s] -- Added test 'flake8' to check Python code syntax and style conventions
[7.940s] -- Added test 'lint_cmake' to check CMake code style
[7.944s] -- Added test 'pep257' to check Python code against some of the style conventions in PEP 257
[7.952s] -- Added test 'uncrustify' to check C / C++ code style
[7.956s] -- Added test 'xmllint' to check XML markup files
[7.972s] -- Configuring done
[8.360s] -- Generating done
[8.369s] -- Build files have been written to: /opt/workspace/build/rosbag2_transport
[8.539s] [35m[1mScanning dependencies of target gmock[0m
[8.610s] [  2%] [32mBuilding CXX object gmock/CMakeFiles/gmock.dir/opt/workspace/install/gtest_vendor/src/gtest_vendor/src/gtest-all.cc.o[0m
[14.726s] [  5%] [32mBuilding CXX object gmock/CMakeFiles/gmock.dir/src/gmock-all.cc.o[0m
[18.346s] [  8%] [32m[1mLinking CXX static library libgmock.a[0m
[18.496s] [  8%] Built target gmock
[18.526s] [35m[1mScanning dependencies of target gmock_main[0m
[18.580s] [ 11%] [32mBuilding CXX object gmock/CMakeFiles/gmock_main.dir/src/gmock_main.cc.o[0m
[20.394s] [ 14%] [32m[1mLinking CXX static library libgmock_main.a[0m
[20.491s] [ 14%] Built target gmock_main
[20.527s] [35m[1mScanning dependencies of target rosbag2_transport[0m
[20.709s] [ 17%] [32mBuilding CXX object CMakeFiles/rosbag2_transport.dir/src/rosbag2_transport/player.cpp.o[0m
[24.979s] [ 20%] [32mBuilding CXX object CMakeFiles/rosbag2_transport.dir/src/rosbag2_transport/rosbag2_transport.cpp.o[0m
[29.311s] [ 22%] [32mBuilding CXX object CMakeFiles/rosbag2_transport.dir/src/rosbag2_transport/rosbag2_node.cpp.o[0m
[32.771s] [ 25%] [32mBuilding CXX object CMakeFiles/rosbag2_transport.dir/src/rosbag2_transport/recorder.cpp.o[0m
[37.274s] [ 28%] [32mBuilding CXX object CMakeFiles/rosbag2_transport.dir/src/rosbag2_transport/generic_subscription.cpp.o[0m
[39.348s] [ 31%] [32mBuilding CXX object CMakeFiles/rosbag2_transport.dir/src/rosbag2_transport/generic_publisher.cpp.o[0m
[42.042s] [ 34%] [32mBuilding CXX object CMakeFiles/rosbag2_transport.dir/src/rosbag2_transport/formatter.cpp.o[0m
[43.288s] [ 37%] [32m[1mLinking CXX shared library librosbag2_transport.so[0m
[43.975s] [ 37%] Built target rosbag2_transport
[44.006s] [35m[1mScanning dependencies of target test_rosbag2_node[0m
[44.168s] [ 40%] [32mBuilding CXX object CMakeFiles/test_rosbag2_node.dir/test/rosbag2_transport/test_rosbag2_node.cpp.o[0m
[57.526s] [ 42%] [32mBuilding CXX object CMakeFiles/test_rosbag2_node.dir/src/rosbag2_transport/generic_publisher.cpp.o[0m
[60.123s] [ 45%] [32mBuilding CXX object CMakeFiles/test_rosbag2_node.dir/src/rosbag2_transport/generic_subscription.cpp.o[0m
[62.192s] [ 48%] [32mBuilding CXX object CMakeFiles/test_rosbag2_node.dir/src/rosbag2_transport/rosbag2_node.cpp.o[0m
[65.749s] [ 51%] [32m[1mLinking CXX executable test_rosbag2_node[0m
[67.134s] [ 51%] Built target test_rosbag2_node
[67.166s] [35m[1mScanning dependencies of target test_record[0m
[67.311s] [ 54%] [32mBuilding CXX object CMakeFiles/test_record.dir/test/rosbag2_transport/test_record.cpp.o[0m
[83.811s] [ 57%] [32m[1mLinking CXX executable test_record[0m
[85.420s] [ 57%] Built target test_record
[85.454s] [35m[1mScanning dependencies of target test_play[0m
[85.598s] [ 60%] [32mBuilding CXX object CMakeFiles/test_play.dir/test/rosbag2_transport/test_play.cpp.o[0m
[102.672s] [ 62%] [32m[1mLinking CXX executable test_play[0m
[104.351s] [ 62%] Built target test_play
[104.383s] [35m[1mScanning dependencies of target test_formatter[0m
[104.492s] [ 65%] [32mBuilding CXX object CMakeFiles/test_formatter.dir/test/rosbag2_transport/test_formatter.cpp.o[0m
[106.916s] [ 68%] [32mBuilding CXX object CMakeFiles/test_formatter.dir/src/rosbag2_transport/formatter.cpp.o[0m
[108.159s] [ 71%] [32m[1mLinking CXX executable test_formatter[0m
[108.677s] [ 71%] Built target test_formatter
[108.709s] [35m[1mScanning dependencies of target test_play_timing[0m
[108.840s] [ 74%] [32mBuilding CXX object CMakeFiles/test_play_timing.dir/test/rosbag2_transport/test_play_timing.cpp.o[0m
[120.585s] [ 77%] [32m[1mLinking CXX executable test_play_timing[0m
[121.896s] [ 77%] Built target test_play_timing
[121.925s] [35m[1mScanning dependencies of target test_record_all_no_discovery[0m
[122.054s] [ 80%] [32mBuilding CXX object CMakeFiles/test_record_all_no_discovery.dir/test/rosbag2_transport/test_record_all_no_discovery.cpp.o[0m
[136.047s] [ 82%] [32m[1mLinking CXX executable test_record_all_no_discovery[0m
[137.517s] [ 82%] Built target test_record_all_no_discovery
[137.547s] [35m[1mScanning dependencies of target rosbag2_transport_py[0m
[137.628s] [ 85%] [32mBuilding CXX object CMakeFiles/rosbag2_transport_py.dir/src/rosbag2_transport/rosbag2_transport_python.cpp.o[0m
[138.575s] [ 88%] [32m[1mLinking CXX shared library test_rosbag2_transport/_rosbag2_transport_py.cpython-36m-x86_64-linux-gnu.so[0m
[138.862s] [ 88%] Built target rosbag2_transport_py
[138.893s] [35m[1mScanning dependencies of target test_info[0m
[139.031s] [ 91%] [32mBuilding CXX object CMakeFiles/test_info.dir/test/rosbag2_transport/test_info.cpp.o[0m
[145.270s] [ 94%] [32m[1mLinking CXX executable test_info[0m
[146.037s] [ 94%] Built target test_info
[146.066s] [35m[1mScanning dependencies of target test_record_all[0m
[146.197s] [ 97%] [32mBuilding CXX object CMakeFiles/test_record_all.dir/test/rosbag2_transport/test_record_all.cpp.o[0m
[162.247s] [100%] [32m[1mLinking CXX executable test_record_all[0m
[163.820s] [100%] Built target test_record_all
[164.127s] [  8%] Built target gmock
[164.193s] [ 14%] Built target gmock_main
[164.302s] [ 37%] Built target rosbag2_transport
[164.402s] [ 51%] Built target test_rosbag2_node
[164.504s] [ 57%] Built target test_record
[164.596s] [ 62%] Built target test_play
[164.677s] [ 71%] Built target test_formatter
[164.769s] [ 77%] Built target test_play_timing
[164.866s] [ 82%] Built target test_record_all_no_discovery
[164.945s] [ 88%] Built target rosbag2_transport_py
[165.032s] [ 94%] Built target test_info
[165.124s] [100%] Built target test_record_all
[165.184s] [36mInstall the project...[0m
[165.209s] -- Install configuration: ""
[165.209s] -- Installing: /opt/workspace/install/rosbag2_transport/share/rosbag2_transport/environment/pythonpath.sh
[165.209s] -- Installing: /opt/workspace/install/rosbag2_transport/share/rosbag2_transport/environment/pythonpath.dsv
[165.210s] -- Installing: /opt/workspace/install/rosbag2_transport/lib/python3.6/site-packages/rosbag2_transport
[165.210s] -- Installing: /opt/workspace/install/rosbag2_transport/lib/python3.6/site-packages/rosbag2_transport/__init__.py
[165.335s] Listing '/opt/workspace/install/rosbag2_transport/lib/python3.6/site-packages/rosbag2_transport'...
[165.335s] Compiling '/opt/workspace/install/rosbag2_transport/lib/python3.6/site-packages/rosbag2_transport/__init__.py'...
[165.343s] -- Installing: /opt/workspace/install/rosbag2_transport/lib/python3.6/site-packages/rosbag2_transport/_rosbag2_transport_py.cpython-36m-x86_64-linux-gnu.so
[165.344s] -- Set runtime path of "/opt/workspace/install/rosbag2_transport/lib/python3.6/site-packages/rosbag2_transport/_rosbag2_transport_py.cpython-36m-x86_64-linux-gnu.so" to ""
[165.345s] -- Installing: /opt/workspace/install/rosbag2_transport/include
[165.345s] -- Installing: /opt/workspace/install/rosbag2_transport/include/rosbag2_transport
[165.346s] -- Installing: /opt/workspace/install/rosbag2_transport/include/rosbag2_transport/play_options.hpp
[165.346s] -- Installing: /opt/workspace/install/rosbag2_transport/include/rosbag2_transport/visibility_control.hpp
[165.347s] -- Installing: /opt/workspace/install/rosbag2_transport/include/rosbag2_transport/logging.hpp
[165.347s] -- Installing: /opt/workspace/install/rosbag2_transport/include/rosbag2_transport/storage_options.hpp
[165.348s] -- Installing: /opt/workspace/install/rosbag2_transport/include/rosbag2_transport/record_options.hpp
[165.348s] -- Installing: /opt/workspace/install/rosbag2_transport/include/rosbag2_transport/rosbag2_transport.hpp
[165.349s] -- Installing: /opt/workspace/install/rosbag2_transport/lib/librosbag2_transport.so
[165.353s] -- Set runtime path of "/opt/workspace/install/rosbag2_transport/lib/librosbag2_transport.so" to ""
[165.353s] -- Installing: /opt/workspace/install/rosbag2_transport/share/rosbag2_transport/environment/library_path.sh
[165.354s] -- Installing: /opt/workspace/install/rosbag2_transport/share/rosbag2_transport/environment/library_path.dsv
[165.355s] -- Installing: /opt/workspace/install/rosbag2_transport/share/ament_index/resource_index/package_run_dependencies/rosbag2_transport
[165.355s] -- Installing: /opt/workspace/install/rosbag2_transport/share/ament_index/resource_index/parent_prefix_path/rosbag2_transport
[165.356s] -- Installing: /opt/workspace/install/rosbag2_transport/share/rosbag2_transport/environment/ament_prefix_path.sh
[165.357s] -- Installing: /opt/workspace/install/rosbag2_transport/share/rosbag2_transport/environment/ament_prefix_path.dsv
[165.357s] -- Installing: /opt/workspace/install/rosbag2_transport/share/rosbag2_transport/environment/path.sh
[165.358s] -- Installing: /opt/workspace/install/rosbag2_transport/share/rosbag2_transport/environment/path.dsv
[165.358s] -- Installing: /opt/workspace/install/rosbag2_transport/share/rosbag2_transport/local_setup.bash
[165.359s] -- Installing: /opt/workspace/install/rosbag2_transport/share/rosbag2_transport/local_setup.sh
[165.360s] -- Installing: /opt/workspace/install/rosbag2_transport/share/rosbag2_transport/local_setup.zsh
[165.360s] -- Installing: /opt/workspace/install/rosbag2_transport/share/rosbag2_transport/local_setup.dsv
[165.361s] -- Installing: /opt/workspace/install/rosbag2_transport/share/rosbag2_transport/package.dsv
[165.362s] -- Installing: /opt/workspace/install/rosbag2_transport/share/ament_index/resource_index/packages/rosbag2_transport
[165.362s] -- Installing: /opt/workspace/install/rosbag2_transport/share/rosbag2_transport/cmake/export_rosbag2_transportExport.cmake
[165.363s] -- Installing: /opt/workspace/install/rosbag2_transport/share/rosbag2_transport/cmake/export_rosbag2_transportExport-noconfig.cmake
[165.364s] -- Installing: /opt/workspace/install/rosbag2_transport/share/rosbag2_transport/cmake/ament_cmake_export_include_directories-extras.cmake
[165.364s] -- Installing: /opt/workspace/install/rosbag2_transport/share/rosbag2_transport/cmake/ament_cmake_export_interfaces-extras.cmake
[165.365s] -- Installing: /opt/workspace/install/rosbag2_transport/share/rosbag2_transport/cmake/ament_cmake_export_libraries-extras.cmake
[165.366s] -- Installing: /opt/workspace/install/rosbag2_transport/share/rosbag2_transport/cmake/ament_cmake_export_dependencies-extras.cmake
[165.366s] -- Installing: /opt/workspace/install/rosbag2_transport/share/rosbag2_transport/cmake/rosbag2_transportConfig.cmake
[165.367s] -- Installing: /opt/workspace/install/rosbag2_transport/share/rosbag2_transport/cmake/rosbag2_transportConfig-version.cmake
[165.367s] -- Installing: /opt/workspace/install/rosbag2_transport/share/rosbag2_transport/package.xml
