[0.385s] -- The C compiler identification is GNU 7.4.0
[0.523s] -- The CXX compiler identification is GNU 7.4.0
[0.535s] -- Check for working C compiler: /usr/bin/cc
[0.703s] -- Check for working C compiler: /usr/bin/cc -- works
[0.704s] -- Detecting C compiler ABI info
[0.904s] -- Detecting C compiler ABI info - done
[0.919s] -- Detecting C compile features
[1.447s] -- Detecting C compile features - done
[1.452s] -- Check for working CXX compiler: /usr/bin/c++
[1.660s] -- Check for working CXX compiler: /usr/bin/c++ -- works
[1.663s] -- Detecting CXX compiler ABI info
[1.857s] -- Detecting CXX compiler ABI info - done
[1.871s] -- Detecting CXX compile features
[2.577s] -- Detecting CXX compile features - done
[2.581s] -- Found ament_cmake_ros: 0.8.0 (/opt/workspace/install/ament_cmake_ros/share/ament_cmake_ros/cmake)
[2.699s] -- Found PythonInterp: /usr/bin/python3 (found suitable version "3.6.9", minimum required is "3") 
[2.700s] -- Using PYTHON_EXECUTABLE: /usr/bin/python3
[3.307s] -- Found rcpputils: 0.2.1 (/opt/workspace/install/rcpputils/share/rcpputils/cmake)
[3.318s] -- Found rcutils: 0.8.4 (/opt/workspace/install/rcutils/share/rcutils/cmake)
[3.319s] -- Found fastrtps_cmake_module: 0.8.0 (/opt/workspace/install/fastrtps_cmake_module/share/fastrtps_cmake_module/cmake)
[3.504s] -- Found OpenSSL: /usr/lib/x86_64-linux-gnu/libcrypto.so (found version "1.1.1") 
[3.565s] -- Found FastRTPS: /opt/workspace/install/fastrtps/include  
[3.566s] -- Found rmw: 0.8.1 (/opt/workspace/install/rmw/share/rmw/cmake)
[3.582s] -- Found rosidl_adapter: 0.8.2 (/opt/workspace/install/rosidl_adapter/share/rosidl_adapter/cmake)
[3.613s] -- Found ament_lint_auto: 0.8.1 (/opt/workspace/install/ament_lint_auto/share/ament_lint_auto/cmake)
[3.846s] -- Found gtest sources under '/opt/workspace/install/gtest_vendor/src/gtest_vendor': C++ tests using 'Google Test' will be built
[3.849s] -- Looking for pthread.h
[4.006s] -- Looking for pthread.h - found
[4.006s] -- Looking for pthread_create
[4.159s] -- Looking for pthread_create - not found
[4.160s] -- Check if compiler accepts -pthread
[4.307s] -- Check if compiler accepts -pthread - yes
[4.309s] -- Found Threads: TRUE  
[4.326s] -- Added test 'copyright' to check for copyright in CMake / C / C++ / Python code
[4.331s] -- Added test 'cppcheck' to perform static code analysis on C / C++ code
[4.331s] -- Configured cppcheck include dirs: /opt/workspace/src/ros2/rmw_fastrtps/rmw_fastrtps_shared_cpp/include
[4.337s] -- Added test 'cpplint' to check C / C++ code against the Google style
[4.341s] -- Added test 'lint_cmake' to check CMake code style
[4.346s] -- Added test 'uncrustify' to check C / C++ code style
[4.348s] -- Added test 'xmllint' to check XML markup files
[4.356s] -- Configuring done
[4.386s] -- Generating done
[4.389s] -- Build files have been written to: /opt/workspace/build/rmw_fastrtps_shared_cpp
[4.466s] [35m[1mScanning dependencies of target rmw_fastrtps_shared_cpp[0m
[4.664s] [  2%] [32mBuilding CXX object CMakeFiles/rmw_fastrtps_shared_cpp.dir/src/custom_publisher_info.cpp.o[0m
[6.955s] [  5%] [32mBuilding CXX object CMakeFiles/rmw_fastrtps_shared_cpp.dir/src/rmw_client.cpp.o[0m
[9.571s] [  8%] [32mBuilding CXX object CMakeFiles/rmw_fastrtps_shared_cpp.dir/src/rmw_compare_gids_equal.cpp.o[0m
[9.960s] [ 11%] [32mBuilding CXX object CMakeFiles/rmw_fastrtps_shared_cpp.dir/src/rmw_count.cpp.o[0m
[12.517s] [ 14%] [32mBuilding CXX object CMakeFiles/rmw_fastrtps_shared_cpp.dir/src/rmw_get_gid_for_publisher.cpp.o[0m
[14.490s] [ 17%] [32mBuilding CXX object CMakeFiles/rmw_fastrtps_shared_cpp.dir/src/rmw_guard_condition.cpp.o[0m
[14.938s] [ 20%] [32mBuilding CXX object CMakeFiles/rmw_fastrtps_shared_cpp.dir/src/rmw_logging.cpp.o[0m
[15.856s] [ 22%] [32mBuilding CXX object CMakeFiles/rmw_fastrtps_shared_cpp.dir/src/rmw_node.cpp.o[0m
[19.114s] [ 25%] [32mBuilding CXX object CMakeFiles/rmw_fastrtps_shared_cpp.dir/src/rmw_node_info_and_types.cpp.o[0m
[21.712s] [ 28%] [32mBuilding CXX object CMakeFiles/rmw_fastrtps_shared_cpp.dir/src/rmw_node_names.cpp.o[0m
[23.834s] [ 31%] [32mBuilding CXX object CMakeFiles/rmw_fastrtps_shared_cpp.dir/src/rmw_publish.cpp.o[0m
[25.689s] [ 34%] [32mBuilding CXX object CMakeFiles/rmw_fastrtps_shared_cpp.dir/src/rmw_publisher.cpp.o[0m
[27.936s] [ 37%] [32mBuilding CXX object CMakeFiles/rmw_fastrtps_shared_cpp.dir/src/rmw_request.cpp.o[0m
[29.778s] [ 40%] [32mBuilding CXX object CMakeFiles/rmw_fastrtps_shared_cpp.dir/src/rmw_response.cpp.o[0m
[31.650s] [ 42%] [32mBuilding CXX object CMakeFiles/rmw_fastrtps_shared_cpp.dir/src/rmw_service.cpp.o[0m
[33.837s] [ 45%] [32mBuilding CXX object CMakeFiles/rmw_fastrtps_shared_cpp.dir/src/rmw_service_names_and_types.cpp.o[0m
[35.856s] [ 48%] [32mBuilding CXX object CMakeFiles/rmw_fastrtps_shared_cpp.dir/src/rmw_service_server_is_available.cpp.o[0m
[36.277s] [ 51%] [32mBuilding CXX object CMakeFiles/rmw_fastrtps_shared_cpp.dir/src/qos.cpp.o[0m
[37.310s] [ 54%] [32mBuilding CXX object CMakeFiles/rmw_fastrtps_shared_cpp.dir/src/rmw_subscription.cpp.o[0m
[38.389s] [ 57%] [32mBuilding CXX object CMakeFiles/rmw_fastrtps_shared_cpp.dir/src/namespace_prefix.cpp.o[0m
[38.613s] [ 60%] [32mBuilding CXX object CMakeFiles/rmw_fastrtps_shared_cpp.dir/src/demangle.cpp.o[0m
[38.871s] [ 62%] [32mBuilding CXX object CMakeFiles/rmw_fastrtps_shared_cpp.dir/src/rmw_take.cpp.o[0m
[38.969s] [ 65%] [32mBuilding CXX object CMakeFiles/rmw_fastrtps_shared_cpp.dir/src/rmw_topic_names_and_types.cpp.o[0m
[39.616s] [ 68%] [32mBuilding CXX object CMakeFiles/rmw_fastrtps_shared_cpp.dir/src/rmw_trigger_guard_condition.cpp.o[0m
[40.482s] [ 71%] [32mBuilding CXX object CMakeFiles/rmw_fastrtps_shared_cpp.dir/src/rmw_wait.cpp.o[0m
[44.016s] [ 74%] [32mBuilding CXX object CMakeFiles/rmw_fastrtps_shared_cpp.dir/src/TypeSupport_impl.cpp.o[0m
[45.805s] [ 77%] [32mBuilding CXX object CMakeFiles/rmw_fastrtps_shared_cpp.dir/src/rmw_wait_set.cpp.o[0m
[46.621s] [ 80%] [32mBuilding CXX object CMakeFiles/rmw_fastrtps_shared_cpp.dir/src/custom_subscriber_info.cpp.o[0m
[48.619s] [ 82%] [32m[1mLinking CXX shared library librmw_fastrtps_shared_cpp.so[0m
[48.904s] [ 82%] Built target rmw_fastrtps_shared_cpp
[48.920s] [35m[1mScanning dependencies of target gtest_main[0m
[48.949s] [ 85%] [32mBuilding CXX object gtest/CMakeFiles/gtest_main.dir/src/gtest_main.cc.o[0m
[49.821s] [ 88%] [32m[1mLinking CXX static library libgtest_main.a[0m
[49.871s] [ 88%] Built target gtest_main
[49.886s] [35m[1mScanning dependencies of target gtest[0m
[49.920s] [ 91%] [32mBuilding CXX object gtest/CMakeFiles/gtest.dir/src/gtest-all.cc.o[0m
[53.852s] [ 94%] [32m[1mLinking CXX static library libgtest.a[0m
[53.932s] [ 94%] Built target gtest
[53.947s] [35m[1mScanning dependencies of target test_dds_attributes_to_rmw_qos[0m
[53.989s] [ 97%] [32mBuilding CXX object test/CMakeFiles/test_dds_attributes_to_rmw_qos.dir/test_dds_attributes_to_rmw_qos.cpp.o[0m
[56.202s] [100%] [32m[1mLinking CXX executable test_dds_attributes_to_rmw_qos[0m
[56.537s] [100%] Built target test_dds_attributes_to_rmw_qos
[56.748s] [  5%] Built target gtest
[56.778s] [ 11%] Built target gtest_main
[56.825s] [ 94%] Built target rmw_fastrtps_shared_cpp
[56.869s] [100%] Built target test_dds_attributes_to_rmw_qos
[56.926s] [36mInstall the project...[0m
[56.942s] -- Install configuration: ""
[56.942s] -- Installing: /opt/workspace/install/rmw_fastrtps_shared_cpp/share/rmw_fastrtps_shared_cpp/environment/library_path.sh
[56.943s] -- Installing: /opt/workspace/install/rmw_fastrtps_shared_cpp/share/rmw_fastrtps_shared_cpp/environment/library_path.dsv
[56.943s] -- Installing: /opt/workspace/install/rmw_fastrtps_shared_cpp/share/ament_index/resource_index/package_run_dependencies/rmw_fastrtps_shared_cpp
[56.943s] -- Installing: /opt/workspace/install/rmw_fastrtps_shared_cpp/share/ament_index/resource_index/parent_prefix_path/rmw_fastrtps_shared_cpp
[56.943s] -- Installing: /opt/workspace/install/rmw_fastrtps_shared_cpp/share/rmw_fastrtps_shared_cpp/environment/ament_prefix_path.sh
[56.944s] -- Installing: /opt/workspace/install/rmw_fastrtps_shared_cpp/share/rmw_fastrtps_shared_cpp/environment/ament_prefix_path.dsv
[56.944s] -- Installing: /opt/workspace/install/rmw_fastrtps_shared_cpp/share/rmw_fastrtps_shared_cpp/environment/path.sh
[56.944s] -- Installing: /opt/workspace/install/rmw_fastrtps_shared_cpp/share/rmw_fastrtps_shared_cpp/environment/path.dsv
[56.944s] -- Installing: /opt/workspace/install/rmw_fastrtps_shared_cpp/share/rmw_fastrtps_shared_cpp/local_setup.bash
[56.945s] -- Installing: /opt/workspace/install/rmw_fastrtps_shared_cpp/share/rmw_fastrtps_shared_cpp/local_setup.sh
[56.945s] -- Installing: /opt/workspace/install/rmw_fastrtps_shared_cpp/share/rmw_fastrtps_shared_cpp/local_setup.zsh
[56.945s] -- Installing: /opt/workspace/install/rmw_fastrtps_shared_cpp/share/rmw_fastrtps_shared_cpp/local_setup.dsv
[56.945s] -- Installing: /opt/workspace/install/rmw_fastrtps_shared_cpp/share/rmw_fastrtps_shared_cpp/package.dsv
[56.945s] -- Installing: /opt/workspace/install/rmw_fastrtps_shared_cpp/share/ament_index/resource_index/packages/rmw_fastrtps_shared_cpp
[56.946s] -- Installing: /opt/workspace/install/rmw_fastrtps_shared_cpp/share/rmw_fastrtps_shared_cpp/cmake/ament_cmake_export_include_directories-extras.cmake
[56.946s] -- Installing: /opt/workspace/install/rmw_fastrtps_shared_cpp/share/rmw_fastrtps_shared_cpp/cmake/ament_cmake_export_libraries-extras.cmake
[56.946s] -- Installing: /opt/workspace/install/rmw_fastrtps_shared_cpp/share/rmw_fastrtps_shared_cpp/cmake/ament_cmake_export_dependencies-extras.cmake
[56.946s] -- Installing: /opt/workspace/install/rmw_fastrtps_shared_cpp/share/rmw_fastrtps_shared_cpp/cmake/rmw_fastrtps_shared_cpp-extras.cmake
[56.947s] -- Installing: /opt/workspace/install/rmw_fastrtps_shared_cpp/share/rmw_fastrtps_shared_cpp/cmake/rmw_fastrtps_shared_cppConfig.cmake
[56.947s] -- Installing: /opt/workspace/install/rmw_fastrtps_shared_cpp/share/rmw_fastrtps_shared_cpp/cmake/rmw_fastrtps_shared_cppConfig-version.cmake
[56.947s] -- Installing: /opt/workspace/install/rmw_fastrtps_shared_cpp/share/rmw_fastrtps_shared_cpp/package.xml
[56.948s] -- Installing: /opt/workspace/install/rmw_fastrtps_shared_cpp/include
[56.948s] -- Installing: /opt/workspace/install/rmw_fastrtps_shared_cpp/include/rmw_fastrtps_shared_cpp
[56.948s] -- Installing: /opt/workspace/install/rmw_fastrtps_shared_cpp/include/rmw_fastrtps_shared_cpp/names.hpp
[56.948s] -- Installing: /opt/workspace/install/rmw_fastrtps_shared_cpp/include/rmw_fastrtps_shared_cpp/TypeSupport.hpp
[56.949s] -- Installing: /opt/workspace/install/rmw_fastrtps_shared_cpp/include/rmw_fastrtps_shared_cpp/ServiceTypeSupport.hpp
[56.949s] -- Installing: /opt/workspace/install/rmw_fastrtps_shared_cpp/include/rmw_fastrtps_shared_cpp/visibility_control.h
[56.949s] -- Installing: /opt/workspace/install/rmw_fastrtps_shared_cpp/include/rmw_fastrtps_shared_cpp/custom_service_info.hpp
[56.949s] -- Installing: /opt/workspace/install/rmw_fastrtps_shared_cpp/include/rmw_fastrtps_shared_cpp/rmw_common.hpp
[56.950s] -- Installing: /opt/workspace/install/rmw_fastrtps_shared_cpp/include/rmw_fastrtps_shared_cpp/namespace_prefix.hpp
[56.950s] -- Installing: /opt/workspace/install/rmw_fastrtps_shared_cpp/include/rmw_fastrtps_shared_cpp/custom_client_info.hpp
[56.950s] -- Installing: /opt/workspace/install/rmw_fastrtps_shared_cpp/include/rmw_fastrtps_shared_cpp/custom_publisher_info.hpp
[56.950s] -- Installing: /opt/workspace/install/rmw_fastrtps_shared_cpp/include/rmw_fastrtps_shared_cpp/custom_subscriber_info.hpp
[56.950s] -- Installing: /opt/workspace/install/rmw_fastrtps_shared_cpp/include/rmw_fastrtps_shared_cpp/qos.hpp
[56.951s] -- Installing: /opt/workspace/install/rmw_fastrtps_shared_cpp/include/rmw_fastrtps_shared_cpp/MessageTypeSupport.hpp
[56.951s] -- Installing: /opt/workspace/install/rmw_fastrtps_shared_cpp/include/rmw_fastrtps_shared_cpp/custom_event_info.hpp
[56.951s] -- Installing: /opt/workspace/install/rmw_fastrtps_shared_cpp/include/rmw_fastrtps_shared_cpp/custom_participant_info.hpp
[56.951s] -- Installing: /opt/workspace/install/rmw_fastrtps_shared_cpp/include/rmw_fastrtps_shared_cpp/topic_cache.hpp
[56.951s] -- Installing: /opt/workspace/install/rmw_fastrtps_shared_cpp/lib/librmw_fastrtps_shared_cpp.so
[56.952s] -- Set runtime path of "/opt/workspace/install/rmw_fastrtps_shared_cpp/lib/librmw_fastrtps_shared_cpp.so" to ""
